2021-07-28 12:47:28 UTC Imported #12914520 0xea38…14f6 (216 txs, 14.98 Mgas, 35249 ms, 85.27 KiB)
2021-07-28 12:47:28 UTC  Ancient:#6996354 AB:#6999804   27/50 peers      5 MiB chain  0 bytes queue  RPC:  0 conn,    0 req/s,    0 µs
2021-07-28 12:47:59 UTC Syncing #12914520 0xea38…14f6     0.00 blk/s    0.0 tx/s    0.0 Mgas/s      0+    5 Qed Ancient:#6996383 LI:#12914525   27/50 peers      5 MiB chain    1 MiB queue  RPC:  0 conn,    0 req/s,    0 µs
2021-07-28 12:48:12 UTC Syncing #12914521 0x6a30…1e3c     0.07 blk/s   17.6 tx/s    1.1 Mgas/s      0+    6 Qed Ancient:#6996383 LI:#12914526   27/50 peers      5 MiB chain    1 MiB queue  RPC:  0 conn,    0 req/s,    0 µs
2021-07-28 12:48:19 UTC Syncing #12914521 0x6a30…1e3c     0.00 blk/s    0.0 tx/s    0.0 Mgas/s      0+    7 Qed Ancient:#6996539 LI:#12914527   27/50 peers      5 MiB chain    2 MiB queue  RPC:  0 conn,    0 req/s,    0 µs
2021-07-28 12:48:20 UTC Syncing #12914521 0x6a30…1e3c     0.00 blk/s    0.0 tx/s    0.0 Mgas/s      0+    8 Qed Ancient:#6996560 LI:#12914528   27/50 peers      5 MiB chain    2 MiB queue  RPC:  0 conn,    0 req/s,    0 µs
2021-07-28 12:48:20 UTC Syncing #12914521 0x6a30…1e3c     0.00 blk/s    0.0 tx/s    0.0 Mgas/s      0+    8 Qed Ancient:#6996560 LI:#12914528   27/50 peers      5 MiB chain    2 MiB queue  RPC:  0 conn,    0 req/s,    0 µs
2021-07-28 12:48:26 UTC Syncing #12914521 0x6a30…1e3c     0.00 blk/s    0.0 tx/s    0.0 Mgas/s      0+    7 Qed Ancient:#6996561 LI:#12914528   27/50 peers      5 MiB chain    2 MiB queue  RPC:  0 conn,    0 req/s,    0 µs
2021-07-28 12:48:31 UTC Syncing #12914521 0x6a30…1e3c     0.00 blk/s    0.0 tx/s    0.0 Mgas/s      0+    9 Qed Ancient:#6996561 LI:#12914530   27/50 peers      5 MiB chain    2 MiB queue  RPC:  0 conn,    0 req/s,    0 µs
2021-07-28 12:48:36 UTC Syncing #12914522 0x73b0…ccc8     0.20 blk/s   46.8 tx/s    2.9 Mgas/s      0+    8 Qed Ancient:#6996562 LI:#12914530   27/50 peers      5 MiB chain    2 MiB queue  RPC:  0 conn,    0 req/s,    0 µs
2021-07-28 12:48:41 UTC Syncing #12914522 0x73b0…ccc8     0.20 blk/s   45.6 tx/s    2.9 Mgas/s      0+    7 Qed Ancient:#6996563 LI:#12914530   26/50 peers      5 MiB chain    1 MiB queue  RPC:  0 conn,    0 req/s,    0 µs
2021-07-28 12:48:46 UTC Syncing #12914522 0x73b0…ccc8     0.00 blk/s    0.0 tx/s    0.0 Mgas/s      0+    7 Qed Ancient:#6996563 LI:#12914530   26/50 peers      5 MiB chain    1 MiB queue  RPC:  0 conn,    0 req/s,    0 µs
2021-07-28 12:48:51 UTC Syncing #12914522 0x73b0…ccc8     0.00 blk/s    0.0 tx/s    0.0 Mgas/s      0+    7 Qed Ancient:#6996563 LI:#12914530   26/50 peers      5 MiB chain    1 MiB queue  RPC:  0 conn,    0 req/s,    0 µs
2021-07-28 12:48:56 UTC Syncing #12914522 0x73b0…ccc8     0.00 blk/s    0.0 tx/s    0.0 Mgas/s      0+    7 Qed Ancient:#6996563 LI:#12914530   26/50 peers      5 MiB chain    1 MiB queue  RPC:  0 conn,    0 req/s,    0 µs
2021-07-28 12:49:01 UTC Syncing #12914522 0x73b0…ccc8     0.00 blk/s    0.0 tx/s    0.0 Mgas/s      0+    8 Qed Ancient:#6996563 LI:#12914531   26/50 peers      5 MiB chain    2 MiB queue  RPC:  0 conn,    0 req/s,    0 µs
2021-07-28 12:49:06 UTC Syncing #12914523 0x2477…7652     0.20 blk/s   45.2 tx/s    3.0 Mgas/s      0+    7 Qed Ancient:#6996564 LI:#12914531   26/50 peers      5 MiB chain    1 MiB queue  RPC:  0 conn,    0 req/s,    0 µs
2021-07-28 12:49:11 UTC Syncing #12914523 0x2477…7652     0.00 blk/s    0.0 tx/s    0.0 Mgas/s      0+    7 Qed Ancient:#6996564 LI:#12914531   26/50 peers      5 MiB chain    1 MiB queue  RPC:  0 conn,    0 req/s,    0 µs
2021-07-28 12:49:16 UTC Syncing #12914523 0x2477…7652     0.00 blk/s    0.0 tx/s    0.0 Mgas/s      0+    7 Qed Ancient:#6996564 LI:#12914531   26/50 peers      5 MiB chain    1 MiB queue  RPC:  0 conn,    0 req/s,    0 µs
2021-07-28 12:49:21 UTC Syncing #12914523 0x2477…7652     0.00 blk/s    0.0 tx/s    0.0 Mgas/s      0+    7 Qed Ancient:#6996564 LI:#12914531   26/50 peers      5 MiB chain    1 MiB queue  RPC:  0 conn,    0 req/s,    0 µs
2021-07-28 12:49:26 UTC Syncing #12914524 0x6b8a…ce62     0.20 blk/s   45.6 tx/s    3.0 Mgas/s      0+    6 Qed Ancient:#6996565 LI:#12914531   26/50 peers      5 MiB chain    1 MiB queue  RPC:  0 conn,    0 req/s,    0 µs
2021-07-28 12:49:31 UTC Syncing #12914524 0x6b8a…ce62     0.00 blk/s    0.0 tx/s    0.0 Mgas/s      0+    6 Qed Ancient:#6996565 LI:#12914532   25/25 peers      5 MiB chain    1 MiB queue  RPC:  0 conn,    0 req/s,    0 µs
2021-07-28 12:49:36 UTC Syncing #12914524 0x6b8a…ce62     0.00 blk/s    0.0 tx/s    0.0 Mgas/s      0+    7 Qed Ancient:#6996565 LI:#12914532   25/25 peers      5 MiB chain    1 MiB queue  RPC:  0 conn,    0 req/s,    0 µs
2021-07-28 12:49:41 UTC Syncing #12914524 0x6b8a…ce62     0.00 blk/s    0.0 tx/s    0.0 Mgas/s      0+    7 Qed Ancient:#6996565 LI:#12914532   25/25 peers      5 MiB chain    1 MiB queue  RPC:  0 conn,    0 req/s,    0 µs
2021-07-28 12:49:46 UTC Syncing #12914524 0x6b8a…ce62     0.00 blk/s    0.0 tx/s    0.0 Mgas/s      0+    8 Qed Ancient:#6996565 LI:#12914533   26/50 peers      5 MiB chain    2 MiB queue  RPC:  0 conn,    0 req/s,    0 µs
2021-07-28 12:49:51 UTC Syncing #12914524 0x6b8a…ce62     0.00 blk/s    0.0 tx/s    0.0 Mgas/s      0+    8 Qed Ancient:#6996565 LI:#12914533   25/25 peers      5 MiB chain    2 MiB queue  RPC:  0 conn,    0 req/s,    0 µs
2021-07-28 12:49:56 UTC Syncing #12914525 0x1644…37a3     0.20 blk/s   35.6 tx/s    3.0 Mgas/s      0+    7 Qed Ancient:#6996566 LI:#12914533   25/25 peers      5 MiB chain    1 MiB queue  RPC:  0 conn,    0 req/s,    0 µs
2021-07-28 12:50:01 UTC Syncing #12914525 0x1644…37a3     0.00 blk/s    0.0 tx/s    0.0 Mgas/s      0+    7 Qed Ancient:#6996566 LI:#12914533   25/25 peers      5 MiB chain    1 MiB queue  RPC:  0 conn,    0 req/s,    0 µs
2021-07-28 12:50:06 UTC Syncing #12914525 0x1644…37a3     0.00 blk/s    0.0 tx/s    0.0 Mgas/s      0+    7 Qed Ancient:#6996566 LI:#12914533   25/25 peers      5 MiB chain    1 MiB queue  RPC:  0 conn,    0 req/s,    0 µs
2021-07-28 12:50:11 UTC Syncing #12914525 0x1644…37a3     0.00 blk/s    0.0 tx/s    0.0 Mgas/s      0+    9 Qed Ancient:#6996566 LI:#12914535   25/25 peers      5 MiB chain    2 MiB queue  RPC:  0 conn,    0 req/s,    0 µs
2021-07-28 12:50:16 UTC Syncing #12914526 0x7843…105e     0.20 blk/s   35.2 tx/s    3.0 Mgas/s      0+    9 Qed Ancient:#6996568 LI:#12914536   25/25 peers      5 MiB chain    2 MiB queue  RPC:  0 conn,    0 req/s,    0 µs
2021-07-28 12:50:22 UTC Syncing #12914526 0x7843…105e     0.00 blk/s    0.0 tx/s    0.0 Mgas/s      0+    9 Qed Ancient:#6996568 LI:#12914536   25/25 peers      5 MiB chain    2 MiB queue  RPC:  0 conn,    0 req/s,    0 µs
2021-07-28 12:50:26 UTC Syncing #12914526 0x7843…105e     0.00 blk/s    0.0 tx/s    0.0 Mgas/s      0+    9 Qed Ancient:#6996568 LI:#12914536   25/25 peers      5 MiB chain    2 MiB queue  RPC:  0 conn,    0 req/s,    0 µs
2021-07-28 12:50:31 UTC Syncing #12914527 0xe6f3…ca09     0.20 blk/s   41.4 tx/s    3.0 Mgas/s      0+    8 Qed Ancient:#6996570 LI:#12914536   25/25 peers      5 MiB chain    2 MiB queue  RPC:  0 conn,    0 req/s,    0 µs
2021-07-28 12:50:36 UTC Syncing #12914527 0xe6f3…ca09     0.00 blk/s    0.0 tx/s    0.0 Mgas/s      0+    8 Qed Ancient:#6996570 LI:#12914536   25/25 peers      5 MiB chain    2 MiB queue  RPC:  0 conn,    0 req/s,    0 µs
2021-07-28 12:50:41 UTC Syncing #12914527 0xe6f3…ca09     0.00 blk/s    0.0 tx/s    0.0 Mgas/s      0+    8 Qed Ancient:#6996570 LI:#12914536   25/25 peers      5 MiB chain    2 MiB queue  RPC:  0 conn,    0 req/s,    0 µs
2021-07-28 12:50:47 UTC Syncing #12914528 0x11e5…9596     0.20 blk/s   43.2 tx/s    3.0 Mgas/s      0+    7 Qed Ancient:#6996571 LI:#12914536   27/50 peers      5 MiB chain    1 MiB queue  RPC:  0 conn,    0 req/s,    0 µs
2021-07-28 12:50:51 UTC Syncing #12914528 0x11e5…9596     0.00 blk/s    0.0 tx/s    0.0 Mgas/s      0+    7 Qed Ancient:#6996571 LI:#12914536   27/50 peers      5 MiB chain    1 MiB queue  RPC:  0 conn,    0 req/s,    0 µs
2021-07-28 12:50:56 UTC Syncing #12914529 0x8f1d…4ed2     0.20 blk/s   38.6 tx/s    3.0 Mgas/s      0+    6 Qed Ancient:#6996572 LI:#12914536   26/50 peers      5 MiB chain    1 MiB queue  RPC:  0 conn,    0 req/s,    0 µs
2021-07-28 12:51:01 UTC Syncing #12914530 0x9ee1…9ac0     0.20 blk/s   40.6 tx/s    3.0 Mgas/s      0+    5 Qed Ancient:#6996573 LI:#12914536   26/50 peers      5 MiB chain    1 MiB queue  RPC:  0 conn,    0 req/s,    0 µs
2021-07-28 12:51:06 UTC Syncing #12914530 0x9ee1…9ac0     0.00 blk/s    0.0 tx/s    0.0 Mgas/s      0+    5 Qed Ancient:#6996573 LI:#12914536   26/50 peers      5 MiB chain    1 MiB queue  RPC:  0 conn,    0 req/s,    0 µs
2021-07-28 12:51:11 UTC Syncing #12914531 0x2a1d…0755     0.20 blk/s   41.6 tx/s    3.0 Mgas/s      0+    5 Qed Ancient:#6996574 LI:#12914537   27/50 peers      5 MiB chain    1 MiB queue  RPC:  0 conn,    0 req/s,    0 µs
2021-07-28 12:51:16 UTC Syncing #12914531 0x2a1d…0755     0.00 blk/s    0.0 tx/s    0.0 Mgas/s      0+    5 Qed Ancient:#6996574 LI:#12914537   27/50 peers      5 MiB chain    1 MiB queue  RPC:  0 conn,    0 req/s,    0 µs
2021-07-28 12:51:21 UTC Syncing #12914532 0x71dd…a26f     0.20 blk/s   49.6 tx/s    3.0 Mgas/s      0+    4 Qed Ancient:#6996575 LI:#12914537   27/50 peers      5 MiB chain  839 KiB queue  RPC:  0 conn,    0 req/s,    0 µs
2021-07-28 12:51:26 UTC Syncing #12914532 0x71dd…a26f     0.00 blk/s    0.0 tx/s    0.0 Mgas/s      0+    4 Qed Ancient:#6996575 LI:#12914537   26/50 peers      5 MiB chain  839 KiB queue  RPC:  0 conn,    0 req/s,    0 µs
2021-07-28 12:51:56 UTC  Ancient:#6996579 AB:#6999918   26/50 peers      5 MiB chain  427 KiB queue  RPC:  0 conn,    0 req/s,    0 µs
2021-07-28 12:52:26 UTC  Ancient:#6996581 AB:#6999918   25/25 peers      5 MiB chain  428 KiB queue  RPC:  0 conn,    0 req/s,    0 µs
2021-07-28 12:52:40 UTC Imported #12914540 0x544d…ff22 (223 txs, 15.00 Mgas, 9097 ms, 69.41 KiB)
2021-07-28 12:52:56 UTC  Ancient:#6997354 AB:#7000659   27/50 peers      8 MiB chain  510 KiB queue  RPC:  0 conn,    0 req/s,    0 µs
2021-07-28 12:53:26 UTC  Ancient:#6997358 AB:#7000659   27/50 peers      5 MiB chain  0 bytes queue  RPC:  0 conn,    0 req/s,    0 µs
2021-07-28 12:53:32 UTC Imported #12914546 0xe877…a64f (128 txs, 14.99 Mgas, 7425 ms, 45.44 KiB)