INFO [05-09|13:33:14.992] Initializing state bloom                 items=215490386 errorrate=0.000 elapsed=14m2.319s
INFO [05-09|13:33:15.143] Imported new state entries               count=779 elapsed=5.220ms     processed=572858469 pending=64214 trieretry=0    coderetry=0 duplicate=0 unexpected=1020
INFO [05-09|13:33:15.530] Upgrading chain index                    type=bloombits               percentage=75
INFO [05-09|13:33:15.689] Imported new block headers               count=1   elapsed=434.511ms   number=12400430 hash="e9539b…3cffc0" age=1m39s
INFO [05-09|13:33:18.975] Looking for peers                        peercount=35 tried=3 static=0
INFO [05-09|13:33:22.994] Initializing state bloom                 items=215491623 errorrate=0.000 elapsed=14m10.320s
INFO [05-09|13:33:23.788] Upgrading chain index                    type=bloombits               percentage=76
INFO [05-09|13:33:28.988] Looking for peers                        peercount=35 tried=5 static=0
INFO [05-09|13:33:30.965] Imported new block headers               count=1   elapsed=169.381ms   number=12400431 hash="c63669…983717" age=1m43s
INFO [05-09|13:33:31.028] Initializing state bloom                 items=215491623 errorrate=0.000 elapsed=14m18.354s
INFO [05-09|13:33:32.690] Upgrading chain index                    type=bloombits               percentage=76
INFO [05-09|13:33:34.047] Imported new block headers               count=1   elapsed=60.313ms    number=12400432 hash="d50e4b…a011f8"
WARN [05-09|13:33:37.565] Dropping unsynced node during sync       id=486e27127e92d00f conn=inbound addr=61.141.255.61:32952   type=OpenEthereum/v3.2.4-...
INFO [05-09|13:33:39.007] Looking for peers                        peercount=34 tried=4 static=0
INFO [05-09|13:33:39.028] Initializing state bloom                 items=215491623 errorrate=0.000 elapsed=14m26.354s
INFO [05-09|13:33:41.019] Upgrading chain index                    type=bloombits               percentage=77
INFO [05-09|13:33:47.035] Initializing state bloom                 items=215491623 errorrate=0.000 elapsed=14m34.361s
INFO [05-09|13:33:47.090] Imported new state entries               count=384 elapsed="63.1µs"    processed=572858853 pending=64599 trieretry=0    coderetry=0 duplicate=0 unexpected=1020
INFO [05-09|13:33:49.009] Looking for peers                        peercount=35 tried=5 static=0
INFO [05-09|13:33:49.287] Upgrading chain index                    type=bloombits               percentage=78
INFO [05-09|13:33:55.055] Initializing state bloom                 items=215491627 errorrate=0.000 elapsed=14m42.381s
INFO [05-09|13:33:57.482] Upgrading chain index                    type=bloombits               percentage=78
INFO [05-09|13:33:59.020] Looking for peers                        peercount=35 tried=3 static=0