INFO [05-09|13:32:07.955] Looking for peers                        peercount=35 tried=4 static=0
INFO [05-09|13:32:08.470] Upgrading chain index                    type=bloombits               percentage=70
INFO [05-09|13:32:09.942] Initializing state bloom                 items=215490386 errorrate=0.000 elapsed=12m57.268s
INFO [05-09|13:32:16.778] Upgrading chain index                    type=bloombits               percentage=71
INFO [05-09|13:32:17.950] Initializing state bloom                 items=215490386 errorrate=0.000 elapsed=13m5.276s
INFO [05-09|13:32:17.975] Looking for peers                        peercount=35 tried=4 static=0
INFO [05-09|13:32:25.013] Upgrading chain index                    type=bloombits               percentage=71
INFO [05-09|13:32:25.951] Initializing state bloom                 items=215490386 errorrate=0.000 elapsed=13m13.278s
INFO [05-09|13:32:27.980] Looking for peers                        peercount=35 tried=4 static=0
INFO [05-09|13:32:28.134] Imported new state entries               count=384 elapsed="4.6µs"     processed=572857306 pending=64543 trieretry=0    coderetry=0 duplicate=0 unexpected=1018
INFO [05-09|13:32:33.220] Upgrading chain index                    type=bloombits               percentage=72
INFO [05-09|13:32:33.955] Initializing state bloom                 items=215490386 errorrate=0.000 elapsed=13m21.281s
INFO [05-09|13:32:37.983] Looking for peers                        peercount=35 tried=4 static=0
INFO [05-09|13:32:38.552] Imported new block headers               count=1   elapsed=519.408ms   number=12400429 hash="b70608…792e73" age=1m24s
INFO [05-09|13:32:39.082] Downloader queue stats                   receiptTasks=0 blockTasks=0 itemSize=281.63KiB throttle=233
INFO [05-09|13:32:41.524] Upgrading chain index                    type=bloombits               percentage=73
INFO [05-09|13:32:41.955] Initializing state bloom                 items=215490386 errorrate=0.000 elapsed=13m29.282s
INFO [05-09|13:32:47.984] Looking for peers                        peercount=35 tried=4 static=0
INFO [05-09|13:32:49.589] Upgrading chain index                    type=bloombits               percentage=73
INFO [05-09|13:32:49.956] Initializing state bloom                 items=215490386 errorrate=0.000 elapsed=13m37.282s
INFO [05-09|13:32:58.014] Looking for peers                        peercount=35 tried=4 static=0
INFO [05-09|13:32:58.593] Initializing state bloom                 items=215490386 errorrate=0.000 elapsed=13m45.919s
INFO [05-09|13:32:59.167] Upgrading chain index                    type=bloombits               percentage=74
INFO [05-09|13:33:04.351] Imported new state entries               count=384 elapsed="2.4µs"     processed=572857690 pending=64962 trieretry=2    coderetry=0 duplicate=0 unexpected=1018
INFO [05-09|13:33:06.597] Imported new state entries               count=0   elapsed="8.401µs"   processed=572857690 pending=64363 trieretry=2    coderetry=0 duplicate=0 unexpected=1020
INFO [05-09|13:33:06.957] Initializing state bloom                 items=215490386 errorrate=0.000 elapsed=13m54.283s
INFO [05-09|13:33:07.287] Upgrading chain index                    type=bloombits               percentage=74
INFO [05-09|13:33:08.963] Looking for peers                        peercount=35 tried=3 static=0
INFO [05-09|13:33:14.992] Initializing state bloom                 items=215490386 errorrate=0.000 elapsed=14m2.319s
INFO [05-09|13:33:15.143] Imported new state entries               count=779 elapsed=5.220ms     processed=572858469 pending=64214 trieretry=0    coderetry=0 duplicate=0 unexpected=1020
INFO [05-09|13:33:15.530] Upgrading chain index                    type=bloombits               percentage=75
INFO [05-09|13:33:15.689] Imported new block headers               count=1   elapsed=434.511ms   number=12400430 hash="e9539b…3cffc0" age=1m39s
INFO [05-09|13:33:18.975] Looking for peers                        peercount=35 tried=3 static=0
INFO [05-09|13:33:22.994] Initializing state bloom                 items=215491623 errorrate=0.000 elapsed=14m10.320s
INFO [05-09|13:33:23.788] Upgrading chain index                    type=bloombits               percentage=76
INFO [05-09|13:33:28.988] Looking for peers                        peercount=35 tried=5 static=0
INFO [05-09|13:33:30.965] Imported new block headers               count=1   elapsed=169.381ms   number=12400431 hash="c63669…983717" age=1m43s
INFO [05-09|13:33:31.028] Initializing state bloom                 items=215491623 errorrate=0.000 elapsed=14m18.354s