INFO [05-09|13:33:47.035] Initializing state bloom                 items=215491623 errorrate=0.000 elapsed=14m34.361s
INFO [05-09|13:33:47.090] Imported new state entries               count=384 elapsed="63.1µs"    processed=572858853 pending=64599 trieretry=0    coderetry=0 duplicate=0 unexpected=1020
INFO [05-09|13:33:49.009] Looking for peers                        peercount=35 tried=5 static=0
INFO [05-09|13:33:49.287] Upgrading chain index                    type=bloombits               percentage=78
INFO [05-09|13:33:55.055] Initializing state bloom                 items=215491627 errorrate=0.000 elapsed=14m42.381s
INFO [05-09|13:33:57.482] Upgrading chain index                    type=bloombits               percentage=78
INFO [05-09|13:33:59.020] Looking for peers                        peercount=35 tried=3 static=0
INFO [05-09|13:34:03.078] Initializing state bloom                 items=215491627 errorrate=0.000 elapsed=14m50.404s
INFO [05-09|13:34:05.053] Imported new block headers               count=1   elapsed=46.220ms    number=12400433 hash="43f8ea…43c26c"
INFO [05-09|13:34:05.308] Downloader queue stats                   receiptTasks=0 blockTasks=0 itemSize=283.67KiB throttle=232
INFO [05-09|13:34:05.722] Upgrading chain index                    type=bloombits               percentage=79
INFO [05-09|13:34:08.295] Imported new block headers               count=1   elapsed=98.140ms    number=12400434 hash="517a36…0a8d03"
INFO [05-09|13:34:09.083] Looking for peers                        peercount=36 tried=2 static=0
INFO [05-09|13:34:11.078] Initializing state bloom                 items=215491627 errorrate=0.000 elapsed=14m58.404s
INFO [05-09|13:34:13.754] Upgrading chain index                    type=bloombits               percentage=80
INFO [05-09|13:34:17.564] Imported new block headers               count=1   elapsed=20.221ms    number=12400435 hash="092f50…72fd12"
INFO [05-09|13:34:19.081] Initializing state bloom                 items=215491627 errorrate=0.000 elapsed=15m6.407s
INFO [05-09|13:34:19.090] Looking for peers                        peercount=36 tried=7 static=0
INFO [05-09|13:34:21.531] Imported new state entries               count=407 elapsed="49.7µs"    processed=572859260 pending=65032 trieretry=0    coderetry=0 duplicate=0 unexpected=1020
WARN [05-09|13:34:21.534] Stalling state sync, dropping peer       peer=573ab45a0f04b817f428677052ebc536fcdb228b0e378f4f404cf186a48d85fc
ERROR[05-09|13:34:21.534] Ethereum peer removal failed             peer=573ab45a err="peer not registered"
INFO [05-09|13:34:21.948] Upgrading chain index                    type=bloombits               percentage=80
INFO [05-09|13:34:23.809] Imported new block headers               count=1   elapsed=15.427ms    number=12400436 hash="385220…8de77e"
INFO [05-09|13:34:27.082] Initializing state bloom                 items=215491630 errorrate=0.000 elapsed=15m14.408s
INFO [05-09|13:34:30.020] Upgrading chain index                    type=bloombits               percentage=81
INFO [05-09|13:34:33.621] Looking for peers                        peercount=36 tried=0 static=0
INFO [05-09|13:34:35.085] Initializing state bloom                 items=215491630 errorrate=0.000 elapsed=15m22.412s
INFO [05-09|13:34:38.365] Upgrading chain index                    type=bloombits               percentage=82
INFO [05-09|13:34:43.086] Initializing state bloom                 items=215873161 errorrate=0.000 elapsed=15m30.412s
INFO [05-09|13:34:43.636] Looking for peers                        peercount=36 tried=5 static=0
INFO [05-09|13:34:46.381] Upgrading chain index                    type=bloombits               percentage=82
INFO [05-09|13:34:51.086] Initializing state bloom                 items=217694437 errorrate=0.000 elapsed=15m38.412s
INFO [05-09|13:34:51.727] Imported new block headers               count=1   elapsed=23.266ms    number=12400437 hash="a1c10c…bd527b"
INFO [05-09|13:34:54.680] Upgrading chain index                    type=bloombits               percentage=83
INFO [05-09|13:34:59.087] Initializing state bloom                 items=218260123 errorrate=0.000 elapsed=15m46.413s
INFO [05-09|13:35:02.986] Upgrading chain index                    type=bloombits               percentage=83
INFO [05-09|13:35:04.014] Imported new state entries               count=1099 elapsed=6.346ms     processed=572860359 pending=64337 trieretry=0    coderetry=0 duplicate=0 unexpected=1020
INFO [05-09|13:35:07.087] Initializing state bloom                 items=218792851 errorrate=0.000 elapsed=15m54.413s
INFO [05-09|13:35:11.299] Upgrading chain index                    type=bloombits               percentage=84
INFO [05-09|13:35:14.321] Imported new block headers               count=2    elapsed=846.494ms   number=12400439 hash="db325e…e54749"
INFO [05-09|13:35:14.610] Downloader queue stats                   receiptTasks=0 blockTasks=0 itemSize=278.37KiB throttle=236
INFO [05-09|13:35:15.097] Initializing state bloom                 items=219246168 errorrate=0.000 elapsed=16m2.423s
INFO [05-09|13:35:19.758] Upgrading chain index                    type=bloombits               percentage=84
INFO [05-09|13:35:23.100] Initializing state bloom                 items=219573012 errorrate=0.000 elapsed=16m10.426s
INFO [05-09|13:35:27.400] Imported new state entries               count=1152 elapsed=5.535ms     processed=572861511 pending=63292 trieretry=2    coderetry=0 duplicate=0 unexpected=1020
INFO [05-09|13:35:27.804] Upgrading chain index                    type=bloombits               percentage=85
INFO [05-09|13:35:31.102] Initializing state bloom                 items=220135831 errorrate=0.000 elapsed=16m18.428s
INFO [05-09|13:35:36.072] Upgrading chain index                    type=bloombits               percentage=86
INFO [05-09|13:35:38.422] Imported new block headers               count=1    elapsed=22.154ms    number=12400440 hash="d7b59f…f5a3e7"
INFO [05-09|13:35:39.109] Initializing state bloom                 items=221855675 errorrate=0.000 elapsed=16m26.436s
INFO [05-09|13:35:44.325] Upgrading chain index                    type=bloombits               percentage=86
INFO [05-09|13:35:47.110] Initializing state bloom                 items=223738437 errorrate=0.000 elapsed=16m34.436s
INFO [05-09|13:35:52.602] Upgrading chain index                    type=bloombits               percentage=87
INFO [05-09|13:35:55.110] Initializing state bloom                 items=225263311 errorrate=0.000 elapsed=16m42.436s
INFO [05-09|13:35:56.579] Imported new state entries               count=384  elapsed=7.991ms     processed=572861895 pending=63650 trieretry=0    coderetry=0 duplicate=0 unexpected=1020
INFO [05-09|13:36:00.841] Upgrading chain index                    type=bloombits               percentage=87
INFO [05-09|13:36:03.114] Initializing state bloom                 items=227102549 errorrate=0.000 elapsed=16m50.440s
INFO [05-09|13:36:06.621] Imported new block headers               count=1    elapsed=246.892ms   number=12400441 hash="6b2d05…4017d5"
INFO [05-09|13:36:09.094] Upgrading chain index                    type=bloombits               percentage=88
INFO [05-09|13:36:11.119] Initializing state bloom                 items=228847096 errorrate=0.000 elapsed=16m58.445s
INFO [05-09|13:36:17.415] Upgrading chain index                    type=bloombits               percentage=89
INFO [05-09|13:36:25.297] Imported new block headers               count=1    elapsed=170.555ms   number=12400442 hash="7cf93e…c0e395" age=1m14s
INFO [05-09|13:36:25.836] Upgrading chain index                    type=bloombits               percentage=89
INFO [05-09|13:36:26.016] Downloader queue stats                   receiptTasks=0 blockTasks=0 itemSize=258.96KiB throttle=254
INFO [05-09|13:36:33.862] Upgrading chain index                    type=bloombits               percentage=90
INFO [05-09|13:36:38.505] Imported new state entries               count=384  elapsed="2.5µs"     processed=572862279 pending=64042 trieretry=0    coderetry=0 duplicate=0 unexpected=1020
INFO [05-09|13:36:41.898] Upgrading chain index                    type=bloombits               percentage=90
INFO [05-09|13:36:47.796] Initializing state bloom                 items=228994529 errorrate=0.000 elapsed=17m35.122s
INFO [05-09|13:36:50.286] Upgrading chain index                    type=bloombits               percentage=91
INFO [05-09|13:36:55.820] Initializing state bloom                 items=229738542 errorrate=0.000 elapsed=17m43.146s
INFO [05-09|13:36:58.643] Upgrading chain index                    type=bloombits               percentage=91
INFO [05-09|13:37:02.788] Imported new block headers               count=1    elapsed=248.555ms   number=12400443 hash="28c22d…fa082b" age=1m26s
INFO [05-09|13:37:03.820] Initializing state bloom                 items=231420334 errorrate=0.000 elapsed=17m51.146s
INFO [05-09|13:37:05.778] Imported new state entries               count=384  elapsed="703.402µs" processed=572862663 pending=64272 trieretry=0    coderetry=0 duplicate=0 unexpected=1020
INFO [05-09|13:37:05.813] Imported new block headers               count=1    elapsed=28.282ms    number=12400444 hash="4dbc7b…f5056a" age=1m
INFO [05-09|13:37:06.754] Upgrading chain index                    type=bloombits               percentage=92
INFO [05-09|13:37:11.825] Initializing state bloom                 items=233143574 errorrate=0.000 elapsed=17m59.151s
INFO [05-09|13:37:12.130] Imported new block headers               count=1    elapsed=19.373ms    number=12400445 hash="96efd5…f380df"
INFO [05-09|13:37:15.078] Upgrading chain index                    type=bloombits               percentage=93
INFO [05-09|13:37:18.453] Imported new block headers               count=2    elapsed=32.930ms    number=12400447 hash="1de553…2fb053"
INFO [05-09|13:37:19.825] Initializing state bloom                 items=234882041 errorrate=0.000 elapsed=18m7.151s
INFO [05-09|13:37:23.332] Upgrading chain index                    type=bloombits               percentage=93
INFO [05-09|13:37:27.825] Initializing state bloom                 items=236686677 errorrate=0.000 elapsed=18m15.151s
INFO [05-09|13:37:31.376] Upgrading chain index                    type=bloombits               percentage=94
INFO [05-09|13:37:35.827] Initializing state bloom                 items=237802016 errorrate=0.000 elapsed=18m23.153s
INFO [05-09|13:37:40.108] Upgrading chain index                    type=bloombits               percentage=94
INFO [05-09|13:37:43.844] Initializing state bloom                 items=237808747 errorrate=0.000 elapsed=18m31.170s
INFO [05-09|13:37:48.173] Upgrading chain index                    type=bloombits               percentage=95
INFO [05-09|13:37:51.859] Initializing state bloom                 items=237824669 errorrate=0.000 elapsed=18m39.185s
INFO [05-09|13:37:53.281] Imported new state entries               count=384  elapsed="48.3µs"    processed=572863047 pending=64658 trieretry=0    coderetry=0 duplicate=0 unexpected=1020
INFO [05-09|13:37:56.234] Upgrading chain index                    type=bloombits               percentage=95
INFO [05-09|13:37:59.864] Initializing state bloom                 items=237840129 errorrate=0.000 elapsed=18m47.190s
INFO [05-09|13:38:04.529] Upgrading chain index                    type=bloombits               percentage=96
INFO [05-09|13:38:07.864] Initializing state bloom                 items=237853456 errorrate=0.000 elapsed=18m55.190s
INFO [05-09|13:38:12.758] Upgrading chain index                    type=bloombits               percentage=96
INFO [05-09|13:38:15.868] Initializing state bloom                 items=237867708 errorrate=0.000 elapsed=19m3.195s
INFO [05-09|13:38:21.026] Upgrading chain index                    type=bloombits               percentage=97
INFO [05-09|13:38:23.869] Initializing state bloom                 items=237883288 errorrate=0.000 elapsed=19m11.195s
INFO [05-09|13:38:29.146] Upgrading chain index                    type=bloombits               percentage=98
INFO [05-09|13:38:31.879] Initializing state bloom                 items=237904294 errorrate=0.000 elapsed=19m19.205s
INFO [05-09|13:38:33.904] Imported new block headers               count=1    elapsed=1.086s      number=12400448 hash="b0624a…c63114" age=1m22s
INFO [05-09|13:38:34.902] Downloader queue stats                   receiptTasks=0 blockTasks=0 itemSize=270.69KiB throttle=243
WARN [05-09|13:38:34.915] Pivot became stale, moving               old=12400322 new=12400386
INFO [05-09|13:38:35.508] Imported new block receipts              count=64   elapsed=592.064ms   number=12400385 hash="60a442…774fce" age=18m41s   size=7.27MiB
INFO [05-09|13:38:37.418] Upgrading chain index                    type=bloombits               percentage=98
INFO [05-09|13:38:39.405] Imported new block headers               count=1    elapsed=332.126ms   number=12400449 hash="ae259a…839a5e" age=1m22s
INFO [05-09|13:38:39.911] Initializing state bloom                 items=237918459 errorrate=0.000 elapsed=19m27.238s
INFO [05-09|13:38:41.780] New local node record                    seq=5 id=4b45e3f605e67703 ip=127.0.0.1   udp=30303 tcp=30303
INFO [05-09|13:38:43.928] Imported new state entries               count=384  elapsed="3.6µs"     processed=572863431 pending=65051 trieretry=0    coderetry=0 duplicate=0 unexpected=1020
INFO [05-09|13:38:45.383] Imported new block headers               count=1    elapsed=51.277ms    number=12400450 hash="2a03b6…df5810" age=1m27s
INFO [05-09|13:38:46.071] Upgrading chain index                    type=bloombits               percentage=99
INFO [05-09|13:38:47.939] Initializing state bloom                 items=237937513 errorrate=0.000 elapsed=19m35.265s
INFO [05-09|13:38:51.631] Imported new block headers               count=1    elapsed=9.516ms     number=12400451 hash="a452dd…6ebeb2"
INFO [05-09|13:38:51.724] Imported new block headers               count=1    elapsed=6.587ms     number=12400452 hash="a663df…0ecf2d"
INFO [05-09|13:38:54.601] Upgrading chain index                    type=bloombits               percentage=99
INFO [05-09|13:38:55.957] Initializing state bloom                 items=237955981 errorrate=0.000 elapsed=19m43.283s
INFO [05-09|13:39:02.712] Upgrading chain index                    type=bloombits               percentage=99
INFO [05-09|13:39:03.871] Finished upgrading chain index           type=bloombits
INFO [05-09|13:39:03.974] Initializing state bloom                 items=237974451 errorrate=0.000 elapsed=19m51.300s
INFO [05-09|13:39:05.028] Imported new state entries               count=384  elapsed="146.601µs" processed=572863815 pending=65414 trieretry=0    coderetry=0 duplicate=0 unexpected=1020