2021-07-28 13:18:25 UTC  Ancient:#7015561 AB:#7017241   20/25 peers    0 bytes chain  613 KiB queue  RPC:  0 conn,    0 req/s,    0 µs
2021-07-28 13:18:25 UTC  Ancient:#7015561 AB:#7017241   20/25 peers     77 KiB chain  407 KiB queue  RPC:  0 conn,    0 req/s,    0 µs
2021-07-28 13:18:55 UTC  Ancient:#7015563 AB:#7018192   17/25 peers    147 KiB chain  214 KiB queue  RPC:  0 conn,    0 req/s,    0 µs
2021-07-28 13:19:21 UTC Imported #12914657 0xd9b6…f8ac (238 txs, 15.00 Mgas, 15556 ms, 67.23 KiB)
2021-07-28 13:19:25 UTC  Ancient:#7015690 AB:#7018854   18/25 peers      2 MiB chain  0 bytes queue  RPC:  0 conn,    0 req/s,    0 µs
2021-07-28 13:19:57 UTC  Ancient:#7017240 AB:#7018854   17/25 peers      5 MiB chain  627 KiB queue  RPC:  0 conn,    0 req/s,    0 µs
2021-07-28 13:20:25 UTC Syncing #12914658 0x597e…ab46     0.04 blk/s    9.6 tx/s    0.5 Mgas/s      0+    4 Qed Ancient:#7017241 LI:#12914663   23/25 peers      5 MiB chain  780 KiB queue  RPC:  0 conn,    0 req/s,    0 µs
2021-07-28 13:20:30 UTC Syncing #12914658 0x597e…ab46     0.00 blk/s    0.0 tx/s    0.0 Mgas/s      0+    5 Qed Ancient:#7017241 LI:#12914664   23/25 peers      5 MiB chain  942 KiB queue  RPC:  0 conn,    0 req/s,    0 µs
2021-07-28 13:20:35 UTC Syncing #12914658 0x597e…ab46     0.00 blk/s    0.0 tx/s    0.0 Mgas/s      0+    5 Qed Ancient:#7017241 LI:#12914664   24/25 peers      5 MiB chain  942 KiB queue  RPC:  0 conn,    0 req/s,    0 µs
2021-07-28 13:20:41 UTC Syncing #12914658 0x597e…ab46     0.00 blk/s    0.0 tx/s    0.0 Mgas/s      0+    5 Qed Ancient:#7017241 LI:#12914664   21/25 peers      5 MiB chain  942 KiB queue  RPC:  0 conn,    0 req/s,    0 µs
2021-07-28 13:20:48 UTC Syncing #12914658 0x597e…ab46     0.00 blk/s    0.0 tx/s    0.0 Mgas/s      0+    5 Qed Ancient:#7017241 LI:#12914664   19/25 peers      5 MiB chain  942 KiB queue  RPC:  0 conn,    0 req/s,    0 µs
2021-07-28 13:20:50 UTC Syncing #12914659 0xe518…4c1d     0.20 blk/s   33.2 tx/s    3.0 Mgas/s      0+    4 Qed Ancient:#7017242 LI:#12914664   19/25 peers      5 MiB chain  745 KiB queue  RPC:  0 conn,    0 req/s,    0 µs
2021-07-28 13:20:55 UTC Syncing #12914659 0xe518…4c1d     0.00 blk/s    0.0 tx/s    0.0 Mgas/s      0+    4 Qed Ancient:#7017242 LI:#12914664   21/25 peers      5 MiB chain  745 KiB queue  RPC:  0 conn,    0 req/s,    0 µs
2021-07-28 13:21:00 UTC Syncing #12914659 0xe518…4c1d     0.00 blk/s    0.0 tx/s    0.0 Mgas/s      0+    5 Qed Ancient:#7017242 LI:#12914665   21/25 peers      5 MiB chain    1 MiB queue  RPC:  0 conn,    0 req/s,    0 µs
2021-07-28 13:21:05 UTC Syncing #12914659 0xe518…4c1d     0.00 blk/s    0.0 tx/s    0.0 Mgas/s      0+    5 Qed Ancient:#7017242 LI:#12914665   22/25 peers      5 MiB chain    1 MiB queue  RPC:  0 conn,    0 req/s,    0 µs
2021-07-28 13:21:10 UTC Syncing #12914659 0xe518…4c1d     0.00 blk/s    0.0 tx/s    0.0 Mgas/s      0+    6 Qed Ancient:#7017242 LI:#12914666   22/25 peers      5 MiB chain    1 MiB queue  RPC:  0 conn,    0 req/s,    0 µs
2021-07-28 13:21:15 UTC Syncing #12914659 0xe518…4c1d     0.00 blk/s    0.0 tx/s    0.0 Mgas/s      0+    6 Qed Ancient:#7017242 LI:#12914666   22/25 peers      5 MiB chain    1 MiB queue  RPC:  0 conn,    0 req/s,    0 µs
2021-07-28 13:21:20 UTC Syncing #12914659 0xe518…4c1d     0.00 blk/s    0.0 tx/s    0.0 Mgas/s      0+    8 Qed Ancient:#7017242 LI:#12914667   21/25 peers      5 MiB chain    2 MiB queue  RPC:  0 conn,    0 req/s,    0 µs
2021-07-28 13:21:25 UTC Syncing #12914660 0x07f4…a459     0.20 blk/s   50.0 tx/s    3.0 Mgas/s      0+    7 Qed Ancient:#7017243 LI:#12914667   21/25 peers      5 MiB chain    1 MiB queue  RPC:  0 conn,    0 req/s,    0 µs
2021-07-28 13:21:30 UTC Syncing #12914660 0x07f4…a459     0.00 blk/s    0.0 tx/s    0.0 Mgas/s      0+    8 Qed Ancient:#7017243 LI:#12914668   21/25 peers      5 MiB chain    2 MiB queue  RPC:  0 conn,    0 req/s,    0 µs
2021-07-28 13:21:35 UTC Syncing #12914660 0x07f4…a459     0.00 blk/s    0.0 tx/s    0.0 Mgas/s      0+    8 Qed Ancient:#7017243 LI:#12914668   21/25 peers      5 MiB chain    2 MiB queue  RPC:  0 conn,    0 req/s,    0 µs
2021-07-28 13:21:40 UTC Syncing #12914661 0xe496…05bd     0.20 blk/s   43.0 tx/s    3.0 Mgas/s      0+    7 Qed Ancient:#7017245 LI:#12914668   21/25 peers      5 MiB chain    1 MiB queue  RPC:  0 conn,    0 req/s,    0 µs
2021-07-28 13:21:45 UTC Syncing #12914662 0x7db9…b429     0.20 blk/s   44.8 tx/s    3.0 Mgas/s      0+    7 Qed Ancient:#7017246 LI:#12914669   22/25 peers      5 MiB chain    2 MiB queue  RPC:  0 conn,    0 req/s,    0 µs
2021-07-28 13:21:50 UTC Syncing #12914662 0x7db9…b429     0.00 blk/s    0.0 tx/s    0.0 Mgas/s      0+    7 Qed Ancient:#7017246 LI:#12914669   22/25 peers      5 MiB chain    2 MiB queue  RPC:  0 conn,    0 req/s,    0 µs
2021-07-28 13:21:55 UTC Syncing #12914662 0x7db9…b429     0.00 blk/s    0.0 tx/s    0.0 Mgas/s      0+    7 Qed Ancient:#7017246 LI:#12914669   23/25 peers      5 MiB chain    2 MiB queue  RPC:  0 conn,    0 req/s,    0 µs
2021-07-28 13:22:00 UTC Syncing #12914663 0x2127…8781     0.20 blk/s   39.6 tx/s    2.9 Mgas/s      0+    7 Qed Ancient:#7017250 LI:#12914670   24/25 peers      5 MiB chain    2 MiB queue  RPC:  0 conn,    0 req/s,    0 µs
2021-07-28 13:22:05 UTC Syncing #12914663 0x2127…8781     0.00 blk/s    0.0 tx/s    0.0 Mgas/s      0+    7 Qed Ancient:#7017250 LI:#12914670   24/25 peers      5 MiB chain    2 MiB queue  RPC:  0 conn,    0 req/s,    0 µs
2021-07-28 13:22:10 UTC Syncing #12914664 0xc19c…f842     0.20 blk/s   29.4 tx/s    3.0 Mgas/s      0+    6 Qed Ancient:#7017251 LI:#12914670   23/25 peers      5 MiB chain    1 MiB queue  RPC:  0 conn,    0 req/s,    0 µs
2021-07-28 13:22:15 UTC Syncing #12914664 0xc19c…f842     0.00 blk/s    0.0 tx/s    0.0 Mgas/s      0+    6 Qed Ancient:#7017251 LI:#12914670   23/25 peers      5 MiB chain    1 MiB queue  RPC:  0 conn,    0 req/s,    0 µs
2021-07-28 13:22:20 UTC Syncing #12914665 0xfcb1…97bf     0.20 blk/s   62.0 tx/s    3.0 Mgas/s      0+    5 Qed Ancient:#7017252 LI:#12914670   25/25 peers      5 MiB chain    1 MiB queue  RPC:  0 conn,    0 req/s,    0 µs
2021-07-28 13:22:25 UTC Syncing #12914665 0xfcb1…97bf     0.00 blk/s    0.0 tx/s    0.0 Mgas/s      0+    7 Qed Ancient:#7017252 LI:#12914672   22/25 peers      5 MiB chain    2 MiB queue  RPC:  0 conn,    0 req/s,    0 µs
2021-07-28 13:22:30 UTC Syncing #12914665 0xfcb1…97bf     0.00 blk/s    0.0 tx/s    0.0 Mgas/s      0+    7 Qed Ancient:#7017252 LI:#12914672   24/25 peers      5 MiB chain    2 MiB queue  RPC:  0 conn,    0 req/s,    0 µs
2021-07-28 13:22:35 UTC Syncing #12914666 0x6187…404e     0.20 blk/s   46.4 tx/s    3.0 Mgas/s      0+    6 Qed Ancient:#7017253 LI:#12914672   22/25 peers      5 MiB chain    2 MiB queue  RPC:  0 conn,    0 req/s,    0 µs
2021-07-28 13:22:40 UTC Syncing #12914666 0x6187…404e     0.00 blk/s    0.0 tx/s    0.0 Mgas/s      0+    6 Qed Ancient:#7017253 LI:#12914672   23/25 peers      5 MiB chain    2 MiB queue  RPC:  0 conn,    0 req/s,    0 µs
2021-07-28 13:22:45 UTC Syncing #12914667 0x235e…4cde     0.20 blk/s   37.4 tx/s    3.0 Mgas/s      0+    5 Qed Ancient:#7017254 LI:#12914672   21/25 peers      5 MiB chain    1 MiB queue  RPC:  0 conn,    0 req/s,    0 µs
2021-07-28 13:22:50 UTC Syncing #12914667 0x235e…4cde     0.20 blk/s   44.0 tx/s    3.0 Mgas/s      0+    4 Qed Ancient:#7017256 LI:#12914672   22/25 peers      5 MiB chain    1 MiB queue  RPC:  0 conn,    0 req/s,    0 µs
2021-07-28 13:22:55 UTC Syncing #12914667 0x235e…4cde     0.00 blk/s    0.0 tx/s    0.0 Mgas/s      0+    4 Qed Ancient:#7017256 LI:#12914672   19/25 peers      5 MiB chain    1 MiB queue  RPC:  0 conn,    0 req/s,    0 µs
2021-07-28 13:23:05 UTC Syncing #12914668 0x1503…7d7a     0.10 blk/s   21.7 tx/s    1.5 Mgas/s      0+    5 Qed Ancient:#7017257 LI:#12914674   22/25 peers      5 MiB chain    1 MiB queue  RPC:  0 conn,    0 req/s,    0 µs
2021-07-28 13:23:10 UTC Syncing #12914669 0x849f…1862     0.20 blk/s   27.8 tx/s    3.0 Mgas/s      0+    4 Qed Ancient:#7017258 LI:#12914674   20/25 peers      5 MiB chain  918 KiB queue  RPC:  0 conn,    0 req/s,    0 µs
2021-07-28 13:23:40 UTC  Ancient:#7017270 AB:#7020761   22/25 peers      5 MiB chain  392 KiB queue  RPC:  0 conn,    0 req/s,    0 µs
2021-07-28 13:24:14 UTC  Ancient:#7017274 AB:#7020761   24/25 peers      5 MiB chain  0 bytes queue  RPC:  0 conn,    0 req/s,    0 µs
2021-07-28 13:24:42 UTC Imported #12914677 0xfedb…9897 (288 txs, 14.97 Mgas, 6545 ms, 71.31 KiB)
2021-07-28 13:24:54 UTC Imported #12914678 0x4e13…92be (217 txs, 14.98 Mgas, 8106 ms, 72.90 KiB)
2021-07-28 13:25:13 UTC  Ancient:#7020081 AB:#7022194   21/25 peers    0 bytes chain  145 KiB queue  RPC:  0 conn,    0 req/s,    0 µs