2021-07-28 13:22:55 UTC Syncing #12914667 0x235e…4cde     0.00 blk/s    0.0 tx/s    0.0 Mgas/s      0+    4 Qed Ancient:#7017256 LI:#12914672   19/25 peers      5 MiB chain    1 MiB queue  RPC:  0 conn,    0 req/s,    0 µs
2021-07-28 13:23:05 UTC Syncing #12914668 0x1503…7d7a     0.10 blk/s   21.7 tx/s    1.5 Mgas/s      0+    5 Qed Ancient:#7017257 LI:#12914674   22/25 peers      5 MiB chain    1 MiB queue  RPC:  0 conn,    0 req/s,    0 µs
2021-07-28 13:23:10 UTC Syncing #12914669 0x849f…1862     0.20 blk/s   27.8 tx/s    3.0 Mgas/s      0+    4 Qed Ancient:#7017258 LI:#12914674   20/25 peers      5 MiB chain  918 KiB queue  RPC:  0 conn,    0 req/s,    0 µs
2021-07-28 13:23:40 UTC  Ancient:#7017270 AB:#7020761   22/25 peers      5 MiB chain  392 KiB queue  RPC:  0 conn,    0 req/s,    0 µs
2021-07-28 13:24:14 UTC  Ancient:#7017274 AB:#7020761   24/25 peers      5 MiB chain  0 bytes queue  RPC:  0 conn,    0 req/s,    0 µs
2021-07-28 13:24:42 UTC Imported #12914677 0xfedb…9897 (288 txs, 14.97 Mgas, 6545 ms, 71.31 KiB)
2021-07-28 13:24:54 UTC Imported #12914678 0x4e13…92be (217 txs, 14.98 Mgas, 8106 ms, 72.90 KiB)
2021-07-28 13:25:13 UTC  Ancient:#7020081 AB:#7022194   21/25 peers    0 bytes chain  145 KiB queue  RPC:  0 conn,    0 req/s,    0 µs
2021-07-28 13:25:45 UTC  Ancient:#7020082 AB:#7022829   19/25 peers     83 KiB chain  693 KiB queue  RPC:  0 conn,    0 req/s,    0 µs
2021-07-28 13:26:31 UTC  Ancient:#7020084 AB:#7022829    2/25 peers    145 KiB chain  167 KiB queue  RPC:  0 conn,    0 req/s,    0 µs
2021-07-28 13:26:52 UTC Syncing #12914681 0xbb32…5d09     0.05 blk/s    9.8 tx/s    0.8 Mgas/s      0+    5 Qed Ancient:#7020085 LI:#12914687    3/25 peers    215 KiB chain    1 MiB queue  RPC:  0 conn,    0 req/s,    0 µs
2021-07-28 13:26:55 UTC Syncing #12914681 0xbb32…5d09     0.00 blk/s    0.0 tx/s    0.0 Mgas/s      0+    5 Qed Ancient:#7020085 LI:#12914687    3/25 peers    215 KiB chain    1 MiB queue  RPC:  0 conn,    0 req/s,    0 µs
2021-07-28 13:27:00 UTC Syncing #12914681 0xbb32…5d09     0.00 blk/s    0.0 tx/s    0.0 Mgas/s      0+    5 Qed Ancient:#7020085 LI:#12914687    6/25 peers    215 KiB chain    1 MiB queue  RPC:  0 conn,    0 req/s,    0 µs
2021-07-28 13:27:05 UTC Syncing #12914681 0xbb32…5d09     0.00 blk/s    0.0 tx/s    0.0 Mgas/s      0+    5 Qed Ancient:#7020085 LI:#12914687    6/25 peers    215 KiB chain    1 MiB queue  RPC:  0 conn,    0 req/s,    0 µs
2021-07-28 13:27:10 UTC Syncing #12914681 0xbb32…5d09     0.00 blk/s    0.0 tx/s    0.0 Mgas/s      0+    5 Qed Ancient:#7020085 LI:#12914687    7/25 peers    215 KiB chain    1 MiB queue  RPC:  0 conn,    0 req/s,    0 µs
2021-07-28 13:27:15 UTC Syncing #12914681 0xbb32…5d09     0.00 blk/s    0.0 tx/s    0.0 Mgas/s      0+    6 Qed Ancient:#7020085 LI:#12914688    5/25 peers    215 KiB chain    1 MiB queue  RPC:  0 conn,    0 req/s,    0 µs
2021-07-28 13:27:20 UTC Syncing #12914681 0xbb32…5d09     0.00 blk/s    0.0 tx/s    0.0 Mgas/s      0+    6 Qed Ancient:#7020085 LI:#12914688    5/25 peers    215 KiB chain    1 MiB queue  RPC:  0 conn,    0 req/s,    0 µs
2021-07-28 13:27:25 UTC Syncing #12914681 0xbb32…5d09     0.00 blk/s    0.0 tx/s    0.0 Mgas/s      0+    6 Qed Ancient:#7020085 LI:#12914688    8/25 peers      1 MiB chain    1 MiB queue  RPC:  0 conn,    0 req/s,    0 µs
2021-07-28 13:27:30 UTC Syncing #12914682 0x327d…f17d     0.20 blk/s   29.8 tx/s    3.0 Mgas/s      0+    5 Qed Ancient:#7020086 LI:#12914687    7/25 peers      2 MiB chain 1016 KiB queue  RPC:  0 conn,    0 req/s,    0 µs
2021-07-28 13:27:35 UTC Syncing #12914682 0x327d…f17d     0.00 blk/s    0.0 tx/s    0.0 Mgas/s      0+    8 Qed Ancient:#7020086 LI:#12914690    5/25 peers      2 MiB chain    2 MiB queue  RPC:  0 conn,    0 req/s,    0 µs
2021-07-28 13:27:42 UTC Syncing #12914683 0x0c60…fd6e     0.20 blk/s   68.2 tx/s    3.0 Mgas/s      0+    7 Qed Ancient:#7020087 LI:#12914690    5/25 peers      2 MiB chain    2 MiB queue  RPC:  0 conn,    0 req/s,    0 µs
2021-07-28 13:27:45 UTC Syncing #12914683 0x0c60…fd6e     0.00 blk/s    0.0 tx/s    0.0 Mgas/s      0+    7 Qed Ancient:#7020087 LI:#12914690    5/25 peers      2 MiB chain    2 MiB queue  RPC:  0 conn,    0 req/s,    0 µs
2021-07-28 13:27:52 UTC Syncing #12914684 0xfb11…d525     0.20 blk/s   46.6 tx/s    3.0 Mgas/s      0+    7 Qed Ancient:#7020088 LI:#12914691    7/25 peers      2 MiB chain    2 MiB queue  RPC:  0 conn,    0 req/s,    0 µs
2021-07-28 13:27:56 UTC Syncing #12914684 0xfb11…d525     0.00 blk/s    0.0 tx/s    0.0 Mgas/s      0+    8 Qed Ancient:#7020088 LI:#12914692    6/25 peers      2 MiB chain    2 MiB queue  RPC:  0 conn,    0 req/s,    0 µs
2021-07-28 13:28:02 UTC Syncing #12914685 0xb6d4…058e     0.20 blk/s   40.2 tx/s    3.0 Mgas/s      0+    7 Qed Ancient:#7020089 LI:#12914692    6/25 peers      2 MiB chain    2 MiB queue  RPC:  0 conn,    0 req/s,    0 µs
2021-07-28 13:28:05 UTC Syncing #12914685 0xb6d4…058e     0.00 blk/s    0.0 tx/s    0.0 Mgas/s      0+    8 Qed Ancient:#7020089 LI:#12914693    8/25 peers      2 MiB chain    2 MiB queue  RPC:  0 conn,    0 req/s,    0 µs
2021-07-28 13:28:11 UTC Syncing #12914686 0x1ce9…db0d     0.20 blk/s   46.4 tx/s    3.0 Mgas/s      0+    7 Qed Ancient:#7020090 LI:#12914693    9/25 peers      2 MiB chain    2 MiB queue  RPC:  0 conn,    0 req/s,    0 µs
2021-07-28 13:28:18 UTC Syncing #12914687 0x46a6…47da     0.20 blk/s   28.4 tx/s    3.0 Mgas/s      0+    7 Qed Ancient:#7020091 LI:#12914694    9/25 peers      2 MiB chain    2 MiB queue  RPC:  0 conn,    0 req/s,    0 µs
2021-07-28 13:28:20 UTC Syncing #12914687 0x46a6…47da     0.00 blk/s    0.0 tx/s    0.0 Mgas/s      0+    7 Qed Ancient:#7020091 LI:#12914694   10/25 peers      2 MiB chain    2 MiB queue  RPC:  0 conn,    0 req/s,    0 µs
2021-07-28 13:28:25 UTC Syncing #12914688 0x2ffc…8feb     0.20 blk/s   41.6 tx/s    3.0 Mgas/s      0+    6 Qed Ancient:#7020092 LI:#12914694   13/25 peers      3 MiB chain    1 MiB queue  RPC:  0 conn,    0 req/s,    0 µs
2021-07-28 13:28:30 UTC Syncing #12914688 0x2ffc…8feb     0.20 blk/s   43.6 tx/s    3.0 Mgas/s      0+    6 Qed Ancient:#7020093 LI:#12914695   11/25 peers      4 MiB chain    1 MiB queue  RPC:  0 conn,    0 req/s,    0 µs
2021-07-28 13:28:31 UTC Reorg to #12914689 0xf27a…43cd (0x2ffc…8feb #12914687 0x46a6…47da 0xafc3…c49e)
2021-07-28 13:28:35 UTC Syncing #12914689 0xf27a…43cd     0.20 blk/s   43.4 tx/s    3.0 Mgas/s      0+    5 Qed Ancient:#7020094 LI:#12914695   10/25 peers      4 MiB chain 1013 KiB queue  RPC:  0 conn,    0 req/s,    0 µs
2021-07-28 13:28:40 UTC Syncing #12914690 0x28b5…6204     0.20 blk/s   24.8 tx/s    3.0 Mgas/s      0+    4 Qed Ancient:#7020095 LI:#12914695    8/25 peers      4 MiB chain  694 KiB queue  RPC:  0 conn,    0 req/s,    0 µs
2021-07-28 13:29:10 UTC  Ancient:#7020100 AB:#7023432   12/25 peers      4 MiB chain  189 KiB queue  RPC:  0 conn,    0 req/s,    0 µs
2021-07-28 13:29:59 UTC Syncing #12914696 0x45de…05a7     0.04 blk/s    9.0 tx/s    0.6 Mgas/s      0+    5 Qed Ancient:#7021212 LI:#12914701    5/25 peers    575 KiB chain  951 KiB queue  RPC:  0 conn,    0 req/s,    0 µs
2021-07-28 13:30:05 UTC Syncing #12914696 0x45de…05a7     0.00 blk/s    0.0 tx/s    0.0 Mgas/s      0+    5 Qed Ancient:#7021212 LI:#12914702    5/25 peers    640 KiB chain  848 KiB queue  RPC:  0 conn,    0 req/s,    0 µs
2021-07-28 13:30:10 UTC Syncing #12914696 0x45de…05a7     0.00 blk/s    0.0 tx/s    0.0 Mgas/s      0+    5 Qed Ancient:#7021212 LI:#12914702    5/25 peers    640 KiB chain  848 KiB queue  RPC:  0 conn,    0 req/s,    0 µs
2021-07-28 13:30:15 UTC Syncing #12914696 0x45de…05a7     0.00 blk/s    0.0 tx/s    0.0 Mgas/s      0+    5 Qed Ancient:#7021212 LI:#12914702    5/25 peers    640 KiB chain  848 KiB queue  RPC:  0 conn,    0 req/s,    0 µs
2021-07-28 13:30:20 UTC Syncing #12914696 0x45de…05a7     0.00 blk/s    0.0 tx/s    0.0 Mgas/s      0+    7 Qed Ancient:#7021212 LI:#12914704    6/25 peers    640 KiB chain    1 MiB queue  RPC:  0 conn,    0 req/s,    0 µs
2021-07-28 13:30:26 UTC Syncing #12914696 0x45de…05a7     0.00 blk/s    0.0 tx/s    0.0 Mgas/s      0+    7 Qed Ancient:#7021212 LI:#12914704    7/25 peers    640 KiB chain    1 MiB queue  RPC:  0 conn,    0 req/s,    0 µs
2021-07-28 13:30:33 UTC Syncing #12914697 0xb5b2…4b26     0.20 blk/s   54.4 tx/s    3.0 Mgas/s      0+    6 Qed Ancient:#7021213 LI:#12914704    7/25 peers    641 KiB chain    1 MiB queue  RPC:  0 conn,    0 req/s,    0 µs
2021-07-28 13:30:35 UTC Syncing #12914697 0xb5b2…4b26     0.00 blk/s    0.0 tx/s    0.0 Mgas/s      0+    6 Qed Ancient:#7021213 LI:#12914704    6/25 peers    641 KiB chain    1 MiB queue  RPC:  0 conn,    0 req/s,    0 µs
2021-07-28 13:30:42 UTC Syncing #12914697 0xb5b2…4b26     0.00 blk/s    0.0 tx/s    0.0 Mgas/s      0+    6 Qed Ancient:#7021213 LI:#12914704    7/25 peers    641 KiB chain    1 MiB queue  RPC:  0 conn,    0 req/s,    0 µs
2021-07-28 13:30:45 UTC Syncing #12914697 0xb5b2…4b26     0.00 blk/s    0.0 tx/s    0.0 Mgas/s      0+    6 Qed Ancient:#7021213 LI:#12914704    8/25 peers    641 KiB chain    1 MiB queue  RPC:  0 conn,    0 req/s,    0 µs
2021-07-28 13:30:50 UTC Syncing #12914698 0x1f33…e12c     0.20 blk/s   30.2 tx/s    3.0 Mgas/s      0+    5 Qed Ancient:#7021216 LI:#12914704    9/25 peers    641 KiB chain  945 KiB queue  RPC:  0 conn,    0 req/s,    0 µs
2021-07-28 13:30:58 UTC Syncing #12914699 0x08e8…221d     0.20 blk/s   24.2 tx/s    3.0 Mgas/s      0+    5 Qed Ancient:#7021217 LI:#12914705    9/25 peers    642 KiB chain    1 MiB queue  RPC:  0 conn,    0 req/s,    0 µs
2021-07-28 13:31:00 UTC Syncing #12914699 0x08e8…221d     0.00 blk/s    0.0 tx/s    0.0 Mgas/s      0+    5 Qed Ancient:#7021217 LI:#12914705    6/25 peers    642 KiB chain    1 MiB queue  RPC:  0 conn,    0 req/s,    0 µs
2021-07-28 13:31:05 UTC Syncing #12914700 0x783b…4752     0.20 blk/s   31.0 tx/s    3.0 Mgas/s      0+    4 Qed Ancient:#7021218 LI:#12914705    8/25 peers    642 KiB chain    1 MiB queue  RPC:  0 conn,    0 req/s,    0 µs
2021-07-28 13:31:10 UTC Syncing #12914700 0x783b…4752     0.00 blk/s    0.0 tx/s    0.0 Mgas/s      0+    6 Qed Ancient:#7021218 LI:#12914707    8/25 peers    668 KiB chain    1 MiB queue  RPC:  0 conn,    0 req/s,    0 µs
2021-07-28 13:31:15 UTC Syncing #12914701 0x7a9a…3197     0.20 blk/s   37.8 tx/s    3.0 Mgas/s      0+    5 Qed Ancient:#7021219 LI:#12914707    9/25 peers    668 KiB chain    1 MiB queue  RPC:  0 conn,    0 req/s,    0 µs
2021-07-28 13:31:20 UTC Syncing #12914701 0x7a9a…3197     0.00 blk/s    0.0 tx/s    0.0 Mgas/s      0+    5 Qed Ancient:#7021219 LI:#12914707   10/25 peers    668 KiB chain    1 MiB queue  RPC:  0 conn,    0 req/s,    0 µs
2021-07-28 13:31:25 UTC Syncing #12914702 0x9c89…356b     0.20 blk/s   44.2 tx/s    3.0 Mgas/s      0+    4 Qed Ancient:#7021220 LI:#12914707    8/25 peers    668 KiB chain    1 MiB queue  RPC:  0 conn,    0 req/s,    0 µs
2021-07-28 13:31:35 UTC Syncing #12914703 0x656e…ce45     0.10 blk/s   25.5 tx/s    1.5 Mgas/s      0+    4 Qed Ancient:#7021221 LI:#12914708    5/25 peers      1 MiB chain    1 MiB queue  RPC:  0 conn,    0 req/s,    0 µs
2021-07-28 13:31:40 UTC Syncing #12914703 0x656e…ce45     0.00 blk/s    0.0 tx/s    0.0 Mgas/s      0+    4 Qed Ancient:#7021221 LI:#12914708    7/25 peers      1 MiB chain    1 MiB queue  RPC:  0 conn,    0 req/s,    0 µs