2021-09-21 22:00:47 UTC Syncing #13271720 0xd233…4e05     0.00 blk/s    0.0 tx/s    0.0 Mgas/s      0+    8 Qed Ancient:#5515003 LI:#13271729   15/25 peers      3 MiB chain    2 MiB queue  RPC:  0 conn,    0 req/s,    0 µs
2021-09-21 22:00:52 UTC Syncing #13271721 0x6ee2…900e     0.20 blk/s   18.4 tx/s    1.4 Mgas/s      0+    8 Qed Ancient:#5515004 LI:#13271730   15/25 peers      3 MiB chain    2 MiB queue  RPC:  0 conn,    0 req/s,    0 µs
2021-09-21 22:00:56 UTC Syncing #13271721 0x6ee2…900e     0.00 blk/s    0.0 tx/s    0.0 Mgas/s      0+    9 Qed Ancient:#5515004 LI:#13271731   16/25 peers      3 MiB chain    3 MiB queue  RPC:  0 conn,    0 req/s,    0 µs
2021-09-21 22:01:02 UTC Syncing #13271721 0x6ee2…900e     0.00 blk/s    0.0 tx/s    0.0 Mgas/s      0+    9 Qed Ancient:#5515004 LI:#13271731   17/25 peers      3 MiB chain    3 MiB queue  RPC:  0 conn,    0 req/s,    0 µs
2021-09-21 22:01:07 UTC Syncing #13271721 0x6ee2…900e     0.00 blk/s    0.0 tx/s    0.0 Mgas/s      0+    9 Qed Ancient:#5515004 LI:#13271731   19/25 peers      3 MiB chain    3 MiB queue  RPC:  0 conn,    0 req/s,    0 µs
2021-09-21 22:01:12 UTC Syncing #13271722 0x394e…c2d3     0.20 blk/s   42.8 tx/s    3.3 Mgas/s      0+    8 Qed Ancient:#5515005 LI:#13271731   19/25 peers      3 MiB chain    2 MiB queue  RPC:  0 conn,    0 req/s,    0 µs
2021-09-21 22:01:17 UTC Syncing #13271723 0x8ec8…6a02     0.20 blk/s    7.8 tx/s    0.5 Mgas/s      0+    7 Qed Ancient:#5515008 LI:#13271731   19/25 peers      3 MiB chain    2 MiB queue  RPC:  0 conn,    0 req/s,    0 µs
2021-09-21 22:01:22 UTC Syncing #13271723 0x8ec8…6a02     0.00 blk/s    0.0 tx/s    0.0 Mgas/s      0+    7 Qed Ancient:#5515008 LI:#13271731   19/25 peers      3 MiB chain    2 MiB queue  RPC:  0 conn,    0 req/s,    0 µs
2021-09-21 22:01:38 UTC Syncing #13271724 0xa4e0…d6a9     0.07 blk/s   22.3 tx/s    2.0 Mgas/s      0+    9 Qed Ancient:#5515009 LI:#13271733   14/25 peers      3 MiB chain    3 MiB queue  RPC:  0 conn,    0 req/s,    0 µs
2021-09-21 22:01:38 UTC Syncing #13271724 0xa4e0…d6a9     0.00 blk/s    0.0 tx/s    0.0 Mgas/s      0+    9 Qed Ancient:#5515239 LI:#13271733   14/25 peers      7 MiB chain    3 MiB queue  RPC:  0 conn,    0 req/s,    0 µs
2021-09-21 22:01:44 UTC Syncing #13271724 0xa4e0…d6a9     0.00 blk/s    0.0 tx/s    0.0 Mgas/s      0+    8 Qed Ancient:#5515239 LI:#13271733   14/25 peers      7 MiB chain    2 MiB queue  RPC:  0 conn,    0 req/s,    0 µs
2021-09-21 22:01:48 UTC Syncing #13271724 0xa4e0…d6a9     0.00 blk/s    0.0 tx/s    0.0 Mgas/s      0+    8 Qed Ancient:#5515239 LI:#13271733   14/25 peers      7 MiB chain    2 MiB queue  RPC:  0 conn,    0 req/s,    0 µs
2021-09-21 22:01:59 UTC Syncing #13271725 0xcf93…aa8b     0.08 blk/s   30.4 tx/s    1.9 Mgas/s      0+    8 Qed Ancient:#5515387 LI:#13271733   15/25 peers      7 MiB chain    2 MiB queue  RPC:  0 conn,    0 req/s,    0 µs
2021-09-21 22:01:59 UTC Syncing #13271725 0xcf93…aa8b     0.09 blk/s   33.1 tx/s    2.0 Mgas/s      0+    8 Qed Ancient:#5515240 LI:#13271733   15/25 peers      7 MiB chain    2 MiB queue  RPC:  0 conn,    0 req/s,    0 µs
2021-09-21 22:02:05 UTC Syncing #13271725 0xcf93…aa8b     0.00 blk/s    0.0 tx/s    0.0 Mgas/s      0+    7 Qed Ancient:#5515388 LI:#13271734   13/25 peers      5 MiB chain    2 MiB queue  RPC:  0 conn,    0 req/s,    0 µs
2021-09-21 22:02:08 UTC Syncing #13271727 0xc4fc…c8ce     0.40 blk/s   13.6 tx/s    1.0 Mgas/s      0+    6 Qed Ancient:#5515390 LI:#13271734   13/25 peers      5 MiB chain    3 MiB queue  RPC:  0 conn,    0 req/s,    0 µs
2021-09-21 22:02:11 UTC Syncing #13271727 0xc4fc…c8ce     0.00 blk/s    0.0 tx/s    0.0 Mgas/s      0+    6 Qed Ancient:#5515390 LI:#13271734   13/25 peers      5 MiB chain    3 MiB queue  RPC:  0 conn,    0 req/s,    0 µs
2021-09-21 22:02:19 UTC Syncing #13271727 0xc4fc…c8ce     0.00 blk/s    0.0 tx/s    0.0 Mgas/s      0+    6 Qed Ancient:#5515390 LI:#13271734   13/25 peers      5 MiB chain    3 MiB queue  RPC:  0 conn,    0 req/s,    0 µs
2021-09-21 22:02:25 UTC Syncing #13271728 0xcf40…033b     0.20 blk/s   49.0 tx/s    5.9 Mgas/s      0+    5 Qed Ancient:#5515391 LI:#13271734   13/25 peers      5 MiB chain    2 MiB queue  RPC:  0 conn,    0 req/s,    0 µs
2021-09-21 22:02:26 UTC Syncing #13271728 0xcf40…033b     0.00 blk/s    0.0 tx/s    0.0 Mgas/s      0+    6 Qed Ancient:#5515391 LI:#13271735   13/25 peers      5 MiB chain    2 MiB queue  RPC:  0 conn,    0 req/s,    0 µs
2021-09-21 22:02:31 UTC Syncing #13271728 0xcf40…033b     0.00 blk/s    0.0 tx/s    0.0 Mgas/s      0+    6 Qed Ancient:#5515391 LI:#13271735   11/25 peers      5 MiB chain    2 MiB queue  RPC:  0 conn,    0 req/s,    0 µs
2021-09-21 22:02:37 UTC Syncing #13271728 0xcf40…033b     0.00 blk/s    0.0 tx/s    0.0 Mgas/s      0+    8 Qed Ancient:#5515391 LI:#13271737   14/25 peers      5 MiB chain    3 MiB queue  RPC:  0 conn,    0 req/s,    0 µs
2021-09-21 22:02:41 UTC Syncing #13271728 0xcf40…033b     0.00 blk/s    0.0 tx/s    0.0 Mgas/s      0+    8 Qed Ancient:#5515391 LI:#13271737   18/25 peers      5 MiB chain    3 MiB queue  RPC:  0 conn,    0 req/s,    0 µs
2021-09-21 22:02:59 UTC Syncing #13271729 0xeca4…84d4     0.10 blk/s   29.2 tx/s    2.7 Mgas/s      0+    9 Qed Ancient:#5515392 LI:#13271739   15/25 peers      5 MiB chain    3 MiB queue  RPC:  0 conn,    0 req/s,    0 µs
2021-09-21 22:02:59 UTC Syncing #13271730 0x0804…38e3     0.12 blk/s   32.7 tx/s    2.9 Mgas/s      0+    9 Qed Ancient:#5515406 LI:#13271739   15/25 peers      3 MiB chain    3 MiB queue  RPC:  0 conn,    0 req/s,    0 µs
2021-09-21 22:03:04 UTC Syncing #13271731 0x3863…1737     0.38 blk/s    8.8 tx/s    0.9 Mgas/s      0+    8 Qed Ancient:#5515407 LI:#13271740   15/25 peers      3 MiB chain    2 MiB queue  RPC:  0 conn,    0 req/s,    0 µs
2021-09-21 22:03:13 UTC Syncing #13271731 0x3863…1737     0.00 blk/s    0.0 tx/s    0.0 Mgas/s      0+    8 Qed Ancient:#5515407 LI:#13271740   15/25 peers      3 MiB chain    2 MiB queue  RPC:  0 conn,    0 req/s,    0 µs
2021-09-21 22:03:13 UTC Syncing #13271731 0x3863…1737     0.00 blk/s    0.0 tx/s    0.0 Mgas/s      0+    8 Qed Ancient:#5515407 LI:#13271740   15/25 peers      3 MiB chain    2 MiB queue  RPC:  0 conn,    0 req/s,    0 µs
2021-09-21 22:03:16 UTC Syncing #13271731 0x3863…1737     0.00 blk/s    0.0 tx/s    0.0 Mgas/s      0+    9 Qed Ancient:#5515407 LI:#13271741   15/25 peers      3 MiB chain    3 MiB queue  RPC:  0 conn,    0 req/s,    0 µs
2021-09-21 22:03:22 UTC Syncing #13271731 0x3863…1737     0.00 blk/s    0.0 tx/s    0.0 Mgas/s      0+    9 Qed Ancient:#5515407 LI:#13271741   16/25 peers      3 MiB chain    3 MiB queue  RPC:  0 conn,    0 req/s,    0 µs
2021-09-21 22:03:28 UTC Syncing #13271731 0x3863…1737     0.00 blk/s    0.0 tx/s    0.0 Mgas/s      0+    9 Qed Ancient:#5515407 LI:#13271741   16/25 peers      3 MiB chain    3 MiB queue  RPC:  0 conn,    0 req/s,    0 µs
2021-09-21 22:03:37 UTC Syncing #13271732 0xb403…c98f     0.10 blk/s   51.3 tx/s    3.0 Mgas/s      0+    8 Qed Ancient:#5515408 LI:#13271741   16/25 peers      3 MiB chain    3 MiB queue  RPC:  0 conn,    0 req/s,    0 µs
2021-09-21 22:03:37 UTC Syncing #13271732 0xb403…c98f     0.20 blk/s  102.6 tx/s    6.0 Mgas/s      0+    8 Qed Ancient:#5515408 LI:#13271741   16/25 peers      3 MiB chain    3 MiB queue  RPC:  0 conn,    0 req/s,    0 µs
2021-09-21 22:03:44 UTC Syncing #13271732 0xb403…c98f     0.00 blk/s    0.0 tx/s    0.0 Mgas/s      0+    8 Qed Ancient:#5515408 LI:#13271741   16/25 peers      3 MiB chain    3 MiB queue  RPC:  0 conn,    0 req/s,    0 µs
2021-09-21 22:03:48 UTC Syncing #13271733 0x6893…b4ad     0.20 blk/s   34.2 tx/s    4.1 Mgas/s      0+    7 Qed Ancient:#5515409 LI:#13271741   16/25 peers      3 MiB chain    2 MiB queue  RPC:  0 conn,    0 req/s,    0 µs
2021-09-21 22:03:51 UTC Syncing #13271733 0x6893…b4ad     0.00 blk/s    0.0 tx/s    0.0 Mgas/s      0+    7 Qed Ancient:#5515409 LI:#13271741   15/25 peers      3 MiB chain    2 MiB queue  RPC:  0 conn,    0 req/s,    0 µs
2021-09-21 22:04:00 UTC Syncing #13271734 0xb88a…015e     0.20 blk/s   38.8 tx/s    3.6 Mgas/s      0+    8 Qed Ancient:#5515410 LI:#13271743   17/25 peers      3 MiB chain    2 MiB queue  RPC:  0 conn,    0 req/s,    0 µs
2021-09-21 22:04:02 UTC Syncing #13271734 0xb88a…015e     0.00 blk/s    0.0 tx/s    0.0 Mgas/s      0+    9 Qed Ancient:#5515410 LI:#13271744   17/25 peers      3 MiB chain    2 MiB queue  RPC:  0 conn,    0 req/s,    0 µs
2021-09-21 22:04:06 UTC Syncing #13271734 0xb88a…015e     0.00 blk/s    0.0 tx/s    0.0 Mgas/s      0+   11 Qed Ancient:#5515410 LI:#13271746   19/25 peers      3 MiB chain    2 MiB queue  RPC:  0 conn,    0 req/s,    0 µs
2021-09-21 22:04:17 UTC Syncing #13271734 0xb88a…015e     0.00 blk/s    0.0 tx/s    0.0 Mgas/s      0+   11 Qed Ancient:#5515410 LI:#13271746   20/25 peers      3 MiB chain    2 MiB queue  RPC:  0 conn,    0 req/s,    0 µs
2021-09-21 22:04:17 UTC Syncing #13271734 0xb88a…015e     0.00 blk/s    0.0 tx/s    0.0 Mgas/s      0+   11 Qed Ancient:#5515410 LI:#13271746   20/25 peers      3 MiB chain    2 MiB queue  RPC:  0 conn,    0 req/s,    0 µs
2021-09-21 22:04:22 UTC Syncing #13271735 0x6e0f…7a0d     0.20 blk/s   88.8 tx/s    5.7 Mgas/s      0+   11 Qed Ancient:#5515414 LI:#13271747   19/25 peers      3 MiB chain    3 MiB queue  RPC:  0 conn,    0 req/s,    0 µs
2021-09-21 22:04:26 UTC Syncing #13271735 0x6e0f…7a0d     0.00 blk/s    0.0 tx/s    0.0 Mgas/s      0+   11 Qed Ancient:#5515414 LI:#13271747   21/25 peers      3 MiB chain    3 MiB queue  RPC:  0 conn,    0 req/s,    0 µs
2021-09-21 22:04:37 UTC Syncing #13271737 0x35b2…4f85     0.27 blk/s   30.6 tx/s    1.7 Mgas/s      0+   10 Qed Ancient:#5515416 LI:#13271747   21/25 peers      5 MiB chain    3 MiB queue  RPC:  0 conn,    0 req/s,    0 µs
2021-09-21 22:04:43 UTC Syncing #13271738 0xe16c…9f18     0.10 blk/s   26.7 tx/s    1.6 Mgas/s      0+    9 Qed Ancient:#5515497 LI:#13271747   19/25 peers      6 MiB chain    2 MiB queue  RPC:  0 conn,    0 req/s,    0 µs
2021-09-21 22:04:49 UTC Syncing #13271739 0xdebe…5dd6     0.29 blk/s    9.6 tx/s    0.6 Mgas/s      0+    8 Qed Ancient:#5515498 LI:#13271747   19/25 peers      6 MiB chain    2 MiB queue  RPC:  0 conn,    0 req/s,    0 µs
2021-09-21 22:05:06 UTC Syncing #13271739 0xdebe…5dd6     0.00 blk/s    0.0 tx/s    0.0 Mgas/s      0+    7 Qed Ancient:#5515743 LI:#13271747   18/25 peers      6 MiB chain    2 MiB queue  RPC:  0 conn,    0 req/s,    0 µs
2021-09-21 22:05:06 UTC Syncing #13271740 0x2400…cfc6     0.07 blk/s    8.7 tx/s    0.7 Mgas/s      0+    7 Qed Ancient:#5516425 LI:#13271747   18/25 peers     19 MiB chain    2 MiB queue  RPC:  0 conn,    0 req/s,    0 µs
2021-09-21 22:05:06 UTC Syncing #13271740 0x2400…cfc6     0.00 blk/s    0.0 tx/s    0.0 Mgas/s      0+    7 Qed Ancient:#5516426 LI:#13271748   18/25 peers    0 bytes chain    2 MiB queue  RPC:  0 conn,    0 req/s,    0 µs
2021-09-21 22:05:13 UTC Syncing #13271740 0x2400…cfc6     0.00 blk/s    0.0 tx/s    0.0 Mgas/s      0+    7 Qed Ancient:#5516426 LI:#13271748   18/25 peers     78 KiB chain    2 MiB queue  RPC:  0 conn,    0 req/s,    0 µs
2021-09-21 22:05:19 UTC Syncing #13271741 0x1c5e…13ca     0.20 blk/s   63.6 tx/s    5.6 Mgas/s      0+    6 Qed Ancient:#5516427 LI:#13271748   18/25 peers    109 KiB chain    1 MiB queue  RPC:  0 conn,    0 req/s,    0 µs
2021-09-21 22:05:48 UTC  Ancient:#5516436 AB:#5519338   13/25 peers    356 KiB chain   68 KiB queue  RPC:  0 conn,    0 req/s,    0 µs
2021-09-21 22:06:09 UTC Imported #13271752 0xd907…3eee (0 txs, 0.00 Mgas, 7 ms, 0.53 KiB)
2021-09-21 22:06:21 UTC  Ancient:#5519175 AB:#5519338   12/25 peers      1 KiB chain  348 KiB queue  RPC:  0 conn,    0 req/s,    0 µs