2021-09-21 22:07:00 UTC Imported #13271755 0x3c49…d823 (29 txs, 3.23 Mgas, 2256 ms, 13.27 KiB)
2021-09-21 22:07:32 UTC  Ancient:#5519338 AB:#5519338    0/25 peers      3 MiB chain  0 bytes queue  RPC:  0 conn,    0 req/s,    0 µs
2021-09-21 22:08:02 UTC  Ancient:#5519338 AB:#5519338    0/25 peers      3 MiB chain  0 bytes queue  RPC:  0 conn,    0 req/s,    0 µs
2021-09-21 22:08:32 UTC  Ancient:#5519338 AB:#5519338    0/25 peers      3 MiB chain  0 bytes queue  RPC:  0 conn,    0 req/s,    0 µs
2021-09-21 22:09:02 UTC  Ancient:#5519338 AB:#5519338    0/25 peers      3 MiB chain  0 bytes queue  RPC:  0 conn,    0 req/s,    0 µs
2021-09-21 22:09:32 UTC  Ancient:#5519338 AB:#5519338    0/25 peers      3 MiB chain  0 bytes queue  RPC:  0 conn,    0 req/s,    0 µs
2021-09-21 22:10:02 UTC  Ancient:#5519338 AB:#5519338    0/25 peers      3 MiB chain  0 bytes queue  RPC:  0 conn,    0 req/s,    0 µs
2021-09-21 22:10:32 UTC  Ancient:#5519338 AB:#5519338    0/25 peers      3 MiB chain  0 bytes queue  RPC:  0 conn,    0 req/s,    0 µs
2021-09-21 22:11:02 UTC  Ancient:#5519338 AB:#5519338    0/25 peers      3 MiB chain  0 bytes queue  RPC:  0 conn,    0 req/s,    0 µs
2021-09-21 22:11:32 UTC  Ancient:#5519338 AB:#5519338    0/25 peers      3 MiB chain  0 bytes queue  RPC:  0 conn,    0 req/s,    0 µs
2021-09-21 22:11:52 UTC Syncing #13271755 0x3c49…d823     0.00 blk/s    0.0 tx/s    0.0 Mgas/s      0+   25 Qed Ancient:#5519338 LI:#13271781    3/25 peers      3 MiB chain    6 MiB queue  RPC:  0 conn,    0 req/s,    0 µs
2021-09-21 22:11:57 UTC Syncing #13271755 0x3c49…d823     0.00 blk/s    0.0 tx/s    0.0 Mgas/s      0+   25 Qed Ancient:#5519338 LI:#13271781    4/25 peers      3 MiB chain    6 MiB queue  RPC:  0 conn,    0 req/s,    0 µs
2021-09-21 22:12:02 UTC Syncing #13271755 0x3c49…d823     0.00 blk/s    0.0 tx/s    0.0 Mgas/s      0+   25 Qed Ancient:#5519338 LI:#13271781    4/25 peers      3 MiB chain    6 MiB queue  RPC:  0 conn,    0 req/s,    0 µs
2021-09-21 22:12:07 UTC Syncing #13271756 0xf155…5b6c     0.20 blk/s   80.8 tx/s    6.0 Mgas/s      0+   24 Qed Ancient:#5519341 LI:#13271781    4/25 peers      3 MiB chain    6 MiB queue  RPC:  0 conn,    0 req/s,    0 µs
2021-09-21 22:12:12 UTC Syncing #13271757 0x484d…007a     0.20 blk/s   97.8 tx/s    6.0 Mgas/s      0+   23 Qed Ancient:#5519343 LI:#13271781    5/25 peers      3 MiB chain    5 MiB queue  RPC:  0 conn,    0 req/s,    0 µs
2021-09-21 22:12:17 UTC Syncing #13271759 0xdd7c…5d83     0.40 blk/s   77.2 tx/s    4.9 Mgas/s      0+   21 Qed Ancient:#5519345 LI:#13271781    7/25 peers      3 MiB chain    5 MiB queue  RPC:  0 conn,    0 req/s,    0 µs
2021-09-21 22:12:22 UTC Syncing #13271761 0x919d…d3f8     0.40 blk/s   22.8 tx/s    1.5 Mgas/s      0+   19 Qed Ancient:#5519350 LI:#13271781   13/25 peers      3 MiB chain    5 MiB queue  RPC:  0 conn,    0 req/s,    0 µs
2021-09-21 22:12:27 UTC Syncing #13271762 0x7712…fd28     0.20 blk/s   26.2 tx/s    2.3 Mgas/s      0+   18 Qed Ancient:#5519351 LI:#13271781   13/25 peers      3 MiB chain    4 MiB queue  RPC:  0 conn,    0 req/s,    0 µs
2021-09-21 22:12:32 UTC Syncing #13271763 0xf047…11e5     0.20 blk/s   32.4 tx/s    2.9 Mgas/s      0+   17 Qed Ancient:#5519352 LI:#13271781   13/25 peers      3 MiB chain    4 MiB queue  RPC:  0 conn,    0 req/s,    0 µs
2021-09-21 22:12:38 UTC Syncing #13271764 0xa55d…302d     0.16 blk/s   42.0 tx/s    4.1 Mgas/s      0+   17 Qed Ancient:#5519412 LI:#13271781   17/25 peers      5 MiB chain    4 MiB queue  RPC:  0 conn,    0 req/s,    0 µs
2021-09-21 22:12:48 UTC Syncing #13271765 0x9928…64a2     0.15 blk/s    7.1 tx/s    0.5 Mgas/s      0+   16 Qed Ancient:#5520035 LI:#13271781   16/25 peers    0 bytes chain    4 MiB queue  RPC:  0 conn,    0 req/s,    0 µs
2021-09-21 22:13:05 UTC Syncing #13271765 0x9928…64a2     0.00 blk/s    0.0 tx/s    0.0 Mgas/s      0+   15 Qed Ancient:#5520943 LI:#13271781    8/25 peers   744 bytes chain    3 MiB queue  RPC:  0 conn,    0 req/s,    0 µs
2021-09-21 22:13:05 UTC Syncing #13271766 0x470d…ac95     0.07 blk/s   19.3 tx/s    1.9 Mgas/s      0+   15 Qed Ancient:#5521375 LI:#13271781    8/25 peers   744 bytes chain    3 MiB queue  RPC:  0 conn,    0 req/s,    0 µs
2021-09-21 22:13:05 UTC Syncing #13271766 0x470d…ac95     0.06 blk/s   16.9 tx/s    1.6 Mgas/s      0+   15 Qed Ancient:#5522564 LI:#13271781    8/25 peers     18 MiB chain    3 MiB queue  RPC:  0 conn,    0 req/s,    0 µs
2021-09-21 22:13:05 UTC Syncing #13271766 0x470d…ac95     0.00 blk/s    0.0 tx/s    0.0 Mgas/s      0+   15 Qed Ancient:#5522564 LI:#13271781    8/25 peers    0 bytes chain    3 MiB queue  RPC:  0 conn,    0 req/s,    0 µs
2021-09-21 22:13:12 UTC Syncing #13271766 0x470d…ac95     0.00 blk/s    0.0 tx/s    0.0 Mgas/s      0+   14 Qed Ancient:#5522564 LI:#13271781    8/25 peers     74 KiB chain    3 MiB queue  RPC:  0 conn,    0 req/s,    0 µs
2021-09-21 22:13:12 UTC Syncing #13271766 0x470d…ac95     0.00 blk/s    0.0 tx/s    0.0 Mgas/s      0+   14 Qed Ancient:#5522564 LI:#13271781    8/25 peers     74 KiB chain    3 MiB queue  RPC:  0 conn,    0 req/s,    0 µs
2021-09-21 22:13:17 UTC Syncing #13271766 0x470d…ac95     0.00 blk/s    0.0 tx/s    0.0 Mgas/s      0+   14 Qed Ancient:#5522564 LI:#13271781    3/25 peers     74 KiB chain    3 MiB queue  RPC:  0 conn,    0 req/s,    0 µs
2021-09-21 22:13:22 UTC Syncing #13271766 0x470d…ac95     0.00 blk/s    0.0 tx/s    0.0 Mgas/s      4+   14 Qed Ancient:#5522564 LI:#13271787    5/25 peers     74 KiB chain    4 MiB queue  RPC:  0 conn,    0 req/s,    0 µs
2021-09-21 22:13:28 UTC Syncing #13271766 0x470d…ac95     0.00 blk/s    0.0 tx/s    0.0 Mgas/s      0+   20 Qed Ancient:#5522564 LI:#13271787    6/25 peers     74 KiB chain    5 MiB queue  RPC:  0 conn,    0 req/s,    0 µs
2021-09-21 22:13:32 UTC Syncing #13271766 0x470d…ac95     0.00 blk/s    0.0 tx/s    0.0 Mgas/s      0+   20 Qed Ancient:#5522564 LI:#13271787    7/25 peers     74 KiB chain    5 MiB queue  RPC:  0 conn,    0 req/s,    0 µs
2021-09-21 22:13:41 UTC Syncing #13271767 0x9c51…57d2     0.20 blk/s   77.6 tx/s    6.0 Mgas/s      0+   19 Qed Ancient:#5522570 LI:#13271787    8/25 peers    215 KiB chain    5 MiB queue  RPC:  0 conn,    0 req/s,    0 µs
2021-09-21 22:13:43 UTC Syncing #13271767 0x9c51…57d2     0.00 blk/s    0.0 tx/s    0.0 Mgas/s      0+   20 Qed Ancient:#5522570 LI:#13271788    8/25 peers    215 KiB chain    5 MiB queue  RPC:  0 conn,    0 req/s,    0 µs
2021-09-21 22:13:47 UTC Syncing #13271767 0x9c51…57d2     0.00 blk/s    0.0 tx/s    0.0 Mgas/s      0+   20 Qed Ancient:#5522570 LI:#13271788    9/25 peers    215 KiB chain    5 MiB queue  RPC:  0 conn,    0 req/s,    0 µs
2021-09-21 22:14:01 UTC Syncing #13271768 0xa5f6…16bc     0.10 blk/s    9.4 tx/s    0.6 Mgas/s      0+   20 Qed Ancient:#5522571 LI:#13271789   10/25 peers    215 KiB chain    5 MiB queue  RPC:  0 conn,    0 req/s,    0 µs
2021-09-21 22:14:01 UTC Syncing #13271768 0xa5f6…16bc     0.20 blk/s   18.8 tx/s    1.3 Mgas/s      0+   21 Qed Ancient:#5522571 LI:#13271789   10/25 peers    215 KiB chain    5 MiB queue  RPC:  0 conn,    0 req/s,    0 µs
2021-09-21 22:14:02 UTC Syncing #13271768 0xa5f6…16bc     0.00 blk/s    0.0 tx/s    0.0 Mgas/s      0+   20 Qed Ancient:#5522571 LI:#13271789   10/25 peers    215 KiB chain    5 MiB queue  RPC:  0 conn,    0 req/s,    0 µs
2021-09-21 22:14:07 UTC Syncing #13271768 0xa5f6…16bc     0.00 blk/s    0.0 tx/s    0.0 Mgas/s      0+   20 Qed Ancient:#5522571 LI:#13271789   10/25 peers    215 KiB chain    5 MiB queue  RPC:  0 conn,    0 req/s,    0 µs
2021-09-21 22:14:17 UTC Syncing #13271769 0x2666…86a4     0.20 blk/s   46.6 tx/s    4.5 Mgas/s      0+   21 Qed Ancient:#5522572 LI:#13271791    6/25 peers    752 KiB chain    5 MiB queue  RPC:  0 conn,    0 req/s,    0 µs
2021-09-21 22:14:17 UTC Syncing #13271769 0x2666…86a4     0.00 blk/s    0.0 tx/s    0.0 Mgas/s      0+   21 Qed Ancient:#5522572 LI:#13271791    6/25 peers    752 KiB chain    5 MiB queue  RPC:  0 conn,    0 req/s,    0 µs
2021-09-21 22:14:26 UTC Syncing #13271769 0x2666…86a4     0.00 blk/s    0.0 tx/s    0.0 Mgas/s      0+   21 Qed Ancient:#5522572 LI:#13271791    6/25 peers    752 KiB chain    5 MiB queue  RPC:  0 conn,    0 req/s,    0 µs
2021-09-21 22:14:27 UTC Syncing #13271769 0x2666…86a4     0.00 blk/s    0.0 tx/s    0.0 Mgas/s      0+   21 Qed Ancient:#5522572 LI:#13271791    6/25 peers    752 KiB chain    5 MiB queue  RPC:  0 conn,    0 req/s,    0 µs
2021-09-21 22:14:32 UTC Syncing #13271769 0x2666…86a4     0.00 blk/s    0.0 tx/s    0.0 Mgas/s      0+   21 Qed Ancient:#5522572 LI:#13271791    6/25 peers    752 KiB chain    5 MiB queue  RPC:  0 conn,    0 req/s,    0 µs
2021-09-21 22:14:41 UTC Syncing #13271770 0xd4aa…6964     0.20 blk/s   38.4 tx/s    3.1 Mgas/s      0+   21 Qed Ancient:#5522573 LI:#13271792    7/25 peers    893 KiB chain    5 MiB queue  RPC:  0 conn,    0 req/s,    0 µs
2021-09-21 22:14:42 UTC Syncing #13271770 0xd4aa…6964     0.00 blk/s    0.0 tx/s    0.0 Mgas/s      0+   21 Qed Ancient:#5522573 LI:#13271792    7/25 peers    893 KiB chain    5 MiB queue  RPC:  0 conn,    0 req/s,    0 µs
2021-09-21 22:14:52 UTC Syncing #13271771 0xfb2d…a98d     0.20 blk/s   23.6 tx/s    2.7 Mgas/s      0+   20 Qed Ancient:#5522574 LI:#13271792    6/25 peers    893 KiB chain    5 MiB queue  RPC:  0 conn,    0 req/s,    0 µs
2021-09-21 22:14:52 UTC Syncing #13271771 0xfb2d…a98d     0.00 blk/s    0.0 tx/s    0.0 Mgas/s      0+   21 Qed Ancient:#5522574 LI:#13271793    6/25 peers    893 KiB chain    5 MiB queue  RPC:  0 conn,    0 req/s,    0 µs
2021-09-21 22:14:57 UTC Syncing #13271771 0xfb2d…a98d     0.00 blk/s    0.0 tx/s    0.0 Mgas/s      0+   22 Qed Ancient:#5522574 LI:#13271794    9/25 peers    893 KiB chain    5 MiB queue  RPC:  0 conn,    0 req/s,    0 µs
2021-09-21 22:15:07 UTC Syncing #13271772 0x1fc3…9249     0.20 blk/s   22.0 tx/s    1.7 Mgas/s      0+   22 Qed Ancient:#5522575 LI:#13271795    9/25 peers    893 KiB chain    5 MiB queue  RPC:  0 conn,    0 req/s,    0 µs
2021-09-21 22:15:07 UTC Syncing #13271772 0x1fc3…9249     0.00 blk/s    0.0 tx/s    0.0 Mgas/s      0+   22 Qed Ancient:#5522575 LI:#13271795    9/25 peers    893 KiB chain    5 MiB queue  RPC:  0 conn,    0 req/s,    0 µs
2021-09-21 22:15:12 UTC Syncing #13271772 0x1fc3…9249     0.00 blk/s    0.0 tx/s    0.0 Mgas/s      0+   22 Qed Ancient:#5522575 LI:#13271795    9/25 peers    893 KiB chain    5 MiB queue  RPC:  0 conn,    0 req/s,    0 µs
2021-09-21 22:15:31 UTC Syncing #13271773 0x109f…839b     0.08 blk/s   10.2 tx/s    1.0 Mgas/s      0+   22 Qed Ancient:#5522576 LI:#13271795   11/25 peers    893 KiB chain    5 MiB queue  RPC:  0 conn,    0 req/s,    0 µs
2021-09-21 22:15:31 UTC Syncing #13271773 0x109f…839b     0.05 blk/s    6.5 tx/s    0.7 Mgas/s      0+   22 Qed Ancient:#5523244 LI:#13271795   11/25 peers     82 KiB chain    5 MiB queue  RPC:  0 conn,    0 req/s,    0 µs
2021-09-21 22:15:41 UTC Syncing #13271773 0x109f…839b     0.00 blk/s    0.0 tx/s    0.0 Mgas/s      0+   21 Qed Ancient:#5523245 LI:#13271795   10/25 peers    109 KiB chain    5 MiB queue  RPC:  0 conn,    0 req/s,    0 µs
2021-09-21 22:15:48 UTC Syncing #13271774 0x1e9e…4f55     0.20 blk/s   21.8 tx/s    1.6 Mgas/s      0+   20 Qed Ancient:#5523246 LI:#13271795    8/25 peers    144 KiB chain    5 MiB queue  RPC:  0 conn,    0 req/s,    0 µs
2021-09-21 22:15:48 UTC Syncing #13271774 0x1e9e…4f55     0.00 blk/s    0.0 tx/s    0.0 Mgas/s      0+   20 Qed Ancient:#5523246 LI:#13271795    8/25 peers    144 KiB chain    5 MiB queue  RPC:  0 conn,    0 req/s,    0 µs
2021-09-21 22:15:52 UTC Syncing #13271774 0x1e9e…4f55     0.00 blk/s    0.0 tx/s    0.0 Mgas/s      0+   20 Qed Ancient:#5523246 LI:#13271795    8/25 peers    144 KiB chain    5 MiB queue  RPC:  0 conn,    0 req/s,    0 µs
2021-09-21 22:15:59 UTC Syncing #13271774 0x1e9e…4f55     0.00 blk/s    0.0 tx/s    0.0 Mgas/s      0+   20 Qed Ancient:#5523246 LI:#13271795    8/25 peers    144 KiB chain    5 MiB queue  RPC:  0 conn,    0 req/s,    0 µs
2021-09-21 22:16:08 UTC Syncing #13271776 0xe6ec…5be9     0.20 blk/s   37.5 tx/s    3.1 Mgas/s      0+   18 Qed Ancient:#5523249 LI:#13271795    8/25 peers    215 KiB chain    5 MiB queue  RPC:  0 conn,    0 req/s,    0 µs
2021-09-21 22:16:08 UTC Syncing #13271774 0x1e9e…4f55     0.00 blk/s    0.0 tx/s    0.0 Mgas/s      0+   20 Qed Ancient:#5523246 LI:#13271795    8/25 peers    144 KiB chain    5 MiB queue  RPC:  0 conn,    0 req/s,    0 µs
2021-09-21 22:16:14 UTC Syncing #13271777 0xe2b2…c52d     0.60 blk/s   78.4 tx/s    6.5 Mgas/s      0+   18 Qed Ancient:#5523250 LI:#13271796    8/25 peers    215 KiB chain    5 MiB queue  RPC:  0 conn,    0 req/s,    0 µs
2021-09-21 22:16:20 UTC Syncing #13271777 0xe2b2…c52d     0.00 blk/s    0.0 tx/s    0.0 Mgas/s      0+   18 Qed Ancient:#5523250 LI:#13271796    8/25 peers    215 KiB chain    5 MiB queue  RPC:  0 conn,    0 req/s,    0 µs
2021-09-21 22:16:22 UTC Syncing #13271777 0xe2b2…c52d     0.00 blk/s    0.0 tx/s    0.0 Mgas/s      0+   19 Qed Ancient:#5523250 LI:#13271797    8/25 peers    215 KiB chain    5 MiB queue  RPC:  0 conn,    0 req/s,    0 µs
2021-09-21 22:16:28 UTC Syncing #13271779 0x58a2…716e     0.40 blk/s   88.8 tx/s    7.4 Mgas/s      0+   17 Qed Ancient:#5523252 LI:#13271797    7/25 peers    356 KiB chain    5 MiB queue  RPC:  0 conn,    0 req/s,    0 µs
2021-09-21 22:16:34 UTC Syncing #13271780 0x836f…4b86     0.20 blk/s   34.0 tx/s    3.6 Mgas/s      0+   16 Qed Ancient:#5523253 LI:#13271797    7/25 peers    356 KiB chain    5 MiB queue  RPC:  0 conn,    0 req/s,    0 µs
2021-09-21 22:16:40 UTC Syncing #13271781 0x8b11…a0a6     0.20 blk/s    5.0 tx/s    0.4 Mgas/s      0+   15 Qed Ancient:#5523254 LI:#13271797    7/25 peers    356 KiB chain    4 MiB queue  RPC:  0 conn,    0 req/s,    0 µs
2021-09-21 22:16:46 UTC Syncing #13271782 0x6b91…d9b9     0.20 blk/s   75.6 tx/s    6.0 Mgas/s      0+   14 Qed Ancient:#5523255 LI:#13271797    5/25 peers    357 KiB chain    4 MiB queue  RPC:  0 conn,    0 req/s,    0 µs
2021-09-21 22:16:47 UTC Syncing #13271782 0x6b91…d9b9     0.00 blk/s    0.0 tx/s    0.0 Mgas/s      0+   14 Qed Ancient:#5523255 LI:#13271797    5/25 peers    357 KiB chain    4 MiB queue  RPC:  0 conn,    0 req/s,    0 µs
2021-09-21 22:16:55 UTC Syncing #13271783 0x0876…489b     0.20 blk/s   65.8 tx/s    6.0 Mgas/s      0+   13 Qed Ancient:#5523256 LI:#13271797    4/25 peers    357 KiB chain    3 MiB queue  RPC:  0 conn,    0 req/s,    0 µs
2021-09-21 22:16:57 UTC Syncing #13271783 0x0876…489b     0.00 blk/s    0.0 tx/s    0.0 Mgas/s      0+   13 Qed Ancient:#5523256 LI:#13271797    4/25 peers    357 KiB chain    3 MiB queue  RPC:  0 conn,    0 req/s,    0 µs
2021-09-21 22:17:05 UTC Syncing #13271785 0xe9bb…efec     0.40 blk/s   57.4 tx/s    6.7 Mgas/s      0+   12 Qed Ancient:#5523258 LI:#13271798    4/25 peers    637 KiB chain    3 MiB queue  RPC:  0 conn,    0 req/s,    0 µs
2021-09-21 22:17:10 UTC Syncing #13271787 0xdb10…cbd8     0.40 blk/s   21.6 tx/s    1.5 Mgas/s      0+   10 Qed Ancient:#5523260 LI:#13271798    4/25 peers    638 KiB chain    3 MiB queue  RPC:  0 conn,    0 req/s,    0 µs
2021-09-21 22:17:16 UTC Syncing #13271788 0xbd88…fc70     0.20 blk/s   59.8 tx/s    5.8 Mgas/s      0+    9 Qed Ancient:#5523261 LI:#13271798    4/25 peers    638 KiB chain    3 MiB queue  RPC:  0 conn,    0 req/s,    0 µs
2021-09-21 22:17:21 UTC Syncing #13271790 0x5cd3…2a2c     0.40 blk/s   30.8 tx/s    3.2 Mgas/s      0+    7 Qed Ancient:#5523263 LI:#13271798    4/25 peers    639 KiB chain    2 MiB queue  RPC:  0 conn,    0 req/s,    0 µs
2021-09-21 22:17:29 UTC Syncing #13271791 0x50a8…e4cb     0.20 blk/s   34.8 tx/s    5.2 Mgas/s      0+    6 Qed Ancient:#5523264 LI:#13271798    3/25 peers    639 KiB chain    2 MiB queue  RPC:  0 conn,    0 req/s,    0 µs
2021-09-21 22:17:29 UTC Syncing #13271791 0x50a8…e4cb     0.10 blk/s   17.4 tx/s    2.6 Mgas/s      0+    6 Qed Ancient:#5523264 LI:#13271798    3/25 peers    639 KiB chain    2 MiB queue  RPC:  0 conn,    0 req/s,    0 µs
2021-09-21 22:17:36 UTC Syncing #13271791 0x50a8…e4cb     0.00 blk/s    0.0 tx/s    0.0 Mgas/s      0+    6 Qed Ancient:#5523264 LI:#13271798    2/25 peers    639 KiB chain    2 MiB queue  RPC:  0 conn,    0 req/s,    0 µs
2021-09-21 22:18:01 UTC Imported #13271798 0x44bd…d9f1 (285 txs, 21.56 Mgas, 5313 ms, 93.93 KiB)
2021-09-21 22:18:18 UTC  Ancient:#5523391 AB:#5526162    2/25 peers      2 MiB chain  0 bytes queue  RPC:  0 conn,    0 req/s,    0 µs
2021-09-21 22:18:18 UTC  Ancient:#5526162 AB:#5526162    2/25 peers     18 MiB chain  0 bytes queue  RPC:  0 conn,    0 req/s,    0 µs
2021-09-21 22:18:18 UTC  Ancient:#5526162 AB:#5526162    2/25 peers     18 MiB chain  0 bytes queue  RPC:  0 conn,    0 req/s,    0 µs
2021-09-21 22:18:42 UTC  Ancient:#5526162 AB:#5526162    1/25 peers   744 bytes chain  0 bytes queue  RPC:  0 conn,    0 req/s,    0 µs
2021-09-21 22:18:56 UTC Syncing #13271799 0x5579…c1c7     0.20 blk/s    0.0 tx/s    0.0 Mgas/s      0+    4 Qed Ancient:#5526162 LI:#13271804    4/25 peers     75 KiB chain    1 MiB queue  RPC:  0 conn,    0 req/s,    0 µs
2021-09-21 22:18:56 UTC Syncing #13271799 0x5579…c1c7     0.10 blk/s    0.0 tx/s    0.0 Mgas/s      0+    4 Qed Ancient:#5526162 LI:#13271804    4/25 peers     75 KiB chain    1 MiB queue  RPC:  0 conn,    0 req/s,    0 µs
2021-09-21 22:18:57 UTC Syncing #13271799 0x5579…c1c7     0.00 blk/s    0.0 tx/s    0.0 Mgas/s      0+    4 Qed Ancient:#5526162 LI:#13271804    4/25 peers     75 KiB chain    1 MiB queue  RPC:  0 conn,    0 req/s,    0 µs
2021-09-21 22:19:02 UTC Syncing #13271799 0x5579…c1c7     0.00 blk/s    0.0 tx/s    0.0 Mgas/s      0+    6 Qed Ancient:#5526162 LI:#13271806    4/25 peers     75 KiB chain    2 MiB queue  RPC:  0 conn,    0 req/s,    0 µs
2021-09-21 22:19:10 UTC Syncing #13271800 0x273c…a70c     0.20 blk/s   93.0 tx/s    6.0 Mgas/s      0+    6 Qed Ancient:#5526163 LI:#13271807    4/25 peers    145 KiB chain    1 MiB queue  RPC:  0 conn,    0 req/s,    0 µs
2021-09-21 22:19:12 UTC Syncing #13271800 0x273c…a70c     0.00 blk/s    0.0 tx/s    0.0 Mgas/s      0+    6 Qed Ancient:#5526163 LI:#13271807    4/25 peers    145 KiB chain    1 MiB queue  RPC:  0 conn,    0 req/s,    0 µs
2021-09-21 22:19:17 UTC Syncing #13271800 0x273c…a70c     0.00 blk/s    0.0 tx/s    0.0 Mgas/s      0+    8 Qed Ancient:#5526163 LI:#13271809    5/25 peers    145 KiB chain    1 MiB queue  RPC:  0 conn,    0 req/s,    0 µs
2021-09-21 22:19:22 UTC Syncing #13271800 0x273c…a70c     0.00 blk/s    0.0 tx/s    0.0 Mgas/s      0+    8 Qed Ancient:#5526163 LI:#13271809    5/25 peers    145 KiB chain    1 MiB queue  RPC:  0 conn,    0 req/s,    0 µs
2021-09-21 22:19:31 UTC Syncing #13271801 0x149c…e9e2     0.20 blk/s   57.8 tx/s    6.0 Mgas/s      0+    8 Qed Ancient:#5526164 LI:#13271810    5/25 peers    817 KiB chain    1 MiB queue  RPC:  0 conn,    0 req/s,    0 µs
2021-09-21 22:19:32 UTC Syncing #13271801 0x149c…e9e2     0.00 blk/s    0.0 tx/s    0.0 Mgas/s      0+    8 Qed Ancient:#5526164 LI:#13271810    5/25 peers    817 KiB chain    1 MiB queue  RPC:  0 conn,    0 req/s,    0 µs
2021-09-21 22:19:37 UTC Syncing #13271801 0x149c…e9e2     0.00 blk/s    0.0 tx/s    0.0 Mgas/s      0+    8 Qed Ancient:#5526164 LI:#13271810    5/25 peers    817 KiB chain    1 MiB queue  RPC:  0 conn,    0 req/s,    0 µs
2021-09-21 22:19:47 UTC Syncing #13271803 0xe20a…5593     0.20 blk/s   32.6 tx/s    3.0 Mgas/s      0+    6 Qed Ancient:#5526166 LI:#13271810    9/25 peers    817 KiB chain    1 MiB queue  RPC:  0 conn,    0 req/s,    0 µs
2021-09-21 22:19:47 UTC Syncing #13271802 0x0d3d…a521     0.20 blk/s   49.6 tx/s    4.8 Mgas/s      0+    7 Qed Ancient:#5526165 LI:#13271810    9/25 peers    817 KiB chain    1 MiB queue  RPC:  0 conn,    0 req/s,    0 µs
2021-09-21 22:19:55 UTC Syncing #13271803 0xe20a…5593     0.20 blk/s   15.6 tx/s    1.2 Mgas/s      0+    7 Qed Ancient:#5526166 LI:#13271811    9/25 peers    817 KiB chain    1 MiB queue  RPC:  0 conn,    0 req/s,    0 µs
2021-09-21 22:19:57 UTC Syncing #13271804 0xe090…1c67     0.00 blk/s    0.0 tx/s    0.0 Mgas/s      0+    8 Qed Ancient:#5526166 LI:#13271812    9/25 peers    818 KiB chain    1 MiB queue  RPC:  0 conn,    0 req/s,    0 µs
2021-09-21 22:20:05 UTC Syncing #13271804 0xe090…1c67     0.20 blk/s   31.8 tx/s    2.2 Mgas/s      0+    7 Qed Ancient:#5526167 LI:#13271812    9/25 peers    958 KiB chain    1 MiB queue  RPC:  0 conn,    0 req/s,    0 µs
2021-09-21 22:20:07 UTC Syncing #13271804 0xe090…1c67     0.00 blk/s    0.0 tx/s    0.0 Mgas/s      0+    8 Qed Ancient:#5526167 LI:#13271813    9/25 peers    958 KiB chain    2 MiB queue  RPC:  0 conn,    0 req/s,    0 µs
2021-09-21 22:20:12 UTC Syncing #13271804 0xe090…1c67     0.00 blk/s    0.0 tx/s    0.0 Mgas/s      0+    8 Qed Ancient:#5526167 LI:#13271813    9/25 peers    958 KiB chain    2 MiB queue  RPC:  0 conn,    0 req/s,    0 µs
2021-09-21 22:20:19 UTC Syncing #13271805 0x4371…4815     0.20 blk/s   16.0 tx/s    1.5 Mgas/s      0+    7 Qed Ancient:#5526168 LI:#13271813    9/25 peers    958 KiB chain    1 MiB queue  RPC:  0 conn,    0 req/s,    0 µs
2021-09-21 22:20:22 UTC Syncing #13271805 0x4371…4815     0.00 blk/s    0.0 tx/s    0.0 Mgas/s      0+    7 Qed Ancient:#5526168 LI:#13271813    9/25 peers    958 KiB chain    1 MiB queue  RPC:  0 conn,    0 req/s,    0 µs
2021-09-21 22:20:31 UTC Syncing #13271805 0x4371…4815     0.00 blk/s    0.0 tx/s    0.0 Mgas/s      0+    7 Qed Ancient:#5526168 LI:#13271813    8/25 peers    958 KiB chain    1 MiB queue  RPC:  0 conn,    0 req/s,    0 µs
2021-09-21 22:20:36 UTC Syncing #13271806 0xda16…8b30     0.16 blk/s   19.6 tx/s    2.0 Mgas/s      0+    7 Qed Ancient:#5526169 LI:#13271813    6/25 peers    958 KiB chain    1 MiB queue  RPC:  0 conn,    0 req/s,    0 µs
2021-09-21 22:20:37 UTC Syncing #13271806 0xda16…8b30     0.00 blk/s    0.0 tx/s    0.0 Mgas/s      0+    7 Qed Ancient:#5526489 LI:#13271813    6/25 peers      5 MiB chain    1 MiB queue  RPC:  0 conn,    0 req/s,    0 µs
2021-09-21 22:20:44 UTC Syncing #13271806 0xda16…8b30     0.00 blk/s    0.0 tx/s    0.0 Mgas/s      0+    6 Qed Ancient:#5526489 LI:#13271813    2/25 peers      5 MiB chain    1 MiB queue  RPC:  0 conn,    0 req/s,    0 µs
2021-09-21 22:20:47 UTC Syncing #13271806 0xda16…8b30     0.00 blk/s    0.0 tx/s    0.0 Mgas/s      0+    6 Qed Ancient:#5526489 LI:#13271813    2/25 peers      5 MiB chain    1 MiB queue  RPC:  0 conn,    0 req/s,    0 µs
2021-09-21 22:20:56 UTC Syncing #13271806 0xda16…8b30     0.00 blk/s    0.0 tx/s    0.0 Mgas/s      0+    6 Qed Ancient:#5526489 LI:#13271813    2/25 peers      5 MiB chain    1 MiB queue  RPC:  0 conn,    0 req/s,    0 µs
2021-09-21 22:20:57 UTC Syncing #13271808 0xb5a4…b62f     0.40 blk/s   35.2 tx/s    2.4 Mgas/s      0+    4 Qed Ancient:#5526491 LI:#13271813    2/25 peers      5 MiB chain    1 MiB queue  RPC:  0 conn,    0 req/s,    0 µs
2021-09-21 22:21:29 UTC  Ancient:#5526492 AB:#5530009    1/25 peers      5 MiB chain  683 KiB queue  RPC:  0 conn,    0 req/s,    0 µs