2021-09-21 21:09:33 UTC  Ancient:#5484037 AB:#5484037    9/25 peers      4 MiB chain  0 bytes queue  RPC:  0 conn,    0 req/s,    0 µs
2021-09-21 21:09:53 UTC Imported #13271495 0xb047…1927 (205 txs, 29.99 Mgas, 13822 ms, 82.58 KiB)
2021-09-21 21:10:04 UTC  Ancient:#5484037 AB:#5484037    5/25 peers      5 MiB chain   64 KiB queue  RPC:  0 conn,    0 req/s,    0 µs
2021-09-21 21:10:34 UTC  Ancient:#5484039 AB:#5485095    3/25 peers      5 MiB chain  100 KiB queue  RPC:  0 conn,    0 req/s,    0 µs
2021-09-21 21:10:47 UTC Imported #13271501 0x8c0f…d439 (67 txs, 11.60 Mgas, 4524 ms, 25.31 KiB)
2021-09-21 21:11:20 UTC  Ancient:#5485307 AB:#5485312    3/25 peers      2 MiB chain  0 bytes queue  RPC:  0 conn,    0 req/s,    0 µs
2021-09-21 21:11:44 UTC Imported #13271502 0xa259…94bc (200 txs, 18.17 Mgas, 12858 ms, 86.89 KiB)
2021-09-21 21:12:15 UTC  Ancient:#5485312 AB:#5485312    0/25 peers      2 MiB chain  0 bytes queue  RPC:  0 conn,    0 req/s,    0 µs
2021-09-21 21:13:25 UTC  Ancient:#5485312 AB:#5485312    1/25 peers      2 MiB chain  0 bytes queue  RPC:  0 conn,    0 req/s,    0 µs
2021-09-21 21:15:39 UTC  Ancient:#5485312 AB:#5485312    1/25 peers      3 MiB chain  0 bytes queue  RPC:  0 conn,    0 req/s,    0 µs
2021-09-21 21:16:09 UTC  Ancient:#5485312 AB:#5485312    0/25 peers      3 MiB chain  0 bytes queue  RPC:  0 conn,    0 req/s,    0 µs
2021-09-21 21:16:39 UTC  Ancient:#5485312 AB:#5485312    0/25 peers      3 MiB chain  0 bytes queue  RPC:  0 conn,    0 req/s,    0 µs
2021-09-21 21:16:54 UTC Syncing #13271502 0xa259…94bc     0.00 blk/s    0.0 tx/s    0.0 Mgas/s      0+   20 Qed Ancient:#5485312 LI:#13271523    8/25 peers      3 MiB chain    4 MiB queue  RPC:  0 conn,    0 req/s,    0 µs
2021-09-21 21:16:59 UTC Syncing #13271502 0xa259…94bc     0.00 blk/s    0.0 tx/s    0.0 Mgas/s      0+   21 Qed Ancient:#5485312 LI:#13271524   11/25 peers      3 MiB chain    5 MiB queue  RPC:  0 conn,    0 req/s,    0 µs
2021-09-21 21:17:04 UTC Syncing #13271504 0x708f…ec80     0.40 blk/s   38.4 tx/s    3.4 Mgas/s      0+   19 Qed Ancient:#5485312 LI:#13271524   11/25 peers      3 MiB chain    4 MiB queue  RPC:  0 conn,    0 req/s,    0 µs
2021-09-21 21:17:09 UTC Syncing #13271504 0x708f…ec80     0.00 blk/s    0.0 tx/s    0.0 Mgas/s      0+   21 Qed Ancient:#5485312 LI:#13271526   10/25 peers      5 MiB chain    5 MiB queue  RPC:  0 conn,    0 req/s,    0 µs
2021-09-21 21:17:09 UTC Panic occured, see stderr for details


====================

   0: panic_hook::set_with::{{closure}}
   1: std::panicking::rust_panic_with_hook
             at /rustc/2fd73fabe469357a12c2c974c140f67e7cdd76d0/library/std/src/panicking.rs:595:17
   2: std::panicking::begin_panic_handler::{{closure}}
             at /rustc/2fd73fabe469357a12c2c974c140f67e7cdd76d0/library/std/src/panicking.rs:497:13
   3: std::sys_common::backtrace::__rust_end_short_backtrace
             at /rustc/2fd73fabe469357a12c2c974c140f67e7cdd76d0/library/std/src/sys_common/backtrace.rs:141:18
   4: rust_begin_unwind
             at /rustc/2fd73fabe469357a12c2c974c140f67e7cdd76d0/library/std/src/panicking.rs:493:5
   5: core::panicking::panic_fmt
             at /rustc/2fd73fabe469357a12c2c974c140f67e7cdd76d0/library/core/src/panicking.rs:92:14
   6: core::option::expect_none_failed
             at /rustc/2fd73fabe469357a12c2c974c140f67e7cdd76d0/library/core/src/option.rs:1300:5
   7: ethcore_blockchain::blockchain::BlockChain::prepare_update
   8: ethcore_blockchain::blockchain::BlockChain::insert_block
   9: ethcore::client::client::Importer::import_verified_blocks
  10: <ethcore_service::service::ClientIoHandler as ethcore_io::IoHandler<ethcore::client::io_message::ClientIoMessage>>::message
  11: ethcore_io::worker::Worker::new::{{closure}}::{{closure}}
  12: <futures::future::loop_fn::LoopFn<A,F> as futures::future::Future>::poll
  13: std::sys_common::backtrace::__rust_begin_short_backtrace
  14: core::ops::function::FnOnce::call_once{{vtable.shim}}
  15: <alloc::boxed::Box<F,A> as core::ops::function::FnOnce<Args>>::call_once
             at /rustc/2fd73fabe469357a12c2c974c140f67e7cdd76d0/library/alloc/src/boxed.rs:1521:9
      <alloc::boxed::Box<F,A> as core::ops::function::FnOnce<Args>>::call_once
             at /rustc/2fd73fabe469357a12c2c974c140f67e7cdd76d0/library/alloc/src/boxed.rs:1521:9
      std::sys::unix::thread::Thread::new::thread_start
             at /rustc/2fd73fabe469357a12c2c974c140f67e7cdd76d0/library/std/src/sys/unix/thread.rs:71:17
  16: start_thread
  17: __clone


Thread 'Worker Client2' panicked at 'Low level database error when updating blooms. Some issue with disk?: Os { code: 11, kind: WouldBlock, message: "Resource temporarily unavailable" }', crates/ethcore/blockchain/src/blockchain.rs:1465

This is a bug. Please report it at:

    https://github.com/openethereum/openethereum/issues/new


2021-09-21 21:17:09 UTC Finishing work, please wait...
Error: 1