2021-06-03 22:43:02 UTC  25/25 peers      3 MiB chain  164 KiB queue  RPC:  0 conn,    0 req/s,    0 µs
2021-06-03 22:43:25 UTC Imported #12564284 0xe131…4d0c (231 txs, 14.99 Mgas, 3584 ms, 54.13 KiB)
2021-06-03 22:43:36 UTC  26/50 peers      4 MiB chain   81 KiB queue  RPC:  0 conn,    0 req/s,    0 µs
2021-06-03 22:43:50 UTC Imported #12564287 0xcca1…df5e (129 txs, 14.97 Mgas, 4820 ms, 46.47 KiB)
2021-06-03 22:44:09 UTC  27/50 peers      4 MiB chain  0 bytes queue  RPC:  0 conn,    0 req/s,    0 µs
2021-06-03 22:44:22 UTC Imported #12564288 0x371e…adb1 (240 txs, 14.98 Mgas, 5404 ms, 61.66 KiB)
2021-06-03 22:44:29 UTC Imported #12564289 0x42f9…4691 (169 txs, 14.83 Mgas, 4387 ms, 53.75 KiB)
2021-06-03 22:44:37 UTC Imported #12564290 0xef09…2ab8 (163 txs, 14.97 Mgas, 6302 ms, 47.90 KiB)
2021-06-03 22:44:45 UTC Imported #12564291 0xccd3…684d (155 txs, 14.98 Mgas, 6969 ms, 45.38 KiB)
2021-06-03 22:44:52 UTC  28/50 peers      5 MiB chain    1 KiB queue  RPC:  0 conn,    0 req/s,    0 µs
2021-06-03 22:45:26 UTC Imported #12564295 0x57f0…7ebf (223 txs, 14.99 Mgas, 4327 ms, 64.95 KiB)
2021-06-03 22:45:28 UTC  29/50 peers      5 MiB chain  0 bytes queue  RPC:  0 conn,    0 req/s,    0 µs
2021-06-03 22:45:44 UTC Imported #12564296 0xb86b…a946 (213 txs, 14.97 Mgas, 4018 ms, 48.62 KiB)
2021-06-03 22:45:59 UTC  29/50 peers      5 MiB chain  0 bytes queue  RPC:  0 conn,    0 req/s,    0 µs
2021-06-03 22:46:23 UTC Imported #12564297 0xc8f7…f7b7 (264 txs, 15.00 Mgas, 4594 ms, 59.75 KiB)
2021-06-03 22:46:34 UTC Imported #12564298 0xcab5…0dc8 (162 txs, 14.98 Mgas, 4225 ms, 51.81 KiB)
2021-06-03 22:46:42 UTC  31/50 peers      5 MiB chain  0 bytes queue  RPC:  0 conn,    0 req/s,    0 µs
2021-06-03 22:47:07 UTC Imported #12564300 0x0dc9…162f (227 txs, 14.97 Mgas, 4800 ms, 56.21 KiB)
2021-06-03 22:47:20 UTC  31/50 peers      5 MiB chain  0 bytes queue  RPC:  0 conn,    0 req/s,    0 µs
2021-06-03 22:47:37 UTC Imported #12564301 0x60cd…6b2a (219 txs, 14.96 Mgas, 4591 ms, 60.07 KiB)
2021-06-03 22:47:48 UTC Imported #12564302 0x4e87…49f3 (169 txs, 14.95 Mgas, 4776 ms, 49.09 KiB)
2021-06-03 22:47:56 UTC Imported #12564303 0xfdce…0834 (158 txs, 14.55 Mgas, 5786 ms, 45.09 KiB)
2021-06-03 22:48:01 UTC  31/50 peers      6 MiB chain  0 bytes queue  RPC:  0 conn,    0 req/s,    0 µs
2021-06-03 22:48:11 UTC Imported #12564304 0x851f…332b (186 txs, 14.96 Mgas, 7491 ms, 49.66 KiB)
2021-06-03 22:48:39 UTC  31/50 peers      6 MiB chain  477 KiB queue  RPC:  0 conn,    0 req/s,    0 µs
2021-06-03 22:48:39 UTC  31/50 peers      6 MiB chain  477 KiB queue  RPC:  0 conn,    0 req/s,    0 µs
2021-06-03 22:48:57 UTC Imported #12564308 0xa62d…0b3e (139 txs, 14.71 Mgas, 7063 ms, 44.15 KiB)
2021-06-03 22:49:07 UTC Imported #12564309 0xd095…5c27 (209 txs, 14.91 Mgas, 5127 ms, 64.61 KiB)
2021-06-03 22:49:14 UTC Imported #12564310 0x4a9c…e96f (151 txs, 14.93 Mgas, 3802 ms, 57.48 KiB)
2021-06-03 22:49:15 UTC  31/50 peers      6 MiB chain  0 bytes queue  RPC:  0 conn,    0 req/s,    0 µs
2021-06-03 22:49:21 UTC Imported #12564311 0x5044…81e1 (167 txs, 14.92 Mgas, 3674 ms, 54.49 KiB)
2021-06-03 22:49:47 UTC Imported #12564312 0xfd22…835d (217 txs, 14.92 Mgas, 5861 ms, 52.19 KiB)
2021-06-03 22:49:59 UTC  28/50 peers      5 MiB chain  281 KiB queue  RPC:  0 conn,    0 req/s,    0 µs