2021-06-03 22:49:15 UTC  31/50 peers      6 MiB chain  0 bytes queue  RPC:  0 conn,    0 req/s,    0 µs
2021-06-03 22:49:21 UTC Imported #12564311 0x5044…81e1 (167 txs, 14.92 Mgas, 3674 ms, 54.49 KiB)
2021-06-03 22:49:47 UTC Imported #12564312 0xfd22…835d (217 txs, 14.92 Mgas, 5861 ms, 52.19 KiB)
2021-06-03 22:49:59 UTC  28/50 peers      5 MiB chain  281 KiB queue  RPC:  0 conn,    0 req/s,    0 µs
2021-06-03 22:50:30 UTC  28/50 peers      6 MiB chain    1 KiB queue  RPC:  0 conn,    0 req/s,    0 µs
2021-06-03 22:50:35 UTC Imported #12564318 0xc2a1…f614 (0 txs, 0.00 Mgas, 21 ms, 0.52 KiB)
2021-06-03 22:50:47 UTC Imported #12564319 0x4abe…c9a1 (203 txs, 14.96 Mgas, 5834 ms, 53.29 KiB)
2021-06-03 22:50:55 UTC Imported #12564320 0x9ac6…4ef1 (170 txs, 14.93 Mgas, 8052 ms, 49.87 KiB)
2021-06-03 22:51:07 UTC   4/25 peers      6 MiB chain  0 bytes queue  RPC:  0 conn,    0 req/s,    0 µs
2021-06-03 22:51:12 UTC Imported #12564321 0x33e5…52db (216 txs, 14.95 Mgas, 5947 ms, 52.62 KiB)
2021-06-03 22:51:45 UTC  11/25 peers      6 MiB chain    1 KiB queue  RPC:  0 conn,    0 req/s,    0 µs
2021-06-03 22:51:45 UTC Imported #12564325 0x7233…f75f (0 txs, 0.00 Mgas, 14 ms, 0.52 KiB)
2021-06-03 22:52:10 UTC  11/25 peers      6 MiB chain  0 bytes queue  RPC:  0 conn,    0 req/s,    0 µs
2021-06-03 22:52:30 UTC Imported #12564326 0xb99a…f84e (263 txs, 14.97 Mgas, 5560 ms, 58.44 KiB)
2021-06-03 22:52:44 UTC  18/25 peers      6 MiB chain  0 bytes queue  RPC:  0 conn,    0 req/s,    0 µs
2021-06-03 22:52:46 UTC Imported #12564327 0xadad…865d (235 txs, 14.97 Mgas, 5409 ms, 64.05 KiB)
2021-06-03 22:52:59 UTC Imported #12564328 0xe8c8…ad50 (164 txs, 14.80 Mgas, 5342 ms, 87.80 KiB)
2021-06-03 22:53:04 UTC Reorg to #12564328 0xb6f1…b354 (0xe8c8…ad50 #12564327 0xadad…865d )
2021-06-03 22:53:16 UTC  18/25 peers      6 MiB chain  188 KiB queue  RPC:  0 conn,    0 req/s,    0 µs
2021-06-03 22:53:36 UTC Imported #12564332 0xf096…a057 (235 txs, 14.78 Mgas, 7481 ms, 49.23 KiB)
2021-06-03 22:53:50 UTC  16/25 peers      1 MiB chain  210 KiB queue  RPC:  0 conn,    0 req/s,    0 µs
2021-06-03 22:53:56 UTC Imported #12564334 0x6538…9185 (142 txs, 14.96 Mgas, 5728 ms, 59.87 KiB)
2021-06-03 22:54:25 UTC  25/25 peers      3 MiB chain  0 bytes queue  RPC:  0 conn,    0 req/s,    0 µs
2021-06-03 22:54:37 UTC Imported #12564335 0xc900…9821 (290 txs, 14.99 Mgas, 4010 ms, 52.69 KiB)
2021-06-03 22:54:55 UTC  28/50 peers      3 MiB chain  0 bytes queue  RPC:  0 conn,    0 req/s,    0 µs
2021-06-03 22:55:13 UTC Imported #12564340 0xef42…97cf (155 txs, 14.97 Mgas, 5208 ms, 56.64 KiB)
2021-06-03 22:55:25 UTC  26/50 peers      3 MiB chain  0 bytes queue  RPC:  0 conn,    0 req/s,    0 µs
2021-06-03 22:55:51 UTC Imported #12564341 0x8966…6bc0 (438 txs, 14.97 Mgas, 3995 ms, 64.19 KiB)
2021-06-03 22:55:55 UTC Imported #12564341 0x5e41…eca0 (470 txs, 14.99 Mgas, 3126 ms, 63.56 KiB)
2021-06-03 22:56:02 UTC Reorg to #12564342 0xc199…c2c6 (0x8966…6bc0 #12564340 0xef42…97cf 0x5e41…eca0)
2021-06-03 22:56:05 UTC Imported #12564342 0xc199…c2c6 (212 txs, 14.95 Mgas, 3721 ms, 58.54 KiB)
2021-06-03 22:56:05 UTC  26/50 peers      4 MiB chain  0 bytes queue  RPC:  0 conn,    0 req/s,    0 µs