INFO [10-01|20:16:14.176] State heal in progress                   accounts=2533@168.71KiB slots=40@3.20KiB codes=11110@94.32MiB nodes=267,395,026@77.65GiB pending=4363
WARN [10-01|20:16:14.257] Unexpected trienode heal packet          peer=20b2dab1 reqid=9,073,084,641,171,578,661
WARN [10-01|20:16:14.368] Unexpected trienode heal packet          peer=00f6ec95 reqid=8,991,760,508,110,116,500
WARN [10-01|20:16:14.537] Unexpected trienode heal packet          peer=ae29fb67 reqid=8,286,157,544,755,656,936
WARN [10-01|20:16:14.878] Unexpected trienode heal packet          peer=244de030 reqid=5,085,586,281,221,885,938
INFO [10-01|20:16:15.165] Looking for peers                        peercount=18 tried=2 static=0
INFO [10-01|20:16:15.895] Imported new block headers               count=1    elapsed=6.669ms   number=13,335,557 hash=df1b93..39f88d
ERROR[10-01|20:16:18.771] Snapshot extension registration failed   peer=4d20b464 err="peer connected on snap without compatible eth support"
INFO [10-01|20:16:19.353] Imported new block headers               count=1    elapsed=6.612ms   number=13,335,558 hash=3b5142..9eb50c
WARN [10-01|20:16:19.640] Unexpected trienode heal packet          peer=69ac5a72 reqid=1,777,159,235,732,354,234
INFO [10-01|20:16:24.705] State heal in progress                   accounts=2533@168.71KiB slots=40@3.20KiB codes=11110@94.32MiB nodes=267,397,155@77.65GiB pending=26631
INFO [10-01|20:16:25.167] Looking for peers                        peercount=17 tried=3 static=0
INFO [10-01|20:16:33.703] State heal in progress                   accounts=2533@168.71KiB slots=40@3.20KiB codes=11110@94.32MiB nodes=267,398,911@77.65GiB pending=51121
INFO [10-01|20:16:35.169] Looking for peers                        peercount=18 tried=4 static=0
INFO [10-01|20:16:41.933] State heal in progress                   accounts=2533@168.71KiB slots=40@3.20KiB codes=11110@94.32MiB nodes=267,400,361@77.65GiB pending=53995
INFO [10-01|20:16:45.170] Looking for peers                        peercount=18 tried=2 static=0
ERROR[10-01|20:16:48.862] Snapshot extension registration failed   peer=9ad7381d err="peer connected on snap without compatible eth support"
INFO [10-01|20:16:51.120] State heal in progress                   accounts=2533@168.71KiB slots=40@3.20KiB codes=11110@94.32MiB nodes=267,402,009@77.65GiB pending=57698
INFO [10-01|20:16:54.132] Imported new block headers               count=2    elapsed=12.569ms  number=13,335,560 hash=f66888..b1ed2b
INFO [10-01|20:16:55.171] Looking for peers                        peercount=19 tried=2 static=0
INFO [10-01|20:17:00.462] Imported new block headers               count=1    elapsed=6.611ms   number=13,335,561 hash=906fdb..88ddec
INFO [10-01|20:17:01.028] State heal in progress                   accounts=2533@168.71KiB slots=40@3.20KiB codes=11110@94.32MiB nodes=267,403,694@77.65GiB pending=64517
INFO [10-01|20:17:01.204] Downloader queue stats                   receiptTasks=0   blockTasks=0   itemSize=170.58KiB throttle=1537
INFO [10-01|20:17:05.646] Looking for peers                        peercount=19 tried=2 static=0
INFO [10-01|20:17:10.256] State heal in progress                   accounts=2533@168.71KiB slots=40@3.20KiB codes=11110@94.32MiB nodes=267,404,740@77.65GiB pending=69231
ERROR[10-01|20:17:15.516] Snapshot extension registration failed   peer=70d956b8 err="peer connected on snap without compatible eth support"
INFO [10-01|20:17:15.647] Looking for peers                        peercount=18 tried=4 static=0
INFO [10-01|20:17:23.124] State heal in progress                   accounts=2533@168.71KiB slots=40@3.20KiB codes=11110@94.32MiB nodes=267,406,214@77.65GiB pending=75337
INFO [10-01|20:17:25.648] Looking for peers                        peercount=20 tried=2 static=0
INFO [10-01|20:17:29.848] Imported new block headers               count=1    elapsed=10.793ms  number=13,335,562 hash=7fdf5f..6dcdc0
ERROR[10-01|20:17:29.862] Snapshot extension registration failed   peer=669e0d83 err="peer connected on snap without compatible eth support"
INFO [10-01|20:17:35.650] Looking for peers                        peercount=19 tried=4 static=0
INFO [10-01|20:17:36.114] State heal in progress                   accounts=2533@168.71KiB slots=40@3.20KiB codes=11110@94.32MiB nodes=267,407,388@77.65GiB pending=78864
INFO [10-01|20:17:45.469] State heal in progress                   accounts=2533@168.71KiB slots=40@3.20KiB codes=11110@94.32MiB nodes=267,408,250@77.65GiB pending=79742
INFO [10-01|20:17:45.652] Looking for peers                        peercount=20 tried=2 static=0
ERROR[10-01|20:17:50.874] Snapshot extension registration failed   peer=20dcc090 err="peer connected on snap without compatible eth support"
ERROR[10-01|20:17:51.612] Snapshot extension registration failed   peer=9a2e6f86 err="peer connected on snap without compatible eth support"
INFO [10-01|20:17:53.758] State heal in progress                   accounts=2533@168.71KiB slots=40@3.20KiB codes=11110@94.32MiB nodes=267,409,025@77.65GiB pending=80909
INFO [10-01|20:17:55.654] Looking for peers                        peercount=20 tried=4 static=0
INFO [10-01|20:18:02.773] State heal in progress                   accounts=2533@168.71KiB slots=40@3.20KiB codes=11110@94.32MiB nodes=267,410,119@77.65GiB pending=82741
INFO [10-01|20:18:05.655] Looking for peers                        peercount=20 tried=3 static=0
INFO [10-01|20:18:11.422] State heal in progress                   accounts=2550@169.98KiB slots=40@3.20KiB codes=11110@94.32MiB nodes=267,411,042@77.65GiB pending=83640
INFO [10-01|20:18:15.656] Looking for peers                        peercount=21 tried=3 static=0
INFO [10-01|20:18:19.522] State heal in progress                   accounts=2625@175.85KiB slots=40@3.20KiB codes=11110@94.32MiB nodes=267,412,002@77.65GiB pending=84479
INFO [10-01|20:18:23.097] State heal in progress                   accounts=2650@177.45KiB slots=40@3.20KiB codes=11110@94.32MiB nodes=267,412,357@77.65GiB pending=84774
WARN [10-01|20:18:23.097] Synchronisation failed, dropping peer    peer=c6bd5b72720cd0bee28932f4b0c17dcef08808858742bdd84679931721d72c18 err="action from bad peer ignored: header request timed out"
WARN [10-01|20:18:23.262] Unexpected trienode heal packet          peer=ae29fb67 reqid=4,410,297,620,544,464,362
WARN [10-01|20:18:23.308] Unexpected trienode heal packet          peer=69ac5a72 reqid=3,482,919,678,111,076,330
WARN [10-01|20:18:23.334] Unexpected trienode heal packet          peer=244de030 reqid=6,743,584,291,157,097,789
INFO [10-01|20:18:25.658] Looking for peers                        peercount=20 tried=3 static=0
INFO [10-01|20:18:27.333] Disabling direct-ancient mode            origin=13,335,492 ancient=12,976,127
INFO [10-01|20:18:28.205] Imported new block headers               count=0    elapsed=181.025ms number=13,335,562 hash=7fdf5f..6dcdc0 age=1m40s    ignored=70
INFO [10-01|20:18:28.701] Downloader queue stats                   receiptTasks=0   blockTasks=0   itemSize=194.71KiB throttle=1347
INFO [10-01|20:18:28.734] Imported new block receipts              count=7    elapsed=32.931ms  number=13,335,499 hash=814ad9..06af74 age=15m48s   size=908.50KiB
INFO [10-01|20:18:29.632] State heal in progress                   accounts=2650@177.45KiB slots=40@3.20KiB codes=11110@94.32MiB nodes=267,412,630@77.65GiB pending=4364
WARN [10-01|20:18:29.796] Unexpected trienode heal packet          peer=ae29fb67 reqid=3,453,411,730,652,495,165
WARN [10-01|20:18:29.827] Unexpected trienode heal packet          peer=00f6ec95 reqid=7,011,644,977,856,417,897
WARN [10-01|20:18:30.012] Unexpected trienode heal packet          peer=244de030 reqid=6,826,697,548,974,933,059
ERROR[10-01|20:18:30.650] Snapshot extension registration failed   peer=95f23c57 err="peer connected on snap without compatible eth support"
WARN [10-01|20:18:31.195] Unexpected trienode heal packet          peer=69ac5a72 reqid=1,435,522,673,972,469,227
INFO [10-01|20:18:32.374] Imported new block headers               count=1    elapsed=8.262ms   number=13,335,563 hash=24925c..1396a9 age=1m42s
INFO [10-01|20:18:35.659] Looking for peers                        peercount=20 tried=3 static=0
INFO [10-01|20:18:39.429] State heal in progress                   accounts=2650@177.45KiB slots=40@3.20KiB codes=11110@94.32MiB nodes=267,416,022@77.66GiB pending=44466
INFO [10-01|20:18:45.527] Imported new block headers               count=1    elapsed=6.334ms   number=13,335,564 hash=ffb29e..9d75a1 age=1m48s
INFO [10-01|20:18:45.661] Looking for peers                        peercount=21 tried=3 static=0
INFO [10-01|20:18:52.613] State heal in progress                   accounts=2650@177.45KiB slots=40@3.20KiB codes=11110@94.32MiB nodes=267,416,874@77.66GiB pending=47101
INFO [10-01|20:18:55.662] Looking for peers                        peercount=24 tried=3 static=0
ERROR[10-01|20:18:58.314] Snapshot extension registration failed   peer=78b25cdc err="peer connected on snap without compatible eth support"
INFO [10-01|20:19:01.941] Imported new block headers               count=1    elapsed=7.081ms   number=13,335,565 hash=cd5388..0921ed age=1m37s
INFO [10-01|20:19:05.662] Looking for peers                        peercount=24 tried=3 static=0
INFO [10-01|20:19:10.218] State heal in progress                   accounts=2650@177.45KiB slots=40@3.20KiB codes=11110@94.32MiB nodes=267,418,438@77.66GiB pending=50562
INFO [10-01|20:19:15.837] Looking for peers                        peercount=24 tried=4 static=0
WARN [10-01|20:19:17.230] Unexpected trienode heal packet          peer=6648a16a reqid=1,967,903,851,602,247,497
ERROR[10-01|20:19:19.439] Snapshot extension registration failed   peer=20dcc090 err="peer connected on snap without compatible eth support"
INFO [10-01|20:19:20.999] State heal in progress                   accounts=2650@177.45KiB slots=40@3.20KiB codes=11110@94.32MiB nodes=267,420,648@77.66GiB pending=55835
INFO [10-01|20:19:22.006] State heal in progress                   accounts=2650@177.45KiB slots=40@3.20KiB codes=11110@94.32MiB nodes=267,420,801@77.66GiB pending=56232
WARN [10-01|20:19:22.006] Synchronisation failed, dropping peer    peer=576cf8008a8140371d79708357368412c4679ad420d20db3f37f921d992ab928 err="action from bad peer ignored: header request timed out"
WARN [10-01|20:19:22.206] Unexpected trienode heal packet          peer=ae29fb67 reqid=6,459,145,246,582,629,586
WARN [10-01|20:19:22.244] Unexpected trienode heal packet          peer=244de030 reqid=3,427,002,384,112,870,601
INFO [10-01|20:19:22.268] Disabling direct-ancient mode            origin=13,335,499 ancient=12,976,127
WARN [10-01|20:19:22.332] Unexpected trienode heal packet          peer=69ac5a72 reqid=4,507,747,585,377,050,436
WARN [10-01|20:19:22.353] Unexpected trienode heal packet          peer=6648a16a reqid=5,310,647,518,705,656,092
INFO [10-01|20:19:22.483] Imported new block headers               count=1    elapsed=183.173ms number=13,335,566 hash=aacb08..26f037 ignored=66
INFO [10-01|20:19:23.023] Imported new block receipts              count=3    elapsed=8.625ms   number=13,335,502 hash=a41f58..297352 age=16m14s   size=195.70KiB
INFO [10-01|20:19:23.615] State heal in progress                   accounts=2650@177.45KiB slots=40@3.20KiB codes=11110@94.32MiB nodes=267,421,074@77.66GiB pending=4365
WARN [10-01|20:19:23.810] Unexpected trienode heal packet          peer=00f6ec95 reqid=6,776,943,066,947,478,283
WARN [10-01|20:19:23.838] Unexpected trienode heal packet          peer=ae29fb67 reqid=5,919,369,311,334,418,118
WARN [10-01|20:19:23.853] Unexpected trienode heal packet          peer=244de030 reqid=7,031,467,681,854,379,607
WARN [10-01|20:19:23.856] Unexpected trienode heal packet          peer=6648a16a reqid=4,526,108,417,501,887,191
WARN [10-01|20:19:23.887] Unexpected trienode heal packet          peer=69ac5a72 reqid=6,155,393,814,392,998,316
ERROR[10-01|20:19:25.497] Snapshot extension registration failed   peer=9bd3dcce err="peer connected on snap without compatible eth support"
INFO [10-01|20:19:26.358] Looking for peers                        peercount=21 tried=4 static=0
INFO [10-01|20:19:36.660] Looking for peers                        peercount=22 tried=3 static=0
ERROR[10-01|20:19:36.724] Snapshot extension registration failed   peer=50a867f1 err="peer connected on snap without compatible eth support"
ERROR[10-01|20:19:37.001] Snapshot extension registration failed   peer=78b141fd err="peer connected on snap without compatible eth support"
INFO [10-01|20:19:41.579] State heal in progress                   accounts=2650@177.45KiB slots=40@3.20KiB codes=11110@94.32MiB nodes=267,425,346@77.66GiB pending=47657
WARN [10-01|20:19:44.422] Checkpoint challenge timed out, dropping id=6156d1997b59c5d2 conn=inbound addr=68.183.181.202:34124  type=OpenEthereum/v3.3.0-...
INFO [10-01|20:19:48.375] Looking for peers                        peercount=22 tried=3 static=0
INFO [10-01|20:19:55.135] Imported new block headers               count=2    elapsed=13.738ms  number=13,335,568 hash=f712b3..5fe63b
INFO [10-01|20:19:55.645] Downloader queue stats                   receiptTasks=0   blockTasks=0   itemSize=174.40KiB throttle=1504
INFO [10-01|20:19:56.496] State heal in progress                   accounts=2650@177.45KiB slots=40@3.20KiB codes=11110@94.32MiB nodes=267,426,238@77.66GiB pending=50770
INFO [10-01|20:19:58.539] Looking for peers                        peercount=25 tried=2 static=0
INFO [10-01|20:20:01.166] Imported new block headers               count=1    elapsed=6.972ms   number=13,335,569 hash=bce4ec..d560a0
WARN [10-01|20:20:03.718] Checkpoint challenge timed out, dropping id=76d6aa09ef33f21c conn=inbound addr=159.65.9.192:49926    type=OpenEthereum/v3.3.0-...
INFO [10-01|20:20:04.530] State heal in progress                   accounts=2650@177.45KiB slots=40@3.20KiB codes=11110@94.32MiB nodes=267,428,537@77.66GiB pending=55812
INFO [10-01|20:20:07.242] Imported new block headers               count=1    elapsed=7.131ms   number=13,335,570 hash=c4fb5d..220f7a
ERROR[10-01|20:20:07.573] Snapshot extension registration failed   peer=85512e24 err="peer connected on snap without compatible eth support"
ERROR[10-01|20:20:07.629] Snapshot extension registration failed   peer=20dcc090 err="peer connected on snap without compatible eth support"
INFO [10-01|20:20:08.547] Looking for peers                        peercount=23 tried=2 static=0
INFO [10-01|20:20:12.874] State heal in progress                   accounts=2650@177.45KiB slots=40@3.20KiB codes=11110@94.32MiB nodes=267,429,969@77.66GiB pending=60277
INFO [10-01|20:20:19.053] Looking for peers                        peercount=23 tried=3 static=0
INFO [10-01|20:20:21.608] State heal in progress                   accounts=2650@177.45KiB slots=40@3.20KiB codes=11110@94.32MiB nodes=267,431,217@77.66GiB pending=62577
INFO [10-01|20:20:30.144] Looking for peers                        peercount=25 tried=3 static=0
INFO [10-01|20:20:30.484] State heal in progress                   accounts=2650@177.45KiB slots=40@3.20KiB codes=11110@94.32MiB nodes=267,432,081@77.66GiB pending=63547
ERROR[10-01|20:20:30.850] Snapshot extension registration failed   peer=89027a8b err="peer connected on snap without compatible eth support"
INFO [10-01|20:20:34.395] Imported new block headers               count=1    elapsed=6.346ms   number=13,335,571 hash=d3818f..3ecfa6
ERROR[10-01|20:20:34.536] Snapshot extension registration failed   peer=20dcc090 err="peer connected on snap without compatible eth support"
INFO [10-01|20:20:39.548] State heal in progress                   accounts=2650@177.45KiB slots=40@3.20KiB codes=11110@94.32MiB nodes=267,433,123@77.66GiB pending=64995
WARN [10-01|20:20:39.715] Dropping unsynced node during sync       id=8362f7cc4da2fb5e conn=inbound addr=144.137.20.70:46922   type=Nethermind/v1.11.3-0...
INFO [10-01|20:20:40.247] Looking for peers                        peercount=26 tried=4 static=0
WARN [10-01|20:20:40.500] Dropping unsynced node during sync       id=354a17dd1cdbecb0 conn=inbound addr=110.175.17.80:49970   type=Geth/v1.10.8-stable-...
WARN [10-01|20:20:41.704] Checkpoint challenge timed out, dropping id=9e8fd5cdf84aff50 conn=inbound addr=27.111.169.25:30439   type=OpenEthereum/v3.3.0-...
ERROR[10-01|20:20:45.726] Snapshot extension registration failed   peer=95f23c57 err="peer connected on snap without compatible eth support"
ERROR[10-01|20:20:47.940] Snapshot extension registration failed   peer=78b141fd err="peer connected on snap without compatible eth support"
INFO [10-01|20:20:49.709] State heal in progress                   accounts=2650@177.45KiB slots=40@3.20KiB codes=11110@94.32MiB nodes=267,434,234@77.66GiB pending=66202
INFO [10-01|20:20:50.575] Looking for peers                        peercount=25 tried=4 static=0
INFO [10-01|20:20:55.764] Imported new block headers               count=1    elapsed=8.988ms   number=13,335,572 hash=904d6c..f59d6f
INFO [10-01|20:21:00.617] Looking for peers                        peercount=24 tried=2 static=0
INFO [10-01|20:21:02.364] State heal in progress                   accounts=2650@177.45KiB slots=40@3.20KiB codes=11110@94.32MiB nodes=267,435,234@77.66GiB pending=67284
INFO [10-01|20:21:02.702] Downloader queue stats                   receiptTasks=0   blockTasks=0   itemSize=174.71KiB throttle=1501
INFO [10-01|20:21:10.618] Looking for peers                        peercount=24 tried=3 static=0
INFO [10-01|20:21:11.314] State heal in progress                   accounts=2652@177.60KiB slots=40@3.20KiB codes=11110@94.32MiB nodes=267,436,131@77.66GiB pending=68498
INFO [10-01|20:21:13.714] Imported new block headers               count=2    elapsed=8.188ms   number=13,335,574 hash=327786..447453