WARN [10-01|20:36:12.991] Unexpected trienode heal packet          peer=3da508c7 reqid=4,335,956,644,592,274,419
WARN [10-01|20:36:13.010] Unexpected trienode heal packet          peer=00f6ec95 reqid=6,109,038,317,153,631,992
WARN [10-01|20:36:13.014] Unexpected trienode heal packet          peer=12b9e7f7 reqid=2,792,445,416,521,440,530
WARN [10-01|20:36:13.051] Unexpected trienode heal packet          peer=54867a2c reqid=4,408,209,510,729,296,017
WARN [10-01|20:36:13.052] Unexpected trienode heal packet          peer=244de030 reqid=5,960,725,306,463,394,042
WARN [10-01|20:36:13.105] Unexpected trienode heal packet          peer=e70811b4 reqid=7,766,166,386,662,568,603
WARN [10-01|20:36:14.486] Unexpected trienode heal packet          peer=69ac5a72 reqid=5,292,231,513,487,138,269
INFO [10-01|20:36:21.067] Looking for peers                        peercount=34 tried=3 static=0
INFO [10-01|20:36:22.435] Imported new block headers               count=1    elapsed=7.765ms   number=13,335,640 hash=256386..7e9151
INFO [10-01|20:36:24.083] State heal in progress                   accounts=8232@533.05KiB slots=2939@225.38KiB codes=11111@94.33MiB nodes=267,550,482@77.71GiB pending=40037
INFO [10-01|20:36:31.563] Looking for peers                        peercount=35 tried=3 static=0
INFO [10-01|20:36:35.180] State heal in progress                   accounts=8232@533.05KiB slots=2939@225.38KiB codes=11111@94.33MiB nodes=267,552,294@77.71GiB pending=61395
ERROR[10-01|20:36:36.313] Snapshot extension registration failed   peer=bda932ce err="peer connected on snap without compatible eth support"
INFO [10-01|20:36:39.074] Imported new block headers               count=1    elapsed=7.383ms   number=13,335,641 hash=dfb873..84864b
INFO [10-01|20:36:42.416] Looking for peers                        peercount=34 tried=3 static=0
WARN [10-01|20:36:42.808] Unexpected trienode heal packet          peer=3da508c7 reqid=8,585,521,302,083,731,760
INFO [10-01|20:36:48.529] State heal in progress                   accounts=8232@533.05KiB slots=2939@225.38KiB codes=11111@94.33MiB nodes=267,554,407@77.71GiB pending=91853
INFO [10-01|20:36:49.592] Imported new block headers               count=1    elapsed=6.927ms   number=13,335,642 hash=7d4333..6e3cd0
INFO [10-01|20:36:52.894] Looking for peers                        peercount=33 tried=3 static=0
INFO [10-01|20:37:00.659] State heal in progress                   accounts=8232@533.05KiB slots=2939@225.38KiB codes=11111@94.33MiB nodes=267,556,379@77.71GiB pending=120,295
INFO [10-01|20:37:02.919] Looking for peers                        peercount=33 tried=3 static=0
INFO [10-01|20:37:03.725] Imported new block headers               count=3    elapsed=22.974ms  number=13,335,645 hash=def0b7..65fe67
ERROR[10-01|20:37:04.268] Snapshot extension registration failed   peer=20dcc090 err="peer connected on snap without compatible eth support"
INFO [10-01|20:37:08.850] State heal in progress                   accounts=8232@533.05KiB slots=2939@225.38KiB codes=11111@94.33MiB nodes=267,557,597@77.71GiB pending=130,682
INFO [10-01|20:37:12.870] Downloader queue stats                   receiptTasks=0   blockTasks=0   itemSize=227.34KiB throttle=1154
INFO [10-01|20:37:12.919] Looking for peers                        peercount=32 tried=3 static=0
INFO [10-01|20:37:17.074] State heal in progress                   accounts=8232@533.05KiB slots=2939@225.38KiB codes=11111@94.33MiB nodes=267,558,663@77.72GiB pending=138,455
INFO [10-01|20:37:22.922] Looking for peers                        peercount=32 tried=3 static=0
ERROR[10-01|20:37:26.194] Snapshot extension registration failed   peer=2c657826 err="peer connected on snap without compatible eth support"
INFO [10-01|20:37:30.727] State heal in progress                   accounts=8232@533.05KiB slots=2939@225.38KiB codes=11111@94.33MiB nodes=267,559,381@77.72GiB pending=143,061
INFO [10-01|20:37:30.765] Imported new block headers               count=1    elapsed=6.074ms   number=13,335,646 hash=38f07f..3d2e8d
INFO [10-01|20:37:32.933] Looking for peers                        peercount=33 tried=3 static=0
INFO [10-01|20:37:37.502] Imported new block headers               count=1    elapsed=6.489ms   number=13,335,647 hash=9b0b6e..455c60
INFO [10-01|20:37:42.934] Looking for peers                        peercount=33 tried=3 static=0
INFO [10-01|20:37:52.936] Looking for peers                        peercount=34 tried=3 static=0
INFO [10-01|20:37:54.061] Imported new block headers               count=1    elapsed=6.405ms   number=13,335,648 hash=21cdaa..c81630
ERROR[10-01|20:37:55.078] Snapshot extension registration failed   peer=45950479 err="peer connected on snap without compatible eth support"
INFO [10-01|20:37:57.775] Imported new block headers               count=1    elapsed=5.478ms   number=13,335,649 hash=db945e..4746a7
INFO [10-01|20:37:58.464] State heal in progress                   accounts=8232@533.05KiB slots=2939@225.38KiB codes=11111@94.33MiB nodes=267,560,087@77.72GiB pending=143,972
ERROR[10-01|20:37:59.437] Snapshot extension registration failed   peer=5594a6ca err="peer connected on snap without compatible eth support"
WARN [10-01|20:38:01.814] Unexpected trienode heal packet          peer=c0ab3fca reqid=6,425,390,774,751,445,348
INFO [10-01|20:38:02.937] Looking for peers                        peercount=34 tried=3 static=0
INFO [10-01|20:38:12.939] Looking for peers                        peercount=34 tried=3 static=0
ERROR[10-01|20:38:17.353] Snapshot extension registration failed   peer=81c0300f err="peer connected on snap without compatible eth support"
ERROR[10-01|20:38:21.640] Snapshot extension registration failed   peer=23ec60c7 err="peer connected on snap without compatible eth support"
INFO [10-01|20:38:22.940] Looking for peers                        peercount=34 tried=3 static=0
INFO [10-01|20:38:29.947] State heal in progress                   accounts=8232@533.05KiB slots=2939@225.38KiB codes=11111@94.33MiB nodes=267,560,874@77.72GiB pending=145,085
WARN [10-01|20:38:29.951] Unexpected trienode heal packet          peer=0b3cc5e4 reqid=7,124,025,361,643,435,139
INFO [10-01|20:38:32.942] Looking for peers                        peercount=34 tried=3 static=0
INFO [10-01|20:38:40.497] State heal in progress                   accounts=8232@533.05KiB slots=2939@225.38KiB codes=11111@94.33MiB nodes=267,561,451@77.72GiB pending=148,384
WARN [10-01|20:38:40.498] Unexpected trienode heal packet          peer=69ac5a72 reqid=2,799,700,256,488,403,816
INFO [10-01|20:38:42.943] Looking for peers                        peercount=35 tried=3 static=0
INFO [10-01|20:38:52.944] Looking for peers                        peercount=32 tried=3 static=0
ERROR[10-01|20:39:00.161] Snapshot extension registration failed   peer=fd7bde42 err="peer connected on snap without compatible eth support"
INFO [10-01|20:39:02.946] Looking for peers                        peercount=32 tried=2 static=0
INFO [10-01|20:39:04.799] State heal in progress                   accounts=8232@533.05KiB slots=2939@225.38KiB codes=11111@94.33MiB nodes=267,562,147@77.72GiB pending=149,441
WARN [10-01|20:39:04.799] Unexpected trienode heal packet          peer=e70811b4 reqid=2,642,519,145,835,794,916
WARN [10-01|20:39:05.267] Unexpected trienode heal packet          peer=3da508c7 reqid=5,300,193,358,777,758,255
ERROR[10-01|20:39:06.450] Snapshot extension registration failed   peer=20dcc090 err="peer connected on snap without compatible eth support"
WARN [10-01|20:39:10.849] Dropping unsynced node during sync       id=203c010c959daac2 conn=inbound addr=85.216.26.98:39030    type=OpenEthereum/v3.3.0-...
WARN [10-01|20:39:11.534] Unexpected trienode heal packet          peer=de7b486d reqid=8,763,587,395,226,552,834
WARN [10-01|20:39:12.584] Unexpected trienode heal packet          peer=0c5b6bec reqid=2,243,246,273,224,808,713
WARN [10-01|20:39:12.708] Unexpected trienode heal packet          peer=54867a2c reqid=8,522,875,990,746,565,933
WARN [10-01|20:39:12.794] Unexpected trienode heal packet          peer=c0ab3fca reqid=4,553,200,144,829,262,836
INFO [10-01|20:39:12.834] State heal in progress                   accounts=8232@533.05KiB slots=2939@225.38KiB codes=11111@94.33MiB nodes=267,562,402@77.72GiB pending=149,911
WARN [10-01|20:39:12.835] Unexpected trienode heal packet          peer=fd937589 reqid=5,502,578,497,891,121,370
INFO [10-01|20:39:12.947] Looking for peers                        peercount=32 tried=4 static=0
WARN [10-01|20:39:12.996] Unexpected trienode heal packet          peer=0b3cc5e4 reqid=4,662,505,031,267,831,490
WARN [10-01|20:39:13.028] Unexpected trienode heal packet          peer=69ac5a72 reqid=2,673,269,078,236,147,702
INFO [10-01|20:39:22.947] Looking for peers                        peercount=33 tried=3 static=0
INFO [10-01|20:39:23.988] State heal in progress                   accounts=8232@533.05KiB slots=2939@225.38KiB codes=11111@94.33MiB nodes=267,562,773@77.72GiB pending=150,699
WARN [10-01|20:39:28.492] Dropping unsynced node during sync       id=4535e1debe9e2c3f conn=inbound addr=77.128.120.94:36052   type=Geth/v1.10.8-stable-...
ERROR[10-01|20:39:28.522] Snapshot extension registration failed   peer=4f47934c err="peer connected on snap without compatible eth support"
INFO [10-01|20:39:32.966] Looking for peers                        peercount=34 tried=3 static=0
INFO [10-01|20:39:37.301] Imported new block headers               count=1    elapsed=6.247ms   number=13,335,650 hash=ec6a98..99ed5b age=2m6s
INFO [10-01|20:39:37.968] Downloader queue stats                   receiptTasks=0   blockTasks=0   itemSize=234.79KiB throttle=1117
INFO [10-01|20:39:42.968] Looking for peers                        peercount=35 tried=3 static=0
INFO [10-01|20:39:43.308] State heal in progress                   accounts=8232@533.05KiB slots=2939@225.38KiB codes=11111@94.33MiB nodes=267,563,399@77.72GiB pending=151,910
INFO [10-01|20:39:52.021] Imported new block headers               count=1    elapsed=6.147ms   number=13,335,651 hash=f7d149..73818c age=2m2s
INFO [10-01|20:39:52.969] Looking for peers                        peercount=36 tried=3 static=0
INFO [10-01|20:40:02.970] Looking for peers                        peercount=35 tried=3 static=0
INFO [10-01|20:40:03.685] State heal in progress                   accounts=8232@533.05KiB slots=2939@225.38KiB codes=11111@94.33MiB nodes=267,564,071@77.72GiB pending=153,428
INFO [10-01|20:40:08.009] Imported new block headers               count=1    elapsed=6.227ms   number=13,335,652 hash=bff083..2a610d age=2m14s
WARN [10-01|20:40:08.554] Dropping unsynced node during sync       id=bef66dba48370506 conn=inbound addr=104.131.189.71:20314  type=OpenEthereum/v3.3.0-...
INFO [10-01|20:40:12.970] Looking for peers                        peercount=36 tried=3 static=0
INFO [10-01|20:40:13.168] State heal in progress                   accounts=8257@534.27KiB slots=2939@225.38KiB codes=11111@94.33MiB nodes=267,564,498@77.72GiB pending=154,293
INFO [10-01|20:40:15.229] Imported new block headers               count=1    elapsed=6.597ms   number=13,335,653 hash=a6401e..f25aaa
INFO [10-01|20:40:22.973] Looking for peers                        peercount=35 tried=3 static=0
ERROR[10-01|20:40:26.422] Snapshot extension registration failed   peer=d6f391f8 err="peer connected on snap without compatible eth support"
INFO [10-01|20:40:26.854] State heal in progress                   accounts=8257@534.27KiB slots=2939@225.38KiB codes=11111@94.33MiB nodes=267,564,939@77.72GiB pending=155,089
INFO [10-01|20:40:32.355] Imported new block headers               count=1    elapsed=15.603ms  number=13,335,654 hash=863eec..a2a96b
INFO [10-01|20:40:32.974] Looking for peers                        peercount=35 tried=2 static=0
ERROR[10-01|20:40:38.498] Snapshot extension registration failed   peer=db31e6f0 err="peer connected on snap without compatible eth support"
INFO [10-01|20:40:38.504] State heal in progress                   accounts=8257@534.27KiB slots=2939@225.38KiB codes=11111@94.33MiB nodes=267,565,302@77.72GiB pending=155,706
INFO [10-01|20:40:42.974] Looking for peers                        peercount=35 tried=4 static=0
INFO [10-01|20:40:46.249] Imported new block headers               count=1    elapsed=5.819ms   number=13,335,655 hash=ac02eb..1d9258
INFO [10-01|20:40:47.017] Downloader queue stats                   receiptTasks=0   blockTasks=0   itemSize=277.73KiB throttle=944
INFO [10-01|20:40:47.700] State heal in progress                   accounts=8257@534.27KiB slots=2939@225.38KiB codes=11111@94.33MiB nodes=267,565,637@77.72GiB pending=156,660
ERROR[10-01|20:40:52.810] Snapshot extension registration failed   peer=25ff29a4 err="peer connected on snap without compatible eth support"
INFO [10-01|20:40:52.976] Looking for peers                        peercount=34 tried=2 static=0
ERROR[10-01|20:40:56.059] Snapshot extension registration failed   peer=3976e1c6 err="peer connected on snap without compatible eth support"
INFO [10-01|20:41:00.971] State heal in progress                   accounts=8257@534.27KiB slots=2939@225.38KiB codes=11111@94.33MiB nodes=267,566,071@77.72GiB pending=157,461
WARN [10-01|20:41:01.833] Unexpected trienode heal packet          peer=0c5b6bec reqid=8,201,899,068,345,306,965
WARN [10-01|20:41:02.004] Unexpected trienode heal packet          peer=69ac5a72 reqid=6,092,670,381,430,237,844
INFO [10-01|20:41:02.978] Looking for peers                        peercount=33 tried=3 static=0
ERROR[10-01|20:41:11.869] Snapshot extension registration failed   peer=c5b271da err="peer connected on snap without compatible eth support"
INFO [10-01|20:41:12.979] Looking for peers                        peercount=36 tried=2 static=0
INFO [10-01|20:41:13.321] Imported new block headers               count=1    elapsed=7.019ms   number=13,335,656 hash=56fc69..b7e649 age=1m5s
INFO [10-01|20:41:14.253] State heal in progress                   accounts=8317@537.63KiB slots=2939@225.38KiB codes=11111@94.33MiB nodes=267,566,939@77.72GiB pending=158,299
INFO [10-01|20:41:22.980] Looking for peers                        peercount=36 tried=4 static=0