2021-07-28 16:48:46 UTC Syncing #12915531 0x4d2a…5e60     0.20 blk/s   27.2 tx/s    3.0 Mgas/s      0+    8 Qed Ancient:#7135188 LI:#12915540   32/50 peers    938 KiB chain    2 MiB queue  RPC:  0 conn,    0 req/s,    0 µs
2021-07-28 16:48:51 UTC Syncing #12915531 0x4d2a…5e60     0.00 blk/s    0.0 tx/s    0.0 Mgas/s      0+    8 Qed Ancient:#7135188 LI:#12915540   32/50 peers    938 KiB chain    2 MiB queue  RPC:  0 conn,    0 req/s,    0 µs
2021-07-28 16:48:56 UTC Syncing #12915532 0xbfaf…05bb     0.20 blk/s   41.4 tx/s    3.0 Mgas/s      0+    7 Qed Ancient:#7135189 LI:#12915541   32/50 peers    938 KiB chain    2 MiB queue  RPC:  0 conn,    0 req/s,    0 µs
2021-07-28 16:49:01 UTC Syncing #12915532 0xbfaf…05bb     0.00 blk/s    0.0 tx/s    0.0 Mgas/s      0+    8 Qed Ancient:#7135189 LI:#12915541   32/50 peers    938 KiB chain    2 MiB queue  RPC:  0 conn,    0 req/s,    0 µs
2021-07-28 16:49:06 UTC Syncing #12915533 0xd2e2…a7f1     0.20 blk/s   30.6 tx/s    3.0 Mgas/s      0+    9 Qed Ancient:#7135190 LI:#12915543   32/50 peers    938 KiB chain    2 MiB queue  RPC:  0 conn,    0 req/s,    0 µs
2021-07-28 16:49:11 UTC Syncing #12915534 0x891d…c9db     0.20 blk/s   51.4 tx/s    3.0 Mgas/s      0+    8 Qed Ancient:#7135191 LI:#12915543   32/50 peers    939 KiB chain    2 MiB queue  RPC:  0 conn,    0 req/s,    0 µs
2021-07-28 16:49:16 UTC Syncing #12915534 0x891d…c9db     0.00 blk/s    0.0 tx/s    0.0 Mgas/s      0+   10 Qed Ancient:#7135191 LI:#12915545   33/50 peers    939 KiB chain    2 MiB queue  RPC:  0 conn,    0 req/s,    0 µs
2021-07-28 16:49:21 UTC Syncing #12915534 0x891d…c9db     0.00 blk/s    0.0 tx/s    0.0 Mgas/s      0+   10 Qed Ancient:#7135191 LI:#12915545   33/50 peers    939 KiB chain    2 MiB queue  RPC:  0 conn,    0 req/s,    0 µs
2021-07-28 16:49:26 UTC Syncing #12915534 0x891d…c9db     0.00 blk/s    0.0 tx/s    0.0 Mgas/s      0+   10 Qed Ancient:#7135191 LI:#12915545   34/50 peers    939 KiB chain    2 MiB queue  RPC:  0 conn,    0 req/s,    0 µs
2021-07-28 16:49:31 UTC Syncing #12915535 0x3955…b38e     0.20 blk/s   33.6 tx/s    3.0 Mgas/s      0+   10 Qed Ancient:#7135191 LI:#12915545   34/50 peers    939 KiB chain    2 MiB queue  RPC:  0 conn,    0 req/s,    0 µs
2021-07-28 16:49:36 UTC Syncing #12915535 0x3955…b38e     0.00 blk/s    0.0 tx/s    0.0 Mgas/s      0+    9 Qed Ancient:#7135192 LI:#12915545   34/50 peers    939 KiB chain    2 MiB queue  RPC:  0 conn,    0 req/s,    0 µs
2021-07-28 16:49:41 UTC Syncing #12915536 0x9c5f…08a7     0.20 blk/s   33.0 tx/s    3.0 Mgas/s      0+    8 Qed Ancient:#7135193 LI:#12915545   34/50 peers    939 KiB chain    2 MiB queue  RPC:  0 conn,    0 req/s,    0 µs
2021-07-28 16:49:46 UTC Syncing #12915537 0x93a2…13af     0.20 blk/s   29.4 tx/s    3.0 Mgas/s      0+    7 Qed Ancient:#7135194 LI:#12915545   35/50 peers    940 KiB chain    2 MiB queue  RPC:  0 conn,    0 req/s,    0 µs
2021-07-28 16:49:51 UTC Syncing #12915538 0xf605…7d70     0.20 blk/s   36.2 tx/s    3.0 Mgas/s      0+    6 Qed Ancient:#7135195 LI:#12915545   35/50 peers    940 KiB chain    1 MiB queue  RPC:  0 conn,    0 req/s,    0 µs
2021-07-28 16:49:56 UTC Syncing #12915539 0xf06b…4d59     0.20 blk/s   39.2 tx/s    3.0 Mgas/s      0+    5 Qed Ancient:#7135196 LI:#12915545   35/50 peers    940 KiB chain    1 MiB queue  RPC:  0 conn,    0 req/s,    0 µs
2021-07-28 16:50:01 UTC Syncing #12915540 0x0fbc…9ec8     0.20 blk/s   41.4 tx/s    3.0 Mgas/s      0+    4 Qed Ancient:#7135197 LI:#12915545   34/50 peers    940 KiB chain  854 KiB queue  RPC:  0 conn,    0 req/s,    0 µs
2021-07-28 16:50:31 UTC  Ancient:#7135200 AB:#7138569   33/50 peers      5 MiB chain  288 KiB queue  RPC:  0 conn,    0 req/s,    0 µs
2021-07-28 16:51:01 UTC  Ancient:#7135202 AB:#7138569   33/50 peers      5 MiB chain  564 KiB queue  RPC:  0 conn,    0 req/s,    0 µs
2021-07-28 16:51:31 UTC  Ancient:#7135205 AB:#7138569   35/50 peers      5 MiB chain  213 KiB queue  RPC:  0 conn,    0 req/s,    0 µs
2021-07-28 16:52:02 UTC  Ancient:#7135227 AB:#7138569   34/50 peers      5 MiB chain  214 KiB queue  RPC:  0 conn,    0 req/s,    0 µs
2021-07-28 16:52:09 UTC Updated conversion rate to Ξ1 = US$2317.34 (2054901 wei/gas)
2021-07-28 16:52:10 UTC Imported #12915552 0xe1d3…c087 (162 txs, 14.99 Mgas, 5394 ms, 62.84 KiB)
2021-07-28 16:52:40 UTC  Ancient:#7136072 AB:#7138644   32/50 peers    363 KiB chain  231 KiB queue  RPC:  0 conn,    0 req/s,    0 µs
2021-07-28 16:53:13 UTC Syncing #12915553 0x78db…1f1d     0.03 blk/s    7.6 tx/s    0.4 Mgas/s      0+    4 Qed Ancient:#7137397 LI:#12915557   19/25 peers      4 MiB chain  891 KiB queue  RPC:  0 conn,    0 req/s,    0 µs
2021-07-28 16:53:15 UTC Syncing #12915553 0x78db…1f1d     0.00 blk/s    0.0 tx/s    0.0 Mgas/s      0+    4 Qed Ancient:#7137506 LI:#12915557   19/25 peers      5 MiB chain  891 KiB queue  RPC:  0 conn,    0 req/s,    0 µs
2021-07-28 16:53:38 UTC Imported #12915557 0x94b6…aa9a (187 txs, 14.98 Mgas, 5358 ms, 71.04 KiB)
2021-07-28 16:53:49 UTC  Ancient:#7139002 AB:#7140127   17/25 peers      4 MiB chain  0 bytes queue  RPC:  0 conn,    0 req/s,    0 µs
2021-07-28 16:54:31 UTC  Ancient:#7139247 AB:#7141016   15/25 peers      5 MiB chain  662 KiB queue  RPC:  0 conn,    0 req/s,    0 µs