2021-09-22 00:39:24 UTC Syncing #13272423 0xbddc…9a8b     0.00 blk/s    0.0 tx/s    0.0 Mgas/s      0+    6 Qed Ancient:#5603162 LI:#13272430   32/50 peers      1 MiB chain    1 MiB queue  RPC:  0 conn,    0 req/s,    0 µs
2021-09-22 00:39:29 UTC Syncing #13272423 0xbddc…9a8b     0.00 blk/s    0.0 tx/s    0.0 Mgas/s      0+    6 Qed Ancient:#5603162 LI:#13272430   32/50 peers      1 MiB chain    1 MiB queue  RPC:  0 conn,    0 req/s,    0 µs
2021-09-22 00:39:34 UTC Syncing #13272423 0xbddc…9a8b     0.00 blk/s    0.0 tx/s    0.0 Mgas/s      0+    6 Qed Ancient:#5603162 LI:#13272430   32/50 peers      1 MiB chain    1 MiB queue  RPC:  0 conn,    0 req/s,    0 µs
2021-09-22 00:39:39 UTC Syncing #13272424 0x4eb6…c6ac     0.20 blk/s   40.8 tx/s    5.0 Mgas/s      0+    7 Qed Ancient:#5603164 LI:#13272432   32/50 peers      1 MiB chain    2 MiB queue  RPC:  0 conn,    0 req/s,    0 µs
2021-09-22 00:39:44 UTC Syncing #13272425 0x8195…d0d5     0.20 blk/s   18.0 tx/s    1.7 Mgas/s      0+    7 Qed Ancient:#5603165 LI:#13272433   32/50 peers      1 MiB chain    2 MiB queue  RPC:  0 conn,    0 req/s,    0 µs
2021-09-22 00:39:49 UTC Syncing #13272425 0x8195…d0d5     0.00 blk/s    0.0 tx/s    0.0 Mgas/s      0+    7 Qed Ancient:#5603165 LI:#13272433   32/50 peers      1 MiB chain    2 MiB queue  RPC:  0 conn,    0 req/s,    0 µs
2021-09-22 00:39:54 UTC Syncing #13272426 0x3761…9e68     0.20 blk/s   28.4 tx/s    2.6 Mgas/s      0+    6 Qed Ancient:#5603166 LI:#13272433   32/50 peers      1 MiB chain    2 MiB queue  RPC:  0 conn,    0 req/s,    0 µs
2021-09-22 00:39:59 UTC Syncing #13272427 0xc6bf…8543     0.20 blk/s   17.2 tx/s    1.4 Mgas/s      0+    6 Qed Ancient:#5603167 LI:#13272434   32/50 peers      1 MiB chain    2 MiB queue  RPC:  0 conn,    0 req/s,    0 µs
2021-09-22 00:40:04 UTC Syncing #13272428 0x22d3…2bd3     0.20 blk/s   18.0 tx/s    1.8 Mgas/s      0+    5 Qed Ancient:#5603168 LI:#13272434   31/50 peers      1 MiB chain    1 MiB queue  RPC:  0 conn,    0 req/s,    0 µs
2021-09-22 00:40:09 UTC Syncing #13272428 0x22d3…2bd3     0.00 blk/s    0.0 tx/s    0.0 Mgas/s      0+    5 Qed Ancient:#5603168 LI:#13272434   31/50 peers      1 MiB chain    1 MiB queue  RPC:  0 conn,    0 req/s,    0 µs
2021-09-22 00:40:14 UTC Syncing #13272428 0x22d3…2bd3     0.00 blk/s    0.0 tx/s    0.0 Mgas/s      0+    5 Qed Ancient:#5603168 LI:#13272434   32/50 peers      1 MiB chain    1 MiB queue  RPC:  0 conn,    0 req/s,    0 µs
2021-09-22 00:40:19 UTC Syncing #13272429 0x6892…3a11     0.20 blk/s   44.2 tx/s    3.8 Mgas/s      0+    5 Qed Ancient:#5603169 LI:#13272435   32/50 peers      1 MiB chain    2 MiB queue  RPC:  0 conn,    0 req/s,    0 µs
2021-09-22 00:40:24 UTC Syncing #13272430 0x413f…6982     0.20 blk/s   13.4 tx/s    1.1 Mgas/s      0+    4 Qed Ancient:#5603170 LI:#13272435   31/50 peers      1 MiB chain  965 KiB queue  RPC:  0 conn,    0 req/s,    0 µs
2021-09-22 00:40:29 UTC Syncing #13272430 0x413f…6982     0.00 blk/s    0.0 tx/s    0.0 Mgas/s      0+    4 Qed Ancient:#5603170 LI:#13272435   31/50 peers      1 MiB chain  965 KiB queue  RPC:  0 conn,    0 req/s,    0 µs
2021-09-22 00:40:34 UTC Syncing #13272430 0x413f…6982     0.00 blk/s    0.0 tx/s    0.0 Mgas/s      0+    5 Qed Ancient:#5603170 LI:#13272436   32/50 peers      1 MiB chain    1 MiB queue  RPC:  0 conn,    0 req/s,    0 µs
2021-09-22 00:40:39 UTC Syncing #13272431 0x3008…339d     0.20 blk/s   69.4 tx/s    6.0 Mgas/s      0+    4 Qed Ancient:#5603172 LI:#13272436   32/50 peers      1 MiB chain  906 KiB queue  RPC:  0 conn,    0 req/s,    0 µs
2021-09-22 00:40:45 UTC Syncing #13272431 0x3008…339d     0.00 blk/s    0.0 tx/s    0.0 Mgas/s      0+    4 Qed Ancient:#5603172 LI:#13272436   31/50 peers      1 MiB chain  906 KiB queue  RPC:  0 conn,    0 req/s,    0 µs
2021-09-22 00:40:49 UTC Syncing #13272431 0x3008…339d     0.00 blk/s    0.0 tx/s    0.0 Mgas/s      0+    4 Qed Ancient:#5603172 LI:#13272436   31/50 peers      1 MiB chain  906 KiB queue  RPC:  0 conn,    0 req/s,    0 µs
2021-09-22 00:40:55 UTC Syncing #13272431 0x3008…339d     0.00 blk/s    0.0 tx/s    0.0 Mgas/s      0+    5 Qed Ancient:#5603172 LI:#13272437   32/50 peers      1 MiB chain    1 MiB queue  RPC:  0 conn,    0 req/s,    0 µs
2021-09-22 00:40:59 UTC Syncing #13272431 0x3008…339d     0.00 blk/s    0.0 tx/s    0.0 Mgas/s      0+    6 Qed Ancient:#5603172 LI:#13272438   32/50 peers      1 MiB chain    1 MiB queue  RPC:  0 conn,    0 req/s,    0 µs
2021-09-22 00:41:21 UTC Imported #13272438 0xffd3…c971 (134 txs, 9.27 Mgas, 2900 ms, 51.10 KiB)
2021-09-22 00:41:29 UTC  Ancient:#5604406 AB:#5606703   16/25 peers    284 KiB chain  0 bytes queue  RPC:  0 conn,    0 req/s,    0 µs
2021-09-22 00:42:04 UTC  Ancient:#5605236 AB:#5607272    9/25 peers      4 MiB chain  0 bytes queue  RPC:  0 conn,    0 req/s,    0 µs
2021-09-22 00:43:30 UTC Syncing #13272439 0xd76d…c636     0.01 blk/s    5.1 tx/s    0.3 Mgas/s      0+    5 Qed Ancient:#5606803 LI:#13272444    4/25 peers     18 KiB chain    1 MiB queue  RPC:  0 conn,    0 req/s,    0 µs
2021-09-22 00:43:32 UTC Syncing #13272439 0xd76d…c636     0.00 blk/s    0.0 tx/s    0.0 Mgas/s      0+    5 Qed Ancient:#5606838 LI:#13272444    4/25 peers    573 KiB chain    1 MiB queue  RPC:  0 conn,    0 req/s,    0 µs
2021-09-22 00:43:34 UTC Syncing #13272439 0xd76d…c636     0.00 blk/s    0.0 tx/s    0.0 Mgas/s      0+    6 Qed Ancient:#5606846 LI:#13272446    2/25 peers    640 KiB chain  840 KiB queue  RPC:  0 conn,    0 req/s,    0 µs
2021-09-22 00:43:40 UTC Syncing #13272439 0xd76d…c636     0.00 blk/s    0.0 tx/s    0.0 Mgas/s      0+    7 Qed Ancient:#5606846 LI:#13272447    1/25 peers    640 KiB chain    1 MiB queue  RPC:  0 conn,    0 req/s,    0 µs
2021-09-22 00:43:44 UTC Syncing #13272439 0xd76d…c636     0.00 blk/s    0.0 tx/s    0.0 Mgas/s      0+    7 Qed Ancient:#5606846 LI:#13272447    2/25 peers    640 KiB chain    1 MiB queue  RPC:  0 conn,    0 req/s,    0 µs
2021-09-22 00:43:50 UTC Syncing #13272439 0xd76d…c636     0.00 blk/s    0.0 tx/s    0.0 Mgas/s      0+    8 Qed Ancient:#5606846 LI:#13272448    2/25 peers    640 KiB chain    1 MiB queue  RPC:  0 conn,    0 req/s,    0 µs
2021-09-22 00:43:54 UTC Syncing #13272439 0xd76d…c636     0.00 blk/s    0.0 tx/s    0.0 Mgas/s      0+    8 Qed Ancient:#5606846 LI:#13272448    3/25 peers    640 KiB chain    1 MiB queue  RPC:  0 conn,    0 req/s,    0 µs
2021-09-22 00:43:59 UTC Syncing #13272440 0x4096…52ec     0.20 blk/s   74.4 tx/s    6.0 Mgas/s      0+    7 Qed Ancient:#5606847 LI:#13272448    3/25 peers    640 KiB chain  877 KiB queue  RPC:  0 conn,    0 req/s,    0 µs
2021-09-22 00:44:04 UTC Syncing #13272440 0x4096…52ec     0.00 blk/s    0.0 tx/s    0.0 Mgas/s      0+    7 Qed Ancient:#5606847 LI:#13272448    3/25 peers    640 KiB chain  877 KiB queue  RPC:  0 conn,    0 req/s,    0 µs
2021-09-22 00:44:09 UTC Syncing #13272440 0x4096…52ec     0.00 blk/s    0.0 tx/s    0.0 Mgas/s      0+    7 Qed Ancient:#5606847 LI:#13272448    4/25 peers    640 KiB chain  877 KiB queue  RPC:  0 conn,    0 req/s,    0 µs
2021-09-22 00:44:19 UTC Syncing #13272441 0x1e96…94b9     0.20 blk/s   34.4 tx/s    2.9 Mgas/s      0+    6 Qed Ancient:#5606848 LI:#13272448    5/25 peers    640 KiB chain  630 KiB queue  RPC:  0 conn,    0 req/s,    0 µs
2021-09-22 00:44:20 UTC Syncing #13272441 0x1e96…94b9     0.00 blk/s    0.0 tx/s    0.0 Mgas/s      0+    7 Qed Ancient:#5606848 LI:#13272449    5/25 peers    640 KiB chain    1 MiB queue  RPC:  0 conn,    0 req/s,    0 µs
2021-09-22 00:44:25 UTC Syncing #13272441 0x1e96…94b9     0.00 blk/s    0.0 tx/s    0.0 Mgas/s      0+    7 Qed Ancient:#5606848 LI:#13272449    4/25 peers    640 KiB chain    1 MiB queue  RPC:  0 conn,    0 req/s,    0 µs
2021-09-22 00:44:30 UTC Syncing #13272442 0xa22b…629b     0.20 blk/s   40.8 tx/s    3.5 Mgas/s      0+    6 Qed Ancient:#5606849 LI:#13272449    1/25 peers    641 KiB chain    1 MiB queue  RPC:  0 conn,    0 req/s,    0 µs
2021-09-22 00:44:34 UTC Syncing #13272443 0x3ddb…e2b5     0.20 blk/s   10.4 tx/s    0.8 Mgas/s      0+    6 Qed Ancient:#5606850 LI:#13272450    1/25 peers    641 KiB chain    1 MiB queue  RPC:  0 conn,    0 req/s,    0 µs
2021-09-22 00:44:39 UTC Syncing #13272445 0x11cf…08a6     0.40 blk/s   27.0 tx/s    2.5 Mgas/s      0+    4 Qed Ancient:#5606852 LI:#13272450    3/25 peers      1 MiB chain    1 MiB queue  RPC:  0 conn,    0 req/s,    0 µs
2021-09-22 00:45:08 UTC Imported #13272451 0x5815…cdd8 (107 txs, 6.51 Mgas, 1024 ms, 22.91 KiB)