2021-09-22 00:34:04 UTC Syncing #13272398 0x4570…345e     0.40 blk/s   53.0 tx/s    2.9 Mgas/s      0+   12 Qed Ancient:#5599250 LI:#13272409   41/50 peers      5 MiB chain    4 MiB queue  RPC:  0 conn,    0 req/s,    0 µs
2021-09-22 00:34:09 UTC Syncing #13272398 0x4570…345e     0.00 blk/s    0.0 tx/s    0.0 Mgas/s      0+   12 Qed Ancient:#5599250 LI:#13272409   41/50 peers      5 MiB chain    4 MiB queue  RPC:  0 conn,    0 req/s,    0 µs
2021-09-22 00:34:14 UTC Syncing #13272401 0xfb92…a568     0.60 blk/s  128.2 tx/s    8.4 Mgas/s      0+    9 Qed Ancient:#5599253 LI:#13272409   41/50 peers      5 MiB chain    3 MiB queue  RPC:  0 conn,    0 req/s,    0 µs
2021-09-22 00:34:19 UTC Syncing #13272403 0xe66a…4436     0.40 blk/s   62.0 tx/s    4.2 Mgas/s      0+    7 Qed Ancient:#5599255 LI:#13272409   42/50 peers      5 MiB chain    2 MiB queue  RPC:  0 conn,    0 req/s,    0 µs
2021-09-22 00:34:24 UTC Syncing #13272403 0xe66a…4436     0.00 blk/s    0.0 tx/s    0.0 Mgas/s      0+    7 Qed Ancient:#5599255 LI:#13272409   42/50 peers      5 MiB chain    2 MiB queue  RPC:  0 conn,    0 req/s,    0 µs
2021-09-22 00:34:29 UTC Syncing #13272404 0x89c3…cedf     0.20 blk/s   70.8 tx/s    6.0 Mgas/s      0+    6 Qed Ancient:#5599256 LI:#13272409   43/50 peers      5 MiB chain    2 MiB queue  RPC:  0 conn,    0 req/s,    0 µs
2021-09-22 00:34:34 UTC Reorg to #13272406 0x7acd…ce6a (0xb425…acc8 #13272404 0x89c3…cedf 0x5034…3fe8)
2021-09-22 00:34:55 UTC Reorg to #13272409 0x1cbf…6a06 (0x78de…de82 #13272407 0x6382…2a75 0x86bf…d73e)
2021-09-22 00:35:02 UTC  Ancient:#5599868 AB:#5603213   41/50 peers      1 MiB chain  0 bytes queue  RPC:  0 conn,    0 req/s,    0 µs
2021-09-22 00:35:02 UTC Imported #13272409 0x1cbf…6a06 (313 txs, 29.66 Mgas, 6839 ms, 176.52 KiB)
2021-09-22 00:35:27 UTC Imported #13272410 0x5d94…b8a1 (526 txs, 29.73 Mgas, 14246 ms, 142.42 KiB)
2021-09-22 00:35:42 UTC  Ancient:#5603145 AB:#5603975   36/50 peers   744 bytes chain  161 KiB queue  RPC:  0 conn,    0 req/s,    0 µs
2021-09-22 00:35:42 UTC  Ancient:#5603145 AB:#5603975   36/50 peers    0 bytes chain  161 KiB queue  RPC:  0 conn,    0 req/s,    0 µs
2021-09-22 00:35:42 UTC  Ancient:#5603145 AB:#5603975   36/50 peers   744 bytes chain  161 KiB queue  RPC:  0 conn,    0 req/s,    0 µs
2021-09-22 00:36:10 UTC Syncing #13272410 0x5d94…b8a1     0.00 blk/s    0.0 tx/s    0.0 Mgas/s      0+    4 Qed Ancient:#5603145 LI:#13272415   34/50 peers      1 KiB chain  743 KiB queue  RPC:  0 conn,    0 req/s,    0 µs
2021-09-22 00:36:15 UTC Syncing #13272410 0x5d94…b8a1     0.00 blk/s    0.0 tx/s    0.0 Mgas/s      0+    5 Qed Ancient:#5603145 LI:#13272416   33/50 peers      1 KiB chain    1 MiB queue  RPC:  0 conn,    0 req/s,    0 µs
2021-09-22 00:36:19 UTC Syncing #13272410 0x5d94…b8a1     0.00 blk/s    0.0 tx/s    0.0 Mgas/s      0+    5 Qed Ancient:#5603145 LI:#13272416   33/50 peers      1 KiB chain    1 MiB queue  RPC:  0 conn,    0 req/s,    0 µs
2021-09-22 00:36:24 UTC Syncing #13272410 0x5d94…b8a1     0.00 blk/s    0.0 tx/s    0.0 Mgas/s      0+    6 Qed Ancient:#5603145 LI:#13272417   33/50 peers      1 KiB chain    1 MiB queue  RPC:  0 conn,    0 req/s,    0 µs
2021-09-22 00:36:30 UTC Syncing #13272411 0xbf52…40f1     0.20 blk/s   57.4 tx/s    6.0 Mgas/s      0+    5 Qed Ancient:#5603146 LI:#13272417   33/50 peers    109 KiB chain    1 MiB queue  RPC:  0 conn,    0 req/s,    0 µs
2021-09-22 00:36:34 UTC Syncing #13272411 0xbf52…40f1     0.00 blk/s    0.0 tx/s    0.0 Mgas/s      0+    5 Qed Ancient:#5603146 LI:#13272417   33/50 peers    109 KiB chain    1 MiB queue  RPC:  0 conn,    0 req/s,    0 µs
2021-09-22 00:36:39 UTC Syncing #13272411 0xbf52…40f1     0.00 blk/s    0.0 tx/s    0.0 Mgas/s      0+    6 Qed Ancient:#5603146 LI:#13272418   33/50 peers    109 KiB chain    2 MiB queue  RPC:  0 conn,    0 req/s,    0 µs
2021-09-22 00:36:44 UTC Syncing #13272412 0x2ee4…e213     0.20 blk/s   20.8 tx/s    3.5 Mgas/s      0+    6 Qed Ancient:#5603148 LI:#13272419   31/50 peers    145 KiB chain    2 MiB queue  RPC:  0 conn,    0 req/s,    0 µs
2021-09-22 00:36:49 UTC Syncing #13272413 0x1079…0ea2     0.20 blk/s    8.0 tx/s    0.8 Mgas/s      0+    7 Qed Ancient:#5603149 LI:#13272420   30/50 peers    215 KiB chain    1 MiB queue  RPC:  0 conn,    0 req/s,    0 µs
2021-09-22 00:36:55 UTC Syncing #13272413 0x1079…0ea2     0.00 blk/s    0.0 tx/s    0.0 Mgas/s      0+    8 Qed Ancient:#5603149 LI:#13272421   30/50 peers    215 KiB chain    2 MiB queue  RPC:  0 conn,    0 req/s,    0 µs
2021-09-22 00:36:59 UTC Syncing #13272413 0x1079…0ea2     0.00 blk/s    0.0 tx/s    0.0 Mgas/s      0+    8 Qed Ancient:#5603149 LI:#13272421   30/50 peers    215 KiB chain    2 MiB queue  RPC:  0 conn,    0 req/s,    0 µs
2021-09-22 00:37:04 UTC Syncing #13272413 0x1079…0ea2     0.00 blk/s    0.0 tx/s    0.0 Mgas/s      0+    8 Qed Ancient:#5603149 LI:#13272421   32/50 peers    215 KiB chain    2 MiB queue  RPC:  0 conn,    0 req/s,    0 µs
2021-09-22 00:37:09 UTC Syncing #13272413 0x1079…0ea2     0.00 blk/s    0.0 tx/s    0.0 Mgas/s      0+    8 Qed Ancient:#5603149 LI:#13272421   32/50 peers    215 KiB chain    2 MiB queue  RPC:  0 conn,    0 req/s,    0 µs
2021-09-22 00:37:15 UTC Syncing #13272413 0x1079…0ea2     0.00 blk/s    0.0 tx/s    0.0 Mgas/s      0+    8 Qed Ancient:#5603149 LI:#13272421   32/50 peers    215 KiB chain    2 MiB queue  RPC:  0 conn,    0 req/s,    0 µs
2021-09-22 00:37:19 UTC Syncing #13272413 0x1079…0ea2     0.00 blk/s    0.0 tx/s    0.0 Mgas/s      0+    8 Qed Ancient:#5603149 LI:#13272421   33/50 peers    215 KiB chain    2 MiB queue  RPC:  0 conn,    0 req/s,    0 µs
2021-09-22 00:37:24 UTC Syncing #13272415 0x361e…2e30     0.40 blk/s   61.6 tx/s    3.9 Mgas/s      0+    6 Qed Ancient:#5603151 LI:#13272421   32/50 peers    215 KiB chain    1 MiB queue  RPC:  0 conn,    0 req/s,    0 µs
2021-09-22 00:37:29 UTC Syncing #13272415 0x361e…2e30     0.00 blk/s    0.0 tx/s    0.0 Mgas/s      0+    7 Qed Ancient:#5603151 LI:#13272422   32/50 peers    215 KiB chain    1 MiB queue  RPC:  0 conn,    0 req/s,    0 µs
2021-09-22 00:37:34 UTC Syncing #13272415 0x361e…2e30     0.00 blk/s    0.0 tx/s    0.0 Mgas/s      0+    7 Qed Ancient:#5603151 LI:#13272422   33/50 peers    215 KiB chain    1 MiB queue  RPC:  0 conn,    0 req/s,    0 µs
2021-09-22 00:37:40 UTC Syncing #13272415 0x361e…2e30     0.00 blk/s    0.0 tx/s    0.0 Mgas/s      0+    7 Qed Ancient:#5603151 LI:#13272422   33/50 peers    215 KiB chain    1 MiB queue  RPC:  0 conn,    0 req/s,    0 µs
2021-09-22 00:37:44 UTC Syncing #13272415 0x361e…2e30     0.00 blk/s    0.0 tx/s    0.0 Mgas/s      0+    7 Qed Ancient:#5603151 LI:#13272422   33/50 peers    215 KiB chain    1 MiB queue  RPC:  0 conn,    0 req/s,    0 µs
2021-09-22 00:37:49 UTC Syncing #13272416 0x40d4…9b5d     0.20 blk/s   36.4 tx/s    3.8 Mgas/s      0+    6 Qed Ancient:#5603152 LI:#13272422   32/50 peers    216 KiB chain    1 MiB queue  RPC:  0 conn,    0 req/s,    0 µs
2021-09-22 00:37:54 UTC Syncing #13272417 0xe4d6…cbc0     0.00 blk/s    0.0 tx/s    0.0 Mgas/s      0+    6 Qed Ancient:#5603152 LI:#13272422   32/50 peers    356 KiB chain    1 MiB queue  RPC:  0 conn,    0 req/s,    0 µs
2021-09-22 00:37:59 UTC Syncing #13272417 0xe4d6…cbc0     0.20 blk/s   13.6 tx/s    1.2 Mgas/s      0+    6 Qed Ancient:#5603153 LI:#13272423   32/50 peers    356 KiB chain    1 MiB queue  RPC:  0 conn,    0 req/s,    0 µs
2021-09-22 00:38:04 UTC Syncing #13272417 0xe4d6…cbc0     0.00 blk/s    0.0 tx/s    0.0 Mgas/s      0+    8 Qed Ancient:#5603153 LI:#13272424   32/50 peers    356 KiB chain    2 MiB queue  RPC:  0 conn,    0 req/s,    0 µs
2021-09-22 00:38:09 UTC Syncing #13272417 0xe4d6…cbc0     0.00 blk/s    0.0 tx/s    0.0 Mgas/s      0+    8 Qed Ancient:#5603153 LI:#13272424   33/50 peers    356 KiB chain    2 MiB queue  RPC:  0 conn,    0 req/s,    0 µs
2021-09-22 00:38:14 UTC Syncing #13272417 0xe4d6…cbc0     0.00 blk/s    0.0 tx/s    0.0 Mgas/s      0+    9 Qed Ancient:#5603153 LI:#13272425   33/50 peers    356 KiB chain    3 MiB queue  RPC:  0 conn,    0 req/s,    0 µs
2021-09-22 00:38:19 UTC Syncing #13272418 0xad94…95f6     0.20 blk/s   57.8 tx/s    4.8 Mgas/s      0+    8 Qed Ancient:#5603154 LI:#13272425   33/50 peers    356 KiB chain    2 MiB queue  RPC:  0 conn,    0 req/s,    0 µs
2021-09-22 00:38:24 UTC Syncing #13272419 0x44c0…9294     0.20 blk/s   21.4 tx/s    1.7 Mgas/s      0+    7 Qed Ancient:#5603155 LI:#13272425   32/50 peers    357 KiB chain    2 MiB queue  RPC:  0 conn,    0 req/s,    0 µs
2021-09-22 00:38:28 UTC Reorg to #13272420 0x8db8…1fdb (0x44c0…9294 #13272418 0xad94…95f6 0xd56e…16ef)
2021-09-22 00:38:29 UTC Syncing #13272420 0x8db8…1fdb     0.40 blk/s   28.4 tx/s    2.4 Mgas/s      0+    5 Qed Ancient:#5603157 LI:#13272425   32/50 peers    879 KiB chain    2 MiB queue  RPC:  0 conn,    0 req/s,    0 µs
2021-09-22 00:38:34 UTC Syncing #13272420 0x8db8…1fdb     0.00 blk/s    0.0 tx/s    0.0 Mgas/s      0+    7 Qed Ancient:#5603157 LI:#13272427   32/50 peers    879 KiB chain    2 MiB queue  RPC:  0 conn,    0 req/s,    0 µs
2021-09-22 00:38:39 UTC Syncing #13272421 0x3620…6859     0.20 blk/s   31.2 tx/s    3.8 Mgas/s      0+    7 Qed Ancient:#5603157 LI:#13272427   33/50 peers    879 KiB chain    2 MiB queue  RPC:  0 conn,    0 req/s,    0 µs
2021-09-22 00:38:44 UTC Syncing #13272421 0x3620…6859     0.00 blk/s    0.0 tx/s    0.0 Mgas/s      0+    7 Qed Ancient:#5603158 LI:#13272428   35/50 peers    879 KiB chain    2 MiB queue  RPC:  0 conn,    0 req/s,    0 µs
2021-09-22 00:38:50 UTC Syncing #13272422 0xfe6c…b690     0.20 blk/s   51.0 tx/s    3.5 Mgas/s      0+    6 Qed Ancient:#5603160 LI:#13272428   32/50 peers      1 MiB chain    2 MiB queue  RPC:  0 conn,    0 req/s,    0 µs
2021-09-22 00:38:54 UTC Syncing #13272422 0xfe6c…b690     0.00 blk/s    0.0 tx/s    0.0 Mgas/s      0+    6 Qed Ancient:#5603160 LI:#13272428   32/50 peers      1 MiB chain    2 MiB queue  RPC:  0 conn,    0 req/s,    0 µs
2021-09-22 00:38:59 UTC Syncing #13272422 0xfe6c…b690     0.00 blk/s    0.0 tx/s    0.0 Mgas/s      0+    7 Qed Ancient:#5603160 LI:#13272429   31/50 peers      1 MiB chain    2 MiB queue  RPC:  0 conn,    0 req/s,    0 µs
2021-09-22 00:39:04 UTC Syncing #13272422 0xfe6c…b690     0.00 blk/s    0.0 tx/s    0.0 Mgas/s      0+    8 Qed Ancient:#5603160 LI:#13272430   32/50 peers      1 MiB chain    2 MiB queue  RPC:  0 conn,    0 req/s,    0 µs
2021-09-22 00:39:09 UTC Syncing #13272422 0xfe6c…b690     0.00 blk/s    0.0 tx/s    0.0 Mgas/s      0+    8 Qed Ancient:#5603160 LI:#13272430   32/50 peers      1 MiB chain    2 MiB queue  RPC:  0 conn,    0 req/s,    0 µs
2021-09-22 00:39:14 UTC Syncing #13272423 0x90aa…f93a     0.20 blk/s   88.0 tx/s    6.0 Mgas/s      0+    7 Qed Ancient:#5603161 LI:#13272430   32/50 peers      1 MiB chain    2 MiB queue  RPC:  0 conn,    0 req/s,    0 µs
2021-09-22 00:39:18 UTC Reorg to #13272423 0xbddc…9a8b (0x90aa…f93a #13272422 0xfe6c…b690 )
2021-09-22 00:39:19 UTC Syncing #13272423 0xbddc…9a8b     0.20 blk/s   90.0 tx/s    6.0 Mgas/s      0+    6 Qed Ancient:#5603162 LI:#13272430   32/50 peers      1 MiB chain    1 MiB queue  RPC:  0 conn,    0 req/s,    0 µs
2021-09-22 00:39:24 UTC Syncing #13272423 0xbddc…9a8b     0.00 blk/s    0.0 tx/s    0.0 Mgas/s      0+    6 Qed Ancient:#5603162 LI:#13272430   32/50 peers      1 MiB chain    1 MiB queue  RPC:  0 conn,    0 req/s,    0 µs
2021-09-22 00:39:29 UTC Syncing #13272423 0xbddc…9a8b     0.00 blk/s    0.0 tx/s    0.0 Mgas/s      0+    6 Qed Ancient:#5603162 LI:#13272430   32/50 peers      1 MiB chain    1 MiB queue  RPC:  0 conn,    0 req/s,    0 µs
2021-09-22 00:39:34 UTC Syncing #13272423 0xbddc…9a8b     0.00 blk/s    0.0 tx/s    0.0 Mgas/s      0+    6 Qed Ancient:#5603162 LI:#13272430   32/50 peers      1 MiB chain    1 MiB queue  RPC:  0 conn,    0 req/s,    0 µs
2021-09-22 00:39:39 UTC Syncing #13272424 0x4eb6…c6ac     0.20 blk/s   40.8 tx/s    5.0 Mgas/s      0+    7 Qed Ancient:#5603164 LI:#13272432   32/50 peers      1 MiB chain    2 MiB queue  RPC:  0 conn,    0 req/s,    0 µs
2021-09-22 00:39:44 UTC Syncing #13272425 0x8195…d0d5     0.20 blk/s   18.0 tx/s    1.7 Mgas/s      0+    7 Qed Ancient:#5603165 LI:#13272433   32/50 peers      1 MiB chain    2 MiB queue  RPC:  0 conn,    0 req/s,    0 µs
2021-09-22 00:39:49 UTC Syncing #13272425 0x8195…d0d5     0.00 blk/s    0.0 tx/s    0.0 Mgas/s      0+    7 Qed Ancient:#5603165 LI:#13272433   32/50 peers      1 MiB chain    2 MiB queue  RPC:  0 conn,    0 req/s,    0 µs
2021-09-22 00:39:54 UTC Syncing #13272426 0x3761…9e68     0.20 blk/s   28.4 tx/s    2.6 Mgas/s      0+    6 Qed Ancient:#5603166 LI:#13272433   32/50 peers      1 MiB chain    2 MiB queue  RPC:  0 conn,    0 req/s,    0 µs
2021-09-22 00:39:59 UTC Syncing #13272427 0xc6bf…8543     0.20 blk/s   17.2 tx/s    1.4 Mgas/s      0+    6 Qed Ancient:#5603167 LI:#13272434   32/50 peers      1 MiB chain    2 MiB queue  RPC:  0 conn,    0 req/s,    0 µs
2021-09-22 00:40:04 UTC Syncing #13272428 0x22d3…2bd3     0.20 blk/s   18.0 tx/s    1.8 Mgas/s      0+    5 Qed Ancient:#5603168 LI:#13272434   31/50 peers      1 MiB chain    1 MiB queue  RPC:  0 conn,    0 req/s,    0 µs