ERROR[10-01|20:51:25.820] Snapshot extension registration failed   peer=372bfa0e err="peer connected on snap without compatible eth support"
INFO [10-01|20:51:26.825] Looking for peers                        peercount=19 tried=9 static=0
INFO [10-01|20:51:26.952] State heal in progress                   accounts=2037@128.37KiB slots=179@13.83KiB codes=11111@94.33MiB nodes=267,607,925@77.74GiB pending=66579
INFO [10-01|20:51:27.639] Imported new block headers               count=1    elapsed=7.036ms   number=13,335,708 hash=a85c0f..f2484b age=1m1s
INFO [10-01|20:51:30.145] Downloader queue stats                   receiptTasks=0   blockTasks=0   itemSize=210.92KiB throttle=1243
INFO [10-01|20:51:36.785] Imported new block headers               count=1    elapsed=6.159ms   number=13,335,709 hash=696450..df648d
INFO [10-01|20:51:37.028] Looking for peers                        peercount=18 tried=3 static=0
INFO [10-01|20:51:38.247] State heal in progress                   accounts=2071@130.41KiB slots=219@16.95KiB codes=11111@94.33MiB nodes=267,608,585@77.74GiB pending=67411
WARN [10-01|20:51:38.259] Checkpoint challenge timed out, dropping id=73591ef6b216c372 conn=inbound addr=112.199.167.236:52817 type=erigon/v2021.08.4-al...
INFO [10-01|20:51:39.869] Imported new block headers               count=1    elapsed=6.796ms   number=13,335,710 hash=9158ac..0f2726
INFO [10-01|20:51:46.541] State heal in progress                   accounts=2166@136.16KiB slots=285@22.23KiB codes=11111@94.33MiB nodes=267,609,266@77.74GiB pending=68105
INFO [10-01|20:51:47.311] Looking for peers                        peercount=17 tried=3 static=0
INFO [10-01|20:51:49.068] Imported new block headers               count=1    elapsed=6.582ms   number=13,335,711 hash=9918d8..9f68a3
INFO [10-01|20:51:55.189] Imported new block headers               count=1    elapsed=6.618ms   number=13,335,712 hash=e61bd6..a6db7c
INFO [10-01|20:51:56.629] State heal in progress                   accounts=2335@146.43KiB slots=299@23.31KiB codes=11111@94.33MiB nodes=267,610,237@77.74GiB pending=69317
INFO [10-01|20:51:57.655] Looking for peers                        peercount=16 tried=6 static=0
INFO [10-01|20:51:58.301] Imported new block headers               count=2    elapsed=11.481ms  number=13,335,714 hash=861efe..ab6e49
INFO [10-01|20:52:04.416] Imported new block headers               count=1    elapsed=5.779ms   number=13,335,715 hash=58ee89..6c91ca
INFO [10-01|20:52:06.540] State heal in progress                   accounts=2377@148.92KiB slots=328@25.48KiB codes=11111@94.33MiB nodes=267,610,943@77.74GiB pending=70525
INFO [10-01|20:52:07.967] Looking for peers                        peercount=21 tried=3 static=0
ERROR[10-01|20:52:10.665] Snapshot extension registration failed   peer=1fdbbcbd err="peer connected on snap without compatible eth support"
INFO [10-01|20:52:16.818] State heal in progress                   accounts=2434@152.35KiB slots=369@28.53KiB codes=11111@94.33MiB nodes=267,611,616@77.74GiB pending=71494
INFO [10-01|20:52:18.187] Looking for peers                        peercount=23 tried=3 static=0
ERROR[10-01|20:52:22.588] Snapshot extension registration failed   peer=ae8f0800 err="peer connected on snap without compatible eth support"
INFO [10-01|20:52:27.714] State heal in progress                   accounts=2469@154.55KiB slots=400@31.00KiB codes=11111@94.33MiB nodes=267,612,312@77.74GiB pending=72491
INFO [10-01|20:52:28.697] Looking for peers                        peercount=24 tried=4 static=0
INFO [10-01|20:52:34.777] Imported new block headers               count=1    elapsed=5.730ms   number=13,335,716 hash=ebff33..f8839b
INFO [10-01|20:52:35.187] Downloader queue stats                   receiptTasks=0   blockTasks=0   itemSize=171.76KiB throttle=1527
ERROR[10-01|20:52:36.936] Snapshot extension registration failed   peer=d9eb389f err="peer connected on snap without compatible eth support"
INFO [10-01|20:52:38.699] Looking for peers                        peercount=25 tried=4 static=0
INFO [10-01|20:52:38.974] State heal in progress                   accounts=2506@156.77KiB slots=426@33.02KiB codes=11111@94.33MiB nodes=267,612,959@77.74GiB pending=73481
ERROR[10-01|20:52:42.826] Snapshot extension registration failed   peer=20dcc090 err="peer connected on snap without compatible eth support"
INFO [10-01|20:52:48.700] Looking for peers                        peercount=25 tried=3 static=0
INFO [10-01|20:52:49.311] State heal in progress                   accounts=2550@159.37KiB slots=465@35.94KiB codes=11111@94.33MiB nodes=267,613,649@77.74GiB pending=74452
WARN [10-01|20:52:57.369] Dropping unsynced node during sync       id=015a3ad26cebb106 conn=inbound addr=47.96.169.40:54454    type=OpenEthereum/v3.3.0-...
INFO [10-01|20:52:58.702] Looking for peers                        peercount=27 tried=4 static=0
INFO [10-01|20:52:59.167] State heal in progress                   accounts=2630@164.29KiB slots=500@38.60KiB codes=11111@94.33MiB nodes=267,614,370@77.74GiB pending=75331
INFO [10-01|20:53:02.216] Imported new block headers               count=1    elapsed=7.273ms   number=13,335,717 hash=331cf4..d67571 age=1m6s
INFO [10-01|20:53:07.509] State heal in progress                   accounts=2731@170.62KiB slots=522@40.32KiB codes=11111@94.33MiB nodes=267,614,991@77.74GiB pending=75922
INFO [10-01|20:53:08.781] Looking for peers                        peercount=28 tried=4 static=0
WARN [10-01|20:53:09.167] Dropping unsynced node during sync       id=8362f7cc4da2fb5e conn=inbound addr=144.137.20.70:41638   type=Nethermind/v1.11.3-0...
INFO [10-01|20:53:14.416] Imported new block headers               count=1    elapsed=6.984ms   number=13,335,718 hash=f4e0b3..3b387f age=1m11s
INFO [10-01|20:53:16.080] State heal in progress                   accounts=2740@171.18KiB slots=540@41.69KiB codes=11111@94.33MiB nodes=267,615,514@77.74GiB pending=77194
INFO [10-01|20:53:18.893] Looking for peers                        peercount=27 tried=3 static=0
WARN [10-01|20:53:22.244] Unexpected trienode heal packet          peer=9ae748c7 reqid=4,313,224,258,572,311,362
INFO [10-01|20:53:23.559] Imported new block headers               count=1    elapsed=6.260ms   number=13,335,719 hash=d3dfeb..822725
INFO [10-01|20:53:25.972] State heal in progress                   accounts=2769@172.92KiB slots=576@44.31KiB codes=11111@94.33MiB nodes=267,616,175@77.74GiB pending=78115
WARN [10-01|20:53:25.973] Unexpected trienode heal packet          peer=e9a60b39 reqid=2,156,201,901,024,552,313
INFO [10-01|20:53:28.894] Looking for peers                        peercount=27 tried=5 static=0
WARN [10-01|20:53:29.841] Unexpected trienode heal packet          peer=b4fd376f reqid=5,334,572,106,420,790,553
WARN [10-01|20:53:33.812] Unexpected trienode heal packet          peer=65539dc6 reqid=7,399,296,839,591,326,317
ERROR[10-01|20:53:35.193] Snapshot extension registration failed   peer=40678fb5 err="peer connected on snap without compatible eth support"
INFO [10-01|20:53:36.747] State heal in progress                   accounts=2835@177.04KiB slots=607@46.69KiB codes=11111@94.33MiB nodes=267,616,858@77.74GiB pending=79009
WARN [10-01|20:53:36.761] Unexpected trienode heal packet          peer=8def3d3c reqid=160,357,891,968,150,295
INFO [10-01|20:53:38.909] Looking for peers                        peercount=27 tried=2 static=0
INFO [10-01|20:53:46.343] State heal in progress                   accounts=2897@180.58KiB slots=633@48.69KiB codes=11111@94.33MiB nodes=267,617,460@77.74GiB pending=79610
WARN [10-01|20:53:46.345] Unexpected trienode heal packet          peer=cb8d18c7 reqid=98,137,056,456,957,104
INFO [10-01|20:53:48.911] Looking for peers                        peercount=28 tried=4 static=0
WARN [10-01|20:53:48.935] Checkpoint challenge timed out, dropping id=83fac4ba4d64ebfd conn=inbound addr=162.55.238.126:25470  type=erigon/v2021.09.3-al...
ERROR[10-01|20:53:53.425] Snapshot extension registration failed   peer=406f4203 err="peer connected on snap without compatible eth support"
INFO [10-01|20:53:56.755] State heal in progress                   accounts=2962@184.70KiB slots=658@50.59KiB codes=11111@94.33MiB nodes=267,618,161@77.74GiB pending=80726
WARN [10-01|20:53:58.885] Checkpoint challenge timed out, dropping id=6156d1997b59c5d2 conn=inbound addr=128.199.234.89:60640  type=OpenEthereum/v3.3.0-...
INFO [10-01|20:53:58.912] Looking for peers                        peercount=25 tried=3 static=0
ERROR[10-01|20:54:01.745] Snapshot extension registration failed   peer=cc8018e3 err="peer connected on snap without compatible eth support"
INFO [10-01|20:54:07.116] State heal in progress                   accounts=3015@188.07KiB slots=681@52.30KiB codes=11111@94.33MiB nodes=267,618,856@77.74GiB pending=81793
INFO [10-01|20:54:08.915] Looking for peers                        peercount=24 tried=2 static=0
INFO [10-01|20:54:12.141] Imported new block headers               count=1    elapsed=8.370ms   number=13,335,720 hash=8966ff..9cc46b age=1m13s
INFO [10-01|20:54:12.264] Downloader queue stats                   receiptTasks=0   blockTasks=0   itemSize=230.43KiB throttle=1138
INFO [10-01|20:54:15.264] State heal in progress                   accounts=3048@189.80KiB slots=717@55.22KiB codes=11111@94.33MiB nodes=267,619,362@77.74GiB pending=82520
INFO [10-01|20:54:18.916] Looking for peers                        peercount=25 tried=4 static=0
INFO [10-01|20:54:24.311] Imported new block headers               count=1    elapsed=6.109ms   number=13,335,721 hash=94d345..324b0e age=1m12s
INFO [10-01|20:54:26.784] State heal in progress                   accounts=3097@192.51KiB slots=759@58.38KiB codes=11111@94.33MiB nodes=267,620,054@77.74GiB pending=83480
INFO [10-01|20:54:28.918] Looking for peers                        peercount=26 tried=3 static=0
INFO [10-01|20:54:30.405] Imported new block headers               count=1    elapsed=5.439ms   number=13,335,722 hash=1fbd58..8e564c age=1m9s
INFO [10-01|20:54:33.476] Imported new block headers               count=1    elapsed=7.558ms   number=13,335,723 hash=1e70a4..8c3b58
INFO [10-01|20:54:35.085] State heal in progress                   accounts=3137@194.86KiB slots=785@60.43KiB codes=11111@94.33MiB nodes=267,620,623@77.74GiB pending=84434
INFO [10-01|20:54:38.920] Looking for peers                        peercount=26 tried=4 static=0
WARN [10-01|20:54:41.636] Dropping unsynced node during sync       id=ae6a58ab136979de conn=inbound addr=99.123.174.80:39496   type=OpenEthereum/v3.3.0-...
INFO [10-01|20:54:43.736] State heal in progress                   accounts=3172@197.14KiB slots=810@62.33KiB codes=11111@94.33MiB nodes=267,621,172@77.74GiB pending=85374
WARN [10-01|20:54:43.961] Checkpoint challenge timed out, dropping id=ebf7593f71ca3c45 conn=dyndial addr=157.90.130.194:30304  type=erigon/v2021.09.3-al...
INFO [10-01|20:54:48.671] Imported new block headers               count=1    elapsed=7.910ms   number=13,335,724 hash=1367c0..92ac97
INFO [10-01|20:54:48.922] Looking for peers                        peercount=25 tried=2 static=0
INFO [10-01|20:54:51.867] State heal in progress                   accounts=3216@199.65KiB slots=844@64.86KiB codes=11111@94.33MiB nodes=267,621,728@77.74GiB pending=86200
INFO [10-01|20:54:58.924] Looking for peers                        peercount=25 tried=4 static=0
INFO [10-01|20:55:00.871] Imported new block headers               count=1    elapsed=6.657ms   number=13,335,725 hash=f9f455..a3ab2e
INFO [10-01|20:55:01.880] State heal in progress                   accounts=3265@202.60KiB slots=891@68.67KiB codes=11111@94.33MiB nodes=267,622,435@77.74GiB pending=87405
INFO [10-01|20:55:08.925] Looking for peers                        peercount=27 tried=1 static=0
INFO [10-01|20:55:10.959] State heal in progress                   accounts=3307@205.36KiB slots=925@71.24KiB codes=11111@94.33MiB nodes=267,623,050@77.74GiB pending=88425
INFO [10-01|20:55:13.215] Imported new block headers               count=1    elapsed=10.226ms  number=13,335,726 hash=86da07..c6d06c
INFO [10-01|20:55:14.316] Downloader queue stats                   receiptTasks=0   blockTasks=0   itemSize=212.39KiB throttle=1235
INFO [10-01|20:55:16.399] Imported new block headers               count=1    elapsed=7.272ms   number=13,335,727 hash=f5cdaf..f38413
ERROR[10-01|20:55:18.044] Snapshot extension registration failed   peer=cd1cdc46 err="peer connected on snap without compatible eth support"
INFO [10-01|20:55:18.926] Looking for peers                        peercount=24 tried=5 static=0
INFO [10-01|20:55:20.062] State heal in progress                   accounts=3356@208.75KiB slots=952@73.40KiB codes=11111@94.33MiB nodes=267,623,668@77.74GiB pending=89394
ERROR[10-01|20:55:20.354] Snapshot extension registration failed   peer=0d793b51 err="peer connected on snap without compatible eth support"
ERROR[10-01|20:55:21.531] Snapshot extension registration failed   peer=c5b271da err="peer connected on snap without compatible eth support"
INFO [10-01|20:55:28.228] State heal in progress                   accounts=3395@211.28KiB slots=987@75.95KiB codes=11111@94.33MiB nodes=267,624,256@77.74GiB pending=90273
INFO [10-01|20:55:28.927] Looking for peers                        peercount=25 tried=2 static=0
INFO [10-01|20:55:38.849] State heal in progress                   accounts=3452@214.55KiB slots=1031@79.47KiB codes=11111@94.33MiB nodes=267,624,983@77.74GiB pending=91423
INFO [10-01|20:55:38.928] Looking for peers                        peercount=26 tried=2 static=0
ERROR[10-01|20:55:38.983] Snapshot extension registration failed   peer=934d1bb7 err="peer connected on snap without compatible eth support"
INFO [10-01|20:55:43.767] Imported new block headers               count=1    elapsed=6.897ms   number=13,335,728 hash=6fffbb..390475
ERROR[10-01|20:55:47.395] Snapshot extension registration failed   peer=6a09ea3d err="peer connected on snap without compatible eth support"
INFO [10-01|20:55:48.930] Looking for peers                        peercount=26 tried=5 static=0
INFO [10-01|20:55:48.977] State heal in progress                   accounts=3502@217.45KiB slots=1073@82.84KiB codes=11111@94.33MiB nodes=267,625,636@77.74GiB pending=92258
INFO [10-01|20:55:49.897] Imported new block headers               count=1    elapsed=6.912ms   number=13,335,729 hash=6e9d28..6f6c75
ERROR[10-01|20:55:53.891] Snapshot extension registration failed   peer=20dcc090 err="peer connected on snap without compatible eth support"
INFO [10-01|20:55:57.857] State heal in progress                   accounts=3553@220.30KiB slots=1131@87.29KiB codes=11111@94.33MiB nodes=267,626,263@77.74GiB pending=93115
INFO [10-01|20:55:58.932] Looking for peers                        peercount=26 tried=3 static=0
INFO [10-01|20:56:06.686] State heal in progress                   accounts=3608@223.73KiB slots=1159@89.32KiB codes=11111@94.33MiB nodes=267,626,855@77.74GiB pending=94026
INFO [10-01|20:56:08.223] Imported new block headers               count=1    elapsed=6.820ms   number=13,335,730 hash=d21e9b..4ac5eb
INFO [10-01|20:56:08.933] Looking for peers                        peercount=25 tried=3 static=0
ERROR[10-01|20:56:13.557] Snapshot extension registration failed   peer=c39782b1 err="peer connected on snap without compatible eth support"
INFO [10-01|20:56:16.009] State heal in progress                   accounts=3660@226.92KiB slots=1192@91.96KiB codes=11111@94.33MiB nodes=267,627,464@77.74GiB pending=94887
ERROR[10-01|20:56:17.875] Snapshot extension registration failed   peer=f80b417d err="peer connected on snap without compatible eth support"
INFO [10-01|20:56:18.937] Looking for peers                        peercount=26 tried=3 static=0
INFO [10-01|20:56:20.396] Imported new block headers               count=1    elapsed=6.510ms   number=13,335,731 hash=f37747..d4714f
ERROR[10-01|20:56:20.744] Snapshot extension registration failed   peer=372bfa0e err="peer connected on snap without compatible eth support"
INFO [10-01|20:56:21.384] Downloader queue stats                   receiptTasks=0   blockTasks=0   itemSize=223.26KiB throttle=1175
WARN [10-01|20:56:22.327] Dropping unsynced node during sync       id=e13e188e69f3526c conn=inbound addr=87.89.234.25:65121    type=OpenEthereum/v3.3.0-...
INFO [10-01|20:56:23.507] Imported new block headers               count=1    elapsed=6.467ms   number=13,335,732 hash=50ae11..3a6368
INFO [10-01|20:56:25.941] State heal in progress                   accounts=3705@229.62KiB slots=1236@95.26KiB codes=11111@94.33MiB nodes=267,628,146@77.74GiB pending=95990
INFO [10-01|20:56:28.938] Looking for peers                        peercount=26 tried=3 static=0
INFO [10-01|20:56:35.383] State heal in progress                   accounts=3747@232.11KiB slots=1274@98.18KiB codes=11111@94.33MiB nodes=267,628,798@77.74GiB pending=96860
INFO [10-01|20:56:38.952] Looking for peers                        peercount=27 tried=3 static=0
ERROR[10-01|20:56:40.337] Snapshot extension registration failed   peer=552b79b3 err="peer connected on snap without compatible eth support"