2021-05-11 21:49:45 UTC Removed existing file '/data/blockchain/eth-data/jsonrpc.ipc'.
2021-05-11 21:49:45 UTC Updated conversion rate to Ξ1 = US$4108.46 (1159048.6 wei/gas)
2021-05-11 21:49:50 UTC Public node URL: enode://d440dace1e4954e36e7f85d5d1d26fe17040f4a0b325f3c59c55bc5fae4b9e0ca4f81baef14bd09bdb9dbdcaf516f204a0194e43c6e3aae03b7ab23339ce6d4b@10.0.0.5:30303
2021-05-11 21:49:55 UTC Syncing #12415629 0x2242…3327     0.00 blk/s    0.0 tx/s    0.0 Mgas/s      0+    7 Qed LI:#12415637   11/25 peers    125 KiB chain    1 MiB queue  RPC:  0 conn,    0 req/s,    0 µs
2021-05-11 21:50:00 UTC Syncing #12415630 0xbcd2…ec88     0.20 blk/s   35.2 tx/s    3.0 Mgas/s      0+    7 Qed LI:#12415638   13/25 peers    142 KiB chain    2 MiB queue  RPC:  0 conn,    0 req/s,    0 µs
2021-05-11 21:50:05 UTC Syncing #12415631 0x9f65…1cfb     0.20 blk/s   44.2 tx/s    3.0 Mgas/s      0+    7 Qed LI:#12415639   14/25 peers    160 KiB chain    2 MiB queue  RPC:  0 conn,    0 req/s,    0 µs
2021-05-11 21:50:10 UTC Syncing #12415633 0x140d…9546     0.40 blk/s   77.6 tx/s    6.0 Mgas/s      0+    5 Qed LI:#12415639   16/25 peers    195 KiB chain    1 MiB queue  RPC:  0 conn,    0 req/s,    0 µs
2021-05-11 21:50:15 UTC Syncing #12415634 0x3944…8ccc     0.20 blk/s   54.2 tx/s    3.0 Mgas/s      0+    5 Qed LI:#12415640   15/25 peers    265 KiB chain    1 MiB queue  RPC:  0 conn,    0 req/s,    0 µs
2021-05-11 21:50:20 UTC Syncing #12415635 0x24ef…3ece     0.20 blk/s   39.4 tx/s    3.0 Mgas/s      0+    4 Qed LI:#12415640   15/25 peers    265 KiB chain    1 MiB queue  RPC:  0 conn,    0 req/s,    0 µs
2021-05-11 21:50:50 UTC  17/25 peers    406 KiB chain  288 KiB queue  RPC:  0 conn,    0 req/s,    0 µs
2021-05-11 21:50:54 UTC Panic occured, see stderr for details


====================

stack backtrace:
   0: <unknown>
   1: <unknown>
   2: <unknown>
   3: <unknown>
   4: <unknown>
   5: <unknown>
   6: <unknown>
   7: <unknown>
   8: <unknown>
   9: <unknown>
  10: <unknown>
  11: <unknown>
  12: <unknown>
  13: <unknown>
  14: <unknown>
  15: <unknown>
  16: <unknown>
  17: clone


Thread 'Worker Client2' panicked at 'Low level database error when updating blooms. Some issue with disk?: Os { code: 11, kind: WouldBlock, message: "Resource temporarily unavailable" }', crates/ethcore/blockchain/src/blockchain.rs:1438

This is a bug. Please report it at:

    https://github.com/openethereum/openethereum/issues/new


2021-05-11 21:50:54 UTC Finishing work, please wait...
Error: 1