2021-06-03 22:21:46 UTC Imported #12564175 0x96f7…53a0 (157 txs, 14.80 Mgas, 5614 ms, 45.53 KiB)
2021-06-03 22:21:50 UTC  26/50 peers      3 MiB chain  0 bytes queue  RPC:  0 conn,    0 req/s,    0 µs
2021-06-03 22:22:25 UTC Syncing #12564176 0xc6de…bbcf     0.03 blk/s    9.1 tx/s    0.4 Mgas/s      0+    4 Qed LI:#12564180   25/25 peers      7 MiB chain  604 KiB queue  RPC:  0 conn,    0 req/s,    0 µs
2021-06-03 22:22:27 UTC Syncing #12564176 0xc6de…bbcf     0.00 blk/s    0.0 tx/s    0.0 Mgas/s      0+    4 Qed LI:#12564180   26/50 peers      2 MiB chain  604 KiB queue  RPC:  0 conn,    0 req/s,    0 µs
2021-06-03 22:22:30 UTC Syncing #12564176 0xc6de…bbcf     0.00 blk/s    0.0 tx/s    0.0 Mgas/s      0+    4 Qed LI:#12564180   25/25 peers      2 MiB chain  604 KiB queue  RPC:  0 conn,    0 req/s,    0 µs
2021-06-03 22:22:35 UTC Syncing #12564176 0xc6de…bbcf     0.00 blk/s    0.0 tx/s    0.0 Mgas/s      0+    4 Qed LI:#12564181   25/25 peers      2 MiB chain  590 KiB queue  RPC:  0 conn,    0 req/s,    0 µs
2021-06-03 22:22:40 UTC Syncing #12564177 0x23c4…d4ca     0.20 blk/s   33.2 tx/s    3.0 Mgas/s      0+    5 Qed LI:#12564182   23/25 peers      2 MiB chain  741 KiB queue  RPC:  0 conn,    0 req/s,    0 µs
2021-06-03 22:22:45 UTC Syncing #12564177 0x23c4…d4ca     0.00 blk/s    0.0 tx/s    0.0 Mgas/s      0+    5 Qed LI:#12564182   24/25 peers      2 MiB chain  741 KiB queue  RPC:  0 conn,    0 req/s,    0 µs
2021-06-03 22:22:50 UTC Syncing #12564178 0x53c4…579b     0.20 blk/s   25.6 tx/s    3.0 Mgas/s      0+    4 Qed LI:#12564182   23/25 peers      2 MiB chain  613 KiB queue  RPC:  0 conn,    0 req/s,    0 µs
2021-06-03 22:22:55 UTC Syncing #12564179 0xfce4…4d15     0.20 blk/s   21.6 tx/s    3.0 Mgas/s      0+    4 Qed LI:#12564183   26/50 peers      2 MiB chain  691 KiB queue  RPC:  0 conn,    0 req/s,    0 µs
2021-06-03 22:23:15 UTC Reorg to #12564183 0xc383…94c2 (0x1d20…761d #12564181 0xb208…2ff6 0xba84…f84c)
2021-06-03 22:23:20 UTC Imported #12564184 0xd077…984e (380 txs, 14.98 Mgas, 4086 ms, 49.18 KiB)
2021-06-03 22:23:26 UTC  23/25 peers      2 MiB chain  165 KiB queue  RPC:  0 conn,    0 req/s,    0 µs
2021-06-03 22:24:00 UTC  23/25 peers      2 MiB chain  199 KiB queue  RPC:  0 conn,    0 req/s,    0 µs
2021-06-03 22:24:15 UTC Imported #12564190 0x1389…0e3d (112 txs, 14.99 Mgas, 4897 ms, 25.98 KiB)
2021-06-03 22:24:31 UTC  22/25 peers      2 MiB chain  0 bytes queue  RPC:  0 conn,    0 req/s,    0 µs
2021-06-03 22:25:06 UTC  25/25 peers      3 MiB chain  0 bytes queue  RPC:  0 conn,    0 req/s,    0 µs
2021-06-03 22:25:22 UTC Imported #12564197 0x951d…c8b5 (75 txs, 14.99 Mgas, 4396 ms, 26.16 KiB)
2021-06-03 22:25:55 UTC Syncing #12564198 0x984b…918a     0.10 blk/s   14.5 tx/s    1.5 Mgas/s      0+    4 Qed LI:#12564202   23/25 peers      4 MiB chain  486 KiB queue  RPC:  0 conn,    0 req/s,    0 µs
2021-06-03 22:26:14 UTC Imported #12564202 0x2697…3fb1 (96 txs, 14.97 Mgas, 4876 ms, 15.20 KiB)
2021-06-03 22:26:29 UTC Imported #12564203 0x5f78…806c (347 txs, 14.97 Mgas, 5734 ms, 67.38 KiB)
2021-06-03 22:26:34 UTC  22/25 peers      4 MiB chain  177 KiB queue  RPC:  0 conn,    0 req/s,    0 µs
2021-06-03 22:26:39 UTC Syncing #12564204 0x627d…1c92     0.21 blk/s   27.9 tx/s    3.2 Mgas/s      0+    4 Qed LI:#12564208   24/25 peers      4 MiB chain  406 KiB queue  RPC:  0 conn,    0 req/s,    0 µs
2021-06-03 22:27:03 UTC Syncing #12564204 0x627d…1c92     0.00 blk/s    0.0 tx/s    0.0 Mgas/s      0+    6 Qed LI:#12564210   24/25 peers      4 MiB chain  647 KiB queue  RPC:  0 conn,    0 req/s,    0 µs
2021-06-03 22:27:05 UTC Syncing #12564204 0x627d…1c92     0.00 blk/s    0.0 tx/s    0.0 Mgas/s      0+    7 Qed LI:#12564210   24/25 peers      4 MiB chain  722 KiB queue  RPC:  0 conn,    0 req/s,    0 µs
2021-06-03 22:27:10 UTC Syncing #12564206 0x50ab…29bc     0.40 blk/s   55.6 tx/s    6.0 Mgas/s      0+    7 Qed LI:#12564211   24/25 peers      4 MiB chain  762 KiB queue  RPC:  0 conn,    0 req/s,    0 µs
2021-06-03 22:27:15 UTC Syncing #12564208 0x7036…ee16     0.40 blk/s   26.2 tx/s    6.0 Mgas/s      0+    4 Qed LI:#12564211   24/25 peers      4 MiB chain  570 KiB queue  RPC:  0 conn,    0 req/s,    0 µs
2021-06-03 22:27:20 UTC Syncing #12564208 0x7036…ee16     0.00 blk/s    0.0 tx/s    0.0 Mgas/s      0+    4 Qed LI:#12564211   24/25 peers      4 MiB chain  570 KiB queue  RPC:  0 conn,    0 req/s,    0 µs
2021-06-03 22:27:27 UTC Syncing #12564209 0x20e2…1143     0.20 blk/s   16.6 tx/s    3.0 Mgas/s      0+    5 Qed LI:#12564213   24/25 peers      4 MiB chain  718 KiB queue  RPC:  0 conn,    0 req/s,    0 µs
2021-06-03 22:27:31 UTC Syncing #12564210 0xbb36…3d52     0.20 blk/s   38.4 tx/s    3.0 Mgas/s      0+    5 Qed LI:#12564214   24/25 peers      4 MiB chain  631 KiB queue  RPC:  0 conn,    0 req/s,    0 µs
2021-06-03 22:28:02 UTC  24/25 peers      4 MiB chain   87 KiB queue  RPC:  0 conn,    0 req/s,    0 µs