2021-06-03 22:27:05 UTC Syncing #12564204 0x627d…1c92     0.00 blk/s    0.0 tx/s    0.0 Mgas/s      0+    7 Qed LI:#12564210   24/25 peers      4 MiB chain  722 KiB queue  RPC:  0 conn,    0 req/s,    0 µs
2021-06-03 22:27:10 UTC Syncing #12564206 0x50ab…29bc     0.40 blk/s   55.6 tx/s    6.0 Mgas/s      0+    7 Qed LI:#12564211   24/25 peers      4 MiB chain  762 KiB queue  RPC:  0 conn,    0 req/s,    0 µs
2021-06-03 22:27:15 UTC Syncing #12564208 0x7036…ee16     0.40 blk/s   26.2 tx/s    6.0 Mgas/s      0+    4 Qed LI:#12564211   24/25 peers      4 MiB chain  570 KiB queue  RPC:  0 conn,    0 req/s,    0 µs
2021-06-03 22:27:20 UTC Syncing #12564208 0x7036…ee16     0.00 blk/s    0.0 tx/s    0.0 Mgas/s      0+    4 Qed LI:#12564211   24/25 peers      4 MiB chain  570 KiB queue  RPC:  0 conn,    0 req/s,    0 µs
2021-06-03 22:27:27 UTC Syncing #12564209 0x20e2…1143     0.20 blk/s   16.6 tx/s    3.0 Mgas/s      0+    5 Qed LI:#12564213   24/25 peers      4 MiB chain  718 KiB queue  RPC:  0 conn,    0 req/s,    0 µs
2021-06-03 22:27:31 UTC Syncing #12564210 0xbb36…3d52     0.20 blk/s   38.4 tx/s    3.0 Mgas/s      0+    5 Qed LI:#12564214   24/25 peers      4 MiB chain  631 KiB queue  RPC:  0 conn,    0 req/s,    0 µs
2021-06-03 22:28:02 UTC  24/25 peers      4 MiB chain   87 KiB queue  RPC:  0 conn,    0 req/s,    0 µs
2021-06-03 22:28:12 UTC Imported #12564216 0x4647…fbd3 (125 txs, 14.99 Mgas, 5072 ms, 23.65 KiB)
2021-06-03 22:28:24 UTC Imported #12564217 0xe388…832c (259 txs, 14.99 Mgas, 5635 ms, 59.94 KiB)
2021-06-03 22:28:37 UTC  23/25 peers      4 MiB chain  114 KiB queue  RPC:  0 conn,    0 req/s,    0 µs
2021-06-03 22:29:10 UTC  24/25 peers      5 MiB chain  0 bytes queue  RPC:  0 conn,    0 req/s,    0 µs
2021-06-03 22:29:15 UTC Imported #12564221 0x47d3…d20c (198 txs, 14.96 Mgas, 5224 ms, 36.71 KiB)
2021-06-03 22:29:41 UTC  24/25 peers      5 MiB chain  833 KiB queue  RPC:  0 conn,    0 req/s,    0 µs
2021-06-03 22:29:41 UTC  24/25 peers      5 MiB chain  544 KiB queue  RPC:  0 conn,    0 req/s,    0 µs
2021-06-03 22:29:41 UTC  24/25 peers      5 MiB chain  544 KiB queue  RPC:  0 conn,    0 req/s,    0 µs
2021-06-03 22:29:59 UTC Imported #12564225 0x1bc1…8144 (166 txs, 14.98 Mgas, 5115 ms, 52.85 KiB)
2021-06-03 22:30:17 UTC  24/25 peers      5 MiB chain  210 KiB queue  RPC:  0 conn,    0 req/s,    0 µs
2021-06-03 22:30:33 UTC Imported #12564227 0x8b20…553e (87 txs, 14.80 Mgas, 5547 ms, 83.16 KiB)
2021-06-03 22:30:58 UTC  24/25 peers      6 MiB chain  0 bytes queue  RPC:  0 conn,    0 req/s,    0 µs
2021-06-03 22:31:02 UTC Imported #12564228 0xf00b…85f4 (427 txs, 14.98 Mgas, 5431 ms, 69.23 KiB)
2021-06-03 22:31:32 UTC  25/25 peers      6 MiB chain  0 bytes queue  RPC:  0 conn,    0 req/s,    0 µs
2021-06-03 22:32:03 UTC  26/50 peers      6 MiB chain  0 bytes queue  RPC:  0 conn,    0 req/s,    0 µs
2021-06-03 22:32:16 UTC Imported #12564230 0x09ca…5157 (230 txs, 14.98 Mgas, 9536 ms, 59.47 KiB)
2021-06-03 22:32:36 UTC  29/50 peers      6 MiB chain  0 bytes queue  RPC:  0 conn,    0 req/s,    0 µs
2021-06-03 22:32:36 UTC  29/50 peers      6 MiB chain  0 bytes queue  RPC:  0 conn,    0 req/s,    0 µs
2021-06-03 22:32:40 UTC Imported #12564231 0x2a20…a401 (188 txs, 14.96 Mgas, 5688 ms, 57.05 KiB)
2021-06-03 22:32:57 UTC Syncing #12564232 0xc89e…04f8     0.09 blk/s   17.7 tx/s    1.4 Mgas/s      0+    4 Qed LI:#12564235   28/50 peers      6 MiB chain  784 KiB queue  RPC:  0 conn,    0 req/s,    0 µs
2021-06-03 22:33:08 UTC Syncing #12564232 0xc89e…04f8     0.00 blk/s    0.0 tx/s    0.0 Mgas/s      0+    5 Qed LI:#12564236   28/50 peers      6 MiB chain  976 KiB queue  RPC:  0 conn,    0 req/s,    0 µs
2021-06-03 22:33:15 UTC Syncing #12564232 0xc89e…04f8     0.00 blk/s    0.0 tx/s    0.0 Mgas/s      0+    4 Qed LI:#12564236   28/50 peers      6 MiB chain  782 KiB queue  RPC:  0 conn,    0 req/s,    0 µs
2021-06-03 22:33:20 UTC Syncing #12564232 0xc89e…04f8     0.20 blk/s   34.2 tx/s    3.0 Mgas/s      0+    4 Qed LI:#12564237   29/50 peers      6 MiB chain  743 KiB queue  RPC:  0 conn,    0 req/s,    0 µs
2021-06-03 22:33:20 UTC Reorg to #12564233 0xdd3d…6a5a (0xc89e…04f8 #12564231 0x2a20…a401 0x619a…075a)
2021-06-03 22:33:55 UTC Imported #12564238 0x055f…cc74 (241 txs, 14.99 Mgas, 8896 ms, 46.08 KiB)
2021-06-03 22:34:00 UTC  30/50 peers      6 MiB chain  0 bytes queue  RPC:  0 conn,    0 req/s,    0 µs