ERROR[10-01|22:42:07.663] Snapshot extension registration failed   peer=153f3a49 err="peer connected on snap without compatible eth support"
INFO [10-01|22:42:09.648] State heal in progress                   accounts=5554@345.11KiB slots=10453@781.67KiB codes=11134@94.51MiB nodes=268,098,712@77.91GiB pending=109,003
INFO [10-01|22:42:10.731] Imported new block headers               count=1    elapsed=6.709ms   number=13,336,211 hash=c54805..baf728
ERROR[10-01|22:42:12.963] Snapshot extension registration failed   peer=45d2cbc9 err="peer connected on snap without compatible eth support"
ERROR[10-01|22:42:14.217] Snapshot extension registration failed   peer=75fb4c24 err="peer connected on snap without compatible eth support"
INFO [10-01|22:42:17.940] State heal in progress                   accounts=5585@347.00KiB slots=10529@787.37KiB codes=11134@94.51MiB nodes=268,099,314@77.91GiB pending=109,476
INFO [10-01|22:42:26.477] State heal in progress                   accounts=5646@350.84KiB slots=10589@791.83KiB codes=11134@94.51MiB nodes=268,100,007@77.91GiB pending=110,266
INFO [10-01|22:42:26.765] Imported new block headers               count=1    elapsed=6.230ms   number=13,336,212 hash=2e0511..94e62a
ERROR[10-01|22:42:28.849] Snapshot extension registration failed   peer=20dcc090 err="peer connected on snap without compatible eth support"
INFO [10-01|22:42:35.082] State heal in progress                   accounts=5677@352.88KiB slots=10674@798.25KiB codes=11134@94.51MiB nodes=268,100,648@77.91GiB pending=110,710
ERROR[10-01|22:42:42.764] Snapshot extension registration failed   peer=adf33177 err="peer connected on snap without compatible eth support"
INFO [10-01|22:42:43.130] State heal in progress                   accounts=5693@353.94KiB slots=10762@804.94KiB codes=11134@94.51MiB nodes=268,101,218@77.91GiB pending=111,062
ERROR[10-01|22:42:50.031] Snapshot extension registration failed   peer=be18023c err="peer connected on snap without compatible eth support"
INFO [10-01|22:42:51.170] State heal in progress                   accounts=5736@356.82KiB slots=10878@813.71KiB codes=11134@94.51MiB nodes=268,101,861@77.91GiB pending=111,464
WARN [10-01|22:42:57.766] Dropping unsynced node during sync       id=374266bea2400571 conn=inbound addr=134.41.200.59:36710  type=Geth/v1.10.8-stable-...
INFO [10-01|22:43:00.540] State heal in progress                   accounts=5783@359.89KiB slots=11020@824.20KiB codes=11134@94.51MiB nodes=268,102,607@77.91GiB pending=111,745
ERROR[10-01|22:43:06.025] Snapshot extension registration failed   peer=c39782b1 err="peer connected on snap without compatible eth support"
INFO [10-01|22:43:10.284] State heal in progress                   accounts=5798@360.76KiB slots=11186@836.98KiB codes=11134@94.51MiB nodes=268,103,436@77.91GiB pending=112,078
INFO [10-01|22:43:19.214] State heal in progress                   accounts=5805@361.15KiB slots=11307@846.06KiB codes=11134@94.51MiB nodes=268,104,053@77.91GiB pending=112,398
INFO [10-01|22:43:29.120] State heal in progress                   accounts=5842@363.59KiB slots=11468@858.16KiB codes=11134@94.51MiB nodes=268,104,865@77.91GiB pending=112,661
INFO [10-01|22:43:31.584] Imported new block headers               count=1    elapsed=7.939ms   number=13,336,213 hash=c5e585..1475ac age=1m29s
INFO [10-01|22:43:31.956] Downloader queue stats                   receiptTasks=0   blockTasks=0   itemSize=218.51KiB throttle=1200
INFO [10-01|22:43:37.272] State heal in progress                   accounts=5870@365.21KiB slots=11683@874.54KiB codes=11134@94.51MiB nodes=268,105,664@77.91GiB pending=112,764
ERROR[10-01|22:43:39.021] Snapshot extension registration failed   peer=657914f4 err="peer connected on snap without compatible eth support"
ERROR[10-01|22:43:42.115] Snapshot extension registration failed   peer=3f3d0990 err="peer connected on snap without compatible eth support"
INFO [10-01|22:43:46.669] State heal in progress                   accounts=5901@367.31KiB slots=11824@885.20KiB codes=11134@94.51MiB nodes=268,106,413@77.91GiB pending=113,171
INFO [10-01|22:43:56.750] State heal in progress                   accounts=5915@368.06KiB slots=12028@900.93KiB codes=11134@94.51MiB nodes=268,107,214@77.91GiB pending=113,279
ERROR[10-01|22:43:58.936] Snapshot extension registration failed   peer=40678fb5 err="peer connected on snap without compatible eth support"
INFO [10-01|22:43:59.099] Imported new block headers               count=1    elapsed=6.658ms   number=13,336,214 hash=763768..b2b66d age=1m52s
INFO [10-01|22:44:06.927] State heal in progress                   accounts=5944@369.90KiB slots=12260@918.68KiB codes=11134@94.51MiB nodes=268,108,064@77.91GiB pending=113,358
INFO [10-01|22:44:11.203] Imported new block headers               count=1    elapsed=12.261ms  number=13,336,215 hash=51d765..4ce422 age=1m48s
INFO [10-01|22:44:14.361] Imported new block headers               count=1    elapsed=7.613ms   number=13,336,216 hash=68571e..8c51c1
INFO [10-01|22:44:15.822] State heal in progress                   accounts=5951@370.30KiB slots=12420@930.83KiB codes=11134@94.51MiB nodes=268,108,763@77.91GiB pending=113,525
INFO [10-01|22:44:21.801] Imported new block headers               count=2    elapsed=9.464ms   number=13,336,218 hash=af2215..bdbff8
INFO [10-01|22:44:23.835] State heal in progress                   accounts=5961@371.02KiB slots=12610@945.17KiB codes=11134@94.51MiB nodes=268,109,469@77.91GiB pending=113,610
INFO [10-01|22:44:32.281] State heal in progress                   accounts=5968@371.34KiB slots=12801@959.76KiB codes=11134@94.51MiB nodes=268,110,163@77.91GiB pending=113,680
INFO [10-01|22:44:34.407] Imported new block headers               count=1    elapsed=6.511ms   number=13,336,219 hash=c608b9..dab574
INFO [10-01|22:44:41.000] Downloader queue stats                   receiptTasks=0   blockTasks=0   itemSize=266.63KiB throttle=984
INFO [10-01|22:44:41.526] State heal in progress                   accounts=5981@372.08KiB slots=13037@977.72KiB codes=11134@94.51MiB nodes=268,111,003@77.91GiB pending=113,673
INFO [10-01|22:44:43.511] Imported new block headers               count=1    elapsed=7.431ms   number=13,336,220 hash=abe566..57a037
INFO [10-01|22:44:51.154] State heal in progress                   accounts=5994@372.81KiB slots=13229@992.38KiB codes=11134@94.51MiB nodes=268,111,707@77.91GiB pending=113,731
INFO [10-01|22:44:52.601] Imported new block headers               count=1    elapsed=6.000ms   number=13,336,221 hash=82c0de..238375
ERROR[10-01|22:44:56.731] Snapshot extension registration failed   peer=7bfe56a3 err="peer connected on snap without compatible eth support"
INFO [10-01|22:45:01.317] State heal in progress                   accounts=6006@373.43KiB slots=13389@1004.75KiB codes=11134@94.51MiB nodes=268,112,479@77.91GiB pending=114,253
INFO [10-01|22:45:10.007] State heal in progress                   accounts=6022@374.49KiB slots=13483@1012.18KiB codes=11134@94.51MiB nodes=268,113,112@77.91GiB pending=114,703
INFO [10-01|22:45:13.758] Imported new block headers               count=1    elapsed=6.683ms   number=13,336,222 hash=c43605..166ea0
INFO [10-01|22:45:18.211] State heal in progress                   accounts=6055@376.46KiB slots=13662@1.00MiB    codes=11134@94.51MiB nodes=268,113,833@77.92GiB pending=114,711
INFO [10-01|22:45:19.244] Imported new block headers               count=2    elapsed=15.235ms  number=13,336,224 hash=a0ca02..8c3e2a
INFO [10-01|22:45:27.195] State heal in progress                   accounts=6063@376.82KiB slots=13840@1.02MiB    codes=11134@94.51MiB nodes=268,114,554@77.92GiB pending=114,868
WARN [10-01|22:45:27.919] Dropping unsynced node during sync       id=f943a59de133aef3 conn=inbound addr=3.94.9.135:44500     type=Geth/v1.10.6-stable-...
ERROR[10-01|22:45:37.323] Snapshot extension registration failed   peer=80e4ad9a err="peer connected on snap without compatible eth support"
INFO [10-01|22:45:38.027] Imported new block headers               count=1    elapsed=6.764ms   number=13,336,225 hash=08d38c..7efabb
INFO [10-01|22:45:38.135] State heal in progress                   accounts=6078@377.77KiB slots=14000@1.03MiB    codes=11134@94.51MiB nodes=268,115,325@77.92GiB pending=115,199
ERROR[10-01|22:45:46.651] Snapshot extension registration failed   peer=80b1d9b9 err="peer connected on snap without compatible eth support"
INFO [10-01|22:45:47.533] State heal in progress                   accounts=6079@377.82KiB slots=14186@1.04MiB    codes=11134@94.51MiB nodes=268,116,048@77.92GiB pending=115,296
ERROR[10-01|22:45:50.691] Snapshot extension registration failed   peer=ae8f0800 err="peer connected on snap without compatible eth support"
ERROR[10-01|22:45:52.324] Snapshot extension registration failed   peer=67e93ad4 err="peer connected on snap without compatible eth support"
INFO [10-01|22:45:53.142] Imported new block headers               count=1    elapsed=6.457ms   number=13,336,226 hash=2a89d9..aa66da
INFO [10-01|22:45:54.050] Downloader queue stats                   receiptTasks=0   blockTasks=0   itemSize=219.93KiB throttle=1192
INFO [10-01|22:45:57.193] State heal in progress                   accounts=6080@377.86KiB slots=14371@1.05MiB    codes=11134@94.51MiB nodes=268,116,763@77.92GiB pending=115,426
INFO [10-01|22:46:07.871] State heal in progress                   accounts=6089@378.42KiB slots=14487@1.06MiB    codes=11134@94.51MiB nodes=268,117,376@77.92GiB pending=115,861
ERROR[10-01|22:46:09.439] Snapshot extension registration failed   peer=89b6dfeb err="peer connected on snap without compatible eth support"
INFO [10-01|22:46:09.917] Imported new block headers               count=1    elapsed=5.577ms   number=13,336,227 hash=b1238d..5afe74
WARN [10-01|22:46:12.320] Dropping unsynced node during sync       id=7dd45cc77c69c4f2 conn=inbound addr=144.76.0.7:54614     type=OpenEthereum/v3.3.0-...
ERROR[10-01|22:46:13.031] Snapshot extension registration failed   peer=9a2e6f86 err="peer connected on snap without compatible eth support"
INFO [10-01|22:46:15.539] Imported new block headers               count=1    elapsed=5.994ms   number=13,336,228 hash=7ef2f9..643bf1
INFO [10-01|22:46:17.664] State heal in progress                   accounts=6106@379.47KiB slots=14586@1.07MiB    codes=11134@94.51MiB nodes=268,118,004@77.92GiB pending=116,462
ERROR[10-01|22:46:21.735] Snapshot extension registration failed   peer=3300220c err="peer connected on snap without compatible eth support"
INFO [10-01|22:46:26.804] State heal in progress                   accounts=6106@379.47KiB slots=14785@1.09MiB    codes=11134@94.51MiB nodes=268,118,749@77.92GiB pending=116,597
INFO [10-01|22:46:36.133] State heal in progress                   accounts=6109@379.61KiB slots=15145@1.11MiB    codes=11134@94.51MiB nodes=268,119,741@77.92GiB pending=116,255
ERROR[10-01|22:46:36.653] Snapshot extension registration failed   peer=0d793b51 err="peer connected on snap without compatible eth support"
ERROR[10-01|22:46:44.123] Snapshot extension registration failed   peer=dade6272 err="peer connected on snap without compatible eth support"
INFO [10-01|22:46:45.093] Imported new block headers               count=1    elapsed=6.615ms   number=13,336,229 hash=b7e271..261810
ERROR[10-01|22:46:46.187] Snapshot extension registration failed   peer=c39782b1 err="peer connected on snap without compatible eth support"
INFO [10-01|22:46:46.444] State heal in progress                   accounts=6109@379.61KiB slots=15305@1.12MiB    codes=11134@94.51MiB nodes=268,120,464@77.92GiB pending=116,496
INFO [10-01|22:46:54.942] Imported new block headers               count=1    elapsed=6.280ms   number=13,336,230 hash=2af7dd..7d0ca2
INFO [10-01|22:46:54.992] State heal in progress                   accounts=6109@379.61KiB slots=15450@1.14MiB    codes=11134@94.51MiB nodes=268,121,265@77.92GiB pending=117,009
INFO [10-01|22:46:56.095] Downloader queue stats                   receiptTasks=0   blockTasks=0   itemSize=222.37KiB throttle=1179
ERROR[10-01|22:46:57.489] Snapshot extension registration failed   peer=ad502f7c err="peer connected on snap without compatible eth support"
WARN [10-01|22:46:58.143] Dropping unsynced node during sync       id=8362f7cc4da2fb5e conn=inbound addr=144.137.20.70:42506  type=Nethermind/v1.11.3-0...
INFO [10-01|22:47:05.772] State heal in progress                   accounts=6119@380.10KiB slots=15669@1.15MiB    codes=11134@94.51MiB nodes=268,122,209@77.92GiB pending=117,458
ERROR[10-01|22:47:07.059] Snapshot extension registration failed   peer=9a2e6f86 err="peer connected on snap without compatible eth support"
ERROR[10-01|22:47:10.591] Snapshot extension registration failed   peer=78f31daa err="peer connected on snap without compatible eth support"
INFO [10-01|22:47:15.940] State heal in progress                   accounts=6119@380.10KiB slots=15770@1.16MiB    codes=11134@94.51MiB nodes=268,122,967@77.92GiB pending=118,994
INFO [10-01|22:47:24.765] State heal in progress                   accounts=6119@380.10KiB slots=15989@1.18MiB    codes=11135@94.51MiB nodes=268,123,730@77.92GiB pending=119,439
INFO [10-01|22:47:31.222] Imported new block headers               count=1    elapsed=6.157ms   number=13,336,231 hash=9d8800..0fee7a age=1m20s
ERROR[10-01|22:47:33.973] Snapshot extension registration failed   peer=552a1333 err="peer connected on snap without compatible eth support"
INFO [10-01|22:47:34.020] State heal in progress                   accounts=6120@380.20KiB slots=16189@1.19MiB    codes=11135@94.51MiB nodes=268,124,470@77.92GiB pending=119,541