ERROR[10-01|22:37:07.643] Snapshot extension registration failed   peer=20dcc090 err="peer connected on snap without compatible eth support"
INFO [10-01|22:37:07.666] Downloader queue stats                   receiptTasks=0   blockTasks=0   itemSize=207.89KiB throttle=1261
INFO [10-01|22:37:09.352] State heal in progress                   accounts=1866@118.19KiB slots=9559@714.02KiB codes=11133@94.50MiB nodes=268,069,202@77.90GiB pending=73733
INFO [10-01|22:37:10.793] Imported new block headers               count=1    elapsed=10.475ms  number=13,336,186 hash=7ec69e..45b162
INFO [10-01|22:37:13.864] Imported new block headers               count=1    elapsed=7.175ms   number=13,336,187 hash=72f638..287f32
ERROR[10-01|22:37:22.206] Snapshot extension registration failed   peer=6544251c err="peer connected on snap without compatible eth support"
INFO [10-01|22:37:22.685] State heal in progress                   accounts=1928@121.94KiB slots=9559@714.02KiB codes=11133@94.50MiB nodes=268,070,358@77.90GiB pending=74874
ERROR[10-01|22:37:24.094] Snapshot extension registration failed   peer=f2e811ed err="peer connected on snap without compatible eth support"
INFO [10-01|22:37:30.712] State heal in progress                   accounts=1946@123.04KiB slots=9559@714.02KiB codes=11133@94.50MiB nodes=268,071,234@77.90GiB pending=77046
INFO [10-01|22:37:31.634] Imported new block headers               count=1    elapsed=7.401ms   number=13,336,188 hash=4b92e5..38f8f2
INFO [10-01|22:37:39.511] State heal in progress                   accounts=2127@134.98KiB slots=9559@714.02KiB codes=11133@94.50MiB nodes=268,072,323@77.90GiB pending=78434
INFO [10-01|22:37:45.666] Imported new block headers               count=1    elapsed=7.438ms   number=13,336,189 hash=61f922..0aea91
INFO [10-01|22:37:47.988] State heal in progress                   accounts=2208@140.12KiB slots=9560@714.09KiB codes=11133@94.50MiB nodes=268,073,357@77.90GiB pending=80184
INFO [10-01|22:37:52.796] Imported new block headers               count=1    elapsed=6.747ms   number=13,336,190 hash=937f98..ee4935
INFO [10-01|22:37:56.506] State heal in progress                   accounts=2225@141.17KiB slots=9560@714.09KiB codes=11133@94.50MiB nodes=268,074,196@77.90GiB pending=81980
ERROR[10-01|22:37:57.277] Snapshot extension registration failed   peer=75fb4c24 err="peer connected on snap without compatible eth support"
INFO [10-01|22:38:05.231] State heal in progress                   accounts=2303@145.55KiB slots=9560@714.09KiB codes=11133@94.50MiB nodes=268,075,118@77.90GiB pending=83282
INFO [10-01|22:38:13.878] State heal in progress                   accounts=2502@158.18KiB slots=9562@714.25KiB codes=11133@94.50MiB nodes=268,076,163@77.90GiB pending=84365
INFO [10-01|22:38:23.173] Imported new block headers               count=1    elapsed=7.785ms   number=13,336,191 hash=fe654a..743ebf
INFO [10-01|22:38:23.726] Downloader queue stats                   receiptTasks=0   blockTasks=0   itemSize=212.15KiB throttle=1236
INFO [10-01|22:38:24.156] State heal in progress                   accounts=2651@167.73KiB slots=9564@714.41KiB codes=11133@94.50MiB nodes=268,077,343@77.91GiB pending=85754
WARN [10-01|22:38:26.708] Checkpoint challenge timed out, dropping id=e89a95d691ed9245 conn=inbound addr=167.71.214.40:38158  type=OpenEthereum/v3.3.0-...
INFO [10-01|22:38:32.725] State heal in progress                   accounts=2813@178.01KiB slots=9568@714.76KiB codes=11133@94.50MiB nodes=268,078,496@77.91GiB pending=87340
ERROR[10-01|22:38:38.697] Snapshot extension registration failed   peer=83d265fd err="peer connected on snap without compatible eth support"
INFO [10-01|22:38:39.616] Imported new block headers               count=2    elapsed=10.972ms  number=13,336,193 hash=b9b806..f62260
INFO [10-01|22:38:41.686] State heal in progress                   accounts=2990@188.99KiB slots=9573@715.14KiB codes=11133@94.50MiB nodes=268,079,555@77.91GiB pending=88573
ERROR[10-01|22:38:42.618] Snapshot extension registration failed   peer=c39782b1 err="peer connected on snap without compatible eth support"
INFO [10-01|22:38:42.953] Imported new block headers               count=1    elapsed=6.217ms   number=13,336,194 hash=6066c2..65dc73
ERROR[10-01|22:38:43.529] Snapshot extension registration failed   peer=4fbbb958 err="peer connected on snap without compatible eth support"
INFO [10-01|22:38:50.921] State heal in progress                   accounts=3140@198.40KiB slots=9577@715.46KiB codes=11133@94.50MiB nodes=268,080,653@77.91GiB pending=89838
ERROR[10-01|22:38:56.235] Snapshot extension registration failed   peer=20dcc090 err="peer connected on snap without compatible eth support"
INFO [10-01|22:38:59.828] State heal in progress                   accounts=3324@209.50KiB slots=9591@716.51KiB codes=11133@94.50MiB nodes=268,081,668@77.91GiB pending=90818
ERROR[10-01|22:39:05.387] Snapshot extension registration failed   peer=6268e558 err="peer connected on snap without compatible eth support"
INFO [10-01|22:39:09.231] State heal in progress                   accounts=3485@219.20KiB slots=9606@717.68KiB codes=11133@94.50MiB nodes=268,082,724@77.91GiB pending=92047
INFO [10-01|22:39:13.358] Imported new block headers               count=1    elapsed=6.862ms   number=13,336,195 hash=6c0233..cc3b21
ERROR[10-01|22:39:15.942] Snapshot extension registration failed   peer=270859f9 err="peer connected on snap without compatible eth support"
INFO [10-01|22:39:18.070] State heal in progress                   accounts=3767@236.62KiB slots=9619@718.67KiB codes=11133@94.50MiB nodes=268,083,884@77.91GiB pending=92935
ERROR[10-01|22:39:19.631] Snapshot extension registration failed   peer=1cd502f4 err="peer connected on snap without compatible eth support"
INFO [10-01|22:39:26.356] State heal in progress                   accounts=3963@248.84KiB slots=9630@719.47KiB codes=11133@94.50MiB nodes=268,084,823@77.91GiB pending=93682
INFO [10-01|22:39:28.488] Imported new block headers               count=1    elapsed=6.425ms   number=13,336,196 hash=176d9e..9b7fff
INFO [10-01|22:39:28.786] Downloader queue stats                   receiptTasks=0   blockTasks=0   itemSize=188.38KiB throttle=1392
INFO [10-01|22:39:34.637] Imported new block headers               count=1    elapsed=6.715ms   number=13,336,197 hash=1cd9ed..e29174
INFO [10-01|22:39:35.164] State heal in progress                   accounts=4149@259.89KiB slots=9650@721.03KiB codes=11133@94.50MiB nodes=268,085,741@77.91GiB pending=94715
INFO [10-01|22:39:44.519] State heal in progress                   accounts=4321@269.93KiB slots=9688@723.89KiB codes=11133@94.50MiB nodes=268,086,667@77.91GiB pending=95834
ERROR[10-01|22:39:47.380] Snapshot extension registration failed   peer=20dcc090 err="peer connected on snap without compatible eth support"
INFO [10-01|22:39:49.789] Imported new block headers               count=1    elapsed=5.805ms   number=13,336,198 hash=5a8baf..c3624c
INFO [10-01|22:39:52.833] Imported new block headers               count=1    elapsed=5.614ms   number=13,336,199 hash=3b0c4a..d144f2
INFO [10-01|22:39:53.562] State heal in progress                   accounts=4482@279.34KiB slots=9706@725.19KiB codes=11133@94.50MiB nodes=268,087,569@77.91GiB pending=96592
ERROR[10-01|22:39:56.431] Snapshot extension registration failed   peer=0b84869c err="peer connected on snap without compatible eth support"
INFO [10-01|22:39:57.298] Imported new block headers               count=1    elapsed=7.855ms   number=13,336,200 hash=a95638..6a492d
ERROR[10-01|22:40:00.644] Snapshot extension registration failed   peer=9a9cbe96 err="peer connected on snap without compatible eth support"
INFO [10-01|22:40:02.047] State heal in progress                   accounts=4565@284.29KiB slots=9729@726.91KiB codes=11133@94.50MiB nodes=268,088,230@77.91GiB pending=97327
INFO [10-01|22:40:11.281] State heal in progress                   accounts=4616@288.10KiB slots=9772@730.22KiB codes=11133@94.50MiB nodes=268,088,920@77.91GiB pending=98117
INFO [10-01|22:40:11.585] Imported new block headers               count=2    elapsed=6.297ms   number=13,336,202 hash=9f64fc..c3312e
WARN [10-01|22:40:21.238] Checkpoint challenge timed out, dropping id=ee2fceaf2f932595 conn=inbound addr=35.206.121.231:53144 type=OpenEthereum/v3.3.0-...
INFO [10-01|22:40:21.379] State heal in progress                   accounts=4696@293.16KiB slots=9821@733.92KiB codes=11133@94.50MiB nodes=268,089,848@77.91GiB pending=99523
ERROR[10-01|22:40:23.431] Snapshot extension registration failed   peer=f7e65c9e err="peer connected on snap without compatible eth support"
INFO [10-01|22:40:26.968] Imported new block headers               count=1    elapsed=10.309ms  number=13,336,203 hash=1b6892..1ba684
ERROR[10-01|22:40:29.226] Snapshot extension registration failed   peer=d9eb389f err="peer connected on snap without compatible eth support"
ERROR[10-01|22:40:30.368] Snapshot extension registration failed   peer=7bfe56a3 err="peer connected on snap without compatible eth support"
INFO [10-01|22:40:30.553] State heal in progress                   accounts=4733@295.29KiB slots=9861@736.86KiB codes=11133@94.50MiB nodes=268,090,556@77.91GiB pending=100,499
INFO [10-01|22:40:36.245] Imported new block headers               count=1    elapsed=11.179ms  number=13,336,204 hash=e51661..bd7708
INFO [10-01|22:40:36.824] Downloader queue stats                   receiptTasks=0   blockTasks=0   itemSize=189.89KiB throttle=1381
INFO [10-01|22:40:39.387] State heal in progress                   accounts=4902@305.29KiB slots=9897@739.62KiB codes=11134@94.51MiB nodes=268,091,485@77.91GiB pending=101,359
INFO [10-01|22:40:47.971] State heal in progress                   accounts=4961@309.05KiB slots=9946@743.42KiB codes=11134@94.51MiB nodes=268,092,187@77.91GiB pending=102,255
INFO [10-01|22:40:54.392] Imported new block headers               count=1    elapsed=7.194ms   number=13,336,205 hash=8582ef..3bb308
INFO [10-01|22:40:57.524] State heal in progress                   accounts=5003@311.66KiB slots=9992@746.89KiB codes=11134@94.51MiB nodes=268,092,889@77.91GiB pending=103,045
INFO [10-01|22:41:00.477] Imported new block headers               count=1    elapsed=6.406ms   number=13,336,206 hash=415c7b..36b7eb
INFO [10-01|22:41:06.241] State heal in progress                   accounts=5086@317.07KiB slots=10030@749.79KiB codes=11134@94.51MiB nodes=268,093,594@77.91GiB pending=103,823
ERROR[10-01|22:41:09.945] Snapshot extension registration failed   peer=9c8d9aaf err="peer connected on snap without compatible eth support"
INFO [10-01|22:41:15.383] State heal in progress                   accounts=5231@325.86KiB slots=10070@752.73KiB codes=11134@94.51MiB nodes=268,094,490@77.91GiB pending=104,848
INFO [10-01|22:41:23.497] State heal in progress                   accounts=5306@330.56KiB slots=10105@755.36KiB codes=11134@94.51MiB nodes=268,095,185@77.91GiB pending=105,724
INFO [10-01|22:41:31.998] State heal in progress                   accounts=5343@332.81KiB slots=10175@760.88KiB codes=11134@94.51MiB nodes=268,095,827@77.91GiB pending=106,380
ERROR[10-01|22:41:34.339] Snapshot extension registration failed   peer=0b84869c err="peer connected on snap without compatible eth support"
INFO [10-01|22:41:38.845] Imported new block headers               count=1    elapsed=5.893ms   number=13,336,207 hash=68f63e..66bf77 age=1m5s
INFO [10-01|22:41:38.876] Downloader queue stats                   receiptTasks=0   blockTasks=0   itemSize=192.32KiB throttle=1364
INFO [10-01|22:41:41.181] State heal in progress                   accounts=5398@335.85KiB slots=10254@766.60KiB codes=11134@94.51MiB nodes=268,096,465@77.91GiB pending=106,682
WARN [10-01|22:41:42.421] Dropping unsynced node during sync       id=8362f7cc4da2fb5e conn=inbound addr=144.137.20.70:39612  type=Nethermind/v1.11.3-0...
INFO [10-01|22:41:46.206] Imported new block headers               count=2    elapsed=6.619ms   number=13,336,209 hash=95bb51..730e85
INFO [10-01|22:41:51.855] State heal in progress                   accounts=5474@340.41KiB slots=10325@771.93KiB codes=11134@94.51MiB nodes=268,097,342@77.91GiB pending=107,592
ERROR[10-01|22:41:56.917] Snapshot extension registration failed   peer=1fdbbcbd err="peer connected on snap without compatible eth support"
INFO [10-01|22:42:00.158] State heal in progress                   accounts=5531@343.77KiB slots=10381@776.21KiB codes=11134@94.51MiB nodes=268,098,011@77.91GiB pending=108,131
INFO [10-01|22:42:06.403] Imported new block headers               count=1    elapsed=5.752ms   number=13,336,210 hash=02a431..f61820
ERROR[10-01|22:42:07.663] Snapshot extension registration failed   peer=153f3a49 err="peer connected on snap without compatible eth support"
INFO [10-01|22:42:09.648] State heal in progress                   accounts=5554@345.11KiB slots=10453@781.67KiB codes=11134@94.51MiB nodes=268,098,712@77.91GiB pending=109,003
INFO [10-01|22:42:10.731] Imported new block headers               count=1    elapsed=6.709ms   number=13,336,211 hash=c54805..baf728
ERROR[10-01|22:42:12.963] Snapshot extension registration failed   peer=45d2cbc9 err="peer connected on snap without compatible eth support"
ERROR[10-01|22:42:14.217] Snapshot extension registration failed   peer=75fb4c24 err="peer connected on snap without compatible eth support"
INFO [10-01|22:42:17.940] State heal in progress                   accounts=5585@347.00KiB slots=10529@787.37KiB codes=11134@94.51MiB nodes=268,099,314@77.91GiB pending=109,476
INFO [10-01|22:42:26.477] State heal in progress                   accounts=5646@350.84KiB slots=10589@791.83KiB codes=11134@94.51MiB nodes=268,100,007@77.91GiB pending=110,266
INFO [10-01|22:42:26.765] Imported new block headers               count=1    elapsed=6.230ms   number=13,336,212 hash=2e0511..94e62a
ERROR[10-01|22:42:28.849] Snapshot extension registration failed   peer=20dcc090 err="peer connected on snap without compatible eth support"
INFO [10-01|22:42:35.082] State heal in progress                   accounts=5677@352.88KiB slots=10674@798.25KiB codes=11134@94.51MiB nodes=268,100,648@77.91GiB pending=110,710