2021-10-02 01:07:22 UTC Syncing #13336841 0x13cc…5560     0.00 blk/s    0.0 tx/s    0.0 Mgas/s      0+    6 Qed Ancient:#11275128 LI:#13336846   16/25 peers      5 MiB chain    2 MiB queue  RPC:  0 conn,    0 req/s,    0 µs
2021-10-02 01:07:27 UTC Syncing #13336841 0x13cc…5560     0.00 blk/s    0.0 tx/s    0.0 Mgas/s      0+    7 Qed Ancient:#11275128 LI:#13336847   16/25 peers      5 MiB chain    2 MiB queue  RPC:  0 conn,    0 req/s,    0 µs
2021-10-02 01:07:34 UTC Syncing #13336841 0x13cc…5560     0.00 blk/s    0.0 tx/s    0.0 Mgas/s      0+    7 Qed Ancient:#11275128 LI:#13336847   15/25 peers      5 MiB chain    2 MiB queue  RPC:  0 conn,    0 req/s,    0 µs
2021-10-02 01:07:38 UTC Syncing #13336841 0x13cc…5560     0.00 blk/s    0.0 tx/s    0.0 Mgas/s      0+    7 Qed Ancient:#11275128 LI:#13336847   13/25 peers      5 MiB chain    2 MiB queue  RPC:  0 conn,    0 req/s,    0 µs
2021-10-02 01:07:42 UTC Syncing #13336841 0x13cc…5560     0.00 blk/s    0.0 tx/s    0.0 Mgas/s      0+    8 Qed Ancient:#11275128 LI:#13336848   12/25 peers      5 MiB chain    2 MiB queue  RPC:  0 conn,    0 req/s,    0 µs
2021-10-02 01:07:47 UTC Syncing #13336842 0xd960…31c4     0.40 blk/s   88.6 tx/s    6.2 Mgas/s      0+    6 Qed Ancient:#11275130 LI:#13336848   14/25 peers      5 MiB chain    1 MiB queue  RPC:  0 conn,    0 req/s,    0 µs
2021-10-02 01:07:53 UTC Syncing #13336842 0xd960…31c4     0.00 blk/s    0.0 tx/s    0.0 Mgas/s      0+    6 Qed Ancient:#11275130 LI:#13336848   17/25 peers      5 MiB chain    1 MiB queue  RPC:  0 conn,    0 req/s,    0 µs
2021-10-02 01:07:57 UTC Syncing #13336842 0xd960…31c4     0.00 blk/s    0.0 tx/s    0.0 Mgas/s      0+    6 Qed Ancient:#11275130 LI:#13336848   24/25 peers      5 MiB chain    1 MiB queue  RPC:  0 conn,    0 req/s,    0 µs
2021-10-02 01:08:02 UTC Syncing #13336843 0xe404…2fd3     0.20 blk/s   26.4 tx/s    1.7 Mgas/s      0+    5 Qed Ancient:#11275131 LI:#13336848   22/25 peers      5 MiB chain    1 MiB queue  RPC:  0 conn,    0 req/s,    0 µs
2021-10-02 01:08:07 UTC Syncing #13336844 0x22a2…f70c     0.00 blk/s    0.0 tx/s    0.0 Mgas/s      0+    5 Qed Ancient:#11275131 LI:#13336848   21/25 peers      5 MiB chain    1 MiB queue  RPC:  0 conn,    0 req/s,    0 µs
2021-10-02 01:08:12 UTC Syncing #13336844 0x22a2…f70c     0.20 blk/s   22.2 tx/s    1.3 Mgas/s      0+    4 Qed Ancient:#11275133 LI:#13336848   19/25 peers      5 MiB chain    1 MiB queue  RPC:  0 conn,    0 req/s,    0 µs
2021-10-02 01:08:32 UTC Syncing #13336845 0x9426…7804     0.05 blk/s    5.7 tx/s    0.3 Mgas/s      0+    4 Qed Ancient:#11275134 LI:#13336849   21/25 peers      5 MiB chain    1 MiB queue  RPC:  0 conn,    0 req/s,    0 µs
2021-10-02 01:08:37 UTC Syncing #13336845 0x9426…7804     0.00 blk/s    0.0 tx/s    0.0 Mgas/s      0+    5 Qed Ancient:#11275134 LI:#13336850   20/25 peers      5 MiB chain    2 MiB queue  RPC:  0 conn,    0 req/s,    0 µs
2021-10-02 01:08:42 UTC Syncing #13336846 0xb2e5…e957     0.20 blk/s   52.4 tx/s    4.3 Mgas/s      0+    6 Qed Ancient:#11275135 LI:#13336851   22/25 peers      5 MiB chain    1 MiB queue  RPC:  0 conn,    0 req/s,    0 µs
2021-10-02 01:08:45 UTC Reorg to #13336847 0x249b…77dc (0xb2e5…e957 #13336845 0x9426…7804 0x9889…5c05)
2021-10-02 01:08:47 UTC Syncing #13336847 0x249b…77dc     0.40 blk/s   59.0 tx/s    4.8 Mgas/s      0+    4 Qed Ancient:#11275137 LI:#13336851   20/25 peers      6 MiB chain    1 MiB queue  RPC:  0 conn,    0 req/s,    0 µs
2021-10-02 01:08:53 UTC Syncing #13336847 0x249b…77dc     0.00 blk/s    0.0 tx/s    0.0 Mgas/s      0+    4 Qed Ancient:#11275137 LI:#13336851   21/25 peers      6 MiB chain    1 MiB queue  RPC:  0 conn,    0 req/s,    0 µs
2021-10-02 01:08:57 UTC Syncing #13336847 0x249b…77dc     0.00 blk/s    0.0 tx/s    0.0 Mgas/s      0+    4 Qed Ancient:#11275137 LI:#13336851   22/25 peers      6 MiB chain    1 MiB queue  RPC:  0 conn,    0 req/s,    0 µs
2021-10-02 01:09:07 UTC Syncing #13336848 0xeb5f…6b10     0.10 blk/s   24.5 tx/s    1.7 Mgas/s      0+    4 Qed Ancient:#11275139 LI:#13336852   20/25 peers      6 MiB chain  894 KiB queue  RPC:  0 conn,    0 req/s,    0 µs
2021-10-02 01:09:12 UTC Syncing #13336848 0xeb5f…6b10     0.00 blk/s    0.0 tx/s    0.0 Mgas/s      0+    4 Qed Ancient:#11275139 LI:#13336852   20/25 peers      6 MiB chain  894 KiB queue  RPC:  0 conn,    0 req/s,    0 µs
2021-10-02 01:09:17 UTC Syncing #13336848 0xeb5f…6b10     0.00 blk/s    0.0 tx/s    0.0 Mgas/s      0+    4 Qed Ancient:#11275139 LI:#13336852   20/25 peers      6 MiB chain  894 KiB queue  RPC:  0 conn,    0 req/s,    0 µs
2021-10-02 01:09:27 UTC Syncing #13336849 0xc591…55e0     0.10 blk/s   40.0 tx/s    3.0 Mgas/s      0+    5 Qed Ancient:#11275141 LI:#13336854   21/25 peers      6 MiB chain  882 KiB queue  RPC:  0 conn,    0 req/s,    0 µs
2021-10-02 01:09:32 UTC Syncing #13336849 0xc591…55e0     0.00 blk/s    0.0 tx/s    0.0 Mgas/s      0+    5 Qed Ancient:#11275141 LI:#13336854   19/25 peers      6 MiB chain  882 KiB queue  RPC:  0 conn,    0 req/s,    0 µs
2021-10-02 01:09:37 UTC Syncing #13336849 0xc591…55e0     0.00 blk/s    0.0 tx/s    0.0 Mgas/s      0+    6 Qed Ancient:#11275141 LI:#13336855   17/25 peers      6 MiB chain    1 MiB queue  RPC:  0 conn,    0 req/s,    0 µs
2021-10-02 01:09:42 UTC Syncing #13336849 0xc591…55e0     0.00 blk/s    0.0 tx/s    0.0 Mgas/s      0+    6 Qed Ancient:#11275141 LI:#13336855   18/25 peers      6 MiB chain    1 MiB queue  RPC:  0 conn,    0 req/s,    0 µs
2021-10-02 01:09:47 UTC Syncing #13336850 0xb3ec…25e3     0.20 blk/s   30.0 tx/s    3.7 Mgas/s      0+    6 Qed Ancient:#11275142 LI:#13336856   18/25 peers      6 MiB chain    1 MiB queue  RPC:  0 conn,    0 req/s,    0 µs
2021-10-02 01:09:52 UTC Syncing #13336850 0xb3ec…25e3     0.00 blk/s    0.0 tx/s    0.0 Mgas/s      0+    6 Qed Ancient:#11275142 LI:#13336856   18/25 peers      6 MiB chain    1 MiB queue  RPC:  0 conn,    0 req/s,    0 µs
2021-10-02 01:09:57 UTC Syncing #13336851 0xb9a4…a732     0.40 blk/s   26.6 tx/s    2.0 Mgas/s      0+    4 Qed Ancient:#11275144 LI:#13336856   20/25 peers      6 MiB chain  815 KiB queue  RPC:  0 conn,    0 req/s,    0 µs
2021-10-02 01:10:02 UTC Syncing #13336851 0xb9a4…a732     0.00 blk/s    0.0 tx/s    0.0 Mgas/s      0+    5 Qed Ancient:#11275144 LI:#13336857   19/25 peers      6 MiB chain    1 MiB queue  RPC:  0 conn,    0 req/s,    0 µs
2021-10-02 01:10:07 UTC Syncing #13336851 0xb9a4…a732     0.00 blk/s    0.0 tx/s    0.0 Mgas/s      0+    5 Qed Ancient:#11275144 LI:#13336857   21/25 peers      2 MiB chain    1 MiB queue  RPC:  0 conn,    0 req/s,    0 µs
2021-10-02 01:10:12 UTC Syncing #13336851 0xb9a4…a732     0.00 blk/s    0.0 tx/s    0.0 Mgas/s      0+    6 Qed Ancient:#11275144 LI:#13336858   21/25 peers      2 MiB chain    1 MiB queue  RPC:  0 conn,    0 req/s,    0 µs
2021-10-02 01:10:17 UTC Syncing #13336851 0xb9a4…a732     0.00 blk/s    0.0 tx/s    0.0 Mgas/s      0+    7 Qed Ancient:#11275144 LI:#13336859   19/25 peers      2 MiB chain    2 MiB queue  RPC:  0 conn,    0 req/s,    0 µs
2021-10-02 01:10:22 UTC Syncing #13336851 0xb9a4…a732     0.00 blk/s    0.0 tx/s    0.0 Mgas/s      0+    7 Qed Ancient:#11275144 LI:#13336859   20/25 peers      2 MiB chain    2 MiB queue  RPC:  0 conn,    0 req/s,    0 µs
2021-10-02 01:10:27 UTC Syncing #13336851 0xb9a4…a732     0.00 blk/s    0.0 tx/s    0.0 Mgas/s      0+    9 Qed Ancient:#11275144 LI:#13336861   18/25 peers      2 MiB chain    2 MiB queue  RPC:  0 conn,    0 req/s,    0 µs
2021-10-02 01:10:32 UTC Syncing #13336851 0xb9a4…a732     0.00 blk/s    0.0 tx/s    0.0 Mgas/s      0+    9 Qed Ancient:#11275144 LI:#13336861   20/25 peers      2 MiB chain    2 MiB queue  RPC:  0 conn,    0 req/s,    0 µs
2021-10-02 01:10:37 UTC Syncing #13336851 0xb9a4…a732     0.00 blk/s    0.0 tx/s    0.0 Mgas/s      0+    9 Qed Ancient:#11275144 LI:#13336861   20/25 peers      2 MiB chain    2 MiB queue  RPC:  0 conn,    0 req/s,    0 µs
2021-10-02 01:11:46 UTC Syncing #13336853 0xec5d…6b1f     0.06 blk/s   11.9 tx/s    1.1 Mgas/s      0+    8 Qed Ancient:#11275973 LI:#13336861   22/25 peers     19 MiB chain    2 MiB queue  RPC:  0 conn,    0 req/s,    0 µs
2021-10-02 01:11:46 UTC Syncing #13336852 0x5022…659e     0.20 blk/s   45.4 tx/s    3.9 Mgas/s      0+    9 Qed Ancient:#11275145 LI:#13336861   22/25 peers      2 MiB chain    2 MiB queue  RPC:  0 conn,    0 req/s,    0 µs
2021-10-02 01:11:46 UTC Syncing #13336853 0xec5d…6b1f     0.03 blk/s    4.6 tx/s    0.4 Mgas/s      0+    8 Qed Ancient:#11275975 LI:#13336861   21/25 peers    109 KiB chain    2 MiB queue  RPC:  0 conn,    0 req/s,    0 µs
2021-10-02 01:11:46 UTC Syncing #13336853 0xec5d…6b1f     0.03 blk/s    4.6 tx/s    0.4 Mgas/s      0+    8 Qed Ancient:#11275974 LI:#13336861   21/25 peers    0 bytes chain    2 MiB queue  RPC:  0 conn,    0 req/s,    0 µs
2021-10-02 01:11:52 UTC Syncing #13336854 0x32aa…c10f     0.16 blk/s    4.1 tx/s    0.2 Mgas/s      0+    9 Qed Ancient:#11275977 LI:#13336865   18/25 peers    145 KiB chain    2 MiB queue  RPC:  0 conn,    0 req/s,    0 µs
2021-10-02 01:11:57 UTC Syncing #13336854 0x32aa…c10f     0.00 blk/s    0.0 tx/s    0.0 Mgas/s      0+   10 Qed Ancient:#11275977 LI:#13336865   17/25 peers    145 KiB chain    2 MiB queue  RPC:  0 conn,    0 req/s,    0 µs
2021-10-02 01:12:02 UTC Syncing #13336854 0x32aa…c10f     0.00 blk/s    0.0 tx/s    0.0 Mgas/s      0+   11 Qed Ancient:#11275977 LI:#13336866   15/25 peers    145 KiB chain    3 MiB queue  RPC:  0 conn,    0 req/s,    0 µs
2021-10-02 01:12:10 UTC Syncing #13336854 0x32aa…c10f     0.00 blk/s    0.0 tx/s    0.0 Mgas/s      0+   11 Qed Ancient:#11275977 LI:#13336866   11/25 peers    145 KiB chain    3 MiB queue  RPC:  0 conn,    0 req/s,    0 µs
2021-10-02 01:12:12 UTC Syncing #13336854 0x32aa…c10f     0.00 blk/s    0.0 tx/s    0.0 Mgas/s      0+   12 Qed Ancient:#11275977 LI:#13336867   11/25 peers    145 KiB chain    3 MiB queue  RPC:  0 conn,    0 req/s,    0 µs
2021-10-02 01:12:17 UTC Syncing #13336854 0x32aa…c10f     0.00 blk/s    0.0 tx/s    0.0 Mgas/s      0+   13 Qed Ancient:#11275977 LI:#13336868   12/25 peers    145 KiB chain    3 MiB queue  RPC:  0 conn,    0 req/s,    0 µs
2021-10-02 01:12:22 UTC Syncing #13336854 0x32aa…c10f     0.00 blk/s    0.0 tx/s    0.0 Mgas/s      0+   13 Qed Ancient:#11275977 LI:#13336868   14/25 peers    145 KiB chain    3 MiB queue  RPC:  0 conn,    0 req/s,    0 µs
2021-10-02 01:12:27 UTC Syncing #13336854 0x32aa…c10f     0.00 blk/s    0.0 tx/s    0.0 Mgas/s      0+   13 Qed Ancient:#11275977 LI:#13336868   14/25 peers    145 KiB chain    3 MiB queue  RPC:  0 conn,    0 req/s,    0 µs
2021-10-02 01:12:32 UTC Syncing #13336854 0x32aa…c10f     0.00 blk/s    0.0 tx/s    0.0 Mgas/s      0+   13 Qed Ancient:#11275977 LI:#13336868   15/25 peers    145 KiB chain    3 MiB queue  RPC:  0 conn,    0 req/s,    0 µs
2021-10-02 01:12:39 UTC Syncing #13336854 0x32aa…c10f     0.00 blk/s    0.0 tx/s    0.0 Mgas/s      0+   13 Qed Ancient:#11275977 LI:#13336869   17/25 peers    145 KiB chain    3 MiB queue  RPC:  0 conn,    0 req/s,    0 µs
2021-10-02 01:12:44 UTC Syncing #13336854 0x32aa…c10f     0.00 blk/s    0.0 tx/s    0.0 Mgas/s      0+   15 Qed Ancient:#11275977 LI:#13336870   20/25 peers    145 KiB chain    3 MiB queue  RPC:  0 conn,    0 req/s,    0 µs
2021-10-02 01:12:47 UTC Syncing #13336854 0x32aa…c10f     0.00 blk/s    0.0 tx/s    0.0 Mgas/s      0+   16 Qed Ancient:#11275977 LI:#13336871   21/25 peers    145 KiB chain    4 MiB queue  RPC:  0 conn,    0 req/s,    0 µs
2021-10-02 01:12:53 UTC Syncing #13336854 0x32aa…c10f     0.00 blk/s    0.0 tx/s    0.0 Mgas/s      0+   16 Qed Ancient:#11275977 LI:#13336871   20/25 peers    145 KiB chain    4 MiB queue  RPC:  0 conn,    0 req/s,    0 µs
2021-10-02 01:12:57 UTC Syncing #13336854 0x32aa…c10f     0.00 blk/s    0.0 tx/s    0.0 Mgas/s      0+   16 Qed Ancient:#11275977 LI:#13336871   20/25 peers    145 KiB chain    4 MiB queue  RPC:  0 conn,    0 req/s,    0 µs
2021-10-02 01:13:02 UTC Syncing #13336855 0x0dac…6309     0.20 blk/s   52.4 tx/s    6.0 Mgas/s      0+   15 Qed Ancient:#11275978 LI:#13336871   21/25 peers    215 KiB chain    4 MiB queue  RPC:  0 conn,    0 req/s,    0 µs