2021-06-04 00:10:46 UTC Imported #12564648 0xd30a…beee (134 txs, 15.00 Mgas, 14056 ms, 35.25 KiB)
2021-06-04 00:11:07 UTC  22/25 peers    411 KiB chain  204 KiB queue  RPC:  0 conn,    0 req/s,    0 µs
2021-06-04 00:12:12 UTC Syncing #12564652 0x4919…5a29     0.03 blk/s    4.5 tx/s    0.5 Mgas/s      0+    7 Qed LI:#12564659   25/25 peers    411 KiB chain    2 MiB queue  RPC:  0 conn,    0 req/s,    0 µs
2021-06-04 00:12:30 UTC Syncing #12564652 0x4919…5a29     0.00 blk/s    0.0 tx/s    0.0 Mgas/s      0+    7 Qed LI:#12564660   24/25 peers    411 KiB chain    1 MiB queue  RPC:  0 conn,    0 req/s,    0 µs
2021-06-04 00:12:32 UTC Syncing #12564652 0x4919…5a29     0.00 blk/s    0.0 tx/s    0.0 Mgas/s      0+    7 Qed LI:#12564660   24/25 peers    411 KiB chain    1 MiB queue  RPC:  0 conn,    0 req/s,    0 µs
2021-06-04 00:12:39 UTC Syncing #12564653 0xb408…0509     0.20 blk/s   36.0 tx/s    3.0 Mgas/s      0+    6 Qed LI:#12564660   24/25 peers    411 KiB chain    1 MiB queue  RPC:  0 conn,    0 req/s,    0 µs
2021-06-04 00:12:43 UTC Syncing #12564654 0xf059…a551     0.20 blk/s   31.6 tx/s    3.0 Mgas/s      0+    5 Qed LI:#12564660   24/25 peers    411 KiB chain    1 MiB queue  RPC:  0 conn,    0 req/s,    0 µs
2021-06-04 00:12:50 UTC Syncing #12564655 0x84c7…6fc7     0.20 blk/s   36.2 tx/s    3.0 Mgas/s      0+    4 Qed LI:#12564660   24/25 peers    411 KiB chain  859 KiB queue  RPC:  0 conn,    0 req/s,    0 µs
2021-06-04 00:13:17 UTC  23/25 peers    692 KiB chain  682 KiB queue  RPC:  0 conn,    0 req/s,    0 µs
2021-06-04 00:13:39 UTC Imported #12564663 0x1c81…730c (165 txs, 15.01 Mgas, 5347 ms, 42.81 KiB)
2021-06-04 00:14:31 UTC  19/25 peers   1021 KiB chain  0 bytes queue  RPC:  0 conn,    0 req/s,    0 µs
2021-06-04 00:15:01 UTC  14/25 peers   1021 KiB chain  215 KiB queue  RPC:  0 conn,    0 req/s,    0 µs
2021-06-04 00:15:22 UTC Imported #12564666 0x96b9…2b85 (219 txs, 14.98 Mgas, 5404 ms, 65.83 KiB)
2021-06-04 00:15:32 UTC   8/25 peers      1 MiB chain  183 KiB queue  RPC:  0 conn,    0 req/s,    0 µs
2021-06-04 00:15:53 UTC Imported #12564670 0x6bb8…16c4 (168 txs, 14.99 Mgas, 5935 ms, 57.19 KiB)
2021-06-04 00:16:14 UTC   9/25 peers      1 MiB chain  337 KiB queue  RPC:  0 conn,    0 req/s,    0 µs
2021-06-04 00:16:48 UTC  11/25 peers      2 MiB chain  0 bytes queue  RPC:  0 conn,    0 req/s,    0 µs
2021-06-04 00:16:53 UTC Imported #12564676 0x65f1…e5d1 (111 txs, 14.96 Mgas, 8616 ms, 31.40 KiB)
2021-06-04 00:16:57 UTC Imported #12564677 0x75da…20d6 (102 txs, 6.60 Mgas, 2721 ms, 21.65 KiB)
2021-06-04 00:17:20 UTC   8/25 peers      2 MiB chain  0 bytes queue  RPC:  0 conn,    0 req/s,    0 µs
2021-06-04 00:17:28 UTC Imported #12564678 0x3e4c…cd4d (221 txs, 14.96 Mgas, 5268 ms, 55.73 KiB)
2021-06-04 00:17:40 UTC Imported #12564679 0xd61f…d1b7 (173 txs, 14.97 Mgas, 7552 ms, 50.01 KiB)
2021-06-04 00:17:50 UTC Imported #12564680 0x0d05…ef52 (163 txs, 14.99 Mgas, 4727 ms, 36.07 KiB)
2021-06-04 00:18:08 UTC Imported #12564681 0x714e…c65f (193 txs, 14.75 Mgas, 5375 ms, 62.54 KiB)
2021-06-04 00:18:11 UTC  12/25 peers      2 MiB chain  0 bytes queue  RPC:  0 conn,    0 req/s,    0 µs
2021-06-04 00:18:17 UTC Imported #12564682 0x1c1a…00f9 (188 txs, 14.76 Mgas, 5200 ms, 47.09 KiB)
2021-06-04 00:18:30 UTC Imported #12564683 0x764a…38de (166 txs, 14.83 Mgas, 8753 ms, 50.92 KiB)
2021-06-04 00:18:43 UTC  14/25 peers      2 MiB chain  0 bytes queue  RPC:  0 conn,    0 req/s,    0 µs
2021-06-04 00:19:13 UTC  16/25 peers      2 MiB chain  0 bytes queue  RPC:  0 conn,    0 req/s,    0 µs
2021-06-04 00:19:16 UTC Imported #12564687 0x606a…0ba9 (139 txs, 14.98 Mgas, 4221 ms, 28.63 KiB)