2021-05-11 22:51:38 UTC Reorg to #12415918 0x3263…05f8 (0x6a55…3559 #12415916 0x72c3…f979 0x66e2…9e92)
2021-05-11 22:51:39 UTC Imported #12415918 0x3263…05f8 (212 txs, 14.92 Mgas, 4835 ms, 64.00 KiB)
2021-05-11 22:51:47 UTC Imported #12415919 0xea08…9abb (383 txs, 14.93 Mgas, 5888 ms, 56.53 KiB)
2021-05-11 22:52:01 UTC  25/25 peers      6 MiB chain  152 KiB queue  RPC:  0 conn,    0 req/s,    0 µs
2021-05-11 22:52:12 UTC Imported #12415921 0xca09…09c3 (129 txs, 9.73 Mgas, 2509 ms, 30.63 KiB)
2021-05-11 22:52:26 UTC Imported #12415924 0x5ba1…9547 (232 txs, 14.60 Mgas, 1187 ms, 49.17 KiB)
2021-05-11 22:52:34 UTC  25/25 peers      2 MiB chain  0 bytes queue  RPC:  0 conn,    0 req/s,    0 µs
2021-05-11 22:52:36 UTC Imported #12415925 0xdd04…929a (239 txs, 14.79 Mgas, 3560 ms, 61.61 KiB)
2021-05-11 22:52:54 UTC Imported #12415926 0xd400…7ca8 (264 txs, 15.00 Mgas, 4518 ms, 53.85 KiB)
2021-05-11 22:53:09 UTC  25/25 peers      5 MiB chain  0 bytes queue  RPC:  0 conn,    0 req/s,    0 µs
2021-05-11 22:53:16 UTC Imported #12415927 0x4c54…0007 (315 txs, 14.98 Mgas, 4762 ms, 54.79 KiB)
2021-05-11 22:53:34 UTC Imported #12415928 0x4061…ac58 (303 txs, 14.99 Mgas, 4933 ms, 61.87 KiB)
2021-05-11 22:53:45 UTC  26/50 peers    382 KiB chain  0 bytes queue  RPC:  0 conn,    0 req/s,    0 µs
2021-05-11 22:54:16 UTC  28/50 peers    417 KiB chain  185 KiB queue  RPC:  0 conn,    0 req/s,    0 µs
2021-05-11 22:54:46 UTC  29/50 peers    890 KiB chain  205 KiB queue  RPC:  0 conn,    0 req/s,    0 µs
2021-05-11 22:54:58 UTC Imported #12415938 0x54d3…ea53 (167 txs, 14.80 Mgas, 8079 ms, 58.84 KiB)
2021-05-11 22:55:18 UTC  32/50 peers      1 MiB chain  0 bytes queue  RPC:  0 conn,    0 req/s,    0 µs
2021-05-11 22:55:25 UTC Imported #12415939 0x59a8…71ce (340 txs, 15.00 Mgas, 4668 ms, 63.56 KiB)
2021-05-11 22:55:47 UTC Imported #12415942 0x4131…073f (164 txs, 14.98 Mgas, 4566 ms, 56.24 KiB)
2021-05-11 22:55:59 UTC  32/50 peers      2 MiB chain  0 bytes queue  RPC:  0 conn,    0 req/s,    0 µs
2021-05-11 22:55:59 UTC Imported #12415943 0xebae…e358 (276 txs, 14.96 Mgas, 4281 ms, 55.26 KiB)
2021-05-11 22:56:31 UTC  33/50 peers      2 MiB chain  0 bytes queue  RPC:  0 conn,    0 req/s,    0 µs
2021-05-11 22:56:48 UTC Imported #12415944 0x91af…08b5 (371 txs, 14.94 Mgas, 5405 ms, 60.17 KiB)
2021-05-11 22:57:01 UTC  35/50 peers      3 MiB chain  0 bytes queue  RPC:  0 conn,    0 req/s,    0 µs
2021-05-11 22:57:13 UTC Imported #12415945 0x73b9…ac4a (488 txs, 14.95 Mgas, 6467 ms, 64.79 KiB)
2021-05-11 22:57:30 UTC Imported #12415946 0x8aad…a2fa (348 txs, 14.98 Mgas, 4153 ms, 57.49 KiB)
2021-05-11 22:57:37 UTC  33/50 peers      3 MiB chain  0 bytes queue  RPC:  0 conn,    0 req/s,    0 µs
2021-05-11 22:57:40 UTC Imported #12415947 0x004b…fa39 (252 txs, 14.99 Mgas, 3544 ms, 52.66 KiB)
2021-05-11 22:58:03 UTC Imported #12415950 0xd35b…d008 (286 txs, 14.70 Mgas, 5073 ms, 59.74 KiB)
2021-05-11 22:58:13 UTC  37/50 peers      4 MiB chain  0 bytes queue  RPC:  0 conn,    0 req/s,    0 µs
2021-05-11 22:58:13 UTC  37/50 peers      4 MiB chain  0 bytes queue  RPC:  0 conn,    0 req/s,    0 µs