2021-10-02 03:49:04 UTC Syncing #13337559 0x5bc0…5b8f     0.00 blk/s    0.0 tx/s    0.0 Mgas/s      0+    7 Qed Ancient:#11309028 LI:#13337567   32/50 peers      1 MiB chain    1 MiB queue  RPC:  0 conn,    0 req/s,    0 µs
2021-10-02 03:49:09 UTC Syncing #13337560 0x906f…db10     0.20 blk/s  122.2 tx/s    6.0 Mgas/s      0+    7 Qed Ancient:#11309029 LI:#13337568   32/50 peers      1 MiB chain    1 MiB queue  RPC:  0 conn,    0 req/s,    0 µs
2021-10-02 03:49:14 UTC Syncing #13337563 0x8620…9990     0.60 blk/s   73.8 tx/s    6.6 Mgas/s      0+    4 Qed Ancient:#11309032 LI:#13337568   32/50 peers      1 MiB chain    1 MiB queue  RPC:  0 conn,    0 req/s,    0 µs
2021-10-02 03:49:19 UTC Syncing #13337563 0x8620…9990     0.00 blk/s    0.0 tx/s    0.0 Mgas/s      0+    4 Qed Ancient:#11309032 LI:#13337568   32/50 peers      1 MiB chain    1 MiB queue  RPC:  0 conn,    0 req/s,    0 µs
2021-10-02 03:49:45 UTC Imported #13337569 0x76f1…f0e1 (164 txs, 14.80 Mgas, 4284 ms, 78.78 KiB)
2021-10-02 03:49:56 UTC  Ancient:#11310000 AB:#11312322   32/50 peers   744 bytes chain  0 bytes queue  RPC:  0 conn,    0 req/s,    0 µs
2021-10-02 03:49:56 UTC  Ancient:#11309565 AB:#11312322   32/50 peers    573 KiB chain  0 bytes queue  RPC:  0 conn,    0 req/s,    0 µs
2021-10-02 03:50:26 UTC  Ancient:#11310339 AB:#11312453   32/50 peers      1 MiB chain  0 bytes queue  RPC:  0 conn,    0 req/s,    0 µs
2021-10-02 03:50:44 UTC Imported #13337570 0x8a6b…fe53 (291 txs, 27.96 Mgas, 27852 ms, 133.51 KiB)
2021-10-02 03:51:00 UTC  Ancient:#11310767 AB:#11312754   32/50 peers    638 KiB chain  216 KiB queue  RPC:  0 conn,    0 req/s,    0 µs
2021-10-02 03:51:17 UTC Syncing #13337570 0x8a6b…fe53     0.00 blk/s    0.0 tx/s    0.0 Mgas/s      0+    4 Qed Ancient:#11310767 LI:#13337575   31/50 peers    638 KiB chain  655 KiB queue  RPC:  0 conn,    0 req/s,    0 µs
2021-10-02 03:51:19 UTC Syncing #13337570 0x8a6b…fe53     0.00 blk/s    0.0 tx/s    0.0 Mgas/s      0+    4 Qed Ancient:#11310767 LI:#13337575   31/50 peers    638 KiB chain  655 KiB queue  RPC:  0 conn,    0 req/s,    0 µs
2021-10-02 03:51:24 UTC Syncing #13337570 0x8a6b…fe53     0.00 blk/s    0.0 tx/s    0.0 Mgas/s      0+    4 Qed Ancient:#11310767 LI:#13337575   29/50 peers    638 KiB chain  655 KiB queue  RPC:  0 conn,    0 req/s,    0 µs
2021-10-02 03:51:39 UTC Syncing #13337571 0x27f5…94be     0.07 blk/s   15.0 tx/s    1.7 Mgas/s      0+    5 Qed Ancient:#11310768 LI:#13337577   30/50 peers    638 KiB chain  852 KiB queue  RPC:  0 conn,    0 req/s,    0 µs
2021-10-02 03:51:46 UTC Syncing #13337571 0x27f5…94be     0.00 blk/s    0.0 tx/s    0.0 Mgas/s      0+    5 Qed Ancient:#11310768 LI:#13337577   28/50 peers    638 KiB chain  852 KiB queue  RPC:  0 conn,    0 req/s,    0 µs
2021-10-02 03:51:50 UTC Syncing #13337571 0x27f5…94be     0.00 blk/s    0.0 tx/s    0.0 Mgas/s      0+    5 Qed Ancient:#11310768 LI:#13337577   27/50 peers    638 KiB chain  852 KiB queue  RPC:  0 conn,    0 req/s,    0 µs
2021-10-02 03:51:54 UTC Syncing #13337571 0x27f5…94be     0.00 blk/s    0.0 tx/s    0.0 Mgas/s      0+    5 Qed Ancient:#11310768 LI:#13337577   26/50 peers    638 KiB chain  852 KiB queue  RPC:  0 conn,    0 req/s,    0 µs
2021-10-02 03:52:00 UTC Syncing #13337572 0xcfe2…413a     0.20 blk/s   39.6 tx/s    2.6 Mgas/s      0+    4 Qed Ancient:#11310769 LI:#13337577   28/50 peers    638 KiB chain  758 KiB queue  RPC:  0 conn,    0 req/s,    0 µs
2021-10-02 03:52:05 UTC Syncing #13337572 0xcfe2…413a     0.00 blk/s    0.0 tx/s    0.0 Mgas/s      0+    4 Qed Ancient:#11310769 LI:#13337577   28/50 peers    638 KiB chain  758 KiB queue  RPC:  0 conn,    0 req/s,    0 µs
2021-10-02 03:52:09 UTC Syncing #13337573 0x0097…2848     0.20 blk/s   13.4 tx/s    0.8 Mgas/s      0+    4 Qed Ancient:#11310770 LI:#13337578   28/50 peers    638 KiB chain    1 MiB queue  RPC:  0 conn,    0 req/s,    0 µs
2021-10-02 03:52:24 UTC Syncing #13337574 0x6411…9d4e     0.07 blk/s    3.4 tx/s    0.3 Mgas/s      0+    4 Qed Ancient:#11310771 LI:#13337579   27/50 peers    639 KiB chain    1 MiB queue  RPC:  0 conn,    0 req/s,    0 µs
2021-10-02 03:52:29 UTC Syncing #13337574 0x6411…9d4e     0.00 blk/s    0.0 tx/s    0.0 Mgas/s      0+    4 Qed Ancient:#11310771 LI:#13337579   27/50 peers    639 KiB chain    1 MiB queue  RPC:  0 conn,    0 req/s,    0 µs
2021-10-02 03:52:34 UTC Syncing #13337574 0x6411…9d4e     0.00 blk/s    0.0 tx/s    0.0 Mgas/s      0+    4 Qed Ancient:#11310771 LI:#13337579   26/50 peers    639 KiB chain    1 MiB queue  RPC:  0 conn,    0 req/s,    0 µs
2021-10-02 03:52:39 UTC Syncing #13337574 0x6411…9d4e     0.00 blk/s    0.0 tx/s    0.0 Mgas/s      0+    4 Qed Ancient:#11310771 LI:#13337579   26/50 peers    639 KiB chain    1 MiB queue  RPC:  0 conn,    0 req/s,    0 µs
2021-10-02 03:52:44 UTC Syncing #13337575 0x01b1…3e96     0.20 blk/s   37.0 tx/s    3.0 Mgas/s      0+    4 Qed Ancient:#11310772 LI:#13337580   26/50 peers    639 KiB chain    1 MiB queue  RPC:  0 conn,    0 req/s,    0 µs
2021-10-02 03:52:49 UTC Syncing #13337575 0x01b1…3e96     0.00 blk/s    0.0 tx/s    0.0 Mgas/s      0+    4 Qed Ancient:#11310772 LI:#13337580   26/50 peers    639 KiB chain    1 MiB queue  RPC:  0 conn,    0 req/s,    0 µs
2021-10-02 03:52:54 UTC Syncing #13337575 0x01b1…3e96     0.00 blk/s    0.0 tx/s    0.0 Mgas/s      0+    4 Qed Ancient:#11310772 LI:#13337580   26/50 peers    639 KiB chain    1 MiB queue  RPC:  0 conn,    0 req/s,    0 µs
2021-10-02 03:52:59 UTC Syncing #13337575 0x01b1…3e96     0.00 blk/s    0.0 tx/s    0.0 Mgas/s      0+    4 Qed Ancient:#11310772 LI:#13337580   27/50 peers    639 KiB chain    1 MiB queue  RPC:  0 conn,    0 req/s,    0 µs
2021-10-02 03:53:04 UTC Syncing #13337575 0x01b1…3e96     0.00 blk/s    0.0 tx/s    0.0 Mgas/s      0+    6 Qed Ancient:#11310772 LI:#13337582   27/50 peers    639 KiB chain    1 MiB queue  RPC:  0 conn,    0 req/s,    0 µs
2021-10-02 03:53:09 UTC Syncing #13337575 0x01b1…3e96     0.00 blk/s    0.0 tx/s    0.0 Mgas/s      0+    7 Qed Ancient:#11310772 LI:#13337583   27/50 peers    639 KiB chain    1 MiB queue  RPC:  0 conn,    0 req/s,    0 µs
2021-10-02 03:53:14 UTC Syncing #13337577 0xa291…25ae     0.40 blk/s   60.4 tx/s    4.4 Mgas/s      0+    5 Qed Ancient:#11310775 LI:#13337583   27/50 peers    640 KiB chain    1 MiB queue  RPC:  0 conn,    0 req/s,    0 µs
2021-10-02 03:53:19 UTC Syncing #13337577 0xa291…25ae     0.00 blk/s    0.0 tx/s    0.0 Mgas/s      0+    5 Qed Ancient:#11310775 LI:#13337583   26/50 peers    640 KiB chain    1 MiB queue  RPC:  0 conn,    0 req/s,    0 µs
2021-10-02 03:53:24 UTC Syncing #13337577 0xa291…25ae     0.00 blk/s    0.0 tx/s    0.0 Mgas/s      0+    6 Qed Ancient:#11310775 LI:#13337584   25/25 peers    640 KiB chain    1 MiB queue  RPC:  0 conn,    0 req/s,    0 µs
2021-10-02 03:53:29 UTC Syncing #13337577 0xa291…25ae     0.00 blk/s    0.0 tx/s    0.0 Mgas/s      0+    6 Qed Ancient:#11310775 LI:#13337584   25/25 peers    640 KiB chain    1 MiB queue  RPC:  0 conn,    0 req/s,    0 µs
2021-10-02 03:53:34 UTC Syncing #13337577 0xa291…25ae     0.00 blk/s    0.0 tx/s    0.0 Mgas/s      0+    7 Qed Ancient:#11310775 LI:#13337585   25/25 peers    640 KiB chain    2 MiB queue  RPC:  0 conn,    0 req/s,    0 µs
2021-10-02 03:53:39 UTC Syncing #13337578 0x8e5d…9bc8     0.20 blk/s   74.4 tx/s    6.0 Mgas/s      0+    7 Qed Ancient:#11310776 LI:#13337586   25/25 peers      1 MiB chain    2 MiB queue  RPC:  0 conn,    0 req/s,    0 µs
2021-10-02 03:53:44 UTC Syncing #13337579 0xf10c…0260     0.20 blk/s    9.6 tx/s    1.3 Mgas/s      0+    6 Qed Ancient:#11310777 LI:#13337586   25/25 peers      1 MiB chain    1 MiB queue  RPC:  0 conn,    0 req/s,    0 µs
2021-10-02 03:53:49 UTC Syncing #13337579 0xf10c…0260     0.00 blk/s    0.0 tx/s    0.0 Mgas/s      0+    7 Qed Ancient:#11310777 LI:#13337587   25/25 peers      1 MiB chain    1 MiB queue  RPC:  0 conn,    0 req/s,    0 µs
2021-10-02 03:53:54 UTC Syncing #13337579 0xf10c…0260     0.00 blk/s    0.0 tx/s    0.0 Mgas/s      0+    8 Qed Ancient:#11310777 LI:#13337588   25/25 peers      1 MiB chain    2 MiB queue  RPC:  0 conn,    0 req/s,    0 µs
2021-10-02 03:53:59 UTC Syncing #13337579 0xf10c…0260     0.00 blk/s    0.0 tx/s    0.0 Mgas/s      0+    9 Qed Ancient:#11310777 LI:#13337589   26/50 peers      1 MiB chain    2 MiB queue  RPC:  0 conn,    0 req/s,    0 µs
2021-10-02 03:54:04 UTC Syncing #13337580 0x8ad3…8412     0.20 blk/s   72.4 tx/s    6.0 Mgas/s      0+    8 Qed Ancient:#11310778 LI:#13337589   26/50 peers      1 MiB chain    1 MiB queue  RPC:  0 conn,    0 req/s,    0 µs
2021-10-02 03:54:09 UTC Syncing #13337580 0x8ad3…8412     0.00 blk/s    0.0 tx/s    0.0 Mgas/s      0+    8 Qed Ancient:#11310778 LI:#13337589   26/50 peers      1 MiB chain    1 MiB queue  RPC:  0 conn,    0 req/s,    0 µs
2021-10-02 03:54:14 UTC Syncing #13337581 0x2ec0…d111     0.20 blk/s   32.0 tx/s    2.9 Mgas/s      0+    8 Qed Ancient:#11310779 LI:#13337590   26/50 peers      1 MiB chain    2 MiB queue  RPC:  0 conn,    0 req/s,    0 µs
2021-10-02 03:54:19 UTC Syncing #13337581 0x2ec0…d111     0.00 blk/s    0.0 tx/s    0.0 Mgas/s      0+    8 Qed Ancient:#11310779 LI:#13337590   26/50 peers      1 MiB chain    2 MiB queue  RPC:  0 conn,    0 req/s,    0 µs
2021-10-02 03:54:24 UTC Syncing #13337583 0x10a9…f46e     0.40 blk/s   23.6 tx/s    2.3 Mgas/s      0+    6 Qed Ancient:#11310781 LI:#13337590   26/50 peers      1 MiB chain    1 MiB queue  RPC:  0 conn,    0 req/s,    0 µs
2021-10-02 03:54:29 UTC Syncing #13337583 0x10a9…f46e     0.00 blk/s    0.0 tx/s    0.0 Mgas/s      0+    6 Qed Ancient:#11310781 LI:#13337590   27/50 peers      1 MiB chain    1 MiB queue  RPC:  0 conn,    0 req/s,    0 µs
2021-10-02 03:54:34 UTC Syncing #13337584 0x8267…a016     0.20 blk/s    9.8 tx/s    0.9 Mgas/s      0+    5 Qed Ancient:#11310782 LI:#13337590   26/50 peers      1 MiB chain    1 MiB queue  RPC:  0 conn,    0 req/s,    0 µs
2021-10-02 03:54:39 UTC Syncing #13337584 0x8267…a016     0.00 blk/s    0.0 tx/s    0.0 Mgas/s      0+    5 Qed Ancient:#11310782 LI:#13337590   25/25 peers      1 MiB chain    1 MiB queue  RPC:  0 conn,    0 req/s,    0 µs
2021-10-02 03:54:44 UTC Syncing #13337584 0x8267…a016     0.00 blk/s    0.0 tx/s    0.0 Mgas/s      0+    5 Qed Ancient:#11310782 LI:#13337590   26/50 peers      1 MiB chain    1 MiB queue  RPC:  0 conn,    0 req/s,    0 µs
2021-10-02 03:54:49 UTC Syncing #13337584 0x8267…a016     0.00 blk/s    0.0 tx/s    0.0 Mgas/s      0+    6 Qed Ancient:#11310782 LI:#13337591   26/50 peers      1 MiB chain    1 MiB queue  RPC:  0 conn,    0 req/s,    0 µs
2021-10-02 03:54:54 UTC Syncing #13337584 0x8267…a016     0.00 blk/s    0.0 tx/s    0.0 Mgas/s      0+    6 Qed Ancient:#11310782 LI:#13337591   27/50 peers      1 MiB chain    1 MiB queue  RPC:  0 conn,    0 req/s,    0 µs
2021-10-02 03:54:59 UTC Syncing #13337584 0x8267…a016     0.00 blk/s    0.0 tx/s    0.0 Mgas/s      0+    6 Qed Ancient:#11310782 LI:#13337591   27/50 peers      1 MiB chain    1 MiB queue  RPC:  0 conn,    0 req/s,    0 µs
2021-10-02 03:55:04 UTC Syncing #13337585 0x3a0c…82e4     0.20 blk/s   72.0 tx/s    6.0 Mgas/s      0+    5 Qed Ancient:#11310783 LI:#13337591   28/50 peers      1 MiB chain    1 MiB queue  RPC:  0 conn,    0 req/s,    0 µs
2021-10-02 03:55:09 UTC Syncing #13337585 0x3a0c…82e4     0.00 blk/s    0.0 tx/s    0.0 Mgas/s      0+    5 Qed Ancient:#11310783 LI:#13337591   29/50 peers      1 MiB chain    1 MiB queue  RPC:  0 conn,    0 req/s,    0 µs
2021-10-02 03:55:14 UTC Syncing #13337585 0x3a0c…82e4     0.00 blk/s    0.0 tx/s    0.0 Mgas/s      0+    5 Qed Ancient:#11310783 LI:#13337591   27/50 peers      1 MiB chain    1 MiB queue  RPC:  0 conn,    0 req/s,    0 µs
2021-10-02 03:55:19 UTC Syncing #13337585 0x3a0c…82e4     0.00 blk/s    0.0 tx/s    0.0 Mgas/s      0+    6 Qed Ancient:#11310783 LI:#13337592   27/50 peers      1 MiB chain    2 MiB queue  RPC:  0 conn,    0 req/s,    0 µs
2021-10-02 03:55:24 UTC Syncing #13337585 0x3a0c…82e4     0.00 blk/s    0.0 tx/s    0.0 Mgas/s      0+    7 Qed Ancient:#11310783 LI:#13337593   27/50 peers      1 MiB chain    2 MiB queue  RPC:  0 conn,    0 req/s,    0 µs
2021-10-02 03:55:29 UTC Syncing #13337585 0x3a0c…82e4     0.00 blk/s    0.0 tx/s    0.0 Mgas/s      0+    7 Qed Ancient:#11310783 LI:#13337593   29/50 peers      1 MiB chain    2 MiB queue  RPC:  0 conn,    0 req/s,    0 µs
2021-10-02 03:55:34 UTC Syncing #13337586 0x0aaf…e428     0.20 blk/s   45.0 tx/s    4.2 Mgas/s      0+    6 Qed Ancient:#11310784 LI:#13337593   29/50 peers      1 MiB chain    2 MiB queue  RPC:  0 conn,    0 req/s,    0 µs
2021-10-02 03:55:39 UTC Syncing #13337586 0x0aaf…e428     0.00 blk/s    0.0 tx/s    0.0 Mgas/s      0+    7 Qed Ancient:#11310784 LI:#13337594   29/50 peers      1 MiB chain    2 MiB queue  RPC:  0 conn,    0 req/s,    0 µs
2021-10-02 03:55:44 UTC Syncing #13337586 0x0aaf…e428     0.00 blk/s    0.0 tx/s    0.0 Mgas/s      0+    8 Qed Ancient:#11310784 LI:#13337595   27/50 peers      1 MiB chain    2 MiB queue  RPC:  0 conn,    0 req/s,    0 µs
2021-10-02 03:55:49 UTC Syncing #13337586 0x0aaf…e428     0.00 blk/s    0.0 tx/s    0.0 Mgas/s      0+    8 Qed Ancient:#11310784 LI:#13337595   27/50 peers      1 MiB chain    2 MiB queue  RPC:  0 conn,    0 req/s,    0 µs
2021-10-02 03:55:54 UTC Syncing #13337587 0x46d2…46fb     0.20 blk/s   23.0 tx/s    2.3 Mgas/s      0+    7 Qed Ancient:#11310785 LI:#13337596   27/50 peers      1 MiB chain    2 MiB queue  RPC:  0 conn,    0 req/s,    0 µs
2021-10-02 03:55:59 UTC Syncing #13337587 0x46d2…46fb     0.00 blk/s    0.0 tx/s    0.0 Mgas/s      0+    8 Qed Ancient:#11310785 LI:#13337596   27/50 peers      1 MiB chain    2 MiB queue  RPC:  0 conn,    0 req/s,    0 µs
2021-10-02 03:56:04 UTC Syncing #13337588 0xf5a2…10a8     0.20 blk/s    9.0 tx/s    1.2 Mgas/s      0+    8 Qed Ancient:#11310786 LI:#13337597   27/50 peers      1 MiB chain    2 MiB queue  RPC:  0 conn,    0 req/s,    0 µs
2021-10-02 03:56:09 UTC Syncing #13337588 0xf5a2…10a8     0.00 blk/s    0.0 tx/s    0.0 Mgas/s      0+    9 Qed Ancient:#11310786 LI:#13337598   27/50 peers      1 MiB chain    2 MiB queue  RPC:  0 conn,    0 req/s,    0 µs