2021-10-02 03:45:04 UTC Syncing #13337535 0x3dc1…88cc     0.00 blk/s    0.0 tx/s    0.0 Mgas/s      0+   12 Qed Ancient:#11308281 LI:#13337548   30/50 peers      6 MiB chain    3 MiB queue  RPC:  0 conn,    0 req/s,    0 µs
2021-10-02 03:45:09 UTC Syncing #13337535 0x3dc1…88cc     0.00 blk/s    0.0 tx/s    0.0 Mgas/s      0+   13 Qed Ancient:#11308281 LI:#13337549   30/50 peers      5 MiB chain    3 MiB queue  RPC:  0 conn,    0 req/s,    0 µs
2021-10-02 03:45:41 UTC Syncing #13337537 0x6988…a7c1     0.19 blk/s   31.2 tx/s    2.4 Mgas/s      0+   13 Qed Ancient:#11308282 LI:#13337550   31/50 peers      5 MiB chain    3 MiB queue  RPC:  0 conn,    0 req/s,    0 µs
2021-10-02 03:45:41 UTC Syncing #13337537 0x6988…a7c1     0.00 blk/s    0.0 tx/s    0.0 Mgas/s      0+   13 Qed Ancient:#11309003 LI:#13337552   30/50 peers     18 KiB chain    3 MiB queue  RPC:  0 conn,    0 req/s,    0 µs
2021-10-02 03:45:43 UTC Syncing #13337537 0x6988…a7c1     0.00 blk/s    0.0 tx/s    0.0 Mgas/s      0+   16 Qed Ancient:#11309005 LI:#13337554   29/50 peers    145 KiB chain    3 MiB queue  RPC:  0 conn,    0 req/s,    0 µs
2021-10-02 03:45:49 UTC Syncing #13337537 0x6988…a7c1     0.00 blk/s    0.0 tx/s    0.0 Mgas/s      0+   16 Qed Ancient:#11309005 LI:#13337554   29/50 peers    145 KiB chain    3 MiB queue  RPC:  0 conn,    0 req/s,    0 µs
2021-10-02 03:45:54 UTC Syncing #13337537 0x6988…a7c1     0.00 blk/s    0.0 tx/s    0.0 Mgas/s      0+   16 Qed Ancient:#11309005 LI:#13337554   27/50 peers    145 KiB chain    3 MiB queue  RPC:  0 conn,    0 req/s,    0 µs
2021-10-02 03:45:59 UTC Syncing #13337538 0xa284…bb2f     0.20 blk/s   17.4 tx/s    1.4 Mgas/s      0+   15 Qed Ancient:#11309006 LI:#13337554   27/50 peers    145 KiB chain    3 MiB queue  RPC:  0 conn,    0 req/s,    0 µs
2021-10-02 03:46:04 UTC Syncing #13337538 0xa284…bb2f     0.00 blk/s    0.0 tx/s    0.0 Mgas/s      0+   15 Qed Ancient:#11309006 LI:#13337554   27/50 peers    145 KiB chain    3 MiB queue  RPC:  0 conn,    0 req/s,    0 µs
2021-10-02 03:46:09 UTC Syncing #13337538 0xa284…bb2f     0.00 blk/s    0.0 tx/s    0.0 Mgas/s      0+   15 Qed Ancient:#11309006 LI:#13337554   27/50 peers    145 KiB chain    3 MiB queue  RPC:  0 conn,    0 req/s,    0 µs
2021-10-02 03:46:14 UTC Syncing #13337538 0xa284…bb2f     0.00 blk/s    0.0 tx/s    0.0 Mgas/s      0+   16 Qed Ancient:#11309006 LI:#13337555   27/50 peers    145 KiB chain    4 MiB queue  RPC:  0 conn,    0 req/s,    0 µs
2021-10-02 03:46:19 UTC Syncing #13337538 0xa284…bb2f     0.00 blk/s    0.0 tx/s    0.0 Mgas/s      0+   17 Qed Ancient:#11309006 LI:#13337556   27/50 peers    145 KiB chain    4 MiB queue  RPC:  0 conn,    0 req/s,    0 µs
2021-10-02 03:46:24 UTC Syncing #13337540 0x84a3…308d     0.40 blk/s   34.4 tx/s    5.0 Mgas/s      0+   15 Qed Ancient:#11309008 LI:#13337556   28/50 peers    215 KiB chain    3 MiB queue  RPC:  0 conn,    0 req/s,    0 µs
2021-10-02 03:46:30 UTC Syncing #13337540 0x84a3…308d     0.00 blk/s    0.0 tx/s    0.0 Mgas/s      0+   16 Qed Ancient:#11309008 LI:#13337557   27/50 peers    215 KiB chain    3 MiB queue  RPC:  0 conn,    0 req/s,    0 µs
2021-10-02 03:46:34 UTC Syncing #13337540 0x84a3…308d     0.00 blk/s    0.0 tx/s    0.0 Mgas/s      0+   17 Qed Ancient:#11309008 LI:#13337558   27/50 peers    215 KiB chain    4 MiB queue  RPC:  0 conn,    0 req/s,    0 µs
2021-10-02 03:46:39 UTC Syncing #13337541 0x3480…0a17     0.20 blk/s   61.6 tx/s    6.0 Mgas/s      0+   16 Qed Ancient:#11309009 LI:#13337558   28/50 peers    356 KiB chain    3 MiB queue  RPC:  0 conn,    0 req/s,    0 µs
2021-10-02 03:46:44 UTC Syncing #13337541 0x3480…0a17     0.00 blk/s    0.0 tx/s    0.0 Mgas/s      0+   16 Qed Ancient:#11309009 LI:#13337558   28/50 peers    356 KiB chain    3 MiB queue  RPC:  0 conn,    0 req/s,    0 µs
2021-10-02 03:46:49 UTC Syncing #13337541 0x3480…0a17     0.00 blk/s    0.0 tx/s    0.0 Mgas/s      0+   16 Qed Ancient:#11309009 LI:#13337558   28/50 peers    356 KiB chain    3 MiB queue  RPC:  0 conn,    0 req/s,    0 µs
2021-10-02 03:46:54 UTC Syncing #13337541 0x3480…0a17     0.00 blk/s    0.0 tx/s    0.0 Mgas/s      0+   16 Qed Ancient:#11309009 LI:#13337558   28/50 peers    356 KiB chain    3 MiB queue  RPC:  0 conn,    0 req/s,    0 µs
2021-10-02 03:46:59 UTC Syncing #13337541 0x3480…0a17     0.00 blk/s    0.0 tx/s    0.0 Mgas/s      0+   17 Qed Ancient:#11309009 LI:#13337559   28/50 peers    356 KiB chain    4 MiB queue  RPC:  0 conn,    0 req/s,    0 µs
2021-10-02 03:47:04 UTC Syncing #13337542 0x289e…da54     0.20 blk/s   56.0 tx/s    6.0 Mgas/s      0+   16 Qed Ancient:#11309011 LI:#13337559   28/50 peers    356 KiB chain    3 MiB queue  RPC:  0 conn,    0 req/s,    0 µs
2021-10-02 03:47:09 UTC Syncing #13337542 0x289e…da54     0.00 blk/s    0.0 tx/s    0.0 Mgas/s      0+   16 Qed Ancient:#11309011 LI:#13337559   28/50 peers    356 KiB chain    3 MiB queue  RPC:  0 conn,    0 req/s,    0 µs
2021-10-02 03:47:14 UTC Syncing #13337542 0x289e…da54     0.00 blk/s    0.0 tx/s    0.0 Mgas/s      0+   16 Qed Ancient:#11309011 LI:#13337559   28/50 peers    356 KiB chain    3 MiB queue  RPC:  0 conn,    0 req/s,    0 µs
2021-10-02 03:47:19 UTC Syncing #13337543 0xf535…8428     0.20 blk/s   48.2 tx/s    4.2 Mgas/s      0+   15 Qed Ancient:#11309012 LI:#13337559   28/50 peers    356 KiB chain    3 MiB queue  RPC:  0 conn,    0 req/s,    0 µs
2021-10-02 03:47:24 UTC Syncing #13337543 0xf535…8428     0.00 blk/s    0.0 tx/s    0.0 Mgas/s      0+   15 Qed Ancient:#11309012 LI:#13337559   29/50 peers    356 KiB chain    3 MiB queue  RPC:  0 conn,    0 req/s,    0 µs
2021-10-02 03:47:29 UTC Syncing #13337544 0xa5d1…062d     0.20 blk/s   22.4 tx/s    1.9 Mgas/s      0+   14 Qed Ancient:#11309013 LI:#13337559   29/50 peers    357 KiB chain    3 MiB queue  RPC:  0 conn,    0 req/s,    0 µs
2021-10-02 03:47:34 UTC Syncing #13337545 0xe571…cd66     0.20 blk/s   20.0 tx/s    1.8 Mgas/s      0+   13 Qed Ancient:#11309014 LI:#13337559   29/50 peers    357 KiB chain    3 MiB queue  RPC:  0 conn,    0 req/s,    0 µs
2021-10-02 03:47:39 UTC Syncing #13337545 0xe571…cd66     0.00 blk/s    0.0 tx/s    0.0 Mgas/s      0+   13 Qed Ancient:#11309014 LI:#13337559   31/50 peers    357 KiB chain    3 MiB queue  RPC:  0 conn,    0 req/s,    0 µs
2021-10-02 03:47:44 UTC Syncing #13337545 0xe571…cd66     0.00 blk/s    0.0 tx/s    0.0 Mgas/s      0+   15 Qed Ancient:#11309014 LI:#13337561   30/50 peers    357 KiB chain    4 MiB queue  RPC:  0 conn,    0 req/s,    0 µs
2021-10-02 03:47:49 UTC Syncing #13337546 0xae3b…ffe0     0.20 blk/s   36.4 tx/s    3.1 Mgas/s      0+   14 Qed Ancient:#11309015 LI:#13337561   30/50 peers    637 KiB chain    4 MiB queue  RPC:  0 conn,    0 req/s,    0 µs
2021-10-02 03:47:54 UTC Syncing #13337546 0xae3b…ffe0     0.00 blk/s    0.0 tx/s    0.0 Mgas/s      0+   16 Qed Ancient:#11309015 LI:#13337563   30/50 peers    637 KiB chain    4 MiB queue  RPC:  0 conn,    0 req/s,    0 µs
2021-10-02 03:47:59 UTC Syncing #13337546 0xae3b…ffe0     0.00 blk/s    0.0 tx/s    0.0 Mgas/s      0+   16 Qed Ancient:#11309015 LI:#13337563   30/50 peers    637 KiB chain    4 MiB queue  RPC:  0 conn,    0 req/s,    0 µs
2021-10-02 03:48:04 UTC Syncing #13337546 0xae3b…ffe0     0.00 blk/s    0.0 tx/s    0.0 Mgas/s      0+   17 Qed Ancient:#11309015 LI:#13337564   29/50 peers    637 KiB chain    4 MiB queue  RPC:  0 conn,    0 req/s,    0 µs
2021-10-02 03:48:09 UTC Syncing #13337547 0x0b1d…ece1     0.20 blk/s   58.2 tx/s    5.1 Mgas/s      0+   16 Qed Ancient:#11309016 LI:#13337564   29/50 peers    637 KiB chain    4 MiB queue  RPC:  0 conn,    0 req/s,    0 µs
2021-10-02 03:48:14 UTC Syncing #13337548 0x4735…39cb     0.20 blk/s   43.0 tx/s    4.7 Mgas/s      0+   15 Qed Ancient:#11309017 LI:#13337564   29/50 peers    638 KiB chain    4 MiB queue  RPC:  0 conn,    0 req/s,    0 µs
2021-10-02 03:48:19 UTC Syncing #13337550 0x4461…67c8     0.40 blk/s   24.6 tx/s    2.3 Mgas/s      0+   13 Qed Ancient:#11309019 LI:#13337564   29/50 peers    638 KiB chain    3 MiB queue  RPC:  0 conn,    0 req/s,    0 µs
2021-10-02 03:48:24 UTC Syncing #13337551 0xb6f6…d798     0.20 blk/s   48.2 tx/s    3.7 Mgas/s      0+   13 Qed Ancient:#11309020 LI:#13337565   30/50 peers    639 KiB chain    3 MiB queue  RPC:  0 conn,    0 req/s,    0 µs
2021-10-02 03:48:29 UTC Syncing #13337552 0xd34c…bfa4     0.20 blk/s   32.8 tx/s    2.4 Mgas/s      0+   13 Qed Ancient:#11309021 LI:#13337566   30/50 peers    639 KiB chain    3 MiB queue  RPC:  0 conn,    0 req/s,    0 µs
2021-10-02 03:48:34 UTC Syncing #13337554 0xf992…bade     0.40 blk/s   28.6 tx/s    2.7 Mgas/s      0+   12 Qed Ancient:#11309023 LI:#13337567   30/50 peers    640 KiB chain    3 MiB queue  RPC:  0 conn,    0 req/s,    0 µs
2021-10-02 03:48:39 UTC Syncing #13337555 0xddfc…ba75     0.20 blk/s   57.6 tx/s    6.0 Mgas/s      0+   11 Qed Ancient:#11309024 LI:#13337567   30/50 peers    640 KiB chain    3 MiB queue  RPC:  0 conn,    0 req/s,    0 µs
2021-10-02 03:48:44 UTC Syncing #13337557 0xad20…c08b     0.40 blk/s   44.2 tx/s    4.0 Mgas/s      0+    9 Qed Ancient:#11309026 LI:#13337567   31/50 peers      1 MiB chain    2 MiB queue  RPC:  0 conn,    0 req/s,    0 µs
2021-10-02 03:48:49 UTC Syncing #13337557 0xad20…c08b     0.00 blk/s    0.0 tx/s    0.0 Mgas/s      0+    9 Qed Ancient:#11309026 LI:#13337567   31/50 peers      1 MiB chain    2 MiB queue  RPC:  0 conn,    0 req/s,    0 µs
2021-10-02 03:48:54 UTC Syncing #13337558 0x5834…ce1f     0.20 blk/s   21.2 tx/s    2.7 Mgas/s      0+    8 Qed Ancient:#11309027 LI:#13337567   31/50 peers      1 MiB chain    2 MiB queue  RPC:  0 conn,    0 req/s,    0 µs
2021-10-02 03:48:59 UTC Syncing #13337559 0x5bc0…5b8f     0.20 blk/s   55.2 tx/s    5.3 Mgas/s      0+    7 Qed Ancient:#11309028 LI:#13337567   32/50 peers      1 MiB chain    1 MiB queue  RPC:  0 conn,    0 req/s,    0 µs
2021-10-02 03:49:04 UTC Syncing #13337559 0x5bc0…5b8f     0.00 blk/s    0.0 tx/s    0.0 Mgas/s      0+    7 Qed Ancient:#11309028 LI:#13337567   32/50 peers      1 MiB chain    1 MiB queue  RPC:  0 conn,    0 req/s,    0 µs
2021-10-02 03:49:09 UTC Syncing #13337560 0x906f…db10     0.20 blk/s  122.2 tx/s    6.0 Mgas/s      0+    7 Qed Ancient:#11309029 LI:#13337568   32/50 peers      1 MiB chain    1 MiB queue  RPC:  0 conn,    0 req/s,    0 µs
2021-10-02 03:49:14 UTC Syncing #13337563 0x8620…9990     0.60 blk/s   73.8 tx/s    6.6 Mgas/s      0+    4 Qed Ancient:#11309032 LI:#13337568   32/50 peers      1 MiB chain    1 MiB queue  RPC:  0 conn,    0 req/s,    0 µs
2021-10-02 03:49:19 UTC Syncing #13337563 0x8620…9990     0.00 blk/s    0.0 tx/s    0.0 Mgas/s      0+    4 Qed Ancient:#11309032 LI:#13337568   32/50 peers      1 MiB chain    1 MiB queue  RPC:  0 conn,    0 req/s,    0 µs
2021-10-02 03:49:45 UTC Imported #13337569 0x76f1…f0e1 (164 txs, 14.80 Mgas, 4284 ms, 78.78 KiB)
2021-10-02 03:49:56 UTC  Ancient:#11310000 AB:#11312322   32/50 peers   744 bytes chain  0 bytes queue  RPC:  0 conn,    0 req/s,    0 µs
2021-10-02 03:49:56 UTC  Ancient:#11309565 AB:#11312322   32/50 peers    573 KiB chain  0 bytes queue  RPC:  0 conn,    0 req/s,    0 µs
2021-10-02 03:50:26 UTC  Ancient:#11310339 AB:#11312453   32/50 peers      1 MiB chain  0 bytes queue  RPC:  0 conn,    0 req/s,    0 µs
2021-10-02 03:50:44 UTC Imported #13337570 0x8a6b…fe53 (291 txs, 27.96 Mgas, 27852 ms, 133.51 KiB)
2021-10-02 03:51:00 UTC  Ancient:#11310767 AB:#11312754   32/50 peers    638 KiB chain  216 KiB queue  RPC:  0 conn,    0 req/s,    0 µs