2021-07-28 12:30:21 UTC Syncing #12914447 0xecb2…8430     0.20 blk/s   30.4 tx/s    3.0 Mgas/s      0+    6 Qed Ancient:#6980574 LI:#12914454   22/25 peers    739 KiB chain    1 MiB queue  RPC:  0 conn,    0 req/s,    0 µs
2021-07-28 12:30:26 UTC Syncing #12914447 0xecb2…8430     0.00 blk/s    0.0 tx/s    0.0 Mgas/s      0+    7 Qed Ancient:#6980574 LI:#12914455   22/25 peers    739 KiB chain    2 MiB queue  RPC:  0 conn,    0 req/s,    0 µs
2021-07-28 12:30:31 UTC Syncing #12914448 0xf536…c731     0.20 blk/s   55.4 tx/s    3.0 Mgas/s      0+    6 Qed Ancient:#6980575 LI:#12914455   22/25 peers    739 KiB chain    1 MiB queue  RPC:  0 conn,    0 req/s,    0 µs
2021-07-28 12:30:36 UTC Syncing #12914449 0x586c…b8a1     0.20 blk/s   44.8 tx/s    3.0 Mgas/s      0+    5 Qed Ancient:#6980576 LI:#12914455   23/25 peers    739 KiB chain    1 MiB queue  RPC:  0 conn,    0 req/s,    0 µs
2021-07-28 12:31:06 UTC  Ancient:#6980584 AB:#6983858   22/25 peers    741 KiB chain  0 bytes queue  RPC:  0 conn,    0 req/s,    0 µs
2021-07-28 12:31:11 UTC Imported #12914457 0x5cc1…c757 (189 txs, 15.00 Mgas, 5557 ms, 53.03 KiB)
2021-07-28 12:31:25 UTC Imported #12914458 0xa0d0…df92 (262 txs, 14.99 Mgas, 4132 ms, 48.06 KiB)
2021-07-28 12:31:31 UTC Imported #12914459 0xe1c4…52af (164 txs, 14.97 Mgas, 5310 ms, 46.54 KiB)
2021-07-28 12:31:39 UTC  Ancient:#6982806 AB:#6985869   23/25 peers     10 MiB chain  0 bytes queue  RPC:  0 conn,    0 req/s,    0 µs
2021-07-28 12:32:20 UTC  Ancient:#6986100 AB:#6989782   23/25 peers      5 MiB chain  0 bytes queue  RPC:  0 conn,    0 req/s,    0 µs
2021-07-28 12:33:33 UTC  Ancient:#6986481 AB:#6989782   23/25 peers      9 MiB chain  400 KiB queue  RPC:  0 conn,    0 req/s,    0 µs
2021-07-28 12:34:20 UTC Syncing #12914463 0x8a43…14e7     0.06 blk/s   16.3 tx/s    1.0 Mgas/s      0+    4 Qed Ancient:#6986682 LI:#12914467   23/25 peers      9 MiB chain    1 MiB queue  RPC:  0 conn,    0 req/s,    0 µs
2021-07-28 12:34:26 UTC Syncing #12914463 0x8a43…14e7     0.00 blk/s    0.0 tx/s    0.0 Mgas/s      0+    4 Qed Ancient:#6986684 LI:#12914468   23/25 peers      2 MiB chain  992 KiB queue  RPC:  0 conn,    0 req/s,    0 µs
2021-07-28 12:34:31 UTC Syncing #12914463 0x8a43…14e7     0.00 blk/s    0.0 tx/s    0.0 Mgas/s      0+    4 Qed Ancient:#6986684 LI:#12914468   23/25 peers      2 MiB chain  992 KiB queue  RPC:  0 conn,    0 req/s,    0 µs
2021-07-28 12:35:01 UTC  Ancient:#6986687 AB:#6990065   24/25 peers      2 MiB chain  440 KiB queue  RPC:  0 conn,    0 req/s,    0 µs
2021-07-28 12:35:31 UTC  Ancient:#6986692 AB:#6990065   24/25 peers      2 MiB chain  0 bytes queue  RPC:  0 conn,    0 req/s,    0 µs
2021-07-28 12:35:32 UTC Imported #12914471 0xda0b…2378 (223 txs, 14.96 Mgas, 5458 ms, 64.23 KiB)
2021-07-28 12:36:15 UTC Syncing #12914472 0x420a…46cc     0.05 blk/s   10.3 tx/s    0.7 Mgas/s      0+    4 Qed Ancient:#6987443 LI:#12914476   25/25 peers      9 MiB chain  691 KiB queue  RPC:  0 conn,    0 req/s,    0 µs
2021-07-28 12:36:26 UTC Syncing #12914472 0x420a…46cc     0.00 blk/s    0.0 tx/s    0.0 Mgas/s      0+    4 Qed Ancient:#6987444 LI:#12914477   25/25 peers      5 MiB chain  705 KiB queue  RPC:  0 conn,    0 req/s,    0 µs
2021-07-28 12:36:32 UTC Syncing #12914473 0x8a3b…ad45     0.20 blk/s   36.0 tx/s    3.0 Mgas/s      0+    4 Qed Ancient:#6987445 LI:#12914478   24/25 peers      5 MiB chain  715 KiB queue  RPC:  0 conn,    0 req/s,    0 µs
2021-07-28 12:36:36 UTC Syncing #12914473 0x8a3b…ad45     0.00 blk/s    0.0 tx/s    0.0 Mgas/s      0+    4 Qed Ancient:#6987445 LI:#12914478   24/25 peers      5 MiB chain  715 KiB queue  RPC:  0 conn,    0 req/s,    0 µs
2021-07-28 12:36:41 UTC Syncing #12914473 0x8a3b…ad45     0.00 blk/s    0.0 tx/s    0.0 Mgas/s      0+    4 Qed Ancient:#6987445 LI:#12914479   24/25 peers      5 MiB chain  715 KiB queue  RPC:  0 conn,    0 req/s,    0 µs
2021-07-28 12:36:46 UTC Syncing #12914473 0x8a3b…ad45     0.00 blk/s    0.0 tx/s    0.0 Mgas/s      0+    5 Qed Ancient:#6987445 LI:#12914479   23/25 peers      5 MiB chain  942 KiB queue  RPC:  0 conn,    0 req/s,    0 µs
2021-07-28 12:36:51 UTC Syncing #12914474 0x55cf…c548     0.20 blk/s   27.4 tx/s    3.0 Mgas/s      0+    5 Qed Ancient:#6987446 LI:#12914480   23/25 peers      5 MiB chain  934 KiB queue  RPC:  0 conn,    0 req/s,    0 µs
2021-07-28 12:36:56 UTC Syncing #12914474 0x55cf…c548     0.00 blk/s    0.0 tx/s    0.0 Mgas/s      0+    5 Qed Ancient:#6987446 LI:#12914480   24/25 peers      5 MiB chain  934 KiB queue  RPC:  0 conn,    0 req/s,    0 µs
2021-07-28 12:37:01 UTC Syncing #12914474 0x55cf…c548     0.00 blk/s    0.0 tx/s    0.0 Mgas/s      0+    7 Qed Ancient:#6987446 LI:#12914482   24/25 peers      5 MiB chain    1 MiB queue  RPC:  0 conn,    0 req/s,    0 µs
2021-07-28 12:37:06 UTC Syncing #12914475 0xdf06…45f6     0.20 blk/s   34.6 tx/s    3.0 Mgas/s      0+    7 Qed Ancient:#6987447 LI:#12914483   24/25 peers      5 MiB chain    1 MiB queue  RPC:  0 conn,    0 req/s,    0 µs
2021-07-28 12:37:11 UTC Syncing #12914475 0xdf06…45f6     0.00 blk/s    0.0 tx/s    0.0 Mgas/s      0+    7 Qed Ancient:#6987447 LI:#12914483   25/25 peers      5 MiB chain    1 MiB queue  RPC:  0 conn,    0 req/s,    0 µs
2021-07-28 12:37:16 UTC Syncing #12914476 0x4da1…0efc     0.20 blk/s   23.8 tx/s    3.0 Mgas/s      0+    6 Qed Ancient:#6987448 LI:#12914483   24/25 peers      5 MiB chain  959 KiB queue  RPC:  0 conn,    0 req/s,    0 µs
2021-07-28 12:37:21 UTC Syncing #12914476 0x4da1…0efc     0.00 blk/s    0.0 tx/s    0.0 Mgas/s      0+    6 Qed Ancient:#6987448 LI:#12914483   23/25 peers      5 MiB chain  959 KiB queue  RPC:  0 conn,    0 req/s,    0 µs
2021-07-28 12:37:26 UTC Syncing #12914477 0x55b6…1a98     0.20 blk/s   46.8 tx/s    3.0 Mgas/s      0+    6 Qed Ancient:#6987449 LI:#12914484   23/25 peers      5 MiB chain    1 MiB queue  RPC:  0 conn,    0 req/s,    0 µs
2021-07-28 12:37:31 UTC Syncing #12914477 0x55b6…1a98     0.00 blk/s    0.0 tx/s    0.0 Mgas/s      0+    6 Qed Ancient:#6987449 LI:#12914484   23/25 peers      5 MiB chain    1 MiB queue  RPC:  0 conn,    0 req/s,    0 µs