INFO [07-28|14:44:18.442] State heal in progress                   accounts=51431@2.58MiB    slots=11045@863.92KiB codes=2081@15.97MiB nodes=49,157,339@14.11GiB pending=204,632
INFO [07-28|14:44:26.589] State heal in progress                   accounts=52086@2.61MiB    slots=11045@863.92KiB codes=2081@15.97MiB nodes=49,158,846@14.11GiB pending=204,153
INFO [07-28|14:44:32.903] Imported new block headers               count=1    elapsed=6.173ms   number=12,915,014 hash=b87c76..76b183
INFO [07-28|14:44:36.068] Imported new block headers               count=1    elapsed=5.929ms   number=12,915,015 hash=bd7255..693e7b
INFO [07-28|14:44:36.216] State heal in progress                   accounts=52422@2.63MiB    slots=11045@863.92KiB codes=2081@15.97MiB nodes=49,159,954@14.11GiB pending=204,357
INFO [07-28|14:44:42.316] Imported new block headers               count=1    elapsed=5.284ms   number=12,915,016 hash=c30319..43722d
INFO [07-28|14:44:43.020] Downloader queue stats                   receiptTasks=0    blockTasks=0    itemSize=251.18KiB throttle=261
INFO [07-28|14:44:45.192] State heal in progress                   accounts=52537@2.63MiB    slots=11045@863.92KiB codes=2081@15.97MiB nodes=49,160,534@14.11GiB pending=204,924
INFO [07-28|14:44:45.481] Imported new block headers               count=1    elapsed=5.533ms   number=12,915,017 hash=376784..e30a35
INFO [07-28|14:44:54.011] State heal in progress                   accounts=52714@2.64MiB    slots=11045@863.92KiB codes=2081@15.97MiB nodes=49,161,262@14.11GiB pending=205,183
INFO [07-28|14:45:03.275] State heal in progress                   accounts=52812@2.64MiB    slots=11045@863.92KiB codes=2081@15.97MiB nodes=49,161,895@14.11GiB pending=205,585
INFO [07-28|14:45:11.832] State heal in progress                   accounts=53264@2.66MiB    slots=11045@863.92KiB codes=2081@15.97MiB nodes=49,162,996@14.11GiB pending=205,295
INFO [07-28|14:45:13.309] Imported new block headers               count=1    elapsed=5.926ms   number=12,915,018 hash=5b8b2a..a080c0
INFO [07-28|14:45:16.473] Imported new block headers               count=1    elapsed=5.870ms   number=12,915,019 hash=ad048b..ba147c
WARN [07-28|14:45:18.130] Unexpected bytecode heal packet          peer=c6711d19 reqid=2,160,241,859,485,364,999
INFO [07-28|14:45:20.596] State heal in progress                   accounts=53337@2.67MiB    slots=11045@863.92KiB codes=2081@15.97MiB nodes=49,163,500@14.11GiB pending=205,805
INFO [07-28|14:45:28.821] State heal in progress                   accounts=53975@2.70MiB    slots=11045@863.92KiB codes=2081@15.97MiB nodes=49,164,985@14.11GiB pending=205,285
INFO [07-28|14:45:28.886] Imported new block headers               count=1    elapsed=5.539ms   number=12,915,020 hash=928a78..5285c5
INFO [07-28|14:45:38.570] State heal in progress                   accounts=54077@2.70MiB    slots=11045@863.92KiB codes=2081@15.97MiB nodes=49,165,732@14.11GiB pending=205,644
INFO [07-28|14:45:46.760] State heal in progress                   accounts=54272@2.71MiB    slots=11045@863.92KiB codes=2081@15.97MiB nodes=49,166,483@14.11GiB pending=205,676
INFO [07-28|14:45:53.632] Imported new block headers               count=1    elapsed=6.759ms   number=12,915,021 hash=03994e..865b39
INFO [07-28|14:45:54.068] Downloader queue stats                   receiptTasks=0    blockTasks=0    itemSize=241.63KiB throttle=272
WARN [07-28|14:45:54.068] Pivot became stale, moving               old=12,914,895 new=12,914,959
INFO [07-28|14:45:54.219] Imported new block receipts              count=64   elapsed=150.784ms number=12,914,958 hash=d709af..d8cf88 age=13m47s   size=7.33MiB
INFO [07-28|14:45:55.537] State heal in progress                   accounts=54512@2.72MiB    slots=11046@864.00KiB codes=2081@15.97MiB nodes=49,167,315@14.11GiB pending=205,675
INFO [07-28|14:45:55.538] State heal in progress                   accounts=54512@2.72MiB    slots=11046@864.00KiB codes=2081@15.97MiB nodes=49,167,315@14.11GiB pending=205,675
WARN [07-28|14:45:55.551] Unexpected trienode heal packet          peer=266f44cc reqid=7,218,555,237,163,439,654
WARN [07-28|14:45:55.557] Unexpected trienode heal packet          peer=ef9809ea reqid=6,493,606,189,202,377,575