INFO [05-11|22:35:35.943] Initializing state bloom                 items=308843094 errorrate=0.000 elapsed=22m53.968s
INFO [05-11|22:35:37.008] Imported new state entries               count=384  elapsed="3.6µs"     processed=605985059 pending=70638 trieretry=0   coderetry=0 duplicate=0 unexpected=392
INFO [05-11|22:35:43.944] Initializing state bloom                 items=312481127 errorrate=0.000 elapsed=23m1.969s
INFO [05-11|22:35:48.625] Imported new state entries               count=768  elapsed="257.901µs" processed=605985827 pending=71367 trieretry=0   coderetry=0 duplicate=0 unexpected=392
INFO [05-11|22:35:51.945] Initializing state bloom                 items=315957530 errorrate=0.000 elapsed=23m9.970s
INFO [05-11|22:35:56.825] Imported new state entries               count=768  elapsed="123.4µs"   processed=605986595 pending=72123 trieretry=0   coderetry=0 duplicate=0 unexpected=392
INFO [05-11|22:35:59.946] Initializing state bloom                 items=319553766 errorrate=0.000 elapsed=23m17.971s
INFO [05-11|22:36:05.775] Imported new state entries               count=768  elapsed="640.802µs" processed=605987363 pending=72839 trieretry=382 coderetry=0 duplicate=0 unexpected=392
INFO [05-11|22:36:07.946] Initializing state bloom                 items=322966988 errorrate=0.000 elapsed=23m25.971s
INFO [05-11|22:36:14.139] Imported new block headers               count=2    elapsed=292.194ms   number=12415852 hash="e6bb9b…01b979"
INFO [05-11|22:36:15.946] Initializing state bloom                 items=326521748 errorrate=0.000 elapsed=23m33.971s
INFO [05-11|22:36:20.370] Imported new block headers               count=1    elapsed=13.560ms    number=12415853 hash="e83583…3b221c"
INFO [05-11|22:36:23.946] Initializing state bloom                 items=330203838 errorrate=0.000 elapsed=23m41.971s
INFO [05-11|22:36:26.588] Imported new state entries               count=768  elapsed="458.201µs" processed=605988131 pending=73571 trieretry=0   coderetry=0 duplicate=0 unexpected=392
INFO [05-11|22:36:31.947] Initializing state bloom                 items=333812336 errorrate=0.000 elapsed=23m49.972s
INFO [05-11|22:36:33.180] Imported new block headers               count=2    elapsed=12.300ms    number=12415855 hash="bb357e…27dfce"
INFO [05-11|22:36:33.534] Downloader queue stats                   receiptTasks=0   blockTasks=0  itemSize=250.33KiB throttle=262
INFO [05-11|22:36:36.502] Imported new block headers               count=1    elapsed=10.919ms    number=12415856 hash="42879e…9eb0f0"
INFO [05-11|22:36:39.947] Initializing state bloom                 items=337482106 errorrate=0.000 elapsed=23m57.972s
INFO [05-11|22:36:40.942] Imported new state entries               count=768  elapsed="186.2µs"   processed=605988899 pending=74391 trieretry=0   coderetry=0 duplicate=0 unexpected=392
INFO [05-11|22:36:42.983] Imported new block headers               count=1    elapsed=7.273ms     number=12415857 hash="592a71…a3d1a8"
INFO [05-11|22:36:46.306] Imported new block headers               count=1    elapsed=6.602ms     number=12415858 hash="70026b…dd2bbb"
INFO [05-11|22:36:47.947] Initializing state bloom                 items=341030673 errorrate=0.000 elapsed=24m5.972s
INFO [05-11|22:36:49.634] Imported new block headers               count=1    elapsed=9.208ms     number=12415859 hash="6bc93b…3f443b"
INFO [05-11|22:36:53.263] Imported new state entries               count=768  elapsed="254.501µs" processed=605989667 pending=75114 trieretry=4   coderetry=0 duplicate=0 unexpected=392
INFO [05-11|22:36:55.947] Initializing state bloom                 items=344759429 errorrate=0.000 elapsed=24m13.972s
INFO [05-11|22:36:59.280] Imported new block headers               count=1    elapsed=7.768ms     number=12415860 hash="0c4d38…0b876c"
INFO [05-11|22:37:03.948] Initializing state bloom                 items=348259260 errorrate=0.000 elapsed=24m21.973s
INFO [05-11|22:37:05.470] Imported new state entries               count=768  elapsed=2.209ms     processed=605990435 pending=75810 trieretry=0   coderetry=0 duplicate=0 unexpected=392
INFO [05-11|22:37:11.017] Imported new state entries               count=0    elapsed="8.2µs"     processed=605990435 pending=76167 trieretry=2   coderetry=0 duplicate=0 unexpected=394
INFO [05-11|22:37:11.951] Initializing state bloom                 items=351854816 errorrate=0.000 elapsed=24m29.976s
INFO [05-11|22:37:16.327] Imported new state entries               count=768  elapsed="211.901µs" processed=605991203 pending=76546 trieretry=0   coderetry=0 duplicate=0 unexpected=394
INFO [05-11|22:37:19.953] Initializing state bloom                 items=355413408 errorrate=0.000 elapsed=24m37.978s
INFO [05-11|22:37:27.953] Initializing state bloom                 items=358981336 errorrate=0.000 elapsed=24m45.978s
INFO [05-11|22:37:28.337] Imported new state entries               count=384  elapsed="198.5µs"   processed=605991587 pending=76914 trieretry=1   coderetry=0 duplicate=0 unexpected=394
INFO [05-11|22:37:35.954] Initializing state bloom                 items=362610100 errorrate=0.000 elapsed=24m53.979s
INFO [05-11|22:37:43.956] Initializing state bloom                 items=366085130 errorrate=0.000 elapsed=25m1.981s
INFO [05-11|22:37:46.538] Imported new state entries               count=768  elapsed="262.8µs"   processed=605992355 pending=77673 trieretry=0   coderetry=0 duplicate=0 unexpected=394
INFO [05-11|22:37:47.663] Imported new block headers               count=1    elapsed=782.444ms   number=12415861 hash="0323f6…ef6b5d" age=1m4s
INFO [05-11|22:37:48.582] Downloader queue stats                   receiptTasks=0   blockTasks=0  itemSize=250.43KiB throttle=262
INFO [05-11|22:37:51.958] Initializing state bloom                 items=369279469 errorrate=0.000 elapsed=25m9.983s
INFO [05-11|22:37:57.950] Imported new state entries               count=768  elapsed="524.601µs" processed=605993123 pending=78366 trieretry=0   coderetry=0 duplicate=0 unexpected=394
INFO [05-11|22:37:59.958] Initializing state bloom                 items=372743142 errorrate=0.000 elapsed=25m17.983s
INFO [05-11|22:38:07.958] Initializing state bloom                 items=376408925 errorrate=0.000 elapsed=25m25.983s
INFO [05-11|22:38:11.600] Imported new state entries               count=384  elapsed="3.1µs"     processed=605993507 pending=78757 trieretry=0   coderetry=0 duplicate=0 unexpected=394
INFO [05-11|22:38:15.958] Initializing state bloom                 items=379914102 errorrate=0.000 elapsed=25m33.983s
INFO [05-11|22:38:20.531] Imported new state entries               count=768  elapsed="441.8µs"   processed=605994275 pending=79439 trieretry=0   coderetry=0 duplicate=0 unexpected=394
INFO [05-11|22:38:23.958] Initializing state bloom                 items=383558644 errorrate=0.000 elapsed=25m41.983s
INFO [05-11|22:38:26.688] Imported new state entries               count=768  elapsed=3.507ms     processed=605995043 pending=79239 trieretry=0   coderetry=0 duplicate=0 unexpected=394
INFO [05-11|22:38:28.677] Imported new block headers               count=1    elapsed=515.167ms   number=12415862 hash="f6232c…cfab55" age=1m42s
INFO [05-11|22:38:31.510] Imported new block headers               count=1    elapsed=25.011ms    number=12415863 hash="2c60ec…045dbe" age=1m34s
INFO [05-11|22:38:31.959] Initializing state bloom                 items=386931835 errorrate=0.000 elapsed=25m49.984s
INFO [05-11|22:38:39.960] Initializing state bloom                 items=390473621 errorrate=0.000 elapsed=25m57.985s
INFO [05-11|22:38:40.367] Imported new state entries               count=384  elapsed="51.6µs"    processed=605995427 pending=79629 trieretry=0   coderetry=0 duplicate=0 unexpected=394
INFO [05-11|22:38:46.339] Imported new state entries               count=768  elapsed=3.222ms     processed=605996195 pending=79749 trieretry=0   coderetry=0 duplicate=0 unexpected=394
INFO [05-11|22:38:47.490] Imported new block headers               count=2    elapsed=29.979ms    number=12415865 hash="927b1a…3effec"
INFO [05-11|22:38:47.962] Initializing state bloom                 items=393948749 errorrate=0.000 elapsed=26m5.987s
INFO [05-11|22:38:48.424] Imported new state entries               count=1152 elapsed=11.043ms    processed=605997347 pending=78228 trieretry=0   coderetry=0 duplicate=0 unexpected=394
INFO [05-11|22:38:53.952] Imported new block headers               count=1    elapsed=6.447ms     number=12415866 hash="168f64…32e8ba"
INFO [05-11|22:38:54.641] Downloader queue stats                   receiptTasks=0   blockTasks=0  itemSize=262.09KiB throttle=251
INFO [05-11|22:38:55.963] Initializing state bloom                 items=397437495 errorrate=0.000 elapsed=26m13.988s
INFO [05-11|22:38:57.286] Imported new block headers               count=1    elapsed=6.764ms     number=12415867 hash="eb06bd…779a80"
INFO [05-11|22:39:01.670] Imported new state entries               count=384  elapsed="4.1µs"     processed=605997731 pending=78617 trieretry=384 coderetry=0 duplicate=0 unexpected=394
INFO [05-11|22:39:03.967] Initializing state bloom                 items=401092080 errorrate=0.000 elapsed=26m21.992s
INFO [05-11|22:39:11.969] Initializing state bloom                 items=404574881 errorrate=0.000 elapsed=26m29.994s
INFO [05-11|22:39:13.259] Imported new block headers               count=1    elapsed=9.759ms     number=12415868 hash="5c8131…c782f7"
INFO [05-11|22:39:15.616] Imported new state entries               count=1152 elapsed=6.125ms     processed=605998883 pending=77980 trieretry=0   coderetry=0 duplicate=0 unexpected=394
WARN [05-11|22:39:15.618] Stalling state sync, dropping peer       peer=c8aeda4b526418783de7c76350f7bdbd9bc160850ffd28660b6f62b6e1e09d8f
ERROR[05-11|22:39:15.636] Ethereum peer removal failed             peer=c8aeda4b err="peer not registered"
INFO [05-11|22:39:17.206] Imported new state entries               count=1152 elapsed=13.169ms    processed=606000035 pending=76326 trieretry=0   coderetry=0 duplicate=0 unexpected=394
WARN [05-11|22:39:18.589] Dropping unsynced node during sync       id=486e27127e92d00f conn=inbound addr=61.141.255.71:16376   type=OpenEthereum/v3.2.4-...
INFO [05-11|22:39:19.970] Initializing state bloom                 items=408204854 errorrate=0.000 elapsed=26m37.995s
INFO [05-11|22:39:20.646] Imported new state entries               count=768  elapsed=6.810ms     processed=606000803 pending=75687 trieretry=0   coderetry=0 duplicate=0 unexpected=394
INFO [05-11|22:39:22.891] Imported new state entries               count=1152 elapsed=9.020ms     processed=606001955 pending=74096 trieretry=0   coderetry=0 duplicate=0 unexpected=394
INFO [05-11|22:39:23.659] Imported new state entries               count=0    elapsed="25.5µs"    processed=606001955 pending=73795 trieretry=6   coderetry=0 duplicate=0 unexpected=396
INFO [05-11|22:39:27.971] Initializing state bloom                 items=411678957 errorrate=0.000 elapsed=26m45.996s
INFO [05-11|22:39:28.341] Imported new state entries               count=1152 elapsed=6.890ms     processed=606003107 pending=73729 trieretry=1   coderetry=0 duplicate=0 unexpected=396
INFO [05-11|22:39:35.972] Initializing state bloom                 items=415196396 errorrate=0.000 elapsed=26m53.997s
INFO [05-11|22:39:37.647] Imported new state entries               count=768  elapsed=3.906ms     processed=606003875 pending=73842 trieretry=0   coderetry=0 duplicate=0 unexpected=396
INFO [05-11|22:39:43.972] Initializing state bloom                 items=418616697 errorrate=0.000 elapsed=27m1.997s
INFO [05-11|22:39:45.198] Imported new state entries               count=1153 elapsed=12.181ms    processed=606005028 pending=73337 trieretry=0   coderetry=0 duplicate=0 unexpected=396
INFO [05-11|22:39:47.605] Imported new state entries               count=1152 elapsed=11.567ms    processed=606006180 pending=71820 trieretry=0   coderetry=0 duplicate=0 unexpected=396
INFO [05-11|22:39:51.972] Initializing state bloom                 items=422178403 errorrate=0.000 elapsed=27m9.997s
INFO [05-11|22:39:53.963] Imported new state entries               count=384  elapsed=3.354ms     processed=606006564 pending=71623 trieretry=0   coderetry=0 duplicate=0 unexpected=396
INFO [05-11|22:39:55.195] Imported new block headers               count=1    elapsed=662.327ms   number=12415869 hash="6ab32d…c7fee5" age=1m5s
INFO [05-11|22:39:55.729] Downloader queue stats                   receiptTasks=0   blockTasks=0  itemSize=264.25KiB throttle=249
INFO [05-11|22:39:59.972] Initializing state bloom                 items=425522940 errorrate=0.000 elapsed=27m17.997s
INFO [05-11|22:40:07.093] Imported new state entries               count=384  elapsed="43.6µs"    processed=606006948 pending=72018 trieretry=0   coderetry=0 duplicate=0 unexpected=396
INFO [05-11|22:40:07.972] Initializing state bloom                 items=429141592 errorrate=0.000 elapsed=27m25.997s
INFO [05-11|22:40:11.446] Imported new state entries               count=768  elapsed=7.864ms     processed=606007716 pending=70948 trieretry=382 coderetry=0 duplicate=0 unexpected=396
INFO [05-11|22:40:15.973] Initializing state bloom                 items=432590601 errorrate=0.000 elapsed=27m33.998s
INFO [05-11|22:40:18.175] Imported new state entries               count=768  elapsed=8.229ms     processed=606008484 pending=70525 trieretry=0   coderetry=0 duplicate=0 unexpected=396
INFO [05-11|22:40:22.566] Imported new state entries               count=384  elapsed=4.671ms     processed=606008868 pending=69978 trieretry=0   coderetry=0 duplicate=0 unexpected=396
INFO [05-11|22:40:23.975] Initializing state bloom                 items=436120934 errorrate=0.000 elapsed=27m42.000s
INFO [05-11|22:40:26.505] Imported new block headers               count=2    elapsed=180.378ms   number=12415871 hash="98c5af…f6f142" age=1m16s
INFO [05-11|22:40:31.976] Initializing state bloom                 items=439561435 errorrate=0.000 elapsed=27m50.001s
INFO [05-11|22:40:34.886] Imported new state entries               count=384  elapsed="85.9µs"    processed=606009252 pending=70366 trieretry=2   coderetry=0 duplicate=0 unexpected=396
INFO [05-11|22:40:36.010] Imported new block headers               count=1    elapsed=15.412ms    number=12415872 hash="3b47a7…6407c4"
INFO [05-11|22:40:39.920] Imported new state entries               count=768  elapsed=8.216ms     processed=606010020 pending=69323 trieretry=0   coderetry=0 duplicate=0 unexpected=396
INFO [05-11|22:40:39.976] Initializing state bloom                 items=443011292 errorrate=0.000 elapsed=27m58.001s
INFO [05-11|22:40:45.273] Imported new state entries               count=768  elapsed=7.314ms     processed=606010788 pending=68571 trieretry=0   coderetry=0 duplicate=0 unexpected=396
INFO [05-11|22:40:47.976] Initializing state bloom                 items=446509631 errorrate=0.000 elapsed=28m6.001s
INFO [05-11|22:40:48.832] Imported new block headers               count=1    elapsed=12.615ms    number=12415873 hash="ed0b14…ab0b24"
INFO [05-11|22:40:51.079] Imported new state entries               count=384  elapsed=3.437ms     processed=606011172 pending=68181 trieretry=0   coderetry=0 duplicate=0 unexpected=396
INFO [05-11|22:40:52.162] Imported new block headers               count=1    elapsed=8.716ms     number=12415874 hash="d78c35…9ff67b"
INFO [05-11|22:40:55.977] Initializing state bloom                 items=449923930 errorrate=0.000 elapsed=28m14.002s
INFO [05-11|22:40:58.208] Imported new state entries               count=768  elapsed=6.453ms     processed=606011940 pending=67566 trieretry=2   coderetry=0 duplicate=0 unexpected=396
INFO [05-11|22:40:58.644] Imported new block headers               count=1    elapsed=6.601ms     number=12415875 hash="00c818…3c0254"
INFO [05-11|22:40:58.792] Downloader queue stats                   receiptTasks=0   blockTasks=0  itemSize=266.72KiB throttle=246
INFO [05-11|22:41:01.997] Imported new state entries               count=384  elapsed=2.967ms     processed=606012324 pending=67410 trieretry=2   coderetry=0 duplicate=0 unexpected=396
INFO [05-11|22:41:03.978] Initializing state bloom                 items=453441316 errorrate=0.001 elapsed=28m22.003s
INFO [05-11|22:41:06.016] Imported new state entries               count=384  elapsed=3.532ms     processed=606012708 pending=67271 trieretry=0   coderetry=0 duplicate=0 unexpected=396
INFO [05-11|22:41:08.293] Imported new block headers               count=1    elapsed=7.253ms     number=12415876 hash="effad3…888fd3"
INFO [05-11|22:41:10.389] Imported new state entries               count=384  elapsed=3.181ms     processed=606013092 pending=67143 trieretry=0   coderetry=0 duplicate=0 unexpected=396
INFO [05-11|22:41:10.390] Imported new state entries               count=0    elapsed="5.7µs"     processed=606013092 pending=67143 trieretry=2   coderetry=0 duplicate=0 unexpected=398
INFO [05-11|22:41:11.981] Initializing state bloom                 items=456815865 errorrate=0.001 elapsed=28m30.005s