2021-10-01 23:48:38 UTC Syncing #13336527 0xffe3…5a6e     0.20 blk/s   32.0 tx/s    3.1 Mgas/s      0+    4 Qed Ancient:#11249450 LI:#13336532   31/50 peers      6 MiB chain    1 MiB queue  RPC:  0 conn,    0 req/s,    0 µs
2021-10-01 23:48:43 UTC Syncing #13336527 0xffe3…5a6e     0.00 blk/s    0.0 tx/s    0.0 Mgas/s      0+    4 Qed Ancient:#11249450 LI:#13336532   31/50 peers      6 MiB chain    1 MiB queue  RPC:  0 conn,    0 req/s,    0 µs
2021-10-01 23:49:11 UTC Imported #13336533 0x5e0e…dcf6 (186 txs, 16.07 Mgas, 4580 ms, 114.41 KiB)
2021-10-01 23:49:22 UTC  Ancient:#11249637 AB:#11252729   31/50 peers      9 MiB chain  0 bytes queue  RPC:  0 conn,    0 req/s,    0 µs
2021-10-01 23:49:22 UTC  Ancient:#11250015 AB:#11252729   31/50 peers      8 MiB chain  0 bytes queue  RPC:  0 conn,    0 req/s,    0 µs
2021-10-01 23:49:51 UTC Imported #13336534 0x1318…ee5b (349 txs, 29.99 Mgas, 14028 ms, 183.82 KiB)
2021-10-01 23:49:53 UTC  Ancient:#11251191 AB:#11253185   32/50 peers      5 MiB chain  0 bytes queue  RPC:  0 conn,    0 req/s,    0 µs
2021-10-01 23:50:23 UTC  Ancient:#11251191 AB:#11254006   31/50 peers      5 MiB chain  171 KiB queue  RPC:  0 conn,    0 req/s,    0 µs
2021-10-01 23:50:30 UTC Imported #13336537 0xe17d…cd56 (76 txs, 6.83 Mgas, 2556 ms, 45.46 KiB)
2021-10-01 23:51:21 UTC  Ancient:#11251688 AB:#11254633   24/25 peers      5 MiB chain  865 KiB queue  RPC:  0 conn,    0 req/s,    0 µs
2021-10-01 23:51:53 UTC  Ancient:#11251689 AB:#11254633   26/50 peers      5 MiB chain  256 KiB queue  RPC:  0 conn,    0 req/s,    0 µs
2021-10-01 23:52:23 UTC  Ancient:#11251689 AB:#11254981   25/25 peers      5 MiB chain    1 MiB queue  RPC:  0 conn,    0 req/s,    0 µs
2021-10-01 23:52:43 UTC Syncing #13336539 0xe84f…8e4c     0.05 blk/s   14.0 tx/s    1.5 Mgas/s      0+    4 Qed Ancient:#11251690 LI:#13336544   25/25 peers      5 MiB chain    1 MiB queue  RPC:  0 conn,    0 req/s,    0 µs
2021-10-01 23:53:08 UTC Syncing #13336540 0x769f…9698     0.04 blk/s    5.4 tx/s    0.5 Mgas/s      0+    6 Qed Ancient:#11251691 LI:#13336547   23/25 peers      5 MiB chain    1 MiB queue  RPC:  0 conn,    0 req/s,    0 µs
2021-10-01 23:53:20 UTC Syncing #13336541 0x44c9…a36c     0.20 blk/s   87.6 tx/s    6.0 Mgas/s      0+    6 Qed Ancient:#11251692 LI:#13336548   23/25 peers      5 MiB chain  870 KiB queue  RPC:  0 conn,    0 req/s,    0 µs
2021-10-01 23:53:20 UTC Syncing #13336541 0x44c9…a36c     0.00 blk/s    0.0 tx/s    0.0 Mgas/s      0+    6 Qed Ancient:#11251692 LI:#13336548   23/25 peers      5 MiB chain  870 KiB queue  RPC:  0 conn,    0 req/s,    0 µs
2021-10-01 23:53:23 UTC Syncing #13336542 0xcb62…0139     0.27 blk/s   47.2 tx/s    5.5 Mgas/s      0+    5 Qed Ancient:#11251693 LI:#13336548   23/25 peers      5 MiB chain  723 KiB queue  RPC:  0 conn,    0 req/s,    0 µs
2021-10-01 23:53:48 UTC Imported #13336549 0x347b…a9f7 (333 txs, 29.98 Mgas, 10286 ms, 158.46 KiB)
2021-10-01 23:53:53 UTC  Ancient:#11252089 AB:#11254981   23/25 peers      9 MiB chain  0 bytes queue  RPC:  0 conn,    0 req/s,    0 µs
2021-10-01 23:54:23 UTC  Ancient:#11252963 AB:#11255553   22/25 peers      1 MiB chain   49 KiB queue  RPC:  0 conn,    0 req/s,    0 µs
2021-10-01 23:54:53 UTC  Ancient:#11252966 AB:#11256257   23/25 peers      2 MiB chain  482 KiB queue  RPC:  0 conn,    0 req/s,    0 µs
2021-10-01 23:55:23 UTC  Ancient:#11252967 AB:#11256257   24/25 peers      3 MiB chain  206 KiB queue  RPC:  0 conn,    0 req/s,    0 µs
2021-10-01 23:55:53 UTC  Ancient:#11252967 AB:#11256257   28/50 peers      3 MiB chain  695 KiB queue  RPC:  0 conn,    0 req/s,    0 µs
2021-10-01 23:56:23 UTC  Ancient:#11252978 AB:#11256257   21/25 peers      3 MiB chain  564 KiB queue  RPC:  0 conn,    0 req/s,    0 µs
2021-10-01 23:56:28 UTC Syncing #13336554 0x251c…1213     0.00 blk/s    0.0 tx/s    0.0 Mgas/s      0+    4 Qed Ancient:#11252978 LI:#13336559   21/25 peers      3 MiB chain  846 KiB queue  RPC:  0 conn,    0 req/s,    0 µs
2021-10-01 23:56:33 UTC Syncing #13336554 0x251c…1213     0.00 blk/s    0.0 tx/s    0.0 Mgas/s      0+    4 Qed Ancient:#11252978 LI:#13336559   21/25 peers      3 MiB chain  846 KiB queue  RPC:  0 conn,    0 req/s,    0 µs
2021-10-01 23:56:38 UTC Syncing #13336554 0x251c…1213     0.00 blk/s    0.0 tx/s    0.0 Mgas/s      0+    5 Qed Ancient:#11252978 LI:#13336560   23/25 peers      3 MiB chain 1023 KiB queue  RPC:  0 conn,    0 req/s,    0 µs
2021-10-01 23:56:43 UTC Syncing #13336554 0x251c…1213     0.00 blk/s    0.0 tx/s    0.0 Mgas/s      0+    5 Qed Ancient:#11252978 LI:#13336560   24/25 peers      3 MiB chain 1023 KiB queue  RPC:  0 conn,    0 req/s,    0 µs
2021-10-01 23:56:48 UTC Syncing #13336555 0x71d6…858f     0.20 blk/s   84.2 tx/s    6.0 Mgas/s      0+    5 Qed Ancient:#11252979 LI:#13336561   24/25 peers      3 MiB chain  944 KiB queue  RPC:  0 conn,    0 req/s,    0 µs