INFO [06-03|23:34:28.556] Imported new state entries               count=428  elapsed="3.6µs"     processed=993957857 pending=54373 trieretry=680  coderetry=0 duplicate=0 unexpected=824
INFO [06-03|23:34:31.867] Initializing state bloom                 items=205843621 errorrate=0.000 elapsed=20m35.972s
INFO [06-03|23:34:33.163] Imported new block headers               count=2    elapsed=22.478ms    number=12564493 hash="8483b8…a4b80b"
INFO [06-03|23:34:36.236] Imported new block headers               count=1    elapsed=7.390ms     number=12564494 hash="9e5d36…044e64"
INFO [06-03|23:34:39.867] Initializing state bloom                 items=207216015 errorrate=0.000 elapsed=20m43.973s
INFO [06-03|23:34:42.388] Imported new block headers               count=1    elapsed=5.771ms     number=12564495 hash="599c45…1b099d"
INFO [06-03|23:34:47.868] Initializing state bloom                 items=208564685 errorrate=0.000 elapsed=20m51.974s
INFO [06-03|23:34:51.592] Imported new block headers               count=1    elapsed=6.419ms     number=12564496 hash="4b19e1…9c98e2"
INFO [06-03|23:34:52.658] Imported new state entries               count=423  elapsed="2.8µs"     processed=993958280 pending=54936 trieretry=608  coderetry=0 duplicate=0 unexpected=824
INFO [06-03|23:34:55.869] Initializing state bloom                 items=209939137 errorrate=0.000 elapsed=20m59.974s
INFO [06-03|23:35:03.935] Initializing state bloom                 items=211221141 errorrate=0.000 elapsed=21m8.041s
WARN [06-03|23:35:10.504] Dropping unsynced node during sync       id=8d13630bef38b16d conn=inbound addr=13.239.141.203:35276  type=Geth/v1.10.3-stable-...
INFO [06-03|23:35:10.589] Imported new state entries               count=404  elapsed="763.101µs" processed=993958684 pending=55393 trieretry=575  coderetry=0 duplicate=0 unexpected=824
INFO [06-03|23:35:11.943] Initializing state bloom                 items=212515812 errorrate=0.000 elapsed=21m16.049s
INFO [06-03|23:35:19.944] Initializing state bloom                 items=213083730 errorrate=0.000 elapsed=21m24.050s
INFO [06-03|23:35:25.207] Imported new block headers               count=2    elapsed=17.944ms    number=12564498 hash="ae9cfc…1e3de1"
INFO [06-03|23:35:25.405] Downloader queue stats                   receiptTasks=0    blockTasks=0    itemSize=248.74KiB throttle=264
INFO [06-03|23:35:27.945] Initializing state bloom                 items=213092247 errorrate=0.000 elapsed=21m32.051s
INFO [06-03|23:35:35.838] Imported new state entries               count=388  elapsed="3.1µs"     processed=993959072 pending=55840 trieretry=184  coderetry=0 duplicate=0 unexpected=824
INFO [06-03|23:35:35.945] Initializing state bloom                 items=213101050 errorrate=0.000 elapsed=21m40.051s
INFO [06-03|23:35:40.480] Imported new block headers               count=1    elapsed=12.204ms    number=12564499 hash="391617…6e41bc"
INFO [06-03|23:35:43.949] Initializing state bloom                 items=213110158 errorrate=0.000 elapsed=21m48.054s
INFO [06-03|23:35:51.950] Initializing state bloom                 items=213119294 errorrate=0.000 elapsed=21m56.055s
INFO [06-03|23:35:52.325] Imported new state entries               count=209  elapsed="3µs"       processed=993959281 pending=56059 trieretry=175  coderetry=0 duplicate=0 unexpected=824