INFO [05-11|22:41:59.596] Imported new state entries               count=768  elapsed=5.849ms     processed=606019236 pending=63566 trieretry=2   coderetry=0 duplicate=0 unexpected=398
INFO [05-11|22:41:59.987] Initializing state bloom                 items=477665381 errorrate=0.001 elapsed=29m18.012s
INFO [05-11|22:42:05.407] Imported new state entries               count=384  elapsed="903.602µs" processed=606019620 pending=64525 trieretry=0   coderetry=0 duplicate=0 unexpected=398
INFO [05-11|22:42:07.987] Initializing state bloom                 items=481082271 errorrate=0.001 elapsed=29m26.012s
INFO [05-11|22:42:12.972] Imported new state entries               count=768  elapsed=2.523ms     processed=606020388 pending=65001 trieretry=2   coderetry=0 duplicate=0 unexpected=398
INFO [05-11|22:42:15.886] Imported new block headers               count=1    elapsed=1.031s      number=12415877 hash="cd2739…b470fb" age=1m25s
INFO [05-11|22:42:15.988] Initializing state bloom                 items=484313063 errorrate=0.001 elapsed=29m34.013s
INFO [05-11|22:42:16.875] Downloader queue stats                   receiptTasks=0   blockTasks=0  itemSize=266.61KiB throttle=246
WARN [05-11|22:42:16.875] Pivot became stale, moving               old=12415751 new=12415815
INFO [05-11|22:42:17.245] Imported new block receipts              count=64   elapsed=368.669ms   number=12415814 hash="47decf…711577" age=14m42s   size=7.01MiB
INFO [05-11|22:42:20.853] Imported new state entries               count=384  elapsed="856.902µs" processed=606020772 pending=65444 trieretry=0   coderetry=0 duplicate=0 unexpected=398
INFO [05-11|22:42:23.968] Imported new state entries               count=273  elapsed="4.2µs"     processed=606021045 pending=4349  trieretry=0   coderetry=0 duplicate=0 unexpected=398
INFO [05-11|22:42:23.989] Initializing state bloom                 items=487190732 errorrate=0.001 elapsed=29m42.014s
INFO [05-11|22:42:24.613] Imported new block headers               count=2    elapsed=111.052ms   number=12415879 hash="e41d89…55e8ee" age=1m19s
INFO [05-11|22:42:27.584] Imported new state entries               count=384  elapsed="3.7µs"     processed=606021429 pending=6522  trieretry=0   coderetry=0 duplicate=0 unexpected=398
INFO [05-11|22:42:27.834] Imported new block headers               count=2    elapsed=7.943ms     number=12415881 hash="489414…aa6976"
INFO [05-11|22:42:31.177] Imported new block headers               count=2    elapsed=11.797ms    number=12415883 hash="e2ee3f…998506"
INFO [05-11|22:42:31.352] Imported new state entries               count=384  elapsed="3.3µs"     processed=606021813 pending=8030  trieretry=0   coderetry=0 duplicate=0 unexpected=398
INFO [05-11|22:42:31.989] Initializing state bloom                 items=490452786 errorrate=0.001 elapsed=29m50.014s
INFO [05-11|22:42:34.496] Imported new block headers               count=1    elapsed=6.809ms     number=12415884 hash="1f064e…e8ce9f"
INFO [05-11|22:42:34.709] Imported new state entries               count=384  elapsed="3.8µs"     processed=606022197 pending=9693  trieretry=0   coderetry=0 duplicate=0 unexpected=398
INFO [05-11|22:42:38.312] Imported new state entries               count=384  elapsed="2.9µs"     processed=606022581 pending=14836 trieretry=0   coderetry=0 duplicate=0 unexpected=398
INFO [05-11|22:42:39.990] Initializing state bloom                 items=493674825 errorrate=0.001 elapsed=29m58.015s
INFO [05-11|22:42:41.687] Imported new state entries               count=384  elapsed="3.8µs"     processed=606022965 pending=19131 trieretry=0   coderetry=0 duplicate=0 unexpected=398
INFO [05-11|22:42:45.204] Imported new state entries               count=384  elapsed="2.6µs"     processed=606023349 pending=20809 trieretry=0   coderetry=0 duplicate=0 unexpected=398
INFO [05-11|22:42:47.114] Imported new state entries               count=236  elapsed="3.2µs"     processed=606023585 pending=24003 trieretry=0   coderetry=0 duplicate=0 unexpected=398
INFO [05-11|22:42:47.314] Imported new block headers               count=1    elapsed=11.159ms    number=12415885 hash="3502be…eaa3bf"
INFO [05-11|22:42:47.991] Initializing state bloom                 items=496981558 errorrate=0.001 elapsed=30m6.016s
INFO [05-11|22:42:50.355] Imported new state entries               count=384  elapsed="3.2µs"     processed=606023969 pending=29009 trieretry=0   coderetry=0 duplicate=0 unexpected=398
INFO [05-11|22:42:53.197] Imported new state entries               count=384  elapsed="2.3µs"     processed=606024353 pending=34861 trieretry=0   coderetry=0 duplicate=0 unexpected=398
INFO [05-11|22:42:53.806] Imported new block headers               count=1    elapsed=17.084ms    number=12415886 hash="d06666…ebf71c"
INFO [05-11|22:42:55.727] Imported new state entries               count=384  elapsed="3.2µs"     processed=606024737 pending=40482 trieretry=0   coderetry=0 duplicate=0 unexpected=398
INFO [05-11|22:42:55.992] Initializing state bloom                 items=500261821 errorrate=0.001 elapsed=30m14.017s
INFO [05-11|22:42:58.383] Imported new state entries               count=384  elapsed="3.8µs"     processed=606025121 pending=45874 trieretry=0   coderetry=0 duplicate=0 unexpected=398
INFO [05-11|22:43:00.286] Imported new block headers               count=1    elapsed=8.791ms     number=12415887 hash="c5db49…352c86"
INFO [05-11|22:43:03.992] Initializing state bloom                 items=503642259 errorrate=0.001 elapsed=30m22.017s
INFO [05-11|22:43:05.777] Imported new state entries               count=384  elapsed="3.7µs"     processed=606025505 pending=46313 trieretry=0   coderetry=0 duplicate=0 unexpected=398
INFO [05-11|22:43:10.196] Imported new state entries               count=384  elapsed="4.3µs"     processed=606025889 pending=46845 trieretry=0   coderetry=0 duplicate=0 unexpected=398
INFO [05-11|22:43:11.993] Initializing state bloom                 items=507076582 errorrate=0.001 elapsed=30m30.018s
INFO [05-11|22:43:15.762] Imported new state entries               count=384  elapsed="2.4µs"     processed=606026273 pending=47318 trieretry=0   coderetry=0 duplicate=0 unexpected=398
INFO [05-11|22:43:19.993] Initializing state bloom                 items=510500421 errorrate=0.001 elapsed=30m38.018s