2021-09-22 00:07:01 UTC Syncing #13272276 0xe00a…7ac3     0.00 blk/s    0.0 tx/s    0.0 Mgas/s      0+    4 Qed Ancient:#5587924 LI:#13272281    8/25 peers      2 MiB chain  506 KiB queue  RPC:  0 conn,    0 req/s,    0 µs
2021-09-22 00:07:01 UTC Syncing #13272276 0xe00a…7ac3     0.00 blk/s    0.0 tx/s    0.0 Mgas/s      0+    4 Qed Ancient:#5587924 LI:#13272281    8/25 peers      2 MiB chain  506 KiB queue  RPC:  0 conn,    0 req/s,    0 µs
2021-09-22 00:07:08 UTC Syncing #13272277 0x1a21…72b0     0.32 blk/s   99.1 tx/s    9.6 Mgas/s      0+    4 Qed Ancient:#5587925 LI:#13272282    8/25 peers      2 MiB chain  751 KiB queue  RPC:  0 conn,    0 req/s,    0 µs
2021-09-22 00:07:09 UTC Syncing #13272277 0x1a21…72b0     0.00 blk/s    0.0 tx/s    0.0 Mgas/s      0+    4 Qed Ancient:#5587925 LI:#13272282    8/25 peers      2 MiB chain  751 KiB queue  RPC:  0 conn,    0 req/s,    0 µs
2021-09-22 00:08:09 UTC Imported #13272283 0xff54…6445 (232 txs, 15.51 Mgas, 7501 ms, 60.09 KiB)
2021-09-22 00:08:37 UTC  Ancient:#5589381 AB:#5591283    7/25 peers    0 bytes chain  0 bytes queue  RPC:  0 conn,    0 req/s,    0 µs
2021-09-22 00:08:37 UTC  Ancient:#5589519 AB:#5591283    7/25 peers      2 MiB chain  0 bytes queue  RPC:  0 conn,    0 req/s,    0 µs
2021-09-22 00:08:37 UTC Imported #13272284 0x27bd…2f6e (396 txs, 29.64 Mgas, 14089 ms, 108.15 KiB)
2021-09-22 00:09:12 UTC  Ancient:#5589551 AB:#5591770    5/25 peers      3 MiB chain   98 KiB queue  RPC:  0 conn,    0 req/s,    0 µs
2021-09-22 00:09:12 UTC  Ancient:#5589551 AB:#5591770    5/25 peers      3 MiB chain   98 KiB queue  RPC:  0 conn,    0 req/s,    0 µs
2021-09-22 00:09:38 UTC Imported #13272288 0x4316…541f (156 txs, 8.68 Mgas, 11271 ms, 56.50 KiB)
2021-09-22 00:09:42 UTC  Ancient:#5589616 AB:#5591770    2/25 peers      5 MiB chain  0 bytes queue  RPC:  0 conn,    0 req/s,    0 µs
2021-09-22 00:10:09 UTC Syncing #13272288 0x4316…541f     0.00 blk/s    0.0 tx/s    0.0 Mgas/s      0+    0 Qed Ancient:#5591846 LI:#13272288    6/25 peers      2 MiB chain  0 bytes queue  RPC:  0 conn,    0 req/s,    0 µs
2021-09-22 00:10:14 UTC Syncing #13272288 0x4316…541f     0.00 blk/s    0.0 tx/s    0.0 Mgas/s      0+    0 Qed Ancient:#5591846 LI:#13272288    6/25 peers      2 MiB chain  0 bytes queue  RPC:  0 conn,    0 req/s,    0 µs
2021-09-22 00:10:19 UTC Syncing #13272288 0x4316…541f     0.00 blk/s    0.0 tx/s    0.0 Mgas/s      0+    0 Qed Ancient:#5591846 LI:#13272288    6/25 peers      2 MiB chain  0 bytes queue  RPC:  0 conn,    0 req/s,    0 µs
2021-09-22 00:10:24 UTC Syncing #13272288 0x4316…541f     0.00 blk/s    0.0 tx/s    0.0 Mgas/s      0+    0 Qed Ancient:#5591846 LI:#13272288    6/25 peers      2 MiB chain  0 bytes queue  RPC:  0 conn,    0 req/s,    0 µs
2021-09-22 00:10:29 UTC Syncing #13272288 0x4316…541f     0.00 blk/s    0.0 tx/s    0.0 Mgas/s      0+    0 Qed Ancient:#5591846 LI:#13272288    6/25 peers      2 MiB chain  0 bytes queue  RPC:  0 conn,    0 req/s,    0 µs
2021-09-22 00:10:34 UTC Syncing #13272288 0x4316…541f     0.00 blk/s    0.0 tx/s    0.0 Mgas/s      0+    0 Qed Ancient:#5591846 LI:#13272288    6/25 peers      2 MiB chain  0 bytes queue  RPC:  0 conn,    0 req/s,    0 µs
2021-09-22 00:11:04 UTC  Ancient:#5591846 AB:#5591846    4/25 peers      3 MiB chain  309 KiB queue  RPC:  0 conn,    0 req/s,    0 µs
2021-09-22 00:11:09 UTC Syncing #13272288 0x4316…541f     0.00 blk/s    0.0 tx/s    0.0 Mgas/s      0+    2 Qed Ancient:#5591846 LI:#13272291    5/25 peers      3 MiB chain  309 KiB queue  RPC:  0 conn,    0 req/s,    0 µs
2021-09-22 00:11:14 UTC Syncing #13272288 0x4316…541f     0.00 blk/s    0.0 tx/s    0.0 Mgas/s      0+    2 Qed Ancient:#5591846 LI:#13272291    5/25 peers      3 MiB chain  309 KiB queue  RPC:  0 conn,    0 req/s,    0 µs
2021-09-22 00:11:19 UTC Syncing #13272288 0x4316…541f     0.00 blk/s    0.0 tx/s    0.0 Mgas/s      0+    2 Qed Ancient:#5591846 LI:#13272291    5/25 peers      3 MiB chain  309 KiB queue  RPC:  0 conn,    0 req/s,    0 µs
2021-09-22 00:11:39 UTC Syncing #13272289 0x9349…2565     0.05 blk/s   24.3 tx/s    1.5 Mgas/s      0+    7 Qed Ancient:#5591846 LI:#13272297    3/25 peers      3 MiB chain    1 MiB queue  RPC:  0 conn,    0 req/s,    0 µs
2021-09-22 00:11:44 UTC Syncing #13272289 0x9349…2565     0.00 blk/s    0.0 tx/s    0.0 Mgas/s      0+    7 Qed Ancient:#5591846 LI:#13272297    4/25 peers      3 MiB chain    1 MiB queue  RPC:  0 conn,    0 req/s,    0 µs
2021-09-22 00:11:49 UTC Syncing #13272290 0x875a…7b30     0.20 blk/s   24.6 tx/s    2.4 Mgas/s      0+    6 Qed Ancient:#5591846 LI:#13272297    4/25 peers      3 MiB chain    1 MiB queue  RPC:  0 conn,    0 req/s,    0 µs
2021-09-22 00:11:54 UTC Syncing #13272290 0x875a…7b30     0.00 blk/s    0.0 tx/s    0.0 Mgas/s      0+    6 Qed Ancient:#5591846 LI:#13272297    4/25 peers      3 MiB chain    1 MiB queue  RPC:  0 conn,    0 req/s,    0 µs
2021-09-22 00:11:59 UTC Syncing #13272290 0x875a…7b30     0.00 blk/s    0.0 tx/s    0.0 Mgas/s      0+    6 Qed Ancient:#5591846 LI:#13272297    3/25 peers      3 MiB chain    1 MiB queue  RPC:  0 conn,    0 req/s,    0 µs
2021-09-22 00:12:04 UTC Syncing #13272291 0xed11…4e04     0.20 blk/s   16.8 tx/s    1.7 Mgas/s      0+    5 Qed Ancient:#5591846 LI:#13272297    3/25 peers      3 MiB chain  958 KiB queue  RPC:  0 conn,    0 req/s,    0 µs
2021-09-22 00:12:09 UTC Syncing #13272291 0xed11…4e04     0.00 blk/s    0.0 tx/s    0.0 Mgas/s      0+    5 Qed Ancient:#5591846 LI:#13272297    4/25 peers      3 MiB chain  958 KiB queue  RPC:  0 conn,    0 req/s,    0 µs
2021-09-22 00:12:14 UTC Syncing #13272291 0xed11…4e04     0.00 blk/s    0.0 tx/s    0.0 Mgas/s      0+    5 Qed Ancient:#5591846 LI:#13272297    4/25 peers      3 MiB chain  958 KiB queue  RPC:  0 conn,    0 req/s,    0 µs
2021-09-22 00:12:19 UTC Syncing #13272291 0xed11…4e04     0.00 blk/s    0.0 tx/s    0.0 Mgas/s      0+    5 Qed Ancient:#5591846 LI:#13272297    4/25 peers      3 MiB chain  958 KiB queue  RPC:  0 conn,    0 req/s,    0 µs
2021-09-22 00:12:24 UTC Syncing #13272291 0xed11…4e04     0.00 blk/s    0.0 tx/s    0.0 Mgas/s      0+    5 Qed Ancient:#5591846 LI:#13272297    4/25 peers      3 MiB chain  958 KiB queue  RPC:  0 conn,    0 req/s,    0 µs
2021-09-22 00:12:29 UTC Syncing #13272291 0xed11…4e04     0.00 blk/s    0.0 tx/s    0.0 Mgas/s      0+    5 Qed Ancient:#5591846 LI:#13272297    5/25 peers      3 MiB chain  958 KiB queue  RPC:  0 conn,    0 req/s,    0 µs
2021-09-22 00:12:34 UTC Syncing #13272291 0xed11…4e04     0.00 blk/s    0.0 tx/s    0.0 Mgas/s      0+    5 Qed Ancient:#5591846 LI:#13272296    5/25 peers      3 MiB chain  958 KiB queue  RPC:  0 conn,    0 req/s,    0 µs
2021-09-22 00:12:39 UTC Syncing #13272291 0xed11…4e04     0.00 blk/s    0.0 tx/s    0.0 Mgas/s      0+    5 Qed Ancient:#5591846 LI:#13272296    4/25 peers      3 MiB chain  958 KiB queue  RPC:  0 conn,    0 req/s,    0 µs
2021-09-22 00:12:45 UTC Syncing #13272292 0x8a26…28e1     0.20 blk/s   49.6 tx/s    4.7 Mgas/s      0+    4 Qed Ancient:#5591846 LI:#13272296    3/25 peers      3 MiB chain  841 KiB queue  RPC:  0 conn,    0 req/s,    0 µs
2021-09-22 00:13:15 UTC  Ancient:#5591846 AB:#5591846    2/25 peers      3 MiB chain  295 KiB queue  RPC:  0 conn,    0 req/s,    0 µs
2021-09-22 00:13:24 UTC Syncing #13272295 0x3c8b…db87     0.10 blk/s   15.6 tx/s    1.0 Mgas/s      0+    1 Qed Ancient:#5591846 LI:#13272293    2/25 peers      3 MiB chain  118 KiB queue  RPC:  0 conn,    0 req/s,    0 µs
2021-09-22 00:13:36 UTC Imported #13272297 0x8bd8…5a3b (87 txs, 6.27 Mgas, 5341 ms, 34.92 KiB)
2021-09-22 00:13:54 UTC  Ancient:#5591846 AB:#5591846    1/25 peers      3 MiB chain  0 bytes queue  RPC:  0 conn,    0 req/s,    0 µs
2021-09-22 00:14:09 UTC Syncing #13272297 0x8bd8…5a3b     0.00 blk/s    0.0 tx/s    0.0 Mgas/s      0+    0 Qed Ancient:#5591846 LI:#13272289    3/25 peers      3 MiB chain  0 bytes queue  RPC:  0 conn,    0 req/s,    0 µs
2021-09-22 00:14:14 UTC Syncing #13272297 0x8bd8…5a3b     0.00 blk/s    0.0 tx/s    0.0 Mgas/s      0+    0 Qed Ancient:#5591846 LI:#13272289    3/25 peers      3 MiB chain  0 bytes queue  RPC:  0 conn,    0 req/s,    0 µs