2021-10-01 20:50:59 UTC Syncing #13335701 0x3799…c8bb     0.20 blk/s   55.6 tx/s    6.0 Mgas/s      0+    6 Qed Ancient:#11191080 LI:#13335708    9/25 peers    941 KiB chain    1 MiB queue  RPC:  0 conn,    0 req/s,    0 µs
2021-10-01 20:51:01 UTC Syncing #13335701 0x3799…c8bb     0.00 blk/s    0.0 tx/s    0.0 Mgas/s      0+    6 Qed Ancient:#11191080 LI:#13335708   10/25 peers    941 KiB chain    1 MiB queue  RPC:  0 conn,    0 req/s,    0 µs
2021-10-01 20:51:09 UTC Syncing #13335702 0xe879…c2d7     0.20 blk/s   28.4 tx/s    2.4 Mgas/s      0+    5 Qed Ancient:#11191081 LI:#13335708    9/25 peers    941 KiB chain  793 KiB queue  RPC:  0 conn,    0 req/s,    0 µs
2021-10-01 20:51:14 UTC Syncing #13335703 0x85f2…7913     0.20 blk/s   53.8 tx/s    4.9 Mgas/s      0+    4 Qed Ancient:#11191082 LI:#13335708    8/25 peers    941 KiB chain  542 KiB queue  RPC:  0 conn,    0 req/s,    0 µs
2021-10-01 20:51:40 UTC Imported #13335710 0x9158…2726 (120 txs, 19.87 Mgas, 3063 ms, 39.14 KiB)
2021-10-01 20:51:48 UTC  Ancient:#11191211 AB:#11191211    7/25 peers      5 MiB chain   55 KiB queue  RPC:  0 conn,    0 req/s,    0 µs
2021-10-01 20:51:53 UTC Imported #13335712 0xe61b…db7c (48 txs, 3.05 Mgas, 1326 ms, 15.96 KiB)
2021-10-01 20:52:02 UTC Imported #13335716 0xebff…839b (53 txs, 6.18 Mgas, 2481 ms, 20.85 KiB)
2021-10-01 20:52:16 UTC Imported #13335717 0x331c…7571 (246 txs, 29.64 Mgas, 6939 ms, 107.13 KiB)
2021-10-01 20:52:20 UTC  Ancient:#11191458 AB:#11191498    8/25 peers      5 MiB chain  0 bytes queue  RPC:  0 conn,    0 req/s,    0 µs
2021-10-01 20:53:25 UTC Imported #13335718 0xf4e0…387f (317 txs, 29.98 Mgas, 42683 ms, 124.14 KiB)
2021-10-01 20:53:41 UTC Syncing #13335718 0xf4e0…387f     0.01 blk/s    4.1 tx/s    0.4 Mgas/s      0+    4 Qed Ancient:#11191498 LI:#13335721    5/25 peers      5 MiB chain  869 KiB queue  RPC:  0 conn,    0 req/s,    0 µs
2021-10-01 20:54:04 UTC Syncing #13335718 0xf4e0…387f     0.00 blk/s    0.0 tx/s    0.0 Mgas/s      0+    4 Qed Ancient:#11191498 LI:#13335721    4/25 peers      5 MiB chain  869 KiB queue  RPC:  0 conn,    0 req/s,    0 µs
2021-10-01 20:54:31 UTC Syncing #13335718 0xf4e0…387f     0.00 blk/s    0.0 tx/s    0.0 Mgas/s      0+    4 Qed Ancient:#11191498 LI:#13335721    4/25 peers      5 MiB chain  869 KiB queue  RPC:  0 conn,    0 req/s,    0 µs
2021-10-01 20:55:24 UTC Syncing #13335718 0xf4e0…387f     0.00 blk/s    0.0 tx/s    0.0 Mgas/s      0+    4 Qed Ancient:#11191498 LI:#13335721    1/25 peers      5 MiB chain  869 KiB queue  RPC:  0 conn,    0 req/s,    0 µs
2021-10-01 20:57:13 UTC Syncing #13335718 0xf4e0…387f     0.00 blk/s    0.0 tx/s    0.0 Mgas/s      0+    4 Qed Ancient:#11191498 LI:#13335721    0/25 peers      5 MiB chain  869 KiB queue  RPC:  0 conn,    0 req/s,    0 µs
2021-10-01 20:57:19 UTC Syncing #13335718 0xf4e0…387f     0.00 blk/s    0.0 tx/s    0.0 Mgas/s      0+    4 Qed Ancient:#11191498 LI:#13335721    0/25 peers      5 MiB chain  869 KiB queue  RPC:  0 conn,    0 req/s,    0 µs
2021-10-01 20:57:20 UTC Syncing #13335718 0xf4e0…387f     0.00 blk/s    0.0 tx/s    0.0 Mgas/s      0+    4 Qed Ancient:#11191498 LI:#13335721    0/25 peers      5 MiB chain  869 KiB queue  RPC:  0 conn,    0 req/s,    0 µs
2021-10-01 20:57:23 UTC Syncing #13335718 0xf4e0…387f     0.00 blk/s    0.0 tx/s    0.0 Mgas/s      0+    4 Qed Ancient:#11191498 LI:#13335721    0/25 peers      5 MiB chain  869 KiB queue  RPC:  0 conn,    0 req/s,    0 µs
2021-10-01 20:57:25 UTC Syncing #13335718 0xf4e0…387f     0.00 blk/s    0.0 tx/s    0.0 Mgas/s      0+    4 Qed Ancient:#11191498 LI:#13335721    0/25 peers      5 MiB chain  869 KiB queue  RPC:  0 conn,    0 req/s,    0 µs