2021-10-01 21:03:57 UTC Syncing #13335763 0x8287…0121     0.00 blk/s    0.0 tx/s    0.0 Mgas/s      0+    0 Qed Ancient:#11192891 LI:#13335763    5/25 peers      5 MiB chain  0 bytes queue  RPC:  0 conn,    0 req/s,    0 µs
2021-10-01 21:04:18 UTC Imported #13335767 0x7661…beea (0 txs, 0.00 Mgas, 18 ms, 0.52 KiB) + another 1 block(s) containing 200 tx(s)
2021-10-01 21:04:29 UTC  Ancient:#11193252 AB:#11193252    1/25 peers      5 MiB chain  0 bytes queue  RPC:  0 conn,    0 req/s,    0 µs
2021-10-01 21:04:36 UTC Syncing #13335767 0x7661…beea     0.00 blk/s    0.0 tx/s    0.0 Mgas/s      0+    2 Qed Ancient:#11193252 LI:#13335770    5/25 peers      5 MiB chain  162 KiB queue  RPC:  0 conn,    0 req/s,    0 µs
2021-10-01 21:04:48 UTC Imported #13335770 0x3584…c3ae (101 txs, 7.64 Mgas, 3482 ms, 31.91 KiB)
2021-10-01 21:06:26 UTC  Ancient:#11193573 AB:#11193573    2/25 peers     10 MiB chain  0 bytes queue  RPC:  0 conn,    0 req/s,    0 µs
2021-10-01 21:07:00 UTC Imported #13335771 0xf17c…e4b3 (330 txs, 30.00 Mgas, 8666 ms, 103.67 KiB)
2021-10-01 21:07:11 UTC  Ancient:#11193843 AB:#11193843    2/25 peers      5 MiB chain  755 KiB queue  RPC:  0 conn,    0 req/s,    0 µs
2021-10-01 21:07:45 UTC Syncing #13335772 0x6aca…f129     0.03 blk/s   10.7 tx/s    1.0 Mgas/s      0+    4 Qed Ancient:#11194017 LI:#13335776    2/25 peers      4 MiB chain    1 MiB queue  RPC:  0 conn,    0 req/s,    0 µs
2021-10-01 21:07:47 UTC Syncing #13335772 0x6aca…f129     0.00 blk/s    0.0 tx/s    0.0 Mgas/s      0+    4 Qed Ancient:#11194060 LI:#13335776    2/25 peers      5 MiB chain    1 MiB queue  RPC:  0 conn,    0 req/s,    0 µs
2021-10-01 21:07:53 UTC Syncing #13335772 0x6aca…f129     0.00 blk/s    0.0 tx/s    0.0 Mgas/s      0+    4 Qed Ancient:#11194060 LI:#13335776    0/25 peers      5 MiB chain    1 MiB queue  RPC:  0 conn,    0 req/s,    0 µs
2021-10-01 21:07:55 UTC Syncing #13335772 0x6aca…f129     0.00 blk/s    0.0 tx/s    0.0 Mgas/s      0+    4 Qed Ancient:#11194060 LI:#13335776    0/25 peers      5 MiB chain    1 MiB queue  RPC:  0 conn,    0 req/s,    0 µs
2021-10-01 21:07:58 UTC Syncing #13335772 0x6aca…f129     0.00 blk/s    0.0 tx/s    0.0 Mgas/s      0+    4 Qed Ancient:#11194060 LI:#13335776    0/25 peers      5 MiB chain    1 MiB queue  RPC:  0 conn,    0 req/s,    0 µs
2021-10-01 21:08:11 UTC Imported #13335776 0xd196…9bb5 (19 txs, 1.29 Mgas, 295 ms, 8.17 KiB)
2021-10-01 21:08:31 UTC  Ancient:#11194060 AB:#11194060    0/25 peers      5 MiB chain  0 bytes queue  RPC:  0 conn,    0 req/s,    0 µs
2021-10-01 21:09:01 UTC  Ancient:#11194060 AB:#11194060    0/25 peers      5 MiB chain  0 bytes queue  RPC:  0 conn,    0 req/s,    0 µs
2021-10-01 21:09:27 UTC Imported #13335779 0x313a…f0ab (17 txs, 3.19 Mgas, 363 ms, 2.93 KiB)
2021-10-01 21:09:32 UTC  Ancient:#11194542 AB:#11194542    2/25 peers      7 MiB chain  0 bytes queue  RPC:  0 conn,    0 req/s,    0 µs
2021-10-01 21:09:36 UTC Imported #13335780 0xe9e3…32fb (151 txs, 13.08 Mgas, 3014 ms, 53.63 KiB)
2021-10-01 21:09:51 UTC Imported #13335781 0x8328…c630 (13 txs, 0.56 Mgas, 97 ms, 3.47 KiB)
2021-10-01 21:10:06 UTC  Ancient:#11194542 AB:#11194542    0/25 peers    732 KiB chain  0 bytes queue  RPC:  0 conn,    0 req/s,    0 µs
2021-10-01 21:10:14 UTC Imported #13335783 0x4750…56b0 (61 txs, 5.65 Mgas, 1096 ms, 23.30 KiB)
2021-10-01 21:10:26 UTC Imported #13335784 0x5c04…486d (74 txs, 9.92 Mgas, 1689 ms, 195.16 KiB)
2021-10-01 21:10:36 UTC  Ancient:#11194709 AB:#11194860    2/25 peers      5 MiB chain  0 bytes queue  RPC:  0 conn,    0 req/s,    0 µs
2021-10-01 21:11:07 UTC  Ancient:#11194923 AB:#11194923    1/25 peers      4 MiB chain  0 bytes queue  RPC:  0 conn,    0 req/s,    0 µs
2021-10-01 21:11:16 UTC Syncing #13335784 0x5c04…486d     0.00 blk/s    0.0 tx/s    0.0 Mgas/s      0+    0 Qed Ancient:#11194923 LI:#13335784    1/25 peers      4 MiB chain  0 bytes queue  RPC:  0 conn,    0 req/s,    0 µs
2021-10-01 21:11:29 UTC Imported #13335786 0x860d…94ea (137 txs, 12.79 Mgas, 2512 ms, 42.54 KiB)
2021-10-01 21:11:44 UTC Syncing #13335788 0x7bd0…f56b     0.16 blk/s   25.8 tx/s    2.2 Mgas/s      0+    0 Qed Ancient:#11194970 LI:#13335788    2/25 peers      2 MiB chain  0 bytes queue  RPC:  0 conn,    0 req/s,    0 µs
2021-10-01 21:11:46 UTC Imported #13335788 0x7bd0…f56b (84 txs, 8.54 Mgas, 1418 ms, 35.21 KiB)
2021-10-01 21:12:11 UTC  Ancient:#11194970 AB:#11194970    1/25 peers      2 MiB chain  0 bytes queue  RPC:  0 conn,    0 req/s,    0 µs
2021-10-01 21:12:31 UTC Imported #13335791 0xa3bc…0b24 (111 txs, 11.23 Mgas, 2219 ms, 45.22 KiB)
2021-10-01 21:12:36 UTC Syncing #13335791 0xa3bc…0b24     0.12 blk/s   19.6 tx/s    1.8 Mgas/s      0+    0 Qed Ancient:#11195050 LI:#13335791    1/25 peers      3 MiB chain  0 bytes queue  RPC:  0 conn,    0 req/s,    0 µs
2021-10-01 21:12:41 UTC Syncing #13335791 0xa3bc…0b24     0.00 blk/s    0.0 tx/s    0.0 Mgas/s      0+    0 Qed Ancient:#11195050 LI:#13335791    1/25 peers      3 MiB chain  0 bytes queue  RPC:  0 conn,    0 req/s,    0 µs