2021-10-01 21:10:36 UTC  Ancient:#11194709 AB:#11194860    2/25 peers      5 MiB chain  0 bytes queue  RPC:  0 conn,    0 req/s,    0 µs
2021-10-01 21:11:07 UTC  Ancient:#11194923 AB:#11194923    1/25 peers      4 MiB chain  0 bytes queue  RPC:  0 conn,    0 req/s,    0 µs
2021-10-01 21:11:16 UTC Syncing #13335784 0x5c04…486d     0.00 blk/s    0.0 tx/s    0.0 Mgas/s      0+    0 Qed Ancient:#11194923 LI:#13335784    1/25 peers      4 MiB chain  0 bytes queue  RPC:  0 conn,    0 req/s,    0 µs
2021-10-01 21:11:29 UTC Imported #13335786 0x860d…94ea (137 txs, 12.79 Mgas, 2512 ms, 42.54 KiB)
2021-10-01 21:11:44 UTC Syncing #13335788 0x7bd0…f56b     0.16 blk/s   25.8 tx/s    2.2 Mgas/s      0+    0 Qed Ancient:#11194970 LI:#13335788    2/25 peers      2 MiB chain  0 bytes queue  RPC:  0 conn,    0 req/s,    0 µs
2021-10-01 21:11:46 UTC Imported #13335788 0x7bd0…f56b (84 txs, 8.54 Mgas, 1418 ms, 35.21 KiB)
2021-10-01 21:12:11 UTC  Ancient:#11194970 AB:#11194970    1/25 peers      2 MiB chain  0 bytes queue  RPC:  0 conn,    0 req/s,    0 µs
2021-10-01 21:12:31 UTC Imported #13335791 0xa3bc…0b24 (111 txs, 11.23 Mgas, 2219 ms, 45.22 KiB)
2021-10-01 21:12:36 UTC Syncing #13335791 0xa3bc…0b24     0.12 blk/s   19.6 tx/s    1.8 Mgas/s      0+    0 Qed Ancient:#11195050 LI:#13335791    1/25 peers      3 MiB chain  0 bytes queue  RPC:  0 conn,    0 req/s,    0 µs
2021-10-01 21:12:41 UTC Syncing #13335791 0xa3bc…0b24     0.00 blk/s    0.0 tx/s    0.0 Mgas/s      0+    0 Qed Ancient:#11195050 LI:#13335791    1/25 peers      3 MiB chain  0 bytes queue  RPC:  0 conn,    0 req/s,    0 µs
2021-10-01 21:12:53 UTC Imported #13335793 0x5e72…3ad1 (143 txs, 11.78 Mgas, 3189 ms, 72.85 KiB)
2021-10-01 21:13:11 UTC  Ancient:#11195177 AB:#11195177    0/25 peers      5 MiB chain  0 bytes queue  RPC:  0 conn,    0 req/s,    0 µs
2021-10-01 21:13:40 UTC Imported #13335794 0xa793…bcc3 (311 txs, 29.13 Mgas, 9303 ms, 135.71 KiB)
2021-10-01 21:14:15 UTC  Ancient:#11195177 AB:#11195177    2/25 peers      5 MiB chain  328 KiB queue  RPC:  0 conn,    0 req/s,    0 µs
2021-10-01 21:14:55 UTC Syncing #13335795 0x129e…be71     0.03 blk/s    3.8 tx/s    0.4 Mgas/s      0+    2 Qed Ancient:#11195177 LI:#13335797    0/25 peers      5 MiB chain  117 KiB queue  RPC:  0 conn,    0 req/s,    0 µs
2021-10-01 21:14:58 UTC Imported #13335797 0x335d…efe4 (48 txs, 3.66 Mgas, 1172 ms, 18.89 KiB)
2021-10-01 21:15:21 UTC  Ancient:#11195177 AB:#11195177    0/25 peers      6 MiB chain  0 bytes queue  RPC:  0 conn,    0 req/s,    0 µs
2021-10-01 21:15:31 UTC Syncing #13335797 0x335d…efe4     0.00 blk/s    0.0 tx/s    0.0 Mgas/s      0+    8 Qed Ancient:#11195177 LI:#13335806    1/25 peers      6 MiB chain    1 MiB queue  RPC:  0 conn,    0 req/s,    0 µs
2021-10-01 21:15:36 UTC Syncing #13335797 0x335d…efe4     0.00 blk/s    0.0 tx/s    0.0 Mgas/s      0+    8 Qed Ancient:#11195177 LI:#13335806    2/25 peers      6 MiB chain    1 MiB queue  RPC:  0 conn,    0 req/s,    0 µs
2021-10-01 21:15:43 UTC Syncing #13335800 0x267f…20e6     0.60 blk/s   95.8 tx/s    8.1 Mgas/s      0+    5 Qed Ancient:#11195180 LI:#13335806    2/25 peers      6 MiB chain  737 KiB queue  RPC:  0 conn,    0 req/s,    0 µs
2021-10-01 21:16:05 UTC Imported #13335806 0x9211…b8e2 (7 txs, 1.32 Mgas, 95 ms, 2.01 KiB)
2021-10-01 21:16:11 UTC  Ancient:#11195603 AB:#11195603    0/25 peers   744 bytes chain  0 bytes queue  RPC:  0 conn,    0 req/s,    0 µs
2021-10-01 21:16:21 UTC Syncing #13335806 0x9211…b8e2     0.00 blk/s    0.0 tx/s    0.0 Mgas/s      0+    4 Qed Ancient:#11195603 LI:#13335811    5/25 peers     75 KiB chain  542 KiB queue  RPC:  0 conn,    0 req/s,    0 µs
2021-10-01 21:16:48 UTC Imported #13335812 0xc675…962e (287 txs, 29.91 Mgas, 9771 ms, 134.35 KiB)