2021-06-03 22:09:33 UTC  11/25 peers      5 MiB chain  0 bytes queue  RPC:  0 conn,    0 req/s,    0 µs
2021-06-03 22:09:48 UTC Imported #12564116 0x85d1…f07a (278 txs, 14.98 Mgas, 3980 ms, 57.25 KiB)
2021-06-03 22:10:15 UTC  11/25 peers      5 MiB chain  0 bytes queue  RPC:  0 conn,    0 req/s,    0 µs
2021-06-03 22:10:37 UTC Imported #12564117 0x2ad4…d790 (244 txs, 14.95 Mgas, 4712 ms, 56.70 KiB)
2021-06-03 22:10:50 UTC  13/25 peers      6 MiB chain  0 bytes queue  RPC:  0 conn,    0 req/s,    0 µs
2021-06-03 22:11:01 UTC Imported #12564119 0xda01…a1c4 (202 txs, 14.97 Mgas, 4367 ms, 53.05 KiB)
2021-06-03 22:11:14 UTC Imported #12564120 0x1c47…c969 (174 txs, 14.97 Mgas, 4774 ms, 61.45 KiB)
2021-06-03 22:11:26 UTC  15/25 peers      6 MiB chain  184 KiB queue  RPC:  0 conn,    0 req/s,    0 µs
2021-06-03 22:11:26 UTC  15/25 peers      6 MiB chain  184 KiB queue  RPC:  0 conn,    0 req/s,    0 µs
2021-06-03 22:11:54 UTC Imported #12564125 0x588e…c1c5 (164 txs, 14.99 Mgas, 9860 ms, 51.21 KiB)
2021-06-03 22:12:02 UTC Imported #12564126 0xc953…7285 (150 txs, 14.97 Mgas, 4843 ms, 61.16 KiB)
2021-06-03 22:12:03 UTC  13/25 peers      6 MiB chain  197 KiB queue  RPC:  0 conn,    0 req/s,    0 µs
2021-06-03 22:12:44 UTC  17/25 peers      6 MiB chain  591 KiB queue  RPC:  0 conn,    0 req/s,    0 µs
2021-06-03 22:13:17 UTC  16/25 peers      6 MiB chain  485 KiB queue  RPC:  0 conn,    0 req/s,    0 µs
2021-06-03 22:13:50 UTC  21/25 peers      6 MiB chain  0 bytes queue  RPC:  0 conn,    0 req/s,    0 µs
2021-06-03 22:13:57 UTC Imported #12564135 0x2324…7277 (211 txs, 14.96 Mgas, 12808 ms, 51.16 KiB)
2021-06-03 22:14:26 UTC Imported #12564137 0xfb15…dfff (145 txs, 14.95 Mgas, 4609 ms, 51.73 KiB)
2021-06-03 22:14:30 UTC  20/25 peers      4 MiB chain  0 bytes queue  RPC:  0 conn,    0 req/s,    0 µs
2021-06-03 22:14:42 UTC Imported #12564138 0x68d9…45ab (174 txs, 14.93 Mgas, 7655 ms, 43.16 KiB)
2021-06-03 22:15:06 UTC  20/25 peers      4 MiB chain  0 bytes queue  RPC:  0 conn,    0 req/s,    0 µs
2021-06-03 22:15:11 UTC Imported #12564139 0x37ae…948c (301 txs, 14.94 Mgas, 7357 ms, 61.31 KiB)
2021-06-03 22:15:41 UTC  22/25 peers      4 MiB chain  0 bytes queue  RPC:  0 conn,    0 req/s,    0 µs
2021-06-03 22:16:02 UTC Imported #12564144 0x6b2e…c42d (220 txs, 14.97 Mgas, 6928 ms, 64.46 KiB)
2021-06-03 22:16:27 UTC  19/25 peers      5 MiB chain  378 KiB queue  RPC:  0 conn,    0 req/s,    0 µs
2021-06-03 22:16:42 UTC Syncing #12564146 0xa7ab…6be4     0.07 blk/s   13.4 tx/s    1.0 Mgas/s      0+    5 Qed LI:#12564150   24/25 peers      5 MiB chain  890 KiB queue  RPC:  0 conn,    0 req/s,    0 µs
2021-06-03 22:16:47 UTC Syncing #12564147 0xc9ec…07bf     0.20 blk/s   39.0 tx/s    3.0 Mgas/s      0+    4 Qed LI:#12564150   23/25 peers      5 MiB chain  715 KiB queue  RPC:  0 conn,    0 req/s,    0 µs
2021-06-03 22:16:52 UTC Syncing #12564148 0x5435…7596     0.20 blk/s   43.0 tx/s    3.0 Mgas/s      0+    5 Qed LI:#12564152   24/25 peers      5 MiB chain  961 KiB queue  RPC:  0 conn,    0 req/s,    0 µs