INFO [10-02|01:17:37.491] State heal in progress                   accounts=5391@301.54KiB slots=1586@125.69KiB codes=11154@94.68MiB nodes=268,763,086@78.14GiB pending=93683
INFO [10-02|01:17:47.159] State heal in progress                   accounts=5391@301.54KiB slots=1586@125.69KiB codes=11154@94.68MiB nodes=268,763,682@78.14GiB pending=94778
INFO [10-02|01:17:58.329] State heal in progress                   accounts=5391@301.54KiB slots=1586@125.69KiB codes=11154@94.68MiB nodes=268,764,461@78.14GiB pending=95676
INFO [10-02|01:18:12.400] State heal in progress                   accounts=5391@301.54KiB slots=1586@125.69KiB codes=11154@94.68MiB nodes=268,765,146@78.14GiB pending=96454
INFO [10-02|01:18:27.642] State heal in progress                   accounts=5391@301.54KiB slots=1586@125.69KiB codes=11154@94.68MiB nodes=268,765,888@78.15GiB pending=97219
INFO [10-02|01:18:28.735] Imported new block headers               count=1    elapsed=6.921ms   number=13,336,881 hash=fab168..9a163c age=1m46s
INFO [10-02|01:18:29.850] Downloader queue stats                   receiptTasks=0   blockTasks=0   itemSize=330.17KiB throttle=794
INFO [10-02|01:18:42.401] State heal in progress                   accounts=5391@301.54KiB slots=1586@125.69KiB codes=11154@94.68MiB nodes=268,766,534@78.15GiB pending=97873
ERROR[10-02|01:18:44.981] Snapshot extension registration failed   peer=2337a8a7 err="peer connected on snap without compatible eth support"
INFO [10-02|01:18:50.425] Imported new block headers               count=1    elapsed=7.566ms   number=13,336,882 hash=095127..c852bc age=1m45s
INFO [10-02|01:18:52.258] State heal in progress                   accounts=5391@301.54KiB slots=1586@125.69KiB codes=11154@94.68MiB nodes=268,767,064@78.15GiB pending=98957
INFO [10-02|01:19:02.658] State heal in progress                   accounts=5404@302.29KiB slots=1586@125.69KiB codes=11154@94.68MiB nodes=268,767,563@78.15GiB pending=99427
INFO [10-02|01:19:12.173] Imported new block headers               count=1    elapsed=6.468ms   number=13,336,883 hash=a7e71c..d31c50 age=1m58s
INFO [10-02|01:19:13.737] State heal in progress                   accounts=5501@308.36KiB slots=1586@125.69KiB codes=11154@94.68MiB nodes=268,768,397@78.15GiB pending=100,099
INFO [10-02|01:19:18.603] Imported new block headers               count=1    elapsed=7.077ms   number=13,336,884 hash=923f61..647305
INFO [10-02|01:19:21.829] Imported new block headers               count=1    elapsed=6.257ms   number=13,336,885 hash=f32fa9..cebb17
INFO [10-02|01:19:23.443] State heal in progress                   accounts=5555@311.61KiB slots=1586@125.69KiB codes=11154@94.68MiB nodes=268,769,074@78.15GiB pending=100,752
INFO [10-02|01:19:31.165] Imported new block headers               count=1    elapsed=5.261ms   number=13,336,886 hash=f3d178..814c5f
INFO [10-02|01:19:31.572] State heal in progress                   accounts=5597@314.06KiB slots=1586@125.69KiB codes=11154@94.68MiB nodes=268,769,625@78.15GiB pending=101,164
INFO [10-02|01:19:31.886] Downloader queue stats                   receiptTasks=0   blockTasks=0   itemSize=330.08KiB throttle=795
INFO [10-02|01:19:37.544] Imported new block headers               count=1    elapsed=5.937ms   number=13,336,887 hash=c6ab05..6d9aba
INFO [10-02|01:19:42.004] State heal in progress                   accounts=5627@316.12KiB slots=1586@125.69KiB codes=11154@94.68MiB nodes=268,770,236@78.15GiB pending=101,834
INFO [10-02|01:19:46.934] Imported new block headers               count=1    elapsed=6.490ms   number=13,336,888 hash=c1c2ac..8b989d
INFO [10-02|01:19:50.200] Imported new block headers               count=1    elapsed=6.956ms   number=13,336,889 hash=a548b3..f9e6b4
ERROR[10-02|01:19:52.735] Snapshot extension registration failed   peer=61a98cc7 err="peer connected on snap without compatible eth support"
INFO [10-02|01:19:55.846] State heal in progress                   accounts=5658@317.97KiB slots=1586@125.69KiB codes=11154@94.68MiB nodes=268,770,784@78.15GiB pending=102,334
INFO [10-02|01:20:08.893] Imported new block headers               count=2    elapsed=13.261ms  number=13,336,891 hash=5b0c77..0ab8b1
INFO [10-02|01:20:13.960] State heal in progress                   accounts=5666@318.43KiB slots=1586@125.69KiB codes=11154@94.68MiB nodes=268,771,284@78.15GiB pending=102,842
WARN [10-02|01:20:13.963] Unexpected trienode heal packet          peer=477f208b reqid=6,439,600,918,126,954,018
INFO [10-02|01:20:15.216] Imported new block headers               count=2    elapsed=6.212ms   number=13,336,893 hash=d13c05..facaf5
WARN [10-02|01:20:18.265] Unexpected trienode heal packet          peer=2e117930 reqid=7,498,070,002,995,625,312
WARN [10-02|01:20:21.532] Unexpected trienode heal packet          peer=4814858d reqid=6,162,291,821,896,878,052
INFO [10-02|01:20:25.269] Imported new block headers               count=2    elapsed=7.691ms   number=13,336,895 hash=078ec7..e797fa
INFO [10-02|01:20:25.633] State heal in progress                   accounts=5767@324.69KiB slots=1586@125.69KiB codes=11154@94.68MiB nodes=268,772,086@78.15GiB pending=103,335
WARN [10-02|01:20:25.634] Unexpected trienode heal packet          peer=31f7ddbc reqid=6,123,021,218,015,269,349
WARN [10-02|01:20:25.674] Unexpected trienode heal packet          peer=7883fd09 reqid=2,570,307,694,872,333,909
WARN [10-02|01:20:26.477] Unexpected trienode heal packet          peer=15e8a81f reqid=3,643,553,560,589,730,201
WARN [10-02|01:20:29.901] Unexpected bytecode heal packet          peer=15437623 reqid=6,497,192,651,630,745,059
INFO [10-02|01:20:31.871] Imported new block headers               count=1    elapsed=6.020ms   number=13,336,896 hash=77bbed..232068
INFO [10-02|01:20:32.926] Downloader queue stats                   receiptTasks=0   blockTasks=0   itemSize=257.02KiB throttle=1020
INFO [10-02|01:20:44.003] State heal in progress                   accounts=5928@334.14KiB slots=1586@125.69KiB codes=11154@94.68MiB nodes=268,772,972@78.15GiB pending=103,764
ERROR[10-02|01:20:44.338] Snapshot extension registration failed   peer=419b7d12 err="peer connected on snap without compatible eth support"
ERROR[10-02|01:20:47.074] Snapshot extension registration failed   peer=ae8f0800 err="peer connected on snap without compatible eth support"
INFO [10-02|01:20:52.983] State heal in progress                   accounts=5990@337.75KiB slots=1586@125.69KiB codes=11155@94.70MiB nodes=268,773,500@78.15GiB pending=104,122
INFO [10-02|01:20:57.700] Imported new block headers               count=1    elapsed=8.759ms   number=13,336,897 hash=465d9f..fdf09c
INFO [10-02|01:21:01.173] State heal in progress                   accounts=6052@341.41KiB slots=1586@125.69KiB codes=11155@94.70MiB nodes=268,774,022@78.15GiB pending=104,499
INFO [10-02|01:21:07.184] Imported new block headers               count=1    elapsed=6.441ms   number=13,336,898 hash=ac0e07..7a7581
INFO [10-02|01:21:09.430] State heal in progress                   accounts=6145@347.05KiB slots=1586@125.69KiB codes=11155@94.70MiB nodes=268,774,561@78.15GiB pending=104,791
INFO [10-02|01:21:17.649] State heal in progress                   accounts=6222@351.75KiB slots=1586@125.69KiB codes=11155@94.70MiB nodes=268,775,088@78.15GiB pending=105,145
INFO [10-02|01:21:28.033] State heal in progress                   accounts=6294@355.92KiB slots=1586@125.69KiB codes=11155@94.70MiB nodes=268,775,691@78.15GiB pending=105,650
INFO [10-02|01:21:37.192] State heal in progress                   accounts=6362@360.14KiB slots=1586@125.69KiB codes=11155@94.70MiB nodes=268,776,233@78.15GiB pending=106,169
INFO [10-02|01:21:41.364] Imported new block headers               count=1    elapsed=7.322ms   number=13,336,899 hash=82d576..731d05 age=1m12s
INFO [10-02|01:21:41.974] Downloader queue stats                   receiptTasks=0   blockTasks=0   itemSize=253.87KiB throttle=1033
INFO [10-02|01:21:46.403] State heal in progress                   accounts=6444@365.33KiB slots=1586@125.69KiB codes=11155@94.70MiB nodes=268,776,800@78.15GiB pending=106,498
INFO [10-02|01:21:53.877] Imported new block headers               count=1    elapsed=6.913ms   number=13,336,900 hash=529788..d73376
INFO [10-02|01:21:57.864] State heal in progress                   accounts=6503@368.59KiB slots=1586@125.69KiB codes=11155@94.70MiB nodes=268,777,405@78.15GiB pending=106,976
INFO [10-02|01:22:07.368] State heal in progress                   accounts=6577@372.78KiB slots=1586@125.69KiB codes=11155@94.70MiB nodes=268,777,995@78.15GiB pending=107,482
WARN [10-02|01:22:12.158] Dropping unsynced node during sync       id=81f10d972ec12a4a conn=dyndial addr=65.21.121.90:55200    type=Geth/v1.10.9-stable-...
INFO [10-02|01:22:17.228] State heal in progress                   accounts=6919@393.66KiB slots=1589@125.91KiB codes=11157@94.71MiB nodes=268,779,036@78.15GiB pending=108,289
INFO [10-02|01:22:18.679] Imported new block headers               count=1    elapsed=10.813ms  number=13,336,901 hash=bbb8da..073145 age=1m14s
INFO [10-02|01:22:25.326] State heal in progress                   accounts=7234@412.33KiB slots=1590@125.99KiB codes=11157@94.71MiB nodes=268,780,024@78.15GiB pending=108,366
INFO [10-02|01:22:33.482] State heal in progress                   accounts=7460@425.80KiB slots=1590@125.99KiB codes=11157@94.71MiB nodes=268,780,780@78.15GiB pending=108,486
INFO [10-02|01:22:37.267] Imported new block headers               count=1    elapsed=7.035ms   number=13,336,902 hash=8d9df5..ba392d age=1m7s
ERROR[10-02|01:22:37.476] Snapshot extension registration failed   peer=81c0300f err="peer connected on snap without compatible eth support"
INFO [10-02|01:22:41.774] State heal in progress                   accounts=7560@431.90KiB slots=1593@126.23KiB codes=11157@94.71MiB nodes=268,781,311@78.15GiB pending=108,860
ERROR[10-02|01:22:45.493] Snapshot extension registration failed   peer=cbd3f861 err="peer connected on snap without compatible eth support"
INFO [10-02|01:22:52.604] State heal in progress                   accounts=7697@440.16KiB slots=1608@127.46KiB codes=11158@94.71MiB nodes=268,782,177@78.15GiB pending=110,219
INFO [10-02|01:22:52.774] Imported new block headers               count=1    elapsed=7.685ms   number=13,336,903 hash=e39bba..fa461a age=1m
INFO [10-02|01:22:55.941] Imported new block headers               count=2    elapsed=6.392ms   number=13,336,905 hash=4fa242..1421ad
INFO [10-02|01:22:56.023] Downloader queue stats                   receiptTasks=0   blockTasks=0   itemSize=282.11KiB throttle=930
INFO [10-02|01:23:00.684] State heal in progress                   accounts=8151@466.81KiB slots=1609@127.52KiB codes=11158@94.71MiB nodes=268,783,229@78.15GiB pending=110,175
INFO [10-02|01:23:02.195] Imported new block headers               count=1    elapsed=6.849ms   number=13,336,906 hash=0d850e..4b1db5
INFO [10-02|01:23:05.364] Imported new block headers               count=1    elapsed=6.294ms   number=13,336,907 hash=3238f7..6c40f7
INFO [10-02|01:23:10.241] State heal in progress                   accounts=8443@483.97KiB slots=1627@129.00KiB codes=11158@94.71MiB nodes=268,784,285@78.15GiB pending=110,947
INFO [10-02|01:23:19.459] State heal in progress                   accounts=8506@487.44KiB slots=1640@129.96KiB codes=11158@94.71MiB nodes=268,784,897@78.15GiB pending=112,075
INFO [10-02|01:23:28.583] State heal in progress                   accounts=8597@493.27KiB slots=1657@131.36KiB codes=11158@94.71MiB nodes=268,785,503@78.15GiB pending=112,885
INFO [10-02|01:23:33.864] Imported new block headers               count=1    elapsed=7.796ms   number=13,336,908 hash=0b9336..02d2b5
INFO [10-02|01:23:39.067] State heal in progress                   accounts=8695@498.92KiB slots=1679@133.12KiB codes=11158@94.71MiB nodes=268,786,221@78.15GiB pending=113,940
INFO [10-02|01:23:49.950] State heal in progress                   accounts=8737@501.30KiB slots=1755@139.54KiB codes=11159@94.72MiB nodes=268,786,966@78.15GiB pending=115,808