WARN [07-28|12:04:15.357] Unexpected trienode heal packet          peer=dd8e72e2         reqid=5,990,661,206,364,063,316
WARN [07-28|12:04:15.358] Unexpected trienode heal packet          peer=1f33dd8d         reqid=362,895,848,440,450,490
WARN [07-28|12:04:15.397] Unexpected trienode heal packet          peer=30867534         reqid=3,283,982,801,205,309,182
WARN [07-28|12:04:15.446] Unexpected trienode heal packet          peer=e918ddf7         reqid=3,524,485,626,113,095,137
WARN [07-28|12:04:15.456] Unexpected trienode heal packet          peer=accfa373         reqid=2,224,877,422,167,068,625
WARN [07-28|12:04:15.468] Unexpected trienode heal packet          peer=8b50b36d         reqid=2,335,829,205,476,692,767
WARN [07-28|12:04:15.475] Unexpected trienode heal packet          peer=51fd07eb         reqid=2,419,100,890,521,185,569
WARN [07-28|12:04:15.479] Unexpected trienode heal packet          peer=97665991         reqid=5,085,425,203,364,168,241
INFO [07-28|12:04:21.894] Imported new block headers               count=1    elapsed=6.176ms    number=12,914,325 hash=566cf6..5850e9
INFO [07-28|12:04:23.635] State heal in progress                   accounts=4,403,483@223.69MiB  slots=7,034,771@527.12MiB  codes=2051@15.75MiB      nodes=48,444,005@13.85GiB  pending=54526
INFO [07-28|12:04:28.490] Imported new block headers               count=1    elapsed=6.788ms    number=12,914,326 hash=e3425c..106b17
INFO [07-28|12:04:29.096] Downloader queue stats                   receiptTasks=0     blockTasks=0     itemSize=241.59KiB throttle=272
WARN [07-28|12:04:30.162] Unexpected trienode heal packet          peer=dd8e72e2         reqid=856,636,297,599,637,794
WARN [07-28|12:04:30.207] Unexpected trienode heal packet          peer=886c4ab2         reqid=6,551,697,292,897,365,063
WARN [07-28|12:04:30.497] Unexpected trienode heal packet          peer=accfa373         reqid=6,101,566,296,276,935,084
WARN [07-28|12:04:30.543] Unexpected trienode heal packet          peer=3d1dd8f3         reqid=741,326,658,188,278,630
WARN [07-28|12:04:30.621] Unexpected trienode heal packet          peer=1ebe7b60         reqid=7,555,695,020,224,902,002
WARN [07-28|12:04:31.413] Unexpected trienode heal packet          peer=30867534         reqid=2,230,411,267,813,351,569
INFO [07-28|12:04:31.840] State heal in progress                   accounts=4,403,591@223.69MiB  slots=7,034,771@527.12MiB  codes=2051@15.75MiB      nodes=48,444,642@13.85GiB  pending=54702
WARN [07-28|12:04:31.841] Unexpected trienode heal packet          peer=72451c6b         reqid=6,267,085,836,339,279,147
INFO [07-28|12:04:31.868] Imported new block headers               count=1    elapsed=5.669ms    number=12,914,327 hash=96a56d..d06f7b
WARN [07-28|12:04:31.902] Unexpected trienode heal packet          peer=e918ddf7         reqid=4,924,156,776,954,674,637
WARN [07-28|12:04:34.311] Unexpected trienode heal packet          peer=8b50b36d         reqid=2,256,142,455,043,309,942
WARN [07-28|12:04:34.441] Unexpected trienode heal packet          peer=3b35b71f         reqid=1,871,302,751,210,018,666
WARN [07-28|12:04:35.314] Unexpected trienode heal packet          peer=1f33dd8d         reqid=9,122,809,233,462,699,985
INFO [07-28|12:04:38.507] Imported new block headers               count=1    elapsed=5.757ms    number=12,914,328 hash=97e34c..5ab69d
INFO [07-28|12:04:41.523] State heal in progress                   accounts=4,403,737@223.70MiB  slots=7,034,771@527.12MiB  codes=2051@15.75MiB      nodes=48,445,452@13.85GiB  pending=54992
WARN [07-28|12:04:44.572] Unexpected trienode heal packet          peer=3319911a         reqid=2,229,440,548,967,762,743
INFO [07-28|12:04:51.662] Imported new block headers               count=2    elapsed=6.158ms    number=12,914,330 hash=b9dc8f..53e01f
INFO [07-28|12:04:51.828] State heal in progress                   accounts=4,403,877@223.71MiB  slots=7,034,771@527.12MiB  codes=2051@15.75MiB      nodes=48,446,242@13.85GiB  pending=55171
WARN [07-28|12:04:59.534] Unexpected trienode heal packet          peer=51fd07eb         reqid=8,189,431,367,217,659,745
WARN [07-28|12:04:59.624] Unexpected trienode heal packet          peer=accfa373         reqid=3,005,759,083,034,424,235
WARN [07-28|12:04:59.631] Unexpected trienode heal packet          peer=97665991         reqid=9,083,325,970,567,885,516
INFO [07-28|12:04:59.839] State heal in progress                   accounts=4,404,078@223.72MiB  slots=7,034,771@527.12MiB  codes=2051@15.75MiB      nodes=48,447,120@13.85GiB  pending=55210
WARN [07-28|12:04:59.839] Unexpected trienode heal packet          peer=e918ddf7         reqid=3,206,977,437,571,604,953
INFO [07-28|12:05:07.910] State heal in progress                   accounts=4,404,261@223.73MiB  slots=7,034,771@527.12MiB  codes=2051@15.75MiB      nodes=48,447,855@13.85GiB  pending=55271
WARN [07-28|12:05:10.739] Unexpected trienode heal packet          peer=97665991         reqid=3,078,976,393,779,458,179
WARN [07-28|12:05:10.744] Unexpected trienode heal packet          peer=01f352da         reqid=3,892,693,634,246,047,846
WARN [07-28|12:05:10.768] Unexpected trienode heal packet          peer=e918ddf7         reqid=1,509,912,005,914,142,774
WARN [07-28|12:05:10.773] Unexpected trienode heal packet          peer=72451c6b         reqid=7,065,928,941,366,879,106
WARN [07-28|12:05:10.805] Unexpected trienode heal packet          peer=87c84102         reqid=5,885,063,309,083,505,263
WARN [07-28|12:05:14.622] Unexpected trienode heal packet          peer=8b50b36d         reqid=3,557,223,614,538,402,788
WARN [07-28|12:05:14.669] Unexpected trienode heal packet          peer=c974276f         reqid=1,898,476,508,027,060,302
INFO [07-28|12:05:19.137] State heal in progress                   accounts=4,404,456@223.74MiB  slots=7,034,773@527.12MiB  codes=2051@15.75MiB      nodes=48,448,798@13.85GiB  pending=55513
INFO [07-28|12:05:20.942] Imported new block headers               count=1    elapsed=7.496ms    number=12,914,331 hash=e4cbbc..72bf6c