INFO [05-11|21:37:27.231] Imported new state entries               count=416  elapsed=1.081ms     processed=605633815 pending=244811 trieretry=0    coderetry=0 duplicate=434 unexpected=44015
INFO [05-11|21:37:31.958] Imported new state entries               count=384  elapsed="444.9µs"   processed=605634199 pending=245265 trieretry=0    coderetry=0 duplicate=434 unexpected=44015
INFO [05-11|21:37:32.331] Imported new block headers               count=1    elapsed=6.748ms     number=12415571 hash="634109…ddbbc1"
INFO [05-11|21:37:35.243] Imported new state entries               count=384  elapsed="253.201µs" processed=605634583 pending=245834 trieretry=0    coderetry=0 duplicate=434 unexpected=44015
INFO [05-11|21:37:38.398] Imported new block headers               count=1    elapsed=5.286ms     number=12415572 hash="21202f…448ea6"
INFO [05-11|21:37:38.768] Imported new state entries               count=384  elapsed="147µs"     processed=605634967 pending=246396 trieretry=0    coderetry=0 duplicate=434 unexpected=44015
INFO [05-11|21:37:38.845] Imported new state entries               count=384  elapsed="765.302µs" processed=605635351 pending=248664 trieretry=0    coderetry=0 duplicate=434 unexpected=44015
INFO [05-11|21:37:41.828] Imported new state entries               count=384  elapsed="739.102µs" processed=605635735 pending=249145 trieretry=0    coderetry=0 duplicate=434 unexpected=44015
INFO [05-11|21:37:44.410] Imported new state entries               count=384  elapsed="504.101µs" processed=605636119 pending=249495 trieretry=0    coderetry=0 duplicate=434 unexpected=44015
INFO [05-11|21:37:48.404] Imported new state entries               count=384  elapsed=1.652ms     processed=605636503 pending=249614 trieretry=0    coderetry=0 duplicate=434 unexpected=44015
INFO [05-11|21:37:51.669] Imported new state entries               count=384  elapsed="265.401µs" processed=605636887 pending=250028 trieretry=0    coderetry=0 duplicate=434 unexpected=44015
INFO [05-11|21:37:56.661] Imported new state entries               count=768  elapsed="258.101µs" processed=605637655 pending=252427 trieretry=0    coderetry=0 duplicate=434 unexpected=44015
INFO [05-11|21:37:59.660] Imported new state entries               count=384  elapsed="438.201µs" processed=605638039 pending=252804 trieretry=0    coderetry=0 duplicate=434 unexpected=44015
INFO [05-11|21:38:07.424] Imported new state entries               count=768  elapsed=4.056ms     processed=605638807 pending=252767 trieretry=0    coderetry=0 duplicate=434 unexpected=44015
INFO [05-11|21:38:11.250] Imported new state entries               count=384  elapsed="966.703µs" processed=605639191 pending=255153 trieretry=0    coderetry=0 duplicate=434 unexpected=44015
INFO [05-11|21:38:14.045] Imported new state entries               count=742  elapsed=2.602ms     processed=605639933 pending=257420 trieretry=0    coderetry=0 duplicate=434 unexpected=44015
INFO [05-11|21:38:14.046] Imported new state entries               count=0    elapsed="8.7µs"     processed=605639933 pending=257420 trieretry=2    coderetry=0 duplicate=434 unexpected=44017
INFO [05-11|21:38:22.316] Imported new state entries               count=703  elapsed=2.010ms     processed=605640636 pending=257999 trieretry=73   coderetry=0 duplicate=434 unexpected=44017
INFO [05-11|21:38:26.547] Imported new state entries               count=1109 elapsed=1.597ms     processed=605641745 pending=259286 trieretry=0    coderetry=0 duplicate=434 unexpected=44017
INFO [05-11|21:38:28.357] Imported new state entries               count=709  elapsed=1.181ms     processed=605642454 pending=260177 trieretry=0    coderetry=0 duplicate=434 unexpected=44017
INFO [05-11|21:38:35.837] Imported new block headers               count=1    elapsed=7.973ms     number=12415573 hash="a07387…769740" age=1m19s
INFO [05-11|21:38:36.694] Imported new state entries               count=768  elapsed="398.401µs" processed=605643222 pending=262091 trieretry=0    coderetry=0 duplicate=434 unexpected=44017
INFO [05-11|21:38:36.903] Downloader queue stats                   receiptTasks=0 blockTasks=0 itemSize=262.13KiB throttle=251
INFO [05-11|21:38:41.574] Imported new state entries               count=811  elapsed=1.333ms     processed=605644033 pending=263020 trieretry=0    coderetry=0 duplicate=434 unexpected=44017
INFO [05-11|21:38:42.209] Imported new state entries               count=1267 elapsed=2.673ms     processed=605645300 pending=265045 trieretry=0    coderetry=0 duplicate=434 unexpected=44017
INFO [05-11|21:38:44.201] Imported new state entries               count=1152 elapsed=2.077ms     processed=605646452 pending=266552 trieretry=0    coderetry=0 duplicate=434 unexpected=44017
INFO [05-11|21:38:45.556] Imported new state entries               count=768  elapsed=2.092ms     processed=605647220 pending=267420 trieretry=0    coderetry=0 duplicate=434 unexpected=44017
INFO [05-11|21:38:50.652] Imported new state entries               count=384  elapsed=1.052ms     processed=605647604 pending=267675 trieretry=0    coderetry=0 duplicate=434 unexpected=44017