INFO [06-03|22:06:33.545] Initializing state bloom                 items=489645849 errorrate=0.001 elapsed=40m50.634s
INFO [06-03|22:06:41.545] Initializing state bloom                 items=492563290 errorrate=0.001 elapsed=40m58.635s
INFO [06-03|22:06:44.260] Imported new block headers               count=1    elapsed=1.356s      number=12564103 hash="3d2465…13d67e" age=1m37s
INFO [06-03|22:06:45.068] Downloader queue stats                   receiptTasks=0   blockTasks=0   itemSize=243.82KiB throttle=269
WARN [06-03|22:06:45.069] Pivot became stale, moving               old=12563977 new=12564041
INFO [06-03|22:06:45.362] Imported new block receipts              count=64   elapsed=290.402ms   number=12564040 hash="41ef13…037fac" age=13m48s   size=6.82MiB
INFO [06-03|22:06:47.170] Imported new state entries               count=768  elapsed="261.901µs" processed=993819316 pending=168775 trieretry=0    coderetry=0 duplicate=0 unexpected=4013
INFO [06-03|22:06:49.547] Initializing state bloom                 items=494915931 errorrate=0.001 elapsed=41m6.636s
INFO [06-03|22:06:51.735] Imported new state entries               count=273  elapsed="2.9µs"     processed=993819589 pending=4369   trieretry=0    coderetry=0 duplicate=0 unexpected=4013
INFO [06-03|22:06:53.035] Imported new block headers               count=1    elapsed=217.797ms   number=12564104 hash="db494a…aa6ece" age=1m36s
INFO [06-03|22:06:57.044] Imported new state entries               count=384  elapsed="73.7µs"    processed=993819973 pending=10307  trieretry=0    coderetry=0 duplicate=0 unexpected=4013
WARN [06-03|22:06:57.544] Dropping unsynced node during sync       id=d72a5aad03f530f7 conn=inbound addr=69.142.42.201:64630   type=Geth/v1.10.3-stable-...
INFO [06-03|22:06:57.548] Initializing state bloom                 items=497652488 errorrate=0.001 elapsed=41m14.637s
INFO [06-03|22:07:01.811] Imported new state entries               count=384  elapsed="3.7µs"     processed=993820357 pending=15590  trieretry=0    coderetry=0 duplicate=0 unexpected=4013
INFO [06-03|22:07:05.548] Initializing state bloom                 items=500264701 errorrate=0.001 elapsed=41m22.637s
INFO [06-03|22:07:06.263] Imported new state entries               count=384  elapsed="3.2µs"     processed=993820741 pending=21635  trieretry=0    coderetry=0 duplicate=0 unexpected=4013
INFO [06-03|22:07:10.695] Imported new state entries               count=384  elapsed="3µs"       processed=993821125 pending=27777  trieretry=0    coderetry=0 duplicate=0 unexpected=4013
INFO [06-03|22:07:13.550] Initializing state bloom                 items=502927729 errorrate=0.001 elapsed=41m30.640s
INFO [06-03|22:07:14.741] Imported new state entries               count=384  elapsed="3.2µs"     processed=993821509 pending=33921  trieretry=0    coderetry=0 duplicate=0 unexpected=4013
INFO [06-03|22:07:17.242] Imported new state entries               count=256  elapsed="3.1µs"     processed=993821765 pending=38004  trieretry=0    coderetry=0 duplicate=0 unexpected=4013
INFO [06-03|22:07:19.073] Imported new block headers               count=1    elapsed=176.255ms   number=12564105 hash="285e36…8d107a" age=1m28s
INFO [06-03|22:07:21.552] Initializing state bloom                 items=505615123 errorrate=0.001 elapsed=41m38.641s
INFO [06-03|22:07:21.785] Imported new state entries               count=384  elapsed="2.1µs"     processed=993822149 pending=44146  trieretry=0    coderetry=0 duplicate=0 unexpected=4013
INFO [06-03|22:07:25.476] Imported new state entries               count=384  elapsed="3.5µs"     processed=993822533 pending=50246  trieretry=0    coderetry=0 duplicate=0 unexpected=4013
INFO [06-03|22:07:26.105] Imported new block headers               count=1    elapsed=505.947ms   number=12564106 hash="ee97b6…705ed8"
INFO [06-03|22:07:29.556] Initializing state bloom                 items=508334127 errorrate=0.001 elapsed=41m46.645s
INFO [06-03|22:07:29.944] Imported new state entries               count=384  elapsed="3.7µs"     processed=993822917 pending=56388  trieretry=0    coderetry=0 duplicate=0 unexpected=4013
INFO [06-03|22:07:32.343] Imported new block headers               count=1    elapsed=50.104ms    number=12564107 hash="582bcb…0b4be2"
INFO [06-03|22:07:33.993] Imported new state entries               count=384  elapsed="3.8µs"     processed=993823301 pending=62495  trieretry=0    coderetry=0 duplicate=0 unexpected=4013
INFO [06-03|22:07:37.556] Initializing state bloom                 items=511177669 errorrate=0.001 elapsed=41m54.645s
INFO [06-03|22:07:37.741] Imported new state entries               count=384  elapsed="2.5µs"     processed=993823685 pending=68617  trieretry=0    coderetry=0 duplicate=0 unexpected=4013
INFO [06-03|22:07:41.164] Imported new state entries               count=384  elapsed="2.5µs"     processed=993824069 pending=69552  trieretry=0    coderetry=0 duplicate=0 unexpected=4013
INFO [06-03|22:07:45.506] Imported new block headers               count=2    elapsed=58.787ms    number=12564109 hash="d5395c…e7773f"
INFO [06-03|22:07:45.556] Initializing state bloom                 items=513924105 errorrate=0.001 elapsed=42m2.646s
INFO [06-03|22:07:46.242] Downloader queue stats                   receiptTasks=0   blockTasks=0   itemSize=248.75KiB throttle=264
INFO [06-03|22:07:46.487] Imported new state entries               count=384  elapsed="3.9µs"     processed=993824453 pending=71043  trieretry=0    coderetry=0 duplicate=0 unexpected=4013
INFO [06-03|22:07:49.869] Imported new state entries               count=384  elapsed="3.3µs"     processed=993824837 pending=72378  trieretry=0    coderetry=0 duplicate=0 unexpected=4013
INFO [06-03|22:07:53.248] Imported new state entries               count=384  elapsed="14.8µs"    processed=993825221 pending=73656  trieretry=0    coderetry=0 duplicate=0 unexpected=4013
INFO [06-03|22:07:53.557] Initializing state bloom                 items=516749902 errorrate=0.001 elapsed=42m10.646s
INFO [06-03|22:07:59.553] Imported new state entries               count=562  elapsed="3.1µs"     processed=993825783 pending=75464  trieretry=0    coderetry=0 duplicate=0 unexpected=4013
INFO [06-03|22:08:01.557] Initializing state bloom                 items=519239068 errorrate=0.001 elapsed=42m18.647s
INFO [06-03|22:08:01.891] Imported new block headers               count=1    elapsed=62.609ms    number=12564110 hash="bec273…f5a203"
INFO [06-03|22:08:03.110] Imported new state entries               count=384  elapsed="2.6µs"     processed=993826167 pending=76637  trieretry=0    coderetry=0 duplicate=0 unexpected=4013
INFO [06-03|22:08:08.006] Imported new state entries               count=384  elapsed="2.8µs"     processed=993826551 pending=78131  trieretry=0    coderetry=0 duplicate=0 unexpected=4013
INFO [06-03|22:08:09.558] Initializing state bloom                 items=522227061 errorrate=0.001 elapsed=42m26.648s
INFO [06-03|22:08:11.454] Imported new state entries               count=384  elapsed="2.7µs"     processed=993826935 pending=79424  trieretry=0    coderetry=0 duplicate=0 unexpected=4013
INFO [06-03|22:08:11.860] Imported new block headers               count=1    elapsed=119.714ms   number=12564111 hash="7f5edc…c26d03"
INFO [06-03|22:08:17.511] Imported new state entries               count=384  elapsed="2.2µs"     processed=993827319 pending=80783  trieretry=0    coderetry=0 duplicate=0 unexpected=4013
INFO [06-03|22:08:17.558] Initializing state bloom                 items=525093804 errorrate=0.001 elapsed=42m34.648s
INFO [06-03|22:08:18.515] Imported new block headers               count=1    elapsed=46.931ms    number=12564112 hash="662276…89f2f3"
INFO [06-03|22:08:23.149] Imported new state entries               count=384  elapsed="2.4µs"     processed=993827703 pending=82293  trieretry=0    coderetry=0 duplicate=0 unexpected=4013
INFO [06-03|22:08:25.559] Initializing state bloom                 items=528126743 errorrate=0.001 elapsed=42m42.649s
INFO [06-03|22:08:26.277] Imported new state entries               count=384  elapsed="4.3µs"     processed=993828087 pending=82969  trieretry=2    coderetry=0 duplicate=0 unexpected=4013
INFO [06-03|22:08:26.436] Imported new state entries               count=0    elapsed=155.662ms   processed=993828087 pending=83014  trieretry=20   coderetry=0 duplicate=0 unexpected=4033
INFO [06-03|22:08:26.583] Imported new state entries               count=0    elapsed="22µs"      processed=993828087 pending=83070  trieretry=2    coderetry=0 duplicate=0 unexpected=4035
INFO [06-03|22:08:29.966] Imported new state entries               count=419  elapsed="505.902µs" processed=993828506 pending=84043  trieretry=0    coderetry=0 duplicate=0 unexpected=4035
INFO [06-03|22:08:33.559] Initializing state bloom                 items=530965488 errorrate=0.001 elapsed=42m50.649s
INFO [06-03|22:08:33.986] Imported new state entries               count=384  elapsed="2.6µs"     processed=993828890 pending=85177  trieretry=0    coderetry=0 duplicate=0 unexpected=4035
INFO [06-03|22:08:37.311] Imported new state entries               count=384  elapsed="3.1µs"     processed=993829274 pending=86329  trieretry=0    coderetry=0 duplicate=0 unexpected=4035
INFO [06-03|22:08:40.771] Imported new state entries               count=384  elapsed="3.7µs"     processed=993829658 pending=87106  trieretry=0    coderetry=0 duplicate=0 unexpected=4035
INFO [06-03|22:08:41.560] Initializing state bloom                 items=533925287 errorrate=0.001 elapsed=42m58.649s
INFO [06-03|22:08:44.108] Imported new state entries               count=384  elapsed="3.8µs"     processed=993830042 pending=88298  trieretry=0    coderetry=0 duplicate=0 unexpected=4035
INFO [06-03|22:08:48.085] Imported new block headers               count=1    elapsed=169.372ms   number=12564113 hash="a0a1b3…1e966c"
INFO [06-03|22:08:48.268] Imported new state entries               count=384  elapsed="3µs"       processed=993830426 pending=89483  trieretry=0    coderetry=0 duplicate=0 unexpected=4035
INFO [06-03|22:08:48.286] Downloader queue stats                   receiptTasks=0   blockTasks=0   itemSize=249.14KiB throttle=264
INFO [06-03|22:08:49.561] Initializing state bloom                 items=536734628 errorrate=0.001 elapsed=43m6.650s
INFO [06-03|22:08:51.993] Imported new state entries               count=353  elapsed="3.1µs"     processed=993830779 pending=90284  trieretry=31   coderetry=0 duplicate=0 unexpected=4035
INFO [06-03|22:08:55.383] Imported new state entries               count=384  elapsed="3.6µs"     processed=993831163 pending=91505  trieretry=0    coderetry=0 duplicate=0 unexpected=4035
INFO [06-03|22:08:57.562] Initializing state bloom                 items=539623856 errorrate=0.001 elapsed=43m14.652s
INFO [06-03|22:08:59.107] Imported new state entries               count=384  elapsed="55.8µs"    processed=993831547 pending=92696  trieretry=0    coderetry=0 duplicate=0 unexpected=4035
INFO [06-03|22:08:59.577] Imported new state entries               count=0    elapsed=468.270ms   processed=993831547 pending=92708  trieretry=384  coderetry=0 duplicate=0 unexpected=4407
INFO [06-03|22:09:03.336] Imported new state entries               count=396  elapsed="3.4µs"     processed=993831943 pending=93912  trieretry=1910 coderetry=0 duplicate=0 unexpected=4407
INFO [06-03|22:09:05.562] Initializing state bloom                 items=542630695 errorrate=0.001 elapsed=43m22.652s
INFO [06-03|22:09:07.621] Imported new state entries               count=384  elapsed="2.4µs"     processed=993832327 pending=95106  trieretry=1526 coderetry=0 duplicate=0 unexpected=4407
WARN [06-03|22:09:07.622] Stalling state sync, dropping peer       peer=d4e4459104164896563e541073593fe5341fb6ff7f1f300efad59d5a442b7662
ERROR[06-03|22:09:07.624] Ethereum peer removal failed             peer=d4e44591 err="peer not registered"
ERROR[06-03|22:09:10.239] Snapshot extension registration failed   peer=3af25a30 err="peer connected on snap without compatible eth support"
INFO [06-03|22:09:13.423] Imported new state entries               count=384  elapsed="2.9µs"     processed=993832711 pending=96411  trieretry=1526 coderetry=0 duplicate=0 unexpected=4407
INFO [06-03|22:09:13.567] Initializing state bloom                 items=545528826 errorrate=0.001 elapsed=43m30.656s
INFO [06-03|22:09:18.995] Imported new state entries               count=384  elapsed="2.6µs"     processed=993833095 pending=97629  trieretry=1142 coderetry=0 duplicate=0 unexpected=4407
INFO [06-03|22:09:21.568] Initializing state bloom                 items=548512323 errorrate=0.001 elapsed=43m38.658s
INFO [06-03|22:09:24.503] Imported new state entries               count=384  elapsed="6.1µs"     processed=993833479 pending=98909  trieretry=758  coderetry=0 duplicate=0 unexpected=4407
INFO [06-03|22:09:29.575] Initializing state bloom                 items=551425698 errorrate=0.001 elapsed=43m46.665s
INFO [06-03|22:09:30.654] Imported new state entries               count=384  elapsed="3.9µs"     processed=993833863 pending=100304 trieretry=0    coderetry=0 duplicate=0 unexpected=4407
INFO [06-03|22:09:34.505] Imported new block headers               count=1    elapsed=1.142s      number=12564114 hash="97dc8e…4d5319" age=1m25s
INFO [06-03|22:09:37.223] Imported new state entries               count=384  elapsed="3.5µs"     processed=993834247 pending=101691 trieretry=0    coderetry=0 duplicate=0 unexpected=4407
INFO [06-03|22:09:37.576] Initializing state bloom                 items=553955950 errorrate=0.001 elapsed=43m54.666s
INFO [06-03|22:09:42.730] Imported new state entries               count=384  elapsed="8.4µs"     processed=993834631 pending=103161 trieretry=0    coderetry=0 duplicate=0 unexpected=4407
INFO [06-03|22:09:45.577] Initializing state bloom                 items=556985826 errorrate=0.001 elapsed=44m2.666s
INFO [06-03|22:09:50.157] Imported new state entries               count=384  elapsed="4.3µs"     processed=993835015 pending=103566 trieretry=0    coderetry=0 duplicate=0 unexpected=4407
INFO [06-03|22:09:53.577] Initializing state bloom                 items=559910678 errorrate=0.001 elapsed=44m10.666s
WARN [06-03|22:09:57.516] Dropping unsynced node during sync       id=fc37ff4b4366d0ed conn=inbound addr=103.56.39.203:54818   type=ethereumjs-devp2p/v4...
INFO [06-03|22:10:01.577] Initializing state bloom                 items=562893212 errorrate=0.001 elapsed=44m18.667s
INFO [06-03|22:10:03.577] Imported new state entries               count=384  elapsed="2.6µs"     processed=993835399 pending=103979 trieretry=0    coderetry=0 duplicate=0 unexpected=4407
INFO [06-03|22:10:09.590] Initializing state bloom                 items=565841532 errorrate=0.001 elapsed=44m26.680s
INFO [06-03|22:10:17.067] Imported new state entries               count=384  elapsed="711.902µs" processed=993835783 pending=104396 trieretry=0    coderetry=0 duplicate=0 unexpected=4407
INFO [06-03|22:10:17.591] Initializing state bloom                 items=568781308 errorrate=0.001 elapsed=44m34.680s
INFO [06-03|22:10:25.591] Initializing state bloom                 items=571805022 errorrate=0.001 elapsed=44m42.680s
INFO [06-03|22:10:32.864] Imported new block headers               count=1    elapsed=1.177s      number=12564115 hash="1c6ba1…fe3b04" age=2m15s
INFO [06-03|22:10:33.424] Downloader queue stats                   receiptTasks=0   blockTasks=0   itemSize=248.80KiB throttle=264
INFO [06-03|22:10:33.553] Imported new state entries               count=384  elapsed="184.7µs"   processed=993836167 pending=104814 trieretry=0    coderetry=0 duplicate=0 unexpected=4407
INFO [06-03|22:10:33.592] Initializing state bloom                 items=574354784 errorrate=0.001 elapsed=44m50.681s
INFO [06-03|22:10:41.594] Initializing state bloom                 items=577393793 errorrate=0.001 elapsed=44m58.684s
INFO [06-03|22:10:45.065] Imported new block headers               count=1    elapsed=218.788ms   number=12564116 hash="85d194…d3f07a" age=2m
INFO [06-03|22:10:48.255] Imported new state entries               count=384  elapsed="56.4µs"    processed=993836551 pending=105237 trieretry=0    coderetry=0 duplicate=0 unexpected=4407
INFO [06-03|22:10:49.594] Initializing state bloom                 items=580441426 errorrate=0.001 elapsed=45m6.684s
INFO [06-03|22:10:54.815] Imported new block headers               count=1    elapsed=39.992ms    number=12564117 hash="2ad48e…35d790" age=1m22s
INFO [06-03|22:10:55.256] Imported new state entries               count=384  elapsed="3.4µs"     processed=993836935 pending=105670 trieretry=0    coderetry=0 duplicate=0 unexpected=4407
INFO [06-03|22:10:57.595] Initializing state bloom                 items=583250285 errorrate=0.001 elapsed=45m14.684s
INFO [06-03|22:11:03.374] Imported new state entries               count=384  elapsed="552.701µs" processed=993837319 pending=106086 trieretry=0    coderetry=0 duplicate=0 unexpected=4407
INFO [06-03|22:11:05.595] Initializing state bloom                 items=586261600 errorrate=0.001 elapsed=45m22.685s
INFO [06-03|22:11:07.965] Imported new block headers               count=1    elapsed=14.267ms    number=12564118 hash="ca40ff…6ccb5b"
INFO [06-03|22:11:11.414] Imported new block headers               count=1    elapsed=10.146ms    number=12564119 hash="da0176…dca1c4"
INFO [06-03|22:11:13.596] Initializing state bloom                 items=589193374 errorrate=0.001 elapsed=45m30.686s
INFO [06-03|22:11:14.867] Imported new block headers               count=1    elapsed=8.552ms     number=12564120 hash="1c47ce…1dc969"
INFO [06-03|22:11:17.093] Imported new state entries               count=384  elapsed="91µs"      processed=993837703 pending=106500 trieretry=0    coderetry=0 duplicate=0 unexpected=4407
INFO [06-03|22:11:21.597] Initializing state bloom                 items=592190400 errorrate=0.001 elapsed=45m38.687s
INFO [06-03|22:11:23.524] Imported new state entries               count=384  elapsed="2.5µs"     processed=993838087 pending=106920 trieretry=0    coderetry=0 duplicate=0 unexpected=4407
INFO [06-03|22:11:29.598] Initializing state bloom                 items=595008868 errorrate=0.001 elapsed=45m46.688s
WARN [06-03|22:11:29.808] Dropping unsynced node during sync       id=cc77e41b48871549 conn=dyndial addr=8.209.253.103:30303   type=
INFO [06-03|22:11:30.741] Imported new state entries               count=384  elapsed="57.4µs"    processed=993838471 pending=107345 trieretry=0    coderetry=0 duplicate=0 unexpected=4407
INFO [06-03|22:11:31.270] Imported new block headers               count=1    elapsed=29.903ms    number=12564121 hash="103cc1…ef9f52"
INFO [06-03|22:11:34.707] Imported new block headers               count=1    elapsed=11.209ms    number=12564122 hash="af16f0…fa00a2"
INFO [06-03|22:11:35.502] Downloader queue stats                   receiptTasks=0   blockTasks=0   itemSize=251.76KiB throttle=261
INFO [06-03|22:11:37.600] Initializing state bloom                 items=598032711 errorrate=0.001 elapsed=45m54.689s
INFO [06-03|22:11:41.393] Imported new block headers               count=1    elapsed=16.330ms    number=12564123 hash="c6f282…efa0eb"
INFO [06-03|22:11:45.600] Initializing state bloom                 items=600961246 errorrate=0.001 elapsed=46m2.689s
INFO [06-03|22:11:45.891] Imported new state entries               count=384  elapsed="73.6µs"    processed=993838855 pending=107755 trieretry=4    coderetry=0 duplicate=0 unexpected=4407
INFO [06-03|22:11:53.603] Initializing state bloom                 items=604017102 errorrate=0.001 elapsed=46m10.692s