2021-09-22 01:05:01 UTC Syncing #13272515 0x573d…1b71     0.00 blk/s    0.0 tx/s    0.0 Mgas/s      0+   14 Qed Ancient:#5616983 LI:#13272529   26/50 peers      2 MiB chain    5 MiB queue  RPC:  0 conn,    0 req/s,    0 µs
2021-09-22 01:05:06 UTC Syncing #13272515 0x573d…1b71     0.00 blk/s    0.0 tx/s    0.0 Mgas/s      0+   14 Qed Ancient:#5616983 LI:#13272529   25/25 peers      2 MiB chain    5 MiB queue  RPC:  0 conn,    0 req/s,    0 µs
2021-09-22 01:05:14 UTC Syncing #13272516 0xbd9c…a61d     0.20 blk/s   79.4 tx/s    6.0 Mgas/s      0+   13 Qed Ancient:#5616984 LI:#13272529   25/25 peers      2 MiB chain    5 MiB queue  RPC:  0 conn,    0 req/s,    0 µs
2021-09-22 01:05:16 UTC Syncing #13272516 0xbd9c…a61d     0.00 blk/s    0.0 tx/s    0.0 Mgas/s      0+   13 Qed Ancient:#5616984 LI:#13272529   25/25 peers      2 MiB chain    5 MiB queue  RPC:  0 conn,    0 req/s,    0 µs
2021-09-22 01:05:21 UTC Syncing #13272516 0xbd9c…a61d     0.00 blk/s    0.0 tx/s    0.0 Mgas/s      0+   14 Qed Ancient:#5616984 LI:#13272530   25/25 peers      2 MiB chain    6 MiB queue  RPC:  0 conn,    0 req/s,    0 µs
2021-09-22 01:05:26 UTC Syncing #13272516 0xbd9c…a61d     0.00 blk/s    0.0 tx/s    0.0 Mgas/s      0+   15 Qed Ancient:#5616984 LI:#13272531   25/25 peers      2 MiB chain    6 MiB queue  RPC:  0 conn,    0 req/s,    0 µs
2021-09-22 01:05:31 UTC Syncing #13272516 0xbd9c…a61d     0.00 blk/s    0.0 tx/s    0.0 Mgas/s      0+   15 Qed Ancient:#5616984 LI:#13272531   25/25 peers      2 MiB chain    6 MiB queue  RPC:  0 conn,    0 req/s,    0 µs
2021-09-22 01:05:36 UTC Syncing #13272517 0x1170…b4e7     0.20 blk/s   39.0 tx/s    4.2 Mgas/s      0+   14 Qed Ancient:#5616985 LI:#13272531   25/25 peers      2 MiB chain    6 MiB queue  RPC:  0 conn,    0 req/s,    0 µs
2021-09-22 01:05:41 UTC Syncing #13272517 0x1170…b4e7     0.00 blk/s    0.0 tx/s    0.0 Mgas/s      0+   14 Qed Ancient:#5616985 LI:#13272531   25/25 peers      2 MiB chain    6 MiB queue  RPC:  0 conn,    0 req/s,    0 µs
2021-09-22 01:05:46 UTC Syncing #13272517 0x1170…b4e7     0.00 blk/s    0.0 tx/s    0.0 Mgas/s      0+   14 Qed Ancient:#5616985 LI:#13272531   26/50 peers      2 MiB chain    6 MiB queue  RPC:  0 conn,    0 req/s,    0 µs
2021-09-22 01:05:53 UTC Syncing #13272519 0x5f51…a4fa     0.40 blk/s   81.0 tx/s    5.9 Mgas/s      0+   13 Qed Ancient:#5616988 LI:#13272532   26/50 peers      2 MiB chain    5 MiB queue  RPC:  0 conn,    0 req/s,    0 µs
2021-09-22 01:05:56 UTC Syncing #13272519 0x5f51…a4fa     0.00 blk/s    0.0 tx/s    0.0 Mgas/s      0+   15 Qed Ancient:#5616988 LI:#13272534   26/50 peers      2 MiB chain    6 MiB queue  RPC:  0 conn,    0 req/s,    0 µs
2021-09-22 01:06:01 UTC Syncing #13272519 0x5f51…a4fa     0.00 blk/s    0.0 tx/s    0.0 Mgas/s      0+   15 Qed Ancient:#5616988 LI:#13272534   27/50 peers      2 MiB chain    6 MiB queue  RPC:  0 conn,    0 req/s,    0 µs
2021-09-22 01:06:11 UTC Syncing #13272519 0x5f51…a4fa     0.00 blk/s    0.0 tx/s    0.0 Mgas/s      0+   16 Qed Ancient:#5616988 LI:#13272535   26/50 peers      2 MiB chain    6 MiB queue  RPC:  0 conn,    0 req/s,    0 µs
2021-09-22 01:06:11 UTC Syncing #13272519 0x5f51…a4fa     0.00 blk/s    0.0 tx/s    0.0 Mgas/s      0+   16 Qed Ancient:#5616988 LI:#13272535   26/50 peers      2 MiB chain    6 MiB queue  RPC:  0 conn,    0 req/s,    0 µs
2021-09-22 01:06:16 UTC Syncing #13272519 0x5f51…a4fa     0.00 blk/s    0.0 tx/s    0.0 Mgas/s      0+   17 Qed Ancient:#5616988 LI:#13272536   26/50 peers      2 MiB chain    6 MiB queue  RPC:  0 conn,    0 req/s,    0 µs
2021-09-22 01:06:21 UTC Syncing #13272519 0x5f51…a4fa     0.00 blk/s    0.0 tx/s    0.0 Mgas/s      0+   18 Qed Ancient:#5616988 LI:#13272537   26/50 peers      2 MiB chain    6 MiB queue  RPC:  0 conn,    0 req/s,    0 µs
2021-09-22 01:06:33 UTC Syncing #13272520 0xfd81…3fd3     0.10 blk/s   61.0 tx/s    3.0 Mgas/s      0+   17 Qed Ancient:#5616989 LI:#13272537   26/50 peers      2 MiB chain    6 MiB queue  RPC:  0 conn,    0 req/s,    0 µs
2021-09-22 01:06:33 UTC Syncing #13272520 0xfd81…3fd3     0.20 blk/s  122.0 tx/s    6.0 Mgas/s      0+   17 Qed Ancient:#5616989 LI:#13272537   26/50 peers      2 MiB chain    6 MiB queue  RPC:  0 conn,    0 req/s,    0 µs
2021-09-22 01:06:36 UTC Syncing #13272520 0xfd81…3fd3     0.00 blk/s    0.0 tx/s    0.0 Mgas/s      0+   17 Qed Ancient:#5616989 LI:#13272537   26/50 peers      2 MiB chain    6 MiB queue  RPC:  0 conn,    0 req/s,    0 µs
2021-09-22 01:06:41 UTC Syncing #13272520 0xfd81…3fd3     0.00 blk/s    0.0 tx/s    0.0 Mgas/s      0+   18 Qed Ancient:#5616989 LI:#13272538   26/50 peers      2 MiB chain    6 MiB queue  RPC:  0 conn,    0 req/s,    0 µs
2021-09-22 01:06:46 UTC Syncing #13272520 0xfd81…3fd3     0.00 blk/s    0.0 tx/s    0.0 Mgas/s      0+   19 Qed Ancient:#5616989 LI:#13272539   26/50 peers      2 MiB chain    6 MiB queue  RPC:  0 conn,    0 req/s,    0 µs
2021-09-22 01:06:55 UTC Syncing #13272521 0x1469…80ba     0.20 blk/s   60.4 tx/s    6.0 Mgas/s      0+   18 Qed Ancient:#5616990 LI:#13272539   26/50 peers      2 MiB chain    6 MiB queue  RPC:  0 conn,    0 req/s,    0 µs
2021-09-22 01:06:56 UTC Syncing #13272521 0x1469…80ba     0.00 blk/s    0.0 tx/s    0.0 Mgas/s      0+   18 Qed Ancient:#5616990 LI:#13272539   25/25 peers      2 MiB chain    6 MiB queue  RPC:  0 conn,    0 req/s,    0 µs
2021-09-22 01:07:01 UTC Syncing #13272521 0x1469…80ba     0.00 blk/s    0.0 tx/s    0.0 Mgas/s      0+   18 Qed Ancient:#5616990 LI:#13272539   27/50 peers      2 MiB chain    6 MiB queue  RPC:  0 conn,    0 req/s,    0 µs
2021-09-22 01:07:06 UTC Syncing #13272521 0x1469…80ba     0.00 blk/s    0.0 tx/s    0.0 Mgas/s      0+   18 Qed Ancient:#5616990 LI:#13272539   29/50 peers      2 MiB chain    6 MiB queue  RPC:  0 conn,    0 req/s,    0 µs
2021-09-22 01:07:16 UTC Syncing #13272522 0xeb43…26a4     0.10 blk/s   34.0 tx/s    2.5 Mgas/s      0+   17 Qed Ancient:#5616991 LI:#13272539   29/50 peers      2 MiB chain    5 MiB queue  RPC:  0 conn,    0 req/s,    0 µs
2021-09-22 01:07:16 UTC Syncing #13272522 0xeb43…26a4     0.20 blk/s   68.0 tx/s    5.0 Mgas/s      0+   17 Qed Ancient:#5616991 LI:#13272539   29/50 peers      2 MiB chain    5 MiB queue  RPC:  0 conn,    0 req/s,    0 µs
2021-09-22 01:07:21 UTC Syncing #13272522 0xeb43…26a4     0.00 blk/s    0.0 tx/s    0.0 Mgas/s      0+   17 Qed Ancient:#5616991 LI:#13272539   30/50 peers      2 MiB chain    5 MiB queue  RPC:  0 conn,    0 req/s,    0 µs
2021-09-22 01:07:26 UTC Syncing #13272522 0xeb43…26a4     0.00 blk/s    0.0 tx/s    0.0 Mgas/s      0+   17 Qed Ancient:#5616991 LI:#13272539   30/50 peers      2 MiB chain    5 MiB queue  RPC:  0 conn,    0 req/s,    0 µs
2021-09-22 01:07:31 UTC Syncing #13272522 0xeb43…26a4     0.00 blk/s    0.0 tx/s    0.0 Mgas/s      0+   18 Qed Ancient:#5616991 LI:#13272540   32/50 peers      3 MiB chain    6 MiB queue  RPC:  0 conn,    0 req/s,    0 µs
2021-09-22 01:07:36 UTC Syncing #13272522 0xeb43…26a4     0.00 blk/s    0.0 tx/s    0.0 Mgas/s      0+   18 Qed Ancient:#5616991 LI:#13272540   32/50 peers      3 MiB chain    6 MiB queue  RPC:  0 conn,    0 req/s,    0 µs
2021-09-22 01:07:41 UTC Syncing #13272522 0xeb43…26a4     0.00 blk/s    0.0 tx/s    0.0 Mgas/s      0+   18 Qed Ancient:#5616991 LI:#13272540   32/50 peers      3 MiB chain    6 MiB queue  RPC:  0 conn,    0 req/s,    0 µs
2021-09-22 01:07:50 UTC Syncing #13272523 0xcb2c…c777     0.20 blk/s   96.6 tx/s    5.5 Mgas/s      0+   17 Qed Ancient:#5616992 LI:#13272541   32/50 peers      3 MiB chain    6 MiB queue  RPC:  0 conn,    0 req/s,    0 µs
2021-09-22 01:07:51 UTC Syncing #13272523 0xcb2c…c777     0.00 blk/s    0.0 tx/s    0.0 Mgas/s      0+   19 Qed Ancient:#5616992 LI:#13272542   31/50 peers      3 MiB chain    7 MiB queue  RPC:  0 conn,    0 req/s,    0 µs
2021-09-22 01:07:56 UTC Syncing #13272523 0xcb2c…c777     0.00 blk/s    0.0 tx/s    0.0 Mgas/s      0+   19 Qed Ancient:#5616992 LI:#13272542   32/50 peers      3 MiB chain    7 MiB queue  RPC:  0 conn,    0 req/s,    0 µs
2021-09-22 01:08:05 UTC Syncing #13272524 0x6408…3da2     0.20 blk/s   42.8 tx/s    3.0 Mgas/s      0+   18 Qed Ancient:#5616994 LI:#13272542   33/50 peers      3 MiB chain    6 MiB queue  RPC:  0 conn,    0 req/s,    0 µs
2021-09-22 01:08:11 UTC Syncing #13272525 0xc89c…59e8     0.10 blk/s   12.7 tx/s    0.9 Mgas/s      0+   18 Qed Ancient:#5616995 LI:#13272543   33/50 peers      3 MiB chain    6 MiB queue  RPC:  0 conn,    0 req/s,    0 µs
2021-09-22 01:08:11 UTC Syncing #13272525 0xc89c…59e8     0.20 blk/s   25.4 tx/s    1.8 Mgas/s      0+   18 Qed Ancient:#5616995 LI:#13272543   33/50 peers      3 MiB chain    6 MiB queue  RPC:  0 conn,    0 req/s,    0 µs
2021-09-22 01:08:16 UTC Syncing #13272525 0xc89c…59e8     0.00 blk/s    0.0 tx/s    0.0 Mgas/s      0+   19 Qed Ancient:#5616995 LI:#13272544   31/50 peers      3 MiB chain    6 MiB queue  RPC:  0 conn,    0 req/s,    0 µs
2021-09-22 01:08:21 UTC Syncing #13272525 0xc89c…59e8     0.00 blk/s    0.0 tx/s    0.0 Mgas/s      0+   19 Qed Ancient:#5616995 LI:#13272544   32/50 peers      3 MiB chain    6 MiB queue  RPC:  0 conn,    0 req/s,    0 µs
2021-09-22 01:08:26 UTC Syncing #13272525 0xc89c…59e8     0.00 blk/s    0.0 tx/s    0.0 Mgas/s      0+   20 Qed Ancient:#5616995 LI:#13272545   31/50 peers      3 MiB chain    7 MiB queue  RPC:  0 conn,    0 req/s,    0 µs
2021-09-22 01:08:31 UTC Syncing #13272525 0xc89c…59e8     0.00 blk/s    0.0 tx/s    0.0 Mgas/s      0+   20 Qed Ancient:#5616995 LI:#13272545   31/50 peers      3 MiB chain    7 MiB queue  RPC:  0 conn,    0 req/s,    0 µs
2021-09-22 01:08:36 UTC Syncing #13272525 0xc89c…59e8     0.00 blk/s    0.0 tx/s    0.0 Mgas/s      0+   20 Qed Ancient:#5616995 LI:#13272545   31/50 peers      3 MiB chain    7 MiB queue  RPC:  0 conn,    0 req/s,    0 µs
2021-09-22 01:08:42 UTC Syncing #13272526 0x4862…8d57     0.20 blk/s   84.6 tx/s    4.9 Mgas/s      0+   19 Qed Ancient:#5616996 LI:#13272545   31/50 peers      3 MiB chain    6 MiB queue  RPC:  0 conn,    0 req/s,    0 µs
2021-09-22 01:08:46 UTC Syncing #13272526 0x4862…8d57     0.20 blk/s   66.6 tx/s    3.9 Mgas/s      0+   18 Qed Ancient:#5616997 LI:#13272545   32/50 peers      3 MiB chain    6 MiB queue  RPC:  0 conn,    0 req/s,    0 µs
2021-09-22 01:08:49 UTC Reorg to #13272527 0x9fa8…1f6c (0x4862…8d57 #13272525 0xc89c…59e8 0x3532…b9ff)
2021-09-22 01:08:55 UTC Syncing #13272527 0x9fa8…1f6c     0.20 blk/s   34.6 tx/s    1.9 Mgas/s      0+   19 Qed Ancient:#5616998 LI:#13272546   32/50 peers      3 MiB chain    6 MiB queue  RPC:  0 conn,    0 req/s,    0 µs
2021-09-22 01:08:56 UTC Syncing #13272527 0x9fa8…1f6c     0.00 blk/s    0.0 tx/s    0.0 Mgas/s      0+   19 Qed Ancient:#5616998 LI:#13272546   32/50 peers      3 MiB chain    6 MiB queue  RPC:  0 conn,    0 req/s,    0 µs
2021-09-22 01:09:01 UTC Syncing #13272527 0x9fa8…1f6c     0.00 blk/s    0.0 tx/s    0.0 Mgas/s      0+   20 Qed Ancient:#5616998 LI:#13272547   30/50 peers      3 MiB chain    7 MiB queue  RPC:  0 conn,    0 req/s,    0 µs
2021-09-22 01:09:12 UTC Syncing #13272528 0xaef5…9e39     0.10 blk/s   26.5 tx/s    1.3 Mgas/s      0+   20 Qed Ancient:#5616999 LI:#13272548   29/50 peers      3 MiB chain    7 MiB queue  RPC:  0 conn,    0 req/s,    0 µs
2021-09-22 01:09:12 UTC Syncing #13272528 0xaef5…9e39     0.20 blk/s   53.0 tx/s    2.6 Mgas/s      0+   19 Qed Ancient:#5616999 LI:#13272548   29/50 peers      3 MiB chain    6 MiB queue  RPC:  0 conn,    0 req/s,    0 µs
2021-09-22 01:09:16 UTC Syncing #13272528 0xaef5…9e39     0.00 blk/s    0.0 tx/s    0.0 Mgas/s      0+   22 Qed Ancient:#5616999 LI:#13272549   29/50 peers      3 MiB chain    7 MiB queue  RPC:  0 conn,    0 req/s,    0 µs
2021-09-22 01:09:27 UTC Syncing #13272529 0x771a…a5e2     0.20 blk/s   35.4 tx/s    2.0 Mgas/s      0+   21 Qed Ancient:#5617000 LI:#13272549   29/50 peers      3 MiB chain    6 MiB queue  RPC:  0 conn,    0 req/s,    0 µs
2021-09-22 01:09:27 UTC Syncing #13272529 0x771a…a5e2     0.10 blk/s   17.7 tx/s    1.0 Mgas/s      0+   21 Qed Ancient:#5617000 LI:#13272549   29/50 peers      3 MiB chain    6 MiB queue  RPC:  0 conn,    0 req/s,    0 µs
2021-09-22 01:09:36 UTC Syncing #13272529 0x771a…a5e2     0.00 blk/s    0.0 tx/s    0.0 Mgas/s      0+   23 Qed Ancient:#5617000 LI:#13272551   28/50 peers      3 MiB chain    7 MiB queue  RPC:  0 conn,    0 req/s,    0 µs
2021-09-22 01:09:36 UTC Syncing #13272529 0x771a…a5e2     0.00 blk/s    0.0 tx/s    0.0 Mgas/s      0+   22 Qed Ancient:#5617000 LI:#13272551   29/50 peers      3 MiB chain    6 MiB queue  RPC:  0 conn,    0 req/s,    0 µs
2021-09-22 01:09:41 UTC Syncing #13272529 0x771a…a5e2     0.00 blk/s    0.0 tx/s    0.0 Mgas/s      0+   23 Qed Ancient:#5617000 LI:#13272551   28/50 peers      3 MiB chain    7 MiB queue  RPC:  0 conn,    0 req/s,    0 µs
2021-09-22 01:09:46 UTC Syncing #13272529 0x771a…a5e2     0.00 blk/s    0.0 tx/s    0.0 Mgas/s      0+   23 Qed Ancient:#5617000 LI:#13272551   28/50 peers      3 MiB chain    7 MiB queue  RPC:  0 conn,    0 req/s,    0 µs
2021-09-22 01:09:51 UTC Syncing #13272529 0x771a…a5e2     0.00 blk/s    0.0 tx/s    0.0 Mgas/s      0+   23 Qed Ancient:#5617000 LI:#13272551   27/50 peers      3 MiB chain    7 MiB queue  RPC:  0 conn,    0 req/s,    0 µs
2021-09-22 01:09:56 UTC Syncing #13272529 0x771a…a5e2     0.00 blk/s    0.0 tx/s    0.0 Mgas/s      0+   23 Qed Ancient:#5617000 LI:#13272551   27/50 peers      3 MiB chain    7 MiB queue  RPC:  0 conn,    0 req/s,    0 µs
2021-09-22 01:10:01 UTC Syncing #13272529 0x771a…a5e2     0.00 blk/s    0.0 tx/s    0.0 Mgas/s      0+   23 Qed Ancient:#5617000 LI:#13272551   27/50 peers      3 MiB chain    7 MiB queue  RPC:  0 conn,    0 req/s,    0 µs
2021-09-22 01:10:07 UTC Syncing #13272530 0x0244…a104     0.20 blk/s  126.0 tx/s    6.0 Mgas/s      0+   22 Qed Ancient:#5617001 LI:#13272551   27/50 peers      3 MiB chain    6 MiB queue  RPC:  0 conn,    0 req/s,    0 µs
2021-09-22 01:10:11 UTC Syncing #13272530 0x0244…a104     0.00 blk/s    0.0 tx/s    0.0 Mgas/s      0+   22 Qed Ancient:#5617001 LI:#13272551   27/50 peers      3 MiB chain    6 MiB queue  RPC:  0 conn,    0 req/s,    0 µs
2021-09-22 01:10:16 UTC Syncing #13272530 0x0244…a104     0.00 blk/s    0.0 tx/s    0.0 Mgas/s      0+   22 Qed Ancient:#5617001 LI:#13272551   27/50 peers      3 MiB chain    6 MiB queue  RPC:  0 conn,    0 req/s,    0 µs
2021-09-22 01:10:29 UTC Syncing #13272531 0xbda2…e589     0.10 blk/s   28.2 tx/s    2.2 Mgas/s      0+   21 Qed Ancient:#5617002 LI:#13272551   27/50 peers      3 MiB chain    6 MiB queue  RPC:  0 conn,    0 req/s,    0 µs
2021-09-22 01:10:29 UTC Syncing #13272531 0xbda2…e589     0.20 blk/s   56.4 tx/s    4.4 Mgas/s      0+   21 Qed Ancient:#5617002 LI:#13272551   27/50 peers      3 MiB chain    6 MiB queue  RPC:  0 conn,    0 req/s,    0 µs
2021-09-22 01:10:31 UTC Syncing #13272531 0xbda2…e589     0.00 blk/s    0.0 tx/s    0.0 Mgas/s      0+   21 Qed Ancient:#5617002 LI:#13272551   27/50 peers      3 MiB chain    6 MiB queue  RPC:  0 conn,    0 req/s,    0 µs
2021-09-22 01:10:41 UTC Syncing #13272533 0xafeb…16fd     0.20 blk/s   46.4 tx/s    2.3 Mgas/s      0+   19 Qed Ancient:#5617005 LI:#13272551   27/50 peers      3 MiB chain    6 MiB queue  RPC:  0 conn,    0 req/s,    0 µs
2021-09-22 01:10:41 UTC Syncing #13272532 0xbf8e…9b54     0.20 blk/s   76.0 tx/s    3.9 Mgas/s      0+   20 Qed Ancient:#5617004 LI:#13272551   27/50 peers      3 MiB chain    6 MiB queue  RPC:  0 conn,    0 req/s,    0 µs