2021-09-22 05:00:47 UTC Syncing #13273557 0x8b11…c3f0     0.20 blk/s   11.8 tx/s    1.2 Mgas/s      0+   17 Qed Ancient:#5722574 LI:#13273575    9/25 peers    639 KiB chain    4 MiB queue  RPC:  0 conn,    0 req/s,    0 µs
2021-09-22 05:00:55 UTC Syncing #13273558 0x7046…1918     0.20 blk/s   11.8 tx/s    1.0 Mgas/s      0+   16 Qed Ancient:#5722575 LI:#13273575    7/25 peers    640 KiB chain    3 MiB queue  RPC:  0 conn,    0 req/s,    0 µs
2021-09-22 05:01:05 UTC Syncing #13273558 0x7046…1918     0.00 blk/s    0.0 tx/s    0.0 Mgas/s      0+   17 Qed Ancient:#5722575 LI:#13273576    6/25 peers    640 KiB chain    4 MiB queue  RPC:  0 conn,    0 req/s,    0 µs
2021-09-22 05:01:05 UTC Syncing #13273558 0x7046…1918     0.00 blk/s    0.0 tx/s    0.0 Mgas/s      0+   17 Qed Ancient:#5722575 LI:#13273576    6/25 peers    640 KiB chain    4 MiB queue  RPC:  0 conn,    0 req/s,    0 µs
2021-09-22 05:01:16 UTC Syncing #13273560 0xffdd…6937     0.20 blk/s   22.2 tx/s    2.6 Mgas/s      0+   16 Qed Ancient:#5722577 LI:#13273577    5/25 peers    640 KiB chain    4 MiB queue  RPC:  0 conn,    0 req/s,    0 µs
2021-09-22 05:01:16 UTC Syncing #13273559 0x05b5…c292     0.20 blk/s   31.2 tx/s    4.3 Mgas/s      0+   17 Qed Ancient:#5722576 LI:#13273577    5/25 peers    640 KiB chain    4 MiB queue  RPC:  0 conn,    0 req/s,    0 µs
2021-09-22 05:01:22 UTC Syncing #13273560 0xffdd…6937     0.10 blk/s    6.6 tx/s    0.5 Mgas/s      0+   17 Qed Ancient:#5722577 LI:#13273578    3/25 peers    640 KiB chain    4 MiB queue  RPC:  0 conn,    0 req/s,    0 µs
2021-09-22 05:01:22 UTC Syncing #13273560 0xffdd…6937     0.20 blk/s   13.2 tx/s    1.0 Mgas/s      0+   17 Qed Ancient:#5722577 LI:#13273578    3/25 peers    640 KiB chain    4 MiB queue  RPC:  0 conn,    0 req/s,    0 µs
2021-09-22 05:01:29 UTC Syncing #13273562 0x4aed…8f6b     0.40 blk/s   44.6 tx/s    6.3 Mgas/s      0+   16 Qed Ancient:#5722579 LI:#13273579    3/25 peers    641 KiB chain    4 MiB queue  RPC:  0 conn,    0 req/s,    0 µs
2021-09-22 05:01:35 UTC Syncing #13273564 0x5b92…7030     0.40 blk/s   57.2 tx/s    5.9 Mgas/s      0+   14 Qed Ancient:#5722581 LI:#13273579    3/25 peers    641 KiB chain    3 MiB queue  RPC:  0 conn,    0 req/s,    0 µs
2021-09-22 05:01:42 UTC Syncing #13273564 0x5b92…7030     0.00 blk/s    0.0 tx/s    0.0 Mgas/s      0+   15 Qed Ancient:#5722581 LI:#13273580    3/25 peers    641 KiB chain    3 MiB queue  RPC:  0 conn,    0 req/s,    0 µs
2021-09-22 05:01:42 UTC Syncing #13273566 0xd968…b1ad     0.20 blk/s   32.5 tx/s    3.4 Mgas/s      0+   13 Qed Ancient:#5722583 LI:#13273580    3/25 peers    642 KiB chain    3 MiB queue  RPC:  0 conn,    0 req/s,    0 µs
2021-09-22 05:01:49 UTC Syncing #13273567 0xb876…f724     0.20 blk/s   25.8 tx/s    2.8 Mgas/s      0+   12 Qed Ancient:#5722584 LI:#13273580    3/25 peers      1 MiB chain    3 MiB queue  RPC:  0 conn,    0 req/s,    0 µs
2021-09-22 05:01:57 UTC Syncing #13273567 0xb876…f724     0.00 blk/s    0.0 tx/s    0.0 Mgas/s      0+   13 Qed Ancient:#5722584 LI:#13273581    3/25 peers      1 MiB chain    3 MiB queue  RPC:  0 conn,    0 req/s,    0 µs
2021-09-22 05:01:57 UTC Syncing #13273568 0xc39c…c6d0     0.20 blk/s   53.4 tx/s    5.6 Mgas/s      0+   12 Qed Ancient:#5722585 LI:#13273581    3/25 peers      1 MiB chain    3 MiB queue  RPC:  0 conn,    0 req/s,    0 µs
2021-09-22 05:02:04 UTC Syncing #13273568 0xc39c…c6d0     0.00 blk/s    0.0 tx/s    0.0 Mgas/s      0+   12 Qed Ancient:#5722585 LI:#13273581    3/25 peers      1 MiB chain    3 MiB queue  RPC:  0 conn,    0 req/s,    0 µs
2021-09-22 05:02:10 UTC Syncing #13273569 0x4d52…7071     0.20 blk/s   52.8 tx/s    5.9 Mgas/s      0+   11 Qed Ancient:#5722586 LI:#13273581    3/25 peers      1 MiB chain    2 MiB queue  RPC:  0 conn,    0 req/s,    0 µs
2021-09-22 05:02:16 UTC Syncing #13273571 0xe138…ad29     0.40 blk/s   45.2 tx/s    2.7 Mgas/s      0+    9 Qed Ancient:#5722588 LI:#13273581    3/25 peers      1 MiB chain    2 MiB queue  RPC:  0 conn,    0 req/s,    0 µs
2021-09-22 05:02:21 UTC Syncing #13273573 0xe3c5…9093     0.40 blk/s   45.8 tx/s    3.8 Mgas/s      0+    9 Qed Ancient:#5722590 LI:#13273583    3/25 peers      1 MiB chain    2 MiB queue  RPC:  0 conn,    0 req/s,    0 µs
2021-09-22 05:02:22 UTC Syncing #13273573 0xe3c5…9093     0.00 blk/s    0.0 tx/s    0.0 Mgas/s      0+    9 Qed Ancient:#5722590 LI:#13273583    3/25 peers      1 MiB chain    2 MiB queue  RPC:  0 conn,    0 req/s,    0 µs
2021-09-22 05:02:30 UTC Syncing #13273575 0x6542…ba25     0.40 blk/s   76.6 tx/s    7.2 Mgas/s      0+    7 Qed Ancient:#5722592 LI:#13273583    2/25 peers      1 MiB chain    1 MiB queue  RPC:  0 conn,    0 req/s,    0 µs
2021-09-22 05:02:35 UTC Syncing #13273576 0x7733…cb04     0.20 blk/s   56.0 tx/s    6.0 Mgas/s      0+    7 Qed Ancient:#5722593 LI:#13273584    2/25 peers      1 MiB chain    1 MiB queue  RPC:  0 conn,    0 req/s,    0 µs
2021-09-22 05:02:43 UTC Syncing #13273579 0x5d2a…08d5     0.30 blk/s   46.6 tx/s    4.3 Mgas/s      0+    4 Qed Ancient:#5722596 LI:#13273584    2/25 peers      1 MiB chain  991 KiB queue  RPC:  0 conn,    0 req/s,    0 µs
2021-09-22 05:02:43 UTC Syncing #13273577 0x8eef…1369     0.20 blk/s   31.4 tx/s    3.8 Mgas/s      0+    6 Qed Ancient:#5722594 LI:#13273584    2/25 peers      1 MiB chain    1 MiB queue  RPC:  0 conn,    0 req/s,    0 µs
2021-09-22 05:03:28 UTC Imported #13273586 0x20f4…2bc3 (25 txs, 3.09 Mgas, 607 ms, 90.22 KiB)
2021-09-22 05:03:28 UTC  Ancient:#5725210 AB:#5725210    0/25 peers    0 bytes chain  0 bytes queue  RPC:  0 conn,    0 req/s,    0 µs
2021-09-22 05:04:02 UTC  Ancient:#5725210 AB:#5725210    0/25 peers   744 bytes chain  0 bytes queue  RPC:  0 conn,    0 req/s,    0 µs
2021-09-22 05:04:32 UTC Syncing #13273586 0x20f4…2bc3     0.00 blk/s    0.0 tx/s    0.0 Mgas/s      0+    8 Qed Ancient:#5725210 LI:#13273595    5/25 peers     74 KiB chain    1 MiB queue  RPC:  0 conn,    0 req/s,    0 µs
2021-09-22 05:04:38 UTC Syncing #13273586 0x20f4…2bc3     0.00 blk/s    0.0 tx/s    0.0 Mgas/s      0+    8 Qed Ancient:#5725210 LI:#13273595    7/25 peers     74 KiB chain    1 MiB queue  RPC:  0 conn,    0 req/s,    0 µs
2021-09-22 05:04:42 UTC Syncing #13273586 0x20f4…2bc3     0.00 blk/s    0.0 tx/s    0.0 Mgas/s      0+    9 Qed Ancient:#5725210 LI:#13273596    9/25 peers     74 KiB chain    2 MiB queue  RPC:  0 conn,    0 req/s,    0 µs
2021-09-22 05:04:47 UTC Syncing #13273586 0x20f4…2bc3     0.00 blk/s    0.0 tx/s    0.0 Mgas/s      0+    9 Qed Ancient:#5725210 LI:#13273596   10/25 peers     74 KiB chain    2 MiB queue  RPC:  0 conn,    0 req/s,    0 µs
2021-09-22 05:04:52 UTC Syncing #13273586 0x20f4…2bc3     0.00 blk/s    0.0 tx/s    0.0 Mgas/s      0+    9 Qed Ancient:#5725210 LI:#13273596   10/25 peers     74 KiB chain    2 MiB queue  RPC:  0 conn,    0 req/s,    0 µs
2021-09-22 05:04:57 UTC Syncing #13273588 0x1ebc…b18a     0.40 blk/s   47.8 tx/s    4.1 Mgas/s      0+    7 Qed Ancient:#5725212 LI:#13273596   10/25 peers    625 KiB chain    2 MiB queue  RPC:  0 conn,    0 req/s,    0 µs
2021-09-22 05:05:10 UTC Syncing #13273589 0x84cc…f5f4     0.10 blk/s    3.9 tx/s    0.3 Mgas/s      0+    7 Qed Ancient:#5725213 LI:#13273597    8/25 peers    626 KiB chain    1 MiB queue  RPC:  0 conn,    0 req/s,    0 µs
2021-09-22 05:05:10 UTC Syncing #13273589 0x84cc…f5f4     0.20 blk/s    7.8 tx/s    0.6 Mgas/s      0+    7 Qed Ancient:#5725213 LI:#13273597    8/25 peers    626 KiB chain    1 MiB queue  RPC:  0 conn,    0 req/s,    0 µs
2021-09-22 05:05:12 UTC Syncing #13273589 0x84cc…f5f4     0.00 blk/s    0.0 tx/s    0.0 Mgas/s      0+    8 Qed Ancient:#5725213 LI:#13273598    5/25 peers    626 KiB chain    2 MiB queue  RPC:  0 conn,    0 req/s,    0 µs
2021-09-22 05:05:18 UTC Syncing #13273589 0x84cc…f5f4     0.00 blk/s    0.0 tx/s    0.0 Mgas/s      0+    8 Qed Ancient:#5725213 LI:#13273598    5/25 peers    626 KiB chain    2 MiB queue  RPC:  0 conn,    0 req/s,    0 µs
2021-09-22 05:05:22 UTC Syncing #13273589 0x84cc…f5f4     0.00 blk/s    0.0 tx/s    0.0 Mgas/s      0+   10 Qed Ancient:#5725213 LI:#13273600    6/25 peers    626 KiB chain    2 MiB queue  RPC:  0 conn,    0 req/s,    0 µs
2021-09-22 05:05:28 UTC Syncing #13273589 0x84cc…f5f4     0.00 blk/s    0.0 tx/s    0.0 Mgas/s      0+   11 Qed Ancient:#5725213 LI:#13273601   11/25 peers    626 KiB chain    2 MiB queue  RPC:  0 conn,    0 req/s,    0 µs
2021-09-22 05:05:32 UTC Syncing #13273589 0x84cc…f5f4     0.00 blk/s    0.0 tx/s    0.0 Mgas/s      0+   12 Qed Ancient:#5725213 LI:#13273602   11/25 peers    626 KiB chain    2 MiB queue  RPC:  0 conn,    0 req/s,    0 µs
2021-09-22 05:05:39 UTC Syncing #13273589 0x84cc…f5f4     0.00 blk/s    0.0 tx/s    0.0 Mgas/s      0+   13 Qed Ancient:#5725213 LI:#13273603   10/25 peers    626 KiB chain    2 MiB queue  RPC:  0 conn,    0 req/s,    0 µs
2021-09-22 05:05:43 UTC Syncing #13273589 0x84cc…f5f4     0.00 blk/s    0.0 tx/s    0.0 Mgas/s      0+   13 Qed Ancient:#5725213 LI:#13273603   11/25 peers    626 KiB chain    2 MiB queue  RPC:  0 conn,    0 req/s,    0 µs
2021-09-22 05:05:48 UTC Syncing #13273589 0x84cc…f5f4     0.00 blk/s    0.0 tx/s    0.0 Mgas/s      0+   13 Qed Ancient:#5725213 LI:#13273603   14/25 peers    626 KiB chain    2 MiB queue  RPC:  0 conn,    0 req/s,    0 µs
2021-09-22 05:05:55 UTC Syncing #13273590 0xde81…0628     0.20 blk/s   36.8 tx/s    4.5 Mgas/s      0+   13 Qed Ancient:#5725219 LI:#13273604   14/25 peers    697 KiB chain    3 MiB queue  RPC:  0 conn,    0 req/s,    0 µs
2021-09-22 05:05:57 UTC Syncing #13273590 0xde81…0628     0.00 blk/s    0.0 tx/s    0.0 Mgas/s      0+   14 Qed Ancient:#5725219 LI:#13273605   14/25 peers    697 KiB chain    3 MiB queue  RPC:  0 conn,    0 req/s,    0 µs
2021-09-22 05:06:03 UTC Syncing #13273591 0x3a0b…ca2d     0.20 blk/s   11.2 tx/s    0.9 Mgas/s      0+   13 Qed Ancient:#5725220 LI:#13273605   13/25 peers    837 KiB chain    3 MiB queue  RPC:  0 conn,    0 req/s,    0 µs
2021-09-22 05:06:07 UTC Syncing #13273591 0x3a0b…ca2d     0.00 blk/s    0.0 tx/s    0.0 Mgas/s      0+   13 Qed Ancient:#5725220 LI:#13273605   13/25 peers    837 KiB chain    3 MiB queue  RPC:  0 conn,    0 req/s,    0 µs
2021-09-22 05:06:24 UTC Syncing #13273591 0x3a0b…ca2d     0.00 blk/s    0.0 tx/s    0.0 Mgas/s      0+   14 Qed Ancient:#5725220 LI:#13273606   11/25 peers    837 KiB chain    3 MiB queue  RPC:  0 conn,    0 req/s,    0 µs
2021-09-22 05:06:24 UTC Syncing #13273591 0x3a0b…ca2d     0.00 blk/s    0.0 tx/s    0.0 Mgas/s      0+   14 Qed Ancient:#5725220 LI:#13273606   11/25 peers    837 KiB chain    3 MiB queue  RPC:  0 conn,    0 req/s,    0 µs
2021-09-22 05:06:24 UTC Syncing #13273591 0x3a0b…ca2d     0.00 blk/s    0.0 tx/s    0.0 Mgas/s      0+   14 Qed Ancient:#5725220 LI:#13273606   11/25 peers    837 KiB chain    3 MiB queue  RPC:  0 conn,    0 req/s,    0 µs
2021-09-22 05:06:27 UTC Syncing #13273591 0x3a0b…ca2d     0.00 blk/s    0.0 tx/s    0.0 Mgas/s      0+   16 Qed Ancient:#5725220 LI:#13273608   11/25 peers    837 KiB chain    3 MiB queue  RPC:  0 conn,    0 req/s,    0 µs
2021-09-22 05:06:37 UTC Syncing #13273592 0xdc3d…1888     0.10 blk/s   23.9 tx/s    2.6 Mgas/s      0+   15 Qed Ancient:#5725221 LI:#13273608   10/25 peers    837 KiB chain    3 MiB queue  RPC:  0 conn,    0 req/s,    0 µs
2021-09-22 05:06:37 UTC Syncing #13273592 0xdc3d…1888     0.20 blk/s   47.8 tx/s    5.2 Mgas/s      0+   15 Qed Ancient:#5725221 LI:#13273608   10/25 peers    837 KiB chain    3 MiB queue  RPC:  0 conn,    0 req/s,    0 µs
2021-09-22 05:06:50 UTC Syncing #13273593 0xc686…ba39     0.20 blk/s   31.2 tx/s    2.9 Mgas/s      0+   14 Qed Ancient:#5725222 LI:#13273608    9/25 peers    837 KiB chain    2 MiB queue  RPC:  0 conn,    0 req/s,    0 µs
2021-09-22 05:06:50 UTC Syncing #13273593 0xc686…ba39     0.10 blk/s   15.6 tx/s    1.5 Mgas/s      0+   14 Qed Ancient:#5725222 LI:#13273608    9/25 peers    837 KiB chain    2 MiB queue  RPC:  0 conn,    0 req/s,    0 µs
2021-09-22 05:06:52 UTC Syncing #13273593 0xc686…ba39     0.00 blk/s    0.0 tx/s    0.0 Mgas/s      0+   15 Qed Ancient:#5725222 LI:#13273609    9/25 peers    837 KiB chain    3 MiB queue  RPC:  0 conn,    0 req/s,    0 µs
2021-09-22 05:06:58 UTC Syncing #13273595 0xe0cc…8990     0.40 blk/s   49.0 tx/s    3.8 Mgas/s      0+   13 Qed Ancient:#5725224 LI:#13273609    9/25 peers    838 KiB chain    2 MiB queue  RPC:  0 conn,    0 req/s,    0 µs
2021-09-22 05:07:14 UTC Syncing #13273595 0xe0cc…8990     0.00 blk/s    0.0 tx/s    0.0 Mgas/s      0+   13 Qed Ancient:#5725224 LI:#13273610    9/25 peers    838 KiB chain    2 MiB queue  RPC:  0 conn,    0 req/s,    0 µs
2021-09-22 05:07:14 UTC Syncing #13273595 0xe0cc…8990     0.00 blk/s    0.0 tx/s    0.0 Mgas/s      0+   13 Qed Ancient:#5725224 LI:#13273610    9/25 peers    838 KiB chain    2 MiB queue  RPC:  0 conn,    0 req/s,    0 µs
2021-09-22 05:07:14 UTC Syncing #13273595 0xe0cc…8990     0.00 blk/s    0.0 tx/s    0.0 Mgas/s      0+   13 Qed Ancient:#5725224 LI:#13273610    9/25 peers    838 KiB chain    2 MiB queue  RPC:  0 conn,    0 req/s,    0 µs
2021-09-22 05:07:17 UTC Syncing #13273595 0xe0cc…8990     0.00 blk/s    0.0 tx/s    0.0 Mgas/s      0+   15 Qed Ancient:#5725224 LI:#13273611    9/25 peers    838 KiB chain    3 MiB queue  RPC:  0 conn,    0 req/s,    0 µs
2021-09-22 05:07:24 UTC Syncing #13273596 0x9c34…8234     0.20 blk/s   39.6 tx/s    5.3 Mgas/s      0+   14 Qed Ancient:#5725225 LI:#13273611    9/25 peers      1 MiB chain    3 MiB queue  RPC:  0 conn,    0 req/s,    0 µs
2021-09-22 05:07:27 UTC Syncing #13273596 0x9c34…8234     0.00 blk/s    0.0 tx/s    0.0 Mgas/s      0+   14 Qed Ancient:#5725225 LI:#13273611    9/25 peers      1 MiB chain    3 MiB queue  RPC:  0 conn,    0 req/s,    0 µs
2021-09-22 05:07:32 UTC Syncing #13273596 0x9c34…8234     0.00 blk/s    0.0 tx/s    0.0 Mgas/s      0+   15 Qed Ancient:#5725225 LI:#13273612   14/25 peers      1 MiB chain    3 MiB queue  RPC:  0 conn,    0 req/s,    0 µs
2021-09-22 05:07:37 UTC Syncing #13273596 0x9c34…8234     0.00 blk/s    0.0 tx/s    0.0 Mgas/s      0+   16 Qed Ancient:#5725225 LI:#13273613   14/25 peers      1 MiB chain    4 MiB queue  RPC:  0 conn,    0 req/s,    0 µs
2021-09-22 05:08:08 UTC Syncing #13273597 0xed6e…395f     0.03 blk/s    7.6 tx/s    0.8 Mgas/s      0+   18 Qed Ancient:#5725969 LI:#13273615   19/25 peers    0 bytes chain    4 MiB queue  RPC:  0 conn,    0 req/s,    0 µs
2021-09-22 05:08:22 UTC Syncing #13273597 0xed6e…395f     0.00 blk/s    0.0 tx/s    0.0 Mgas/s      0+   18 Qed Ancient:#5725992 LI:#13273616   17/25 peers    639 KiB chain    4 MiB queue  RPC:  0 conn,    0 req/s,    0 µs
2021-09-22 05:08:31 UTC Syncing #13273597 0xed6e…395f     0.00 blk/s    0.0 tx/s    0.0 Mgas/s      0+   18 Qed Ancient:#5725992 LI:#13273616   17/25 peers    639 KiB chain    4 MiB queue  RPC:  0 conn,    0 req/s,    0 µs
2021-09-22 05:08:42 UTC Syncing #13273599 0xdfd9…db06     0.40 blk/s   43.8 tx/s    5.1 Mgas/s      0+   17 Qed Ancient:#5725994 LI:#13273617   16/25 peers    639 KiB chain    4 MiB queue  RPC:  0 conn,    0 req/s,    0 µs
2021-09-22 05:08:42 UTC Syncing #13273600 0x3e53…a7b3     0.10 blk/s    5.2 tx/s    0.5 Mgas/s      0+   16 Qed Ancient:#5725995 LI:#13273617   15/25 peers      1 MiB chain    4 MiB queue  RPC:  0 conn,    0 req/s,    0 µs
2021-09-22 05:08:52 UTC Syncing #13273600 0x3e53…a7b3     0.00 blk/s    0.0 tx/s    0.0 Mgas/s      0+   16 Qed Ancient:#5725995 LI:#13273617   15/25 peers      1 MiB chain    4 MiB queue  RPC:  0 conn,    0 req/s,    0 µs
2021-09-22 05:08:52 UTC Syncing #13273600 0x3e53…a7b3     0.00 blk/s    0.0 tx/s    0.0 Mgas/s      0+   16 Qed Ancient:#5725995 LI:#13273617   15/25 peers      1 MiB chain    4 MiB queue  RPC:  0 conn,    0 req/s,    0 µs
2021-09-22 05:08:58 UTC Syncing #13273600 0x3e53…a7b3     0.00 blk/s    0.0 tx/s    0.0 Mgas/s      0+   17 Qed Ancient:#5725995 LI:#13273618   15/25 peers      1 MiB chain    4 MiB queue  RPC:  0 conn,    0 req/s,    0 µs
2021-09-22 05:09:13 UTC Syncing #13273601 0xd914…a931     0.20 blk/s   39.8 tx/s    4.0 Mgas/s      0+   17 Qed Ancient:#5725996 LI:#13273620   15/25 peers      1 MiB chain    4 MiB queue  RPC:  0 conn,    0 req/s,    0 µs
2021-09-22 05:09:13 UTC Syncing #13273601 0xd914…a931     0.10 blk/s   19.9 tx/s    2.0 Mgas/s      0+   17 Qed Ancient:#5725996 LI:#13273621   15/25 peers      1 MiB chain    4 MiB queue  RPC:  0 conn,    0 req/s,    0 µs
2021-09-22 05:09:13 UTC Syncing #13273601 0xd914…a931     0.00 blk/s    0.0 tx/s    0.0 Mgas/s      0+   18 Qed Ancient:#5725996 LI:#13273622   15/25 peers      1 MiB chain    4 MiB queue  RPC:  0 conn,    0 req/s,    0 µs
2021-09-22 05:09:19 UTC Syncing #13273603 0xd73c…0cee     0.53 blk/s   43.5 tx/s    3.7 Mgas/s      0+   18 Qed Ancient:#5725998 LI:#13273622   15/25 peers      1 MiB chain    4 MiB queue  RPC:  0 conn,    0 req/s,    0 µs
2021-09-22 05:09:25 UTC Syncing #13273603 0xd73c…0cee     0.00 blk/s    0.0 tx/s    0.0 Mgas/s      0+   18 Qed Ancient:#5725998 LI:#13273622   15/25 peers      1 MiB chain    4 MiB queue  RPC:  0 conn,    0 req/s,    0 µs
2021-09-22 05:09:27 UTC Syncing #13273603 0xd73c…0cee     0.00 blk/s    0.0 tx/s    0.0 Mgas/s      0+   18 Qed Ancient:#5725998 LI:#13273622   15/25 peers      1 MiB chain    4 MiB queue  RPC:  0 conn,    0 req/s,    0 µs
2021-09-22 05:09:32 UTC Syncing #13273603 0xd73c…0cee     0.00 blk/s    0.0 tx/s    0.0 Mgas/s      0+   18 Qed Ancient:#5725998 LI:#13273622   14/25 peers      1 MiB chain    4 MiB queue  RPC:  0 conn,    0 req/s,    0 µs
2021-09-22 05:09:37 UTC Syncing #13273603 0xd73c…0cee     0.00 blk/s    0.0 tx/s    0.0 Mgas/s      0+   19 Qed Ancient:#5725998 LI:#13273623   13/25 peers      1 MiB chain    5 MiB queue  RPC:  0 conn,    0 req/s,    0 µs
2021-09-22 05:09:42 UTC Syncing #13273603 0xd73c…0cee     0.00 blk/s    0.0 tx/s    0.0 Mgas/s      0+   20 Qed Ancient:#5725998 LI:#13273624   13/25 peers      1 MiB chain    5 MiB queue  RPC:  0 conn,    0 req/s,    0 µs
2021-09-22 05:09:51 UTC Syncing #13273604 0x099c…f98c     0.20 blk/s   50.2 tx/s    6.0 Mgas/s      0+   19 Qed Ancient:#5725999 LI:#13273624   12/25 peers      1 MiB chain    5 MiB queue  RPC:  0 conn,    0 req/s,    0 µs
2021-09-22 05:09:52 UTC Syncing #13273604 0x099c…f98c     0.00 blk/s    0.0 tx/s    0.0 Mgas/s      0+   20 Qed Ancient:#5725999 LI:#13273625   12/25 peers      1 MiB chain    5 MiB queue  RPC:  0 conn,    0 req/s,    0 µs
2021-09-22 05:10:09 UTC Syncing #13273605 0x97b6…a81d     0.20 blk/s   18.6 tx/s    2.0 Mgas/s      0+   19 Qed Ancient:#5726002 LI:#13273625   12/25 peers      1 MiB chain    5 MiB queue  RPC:  0 conn,    0 req/s,    0 µs
2021-09-22 05:10:09 UTC Syncing #13273605 0x97b6…a81d     0.10 blk/s    9.3 tx/s    1.0 Mgas/s      0+   19 Qed Ancient:#5726002 LI:#13273625   12/25 peers      1 MiB chain    5 MiB queue  RPC:  0 conn,    0 req/s,    0 µs
2021-09-22 05:10:09 UTC Syncing #13273605 0x97b6…a81d     0.00 blk/s    0.0 tx/s    0.0 Mgas/s      0+   19 Qed Ancient:#5726002 LI:#13273625   12/25 peers      1 MiB chain    5 MiB queue  RPC:  0 conn,    0 req/s,    0 µs
2021-09-22 05:10:12 UTC Syncing #13273605 0x97b6…a81d     0.00 blk/s    0.0 tx/s    0.0 Mgas/s      0+   19 Qed Ancient:#5726002 LI:#13273625   12/25 peers      1 MiB chain    5 MiB queue  RPC:  0 conn,    0 req/s,    0 µs
2021-09-22 05:10:17 UTC Syncing #13273605 0x97b6…a81d     0.00 blk/s    0.0 tx/s    0.0 Mgas/s      0+   19 Qed Ancient:#5726002 LI:#13273625   14/25 peers      1 MiB chain    5 MiB queue  RPC:  0 conn,    0 req/s,    0 µs
2021-09-22 05:10:26 UTC Syncing #13273606 0xb58f…4747     0.20 blk/s   37.0 tx/s    4.4 Mgas/s      0+   18 Qed Ancient:#5726003 LI:#13273625   16/25 peers      1 MiB chain    5 MiB queue  RPC:  0 conn,    0 req/s,    0 µs
2021-09-22 05:10:32 UTC Syncing #13273608 0x0c90…8803     0.23 blk/s   10.5 tx/s    1.1 Mgas/s      0+   17 Qed Ancient:#5726005 LI:#13273625   16/25 peers      1 MiB chain    5 MiB queue  RPC:  0 conn,    0 req/s,    0 µs
2021-09-22 05:10:51 UTC Syncing #13273608 0x0c90…8803     0.00 blk/s    0.0 tx/s    0.0 Mgas/s      0+   18 Qed Ancient:#5726200 LI:#13273627   10/25 peers      5 MiB chain    5 MiB queue  RPC:  0 conn,    0 req/s,    0 µs
2021-09-22 05:11:00 UTC Syncing #13273608 0x0c90…8803     0.00 blk/s    0.0 tx/s    0.0 Mgas/s      0+   18 Qed Ancient:#5726200 LI:#13273627   11/25 peers      5 MiB chain    5 MiB queue  RPC:  0 conn,    0 req/s,    0 µs
2021-09-22 05:11:02 UTC Syncing #13273608 0x0c90…8803     0.00 blk/s    0.0 tx/s    0.0 Mgas/s      0+   19 Qed Ancient:#5726200 LI:#13273628   11/25 peers      5 MiB chain    5 MiB queue  RPC:  0 conn,    0 req/s,    0 µs
2021-09-22 05:11:09 UTC Syncing #13273608 0x0c90…8803     0.00 blk/s    0.0 tx/s    0.0 Mgas/s      0+   19 Qed Ancient:#5726200 LI:#13273628   12/25 peers      5 MiB chain    5 MiB queue  RPC:  0 conn,    0 req/s,    0 µs
2021-09-22 05:11:17 UTC Syncing #13273609 0xe8a3…30e8     0.20 blk/s   67.6 tx/s    6.0 Mgas/s      0+   18 Qed Ancient:#5726201 LI:#13273628   12/25 peers      5 MiB chain    5 MiB queue  RPC:  0 conn,    0 req/s,    0 µs
2021-09-22 05:11:17 UTC Syncing #13273609 0xe8a3…30e8     0.00 blk/s    0.0 tx/s    0.0 Mgas/s      0+   18 Qed Ancient:#5726201 LI:#13273628   12/25 peers      5 MiB chain    5 MiB queue  RPC:  0 conn,    0 req/s,    0 µs
2021-09-22 05:11:24 UTC Syncing #13273610 0xe396…1f75     0.20 blk/s   68.8 tx/s    5.9 Mgas/s      0+   17 Qed Ancient:#5726202 LI:#13273628   12/25 peers      5 MiB chain    4 MiB queue  RPC:  0 conn,    0 req/s,    0 µs
2021-09-22 05:11:33 UTC Syncing #13273611 0xcd94…ca09     0.20 blk/s   84.2 tx/s    6.0 Mgas/s      0+   16 Qed Ancient:#5726203 LI:#13273628   12/25 peers      5 MiB chain    4 MiB queue  RPC:  0 conn,    0 req/s,    0 µs
2021-09-22 05:11:33 UTC Syncing #13273612 0x43a8…9387     0.17 blk/s   67.5 tx/s    1.9 Mgas/s      0+   15 Qed Ancient:#5726204 LI:#13273630   12/25 peers      5 MiB chain    4 MiB queue  RPC:  0 conn,    0 req/s,    0 µs