2021-10-01 22:18:20 UTC Syncing #13336065 0x11bd…5caf     0.20 blk/s   36.8 tx/s    3.3 Mgas/s      0+   25 Qed Ancient:#11220170 LI:#13336091    2/25 peers      6 MiB chain    5 MiB queue  RPC:  0 conn,    0 req/s,    0 µs
2021-10-01 22:18:25 UTC Syncing #13336067 0x6dab…816c     0.40 blk/s   46.0 tx/s    2.9 Mgas/s      0+   24 Qed Ancient:#11220172 LI:#13336092    2/25 peers      6 MiB chain    5 MiB queue  RPC:  0 conn,    0 req/s,    0 µs
2021-10-01 22:18:25 UTC Syncing #13336067 0x6dab…816c     0.20 blk/s   23.0 tx/s    1.4 Mgas/s      0+   24 Qed Ancient:#11220172 LI:#13336092    2/25 peers      6 MiB chain    5 MiB queue  RPC:  0 conn,    0 req/s,    0 µs
2021-10-01 22:18:35 UTC Syncing #13336068 0x2607…683d     0.20 blk/s   59.0 tx/s    5.2 Mgas/s      0+   23 Qed Ancient:#11220173 LI:#13336092    2/25 peers      6 MiB chain    5 MiB queue  RPC:  0 conn,    0 req/s,    0 µs
2021-10-01 22:18:41 UTC Syncing #13336072 0xf7cc…3ac4     0.40 blk/s   42.5 tx/s    3.1 Mgas/s      0+   19 Qed Ancient:#11220177 LI:#13336092    2/25 peers      6 MiB chain    4 MiB queue  RPC:  0 conn,    0 req/s,    0 µs
2021-10-01 22:18:41 UTC Syncing #13336070 0xbdb6…4127     0.40 blk/s   34.6 tx/s    2.2 Mgas/s      0+   21 Qed Ancient:#11220175 LI:#13336092    2/25 peers      6 MiB chain    4 MiB queue  RPC:  0 conn,    0 req/s,    0 µs
2021-10-01 22:18:46 UTC Syncing #13336072 0xf7cc…3ac4     0.40 blk/s   50.4 tx/s    3.9 Mgas/s      0+   20 Qed Ancient:#11220177 LI:#13336093    2/25 peers      5 MiB chain    4 MiB queue  RPC:  0 conn,    0 req/s,    0 µs
2021-10-01 22:18:52 UTC Syncing #13336073 0x888a…a25c     0.20 blk/s   39.2 tx/s    3.9 Mgas/s      0+   19 Qed Ancient:#11220178 LI:#13336093    2/25 peers      5 MiB chain    4 MiB queue  RPC:  0 conn,    0 req/s,    0 µs
2021-10-01 22:18:58 UTC Syncing #13336075 0xadc5…2faf     0.40 blk/s   57.4 tx/s    5.7 Mgas/s      0+   18 Qed Ancient:#11220180 LI:#13336094    2/25 peers      5 MiB chain    4 MiB queue  RPC:  0 conn,    0 req/s,    0 µs
2021-10-01 22:19:03 UTC Syncing #13336076 0x374b…ccaa     0.20 blk/s   39.4 tx/s    3.5 Mgas/s      0+   17 Qed Ancient:#11220181 LI:#13336094    2/25 peers      5 MiB chain    3 MiB queue  RPC:  0 conn,    0 req/s,    0 µs
2021-10-01 22:19:09 UTC Syncing #13336077 0x16d3…f7dd     0.20 blk/s   38.2 tx/s    3.5 Mgas/s      0+   16 Qed Ancient:#11220182 LI:#13336094    2/25 peers      5 MiB chain    3 MiB queue  RPC:  0 conn,    0 req/s,    0 µs
2021-10-01 22:19:15 UTC Syncing #13336079 0x9362…1ffe     0.40 blk/s   46.8 tx/s    4.7 Mgas/s      0+   14 Qed Ancient:#11220184 LI:#13336094    2/25 peers      5 MiB chain    3 MiB queue  RPC:  0 conn,    0 req/s,    0 µs
2021-10-01 22:19:20 UTC Syncing #13336081 0xe138…7cd8     0.40 blk/s   30.0 tx/s    3.5 Mgas/s      0+   12 Qed Ancient:#11220186 LI:#13336095    2/25 peers      5 MiB chain    3 MiB queue  RPC:  0 conn,    0 req/s,    0 µs
2021-10-01 22:19:24 UTC Syncing #13336083 0x08e7…b425     0.40 blk/s   35.0 tx/s    6.1 Mgas/s      0+   11 Qed Ancient:#11220188 LI:#13336095    2/25 peers      5 MiB chain    3 MiB queue  RPC:  0 conn,    0 req/s,    0 µs
2021-10-01 22:19:30 UTC Syncing #13336084 0xced7…ccf6     0.20 blk/s    3.4 tx/s    0.4 Mgas/s      0+   10 Qed Ancient:#11220189 LI:#13336095    2/25 peers      5 MiB chain    3 MiB queue  RPC:  0 conn,    0 req/s,    0 µs
2021-10-01 22:19:30 UTC Syncing #13336084 0xced7…ccf6     0.10 blk/s    1.7 tx/s    0.2 Mgas/s      0+   10 Qed Ancient:#11220189 LI:#13336095    2/25 peers      5 MiB chain    3 MiB queue  RPC:  0 conn,    0 req/s,    0 µs
2021-10-01 22:19:35 UTC Syncing #13336085 0x7a96…3073     0.20 blk/s   41.2 tx/s    4.3 Mgas/s      0+   11 Qed Ancient:#11220190 LI:#13336097    2/25 peers      6 MiB chain    3 MiB queue  RPC:  0 conn,    0 req/s,    0 µs
2021-10-01 22:19:44 UTC Syncing #13336086 0xf512…2f13     0.20 blk/s   99.2 tx/s    6.0 Mgas/s      0+   10 Qed Ancient:#11220191 LI:#13336097    2/25 peers      6 MiB chain    2 MiB queue  RPC:  0 conn,    0 req/s,    0 µs
2021-10-01 22:19:57 UTC Syncing #13336090 0x5d1b…fce1     0.40 blk/s  100.5 tx/s    7.1 Mgas/s      0+    6 Qed Ancient:#11220195 LI:#13336098    2/25 peers      6 MiB chain    1 MiB queue  RPC:  0 conn,    0 req/s,    0 µs
2021-10-01 22:19:57 UTC Syncing #13336090 0x5d1b…fce1     0.27 blk/s   67.0 tx/s    4.7 Mgas/s      0+    6 Qed Ancient:#11220195 LI:#13336099    2/25 peers      6 MiB chain    1 MiB queue  RPC:  0 conn,    0 req/s,    0 µs
2021-10-01 22:19:57 UTC Syncing #13336087 0x5a37…1817     0.20 blk/s  134.6 tx/s    6.0 Mgas/s      0+    9 Qed Ancient:#11220192 LI:#13336097    2/25 peers      6 MiB chain    2 MiB queue  RPC:  0 conn,    0 req/s,    0 µs
2021-10-01 22:20:02 UTC Syncing #13336090 0x5d1b…fce1     0.00 blk/s    0.0 tx/s    0.0 Mgas/s      0+    8 Qed Ancient:#11220195 LI:#13336099    2/25 peers      6 MiB chain    2 MiB queue  RPC:  0 conn,    0 req/s,    0 µs
2021-10-01 22:20:13 UTC Syncing #13336092 0xc51b…ed8b     0.40 blk/s   61.4 tx/s    6.9 Mgas/s      0+    6 Qed Ancient:#11220197 LI:#13336100    2/25 peers      6 MiB chain    1 MiB queue  RPC:  0 conn,    0 req/s,    0 µs
2021-10-01 22:20:13 UTC Syncing #13336094 0xb379…cff7     0.40 blk/s   58.5 tx/s    5.7 Mgas/s      0+    4 Qed Ancient:#11220199 LI:#13336100    2/25 peers      6 MiB chain  716 KiB queue  RPC:  0 conn,    0 req/s,    0 µs
2021-10-01 22:20:18 UTC Syncing #13336094 0xb379…cff7     0.00 blk/s    0.0 tx/s    0.0 Mgas/s      0+    5 Qed Ancient:#11220199 LI:#13336100    2/25 peers      6 MiB chain    1 MiB queue  RPC:  0 conn,    0 req/s,    0 µs
2021-10-01 22:20:24 UTC Syncing #13336095 0x0939…b75d     0.20 blk/s   67.2 tx/s    6.0 Mgas/s      0+    6 Qed Ancient:#11220200 LI:#13336103    2/25 peers      6 MiB chain  925 KiB queue  RPC:  0 conn,    0 req/s,    0 µs
2021-10-01 22:20:29 UTC Syncing #13336096 0xc078…2b95     0.20 blk/s   41.8 tx/s    5.2 Mgas/s      0+    6 Qed Ancient:#11220201 LI:#13336104    2/25 peers      6 MiB chain  860 KiB queue  RPC:  0 conn,    0 req/s,    0 µs
2021-10-01 22:20:35 UTC Syncing #13336098 0x9cfe…56ca     0.40 blk/s   32.6 tx/s    2.4 Mgas/s      0+    6 Qed Ancient:#11220203 LI:#13336105    2/25 peers      6 MiB chain    1 MiB queue  RPC:  0 conn,    0 req/s,    0 µs
2021-10-01 22:20:35 UTC Syncing #13336099 0x4152…2b24     0.20 blk/s   31.6 tx/s    3.6 Mgas/s      0+    5 Qed Ancient:#11220204 LI:#13336105    2/25 peers      6 MiB chain  711 KiB queue  RPC:  0 conn,    0 req/s,    0 µs
2021-10-01 22:21:14 UTC Imported #13336105 0xddf5…2a2b (20 txs, 2.26 Mgas, 759 ms, 11.79 KiB)
2021-10-01 22:21:14 UTC  Ancient:#11222145 AB:#11223537    1/25 peers     36 KiB chain  0 bytes queue  RPC:  0 conn,    0 req/s,    0 µs
2021-10-01 22:21:42 UTC Imported #13336108 0x0564…4fdc (300 txs, 29.98 Mgas, 7893 ms, 121.19 KiB)
2021-10-01 22:21:52 UTC  Ancient:#11222553 AB:#11223537    1/25 peers      9 MiB chain  0 bytes queue  RPC:  0 conn,    0 req/s,    0 µs
2021-10-01 22:21:52 UTC  Ancient:#11222764 AB:#11223537    1/25 peers      4 MiB chain 776 bytes queue  RPC:  0 conn,    0 req/s,    0 µs
2021-10-01 22:22:02 UTC Imported #13336110 0x0f10…08cc (66 txs, 7.82 Mgas, 1873 ms, 33.26 KiB)
2021-10-01 22:22:25 UTC  Ancient:#11223537 AB:#11223537    1/25 peers    109 KiB chain  0 bytes queue  RPC:  0 conn,    0 req/s,    0 µs
2021-10-01 22:22:42 UTC Imported #13336113 0xb787…b89e (144 txs, 14.15 Mgas, 5200 ms, 68.58 KiB)
2021-10-01 22:22:56 UTC  Ancient:#11223537 AB:#11223537    1/25 peers    527 KiB chain  0 bytes queue  RPC:  0 conn,    0 req/s,    0 µs
2021-10-01 22:23:02 UTC Imported #13336114 0xb1d5…28bc (202 txs, 18.44 Mgas, 20197 ms, 78.09 KiB)
2021-10-01 22:23:25 UTC  Ancient:#11223773 AB:#11224119    1/25 peers      5 MiB chain  0 bytes queue  RPC:  0 conn,    0 req/s,    0 µs
2021-10-01 22:23:56 UTC  Ancient:#11224103 AB:#11224592    2/25 peers      2 MiB chain  376 KiB queue  RPC:  0 conn,    0 req/s,    0 µs