2021-09-21 19:43:24 UTC Syncing #13271071 0x8a81…c770     0.00 blk/s    0.0 tx/s    0.0 Mgas/s      0+    8 Qed Ancient:#5411266 LI:#13271080   32/50 peers      4 MiB chain    3 MiB queue  RPC:  0 conn,    0 req/s,    0 µs
2021-09-21 19:43:29 UTC Syncing #13271072 0x1459…3938     0.20 blk/s   84.8 tx/s    5.5 Mgas/s      0+    7 Qed Ancient:#5411268 LI:#13271080   32/50 peers      4 MiB chain    2 MiB queue  RPC:  0 conn,    0 req/s,    0 µs
2021-09-21 19:43:34 UTC Syncing #13271074 0x37f7…33e2     0.40 blk/s   74.6 tx/s    3.7 Mgas/s      0+    5 Qed Ancient:#5411270 LI:#13271080   32/50 peers      4 MiB chain    2 MiB queue  RPC:  0 conn,    0 req/s,    0 µs
2021-09-21 19:43:39 UTC Syncing #13271074 0x37f7…33e2     0.00 blk/s    0.0 tx/s    0.0 Mgas/s      0+    5 Qed Ancient:#5411270 LI:#13271080   32/50 peers      4 MiB chain    2 MiB queue  RPC:  0 conn,    0 req/s,    0 µs
2021-09-21 19:43:44 UTC Syncing #13271074 0x37f7…33e2     0.00 blk/s    0.0 tx/s    0.0 Mgas/s      0+    6 Qed Ancient:#5411270 LI:#13271081   32/50 peers      4 MiB chain    2 MiB queue  RPC:  0 conn,    0 req/s,    0 µs
2021-09-21 19:43:49 UTC Syncing #13271075 0x0e2c…3873     0.20 blk/s  141.2 tx/s    6.0 Mgas/s      0+    6 Qed Ancient:#5411271 LI:#13271081   33/50 peers      4 MiB chain    2 MiB queue  RPC:  0 conn,    0 req/s,    0 µs
2021-09-21 19:43:54 UTC Syncing #13271076 0x50db…74e3     0.20 blk/s   35.6 tx/s    2.7 Mgas/s      0+    5 Qed Ancient:#5411272 LI:#13271082   32/50 peers      4 MiB chain    2 MiB queue  RPC:  0 conn,    0 req/s,    0 µs
2021-09-21 19:43:59 UTC Syncing #13271076 0x50db…74e3     0.00 blk/s    0.0 tx/s    0.0 Mgas/s      0+    6 Qed Ancient:#5411272 LI:#13271083   32/50 peers      4 MiB chain    2 MiB queue  RPC:  0 conn,    0 req/s,    0 µs
2021-09-21 19:44:04 UTC Syncing #13271077 0xb650…e5f9     0.20 blk/s   66.8 tx/s    3.0 Mgas/s      0+    5 Qed Ancient:#5411273 LI:#13271083   33/50 peers      4 MiB chain 1009 KiB queue  RPC:  0 conn,    0 req/s,    0 µs
2021-09-21 19:44:09 UTC Syncing #13271077 0xb650…e5f9     0.00 blk/s    0.0 tx/s    0.0 Mgas/s      0+    5 Qed Ancient:#5411273 LI:#13271083   32/50 peers      4 MiB chain 1009 KiB queue  RPC:  0 conn,    0 req/s,    0 µs
2021-09-21 19:44:14 UTC Syncing #13271077 0xb650…e5f9     0.00 blk/s    0.0 tx/s    0.0 Mgas/s      0+    6 Qed Ancient:#5411273 LI:#13271084   33/50 peers      4 MiB chain    1 MiB queue  RPC:  0 conn,    0 req/s,    0 µs
2021-09-21 19:44:37 UTC Imported #13271084 0x994f…4d2b (54 txs, 2.81 Mgas, 1167 ms, 11.67 KiB)
2021-09-21 19:44:44 UTC  Ancient:#5413079 AB:#5414558   29/50 peers     19 MiB chain  0 bytes queue  RPC:  0 conn,    0 req/s,    0 µs
2021-09-21 19:45:21 UTC Imported #13271090 0x0673…cd9e (20 txs, 1.61 Mgas, 573 ms, 11.41 KiB)
2021-09-21 19:45:21 UTC  Ancient:#5414373 AB:#5415854   11/25 peers     18 MiB chain  0 bytes queue  RPC:  0 conn,    0 req/s,    0 µs
2021-09-21 19:45:43 UTC Imported #13271091 0xc0a3…a861 (430 txs, 29.98 Mgas, 15488 ms, 148.77 KiB)
2021-09-21 19:45:54 UTC  Ancient:#5415854 AB:#5415854    5/25 peers     92 KiB chain  0 bytes queue  RPC:  0 conn,    0 req/s,    0 µs
2021-09-21 19:45:57 UTC Imported #13271093 0x8b16…a82e (226 txs, 16.47 Mgas, 4891 ms, 76.46 KiB)
2021-09-21 19:46:14 UTC Imported #13271094 0xafe8…535b (238 txs, 17.33 Mgas, 7537 ms, 90.55 KiB)
2021-09-21 19:46:24 UTC  Ancient:#5416617 AB:#5416617    4/25 peers      5 MiB chain  0 bytes queue  RPC:  0 conn,    0 req/s,    0 µs
2021-09-21 19:46:44 UTC Syncing #13271094 0xafe8…535b     0.00 blk/s    0.0 tx/s    0.0 Mgas/s      0+    1 Qed Ancient:#5416617 LI:#13271096    5/25 peers      5 MiB chain   54 KiB queue  RPC:  0 conn,    0 req/s,    0 µs
2021-09-21 19:46:51 UTC Syncing #13271096 0x649a…f65c     0.40 blk/s   94.6 tx/s    5.6 Mgas/s      0+    0 Qed Ancient:#5416617 LI:#13271096    4/25 peers      5 MiB chain  0 bytes queue  RPC:  0 conn,    0 req/s,    0 µs
2021-09-21 19:46:54 UTC Syncing #13271096 0x649a…f65c     0.00 blk/s    0.0 tx/s    0.0 Mgas/s      0+    1 Qed Ancient:#5416617 LI:#13271098    5/25 peers      5 MiB chain  432 KiB queue  RPC:  0 conn,    0 req/s,    0 µs
2021-09-21 19:47:06 UTC Imported #13271099 0xe74c…6503 (22 txs, 1.04 Mgas, 447 ms, 5.64 KiB) + another 1 block(s) containing 41 tx(s)
2021-09-21 19:47:15 UTC Syncing #13271099 0xe74c…6503     0.14 blk/s   18.0 tx/s    1.3 Mgas/s      0+    0 Qed Ancient:#5418013 LI:#13271099    4/25 peers   744 bytes chain  0 bytes queue  RPC:  0 conn,    0 req/s,    0 µs
2021-09-21 19:47:44 UTC Imported #13271102 0x625b…f339 (101 txs, 9.23 Mgas, 3408 ms, 119.49 KiB)
2021-09-21 19:47:49 UTC  Ancient:#5419537 AB:#5420379   10/25 peers      1 MiB chain  0 bytes queue  RPC:  0 conn,    0 req/s,    0 µs
2021-09-21 19:47:54 UTC Syncing #13271103 0xaf85…6f22     0.18 blk/s   44.8 tx/s    2.2 Mgas/s      0+    1 Qed Ancient:#5419538 LI:#13271104    6/25 peers      1 MiB chain  260 KiB queue  RPC:  0 conn,    0 req/s,    0 µs
2021-09-21 19:47:59 UTC Syncing #13271103 0xaf85…6f22     0.00 blk/s    0.0 tx/s    0.0 Mgas/s      0+    0 Qed Ancient:#5419538 LI:#13271104    6/25 peers      1 MiB chain  0 bytes queue  RPC:  0 conn,    0 req/s,    0 µs
2021-09-21 19:48:04 UTC Syncing #13271103 0xaf85…6f22     0.00 blk/s    0.0 tx/s    0.0 Mgas/s      0+    4 Qed Ancient:#5419538 LI:#13271108    6/25 peers      1 MiB chain  819 KiB queue  RPC:  0 conn,    0 req/s,    0 µs
2021-09-21 19:48:33 UTC Imported #13271108 0x2b7c…bc0c (151 txs, 13.82 Mgas, 6909 ms, 73.48 KiB)
2021-09-21 19:48:41 UTC  Ancient:#5419874 AB:#5421188    1/25 peers      5 MiB chain  0 bytes queue  RPC:  0 conn,    0 req/s,    0 µs
2021-09-21 19:49:04 UTC  Ancient:#5421188 AB:#5421188    4/25 peers     92 KiB chain  0 bytes queue  RPC:  0 conn,    0 req/s,    0 µs