2021-09-21 19:47:06 UTC Imported #13271099 0xe74c…6503 (22 txs, 1.04 Mgas, 447 ms, 5.64 KiB) + another 1 block(s) containing 41 tx(s)
2021-09-21 19:47:15 UTC Syncing #13271099 0xe74c…6503     0.14 blk/s   18.0 tx/s    1.3 Mgas/s      0+    0 Qed Ancient:#5418013 LI:#13271099    4/25 peers   744 bytes chain  0 bytes queue  RPC:  0 conn,    0 req/s,    0 µs
2021-09-21 19:47:44 UTC Imported #13271102 0x625b…f339 (101 txs, 9.23 Mgas, 3408 ms, 119.49 KiB)
2021-09-21 19:47:49 UTC  Ancient:#5419537 AB:#5420379   10/25 peers      1 MiB chain  0 bytes queue  RPC:  0 conn,    0 req/s,    0 µs
2021-09-21 19:47:54 UTC Syncing #13271103 0xaf85…6f22     0.18 blk/s   44.8 tx/s    2.2 Mgas/s      0+    1 Qed Ancient:#5419538 LI:#13271104    6/25 peers      1 MiB chain  260 KiB queue  RPC:  0 conn,    0 req/s,    0 µs
2021-09-21 19:47:59 UTC Syncing #13271103 0xaf85…6f22     0.00 blk/s    0.0 tx/s    0.0 Mgas/s      0+    0 Qed Ancient:#5419538 LI:#13271104    6/25 peers      1 MiB chain  0 bytes queue  RPC:  0 conn,    0 req/s,    0 µs
2021-09-21 19:48:04 UTC Syncing #13271103 0xaf85…6f22     0.00 blk/s    0.0 tx/s    0.0 Mgas/s      0+    4 Qed Ancient:#5419538 LI:#13271108    6/25 peers      1 MiB chain  819 KiB queue  RPC:  0 conn,    0 req/s,    0 µs
2021-09-21 19:48:33 UTC Imported #13271108 0x2b7c…bc0c (151 txs, 13.82 Mgas, 6909 ms, 73.48 KiB)
2021-09-21 19:48:41 UTC  Ancient:#5419874 AB:#5421188    1/25 peers      5 MiB chain  0 bytes queue  RPC:  0 conn,    0 req/s,    0 µs
2021-09-21 19:49:04 UTC  Ancient:#5421188 AB:#5421188    4/25 peers     92 KiB chain  0 bytes queue  RPC:  0 conn,    0 req/s,    0 µs
2021-09-21 19:49:40 UTC  Ancient:#5421197 AB:#5422756    5/25 peers    356 KiB chain  0 bytes queue  RPC:  0 conn,    0 req/s,    0 µs
2021-09-21 19:50:02 UTC Imported #13271114 0x4f92…9855 (148 txs, 11.83 Mgas, 6273 ms, 62.07 KiB)
2021-09-21 19:50:23 UTC  Ancient:#5424898 AB:#5424898    3/25 peers    584 KiB chain  0 bytes queue  RPC:  0 conn,    0 req/s,    0 µs
2021-09-21 19:50:23 UTC  Ancient:#5424285 AB:#5424898    3/25 peers    0 bytes chain  0 bytes queue  RPC:  0 conn,    0 req/s,    0 µs
2021-09-21 19:50:23 UTC Imported #13271115 0x2faf…5ea1 (250 txs, 18.14 Mgas, 9753 ms, 105.29 KiB)
2021-09-21 19:50:29 UTC Imported #13271116 0xf658…7342 (237 txs, 16.74 Mgas, 6201 ms, 98.97 KiB)
2021-09-21 19:51:01 UTC Imported #13271117 0x3bc0…f58f (306 txs, 22.43 Mgas, 11499 ms, 142.07 KiB)
2021-09-21 19:51:31 UTC  Ancient:#5426543 AB:#5426543    5/25 peers    0 bytes chain  0 bytes queue  RPC:  0 conn,    0 req/s,    0 µs
2021-09-21 19:51:35 UTC Imported #13271118 0x25be…b974 (218 txs, 21.50 Mgas, 9282 ms, 93.08 KiB)
2021-09-21 19:52:52 UTC Syncing #13271119 0x9873…8960     0.02 blk/s    5.3 tx/s    0.6 Mgas/s      0+    7 Qed Ancient:#5426543 LI:#13271125    0/25 peers    693 KiB chain  945 KiB queue  RPC:  0 conn,    0 req/s,    0 µs
2021-09-21 19:52:57 UTC Syncing #13271119 0x9873…8960     0.00 blk/s    0.0 tx/s    0.0 Mgas/s      0+    7 Qed Ancient:#5426543 LI:#13271125    0/25 peers    693 KiB chain  945 KiB queue  RPC:  0 conn,    0 req/s,    0 µs
2021-09-21 19:52:59 UTC Syncing #13271119 0x9873…8960     0.00 blk/s    0.0 tx/s    0.0 Mgas/s      0+    7 Qed Ancient:#5426543 LI:#13271125    0/25 peers    693 KiB chain  945 KiB queue  RPC:  0 conn,    0 req/s,    0 µs
2021-09-21 19:53:02 UTC Syncing #13271119 0x9873…8960     0.00 blk/s    0.0 tx/s    0.0 Mgas/s      0+    7 Qed Ancient:#5426543 LI:#13271125    0/25 peers    693 KiB chain  945 KiB queue  RPC:  0 conn,    0 req/s,    0 µs
2021-09-21 19:53:03 UTC Syncing #13271119 0x9873…8960     0.00 blk/s    0.0 tx/s    0.0 Mgas/s      0+    7 Qed Ancient:#5426543 LI:#13271125    0/25 peers    693 KiB chain  945 KiB queue  RPC:  0 conn,    0 req/s,    0 µs
2021-09-21 19:53:09 UTC Syncing #13271119 0x9873…8960     0.00 blk/s    0.0 tx/s    0.0 Mgas/s      0+    7 Qed Ancient:#5426543 LI:#13271125    0/25 peers    693 KiB chain  945 KiB queue  RPC:  0 conn,    0 req/s,    0 µs
2021-09-21 19:53:13 UTC Syncing #13271119 0x9873…8960     0.00 blk/s    0.0 tx/s    0.0 Mgas/s      0+    7 Qed Ancient:#5426543 LI:#13271125    0/25 peers    693 KiB chain  945 KiB queue  RPC:  0 conn,    0 req/s,    0 µs
2021-09-21 19:53:14 UTC Syncing #13271119 0x9873…8960     0.00 blk/s    0.0 tx/s    0.0 Mgas/s      0+    6 Qed Ancient:#5426543 LI:#13271125    0/25 peers    693 KiB chain  667 KiB queue  RPC:  0 conn,    0 req/s,    0 µs
2021-09-21 19:53:19 UTC Syncing #13271119 0x9873…8960     0.00 blk/s    0.0 tx/s    0.0 Mgas/s      0+    6 Qed Ancient:#5426543 LI:#13271125    0/25 peers    693 KiB chain  667 KiB queue  RPC:  0 conn,    0 req/s,    0 µs
2021-09-21 19:53:33 UTC Syncing #13271119 0x9873…8960     0.00 blk/s    0.0 tx/s    0.0 Mgas/s      0+    6 Qed Ancient:#5426543 LI:#13271125    0/25 peers    693 KiB chain  667 KiB queue  RPC:  0 conn,    0 req/s,    0 µs
2021-09-21 19:53:33 UTC Syncing #13271119 0x9873…8960     0.00 blk/s    0.0 tx/s    0.0 Mgas/s      0+    6 Qed Ancient:#5426543 LI:#13271125    0/25 peers    693 KiB chain  667 KiB queue  RPC:  0 conn,    0 req/s,    0 µs
2021-09-21 19:53:34 UTC Syncing #13271120 0x762f…19bf     0.20 blk/s   49.0 tx/s    6.0 Mgas/s      0+    5 Qed Ancient:#5426543 LI:#13271125    0/25 peers    693 KiB chain  626 KiB queue  RPC:  0 conn,    0 req/s,    0 µs
2021-09-21 19:53:44 UTC Syncing #13271121 0xd157…4791     0.40 blk/s   13.0 tx/s    2.9 Mgas/s      0+    6 Qed Ancient:#5426543 LI:#13271128    1/25 peers    938 KiB chain  735 KiB queue  RPC:  0 conn,    0 req/s,    0 µs
2021-09-21 19:53:44 UTC Syncing #13271121 0xd157…4791     0.00 blk/s    0.0 tx/s    0.0 Mgas/s      0+    6 Qed Ancient:#5426543 LI:#13271128    0/25 peers    938 KiB chain  735 KiB queue  RPC:  0 conn,    0 req/s,    0 µs
2021-09-21 19:53:48 UTC Reorg to #13271122 0x3930…97fb (0xd157…4791 #13271120 0x762f…19bf 0x2b86…7deb)
2021-09-21 19:54:04 UTC Syncing #13271122 0x3930…97fb     0.20 blk/s   23.6 tx/s    3.0 Mgas/s      0+    5 Qed Ancient:#5426543 LI:#13271128    0/25 peers   1009 KiB chain  710 KiB queue  RPC:  0 conn,    0 req/s,    0 µs
2021-09-21 19:54:04 UTC Syncing #13271123 0x6343…a79d     0.13 blk/s    9.7 tx/s    1.3 Mgas/s      0+    4 Qed Ancient:#5426543 LI:#13271128    0/25 peers   1009 KiB chain  533 KiB queue  RPC:  0 conn,    0 req/s,    0 µs
2021-09-21 19:54:04 UTC Syncing #13271123 0x6343…a79d     0.20 blk/s   14.5 tx/s    2.0 Mgas/s      0+    4 Qed Ancient:#5426543 LI:#13271128    0/25 peers   1009 KiB chain  533 KiB queue  RPC:  0 conn,    0 req/s,    0 µs
2021-09-21 19:54:04 UTC Syncing #13271123 0x6343…a79d     0.00 blk/s    0.0 tx/s    0.0 Mgas/s      0+    4 Qed Ancient:#5426543 LI:#13271128    0/25 peers   1009 KiB chain  533 KiB queue  RPC:  0 conn,    0 req/s,    0 µs
2021-09-21 19:54:24 UTC Syncing #13271124 0xaf07…fd8e     0.05 blk/s    8.1 tx/s    1.4 Mgas/s      0+    3 Qed Ancient:#5426543 LI:#13271128    2/25 peers   1009 KiB chain  317 KiB queue  RPC:  0 conn,    0 req/s,    0 µs
2021-09-21 19:54:33 UTC Syncing #13271124 0xaf07…fd8e     0.00 blk/s    0.0 tx/s    0.0 Mgas/s      0+    5 Qed Ancient:#5426543 LI:#13271130    2/25 peers   1009 KiB chain  465 KiB queue  RPC:  0 conn,    0 req/s,    0 µs
2021-09-21 19:55:06 UTC  Ancient:#5426547 AB:#5426585    0/25 peers      1 MiB chain  0 bytes queue  RPC:  0 conn,    0 req/s,    0 µs
2021-09-21 19:55:06 UTC  Ancient:#5426547 AB:#5426585    0/25 peers      1 MiB chain  0 bytes queue  RPC:  0 conn,    0 req/s,    0 µs
2021-09-21 19:55:06 UTC Imported #13271130 0xb3a3…f2c8 (86 txs, 29.99 Mgas, 6732 ms, 14.02 KiB)
2021-09-21 19:55:46 UTC  Ancient:#5426585 AB:#5426585    1/25 peers      2 MiB chain  0 bytes queue  RPC:  0 conn,    0 req/s,    0 µs
2021-09-21 19:56:22 UTC  Ancient:#5426585 AB:#5426585    1/25 peers      2 MiB chain  0 bytes queue  RPC:  0 conn,    0 req/s,    0 µs
2021-09-21 19:56:44 UTC Syncing #13271130 0xb3a3…f2c8     0.00 blk/s    0.0 tx/s    0.0 Mgas/s      0+    6 Qed Ancient:#5426585 LI:#13271137    2/25 peers      2 MiB chain  958 KiB queue  RPC:  0 conn,    0 req/s,    0 µs
2021-09-21 19:56:49 UTC Syncing #13271131 0x3ecf…a380     0.20 blk/s   16.8 tx/s    6.0 Mgas/s      0+    5 Qed Ancient:#5426586 LI:#13271137    4/25 peers      2 MiB chain  885 KiB queue  RPC:  0 conn,    0 req/s,    0 µs
2021-09-21 19:57:02 UTC Syncing #13271131 0x3ecf…a380     0.00 blk/s    0.0 tx/s    0.0 Mgas/s      0+    5 Qed Ancient:#5426586 LI:#13271137    4/25 peers      2 MiB chain  885 KiB queue  RPC:  0 conn,    0 req/s,    0 µs
2021-09-21 19:57:02 UTC Syncing #13271132 0x2d21…3430     0.10 blk/s    8.4 tx/s    3.0 Mgas/s      0+    4 Qed Ancient:#5426587 LI:#13271137    4/25 peers      2 MiB chain  801 KiB queue  RPC:  0 conn,    0 req/s,    0 µs
2021-09-21 19:57:26 UTC Imported #13271137 0x5f5b…bc5c (122 txs, 5.44 Mgas, 2142 ms, 25.00 KiB)
2021-09-21 19:57:30 UTC  Ancient:#5427528 AB:#5427528    0/25 peers    259 KiB chain  0 bytes queue  RPC:  0 conn,    0 req/s,    0 µs
2021-09-21 19:57:59 UTC Syncing #13271142 0xe90b…8c2c     0.20 blk/s   24.4 tx/s    0.9 Mgas/s      0+    1 Qed Ancient:#5427533 LI:#13271144    2/25 peers    400 KiB chain   62 KiB queue  RPC:  0 conn,    0 req/s,    0 µs
2021-09-21 19:58:01 UTC Imported #13271144 0xfd45…fff1 (62 txs, 2.83 Mgas, 901 ms, 20.37 KiB)
2021-09-21 19:58:29 UTC Syncing #13271144 0xfd45…fff1     0.06 blk/s   12.1 tx/s    0.5 Mgas/s      0+    8 Qed Ancient:#5427846 LI:#13271154    3/25 peers      5 MiB chain    1 MiB queue  RPC:  0 conn,    0 req/s,    0 µs
2021-09-21 19:58:38 UTC Syncing #13271146 0xe429…7396     0.40 blk/s   61.0 tx/s    3.4 Mgas/s      0+    8 Qed Ancient:#5427849 LI:#13271155    5/25 peers      5 MiB chain    1 MiB queue  RPC:  0 conn,    0 req/s,    0 µs
2021-09-21 19:58:44 UTC Syncing #13271148 0xc668…1956     0.40 blk/s   78.4 tx/s    3.9 Mgas/s      0+    6 Qed Ancient:#5427851 LI:#13271155    5/25 peers      5 MiB chain    1 MiB queue  RPC:  0 conn,    0 req/s,    0 µs
2021-09-21 19:58:49 UTC Syncing #13271149 0xb246…9f59     0.20 blk/s   38.8 tx/s    2.0 Mgas/s      0+    6 Qed Ancient:#5427852 LI:#13271156    5/25 peers      5 MiB chain    2 MiB queue  RPC:  0 conn,    0 req/s,    0 µs