2021-05-11 22:58:52 UTC Imported #12415952 0xb434…a27d (270 txs, 14.97 Mgas, 4352 ms, 55.09 KiB)
2021-05-11 22:58:54 UTC  41/50 peers      7 MiB chain  0 bytes queue  RPC:  0 conn,    0 req/s,    0 µs
2021-05-11 22:58:57 UTC Imported #12415953 0xf9d2…638c (248 txs, 14.98 Mgas, 3612 ms, 55.33 KiB)
2021-05-11 22:59:17 UTC Imported #12415955 0x835f…b66b (161 txs, 15.00 Mgas, 4725 ms, 43.30 KiB)
2021-05-11 22:59:26 UTC  43/50 peers      4 MiB chain  0 bytes queue  RPC:  0 conn,    0 req/s,    0 µs
2021-05-11 22:59:38 UTC Imported #12415956 0xdbaf…2cf0 (294 txs, 14.99 Mgas, 3010 ms, 61.66 KiB)
2021-05-11 22:59:42 UTC Imported #12415957 0xe7df…2eaf (289 txs, 15.00 Mgas, 2818 ms, 61.25 KiB)
2021-05-11 22:59:59 UTC  43/50 peers      6 MiB chain  0 bytes queue  RPC:  0 conn,    0 req/s,    0 µs
2021-05-11 22:59:59 UTC  43/50 peers      6 MiB chain  210 KiB queue  RPC:  0 conn,    0 req/s,    0 µs
2021-05-11 23:00:05 UTC Imported #12415959 0xf1ac…8bd1 (236 txs, 14.99 Mgas, 5460 ms, 64.85 KiB)
2021-05-11 23:00:32 UTC  47/50 peers      6 MiB chain  0 bytes queue  RPC:  0 conn,    0 req/s,    0 µs
2021-05-11 23:00:51 UTC Imported #12415960 0x707b…475c (324 txs, 14.98 Mgas, 4404 ms, 66.71 KiB)
2021-05-11 23:01:01 UTC  47/50 peers      7 MiB chain  0 bytes queue  RPC:  0 conn,    0 req/s,    0 µs
2021-05-11 23:01:18 UTC Imported #12415961 0x85a9…79db (274 txs, 14.99 Mgas, 5013 ms, 49.70 KiB)
2021-05-11 23:01:32 UTC  46/50 peers      5 MiB chain  0 bytes queue  RPC:  0 conn,    0 req/s,    0 µs
2021-05-11 23:01:37 UTC Imported #12415962 0xf576…1bb0 (289 txs, 14.97 Mgas, 4007 ms, 62.62 KiB)
2021-05-11 23:02:06 UTC Imported #12415963 0x0fc1…75a1 (286 txs, 14.99 Mgas, 3491 ms, 60.18 KiB)
2021-05-11 23:02:14 UTC  45/50 peers      6 MiB chain  0 bytes queue  RPC:  0 conn,    0 req/s,    0 µs
2021-05-11 23:02:14 UTC Imported #12415964 0xbe8f…e63a (279 txs, 14.94 Mgas, 5909 ms, 53.79 KiB)
2021-05-11 23:02:30 UTC Imported #12415965 0x097b…2cd1 (260 txs, 14.98 Mgas, 1994 ms, 57.21 KiB)
2021-05-11 23:02:47 UTC  46/50 peers      5 MiB chain  0 bytes queue  RPC:  0 conn,    0 req/s,    0 µs
2021-05-11 23:02:51 UTC Reorg to #12415966 0x0081…5c47 (0x165c…2038 #12415964 0xbe8f…e63a 0x097b…2cd1)
2021-05-11 23:02:51 UTC Imported #12415966 0x0081…5c47 (280 txs, 14.98 Mgas, 4938 ms, 53.69 KiB)
2021-05-11 23:03:04 UTC Imported #12415967 0xec7e…f8c3 (252 txs, 15.00 Mgas, 1917 ms, 66.61 KiB)
2021-05-11 23:03:21 UTC  46/50 peers      5 MiB chain  0 bytes queue  RPC:  0 conn,    0 req/s,    0 µs
2021-05-11 23:03:38 UTC Imported #12415968 0xdd5b…4d69 (329 txs, 14.98 Mgas, 4327 ms, 55.50 KiB)
2021-05-11 23:03:51 UTC  46/50 peers      5 MiB chain  0 bytes queue  RPC:  0 conn,    0 req/s,    0 µs
2021-05-11 23:04:02 UTC Imported #12415969 0xbb19…c629 (361 txs, 14.99 Mgas, 4078 ms, 56.03 KiB)
2021-05-11 23:04:18 UTC Imported #12415970 0xc143…3c90 (230 txs, 14.98 Mgas, 1540 ms, 45.61 KiB)
2021-05-11 23:04:21 UTC  46/50 peers      5 MiB chain  0 bytes queue  RPC:  0 conn,    0 req/s,    0 µs
2021-05-11 23:04:36 UTC Imported #12415971 0x35bb…c22f (274 txs, 15.00 Mgas, 3906 ms, 58.39 KiB)
2021-05-11 23:04:51 UTC  46/50 peers      6 MiB chain  0 bytes queue  RPC:  0 conn,    0 req/s,    0 µs
2021-05-11 23:04:52 UTC Imported #12415973 0x219a…17da (235 txs, 14.79 Mgas, 4244 ms, 48.85 KiB)
2021-05-11 23:05:05 UTC Imported #12415974 0xb34e…2b60 (313 txs, 14.99 Mgas, 5001 ms, 56.93 KiB)