INFO [07-28|15:00:58.586] State heal in progress                   accounts=64277@3.17MiB    slots=11128@870.61KiB codes=2086@15.99MiB nodes=49,239,392@14.14GiB pending=146,113
WARN [07-28|15:00:58.600] Unexpected trienode heal packet          peer=266f44cc reqid=4,924,564,003,979,120,618
WARN [07-28|15:00:58.603] Unexpected trienode heal packet          peer=d1854464 reqid=171,772,317,505,170,274
WARN [07-28|15:00:58.606] Unexpected trienode heal packet          peer=ef9809ea reqid=8,833,754,434,737,509,935
WARN [07-28|15:00:58.624] Unexpected trienode heal packet          peer=89ab640a reqid=624,691,319,534,254,038
WARN [07-28|15:00:58.737] Unexpected trienode heal packet          peer=a805473d reqid=7,752,422,191,849,213,585
WARN [07-28|15:00:58.803] Unexpected trienode heal packet          peer=d039e3f3 reqid=6,340,533,660,773,880,507
WARN [07-28|15:00:58.809] Unexpected trienode heal packet          peer=ce48f61b reqid=577,120,083,139,001,875
WARN [07-28|15:00:58.828] Unexpected trienode heal packet          peer=c6711d19 reqid=6,489,852,986,119,841,635
WARN [07-28|15:00:58.850] Unexpected trienode heal packet          peer=c1e7f745 reqid=2,520,851,240,941,215,156
INFO [07-28|15:01:06.849] State heal in progress                   accounts=64277@3.17MiB    slots=11128@870.61KiB codes=2086@15.99MiB nodes=49,242,689@14.14GiB pending=42228
INFO [07-28|15:01:15.676] State heal in progress                   accounts=64277@3.17MiB    slots=11128@870.61KiB codes=2086@15.99MiB nodes=49,244,059@14.14GiB pending=50177
INFO [07-28|15:01:17.435] Imported new block headers               count=1    elapsed=8.926ms   number=12,915,086 hash=009af1..c8cedf
INFO [07-28|15:01:24.040] State heal in progress                   accounts=64277@3.17MiB    slots=11128@870.61KiB codes=2086@15.99MiB nodes=49,245,846@14.14GiB pending=68837
INFO [07-28|15:01:29.853] Imported new block headers               count=1    elapsed=6.777ms   number=12,915,087 hash=a5fe42..052cda
INFO [07-28|15:01:32.050] State heal in progress                   accounts=64277@3.17MiB    slots=11128@870.61KiB codes=2086@15.99MiB nodes=49,247,562@14.14GiB pending=91729
INFO [07-28|15:01:33.018] Imported new block headers               count=1    elapsed=6.176ms   number=12,915,088 hash=689fa1..3fcb12
INFO [07-28|15:01:40.524] State heal in progress                   accounts=64277@3.17MiB    slots=11128@870.61KiB codes=2086@15.99MiB nodes=49,249,431@14.14GiB pending=115,692
INFO [07-28|15:01:50.401] State heal in progress                   accounts=64277@3.17MiB    slots=11128@870.61KiB codes=2086@15.99MiB nodes=49,252,055@14.14GiB pending=144,842
INFO [07-28|15:02:01.097] State heal in progress                   accounts=64277@3.17MiB    slots=11128@870.61KiB codes=2086@15.99MiB nodes=49,253,644@14.14GiB pending=146,929