INFO [07-28|14:55:17.065] State heal in progress                   accounts=54618@2.72MiB    slots=11046@864.00KiB codes=2081@15.97MiB nodes=49,204,842@14.13GiB pending=143,293
INFO [07-28|14:55:25.384] State heal in progress                   accounts=54629@2.73MiB    slots=11046@864.00KiB codes=2081@15.97MiB nodes=49,205,257@14.13GiB pending=143,769
INFO [07-28|14:55:38.762] State heal in progress                   accounts=54708@2.73MiB    slots=11046@864.00KiB codes=2081@15.97MiB nodes=49,206,145@14.13GiB pending=144,561
INFO [07-28|14:55:39.307] Imported new block headers               count=1    elapsed=6.071ms   number=12,915,061 hash=0e47df..c2a7e2 age=1m1s
INFO [07-28|14:55:42.477] Imported new block headers               count=1    elapsed=8.411ms   number=12,915,062 hash=5e8caa..3d9578 age=1m3s
INFO [07-28|14:55:42.904] Downloader queue stats                   receiptTasks=0    blockTasks=0    itemSize=239.09KiB throttle=275
INFO [07-28|14:55:46.941] State heal in progress                   accounts=54739@2.73MiB    slots=11046@864.00KiB codes=2081@15.97MiB nodes=49,206,619@14.13GiB pending=145,008
INFO [07-28|14:55:48.728] Imported new block headers               count=1    elapsed=5.900ms   number=12,915,063 hash=a42a93..f16b0a
INFO [07-28|14:55:56.196] State heal in progress                   accounts=54881@2.74MiB    slots=11046@864.00KiB codes=2081@15.97MiB nodes=49,207,427@14.13GiB pending=145,352
INFO [07-28|14:55:58.065] Imported new block headers               count=1    elapsed=5.722ms   number=12,915,064 hash=784e03..e9c7f8
INFO [07-28|14:56:04.320] Imported new block headers               count=1    elapsed=5.709ms   number=12,915,065 hash=dc2c31..0e96ab
INFO [07-28|14:56:09.431] State heal in progress                   accounts=54922@2.74MiB    slots=11046@864.00KiB codes=2081@15.97MiB nodes=49,208,292@14.13GiB pending=146,186
INFO [07-28|14:56:16.741] Imported new block headers               count=1    elapsed=6.192ms   number=12,915,066 hash=7cecb1..6cadd6
INFO [07-28|14:56:20.596] State heal in progress                   accounts=55099@2.75MiB    slots=11046@864.00KiB codes=2081@15.97MiB nodes=49,209,213@14.13GiB pending=146,572
INFO [07-28|14:56:29.161] Imported new block headers               count=1    elapsed=5.417ms   number=12,915,067 hash=c84b53..499922
INFO [07-28|14:56:29.921] State heal in progress                   accounts=55166@2.75MiB    slots=11046@864.00KiB codes=2081@15.97MiB nodes=49,209,931@14.13GiB pending=147,021
WARN [07-28|14:56:29.922] Unexpected trienode heal packet          peer=ef9809ea reqid=3,585,283,558,028,771,374
INFO [07-28|14:56:32.329] Imported new block headers               count=1    elapsed=5.354ms   number=12,915,068 hash=48480e..e66ec1
WARN [07-28|14:56:37.329] Unexpected trienode heal packet          peer=81e8669c reqid=8,062,891,669,799,559,030
INFO [07-28|14:56:38.580] Imported new block headers               count=1    elapsed=5.214ms   number=12,915,069 hash=c6f0ec..56d072
INFO [07-28|14:56:43.704] State heal in progress                   accounts=55220@2.75MiB    slots=11046@864.00KiB codes=2081@15.97MiB nodes=49,210,935@14.13GiB pending=147,781
WARN [07-28|14:56:43.705] Unexpected trienode heal packet          peer=df5f16fe reqid=2,454,671,366,272,136,708
WARN [07-28|14:56:44.240] Unexpected trienode heal packet          peer=d1854464 reqid=3,733,742,882,341,427,578
WARN [07-28|14:56:49.925] Unexpected trienode heal packet          peer=266f44cc reqid=6,892,458,985,135,270,198
INFO [07-28|14:56:54.385] State heal in progress                   accounts=55276@2.76MiB    slots=11046@864.00KiB codes=2082@15.97MiB nodes=49,211,695@14.13GiB pending=148,358
WARN [07-28|14:56:54.385] Unexpected trienode heal packet          peer=4fcb6416 reqid=4,251,627,152,998,095,600
WARN [07-28|14:57:01.021] Unexpected trienode heal packet          peer=85c41b4d reqid=6,133,739,870,982,706,532
INFO [07-28|14:57:07.672] State heal in progress                   accounts=55321@2.76MiB    slots=11046@864.00KiB codes=2082@15.97MiB nodes=49,212,621@14.13GiB pending=149,095
WARN [07-28|14:57:07.672] Unexpected trienode heal packet          peer=ab94eac9 reqid=1,863,322,794,152,533,296
WARN [07-28|14:57:09.459] Unexpected trienode heal packet          peer=c79eb254 reqid=911,598,768,326,585,879
WARN [07-28|14:57:10.892] Unexpected trienode heal packet          peer=28a04a97 reqid=8,052,135,669,661,622,422
INFO [07-28|14:57:17.869] State heal in progress                   accounts=55407@2.76MiB    slots=11046@864.00KiB codes=2082@15.97MiB nodes=49,213,386@14.13GiB pending=149,629
INFO [07-28|14:57:21.848] Imported new block headers               count=1    elapsed=5.794ms   number=12,915,070 hash=7cb3db..545e8d
INFO [07-28|14:57:21.978] Downloader queue stats                   receiptTasks=0    blockTasks=0    itemSize=237.74KiB throttle=276
INFO [07-28|14:57:26.900] State heal in progress                   accounts=55538@2.77MiB    slots=11046@864.00KiB codes=2082@15.97MiB nodes=49,214,149@14.13GiB pending=150,009
WARN [07-28|14:57:27.255] Unexpected trienode heal packet          peer=ef9809ea reqid=4,900,993,023,155,097,298
WARN [07-28|14:57:27.258] Unexpected trienode heal packet          peer=208c0644 reqid=6,489,087,170,623,498,434
INFO [07-28|14:57:37.192] State heal in progress                   accounts=55691@2.78MiB    slots=11046@864.00KiB codes=2082@15.97MiB nodes=49,215,000@14.13GiB pending=150,390
INFO [07-28|14:57:45.326] State heal in progress                   accounts=55829@2.78MiB    slots=11046@864.00KiB codes=2082@15.97MiB nodes=49,215,707@14.13GiB pending=150,683
INFO [07-28|14:57:46.604] Imported new block headers               count=1    elapsed=5.609ms   number=12,915,071 hash=d72936..91fd84 age=1m17s
INFO [07-28|14:57:56.085] State heal in progress                   accounts=55999@2.79MiB    slots=11046@864.00KiB codes=2082@15.97MiB nodes=49,216,562@14.13GiB pending=151,001
INFO [07-28|14:58:05.949] State heal in progress                   accounts=56173@2.80MiB    slots=11046@864.00KiB codes=2082@15.97MiB nodes=49,217,377@14.13GiB pending=151,281
INFO [07-28|14:58:15.145] State heal in progress                   accounts=56383@2.81MiB    slots=11046@864.00KiB codes=2082@15.97MiB nodes=49,218,233@14.13GiB pending=151,477
INFO [07-28|14:58:23.698] Imported new block headers               count=1    elapsed=6.514ms   number=12,915,072 hash=6ae6ca..df44ff age=1m47s
INFO [07-28|14:58:24.020] Downloader queue stats                   receiptTasks=0    blockTasks=0    itemSize=240.46KiB throttle=273
INFO [07-28|14:58:24.755] State heal in progress                   accounts=56599@2.82MiB    slots=11046@864.00KiB codes=2082@15.97MiB nodes=49,219,115@14.13GiB pending=151,749
INFO [07-28|14:58:32.923] State heal in progress                   accounts=56759@2.82MiB    slots=11046@864.00KiB codes=2082@15.97MiB nodes=49,219,859@14.13GiB pending=151,992
INFO [07-28|14:58:43.650] State heal in progress                   accounts=56980@2.83MiB    slots=11046@864.00KiB codes=2082@15.97MiB nodes=49,220,863@14.13GiB pending=152,297
INFO [07-28|14:58:45.383] Imported new block headers               count=3    elapsed=17.324ms  number=12,915,075 hash=879c3b..3ca1f4
INFO [07-28|14:58:51.700] State heal in progress                   accounts=57254@2.85MiB    slots=11048@864.18KiB codes=2082@15.97MiB nodes=49,221,688@14.13GiB pending=152,198
WARN [07-28|14:58:51.829] Checkpoint challenge timed out, dropping id=1fd229c499f08228 conn=dyndial addr=71.227.198.230:30303  type=erigon/v2021.07.5-al...
INFO [07-28|14:58:54.707] Imported new block headers               count=1    elapsed=5.774ms   number=12,915,076 hash=cca2f4..963b99
INFO [07-28|14:59:00.526] State heal in progress                   accounts=58437@2.90MiB    slots=11052@864.49KiB codes=2082@15.97MiB nodes=49,224,021@14.13GiB pending=150,538
INFO [07-28|14:59:04.043] Imported new block headers               count=1    elapsed=5.411ms   number=12,915,077 hash=3927cd..bd9f35
INFO [07-28|14:59:10.160] State heal in progress                   accounts=59504@2.95MiB    slots=11055@864.70KiB codes=2083@15.98MiB nodes=49,226,257@14.13GiB pending=149,388
INFO [07-28|14:59:18.597] State heal in progress                   accounts=59952@2.97MiB    slots=11056@864.79KiB codes=2083@15.98MiB nodes=49,227,416@14.14GiB pending=149,007
INFO [07-28|14:59:26.927] State heal in progress                   accounts=60492@3.00MiB    slots=11062@865.27KiB codes=2083@15.98MiB nodes=49,228,660@14.14GiB pending=148,322
INFO [07-28|14:59:28.826] Imported new block headers               count=1    elapsed=5.929ms   number=12,915,078 hash=410bf6..747826
INFO [07-28|14:59:29.059] Downloader queue stats                   receiptTasks=0    blockTasks=0    itemSize=229.42KiB throttle=286
INFO [07-28|14:59:35.663] State heal in progress                   accounts=61055@3.02MiB    slots=11067@865.72KiB codes=2084@15.98MiB nodes=49,229,982@14.14GiB pending=147,619
INFO [07-28|14:59:44.351] Imported new block headers               count=1    elapsed=5.637ms   number=12,915,079 hash=db02e7..9c286b
INFO [07-28|14:59:44.461] State heal in progress                   accounts=61408@3.04MiB    slots=11068@865.81KiB codes=2084@15.98MiB nodes=49,230,998@14.14GiB pending=147,370
INFO [07-28|14:59:52.864] State heal in progress                   accounts=61929@3.06MiB    slots=11071@866.03KiB codes=2085@15.99MiB nodes=49,232,185@14.14GiB pending=146,658
INFO [07-28|14:59:53.687] Imported new block headers               count=1    elapsed=5.916ms   number=12,915,080 hash=3d0c78..d9b588
INFO [07-28|15:00:02.390] State heal in progress                   accounts=62223@3.08MiB    slots=11073@866.19KiB codes=2085@15.99MiB nodes=49,233,162@14.14GiB pending=146,582
INFO [07-28|15:00:11.330] State heal in progress                   accounts=62555@3.09MiB    slots=11074@866.28KiB codes=2085@15.99MiB nodes=49,234,155@14.14GiB pending=146,455
INFO [07-28|15:00:15.360] Imported new block headers               count=1    elapsed=5.987ms   number=12,915,081 hash=8fe870..64e384
INFO [07-28|15:00:18.527] Imported new block headers               count=1    elapsed=5.916ms   number=12,915,082 hash=e7429d..198993
INFO [07-28|15:00:21.113] State heal in progress                   accounts=62971@3.11MiB    slots=11080@866.78KiB codes=2085@15.99MiB nodes=49,235,320@14.14GiB pending=146,283
INFO [07-28|15:00:29.245] State heal in progress                   accounts=63252@3.12MiB    slots=11094@867.91KiB codes=2086@15.99MiB nodes=49,236,245@14.14GiB pending=146,345
WARN [07-28|15:00:29.245] Unexpected bytecode heal packet          peer=c79eb254 reqid=713,245,359,782,696,251
INFO [07-28|15:00:34.024] Imported new block headers               count=1    elapsed=5.957ms   number=12,915,083 hash=092092..692dfd
INFO [07-28|15:00:35.094] Downloader queue stats                   receiptTasks=0    blockTasks=0    itemSize=235.94KiB throttle=278
INFO [07-28|15:00:37.646] State heal in progress                   accounts=63518@3.14MiB    slots=11108@869.03KiB codes=2086@15.99MiB nodes=49,237,171@14.14GiB pending=146,428
INFO [07-28|15:00:40.272] Imported new block headers               count=1    elapsed=6.006ms   number=12,915,084 hash=e1f554..9fab19
INFO [07-28|15:00:46.885] State heal in progress                   accounts=63853@3.15MiB    slots=11125@870.37KiB codes=2086@15.99MiB nodes=49,238,235@14.14GiB pending=146,473
WARN [07-28|15:00:49.429] Unexpected bytecode heal packet          peer=d1854464 reqid=6,529,212,017,387,756,570
INFO [07-28|15:00:55.769] Imported new block headers               count=1    elapsed=6.447ms   number=12,915,085 hash=1aa84f..12d49e
INFO [07-28|15:00:56.018] State heal in progress                   accounts=64189@3.17MiB    slots=11127@870.53KiB codes=2086@15.99MiB nodes=49,239,135@14.14GiB pending=146,199
WARN [07-28|15:00:56.109] Pivot became stale, moving               old=12,914,959 new=12,915,023
INFO [07-28|15:00:56.252] Imported new block receipts              count=64   elapsed=142.197ms number=12,915,022 hash=8c8cad..92943d age=15m40s   size=7.51MiB
INFO [07-28|15:00:58.586] State heal in progress                   accounts=64277@3.17MiB    slots=11128@870.61KiB codes=2086@15.99MiB nodes=49,239,392@14.14GiB pending=146,113
WARN [07-28|15:00:58.600] Unexpected trienode heal packet          peer=266f44cc reqid=4,924,564,003,979,120,618
WARN [07-28|15:00:58.603] Unexpected trienode heal packet          peer=d1854464 reqid=171,772,317,505,170,274
WARN [07-28|15:00:58.606] Unexpected trienode heal packet          peer=ef9809ea reqid=8,833,754,434,737,509,935
WARN [07-28|15:00:58.624] Unexpected trienode heal packet          peer=89ab640a reqid=624,691,319,534,254,038
WARN [07-28|15:00:58.737] Unexpected trienode heal packet          peer=a805473d reqid=7,752,422,191,849,213,585
WARN [07-28|15:00:58.803] Unexpected trienode heal packet          peer=d039e3f3 reqid=6,340,533,660,773,880,507
WARN [07-28|15:00:58.809] Unexpected trienode heal packet          peer=ce48f61b reqid=577,120,083,139,001,875
WARN [07-28|15:00:58.828] Unexpected trienode heal packet          peer=c6711d19 reqid=6,489,852,986,119,841,635
WARN [07-28|15:00:58.850] Unexpected trienode heal packet          peer=c1e7f745 reqid=2,520,851,240,941,215,156