INFO [07-28|15:01:06.849] State heal in progress                   accounts=64277@3.17MiB    slots=11128@870.61KiB codes=2086@15.99MiB nodes=49,242,689@14.14GiB pending=42228
INFO [07-28|15:01:15.676] State heal in progress                   accounts=64277@3.17MiB    slots=11128@870.61KiB codes=2086@15.99MiB nodes=49,244,059@14.14GiB pending=50177
INFO [07-28|15:01:17.435] Imported new block headers               count=1    elapsed=8.926ms   number=12,915,086 hash=009af1..c8cedf
INFO [07-28|15:01:24.040] State heal in progress                   accounts=64277@3.17MiB    slots=11128@870.61KiB codes=2086@15.99MiB nodes=49,245,846@14.14GiB pending=68837
INFO [07-28|15:01:29.853] Imported new block headers               count=1    elapsed=6.777ms   number=12,915,087 hash=a5fe42..052cda
INFO [07-28|15:01:32.050] State heal in progress                   accounts=64277@3.17MiB    slots=11128@870.61KiB codes=2086@15.99MiB nodes=49,247,562@14.14GiB pending=91729
INFO [07-28|15:01:33.018] Imported new block headers               count=1    elapsed=6.176ms   number=12,915,088 hash=689fa1..3fcb12
INFO [07-28|15:01:40.524] State heal in progress                   accounts=64277@3.17MiB    slots=11128@870.61KiB codes=2086@15.99MiB nodes=49,249,431@14.14GiB pending=115,692
INFO [07-28|15:01:50.401] State heal in progress                   accounts=64277@3.17MiB    slots=11128@870.61KiB codes=2086@15.99MiB nodes=49,252,055@14.14GiB pending=144,842
INFO [07-28|15:02:01.097] State heal in progress                   accounts=64277@3.17MiB    slots=11128@870.61KiB codes=2086@15.99MiB nodes=49,253,644@14.14GiB pending=146,929
INFO [07-28|15:02:16.787] State heal in progress                   accounts=64277@3.17MiB    slots=11128@870.61KiB codes=2086@15.99MiB nodes=49,254,084@14.14GiB pending=148,112
INFO [07-28|15:02:22.422] Imported new block headers               count=1    elapsed=5.775ms   number=12,915,089 hash=e79672..3067e2 age=1m6s
INFO [07-28|15:02:22.648] Downloader queue stats                   receiptTasks=0    blockTasks=0    itemSize=244.19KiB throttle=269
INFO [07-28|15:02:27.123] State heal in progress                   accounts=64277@3.17MiB    slots=11128@870.61KiB codes=2086@15.99MiB nodes=49,255,663@14.15GiB pending=153,537
INFO [07-28|15:02:28.670] Imported new block headers               count=1    elapsed=6.107ms   number=12,915,090 hash=52b7ee..f5f878 age=1m
INFO [07-28|15:02:34.918] Imported new block headers               count=1    elapsed=6.315ms   number=12,915,091 hash=4ebc3d..e03b77 age=1m3s
INFO [07-28|15:02:41.166] Imported new block headers               count=1    elapsed=5.376ms   number=12,915,092 hash=ffa9f2..4bb69c
INFO [07-28|15:02:47.369] State heal in progress                   accounts=64277@3.17MiB    slots=11128@870.61KiB codes=2086@15.99MiB nodes=49,256,271@14.15GiB pending=154,206
WARN [07-28|15:02:47.372] Unexpected trienode heal packet          peer=c6711d19 reqid=8,328,305,510,275,442,933
WARN [07-28|15:02:52.668] Unexpected trienode heal packet          peer=208c0644 reqid=6,275,065,790,693,748,539
INFO [07-28|15:03:21.786] State heal in progress                   accounts=64277@3.17MiB    slots=11128@870.61KiB codes=2086@15.99MiB nodes=49,257,881@14.15GiB pending=157,424
WARN [07-28|15:03:21.789] Unexpected trienode heal packet          peer=6181d749 reqid=3,821,408,357,212,669,289
INFO [07-28|15:03:33.294] State heal in progress                   accounts=64277@3.17MiB    slots=11128@870.61KiB codes=2086@15.99MiB nodes=49,259,462@14.15GiB pending=159,492
INFO [07-28|15:03:39.831] Imported new block headers               count=1    elapsed=6.116ms   number=12,915,093 hash=4b4e5f..367ef5 age=1m13s
INFO [07-28|15:03:40.697] Downloader queue stats                   receiptTasks=0    blockTasks=0    itemSize=247.23KiB throttle=266
INFO [07-28|15:03:49.173] Imported new block headers               count=2    elapsed=16.209ms  number=12,915,095 hash=6e3b90..f53d45 age=1m11s
INFO [07-28|15:03:53.745] State heal in progress                   accounts=64277@3.17MiB    slots=11128@870.61KiB codes=2086@15.99MiB nodes=49,259,967@14.15GiB pending=160,674
INFO [07-28|15:04:04.666] Imported new block headers               count=1    elapsed=5.429ms   number=12,915,096 hash=06aa4e..fc0ad9
INFO [07-28|15:04:14.002] Imported new block headers               count=1    elapsed=8.641ms   number=12,915,097 hash=f456d3..d1041d
INFO [07-28|15:04:20.251] Imported new block headers               count=2    elapsed=10.481ms  number=12,915,099 hash=3d926f..1a11bb
INFO [07-28|15:04:23.664] State heal in progress                   accounts=64277@3.17MiB    slots=11128@870.61KiB codes=2086@15.99MiB nodes=49,260,818@14.15GiB pending=162,987
WARN [07-28|15:04:23.666] Unexpected trienode heal packet          peer=c1e7f745 reqid=8,526,875,200,137,449,493
INFO [07-28|15:04:32.661] Imported new block headers               count=1    elapsed=5.606ms   number=12,915,100 hash=3b14e1..355eb2
INFO [07-28|15:04:35.826] Imported new block headers               count=1    elapsed=6.135ms   number=12,915,101 hash=94ca92..a30209
INFO [07-28|15:04:37.791] State heal in progress                   accounts=64277@3.17MiB    slots=11128@870.61KiB codes=2086@15.99MiB nodes=49,261,354@14.15GiB pending=163,646
WARN [07-28|15:04:37.791] Unexpected trienode heal packet          peer=a805473d reqid=851,332,041,685,055,392
INFO [07-28|15:04:51.323] Imported new block headers               count=1    elapsed=5.729ms   number=12,915,102 hash=634f3c..3ecf6f
INFO [07-28|15:04:51.762] Downloader queue stats                   receiptTasks=0    blockTasks=0    itemSize=235.76KiB throttle=278
INFO [07-28|15:05:06.703] State heal in progress                   accounts=64277@3.17MiB    slots=11128@870.61KiB codes=2086@15.99MiB nodes=49,262,159@14.15GiB pending=165,767
WARN [07-28|15:05:06.704] Unexpected trienode heal packet          peer=266f44cc reqid=8,296,533,632,981,569,621
INFO [07-28|15:05:09.918] Imported new block headers               count=1    elapsed=5.653ms   number=12,915,103 hash=8fa26c..bee2c1
INFO [07-28|15:05:13.086] Imported new block headers               count=1    elapsed=5.857ms   number=12,915,104 hash=cc3d3e..652c73
INFO [07-28|15:05:34.748] Imported new block headers               count=1    elapsed=5.628ms   number=12,915,105 hash=ef93a4..136b68
INFO [07-28|15:05:39.034] State heal in progress                   accounts=64277@3.17MiB    slots=11128@870.61KiB codes=2086@15.99MiB nodes=49,263,040@14.15GiB pending=167,801
INFO [07-28|15:05:40.996] Imported new block headers               count=1    elapsed=5.554ms   number=12,915,106 hash=4ac920..342d3f
INFO [07-28|15:05:53.409] Imported new block headers               count=1    elapsed=5.749ms   number=12,915,107 hash=152739..d16ef0
INFO [07-28|15:05:53.797] Downloader queue stats                   receiptTasks=0    blockTasks=0    itemSize=237.83KiB throttle=276
INFO [07-28|15:05:59.656] Imported new block headers               count=1    elapsed=5.602ms   number=12,915,108 hash=d0b4c3..6aa79d
INFO [07-28|15:06:07.236] State heal in progress                   accounts=64277@3.17MiB    slots=11128@870.61KiB codes=2086@15.99MiB nodes=49,263,838@14.15GiB pending=169,690
WARN [07-28|15:06:07.238] Unexpected trienode heal packet          peer=4fcb6416 reqid=2,784,994,075,828,474,169
INFO [07-28|15:06:36.750] Imported new block headers               count=1    elapsed=6.048ms   number=12,915,109 hash=09ef9a..bdeee8
INFO [07-28|15:06:37.148] State heal in progress                   accounts=64277@3.17MiB    slots=11128@870.61KiB codes=2086@15.99MiB nodes=49,264,655@14.15GiB pending=171,718
WARN [07-28|15:06:37.149] Unexpected trienode heal packet          peer=89ab640a reqid=3,655,263,949,854,483,445
WARN [07-28|15:06:37.861] Unexpected trienode heal packet          peer=ab94eac9 reqid=8,273,184,162,483,090,658
WARN [07-28|15:06:39.125] Unexpected trienode heal packet          peer=85c41b4d reqid=906,175,733,359,949,817
INFO [07-28|15:06:39.916] Imported new block headers               count=1    elapsed=5.698ms   number=12,915,110 hash=c760ba..5e7acb
WARN [07-28|15:06:40.879] Unexpected trienode heal packet          peer=df5f16fe reqid=8,484,628,158,855,978,868
WARN [07-28|15:06:42.630] Unexpected trienode heal packet          peer=28a04a97 reqid=3,027,856,567,915,244,069
WARN [07-28|15:06:44.283] Unexpected trienode heal packet          peer=c6711d19 reqid=6,128,472,069,549,454,498
WARN [07-28|15:06:44.341] Unexpected trienode heal packet          peer=208c0644 reqid=831,221,753,468,064,091
WARN [07-28|15:06:44.412] Unexpected trienode heal packet          peer=6181d749 reqid=4,479,631,860,459,843,534
WARN [07-28|15:06:44.452] Unexpected trienode heal packet          peer=ce48f61b reqid=5,297,399,845,148,252,042
WARN [07-28|15:06:45.004] Unexpected trienode heal packet          peer=b14dac3e reqid=3,489,087,538,990,827,677
INFO [07-28|15:06:49.909] State heal in progress                   accounts=64277@3.17MiB    slots=11128@870.61KiB codes=2086@15.99MiB nodes=49,265,184@14.15GiB pending=172,867
WARN [07-28|15:06:49.910] Unexpected trienode heal packet          peer=c79eb254 reqid=1,489,909,252,313,014,003
INFO [07-28|15:06:55.479] Imported new block headers               count=1    elapsed=5.797ms   number=12,915,111 hash=27e5c6..833875
INFO [07-28|15:06:55.846] Downloader queue stats                   receiptTasks=0    blockTasks=0    itemSize=233.88KiB throttle=281
INFO [07-28|15:06:58.659] Imported new block headers               count=1    elapsed=5.650ms   number=12,915,112 hash=c26515..a546a1
INFO [07-28|15:07:00.679] State heal in progress                   accounts=64277@3.17MiB    slots=11128@870.61KiB codes=2086@15.99MiB nodes=49,265,617@14.15GiB pending=173,950