2021-09-22 03:48:21 UTC Syncing #13273224 0xe042…1e09     0.03 blk/s    9.3 tx/s    0.8 Mgas/s      0+   23 Qed Ancient:#5689428 LI:#13273247    1/25 peers    109 KiB chain    5 MiB queue  RPC:  0 conn,    0 req/s,    0 µs
2021-09-22 03:48:34 UTC Syncing #13273225 0x6810…76e1     0.07 blk/s   11.3 tx/s    1.3 Mgas/s      0+   22 Qed Ancient:#5689428 LI:#13273247    1/25 peers    144 KiB chain    5 MiB queue  RPC:  0 conn,    0 req/s,    0 µs
2021-09-22 03:48:43 UTC Syncing #13273226 0xb6a1…0aef     0.12 blk/s    8.3 tx/s    0.8 Mgas/s      0+   21 Qed Ancient:#5689428 LI:#13273247    1/25 peers    144 KiB chain    5 MiB queue  RPC:  0 conn,    0 req/s,    0 µs
2021-09-22 03:49:13 UTC Syncing #13273228 0x6a50…579a     0.07 blk/s   13.4 tx/s    1.1 Mgas/s      0+   20 Qed Ancient:#5689428 LI:#13273248    1/25 peers    215 KiB chain    5 MiB queue  RPC:  0 conn,    0 req/s,    0 µs
2021-09-22 03:49:39 UTC Syncing #13273229 0x2fa8…4e42     0.04 blk/s    1.8 tx/s    0.1 Mgas/s      0+   19 Qed Ancient:#5689428 LI:#13273249    1/25 peers    215 KiB chain    5 MiB queue  RPC:  0 conn,    0 req/s,    0 µs
2021-09-22 03:49:53 UTC Syncing #13273229 0x2fa8…4e42     0.00 blk/s    0.0 tx/s    0.0 Mgas/s      0+   19 Qed Ancient:#5689428 LI:#13273249    1/25 peers    215 KiB chain    5 MiB queue  RPC:  0 conn,    0 req/s,    0 µs
2021-09-22 03:49:53 UTC Syncing #13273230 0xbe3c…8ab3     0.11 blk/s   39.0 tx/s    3.3 Mgas/s      0+   19 Qed Ancient:#5689559 LI:#13273249    1/25 peers      2 MiB chain    5 MiB queue  RPC:  0 conn,    0 req/s,    0 µs
2021-09-22 03:49:53 UTC Syncing #13273230 0xbe3c…8ab3     0.20 blk/s   70.2 tx/s    6.0 Mgas/s      0+   18 Qed Ancient:#5689559 LI:#13273249    1/25 peers      2 MiB chain    5 MiB queue  RPC:  0 conn,    0 req/s,    0 µs
2021-09-22 03:50:01 UTC Syncing #13273230 0xbe3c…8ab3     0.00 blk/s    0.0 tx/s    0.0 Mgas/s      0+   18 Qed Ancient:#5689559 LI:#13273249    1/25 peers      2 MiB chain    5 MiB queue  RPC:  0 conn,    0 req/s,    0 µs
2021-09-22 03:50:01 UTC Syncing #13273230 0xbe3c…8ab3     0.00 blk/s    0.0 tx/s    0.0 Mgas/s      0+   18 Qed Ancient:#5689559 LI:#13273249    1/25 peers      2 MiB chain    5 MiB queue  RPC:  0 conn,    0 req/s,    0 µs
2021-09-22 03:50:25 UTC Syncing #13273231 0xf979…6255     0.20 blk/s    9.0 tx/s    1.4 Mgas/s      0+   17 Qed Ancient:#5689559 LI:#13273249    0/25 peers      2 MiB chain    4 MiB queue  RPC:  0 conn,    0 req/s,    0 µs
2021-09-22 03:50:25 UTC Syncing #13273231 0xf979…6255     0.00 blk/s    0.0 tx/s    0.0 Mgas/s      0+   17 Qed Ancient:#5689559 LI:#13273249    0/25 peers      2 MiB chain    4 MiB queue  RPC:  0 conn,    0 req/s,    0 µs
2021-09-22 03:50:31 UTC Syncing #13273231 0xf979…6255     0.00 blk/s    0.0 tx/s    0.0 Mgas/s      0+   17 Qed Ancient:#5689559 LI:#13273249    0/25 peers      2 MiB chain    4 MiB queue  RPC:  0 conn,    0 req/s,    0 µs
2021-09-22 03:50:36 UTC Syncing #13273232 0x6eb9…c914     0.20 blk/s   36.4 tx/s    4.3 Mgas/s      0+   16 Qed Ancient:#5689559 LI:#13273249    0/25 peers      2 MiB chain    4 MiB queue  RPC:  0 conn,    0 req/s,    0 µs
2021-09-22 03:50:41 UTC Syncing #13273232 0x6eb9…c914     0.00 blk/s    0.0 tx/s    0.0 Mgas/s      0+   16 Qed Ancient:#5689559 LI:#13273249    0/25 peers      2 MiB chain    4 MiB queue  RPC:  0 conn,    0 req/s,    0 µs
2021-09-22 03:50:46 UTC Syncing #13273232 0x6eb9…c914     0.00 blk/s    0.0 tx/s    0.0 Mgas/s      0+   16 Qed Ancient:#5689559 LI:#13273249    0/25 peers      2 MiB chain    4 MiB queue  RPC:  0 conn,    0 req/s,    0 µs
2021-09-22 03:50:51 UTC Could not revert to previous block, last: 13273249 (0xb5cc…12c0)
2021-09-22 03:51:00 UTC Syncing #13273233 0x3899…bfde     0.20 blk/s   29.8 tx/s    2.5 Mgas/s      0+   15 Qed Ancient:#5689559 LI:#13273233    1/25 peers      2 MiB chain    4 MiB queue  RPC:  0 conn,    0 req/s,    0 µs
2021-09-22 03:51:00 UTC Syncing #13273233 0x3899…bfde     0.00 blk/s    0.0 tx/s    0.0 Mgas/s      0+   15 Qed Ancient:#5689559 LI:#13273233    1/25 peers      2 MiB chain    4 MiB queue  RPC:  0 conn,    0 req/s,    0 µs
2021-09-22 03:51:06 UTC Syncing #13273233 0x3899…bfde     0.00 blk/s    0.0 tx/s    0.0 Mgas/s      0+   23 Qed Ancient:#5689559 LI:#13273256    2/25 peers      2 MiB chain    6 MiB queue  RPC:  0 conn,    0 req/s,    0 µs
2021-09-22 03:51:11 UTC Syncing #13273233 0x3899…bfde     0.00 blk/s    0.0 tx/s    0.0 Mgas/s      0+   24 Qed Ancient:#5689559 LI:#13273253    4/25 peers      2 MiB chain    6 MiB queue  RPC:  0 conn,    0 req/s,    0 µs
2021-09-22 03:51:16 UTC Syncing #13273233 0x3899…bfde     0.00 blk/s    0.0 tx/s    0.0 Mgas/s      0+   24 Qed Ancient:#5689559 LI:#13273247    6/25 peers      2 MiB chain    6 MiB queue  RPC:  0 conn,    0 req/s,    0 µs
2021-09-22 03:51:30 UTC Syncing #13273236 0x5b21…27d5     0.25 blk/s   28.1 tx/s    2.5 Mgas/s      0+   23 Qed Ancient:#5689754 LI:#13273258    6/25 peers      5 MiB chain    6 MiB queue  RPC:  0 conn,    0 req/s,    0 µs
2021-09-22 03:51:30 UTC Syncing #13273234 0x2dc0…81b7     0.20 blk/s   53.6 tx/s    4.4 Mgas/s      0+   24 Qed Ancient:#5689560 LI:#13273258    6/25 peers      2 MiB chain    6 MiB queue  RPC:  0 conn,    0 req/s,    0 µs
2021-09-22 03:51:35 UTC Syncing #13273236 0x5b21…27d5     0.66 blk/s   22.4 tx/s    2.6 Mgas/s      0+   22 Qed Ancient:#5689754 LI:#13273258    5/25 peers      5 MiB chain    5 MiB queue  RPC:  0 conn,    0 req/s,    0 µs
2021-09-22 03:51:36 UTC Syncing #13273236 0x5b21…27d5     0.00 blk/s    0.0 tx/s    0.0 Mgas/s      0+   22 Qed Ancient:#5689754 LI:#13273258    5/25 peers      5 MiB chain    5 MiB queue  RPC:  0 conn,    0 req/s,    0 µs
2021-09-22 03:51:42 UTC Syncing #13273236 0x5b21…27d5     0.00 blk/s    0.0 tx/s    0.0 Mgas/s      0+   22 Qed Ancient:#5689754 LI:#13273258    5/25 peers      5 MiB chain    5 MiB queue  RPC:  0 conn,    0 req/s,    0 µs
2021-09-22 03:51:47 UTC Syncing #13273236 0x5b21…27d5     0.00 blk/s    0.0 tx/s    0.0 Mgas/s      0+   22 Qed Ancient:#5689754 LI:#13273258    5/25 peers      5 MiB chain    5 MiB queue  RPC:  0 conn,    0 req/s,    0 µs
2021-09-22 03:51:53 UTC Syncing #13273236 0x5b21…27d5     0.00 blk/s    0.0 tx/s    0.0 Mgas/s      0+   22 Qed Ancient:#5689754 LI:#13273258    5/25 peers      5 MiB chain    5 MiB queue  RPC:  0 conn,    0 req/s,    0 µs
2021-09-22 03:51:56 UTC Syncing #13273236 0x5b21…27d5     0.00 blk/s    0.0 tx/s    0.0 Mgas/s      0+   22 Qed Ancient:#5689754 LI:#13273258    6/25 peers      5 MiB chain    5 MiB queue  RPC:  0 conn,    0 req/s,    0 µs
2021-09-22 03:52:01 UTC Syncing #13273236 0x5b21…27d5     0.00 blk/s    0.0 tx/s    0.0 Mgas/s      0+   23 Qed Ancient:#5689754 LI:#13273259    7/25 peers      5 MiB chain    6 MiB queue  RPC:  0 conn,    0 req/s,    0 µs
2021-09-22 03:52:25 UTC Syncing #13273237 0x1ec0…9256     0.04 blk/s   16.8 tx/s    1.3 Mgas/s      0+   26 Qed Ancient:#5690513 LI:#13273262   12/25 peers   432 bytes chain    6 MiB queue  RPC:  0 conn,    0 req/s,    0 µs
2021-09-22 03:52:41 UTC Syncing #13273237 0x1ec0…9256     0.00 blk/s    0.0 tx/s    0.0 Mgas/s      0+   27 Qed Ancient:#5690534 LI:#13273264   10/25 peers    640 KiB chain    6 MiB queue  RPC:  0 conn,    0 req/s,    0 µs
2021-09-22 03:52:51 UTC Syncing #13273237 0x1ec0…9256     0.00 blk/s    0.0 tx/s    0.0 Mgas/s      0+   27 Qed Ancient:#5690534 LI:#13273264   10/25 peers    640 KiB chain    6 MiB queue  RPC:  0 conn,    0 req/s,    0 µs
2021-09-22 03:52:52 UTC Syncing #13273237 0x1ec0…9256     0.00 blk/s    0.0 tx/s    0.0 Mgas/s      0+   27 Qed Ancient:#5690534 LI:#13273264   10/25 peers    640 KiB chain    6 MiB queue  RPC:  0 conn,    0 req/s,    0 µs
2021-09-22 03:52:56 UTC Syncing #13273237 0x1ec0…9256     0.00 blk/s    0.0 tx/s    0.0 Mgas/s      0+   28 Qed Ancient:#5690534 LI:#13273265   10/25 peers    640 KiB chain    7 MiB queue  RPC:  0 conn,    0 req/s,    0 µs
2021-09-22 03:53:13 UTC Syncing #13273238 0x83be…4b8f     0.20 blk/s   59.2 tx/s    6.0 Mgas/s      0+   27 Qed Ancient:#5690535 LI:#13273265   10/25 peers    640 KiB chain    6 MiB queue  RPC:  0 conn,    0 req/s,    0 µs
2021-09-22 03:53:13 UTC Syncing #13273238 0x83be…4b8f     0.06 blk/s   18.7 tx/s    1.9 Mgas/s      0+   27 Qed Ancient:#5690535 LI:#13273265   10/25 peers    640 KiB chain    6 MiB queue  RPC:  0 conn,    0 req/s,    0 µs
2021-09-22 03:53:16 UTC Syncing #13273238 0x83be…4b8f     0.00 blk/s    0.0 tx/s    0.0 Mgas/s      0+   28 Qed Ancient:#5690535 LI:#13273266    9/25 peers    640 KiB chain    7 MiB queue  RPC:  0 conn,    0 req/s,    0 µs
2021-09-22 03:53:23 UTC Syncing #13273240 0x6119…95b5     0.35 blk/s   47.5 tx/s    5.6 Mgas/s      0+   29 Qed Ancient:#5690537 LI:#13273268    9/25 peers    640 KiB chain    7 MiB queue  RPC:  0 conn,    0 req/s,    0 µs
2021-09-22 03:53:29 UTC Syncing #13273240 0x6119…95b5     0.00 blk/s    0.0 tx/s    0.0 Mgas/s      0+   28 Qed Ancient:#5690855 LI:#13273268    6/25 peers      5 MiB chain    6 MiB queue  RPC:  0 conn,    0 req/s,    0 µs
2021-09-22 03:53:35 UTC Syncing #13273241 0x0c39…e3d3     0.20 blk/s   61.4 tx/s    3.9 Mgas/s      0+   27 Qed Ancient:#5690856 LI:#13273268    6/25 peers      5 MiB chain    6 MiB queue  RPC:  0 conn,    0 req/s,    0 µs
2021-09-22 03:53:40 UTC Syncing #13273244 0x2daf…694f     0.60 blk/s   54.4 tx/s    4.6 Mgas/s      0+   24 Qed Ancient:#5690861 LI:#13273268    6/25 peers    218 KiB chain    6 MiB queue  RPC:  0 conn,    0 req/s,    0 µs
2021-09-22 03:53:47 UTC Syncing #13273245 0xc203…3f79     0.20 blk/s   21.6 tx/s    2.0 Mgas/s      0+   23 Qed Ancient:#5690862 LI:#13273268    6/25 peers    358 KiB chain    6 MiB queue  RPC:  0 conn,    0 req/s,    0 µs
2021-09-22 03:53:47 UTC Syncing #13273247 0x5851…5bb6     0.20 blk/s   18.1 tx/s    1.8 Mgas/s      0+   21 Qed Ancient:#5690864 LI:#13273268    6/25 peers    359 KiB chain    5 MiB queue  RPC:  0 conn,    0 req/s,    0 µs
2021-09-22 03:53:53 UTC Syncing #13273247 0x5851…5bb6     0.00 blk/s    0.0 tx/s    0.0 Mgas/s      0+   21 Qed Ancient:#5690864 LI:#13273268    5/25 peers    359 KiB chain    5 MiB queue  RPC:  0 conn,    0 req/s,    0 µs
2021-09-22 03:53:59 UTC Syncing #13273248 0x2e8f…20de     0.17 blk/s   68.7 tx/s    5.0 Mgas/s      0+   20 Qed Ancient:#5690865 LI:#13273268    3/25 peers    359 KiB chain    5 MiB queue  RPC:  0 conn,    0 req/s,    0 µs
2021-09-22 03:54:05 UTC Syncing #13273248 0x2e8f…20de     0.00 blk/s    0.0 tx/s    0.0 Mgas/s      0+   20 Qed Ancient:#5690865 LI:#13273268    3/25 peers    359 KiB chain    5 MiB queue  RPC:  0 conn,    0 req/s,    0 µs
2021-09-22 03:54:08 UTC Reorg to #13273249 0xbb22…b69d (0xb5cc…12c0 #13273248 0x2e8f…20de )
2021-09-22 03:54:09 UTC Syncing #13273249 0xb5cc…12c0     0.20 blk/s   62.8 tx/s    6.0 Mgas/s      0+   19 Qed Ancient:#5690866 LI:#13273268    2/25 peers    640 KiB chain    4 MiB queue  RPC:  0 conn,    0 req/s,    0 µs
2021-09-22 03:54:11 UTC Syncing #13273249 0xbb22…b69d     0.20 blk/s   64.8 tx/s    6.0 Mgas/s      0+   18 Qed Ancient:#5690867 LI:#13273268    2/25 peers    900 KiB chain    4 MiB queue  RPC:  0 conn,    0 req/s,    0 µs
2021-09-22 03:54:19 UTC Syncing #13273249 0xbb22…b69d     0.00 blk/s    0.0 tx/s    0.0 Mgas/s      0+   18 Qed Ancient:#5690867 LI:#13273268    1/25 peers    900 KiB chain    4 MiB queue  RPC:  0 conn,    0 req/s,    0 µs
2021-09-22 03:54:25 UTC Syncing #13273250 0x77a0…25f5     0.20 blk/s   56.4 tx/s    6.0 Mgas/s      0+   17 Qed Ancient:#5690868 LI:#13273268    1/25 peers    900 KiB chain    3 MiB queue  RPC:  0 conn,    0 req/s,    0 µs
2021-09-22 03:54:31 UTC Syncing #13273252 0x20a3…3048     0.40 blk/s   56.6 tx/s    6.7 Mgas/s      0+   15 Qed Ancient:#5690870 LI:#13273268    1/25 peers    901 KiB chain    3 MiB queue  RPC:  0 conn,    0 req/s,    0 µs
2021-09-22 03:54:37 UTC Syncing #13273255 0xe83d…5173     0.30 blk/s   30.5 tx/s    2.8 Mgas/s      0+   12 Qed Ancient:#5690873 LI:#13273268    1/25 peers    902 KiB chain    3 MiB queue  RPC:  0 conn,    0 req/s,    0 µs
2021-09-22 03:54:37 UTC Syncing #13273254 0x13ec…e8c8     0.40 blk/s   37.6 tx/s    2.9 Mgas/s      0+   13 Qed Ancient:#5690872 LI:#13273268    1/25 peers    901 KiB chain    3 MiB queue  RPC:  0 conn,    0 req/s,    0 µs
2021-09-22 03:54:45 UTC Syncing #13273256 0x715a…9085     0.40 blk/s   64.2 tx/s    6.2 Mgas/s      0+   11 Qed Ancient:#5690874 LI:#13273268    0/25 peers    902 KiB chain    2 MiB queue  RPC:  0 conn,    0 req/s,    0 µs
2021-09-22 03:54:46 UTC Syncing #13273258 0x83e0…45fe     0.40 blk/s   39.2 tx/s    3.3 Mgas/s      0+    9 Qed Ancient:#5690876 LI:#13273268    0/25 peers    903 KiB chain    2 MiB queue  RPC:  0 conn,    0 req/s,    0 µs
2021-09-22 03:54:56 UTC Syncing #13273258 0x83e0…45fe     0.00 blk/s    0.0 tx/s    0.0 Mgas/s      0+    9 Qed Ancient:#5690876 LI:#13273268    0/25 peers    903 KiB chain    2 MiB queue  RPC:  0 conn,    0 req/s,    0 µs
2021-09-22 03:54:56 UTC Syncing #13273259 0xeeee…f03e     0.10 blk/s   43.7 tx/s    3.0 Mgas/s      0+    8 Qed Ancient:#5690877 LI:#13273268    0/25 peers    903 KiB chain    1 MiB queue  RPC:  0 conn,    0 req/s,    0 µs
2021-09-22 03:55:01 UTC Syncing #13273262 0xde99…6e1f     0.60 blk/s   61.6 tx/s    6.7 Mgas/s      0+    5 Qed Ancient:#5690880 LI:#13273268    0/25 peers      1 MiB chain    1 MiB queue  RPC:  0 conn,    0 req/s,    0 µs
2021-09-22 03:55:10 UTC Syncing #13273263 0x6c00…08cf     0.20 blk/s   12.8 tx/s    0.9 Mgas/s      0+    4 Qed Ancient:#5690881 LI:#13273268    0/25 peers      1 MiB chain  827 KiB queue  RPC:  0 conn,    0 req/s,    0 µs
2021-09-22 03:55:11 UTC Syncing #13273263 0x6c00…08cf     0.00 blk/s    0.0 tx/s    0.0 Mgas/s      0+    4 Qed Ancient:#5690881 LI:#13273268    0/25 peers      1 MiB chain  827 KiB queue  RPC:  0 conn,    0 req/s,    0 µs