2021-09-22 03:57:56 UTC Syncing #13273271 0x5e93…b81e     0.00 blk/s    0.0 tx/s    0.0 Mgas/s      0+   11 Qed Ancient:#5694547 LI:#13273283    7/25 peers    222 KiB chain    2 MiB queue  RPC:  0 conn,    0 req/s,    0 µs
2021-09-22 03:58:02 UTC Syncing #13273271 0x5e93…b81e     0.00 blk/s    0.0 tx/s    0.0 Mgas/s      0+   14 Qed Ancient:#5694547 LI:#13273286    9/25 peers    222 KiB chain    3 MiB queue  RPC:  0 conn,    0 req/s,    0 µs
2021-09-22 03:58:12 UTC Syncing #13273271 0x5e93…b81e     0.00 blk/s    0.0 tx/s    0.0 Mgas/s      0+   15 Qed Ancient:#5694547 LI:#13273287    6/25 peers    222 KiB chain    4 MiB queue  RPC:  0 conn,    0 req/s,    0 µs
2021-09-22 03:59:05 UTC Syncing #13273272 0x1223…f17b     0.02 blk/s    5.9 tx/s    0.6 Mgas/s      0+   21 Qed Ancient:#5695542 LI:#13273293    3/25 peers   432 bytes chain    5 MiB queue  RPC:  0 conn,    0 req/s,    0 µs
2021-09-22 03:59:24 UTC Syncing #13273272 0x1223…f17b     0.00 blk/s    0.0 tx/s    0.0 Mgas/s      0+   23 Qed Ancient:#5696088 LI:#13273295    1/25 peers   432 bytes chain    5 MiB queue  RPC:  0 conn,    0 req/s,    0 µs
2021-09-22 03:59:36 UTC Syncing #13273273 0x285b…7966     0.06 blk/s    5.9 tx/s    0.7 Mgas/s      0+   23 Qed Ancient:#5696890 LI:#13273296    4/25 peers    0 bytes chain    5 MiB queue  RPC:  0 conn,    0 req/s,    0 µs
2021-09-22 04:00:17 UTC Syncing #13273275 0x68ee…ab89     0.06 blk/s    8.9 tx/s    0.8 Mgas/s      0+   26 Qed Ancient:#5697582 LI:#13273301    1/25 peers      9 MiB chain    5 MiB queue  RPC:  0 conn,    0 req/s,    0 µs
2021-09-22 04:00:17 UTC Syncing #13273274 0xf8d3…609a     0.04 blk/s    0.7 tx/s    0.1 Mgas/s      0+   26 Qed Ancient:#5696891 LI:#13273301    1/25 peers    110 KiB chain    5 MiB queue  RPC:  0 conn,    0 req/s,    0 µs
2021-09-22 04:00:17 UTC Syncing #13273275 0x68ee…ab89     0.00 blk/s    0.0 tx/s    0.0 Mgas/s      0+   27 Qed Ancient:#5697584 LI:#13273302    1/25 peers     36 KiB chain    5 MiB queue  RPC:  0 conn,    0 req/s,    0 µs
2021-09-22 04:00:17 UTC Syncing #13273275 0x68ee…ab89     0.00 blk/s    0.0 tx/s    0.0 Mgas/s      0+   26 Qed Ancient:#5697584 LI:#13273302    1/25 peers      9 KiB chain    5 MiB queue  RPC:  0 conn,    0 req/s,    0 µs
2021-09-22 04:00:30 UTC Syncing #13273277 0xed86…295a     0.21 blk/s    5.8 tx/s    0.8 Mgas/s      0+   24 Qed Ancient:#5697587 LI:#13273302    1/25 peers    215 KiB chain    5 MiB queue  RPC:  0 conn,    0 req/s,    0 µs
2021-09-22 04:00:30 UTC Syncing #13273275 0x68ee…ab89     0.00 blk/s    0.0 tx/s    0.0 Mgas/s      0+   26 Qed Ancient:#5697585 LI:#13273302    1/25 peers    144 KiB chain    5 MiB queue  RPC:  0 conn,    0 req/s,    0 µs
2021-09-22 04:00:39 UTC Syncing #13273277 0xed86…295a     0.20 blk/s    5.5 tx/s    0.7 Mgas/s      0+   24 Qed Ancient:#5697587 LI:#13273302    1/25 peers    215 KiB chain    5 MiB queue  RPC:  0 conn,    0 req/s,    0 µs
2021-09-22 04:00:39 UTC Syncing #13273277 0xed86…295a     0.40 blk/s   11.0 tx/s    1.4 Mgas/s      0+   24 Qed Ancient:#5697587 LI:#13273302    1/25 peers    215 KiB chain    5 MiB queue  RPC:  0 conn,    0 req/s,    0 µs
2021-09-22 04:00:41 UTC Syncing #13273277 0xed86…295a     0.00 blk/s    0.0 tx/s    0.0 Mgas/s      0+   25 Qed Ancient:#5697587 LI:#13273303    1/25 peers    215 KiB chain    5 MiB queue  RPC:  0 conn,    0 req/s,    0 µs
2021-09-22 04:01:06 UTC Syncing #13273278 0x6929…2016     0.10 blk/s   16.1 tx/s    1.5 Mgas/s      0+   24 Qed Ancient:#5697588 LI:#13273303    1/25 peers    215 KiB chain    5 MiB queue  RPC:  0 conn,    0 req/s,    0 µs
2021-09-22 04:01:06 UTC Syncing #13273278 0x6929…2016     0.00 blk/s    0.0 tx/s    0.0 Mgas/s      0+   24 Qed Ancient:#5697588 LI:#13273303    1/25 peers    215 KiB chain    5 MiB queue  RPC:  0 conn,    0 req/s,    0 µs
2021-09-22 04:01:06 UTC Syncing #13273278 0x6929…2016     0.00 blk/s    0.0 tx/s    0.0 Mgas/s      0+   24 Qed Ancient:#5697588 LI:#13273303    1/25 peers    215 KiB chain    5 MiB queue  RPC:  0 conn,    0 req/s,    0 µs
2021-09-22 04:01:06 UTC Syncing #13273277 0xed86…295a     0.00 blk/s    0.0 tx/s    0.0 Mgas/s      0+   25 Qed Ancient:#5697587 LI:#13273303    1/25 peers    215 KiB chain    5 MiB queue  RPC:  0 conn,    0 req/s,    0 µs
2021-09-22 04:01:06 UTC Syncing #13273278 0x6929…2016     0.00 blk/s    0.0 tx/s    0.0 Mgas/s      0+   24 Qed Ancient:#5697588 LI:#13273303    1/25 peers    215 KiB chain    5 MiB queue  RPC:  0 conn,    0 req/s,    0 µs
2021-09-22 04:01:17 UTC Syncing #13273280 0x567c…d768     0.20 blk/s   17.8 tx/s    1.6 Mgas/s      0+   25 Qed Ancient:#5697590 LI:#13273306    1/25 peers    356 KiB chain    5 MiB queue  RPC:  0 conn,    0 req/s,    0 µs
2021-09-22 04:01:17 UTC Syncing #13273280 0x567c…d768     0.41 blk/s   36.2 tx/s    3.3 Mgas/s      0+   25 Qed Ancient:#5697590 LI:#13273306    1/25 peers    356 KiB chain    5 MiB queue  RPC:  0 conn,    0 req/s,    0 µs
2021-09-22 04:01:24 UTC Syncing #13273280 0x567c…d768     0.00 blk/s    0.0 tx/s    0.0 Mgas/s      0+   25 Qed Ancient:#5697590 LI:#13273306    1/25 peers    356 KiB chain    5 MiB queue  RPC:  0 conn,    0 req/s,    0 µs
2021-09-22 04:01:26 UTC Syncing #13273280 0x567c…d768     0.00 blk/s    0.0 tx/s    0.0 Mgas/s      0+   25 Qed Ancient:#5697590 LI:#13273306    1/25 peers    356 KiB chain    5 MiB queue  RPC:  0 conn,    0 req/s,    0 µs
2021-09-22 04:01:44 UTC Syncing #13273282 0xe140…876d     0.13 blk/s   13.2 tx/s    1.4 Mgas/s      0+   23 Qed Ancient:#5697592 LI:#13273306    1/25 peers    356 KiB chain    5 MiB queue  RPC:  0 conn,    0 req/s,    0 µs
2021-09-22 04:01:44 UTC Syncing #13273281 0x350d…cf2b     0.20 blk/s   28.8 tx/s    3.4 Mgas/s      0+   24 Qed Ancient:#5697591 LI:#13273306    1/25 peers    356 KiB chain    5 MiB queue  RPC:  0 conn,    0 req/s,    0 µs
2021-09-22 04:01:44 UTC Syncing #13273282 0xe140…876d     0.20 blk/s   19.8 tx/s    2.0 Mgas/s      0+   23 Qed Ancient:#5697592 LI:#13273306    1/25 peers    356 KiB chain    5 MiB queue  RPC:  0 conn,    0 req/s,    0 µs
2021-09-22 04:01:48 UTC Syncing #13273282 0xe140…876d     0.00 blk/s    0.0 tx/s    0.0 Mgas/s      0+   23 Qed Ancient:#5697592 LI:#13273306    1/25 peers    356 KiB chain    5 MiB queue  RPC:  0 conn,    0 req/s,    0 µs
2021-09-22 04:01:51 UTC Syncing #13273282 0xe140…876d     0.00 blk/s    0.0 tx/s    0.0 Mgas/s      0+   24 Qed Ancient:#5697592 LI:#13273307    1/25 peers    356 KiB chain    6 MiB queue  RPC:  0 conn,    0 req/s,    0 µs
2021-09-22 04:01:56 UTC Syncing #13273282 0xe140…876d     0.00 blk/s    0.0 tx/s    0.0 Mgas/s      0+   24 Qed Ancient:#5697592 LI:#13273307    1/25 peers    356 KiB chain    6 MiB queue  RPC:  0 conn,    0 req/s,    0 µs
2021-09-22 04:02:01 UTC Syncing #13273282 0xe140…876d     0.00 blk/s    0.0 tx/s    0.0 Mgas/s      0+   24 Qed Ancient:#5697592 LI:#13273307    1/25 peers    356 KiB chain    6 MiB queue  RPC:  0 conn,    0 req/s,    0 µs
2021-09-22 04:02:07 UTC Syncing #13273282 0xe140…876d     0.00 blk/s    0.0 tx/s    0.0 Mgas/s      0+   24 Qed Ancient:#5697592 LI:#13273307    5/25 peers    356 KiB chain    6 MiB queue  RPC:  0 conn,    0 req/s,    0 µs
2021-09-22 04:02:11 UTC Syncing #13273282 0xe140…876d     0.00 blk/s    0.0 tx/s    0.0 Mgas/s      0+   25 Qed Ancient:#5697592 LI:#13273308    8/25 peers    356 KiB chain    6 MiB queue  RPC:  0 conn,    0 req/s,    0 µs
2021-09-22 04:02:16 UTC Syncing #13273282 0xe140…876d     0.00 blk/s    0.0 tx/s    0.0 Mgas/s      0+   25 Qed Ancient:#5697592 LI:#13273308    8/25 peers    356 KiB chain    6 MiB queue  RPC:  0 conn,    0 req/s,    0 µs
2021-09-22 04:02:22 UTC Syncing #13273282 0xe140…876d     0.00 blk/s    0.0 tx/s    0.0 Mgas/s      0+   25 Qed Ancient:#5697592 LI:#13273308   11/25 peers    356 KiB chain    6 MiB queue  RPC:  0 conn,    0 req/s,    0 µs
2021-09-22 04:02:26 UTC Syncing #13273283 0x4d6e…5c74     0.20 blk/s   46.2 tx/s    6.0 Mgas/s      0+   24 Qed Ancient:#5697593 LI:#13273308   12/25 peers    356 KiB chain    5 MiB queue  RPC:  0 conn,    0 req/s,    0 µs
2021-09-22 04:02:35 UTC Syncing #13273283 0x4d6e…5c74     0.00 blk/s    0.0 tx/s    0.0 Mgas/s      0+   24 Qed Ancient:#5697593 LI:#13273308   12/25 peers    356 KiB chain    5 MiB queue  RPC:  0 conn,    0 req/s,    0 µs
2021-09-22 04:02:36 UTC Syncing #13273283 0x4d6e…5c74     0.00 blk/s    0.0 tx/s    0.0 Mgas/s      0+   26 Qed Ancient:#5697593 LI:#13273310   10/25 peers    356 KiB chain    6 MiB queue  RPC:  0 conn,    0 req/s,    0 µs
2021-09-22 04:02:41 UTC Syncing #13273283 0x4d6e…5c74     0.00 blk/s    0.0 tx/s    0.0 Mgas/s      0+   26 Qed Ancient:#5697593 LI:#13273310   10/25 peers    356 KiB chain    6 MiB queue  RPC:  0 conn,    0 req/s,    0 µs
2021-09-22 04:02:46 UTC Syncing #13273283 0x4d6e…5c74     0.00 blk/s    0.0 tx/s    0.0 Mgas/s      0+   28 Qed Ancient:#5697593 LI:#13273312   11/25 peers    356 KiB chain    6 MiB queue  RPC:  0 conn,    0 req/s,    0 µs
2021-09-22 04:02:51 UTC Syncing #13273283 0x4d6e…5c74     0.00 blk/s    0.0 tx/s    0.0 Mgas/s      0+   28 Qed Ancient:#5697593 LI:#13273312   13/25 peers    356 KiB chain    6 MiB queue  RPC:  0 conn,    0 req/s,    0 µs
2021-09-22 04:02:56 UTC Syncing #13273283 0x4d6e…5c74     0.00 blk/s    0.0 tx/s    0.0 Mgas/s      0+   29 Qed Ancient:#5697593 LI:#13273313   13/25 peers    356 KiB chain    7 MiB queue  RPC:  0 conn,    0 req/s,    0 µs
2021-09-22 04:03:33 UTC Syncing #13273284 0x207e…9f7f     0.03 blk/s   25.9 tx/s    1.0 Mgas/s      0+   31 Qed Ancient:#5698032 LI:#13273315    9/25 peers      9 MiB chain    7 MiB queue  RPC:  0 conn,    0 req/s,    0 µs
2021-09-22 04:03:34 UTC Syncing #13273284 0x207e…9f7f     0.00 blk/s    0.0 tx/s    0.0 Mgas/s      0+   31 Qed Ancient:#5698318 LI:#13273315    9/25 peers      8 MiB chain    7 MiB queue  RPC:  0 conn,    0 req/s,    0 µs
2021-09-22 04:03:53 UTC Syncing #13273284 0x207e…9f7f     0.00 blk/s    0.0 tx/s    0.0 Mgas/s      0+   30 Qed Ancient:#5698320 LI:#13273315    9/25 peers    109 KiB chain    7 MiB queue  RPC:  0 conn,    0 req/s,    0 µs
2021-09-22 04:03:53 UTC Syncing #13273284 0x207e…9f7f     0.00 blk/s    0.0 tx/s    0.0 Mgas/s      0+   30 Qed Ancient:#5698320 LI:#13273315    9/25 peers    109 KiB chain    7 MiB queue  RPC:  0 conn,    0 req/s,    0 µs
2021-09-22 04:04:26 UTC Syncing #13273285 0x43dd…5870     0.03 blk/s    8.8 tx/s    0.9 Mgas/s      0+   34 Qed Ancient:#5698321 LI:#13273319    7/25 peers    144 KiB chain    7 MiB queue  RPC:  0 conn,    0 req/s,    0 µs
2021-09-22 04:04:37 UTC Syncing #13273285 0x43dd…5870     0.00 blk/s    0.0 tx/s    0.0 Mgas/s      0+   35 Qed Ancient:#5698899 LI:#13273320    7/25 peers      9 MiB chain    8 MiB queue  RPC:  0 conn,    0 req/s,    0 µs
2021-09-22 04:04:48 UTC Syncing #13273286 0xff96…f2f9     0.10 blk/s    8.2 tx/s    0.9 Mgas/s      0+   34 Qed Ancient:#5698901 LI:#13273320    7/25 peers    109 KiB chain    8 MiB queue  RPC:  0 conn,    0 req/s,    0 µs
2021-09-22 04:05:09 UTC Syncing #13273286 0xff96…f2f9     0.00 blk/s    0.0 tx/s    0.0 Mgas/s      0+   36 Qed Ancient:#5699167 LI:#13273322    6/25 peers      5 MiB chain    8 MiB queue  RPC:  0 conn,    0 req/s,    0 µs
2021-09-22 04:05:09 UTC Syncing #13273286 0xff96…f2f9     0.00 blk/s    0.0 tx/s    0.0 Mgas/s      0+   36 Qed Ancient:#5699167 LI:#13273322    6/25 peers      5 MiB chain    8 MiB queue  RPC:  0 conn,    0 req/s,    0 µs
2021-09-22 04:05:29 UTC Syncing #13273287 0xe0d2…6709     0.39 blk/s   47.7 tx/s    4.4 Mgas/s      0+   35 Qed Ancient:#5699168 LI:#13273322    6/25 peers      5 MiB chain    8 MiB queue  RPC:  0 conn,    0 req/s,    0 µs
2021-09-22 04:05:29 UTC Syncing #13273288 0xf1dc…63db     0.10 blk/s    9.0 tx/s    0.8 Mgas/s      0+   34 Qed Ancient:#5699170 LI:#13273324    6/25 peers      5 MiB chain    8 MiB queue  RPC:  0 conn,    0 req/s,    0 µs
2021-09-22 04:05:45 UTC Syncing #13273288 0xf1dc…63db     0.00 blk/s    0.0 tx/s    0.0 Mgas/s      0+   39 Qed Ancient:#5699170 LI:#13273327    5/25 peers      5 MiB chain    9 MiB queue  RPC:  0 conn,    0 req/s,    0 µs
2021-09-22 04:05:45 UTC Syncing #13273288 0xf1dc…63db     0.00 blk/s    0.0 tx/s    0.0 Mgas/s      0+   39 Qed Ancient:#5699170 LI:#13273327    5/25 peers      5 MiB chain    9 MiB queue  RPC:  0 conn,    0 req/s,    0 µs
2021-09-22 04:05:45 UTC Syncing #13273288 0xf1dc…63db     0.00 blk/s    0.0 tx/s    0.0 Mgas/s      0+   39 Qed Ancient:#5699170 LI:#13273327    5/25 peers      5 MiB chain    9 MiB queue  RPC:  0 conn,    0 req/s,    0 µs
2021-09-22 04:05:54 UTC Syncing #13273289 0x186f…8bdf     0.17 blk/s   34.7 tx/s    5.0 Mgas/s      0+   41 Qed Ancient:#5699171 LI:#13273330    5/25 peers      5 MiB chain    9 MiB queue  RPC:  0 conn,    0 req/s,    0 µs
2021-09-22 04:06:02 UTC Syncing #13273289 0x186f…8bdf     0.00 blk/s    0.0 tx/s    0.0 Mgas/s      0+   41 Qed Ancient:#5699171 LI:#13273330    4/25 peers      5 MiB chain    9 MiB queue  RPC:  0 conn,    0 req/s,    0 µs
2021-09-22 04:06:02 UTC Syncing #13273289 0x186f…8bdf     0.00 blk/s    0.0 tx/s    0.0 Mgas/s      0+   41 Qed Ancient:#5699171 LI:#13273330    4/25 peers      5 MiB chain    9 MiB queue  RPC:  0 conn,    0 req/s,    0 µs
2021-09-22 04:06:18 UTC Syncing #13273291 0x9444…825d     0.20 blk/s   23.5 tx/s    2.2 Mgas/s      0+   40 Qed Ancient:#5699173 LI:#13273331    3/25 peers      5 MiB chain    9 MiB queue  RPC:  0 conn,    0 req/s,    0 µs
2021-09-22 04:06:18 UTC Syncing #13273291 0x9444…825d     0.00 blk/s    0.0 tx/s    0.0 Mgas/s      0+   40 Qed Ancient:#5699173 LI:#13273331    3/25 peers      5 MiB chain    9 MiB queue  RPC:  0 conn,    0 req/s,    0 µs
2021-09-22 04:06:18 UTC Syncing #13273291 0x9444…825d     0.40 blk/s   47.0 tx/s    4.4 Mgas/s      0+   40 Qed Ancient:#5699173 LI:#13273331    3/25 peers      5 MiB chain    9 MiB queue  RPC:  0 conn,    0 req/s,    0 µs
2021-09-22 04:06:29 UTC Syncing #13273293 0x40ef…89fa     0.20 blk/s   19.4 tx/s    1.6 Mgas/s      0+   38 Qed Ancient:#5699176 LI:#13273331    3/25 peers      5 MiB chain    9 MiB queue  RPC:  0 conn,    0 req/s,    0 µs
2021-09-22 04:06:29 UTC Syncing #13273292 0x13bd…054f     0.20 blk/s   32.6 tx/s    2.7 Mgas/s      0+   39 Qed Ancient:#5699174 LI:#13273331    3/25 peers      5 MiB chain    9 MiB queue  RPC:  0 conn,    0 req/s,    0 µs
2021-09-22 04:06:38 UTC Syncing #13273293 0x40ef…89fa     0.10 blk/s    3.1 tx/s    0.3 Mgas/s      0+   38 Qed Ancient:#5699176 LI:#13273331    3/25 peers      5 MiB chain    9 MiB queue  RPC:  0 conn,    0 req/s,    0 µs
2021-09-22 04:06:38 UTC Syncing #13273293 0x40ef…89fa     0.20 blk/s    6.2 tx/s    0.6 Mgas/s      0+   38 Qed Ancient:#5699176 LI:#13273331    3/25 peers      5 MiB chain    9 MiB queue  RPC:  0 conn,    0 req/s,    0 µs
2021-09-22 04:06:48 UTC Syncing #13273295 0x80b1…6e36     0.20 blk/s   26.5 tx/s    2.8 Mgas/s      0+   36 Qed Ancient:#5699178 LI:#13273331    3/25 peers      5 MiB chain    8 MiB queue  RPC:  0 conn,    0 req/s,    0 µs
2021-09-22 04:06:48 UTC Syncing #13273294 0xa775…00b4     0.20 blk/s   36.8 tx/s    4.0 Mgas/s      0+   37 Qed Ancient:#5699177 LI:#13273331    3/25 peers      5 MiB chain    9 MiB queue  RPC:  0 conn,    0 req/s,    0 µs
2021-09-22 04:07:16 UTC Syncing #13273296 0x5c5c…42dc     0.13 blk/s   12.2 tx/s    1.2 Mgas/s      0+   35 Qed Ancient:#5699179 LI:#13273331    2/25 peers      5 MiB chain    8 MiB queue  RPC:  0 conn,    0 req/s,    0 µs
2021-09-22 04:07:16 UTC Syncing #13273296 0x5c5c…42dc     0.00 blk/s    0.0 tx/s    0.0 Mgas/s      0+   35 Qed Ancient:#5699179 LI:#13273331    2/25 peers      5 MiB chain    8 MiB queue  RPC:  0 conn,    0 req/s,    0 µs
2021-09-22 04:07:16 UTC Syncing #13273295 0x80b1…6e36     0.20 blk/s   16.2 tx/s    1.6 Mgas/s      0+   36 Qed Ancient:#5699178 LI:#13273331    3/25 peers      5 MiB chain    8 MiB queue  RPC:  0 conn,    0 req/s,    0 µs
2021-09-22 04:07:16 UTC Syncing #13273296 0x5c5c…42dc     0.20 blk/s   18.3 tx/s    1.8 Mgas/s      0+   35 Qed Ancient:#5699179 LI:#13273331    2/25 peers      5 MiB chain    8 MiB queue  RPC:  0 conn,    0 req/s,    0 µs
2021-09-22 04:07:28 UTC Syncing #13273297 0x45dc…7455     0.10 blk/s   22.1 tx/s    2.5 Mgas/s      0+   34 Qed Ancient:#5699180 LI:#13273331    1/25 peers      5 MiB chain    8 MiB queue  RPC:  0 conn,    0 req/s,    0 µs
2021-09-22 04:07:28 UTC Syncing #13273297 0x45dc…7455     0.18 blk/s   42.1 tx/s    4.8 Mgas/s      0+   34 Qed Ancient:#5699180 LI:#13273331    1/25 peers      5 MiB chain    8 MiB queue  RPC:  0 conn,    0 req/s,    0 µs
2021-09-22 04:07:38 UTC Syncing #13273298 0x5b19…8131     0.20 blk/s   12.6 tx/s    1.5 Mgas/s      0+   33 Qed Ancient:#5699181 LI:#13273331    1/25 peers      5 MiB chain    8 MiB queue  RPC:  0 conn,    0 req/s,    0 µs
2021-09-22 04:07:38 UTC Syncing #13273298 0x5b19…8131     0.10 blk/s    6.3 tx/s    0.8 Mgas/s      0+   33 Qed Ancient:#5699181 LI:#13273331    1/25 peers      5 MiB chain    8 MiB queue  RPC:  0 conn,    0 req/s,    0 µs
2021-09-22 04:07:41 UTC Syncing #13273298 0x5b19…8131     0.00 blk/s    0.0 tx/s    0.0 Mgas/s      0+   44 Qed Ancient:#5699181 LI:#13273341    1/25 peers      5 MiB chain   11 MiB queue  RPC:  0 conn,    0 req/s,    0 µs
2021-09-22 04:07:46 UTC Syncing #13273299 0x74cc…b348     0.20 blk/s   24.2 tx/s    3.0 Mgas/s      0+   43 Qed Ancient:#5699182 LI:#13273341    0/25 peers      5 MiB chain   11 MiB queue  RPC:  0 conn,    0 req/s,    0 µs
2021-09-22 04:07:51 UTC Syncing #13273300 0x0a6c…6a47     0.20 blk/s   11.2 tx/s    2.5 Mgas/s      0+   42 Qed Ancient:#5699183 LI:#13273341    0/25 peers      5 MiB chain   11 MiB queue  RPC:  0 conn,    0 req/s,    0 µs
2021-09-22 04:07:56 UTC Syncing #13273301 0x9d4c…a379     0.20 blk/s    6.4 tx/s    0.6 Mgas/s      0+   41 Qed Ancient:#5699184 LI:#13273341    0/25 peers      5 MiB chain   11 MiB queue  RPC:  0 conn,    0 req/s,    0 µs
2021-09-22 04:08:01 UTC Syncing #13273301 0x9d4c…a379     0.00 blk/s    0.0 tx/s    0.0 Mgas/s      0+   41 Qed Ancient:#5699184 LI:#13273341    0/25 peers      5 MiB chain   11 MiB queue  RPC:  0 conn,    0 req/s,    0 µs
2021-09-22 04:08:07 UTC Syncing #13273301 0x9d4c…a379     0.00 blk/s    0.0 tx/s    0.0 Mgas/s      0+   41 Qed Ancient:#5699184 LI:#13273341    0/25 peers      5 MiB chain   11 MiB queue  RPC:  0 conn,    0 req/s,    0 µs
2021-09-22 04:08:11 UTC Syncing #13273301 0x9d4c…a379     0.00 blk/s    0.0 tx/s    0.0 Mgas/s      0+   41 Qed Ancient:#5699184 LI:#13273341    0/25 peers      5 MiB chain   11 MiB queue  RPC:  0 conn,    0 req/s,    0 µs
2021-09-22 04:08:16 UTC Syncing #13273301 0x9d4c…a379     0.00 blk/s    0.0 tx/s    0.0 Mgas/s      0+   41 Qed Ancient:#5699184 LI:#13273341    0/25 peers      5 MiB chain   11 MiB queue  RPC:  0 conn,    0 req/s,    0 µs
2021-09-22 04:08:21 UTC Syncing #13273301 0x9d4c…a379     0.00 blk/s    0.0 tx/s    0.0 Mgas/s      0+   41 Qed Ancient:#5699184 LI:#13273341    0/25 peers      5 MiB chain   11 MiB queue  RPC:  0 conn,    0 req/s,    0 µs
2021-09-22 04:08:31 UTC Syncing #13273301 0x9d4c…a379     0.00 blk/s    0.0 tx/s    0.0 Mgas/s      0+   41 Qed Ancient:#5699184 LI:#13273341    0/25 peers      5 MiB chain   11 MiB queue  RPC:  0 conn,    0 req/s,    0 µs
2021-09-22 04:08:31 UTC Syncing #13273301 0x9d4c…a379     0.00 blk/s    0.0 tx/s    0.0 Mgas/s      0+   41 Qed Ancient:#5699184 LI:#13273341    0/25 peers      5 MiB chain   11 MiB queue  RPC:  0 conn,    0 req/s,    0 µs
2021-09-22 04:08:42 UTC Syncing #13273302 0x859f…c9c4     0.10 blk/s   15.1 tx/s    3.0 Mgas/s      0+   40 Qed Ancient:#5699185 LI:#13273341    0/25 peers      5 MiB chain   10 MiB queue  RPC:  0 conn,    0 req/s,    0 µs
2021-09-22 04:08:42 UTC Syncing #13273302 0x859f…c9c4     0.20 blk/s   30.2 tx/s    6.0 Mgas/s      0+   40 Qed Ancient:#5699185 LI:#13273341    0/25 peers      5 MiB chain   10 MiB queue  RPC:  0 conn,    0 req/s,    0 µs
2021-09-22 04:08:46 UTC Syncing #13273302 0x859f…c9c4     0.00 blk/s    0.0 tx/s    0.0 Mgas/s      0+   44 Qed Ancient:#5699185 LI:#13273346    5/25 peers      5 MiB chain   12 MiB queue  RPC:  0 conn,    0 req/s,    0 µs
2021-09-22 04:08:51 UTC Syncing #13273302 0x859f…c9c4     0.00 blk/s    0.0 tx/s    0.0 Mgas/s      0+   45 Qed Ancient:#5699185 LI:#13273346    7/25 peers      5 MiB chain   12 MiB queue  RPC:  0 conn,    0 req/s,    0 µs
2021-09-22 04:08:56 UTC Syncing #13273302 0x859f…c9c4     0.00 blk/s    0.0 tx/s    0.0 Mgas/s      0+   47 Qed Ancient:#5699185 LI:#13273348    8/25 peers      5 MiB chain   12 MiB queue  RPC:  0 conn,    0 req/s,    0 µs
2021-09-22 04:09:01 UTC Syncing #13273302 0x859f…c9c4     0.00 blk/s    0.0 tx/s    0.0 Mgas/s      0+   47 Qed Ancient:#5699185 LI:#13273348   10/25 peers      5 MiB chain   12 MiB queue  RPC:  0 conn,    0 req/s,    0 µs
2021-09-22 04:09:11 UTC Syncing #13273303 0x4f20…632f     0.10 blk/s   34.5 tx/s    3.0 Mgas/s      0+   46 Qed Ancient:#5699186 LI:#13273348   10/25 peers      5 MiB chain   12 MiB queue  RPC:  0 conn,    0 req/s,    0 µs
2021-09-22 04:09:11 UTC Syncing #13273303 0x4f20…632f     0.20 blk/s   69.0 tx/s    6.0 Mgas/s      0+   46 Qed Ancient:#5699186 LI:#13273348   10/25 peers      5 MiB chain   12 MiB queue  RPC:  0 conn,    0 req/s,    0 µs
2021-09-22 04:09:17 UTC Syncing #13273303 0x4f20…632f     0.00 blk/s    0.0 tx/s    0.0 Mgas/s      0+   46 Qed Ancient:#5699186 LI:#13273348   12/25 peers      5 MiB chain   12 MiB queue  RPC:  0 conn,    0 req/s,    0 µs
2021-09-22 04:09:30 UTC Syncing #13273304 0xbb8f…c5f4     0.10 blk/s   20.7 tx/s    2.9 Mgas/s      0+   45 Qed Ancient:#5699187 LI:#13273348   14/25 peers      5 MiB chain   12 MiB queue  RPC:  0 conn,    0 req/s,    0 µs
2021-09-22 04:09:30 UTC Syncing #13273303 0x4f20…632f     0.00 blk/s    0.0 tx/s    0.0 Mgas/s      0+   46 Qed Ancient:#5699186 LI:#13273348   14/25 peers      5 MiB chain   12 MiB queue  RPC:  0 conn,    0 req/s,    0 µs
2021-09-22 04:09:38 UTC Syncing #13273304 0xbb8f…c5f4     0.20 blk/s   41.4 tx/s    5.7 Mgas/s      0+   45 Qed Ancient:#5699187 LI:#13273348   13/25 peers      5 MiB chain   12 MiB queue  RPC:  0 conn,    0 req/s,    0 µs
2021-09-22 04:09:38 UTC Syncing #13273306 0x8004…b587     0.30 blk/s   32.5 tx/s    4.7 Mgas/s      0+   43 Qed Ancient:#5699189 LI:#13273348   13/25 peers      5 MiB chain   11 MiB queue  RPC:  0 conn,    0 req/s,    0 µs
2021-09-22 04:09:45 UTC Syncing #13273306 0x8004…b587     0.00 blk/s    0.0 tx/s    0.0 Mgas/s      0+   45 Qed Ancient:#5699189 LI:#13273350   13/25 peers      5 MiB chain   12 MiB queue  RPC:  0 conn,    0 req/s,    0 µs
2021-09-22 04:09:46 UTC Syncing #13273306 0x8004…b587     0.00 blk/s    0.0 tx/s    0.0 Mgas/s      0+   45 Qed Ancient:#5699189 LI:#13273350   13/25 peers      5 MiB chain   12 MiB queue  RPC:  0 conn,    0 req/s,    0 µs
2021-09-22 04:09:51 UTC Syncing #13273306 0x8004…b587     0.00 blk/s    0.0 tx/s    0.0 Mgas/s      0+   45 Qed Ancient:#5699189 LI:#13273350   12/25 peers      5 MiB chain   12 MiB queue  RPC:  0 conn,    0 req/s,    0 µs
2021-09-22 04:09:56 UTC Syncing #13273306 0x8004…b587     0.00 blk/s    0.0 tx/s    0.0 Mgas/s      0+   45 Qed Ancient:#5699189 LI:#13273350    8/25 peers      5 MiB chain   12 MiB queue  RPC:  0 conn,    0 req/s,    0 µs
2021-09-22 04:10:01 UTC Syncing #13273306 0x8004…b587     0.00 blk/s    0.0 tx/s    0.0 Mgas/s      0+   45 Qed Ancient:#5699189 LI:#13273350    9/25 peers      5 MiB chain   12 MiB queue  RPC:  0 conn,    0 req/s,    0 µs
2021-09-22 04:10:16 UTC Syncing #13273307 0xfbc0…4012     0.10 blk/s   40.6 tx/s    3.0 Mgas/s      0+   45 Qed Ancient:#5699190 LI:#13273351   10/25 peers      5 MiB chain   12 MiB queue  RPC:  0 conn,    0 req/s,    0 µs
2021-09-22 04:10:16 UTC Syncing #13273307 0xfbc0…4012     0.20 blk/s   81.2 tx/s    6.0 Mgas/s      0+   45 Qed Ancient:#5699190 LI:#13273351   10/25 peers      5 MiB chain   12 MiB queue  RPC:  0 conn,    0 req/s,    0 µs
2021-09-22 04:10:16 UTC Syncing #13273307 0xfbc0…4012     0.00 blk/s    0.0 tx/s    0.0 Mgas/s      0+   47 Qed Ancient:#5699190 LI:#13273353    7/25 peers      5 MiB chain   12 MiB queue  RPC:  0 conn,    0 req/s,    0 µs
2021-09-22 04:10:21 UTC Syncing #13273307 0xfbc0…4012     0.00 blk/s    0.0 tx/s    0.0 Mgas/s      0+   47 Qed Ancient:#5699190 LI:#13273353    8/25 peers      5 MiB chain   12 MiB queue  RPC:  0 conn,    0 req/s,    0 µs