2021-05-11 22:13:32 UTC Imported #12415735 0x041c…1764 (339 txs, 14.94 Mgas, 4852 ms, 54.57 KiB)
2021-05-11 22:13:55 UTC Imported #12415739 0x708a…ffbe (166 txs, 14.80 Mgas, 3496 ms, 52.77 KiB)
2021-05-11 22:14:00 UTC  34/50 peers      7 MiB chain  0 bytes queue  RPC:  0 conn,    0 req/s,    0 µs
2021-05-11 22:14:03 UTC Imported #12415740 0x71a4…8a1d (246 txs, 14.93 Mgas, 3503 ms, 58.27 KiB)
2021-05-11 22:14:32 UTC  20/25 peers      6 MiB chain  198 KiB queue  RPC:  0 conn,    0 req/s,    0 µs
2021-05-11 22:14:37 UTC Imported #12415743 0x253c…9172 (174 txs, 14.96 Mgas, 1943 ms, 55.46 KiB)
2021-05-11 22:14:41 UTC Reorg to #12415744 0x6cbf…beda (0x1d8d…a4b1 #12415742 0xcacb…9b43 0x253c…9172)
2021-05-11 22:14:49 UTC Imported #12415746 0x704e…430a (218 txs, 14.58 Mgas, 3518 ms, 52.11 KiB)
2021-05-11 22:15:02 UTC   5/25 peers      5 MiB chain  0 bytes queue  RPC:  0 conn,    0 req/s,    0 µs
2021-05-11 22:15:20 UTC Imported #12415747 0xb387…656a (387 txs, 14.96 Mgas, 4177 ms, 58.54 KiB)
2021-05-11 22:15:31 UTC Imported #12415748 0x04a7…9bad (197 txs, 14.97 Mgas, 3463 ms, 48.32 KiB)
2021-05-11 22:15:36 UTC Imported #12415749 0x6198…0687 (165 txs, 14.95 Mgas, 3422 ms, 53.41 KiB)
2021-05-11 22:15:41 UTC  11/25 peers      5 MiB chain  0 bytes queue  RPC:  0 conn,    0 req/s,    0 µs
2021-05-11 22:16:03 UTC Imported #12415750 0xacba…e2c6 (363 txs, 14.94 Mgas, 4831 ms, 60.17 KiB)
2021-05-11 22:16:12 UTC Imported #12415751 0xbd4c…5117 (309 txs, 14.95 Mgas, 3877 ms, 58.45 KiB)
2021-05-11 22:16:14 UTC  17/25 peers      5 MiB chain  0 bytes queue  RPC:  0 conn,    0 req/s,    0 µs
2021-05-11 22:16:41 UTC Imported #12415752 0x36fe…1820 (363 txs, 14.97 Mgas, 4204 ms, 60.24 KiB)
2021-05-11 22:16:51 UTC  19/25 peers      5 MiB chain  0 bytes queue  RPC:  0 conn,    0 req/s,    0 µs
2021-05-11 22:17:08 UTC Imported #12415753 0xb015…4c23 (362 txs, 14.96 Mgas, 4937 ms, 58.95 KiB)
2021-05-11 22:17:17 UTC Imported #12415754 0x29c3…593e (267 txs, 14.99 Mgas, 4177 ms, 58.11 KiB)
2021-05-11 22:17:21 UTC  23/25 peers      6 MiB chain  0 bytes queue  RPC:  0 conn,    0 req/s,    0 µs
2021-05-11 22:17:26 UTC Imported #12415755 0x0d75…8f59 (208 txs, 14.98 Mgas, 4655 ms, 50.46 KiB)
2021-05-11 22:17:38 UTC Imported #12415756 0x5bcb…7dc1 (222 txs, 14.99 Mgas, 3760 ms, 50.67 KiB)
2021-05-11 22:17:52 UTC  24/25 peers      6 MiB chain  0 bytes queue  RPC:  0 conn,    0 req/s,    0 µs
2021-05-11 22:17:55 UTC Imported #12415758 0x004e…e472 (205 txs, 14.98 Mgas, 3990 ms, 45.63 KiB)
2021-05-11 22:18:20 UTC Imported #12415760 0x02dd…46af (179 txs, 14.99 Mgas, 3061 ms, 55.21 KiB)
2021-05-11 22:18:26 UTC  27/50 peers      6 MiB chain  0 bytes queue  RPC:  0 conn,    0 req/s,    0 µs
2021-05-11 22:18:32 UTC Imported #12415761 0x06c3…2172 (274 txs, 15.00 Mgas, 4663 ms, 54.42 KiB)
2021-05-11 22:18:42 UTC Imported #12415762 0x213a…5d03 (260 txs, 14.99 Mgas, 3636 ms, 54.60 KiB)
2021-05-11 22:18:57 UTC  27/50 peers      6 MiB chain  0 bytes queue  RPC:  0 conn,    0 req/s,    0 µs
2021-05-11 22:19:27 UTC  33/50 peers      6 MiB chain  0 bytes queue  RPC:  0 conn,    0 req/s,    0 µs
2021-05-11 22:20:00 UTC Imported #12415763 0x6d12…70ba (432 txs, 15.00 Mgas, 5994 ms, 60.11 KiB)
2021-05-11 22:20:05 UTC  33/50 peers      6 MiB chain  0 bytes queue  RPC:  0 conn,    0 req/s,    0 µs
2021-05-11 22:20:22 UTC Imported #12415764 0x8d68…1e2e (377 txs, 14.98 Mgas, 3212 ms, 65.57 KiB)