2021-05-09 11:12:06 UTC Syncing #12399664 0x9ee2…6438     0.20 blk/s   53.0 tx/s    3.0 Mgas/s      0+  182 Qed Ancient:#12122990 LI:#12399842   40/50 peers      5 MiB chain   42 MiB queue  RPC:  0 conn,    0 req/s,    0 µs
2021-05-09 11:12:11 UTC Syncing #12399665 0x5cb6…75df     0.20 blk/s   71.6 tx/s    3.0 Mgas/s      0+  182 Qed Ancient:#12122990 LI:#12399843   40/50 peers      5 MiB chain   42 MiB queue  RPC:  0 conn,    0 req/s,    0 µs
2021-05-09 11:12:16 UTC Syncing #12399666 0x487f…6195     0.20 blk/s   54.2 tx/s    3.0 Mgas/s      0+  182 Qed Ancient:#12122990 LI:#12399844   40/50 peers      5 MiB chain   42 MiB queue  RPC:  0 conn,    0 req/s,    0 µs
2021-05-09 11:12:21 UTC Syncing #12399667 0xb4b6…07ec     0.20 blk/s   50.8 tx/s    3.0 Mgas/s      0+  181 Qed Ancient:#12122990 LI:#12399844   40/50 peers      5 MiB chain   42 MiB queue  RPC:  0 conn,    0 req/s,    0 µs
2021-05-09 11:12:26 UTC Syncing #12399668 0xb69b…8429     0.20 blk/s   57.4 tx/s    3.0 Mgas/s      0+  181 Qed Ancient:#12122990 LI:#12399845   40/50 peers      5 MiB chain   42 MiB queue  RPC:  0 conn,    0 req/s,    0 µs
2021-05-09 11:12:31 UTC Syncing #12399669 0x6a46…9955     0.20 blk/s   34.8 tx/s    3.0 Mgas/s      0+  181 Qed Ancient:#12122990 LI:#12399846   40/50 peers      5 MiB chain   42 MiB queue  RPC:  0 conn,    0 req/s,    0 µs
2021-05-09 11:12:36 UTC Syncing #12399670 0xa1bc…045a     0.20 blk/s   58.8 tx/s    3.0 Mgas/s      0+  180 Qed Ancient:#12122990 LI:#12399846   40/50 peers      5 MiB chain   41 MiB queue  RPC:  0 conn,    0 req/s,    0 µs
2021-05-09 11:12:41 UTC Syncing #12399670 0xa1bc…045a     0.00 blk/s    0.0 tx/s    0.0 Mgas/s      0+  180 Qed Ancient:#12122990 LI:#12399846   40/50 peers      5 MiB chain   41 MiB queue  RPC:  0 conn,    0 req/s,    0 µs
2021-05-09 11:12:46 UTC Syncing #12399671 0x224a…0f4a     0.20 blk/s   57.4 tx/s    3.0 Mgas/s      0+  179 Qed Ancient:#12122990 LI:#12399846   40/50 peers      5 MiB chain   41 MiB queue  RPC:  0 conn,    0 req/s,    0 µs
2021-05-09 11:12:51 UTC Syncing #12399672 0x66e2…ce9a     0.20 blk/s   33.0 tx/s    3.0 Mgas/s      0+  178 Qed Ancient:#12122990 LI:#12399846   40/50 peers      5 MiB chain   41 MiB queue  RPC:  0 conn,    0 req/s,    0 µs
2021-05-09 11:12:56 UTC Syncing #12399673 0x8ee1…1573     0.20 blk/s   37.4 tx/s    3.0 Mgas/s      0+  177 Qed Ancient:#12122990 LI:#12399846   40/50 peers      5 MiB chain   41 MiB queue  RPC:  0 conn,    0 req/s,    0 µs
2021-05-09 11:13:01 UTC Syncing #12399674 0xe99b…3b74     0.20 blk/s    9.0 tx/s    3.0 Mgas/s      0+  176 Qed Ancient:#12122990 LI:#12399846   40/50 peers      5 MiB chain   40 MiB queue  RPC:  0 conn,    0 req/s,    0 µs
2021-05-09 11:13:06 UTC Syncing #12399675 0x3b27…0312     0.20 blk/s  107.2 tx/s    3.0 Mgas/s      0+  178 Qed Ancient:#12122990 LI:#12399848   40/50 peers      5 MiB chain   41 MiB queue  RPC:  0 conn,    0 req/s,    0 µs
2021-05-09 11:13:11 UTC Syncing #12399676 0x77d2…d76c     0.20 blk/s   85.4 tx/s    3.0 Mgas/s      0+  177 Qed Ancient:#12122990 LI:#12399848   40/50 peers      5 MiB chain   40 MiB queue  RPC:  0 conn,    0 req/s,    0 µs
2021-05-09 11:13:16 UTC Syncing #12399677 0xfaa8…dc25     0.20 blk/s   61.8 tx/s    3.0 Mgas/s      0+  176 Qed Ancient:#12122990 LI:#12399848   40/50 peers      5 MiB chain   40 MiB queue  RPC:  0 conn,    0 req/s,    0 µs
2021-05-09 11:13:21 UTC Syncing #12399678 0xea6b…05d9     0.20 blk/s   42.2 tx/s    3.0 Mgas/s      0+  176 Qed Ancient:#12122990 LI:#12399849   40/50 peers      5 MiB chain   40 MiB queue  RPC:  0 conn,    0 req/s,    0 µs
2021-05-09 11:13:26 UTC Syncing #12399678 0xea6b…05d9     0.00 blk/s    0.0 tx/s    0.0 Mgas/s      0+  176 Qed Ancient:#12122990 LI:#12399849   39/50 peers      5 MiB chain   40 MiB queue  RPC:  0 conn,    0 req/s,    0 µs
2021-05-09 11:13:31 UTC Syncing #12399680 0x9f4a…8b9b     0.40 blk/s   97.8 tx/s    6.0 Mgas/s      0+  175 Qed Ancient:#12122990 LI:#12399850   39/50 peers      5 MiB chain   40 MiB queue  RPC:  0 conn,    0 req/s,    0 µs
2021-05-09 11:13:36 UTC Syncing #12399680 0x9f4a…8b9b     0.00 blk/s    0.0 tx/s    0.0 Mgas/s      0+  176 Qed Ancient:#12122990 LI:#12399851   39/50 peers      5 MiB chain   40 MiB queue  RPC:  0 conn,    0 req/s,    0 µs
2021-05-09 11:13:42 UTC Syncing #12399681 0x216c…e27a     0.20 blk/s   37.4 tx/s    3.0 Mgas/s      0+  175 Qed Ancient:#12122990 LI:#12399851   39/50 peers      5 MiB chain   40 MiB queue  RPC:  0 conn,    0 req/s,    0 µs
2021-05-09 11:13:52 UTC Syncing #12399683 0x59ac…9a69     0.19 blk/s   54.1 tx/s    2.8 Mgas/s      0+  174 Qed Ancient:#12123140 LI:#12399851   36/50 peers      9 MiB chain   40 MiB queue  RPC:  0 conn,    0 req/s,    0 µs
2021-05-09 11:13:52 UTC Syncing #12399683 0x59ac…9a69     0.19 blk/s   54.1 tx/s    2.8 Mgas/s      0+  173 Qed Ancient:#12123140 LI:#12399851   36/50 peers      5 MiB chain   40 MiB queue  RPC:  0 conn,    0 req/s,    0 µs
2021-05-09 11:14:00 UTC Syncing #12399684 0xb640…87c9     0.14 blk/s   34.3 tx/s    2.1 Mgas/s      0+  173 Qed Ancient:#12123231 LI:#12399851   36/50 peers      5 MiB chain   40 MiB queue  RPC:  0 conn,    0 req/s,    0 µs
2021-05-09 11:14:01 UTC Syncing #12399684 0xb640…87c9     0.00 blk/s    0.0 tx/s    0.0 Mgas/s      0+  172 Qed Ancient:#12123231 LI:#12399851   36/50 peers      5 MiB chain   39 MiB queue  RPC:  0 conn,    0 req/s,    0 µs
2021-05-09 11:14:06 UTC Syncing #12399685 0x0945…3c93     0.20 blk/s   49.0 tx/s    3.0 Mgas/s      0+  172 Qed Ancient:#12123349 LI:#12399852   35/50 peers      5 MiB chain   39 MiB queue  RPC:  0 conn,    0 req/s,    0 µs
2021-05-09 11:16:14 UTC Syncing #12399686 0xc8a9…75d7     0.01 blk/s    1.3 tx/s    0.1 Mgas/s      0+  179 Qed Ancient:#12126593 LI:#12399859   32/50 peers     75 MiB chain   41 MiB queue  RPC:  0 conn,    0 req/s,    0 µs
2021-05-09 11:16:16 UTC Syncing #12399686 0xc8a9…75d7     0.00 blk/s    0.0 tx/s    0.0 Mgas/s      0+  178 Qed Ancient:#12126593 LI:#12399859   32/50 peers     74 KiB chain   41 MiB queue  RPC:  0 conn,    0 req/s,    0 µs
2021-05-09 11:16:21 UTC Syncing #12399686 0xc8a9…75d7     0.00 blk/s    0.0 tx/s    0.0 Mgas/s      0+  178 Qed Ancient:#12126593 LI:#12399859   33/50 peers     74 KiB chain   41 MiB queue  RPC:  0 conn,    0 req/s,    0 µs
2021-05-09 11:16:26 UTC Syncing #12399687 0x4aa6…3d15     0.20 blk/s   43.8 tx/s    3.0 Mgas/s      0+  178 Qed Ancient:#12126593 LI:#12399860   33/50 peers     91 KiB chain   41 MiB queue  RPC:  0 conn,    0 req/s,    0 µs
2021-05-09 11:16:31 UTC Syncing #12399687 0x4aa6…3d15     0.00 blk/s    0.0 tx/s    0.0 Mgas/s      0+  179 Qed Ancient:#12126593 LI:#12399861   33/50 peers     91 KiB chain   41 MiB queue  RPC:  0 conn,    0 req/s,    0 µs
2021-05-09 11:16:36 UTC Syncing #12399688 0xef8a…ecea     0.20 blk/s   37.6 tx/s    3.0 Mgas/s      0+  178 Qed Ancient:#12126593 LI:#12399861   33/50 peers    109 KiB chain   41 MiB queue  RPC:  0 conn,    0 req/s,    0 µs
2021-05-09 11:16:41 UTC Syncing #12399688 0xef8a…ecea     0.00 blk/s    0.0 tx/s    0.0 Mgas/s      0+  178 Qed Ancient:#12126593 LI:#12399861   33/50 peers    109 KiB chain   41 MiB queue  RPC:  0 conn,    0 req/s,    0 µs
2021-05-09 11:16:46 UTC Syncing #12399689 0xd128…4849     0.20 blk/s   38.2 tx/s    3.0 Mgas/s      0+  178 Qed Ancient:#12126593 LI:#12399862   33/50 peers    144 KiB chain   41 MiB queue  RPC:  0 conn,    0 req/s,    0 µs
2021-05-09 11:16:51 UTC Syncing #12399690 0x0b5c…e5ff     0.20 blk/s   48.4 tx/s    3.0 Mgas/s      0+  177 Qed Ancient:#12126593 LI:#12399862   33/50 peers    144 KiB chain   41 MiB queue  RPC:  0 conn,    0 req/s,    0 µs
2021-05-09 11:16:56 UTC Syncing #12399690 0x0b5c…e5ff     0.00 blk/s    0.0 tx/s    0.0 Mgas/s      0+  177 Qed Ancient:#12126593 LI:#12399862   33/50 peers    144 KiB chain   41 MiB queue  RPC:  0 conn,    0 req/s,    0 µs
2021-05-09 11:17:01 UTC Syncing #12399691 0x519b…551d     0.20 blk/s   45.2 tx/s    3.0 Mgas/s      0+  176 Qed Ancient:#12126593 LI:#12399862   33/50 peers    214 KiB chain   41 MiB queue  RPC:  0 conn,    0 req/s,    0 µs
2021-05-09 11:17:06 UTC Syncing #12399692 0x7523…070a     0.20 blk/s   39.2 tx/s    3.0 Mgas/s      0+  175 Qed Ancient:#12126593 LI:#12399862   33/50 peers    214 KiB chain   40 MiB queue  RPC:  0 conn,    0 req/s,    0 µs
2021-05-09 11:17:11 UTC Syncing #12399693 0x6158…3cfe     0.20 blk/s   35.8 tx/s    3.0 Mgas/s      0+  174 Qed Ancient:#12126593 LI:#12399862   33/50 peers    215 KiB chain   40 MiB queue  RPC:  0 conn,    0 req/s,    0 µs
2021-05-09 11:17:16 UTC Syncing #12399693 0x6158…3cfe     0.00 blk/s    0.0 tx/s    0.0 Mgas/s      0+  174 Qed Ancient:#12126593 LI:#12399862   33/50 peers    215 KiB chain   40 MiB queue  RPC:  0 conn,    0 req/s,    0 µs
2021-05-09 11:17:22 UTC Syncing #12399694 0x7c22…c259     0.20 blk/s   51.8 tx/s    3.0 Mgas/s      0+  173 Qed Ancient:#12126593 LI:#12399862   33/50 peers    215 KiB chain   40 MiB queue  RPC:  0 conn,    0 req/s,    0 µs
2021-05-09 11:17:39 UTC Syncing #12399695 0xfd62…01a6     0.06 blk/s   21.5 tx/s    0.9 Mgas/s      0+  172 Qed Ancient:#12127151 LI:#12399862   33/50 peers     38 KiB chain   40 MiB queue  RPC:  0 conn,    0 req/s,    0 µs
2021-05-09 11:17:39 UTC Syncing #12399695 0xfd62…01a6     0.06 blk/s   21.6 tx/s    0.9 Mgas/s      0+  173 Qed Ancient:#12127151 LI:#12399862   33/50 peers      9 MiB chain   40 MiB queue  RPC:  0 conn,    0 req/s,    0 µs
2021-05-09 11:17:39 UTC Syncing #12399695 0xfd62…01a6     0.00 blk/s    0.0 tx/s    0.0 Mgas/s      0+  172 Qed Ancient:#12127151 LI:#12399862   33/50 peers     38 KiB chain   40 MiB queue  RPC:  0 conn,    0 req/s,    0 µs
2021-05-09 11:17:41 UTC Syncing #12399695 0xfd62…01a6     0.00 blk/s    0.0 tx/s    0.0 Mgas/s      0+  172 Qed Ancient:#12127151 LI:#12399862   30/50 peers     74 KiB chain   40 MiB queue  RPC:  0 conn,    0 req/s,    0 µs
2021-05-09 11:17:50 UTC Syncing #12399696 0x775f…1e41     0.12 blk/s   26.2 tx/s    1.8 Mgas/s      0+  173 Qed Ancient:#12127366 LI:#12399863   30/50 peers      5 MiB chain   40 MiB queue  RPC:  0 conn,    0 req/s,    0 µs
2021-05-09 11:17:52 UTC Syncing #12399696 0x775f…1e41     0.00 blk/s    0.0 tx/s    0.0 Mgas/s      0+  172 Qed Ancient:#12127366 LI:#12399863   30/50 peers      5 MiB chain   40 MiB queue  RPC:  0 conn,    0 req/s,    0 µs