2021-05-09 11:37:19 UTC Syncing #12399767 0x0358…17f6     0.03 blk/s    9.7 tx/s    0.5 Mgas/s      0+  179 Qed Ancient:#12145182 LI:#12399945   28/50 peers     37 MiB chain   40 MiB queue  RPC:  0 conn,    0 req/s,    0 µs
2021-05-09 11:37:26 UTC Syncing #12399768 0x9cd5…21d2     0.13 blk/s   33.8 tx/s    1.9 Mgas/s      0+  178 Qed Ancient:#12145215 LI:#12399945   29/50 peers    639 KiB chain   40 MiB queue  RPC:  0 conn,    0 req/s,    0 µs
2021-05-09 11:37:39 UTC Syncing #12399769 0x8421…6595     0.08 blk/s   17.4 tx/s    1.2 Mgas/s      0+  177 Qed Ancient:#12145764 LI:#12399946   28/50 peers      2 KiB chain   40 MiB queue  RPC:  0 conn,    0 req/s,    0 µs
2021-05-09 11:37:39 UTC Syncing #12399769 0x8421…6595     0.08 blk/s   17.5 tx/s    1.2 Mgas/s      0+  178 Qed Ancient:#12145764 LI:#12399946   28/50 peers    0 bytes chain   40 MiB queue  RPC:  0 conn,    0 req/s,    0 µs
2021-05-09 11:37:43 UTC Syncing #12399769 0x8421…6595     0.00 blk/s    0.0 tx/s    0.0 Mgas/s      0+  178 Qed Ancient:#12145764 LI:#12399947   28/50 peers     74 KiB chain   40 MiB queue  RPC:  0 conn,    0 req/s,    0 µs
2021-05-09 11:37:48 UTC Syncing #12399769 0x8421…6595     0.00 blk/s    0.0 tx/s    0.0 Mgas/s      0+  178 Qed Ancient:#12145764 LI:#12399947   30/50 peers     74 KiB chain   40 MiB queue  RPC:  0 conn,    0 req/s,    0 µs
2021-05-09 11:38:30 UTC Syncing #12399771 0xc3c2…89df     0.05 blk/s    7.6 tx/s    0.7 Mgas/s      0+  177 Qed Ancient:#12147150 LI:#12399948   31/50 peers      2 KiB chain   40 MiB queue  RPC:  0 conn,    0 req/s,    0 µs
2021-05-09 11:38:30 UTC Syncing #12399771 0xc3c2…89df     0.05 blk/s    7.6 tx/s    0.7 Mgas/s      0+  178 Qed Ancient:#12147150 LI:#12399948   31/50 peers     35 MiB chain   40 MiB queue  RPC:  0 conn,    0 req/s,    0 µs
2021-05-09 11:38:40 UTC Syncing #12399772 0x6e4f…eee6     0.10 blk/s   18.2 tx/s    1.4 Mgas/s      0+  177 Qed Ancient:#12147437 LI:#12399948   31/50 peers      9 MiB chain   40 MiB queue  RPC:  0 conn,    0 req/s,    0 µs
2021-05-09 11:38:40 UTC Syncing #12399772 0x6e4f…eee6     0.10 blk/s   18.2 tx/s    1.4 Mgas/s      0+  176 Qed Ancient:#12147437 LI:#12399948   31/50 peers     74 KiB chain   40 MiB queue  RPC:  0 conn,    0 req/s,    0 µs
2021-05-09 11:42:33 UTC Syncing #12399773 0xfc9c…c7e3     0.00 blk/s    1.1 tx/s    0.1 Mgas/s      0+  187 Qed Ancient:#12152025 LI:#12399959   32/50 peers    146 MiB chain   42 MiB queue  RPC:  0 conn,    0 req/s,    0 µs
2021-05-09 11:42:38 UTC Syncing #12399773 0xfc9c…c7e3     0.00 blk/s    0.0 tx/s    0.0 Mgas/s      0+  187 Qed Ancient:#12152025 LI:#12399960   33/50 peers     74 KiB chain   42 MiB queue  RPC:  0 conn,    0 req/s,    0 µs
2021-05-09 11:42:43 UTC Syncing #12399773 0xfc9c…c7e3     0.00 blk/s    0.0 tx/s    0.0 Mgas/s      0+  188 Qed Ancient:#12152025 LI:#12399961   34/50 peers     74 KiB chain   43 MiB queue  RPC:  0 conn,    0 req/s,    0 µs
2021-05-09 11:42:48 UTC Syncing #12399774 0xde17…daf8     0.20 blk/s   59.6 tx/s    3.0 Mgas/s      0+  188 Qed Ancient:#12152025 LI:#12399962   34/50 peers    109 KiB chain   43 MiB queue  RPC:  0 conn,    0 req/s,    0 µs
2021-05-09 11:42:53 UTC Syncing #12399774 0xde17…daf8     0.00 blk/s    0.0 tx/s    0.0 Mgas/s      0+  189 Qed Ancient:#12152025 LI:#12399963   34/50 peers    109 KiB chain   43 MiB queue  RPC:  0 conn,    0 req/s,    0 µs
2021-05-09 11:42:58 UTC Syncing #12399775 0x1d74…66cf     0.20 blk/s   67.8 tx/s    3.0 Mgas/s      0+  188 Qed Ancient:#12152025 LI:#12399963   34/50 peers    144 KiB chain   42 MiB queue  RPC:  0 conn,    0 req/s,    0 µs
2021-05-09 11:43:03 UTC Syncing #12399776 0xce14…248a     0.20 blk/s   60.2 tx/s    3.0 Mgas/s      0+  187 Qed Ancient:#12152025 LI:#12399963   34/50 peers    214 KiB chain   42 MiB queue  RPC:  0 conn,    0 req/s,    0 µs
2021-05-09 11:43:08 UTC Syncing #12399776 0xce14…248a     0.00 blk/s    0.0 tx/s    0.0 Mgas/s      0+  187 Qed Ancient:#12152025 LI:#12399963   36/50 peers    214 KiB chain   42 MiB queue  RPC:  0 conn,    0 req/s,    0 µs
2021-05-09 11:43:13 UTC Syncing #12399777 0xcf77…cc2f     0.20 blk/s   36.4 tx/s    3.0 Mgas/s      0+  186 Qed Ancient:#12152025 LI:#12399963   36/50 peers    214 KiB chain   42 MiB queue  RPC:  0 conn,    0 req/s,    0 µs
2021-05-09 11:43:18 UTC Syncing #12399777 0xcf77…cc2f     0.00 blk/s    0.0 tx/s    0.0 Mgas/s      0+  188 Qed Ancient:#12152025 LI:#12399964   36/50 peers    214 KiB chain   43 MiB queue  RPC:  0 conn,    0 req/s,    0 µs
2021-05-09 11:43:23 UTC Syncing #12399778 0x18d5…6a53     0.20 blk/s   30.8 tx/s    3.0 Mgas/s      0+  187 Qed Ancient:#12152025 LI:#12399964   36/50 peers    214 KiB chain   42 MiB queue  RPC:  0 conn,    0 req/s,    0 µs
2021-05-09 11:43:28 UTC Syncing #12399778 0x18d5…6a53     0.00 blk/s    0.0 tx/s    0.0 Mgas/s      0+  188 Qed Ancient:#12152025 LI:#12399965   36/50 peers    214 KiB chain   43 MiB queue  RPC:  0 conn,    0 req/s,    0 µs
2021-05-09 11:43:33 UTC Syncing #12399778 0x18d5…6a53     0.00 blk/s    0.0 tx/s    0.0 Mgas/s      0+  188 Qed Ancient:#12152025 LI:#12399965   36/50 peers    214 KiB chain   43 MiB queue  RPC:  0 conn,    0 req/s,    0 µs
2021-05-09 11:43:38 UTC Syncing #12399779 0xee9d…2c90     0.20 blk/s   72.0 tx/s    2.9 Mgas/s      0+  187 Qed Ancient:#12152025 LI:#12399965   36/50 peers    214 KiB chain   42 MiB queue  RPC:  0 conn,    0 req/s,    0 µs
2021-05-09 11:43:43 UTC Syncing #12399780 0xf22b…1e2e     0.20 blk/s   42.6 tx/s    2.9 Mgas/s      0+  187 Qed Ancient:#12152025 LI:#12399966   36/50 peers    355 KiB chain   42 MiB queue  RPC:  0 conn,    0 req/s,    0 µs
2021-05-09 11:43:48 UTC Syncing #12399780 0xf22b…1e2e     0.00 blk/s    0.0 tx/s    0.0 Mgas/s      0+  187 Qed Ancient:#12152025 LI:#12399966   36/50 peers    355 KiB chain   42 MiB queue  RPC:  0 conn,    0 req/s,    0 µs
2021-05-09 11:43:53 UTC Syncing #12399781 0xbc61…b606     0.20 blk/s   39.2 tx/s    2.8 Mgas/s      0+  187 Qed Ancient:#12152025 LI:#12399967   36/50 peers    355 KiB chain   42 MiB queue  RPC:  0 conn,    0 req/s,    0 µs
2021-05-09 11:43:58 UTC Syncing #12399781 0xbc61…b606     0.00 blk/s    0.0 tx/s    0.0 Mgas/s      0+  187 Qed Ancient:#12152025 LI:#12399967   36/50 peers    355 KiB chain   42 MiB queue  RPC:  0 conn,    0 req/s,    0 µs
2021-05-09 11:44:03 UTC Syncing #12399782 0x1f93…fbdc     0.20 blk/s   50.6 tx/s    2.9 Mgas/s      0+  187 Qed Ancient:#12152025 LI:#12399968   36/50 peers    355 KiB chain   42 MiB queue  RPC:  0 conn,    0 req/s,    0 µs
2021-05-09 11:44:08 UTC Syncing #12399783 0x7d17…f138     0.20 blk/s   46.4 tx/s    3.0 Mgas/s      0+  187 Qed Ancient:#12152025 LI:#12399969   36/50 peers    355 KiB chain   42 MiB queue  RPC:  0 conn,    0 req/s,    0 µs
2021-05-09 11:44:13 UTC Syncing #12399783 0x7d17…f138     0.00 blk/s    0.0 tx/s    0.0 Mgas/s      0+  187 Qed Ancient:#12152025 LI:#12399969   36/50 peers    355 KiB chain   42 MiB queue  RPC:  0 conn,    0 req/s,    0 µs
2021-05-09 11:44:18 UTC Syncing #12399784 0xc233…1ca4     0.20 blk/s   62.4 tx/s    3.0 Mgas/s      0+  187 Qed Ancient:#12152025 LI:#12399970   36/50 peers    355 KiB chain   42 MiB queue  RPC:  0 conn,    0 req/s,    0 µs
2021-05-09 11:44:23 UTC Syncing #12399785 0x27f0…6d10     0.20 blk/s   54.6 tx/s    3.0 Mgas/s      0+  186 Qed Ancient:#12152025 LI:#12399970   36/50 peers    355 KiB chain   42 MiB queue  RPC:  0 conn,    0 req/s,    0 µs
2021-05-09 11:44:28 UTC Syncing #12399786 0x9869…a7f7     0.20 blk/s   55.8 tx/s    3.0 Mgas/s      0+  185 Qed Ancient:#12152025 LI:#12399970   36/50 peers    355 KiB chain   42 MiB queue  RPC:  0 conn,    0 req/s,    0 µs
2021-05-09 11:44:33 UTC Syncing #12399786 0x9869…a7f7     0.00 blk/s    0.0 tx/s    0.0 Mgas/s      0+  185 Qed Ancient:#12152025 LI:#12399970   38/50 peers    355 KiB chain   42 MiB queue  RPC:  0 conn,    0 req/s,    0 µs
2021-05-09 11:44:38 UTC Syncing #12399786 0x9869…a7f7     0.00 blk/s    0.0 tx/s    0.0 Mgas/s      0+  185 Qed Ancient:#12152025 LI:#12399970   38/50 peers    355 KiB chain   42 MiB queue  RPC:  0 conn,    0 req/s,    0 µs
2021-05-09 11:44:43 UTC Syncing #12399787 0x3d51…d9db     0.20 blk/s   81.8 tx/s    3.0 Mgas/s      0+  185 Qed Ancient:#12152025 LI:#12399971   38/50 peers    636 KiB chain   42 MiB queue  RPC:  0 conn,    0 req/s,    0 µs
2021-05-09 11:44:48 UTC Syncing #12399788 0xb835…7a21     0.20 blk/s   62.6 tx/s    3.0 Mgas/s      0+  185 Qed Ancient:#12152025 LI:#12399972   38/50 peers    636 KiB chain   42 MiB queue  RPC:  0 conn,    0 req/s,    0 µs
2021-05-09 11:44:53 UTC Syncing #12399788 0xb835…7a21     0.00 blk/s    0.0 tx/s    0.0 Mgas/s      0+  185 Qed Ancient:#12152025 LI:#12399972   39/50 peers    636 KiB chain   42 MiB queue  RPC:  0 conn,    0 req/s,    0 µs
2021-05-09 11:44:58 UTC Syncing #12399789 0xe4f2…b1e1     0.20 blk/s   40.2 tx/s    3.0 Mgas/s      0+  184 Qed Ancient:#12152025 LI:#12399972   39/50 peers    636 KiB chain   41 MiB queue  RPC:  0 conn,    0 req/s,    0 µs
2021-05-09 11:45:03 UTC Syncing #12399789 0xe4f2…b1e1     0.00 blk/s    0.0 tx/s    0.0 Mgas/s      0+  184 Qed Ancient:#12152025 LI:#12399972   39/50 peers    636 KiB chain   41 MiB queue  RPC:  0 conn,    0 req/s,    0 µs
2021-05-09 11:45:08 UTC Syncing #12399790 0x0c87…ecbb     0.20 blk/s   44.4 tx/s    3.0 Mgas/s      0+  184 Qed Ancient:#12152025 LI:#12399973   39/50 peers    636 KiB chain   41 MiB queue  RPC:  0 conn,    0 req/s,    0 µs
2021-05-09 11:45:13 UTC Syncing #12399790 0x0c87…ecbb     0.00 blk/s    0.0 tx/s    0.0 Mgas/s      0+  184 Qed Ancient:#12152025 LI:#12399973   39/50 peers    636 KiB chain   41 MiB queue  RPC:  0 conn,    0 req/s,    0 µs
2021-05-09 11:45:18 UTC Syncing #12399791 0xb6ed…caca     0.20 blk/s   55.2 tx/s    2.8 Mgas/s      0+  183 Qed Ancient:#12152025 LI:#12399973   39/50 peers    637 KiB chain   41 MiB queue  RPC:  0 conn,    0 req/s,    0 µs
2021-05-09 11:45:23 UTC Syncing #12399791 0xb6ed…caca     0.00 blk/s    0.0 tx/s    0.0 Mgas/s      0+  184 Qed Ancient:#12152025 LI:#12399974   39/50 peers    637 KiB chain   41 MiB queue  RPC:  0 conn,    0 req/s,    0 µs
2021-05-09 11:45:28 UTC Syncing #12399792 0x3c34…695a     0.20 blk/s   74.4 tx/s    3.0 Mgas/s      0+  183 Qed Ancient:#12152025 LI:#12399974   39/50 peers    637 KiB chain   41 MiB queue  RPC:  0 conn,    0 req/s,    0 µs
2021-05-09 11:45:33 UTC Syncing #12399793 0x3614…162c     0.20 blk/s   45.6 tx/s    3.0 Mgas/s      0+  183 Qed Ancient:#12152025 LI:#12399975   39/50 peers    637 KiB chain   41 MiB queue  RPC:  0 conn,    0 req/s,    0 µs
2021-05-09 11:45:38 UTC Syncing #12399793 0x3614…162c     0.00 blk/s    0.0 tx/s    0.0 Mgas/s      0+  183 Qed Ancient:#12152025 LI:#12399975   39/50 peers    637 KiB chain   41 MiB queue  RPC:  0 conn,    0 req/s,    0 µs
2021-05-09 11:45:43 UTC Syncing #12399794 0x9df6…d99a     0.20 blk/s   65.8 tx/s    3.0 Mgas/s      0+  182 Qed Ancient:#12152025 LI:#12399975   39/50 peers    637 KiB chain   41 MiB queue  RPC:  0 conn,    0 req/s,    0 µs
2021-05-09 11:45:48 UTC Syncing #12399795 0x9fe3…3b65     0.20 blk/s   50.8 tx/s    3.0 Mgas/s      0+  181 Qed Ancient:#12152025 LI:#12399975   39/50 peers    637 KiB chain   41 MiB queue  RPC:  0 conn,    0 req/s,    0 µs
2021-05-09 11:45:53 UTC Syncing #12399795 0x9fe3…3b65     0.00 blk/s    0.0 tx/s    0.0 Mgas/s      0+  182 Qed Ancient:#12152025 LI:#12399976   39/50 peers    637 KiB chain   41 MiB queue  RPC:  0 conn,    0 req/s,    0 µs
2021-05-09 11:45:58 UTC Syncing #12399796 0x6a43…e12f     0.20 blk/s   49.8 tx/s    3.0 Mgas/s      0+  181 Qed Ancient:#12152025 LI:#12399977   39/50 peers    637 KiB chain   41 MiB queue  RPC:  0 conn,    0 req/s,    0 µs
2021-05-09 11:46:03 UTC Syncing #12399797 0x24c6…04ee     0.20 blk/s   52.4 tx/s    3.0 Mgas/s      0+  181 Qed Ancient:#12152025 LI:#12399977   39/50 peers    637 KiB chain   40 MiB queue  RPC:  0 conn,    0 req/s,    0 µs