$ python steady_state_analyzer.py -c ./experiments/openethereum/experiment_config_openethereum.ini --host http://localhost:9090 --start=2021-10-01T07:00:00+02:00 --end=2021-10-01T12:00:00+02:00

+--------------+--------------+------------------+----------------------+------------------------------+------------------------+
| Syscall Name |  Error Code  | Samples in Total | Invocations in Total |         Failure Rate         |        Variance        |
+--------------+--------------+------------------+----------------------+------------------------------+------------------------+
|   accept4    |    EAGAIN    |       1195       |        27528         | 0.500000, 0.499471, 0.500000 | 0.0006302247017411276  |
|   accept4    |   SUCCESS    |        -         |        27568         |              -               |           -            |
|   connect    | EINPROGRESS  |       198        |         7671         | 1.000000, 0.981241, 1.000000 |  0.014902685898356865  |
|   connect    |   SUCCESS    |        -         |          30          |              -               |           -            |
|  epoll_ctl   |    ENOENT    |        1         |          1           | 0.002833, 0.002833, 0.002833 |          0.0           |
|  epoll_ctl   |   SUCCESS    |        -         |        599843        |              -               |           -            |
|    futex     |    EAGAIN    |       1201       |        175383        | 0.003357, 0.018890, 0.052914 |  0.000237038017321037  |
|    futex     |  ETIMEDOUT   |       1201       |        310557        | 0.015305, 0.046924, 0.070652 | 0.0003280730411209483  |
|    futex     |   SUCCESS    |        -         |       11750323       |              -               |           -            |
| getpeername  |   ENOTCONN   |        2         |          2           | 0.013808, 0.021199, 0.028591 | 6.744311725662554e-05  |
| getpeername  |   SUCCESS    |        -         |        36502         |              -               |           -            |
|    ioctl     |    ENOTTY    |       1027       |        38691         | 0.001511, 0.027403, 0.069546 | 0.00046089813002154307 |
|    ioctl     |   SUCCESS    |        -         |       2597527        |              -               |           -            |
|    mkdir     |    EEXIST    |        60        |          60          | 1.000000, 1.000000, 1.000000 |          0.0           |
|    mkdir     |   SUCCESS    |        -         |          0           |              -               |           -            |
|    openat    |    ENOENT    |        2         |          2           | 0.000063, 0.000072, 0.000081 | 1.0397722864690426e-10 |
|    openat    |   SUCCESS    |        -         |       5181895        |              -               |           -            |
|     read     |    EAGAIN    |       1201       |       3392288        | 0.119063, 0.281243, 0.433573 |  0.009366699064168017  |
|     read     |   SUCCESS    |        -         |       6132351        |              -               |           -            |
|    readv     |    EAGAIN    |       1193       |         3549         | 0.500000, 0.493432, 0.500000 | 0.0017364619144023385  |
|    readv     |   SUCCESS    |        -         |         3706         |              -               |           -            |
|   recvfrom   |    EAGAIN    |       1194       |        690830        | 0.039652, 0.188596, 0.444735 |  0.012476642462199952  |
|   recvfrom   | ECONNREFUSED |        2         |          4           | 0.000239, 0.000663, 0.001087 | 2.2221386116139591e-07 |
|   recvfrom   |  ECONNRESET  |        5         |          5           | 0.000029, 0.000310, 0.000620 | 5.3681219141194625e-08 |
|   recvfrom   |   SUCCESS    |        -         |       8601806        |              -               |           -            |
|    sendto    | EAFNOSUPPORT |        1         |          1           | 0.004831, 0.004831, 0.004831 |          0.0           |
|    sendto    |    EAGAIN    |        56        |         567          | 0.001921, 0.034829, 0.131415 |  0.00823939450051561   |
|    sendto    | ECONNREFUSED |        2         |          3           | 0.003008, 0.003173, 0.003337 | 3.351976500022076e-08  |
|    sendto    |  ECONNRESET  |        1         |          1           | 0.003953, 0.003953, 0.003953 |          0.0           |
|    sendto    |    EPIPE     |       125        |         2107         | 0.002272, 0.037677, 0.075890 |  0.009596340876830419  |
|    sendto    |   SUCCESS    |        -         |        258468        |              -               |           -            |
+--------------+--------------+------------------+----------------------+------------------------------+------------------------+

+------------------+--------------------+--------------------+--------------------+------------------------+
|   Metric Name    |        Min         |        Mean        |        Max         |        Variance        |
+------------------+--------------------+--------------------+--------------------+------------------------+
|    dir_read_c    |      17476.0       | 38657.10491257285  |      80552.0       |   400883569.4311253    |
|    dir_reads     |    356335616.0     | 778038601.9650291  |    1669512192.0    | 1.7878016045809536e+17 |
|   dir_write_c    |       165.0        | 2990.0041631973354 |      19854.0       |   91098087.89090718    |
|    dir_writes    |     30211072.0     | 216562454.38134888 |    446679040.0     | 1.7679424933678186e+16 |
| kvdb_bytes_read  | 32400.680000000004 | 158722.5321160741  |     436076.22      |   22472203636.85675    |
| kvdb_bytes_write |        0.0         | 635999.0054113817  | 2436854.4399999995 |   3355217837810.7607   |
|    peer_stats    |        23.0        | 25.831223628691983 |        27.0        |   1.7757339457708348   |
|     tcp_conn     |        24.0        | 42.791840133222316 |        74.0        |   277.3221981959243    |
|    tcp_recvs     |      102400.0      | 3527144.552872606  |     19331072.0     |   48330125879419.81    |
|    tcp_sends     |      22528.0       | 983775.8134887593  |     4002816.0      |   3091730682985.699    |
+------------------+--------------------+--------------------+--------------------+------------------------+