$ python steady_state_analyzer.py -c ./experiments/openethereum/experiment_config_openethereum.ini --host http://localhost:9090 --start=2021-10-01T12:00:00+02:00 --end=2021-10-01T17:00:00+02:00

+--------------+--------------+------------------+----------------------+------------------------------+------------------------+
| Syscall Name |  Error Code  | Samples in Total | Invocations in Total |         Failure Rate         |        Variance        |
+--------------+--------------+------------------+----------------------+------------------------------+------------------------+
|   accept4    |    EAGAIN    |       1197       |        28419         | 0.490566, 0.498974, 0.500000 | 0.0008778336364552735  |
|   accept4    |   SUCCESS    |        -         |        28464         |              -               |           -            |
|   connect    | EINPROGRESS  |       113        |         5494         | 1.000000, 0.969094, 1.000000 |  0.025087724623489217  |
|   connect    |   SUCCESS    |        -         |          30          |              -               |           -            |
|  epoll_ctl   |    ENOENT    |        4         |          4           | 0.000520, 0.001468, 0.002799 | 9.507661459513721e-07  |
|  epoll_ctl   |   SUCCESS    |        -         |        626370        |              -               |           -            |
|    futex     |    EAGAIN    |       1201       |        173192        | 0.003820, 0.018579, 0.046188 | 0.00021369008986441568 |
|    futex     |  ETIMEDOUT   |       1201       |        310439        | 0.015226, 0.044371, 0.066220 | 0.00029493612884831964 |
|    futex     |   SUCCESS    |        -         |       9668003        |              -               |           -            |
| getpeername  |   ENOTCONN   |        1         |          1           | 0.031250, 0.031250, 0.031250 |          0.0           |
| getpeername  |   SUCCESS    |        -         |        39464         |              -               |           -            |
|    ioctl     |    ENOTTY    |       1023       |        38024         | 0.001254, 0.023685, 0.058487 | 0.0003419271971174616  |
|    ioctl     |   SUCCESS    |        -         |       2869097        |              -               |           -            |
|    mkdir     |    EEXIST    |        61        |          60          | 1.000000, 1.000000, 1.000000 |          0.0           |
|    mkdir     |   SUCCESS    |        -         |          0           |              -               |           -            |
|    openat    |    ENOENT    |        2         |          2           | 0.000106, 0.000195, 0.000284 |  9.79833169387668e-09  |
|    openat    |   SUCCESS    |        -         |       5723359        |              -               |           -            |
|     read     |    EAGAIN    |       1201       |       2496175        | 0.120418, 0.275723, 0.432605 |  0.008923972688078298  |
|     read     |   SUCCESS    |        -         |       5491810        |              -               |           -            |
|    readv     |    EAGAIN    |       1195       |         3549         | 0.400000, 0.492821, 0.500000 | 0.0019210349797842631  |
|    readv     |   SUCCESS    |        -         |         3698         |              -               |           -            |
|   recvfrom   |    EAGAIN    |       1198       |        713095        | 0.045702, 0.186925, 0.411899 |  0.010804811278792507  |
|   recvfrom   | ECONNREFUSED |        4         |          12          | 0.000200, 0.000436, 0.000709 | 5.0946282940971345e-08 |
|   recvfrom   |  ECONNRESET  |        5         |          5           | 0.000195, 0.000388, 0.000695 | 4.4452904509215565e-08 |
|   recvfrom   |   SUCCESS    |        -         |       5791110        |              -               |           -            |
|    sendto    | EAFNOSUPPORT |        1         |          7           | 0.019608, 0.019608, 0.019608 |          0.0           |
|    sendto    |    EAGAIN    |        65        |         469          | 0.002003, 0.018069, 0.050847 | 0.0022517479904997388  |
|    sendto    | ECONNREFUSED |        2         |          2           | 0.002580, 0.002727, 0.002874 | 2.6580549202035414e-08 |
|    sendto    |  ECONNRESET  |        7         |          7           | 0.002112, 0.003336, 0.005540 | 1.8369712852663176e-06 |
|    sendto    |    EPIPE     |       113        |         941          | 0.002170, 0.025288, 0.078836 | 0.0010158351464918584  |
|    sendto    |  ETIMEDOUT   |        1         |          1           | 0.001802, 0.001802, 0.001802 |          0.0           |
|    sendto    |   SUCCESS    |        -         |        271430        |              -               |           -            |
+--------------+--------------+------------------+----------------------+------------------------------+------------------------+

+------------------+--------------------+--------------------+--------------------+------------------------+
|   Metric Name    |        Min         |        Mean        |        Max         |        Variance        |
+------------------+--------------------+--------------------+--------------------+------------------------+
|    dir_read_c    |      18544.0       | 40860.898417985016 |      83564.0       |   446757255.7881823    |
|    dir_reads     |    374088704.0     | 819016496.8126562  |    1745077248.0    | 1.9471058179460352e+17 |
|   dir_write_c    |       163.0        | 2962.3505412156537 |      37792.0       |   91890044.62732899    |
|    dir_writes    |     28120064.0     | 210798838.40799335 |    453508096.0     |  1.61798397944729e+16  |
| kvdb_bytes_read  | 38747.629162666664 | 186167.87993153394 | 493274.69499999983 |   30063933978.48619    |
| kvdb_bytes_write |        0.0         | 622567.7027651705  | 2717260.114999993  |   2372449837916.311    |
|    peer_stats    |        24.0        | 26.92067510548523  |        30.0        |    5.00974131638453    |
|     tcp_conn     |        27.0        | 44.845129059117404 |        71.0        |   261.7528676144838    |
|    tcp_recvs     |      164864.0      | 3434802.9442131557 |     18605056.0     |   37731608114420.766   |
|    tcp_sends     |      22528.0       | 1285836.2031640299 |     4692992.0      |   4334009002593.9365   |
+------------------+--------------------+--------------------+--------------------+------------------------+