$ python steady_state_analyzer.py --host http://localhost:9090 --start=2021-09-21T14:00:00+02:00 --end=2021-09-21T19:00:00+02:00

+--------------+--------------+------------------+----------------------+------------------------------+------------------------+
| Syscall Name |  Error Code  | Samples in Total | Invocations in Total |         Failure Rate         |        Variance        |
+--------------+--------------+------------------+----------------------+------------------------------+------------------------+
|   accept4    |    EAGAIN    |       1199       |        27382         | 0.500000, 0.499445, 0.500000 | 0.0003231260957421032  |
|   accept4    |   SUCCESS    |        -         |        27407         |              -               |           -            |
|   connect    | EINPROGRESS  |       103        |        10619         | 1.000000, 0.981620, 1.000000 |  0.014163939610506038  |
|   connect    |   SUCCESS    |        -         |          24          |              -               |           -            |
|  epoll_ctl   |    ENOENT    |        1         |          1           | 0.000758, 0.000758, 0.000758 |          0.0           |
|  epoll_ctl   |   SUCCESS    |        -         |        760166        |              -               |           -            |
|    futex     |    EAGAIN    |       1201       |        276272        | 0.003228, 0.021869, 0.060432 |  0.000478530666395487  |
|    futex     |  ETIMEDOUT   |       1201       |        313597        | 0.012488, 0.035928, 0.059259 | 0.00022799515347744436 |
|    futex     |   SUCCESS    |        -         |       11862484       |              -               |           -            |
| getpeername  |   ENOTCONN   |        2         |          2           | 0.026026, 0.029487, 0.032949 | 1.4792899408284025e-05 |
| getpeername  |   SUCCESS    |        -         |        44985         |              -               |           -            |
|    ioctl     |    ENOTTY    |       922        |        29139         | 0.000375, 0.021523, 0.056558 | 0.00038012276108507966 |
|    ioctl     |   SUCCESS    |        -         |       2688545        |              -               |           -            |
|    mkdir     |    EEXIST    |        60        |          60          | 1.000000, 1.000000, 1.000000 |          0.0           |
|    mkdir     |   SUCCESS    |        -         |          0           |              -               |           -            |
|    openat    |    ENOENT    |        6         |          6           | 0.000079, 0.000098, 0.000125 | 3.406135239754781e-10  |
|    openat    |   SUCCESS    |        -         |       5377429        |              -               |           -            |
|     read     |    EAGAIN    |       1201       |       2840554        | 0.134308, 0.298202, 0.436183 |  0.008365707975552283  |
|     read     |   SUCCESS    |        -         |       5902275        |              -               |           -            |
|    readv     |    EAGAIN    |       1196       |         3563         | 0.500000, 0.494502, 0.500000 | 0.0013687170822275791  |
|    readv     |   SUCCESS    |        -         |         3676         |              -               |           -            |
|   recvfrom   |    EAGAIN    |       1199       |        988462        | 0.069003, 0.197565, 0.386404 |  0.008257780459870278  |
|   recvfrom   | ECONNREFUSED |        5         |          17          | 0.000063, 0.000278, 0.000469 | 3.136108706245324e-08  |
|   recvfrom   |  ECONNRESET  |        14        |          16          | 0.000026, 0.000228, 0.000543 | 3.674588774796315e-08  |
|   recvfrom   |   SUCCESS    |        -         |       6224869        |              -               |           -            |
|    sendto    | EAFNOSUPPORT |        5         |          19          | 0.003569, 0.010651, 0.021945 | 6.1017358535899566e-05 |
|    sendto    |    EAGAIN    |        76        |         712          | 0.001831, 0.019113, 0.067367 | 0.0015342461704426285  |
|    sendto    | ECONNREFUSED |        4         |          13          | 0.001159, 0.003870, 0.006662 | 5.8127661888030535e-06 |
|    sendto    |  ECONNRESET  |        9         |          9           | 0.001769, 0.003565, 0.005315 | 1.7426427113972596e-06 |
|    sendto    |    EPIPE     |       128        |         958          | 0.001877, 0.018205, 0.060248 | 0.0005455851996115831  |
|    sendto    |  ETIMEDOUT   |        1         |          1           | 0.006944, 0.006944, 0.006944 |          0.0           |
|    sendto    |   SUCCESS    |        -         |        338527        |              -               |           -            |
+--------------+--------------+------------------+----------------------+------------------------------+------------------------+

+-------------+-------------+--------------------+--------------+------------------------+
| Metric Name |     Min     |        Mean        |     Max      |        Variance        |
+-------------+-------------+--------------------+--------------+------------------------+
|  dir_read_c |   20752.0   | 43196.51207327227  |   85343.0    |   412219544.0500206    |
|  dir_reads  | 397451264.0 | 927427438.2014987  | 1848905728.0 | 1.3305389973063619e+18 |
| dir_write_c |    194.0    | 3476.4029975020817 |   21469.0    |   93138372.62860051    |
|  dir_writes |  50817024.0 | 240133079.0741049  | 475376640.0  | 1.7635675460336826e+16 |
|   tcp_conn  |     28.0    | 49.174021648626145 |     73.0     |   1032.8015232934522   |
|  tcp_recvs  |   269312.0  | 5161511.646960866  |  23332864.0  |   65340294612168.75    |
|  tcp_sends  |   22528.0   | 1368006.8742714406 |  4868096.0   |   3350991045191.673    |
+-------------+-------------+--------------------+--------------+------------------------+