nohup: ignoring input
2021-05-11 21:40:34,131 INFO     openethereum's pid detected: 10171
2021-05-11 21:40:34,134 INFO     begin the following experiment
2021-05-11 21:40:34,134 INFO     {u'original_min_rate': 0.5, u'syscall_name': u'accept4', u'original_max_rate': 0.5, u'failure_rate': 0.6, u'original_mean_rate': 0.49968235351323975, u'error_code': u'-EAGAIN', u'experiment_duration': 60}
2021-05-11 21:40:34,134 INFO     1 min normal execution begins
2021-05-11 21:41:34,173 INFO     60 seconds chaos engineering experiment begins
2021-05-11 21:42:37,290 INFO     5 min recovery phase observation begins
2021-05-11 21:47:37,315 INFO     {'client_crashed': False, 'injection_count': 42}
2021-05-11 21:47:42,393 INFO     openethereum's pid detected: 10171
2021-05-11 21:47:42,394 INFO     begin the following experiment
2021-05-11 21:47:42,394 INFO     {u'original_min_rate': 0.00543884569638481, u'syscall_name': u'futex', u'original_max_rate': 0.021130060603005287, u'failure_rate': 0.05, u'original_mean_rate': 0.012469558111804098, u'error_code': u'-EAGAIN', u'experiment_duration': 60}
2021-05-11 21:47:42,394 INFO     1 min normal execution begins
2021-05-11 21:48:42,412 INFO     60 seconds chaos engineering experiment begins
2021-05-11 21:49:42,522 INFO     this experiment makes the client crash!
2021-05-11 21:49:42,523 INFO     {'client_crashed': True, 'injection_count': 19}
2021-05-11 21:49:45,535 INFO     successfully restart the client, new pid: 27254
2021-05-11 21:49:50,554 INFO     openethereum's pid detected: 27254
2021-05-11 21:49:50,554 INFO     begin the following experiment
2021-05-11 21:49:50,554 INFO     {u'original_min_rate': 0.45060808281703724, u'syscall_name': u'read', u'original_max_rate': 0.4961405200004464, u'failure_rate': 0.5953686240005357, u'original_mean_rate': 0.47335801180453435, u'error_code': u'-EAGAIN', u'experiment_duration': 60}
2021-05-11 21:49:50,555 INFO     1 min normal execution begins
2021-05-11 21:50:50,559 INFO     60 seconds chaos engineering experiment begins
2021-05-11 21:51:50,618 INFO     this experiment makes the client crash!
2021-05-11 21:51:50,618 INFO     {'client_crashed': True, 'injection_count': 858}
2021-05-11 21:51:53,632 INFO     successfully restart the client, new pid: 27319
2021-05-11 21:51:58,647 INFO     openethereum's pid detected: 27319
2021-05-11 21:51:58,647 INFO     begin the following experiment
2021-05-11 21:51:58,647 INFO     {u'original_min_rate': 0.20194159725092337, u'syscall_name': u'recvfrom', u'original_max_rate': 0.23854656296327426, u'failure_rate': 0.2862558755559291, u'original_mean_rate': 0.222253198211835, u'error_code': u'-EAGAIN', u'experiment_duration': 60}
2021-05-11 21:51:58,647 INFO     1 min normal execution begins
2021-05-11 21:52:58,668 INFO     60 seconds chaos engineering experiment begins
2021-05-11 21:54:01,751 INFO     5 min recovery phase observation begins
2021-05-11 21:59:01,787 INFO     {'client_crashed': False, 'injection_count': 1017}
2021-05-11 21:59:06,837 INFO     openethereum's pid detected: 27319
2021-05-11 21:59:06,837 INFO     begin the following experiment
2021-05-11 21:59:06,837 INFO     {u'original_min_rate': 0.0005422706192144233, u'syscall_name': u'sendto', u'original_max_rate': 0.02189920569706929, u'failure_rate': 0.05, u'original_mean_rate': 0.003863511348504983, u'error_code': u'-EAGAIN', u'experiment_duration': 60}
2021-05-11 21:59:06,837 INFO     1 min normal execution begins
2021-05-11 22:00:06,885 INFO     60 seconds chaos engineering experiment begins
2021-05-11 22:01:09,987 INFO     5 min recovery phase observation begins
2021-05-11 22:06:10,009 INFO     {'client_crashed': False, 'injection_count': 220}
2021-05-11 22:06:15,042 INFO     openethereum's pid detected: 27319
2021-05-11 22:06:15,042 INFO     begin the following experiment
2021-05-11 22:06:15,042 INFO     {u'original_min_rate': 0.00022779043280182233, u'syscall_name': u'recvfrom', u'original_max_rate': 0.00022779043280182233, u'failure_rate': 0.05, u'original_mean_rate': 0.00022779043280182233, u'error_code': u'-ECONNREFUSED', u'experiment_duration': 60}
2021-05-11 22:06:15,042 INFO     1 min normal execution begins
2021-05-11 22:07:15,063 INFO     60 seconds chaos engineering experiment begins
2021-05-11 22:08:18,132 INFO     5 min recovery phase observation begins
2021-05-11 22:13:18,156 INFO     {'client_crashed': False, 'injection_count': 405}
2021-05-11 22:13:23,197 INFO     openethereum's pid detected: 27319
2021-05-11 22:13:23,198 INFO     begin the following experiment
2021-05-11 22:13:23,198 INFO     {u'original_min_rate': 0.0011890606420927466, u'syscall_name': u'sendto', u'original_max_rate': 0.0011890606420927466, u'failure_rate': 0.05, u'original_mean_rate': 0.0011890606420927466, u'error_code': u'-ECONNREFUSED', u'experiment_duration': 60}
2021-05-11 22:13:23,198 INFO     1 min normal execution begins
2021-05-11 22:14:23,224 INFO     60 seconds chaos engineering experiment begins
2021-05-11 22:15:26,322 INFO     5 min recovery phase observation begins
2021-05-11 22:20:26,373 INFO     {'client_crashed': False, 'injection_count': 258}
2021-05-11 22:20:31,415 INFO     openethereum's pid detected: 27319
2021-05-11 22:20:31,416 INFO     begin the following experiment
2021-05-11 22:20:31,416 INFO     {u'original_min_rate': 3.7267543696194986e-05, u'syscall_name': u'recvfrom', u'original_max_rate': 3.7267543696194986e-05, u'failure_rate': 0.05, u'original_mean_rate': 3.7267543696194986e-05, u'error_code': u'-ECONNRESET', u'experiment_duration': 60}
2021-05-11 22:20:31,416 INFO     1 min normal execution begins
2021-05-11 22:21:31,431 INFO     60 seconds chaos engineering experiment begins
2021-05-11 22:22:34,517 INFO     5 min recovery phase observation begins
2021-05-11 22:27:34,541 INFO     {'client_crashed': False, 'injection_count': 457}
2021-05-11 22:27:39,583 INFO     openethereum's pid detected: 27319
2021-05-11 22:27:39,584 INFO     begin the following experiment
2021-05-11 22:27:39,584 INFO     {u'original_min_rate': 0.00047809515461638463, u'syscall_name': u'sendto', u'original_max_rate': 0.0013056910911657242, u'failure_rate': 0.05, u'original_mean_rate': 0.0007628486149642043, u'error_code': u'-ECONNRESET', u'experiment_duration': 60}
2021-05-11 22:27:39,584 INFO     1 min normal execution begins
2021-05-11 22:28:39,623 INFO     60 seconds chaos engineering experiment begins
2021-05-11 22:29:42,690 INFO     5 min recovery phase observation begins
2021-05-11 22:34:42,709 INFO     {'client_crashed': False, 'injection_count': 238}
2021-05-11 22:34:47,753 INFO     openethereum's pid detected: 27319
2021-05-11 22:34:47,753 INFO     begin the following experiment
2021-05-11 22:34:47,754 INFO     {u'original_min_rate': 1.0, u'syscall_name': u'mkdir', u'original_max_rate': 1.0, u'failure_rate': 1, u'original_mean_rate': 1.0, u'error_code': u'-EEXIST', u'experiment_duration': 60}
2021-05-11 22:34:47,754 INFO     1 min normal execution begins
2021-05-11 22:35:47,773 INFO     60 seconds chaos engineering experiment begins
2021-05-11 22:36:50,870 INFO     5 min recovery phase observation begins
2021-05-11 22:41:50,880 INFO     {'client_crashed': False, 'injection_count': 0}
2021-05-11 22:41:55,921 INFO     openethereum's pid detected: 27319
2021-05-11 22:41:55,922 INFO     begin the following experiment
2021-05-11 22:41:55,922 INFO     {u'original_min_rate': 0.2, u'syscall_name': u'connect', u'original_max_rate': 1.0, u'failure_rate': 1, u'original_mean_rate': 0.5459459459459458, u'error_code': u'-EINPROGRESS', u'experiment_duration': 60}
2021-05-11 22:41:55,922 INFO     1 min normal execution begins
2021-05-11 22:42:55,942 INFO     60 seconds chaos engineering experiment begins
2021-05-11 22:43:59,067 INFO     5 min recovery phase observation begins
2021-05-11 22:48:59,084 INFO     {'client_crashed': False, 'injection_count': 0}
2021-05-11 22:49:04,122 INFO     openethereum's pid detected: 27319
2021-05-11 22:49:04,122 INFO     begin the following experiment
2021-05-11 22:49:04,123 INFO     {u'original_min_rate': 0.0004816955684007707, u'syscall_name': u'epoll_ctl', u'original_max_rate': 0.0004816955684007707, u'failure_rate': 0.05, u'original_mean_rate': 0.0004816955684007707, u'error_code': u'-ENOENT', u'experiment_duration': 60}
2021-05-11 22:49:04,123 INFO     1 min normal execution begins
2021-05-11 22:50:04,137 INFO     60 seconds chaos engineering experiment begins
2021-05-11 22:51:04,216 INFO     this experiment makes the client crash!
2021-05-11 22:51:04,217 INFO     {'client_crashed': True, 'injection_count': 9}
2021-05-11 22:51:07,230 INFO     successfully restart the client, new pid: 27848
2021-05-11 22:51:12,248 INFO     openethereum's pid detected: 27848
2021-05-11 22:51:12,248 INFO     begin the following experiment
2021-05-11 22:51:12,248 INFO     {u'original_min_rate': 0.024390243902439025, u'syscall_name': u'getpeername', u'original_max_rate': 0.024390243902439025, u'failure_rate': 0.05, u'original_mean_rate': 0.024390243902439025, u'error_code': u'-ENOTCONN', u'experiment_duration': 60}
2021-05-11 22:51:12,248 INFO     1 min normal execution begins
2021-05-11 22:52:12,276 INFO     60 seconds chaos engineering experiment begins
2021-05-11 22:53:15,391 INFO     5 min recovery phase observation begins
2021-05-11 22:58:15,412 INFO     {'client_crashed': False, 'injection_count': 15}
2021-05-11 22:58:20,459 INFO     openethereum's pid detected: 27848
2021-05-11 22:58:20,463 INFO     begin the following experiment
2021-05-11 22:58:20,464 INFO     {u'original_min_rate': 0.00045681936324184775, u'syscall_name': u'ioctl', u'original_max_rate': 0.0305752975929338, u'failure_rate': 0.05, u'original_mean_rate': 0.007308626397000068, u'error_code': u'-ENOTTY', u'experiment_duration': 60}
2021-05-11 22:58:20,464 INFO     1 min normal execution begins
2021-05-11 22:59:20,485 INFO     60 seconds chaos engineering experiment begins
2021-05-11 23:00:23,587 INFO     5 min recovery phase observation begins
2021-05-11 23:05:23,609 INFO     {'client_crashed': False, 'injection_count': 510}
2021-05-11 23:05:28,654 INFO     openethereum's pid detected: 27848
2021-05-11 23:05:28,655 INFO     begin the following experiment
2021-05-11 23:05:28,655 INFO     {u'original_min_rate': 0.0004507144290208624, u'syscall_name': u'sendto', u'original_max_rate': 0.006366710604776699, u'failure_rate': 0.05, u'original_mean_rate': 0.007197382802330018, u'error_code': u'-EPIPE', u'experiment_duration': 60}
2021-05-11 23:05:28,655 INFO     1 min normal execution begins
2021-05-11 23:06:28,664 INFO     60 seconds chaos engineering experiment begins
2021-05-11 23:07:31,717 INFO     5 min recovery phase observation begins
2021-05-11 23:12:31,969 INFO     {'client_crashed': False, 'injection_count': 297}
2021-05-11 23:12:37,043 INFO     openethereum's pid detected: 27848
2021-05-11 23:12:37,043 INFO     begin the following experiment
2021-05-11 23:12:37,044 INFO     {u'original_min_rate': 0.0025191390048762093, u'syscall_name': u'futex', u'original_max_rate': 0.007287172155517628, u'failure_rate': 0.05, u'original_mean_rate': 0.004184365463961644, u'error_code': u'-ETIMEDOUT', u'experiment_duration': 60}
2021-05-11 23:12:37,044 INFO     1 min normal execution begins
2021-05-11 23:13:37,062 INFO     60 seconds chaos engineering experiment begins
2021-05-11 23:14:37,144 INFO     this experiment makes the client crash!
2021-05-11 23:14:37,145 INFO     {'client_crashed': True, 'injection_count': 1}
2021-05-11 23:14:40,159 INFO     successfully restart the client, new pid: 28060
