INFO [05-11|22:13:22.074] Looking for peers                        peercount=4 tried=3 static=0
INFO [05-11|22:13:24.717] Imported new block headers               count=1 elapsed=8.008ms   number=12415732 hash="f2902a…e3ccee"
INFO [05-11|22:13:28.362] Imported new block headers               count=1 elapsed=8.227ms   number=12415733 hash="21c51e…5bb567"
INFO [05-11|22:13:29.980] Initializing state bloom                 items=36417529 errorrate=0.000 elapsed=48.005s
INFO [05-11|22:13:32.074] Looking for peers                        peercount=4 tried=5 static=0
INFO [05-11|22:13:37.982] Initializing state bloom                 items=42498671 errorrate=0.000 elapsed=56.007s
INFO [05-11|22:13:41.690] Imported new block headers               count=1 elapsed=6.857ms   number=12415734 hash="1226fe…b3243e"
INFO [05-11|22:13:42.107] Looking for peers                        peercount=6 tried=4 static=0
INFO [05-11|22:13:45.315] Imported new block headers               count=1 elapsed=5.942ms   number=12415735 hash="041cc1…431764"
INFO [05-11|22:13:45.985] Initializing state bloom                 items=48553949 errorrate=0.000 elapsed=1m4.010s
INFO [05-11|22:13:49.150] Imported new block headers               count=1 elapsed=8.104ms   number=12415736 hash="ed3e43…0a6fa1"
INFO [05-11|22:13:52.113] Looking for peers                        peercount=6 tried=2 static=0
INFO [05-11|22:13:53.354] Imported new block headers               count=1 elapsed=5.860ms   number=12415737 hash="5ad3c2…a90cc6"
INFO [05-11|22:13:53.985] Initializing state bloom                 items=54246964 errorrate=0.000 elapsed=1m12.010s
INFO [05-11|22:14:00.733] Imported new block headers               count=1 elapsed=7.176ms   number=12415738 hash="76ad9e…477ee8"
INFO [05-11|22:14:01.536] Downloader queue stats                   receiptTasks=0  blockTasks=0  itemSize=245.99KiB throttle=267
INFO [05-11|22:14:01.985] Initializing state bloom                 items=60360576 errorrate=0.000 elapsed=1m20.010s
INFO [05-11|22:14:02.115] Looking for peers                        peercount=7 tried=6 static=0
INFO [05-11|22:14:09.986] Initializing state bloom                 items=66454155 errorrate=0.000 elapsed=1m28.011s
INFO [05-11|22:14:12.116] Looking for peers                        peercount=7 tried=4 static=0
INFO [05-11|22:14:17.987] Initializing state bloom                 items=72438096 errorrate=0.000 elapsed=1m36.012s
INFO [05-11|22:14:22.118] Looking for peers                        peercount=9 tried=4 static=0
INFO [05-11|22:14:23.711] Imported new block headers               count=1 elapsed=6.947ms   number=12415739 hash="708a4a…70ffbe"
WARN [05-11|22:14:25.293] Dropping unsynced node during sync       id=ee83a4d4bc45455e conn=inbound addr=119.178.100.30:60880 type=OpenEthereum/v3.2.1-...
INFO [05-11|22:14:25.988] Initializing state bloom                 items=78472228 errorrate=0.000 elapsed=1m44.012s
INFO [05-11|22:14:28.183] Imported new block headers               count=1 elapsed=6.301ms   number=12415740 hash="71a4ad…168a1d"
INFO [05-11|22:14:31.585] Imported new block headers               count=1 elapsed=5.704ms   number=12415741 hash="973cc1…2887d1"
INFO [05-11|22:14:32.120] Looking for peers                        peercount=11 tried=4 static=0
INFO [05-11|22:14:33.988] Initializing state bloom                 items=84572999 errorrate=0.000 elapsed=1m52.013s
WARN [05-11|22:14:37.106] Dropping unsynced node during sync       id=84b217549ce98998 conn=inbound addr=139.216.35.143:40052 type=OpenEthereum/v3.2.4-...
INFO [05-11|22:14:41.988] Initializing state bloom                 items=90574397 errorrate=0.000 elapsed=2m0.013s
INFO [05-11|22:14:42.122] Looking for peers                        peercount=13 tried=4 static=0
INFO [05-11|22:14:42.481] Imported new block headers               count=2 elapsed=11.843ms  number=12415743 hash="253cf6…219172"