INFO [05-09|13:58:51.092] Imported new block headers               count=1    elapsed=8.827ms     number=12400551 hash="971320…ea442b"
INFO [05-09|13:58:51.893] Imported new state entries               count=384  elapsed="2.9µs"     processed=572909511 pending=10495 trieretry=0    coderetry=0 duplicate=0 unexpected=1508
INFO [05-09|13:58:54.276] Imported new state entries               count=384  elapsed="35.7µs"    processed=572909895 pending=13889 trieretry=0    coderetry=0 duplicate=0 unexpected=1508
INFO [05-09|13:58:56.551] Initializing state bloom                 items=471416243 errorrate=0.001 elapsed=39m43.877s
INFO [05-09|13:58:56.881] Imported new state entries               count=384  elapsed="4.4µs"     processed=572910279 pending=17339 trieretry=0    coderetry=0 duplicate=0 unexpected=1508
INFO [05-09|13:58:58.882] Imported new state entries               count=384  elapsed="3.3µs"     processed=572910663 pending=20242 trieretry=0    coderetry=0 duplicate=0 unexpected=1508
INFO [05-09|13:59:00.936] Imported new state entries               count=384  elapsed="2.9µs"     processed=572911047 pending=25014 trieretry=0    coderetry=0 duplicate=0 unexpected=1508
INFO [05-09|13:59:03.503] Imported new state entries               count=384  elapsed="2.9µs"     processed=572911431 pending=29582 trieretry=0    coderetry=0 duplicate=0 unexpected=1508
INFO [05-09|13:59:03.524] Imported new block headers               count=1    elapsed=23.176ms    number=12400552 hash="ca080a…306af8"
INFO [05-09|13:59:04.551] Initializing state bloom                 items=474716849 errorrate=0.001 elapsed=39m51.877s
INFO [05-09|13:59:05.595] Imported new state entries               count=384  elapsed="3.9µs"     processed=572911815 pending=35684 trieretry=0    coderetry=0 duplicate=0 unexpected=1508
INFO [05-09|13:59:10.287] Imported new state entries               count=384  elapsed="4µs"       processed=572912199 pending=36150 trieretry=0    coderetry=0 duplicate=0 unexpected=1508
INFO [05-09|13:59:12.551] Initializing state bloom                 items=477989430 errorrate=0.001 elapsed=39m59.878s
INFO [05-09|13:59:12.850] Imported new block headers               count=1    elapsed=15.560ms    number=12400553 hash="a85061…c6b79b"
INFO [05-09|13:59:14.457] Imported new state entries               count=384  elapsed="3.3µs"     processed=572912583 pending=36649 trieretry=0    coderetry=0 duplicate=0 unexpected=1508
INFO [05-09|13:59:18.511] Imported new state entries               count=364  elapsed="3.1µs"     processed=572912947 pending=37171 trieretry=0    coderetry=0 duplicate=0 unexpected=1508
INFO [05-09|13:59:20.552] Initializing state bloom                 items=481169377 errorrate=0.001 elapsed=40m7.878s
INFO [05-09|13:59:22.176] Imported new block headers               count=1    elapsed=10.015ms    number=12400554 hash="fe1ec0…091f78"
INFO [05-09|13:59:22.822] Downloader queue stats                   receiptTasks=0 blockTasks=0 itemSize=282.21KiB throttle=233
INFO [05-09|13:59:23.522] Imported new state entries               count=384  elapsed="2.7µs"     processed=572913331 pending=37650 trieretry=0    coderetry=0 duplicate=0 unexpected=1508
INFO [05-09|13:59:27.755] Imported new state entries               count=384  elapsed="3.5µs"     processed=572913715 pending=38177 trieretry=0    coderetry=0 duplicate=0 unexpected=1508
INFO [05-09|13:59:28.552] Initializing state bloom                 items=484534342 errorrate=0.001 elapsed=40m15.878s
INFO [05-09|13:59:31.959] Imported new state entries               count=384  elapsed="3.4µs"     processed=572914099 pending=38680 trieretry=0    coderetry=0 duplicate=0 unexpected=1508
INFO [05-09|13:59:36.381] Imported new state entries               count=384  elapsed="2.6µs"     processed=572914483 pending=39213 trieretry=0    coderetry=0 duplicate=0 unexpected=1508
INFO [05-09|13:59:36.552] Initializing state bloom                 items=487821450 errorrate=0.001 elapsed=40m23.878s
INFO [05-09|13:59:37.695] Imported new block headers               count=1    elapsed=28.744ms    number=12400555 hash="0dbb9f…0b5c09"
INFO [05-09|13:59:40.482] Imported new state entries               count=384  elapsed="3.8µs"     processed=572914867 pending=39764 trieretry=0    coderetry=0 duplicate=0 unexpected=1508
INFO [05-09|13:59:44.281] Imported new state entries               count=384  elapsed="3.3µs"     processed=572915251 pending=40336 trieretry=0    coderetry=0 duplicate=0 unexpected=1508
INFO [05-09|13:59:44.553] Initializing state bloom                 items=491199209 errorrate=0.001 elapsed=40m31.879s
INFO [05-09|13:59:47.023] Imported new block headers               count=1    elapsed=20.402ms    number=12400556 hash="afa847…15b9c3"
INFO [05-09|13:59:48.756] Imported new state entries               count=384  elapsed="3.4µs"     processed=572915635 pending=40896 trieretry=0    coderetry=0 duplicate=0 unexpected=1508
INFO [05-09|13:59:52.553] Initializing state bloom                 items=494524902 errorrate=0.001 elapsed=40m39.879s
INFO [05-09|13:59:55.823] Imported new state entries               count=384  elapsed="4.6µs"     processed=572916019 pending=41447 trieretry=0    coderetry=0 duplicate=0 unexpected=1508
INFO [05-09|14:00:00.555] Initializing state bloom                 items=497965826 errorrate=0.001 elapsed=40m47.881s
INFO [05-09|14:00:01.690] Imported new state entries               count=384  elapsed="3.1µs"     processed=572916403 pending=41986 trieretry=0    coderetry=0 duplicate=0 unexpected=1508
INFO [05-09|14:00:03.697] Imported new state entries               count=0    elapsed=1.964s      processed=572916403 pending=42221 trieretry=199  coderetry=0 duplicate=0 unexpected=1707