INFO [05-09|13:52:53.737] Imported new state entries               count=384  elapsed="932.504µs" processed=572890494 pending=28353 trieretry=382  coderetry=0 duplicate=0 unexpected=1404
INFO [05-09|13:52:55.975] Imported new block headers               count=1    elapsed=7.441ms     number=12400509 hash="09b8ae…fe3378"
INFO [05-09|13:52:56.504] Initializing state bloom                 items=320294904 errorrate=0.000 elapsed=33m43.830s
INFO [05-09|13:52:59.138] Imported new block headers               count=2    elapsed=6.025ms     number=12400511 hash="bcc22c…2f21f1"
INFO [05-09|13:53:04.504] Initializing state bloom                 items=323724128 errorrate=0.000 elapsed=33m51.830s
INFO [05-09|13:53:05.023] Imported new state entries               count=384  elapsed="2.8µs"     processed=572890878 pending=28861 trieretry=384  coderetry=0 duplicate=0 unexpected=1404
INFO [05-09|13:53:12.504] Initializing state bloom                 items=327238725 errorrate=0.000 elapsed=33m59.830s
INFO [05-09|13:53:17.717] Imported new block headers               count=1    elapsed=8.313ms     number=12400512 hash="78582f…70f57c"
INFO [05-09|13:53:19.241] Imported new state entries               count=384  elapsed="46.001µs"  processed=572891262 pending=29247 trieretry=0    coderetry=0 duplicate=0 unexpected=1404
INFO [05-09|13:53:20.504] Initializing state bloom                 items=330796088 errorrate=0.000 elapsed=34m7.830s
INFO [05-09|13:53:28.509] Initializing state bloom                 items=333980721 errorrate=0.000 elapsed=34m15.836s
INFO [05-09|13:53:30.135] Imported new block headers               count=2    elapsed=18.572ms    number=12400514 hash="b9cf16…52f873"
INFO [05-09|13:53:33.293] Imported new block headers               count=1    elapsed=7.054ms     number=12400515 hash="8256c3…72716f"
INFO [05-09|13:53:33.945] Imported new state entries               count=384  elapsed="3.6µs"     processed=572891646 pending=29635 trieretry=384  coderetry=0 duplicate=0 unexpected=1404
INFO [05-09|13:53:36.510] Initializing state bloom                 items=337372867 errorrate=0.000 elapsed=34m23.836s
INFO [05-09|13:53:44.510] Initializing state bloom                 items=340819222 errorrate=0.000 elapsed=34m31.836s
WARN [05-09|13:53:45.612] Checkpoint challenge timed out, dropping id=1c15eafca89c8bd7 conn=inbound addr=121.196.151.17:49464  type=Geth/v1.10.3-unstabl...
ERROR[05-09|13:53:45.612] Ethereum peer removal failed             peer=1c15eafc err="peer not registered"
INFO [05-09|13:53:48.277] Imported new state entries               count=384  elapsed="38.4µs"    processed=572892030 pending=30052 trieretry=0    coderetry=0 duplicate=0 unexpected=1404
INFO [05-09|13:53:52.510] Initializing state bloom                 items=344320254 errorrate=0.000 elapsed=34m39.836s
INFO [05-09|13:53:54.628] Imported new state entries               count=384  elapsed="2.7µs"     processed=572892414 pending=30544 trieretry=766  coderetry=0 duplicate=0 unexpected=1404