INFO [05-09|13:51:56.611] Imported new block headers               count=1    elapsed=12.392ms    number=12400499 hash="4886cb…bf0358"
INFO [05-09|13:52:00.495] Initializing state bloom                 items=296617123 errorrate=0.000 elapsed=32m47.822s
INFO [05-09|13:52:02.853] Imported new block headers               count=1    elapsed=8.760ms     number=12400500 hash="f1c310…7042a1"
INFO [05-09|13:52:05.990] Imported new state entries               count=384  elapsed="4µs"       processed=572888574 pending=26322 trieretry=0    coderetry=0 duplicate=0 unexpected=1404
INFO [05-09|13:52:08.497] Initializing state bloom                 items=300054898 errorrate=0.000 elapsed=32m55.824s
INFO [05-09|13:52:09.097] Imported new block headers               count=2    elapsed=7.369ms     number=12400502 hash="2a1e57…bfc7e3"
INFO [05-09|13:52:16.499] Initializing state bloom                 items=303533609 errorrate=0.000 elapsed=33m3.825s
INFO [05-09|13:52:19.619] Imported new state entries               count=384  elapsed="108.201µs" processed=572888958 pending=26707 trieretry=384  coderetry=0 duplicate=0 unexpected=1404
INFO [05-09|13:52:21.522] Imported new block headers               count=1    elapsed=8.854ms     number=12400503 hash="bb8bc4…d851fe"
INFO [05-09|13:52:24.500] Initializing state bloom                 items=306993129 errorrate=0.000 elapsed=33m11.826s
INFO [05-09|13:52:27.636] Imported new state entries               count=384  elapsed="13.401µs"  processed=572889342 pending=27196 trieretry=0    coderetry=0 duplicate=0 unexpected=1404
INFO [05-09|13:52:27.785] Imported new block headers               count=1    elapsed=8.949ms     number=12400504 hash="a7f8f0…5332df"
INFO [05-09|13:52:27.856] Imported new block headers               count=1    elapsed=6.302ms     number=12400505 hash="4cefd0…b3e8dc"
INFO [05-09|13:52:32.502] Initializing state bloom                 items=310388208 errorrate=0.000 elapsed=33m19.828s
INFO [05-09|13:52:34.106] Imported new block headers               count=1    elapsed=8.522ms     number=12400506 hash="480f96…fa275f"
WARN [05-09|13:52:38.629] Checkpoint challenge timed out, dropping id=153a64f9960d8b7f conn=inbound addr=120.133.26.20:54319   type=OpenEthereum/v3.2.4-...
ERROR[05-09|13:52:38.630] Ethereum peer removal failed             peer=153a64f9 err="peer not registered"
INFO [05-09|13:52:40.362] Imported new block headers               count=1    elapsed=5.988ms     number=12400507 hash="a4e3c3…39f128"
INFO [05-09|13:52:40.503] Initializing state bloom                 items=313602974 errorrate=0.000 elapsed=33m27.829s
WARN [05-09|13:52:41.589] Checkpoint challenge timed out, dropping id=3aaff351b9ce42f0 conn=inbound addr=195.191.219.105:56564 type=OpenEthereum/lunanov...
ERROR[05-09|13:52:41.589] Ethereum peer removal failed             peer=3aaff351 err="peer not registered"
INFO [05-09|13:52:45.471] Imported new state entries               count=768  elapsed="307.101µs" processed=572890110 pending=28020 trieretry=0    coderetry=0 duplicate=0 unexpected=1404
INFO [05-09|13:52:48.503] Initializing state bloom                 items=316893925 errorrate=0.000 elapsed=33m35.830s
INFO [05-09|13:52:49.729] Imported new block headers               count=1    elapsed=7.687ms     number=12400508 hash="01f58b…c23cef"
INFO [05-09|13:52:50.539] Downloader queue stats                   receiptTasks=0 blockTasks=0 itemSize=277.44KiB throttle=237
INFO [05-09|13:52:53.737] Imported new state entries               count=384  elapsed="932.504µs" processed=572890494 pending=28353 trieretry=382  coderetry=0 duplicate=0 unexpected=1404
INFO [05-09|13:52:55.975] Imported new block headers               count=1    elapsed=7.441ms     number=12400509 hash="09b8ae…fe3378"
INFO [05-09|13:52:56.504] Initializing state bloom                 items=320294904 errorrate=0.000 elapsed=33m43.830s
INFO [05-09|13:52:59.138] Imported new block headers               count=2    elapsed=6.025ms     number=12400511 hash="bcc22c…2f21f1"
INFO [05-09|13:53:04.504] Initializing state bloom                 items=323724128 errorrate=0.000 elapsed=33m51.830s
INFO [05-09|13:53:05.023] Imported new state entries               count=384  elapsed="2.8µs"     processed=572890878 pending=28861 trieretry=384  coderetry=0 duplicate=0 unexpected=1404
INFO [05-09|13:53:12.504] Initializing state bloom                 items=327238725 errorrate=0.000 elapsed=33m59.830s
INFO [05-09|13:53:17.717] Imported new block headers               count=1    elapsed=8.313ms     number=12400512 hash="78582f…70f57c"
INFO [05-09|13:53:19.241] Imported new state entries               count=384  elapsed="46.001µs"  processed=572891262 pending=29247 trieretry=0    coderetry=0 duplicate=0 unexpected=1404
INFO [05-09|13:53:20.504] Initializing state bloom                 items=330796088 errorrate=0.000 elapsed=34m7.830s