INFO [05-09|13:53:30.135] Imported new block headers               count=2    elapsed=18.572ms    number=12400514 hash="b9cf16…52f873"
INFO [05-09|13:53:33.293] Imported new block headers               count=1    elapsed=7.054ms     number=12400515 hash="8256c3…72716f"
INFO [05-09|13:53:33.945] Imported new state entries               count=384  elapsed="3.6µs"     processed=572891646 pending=29635 trieretry=384  coderetry=0 duplicate=0 unexpected=1404
INFO [05-09|13:53:36.510] Initializing state bloom                 items=337372867 errorrate=0.000 elapsed=34m23.836s
INFO [05-09|13:53:44.510] Initializing state bloom                 items=340819222 errorrate=0.000 elapsed=34m31.836s
WARN [05-09|13:53:45.612] Checkpoint challenge timed out, dropping id=1c15eafca89c8bd7 conn=inbound addr=121.196.151.17:49464  type=Geth/v1.10.3-unstabl...
ERROR[05-09|13:53:45.612] Ethereum peer removal failed             peer=1c15eafc err="peer not registered"
INFO [05-09|13:53:48.277] Imported new state entries               count=384  elapsed="38.4µs"    processed=572892030 pending=30052 trieretry=0    coderetry=0 duplicate=0 unexpected=1404
INFO [05-09|13:53:52.510] Initializing state bloom                 items=344320254 errorrate=0.000 elapsed=34m39.836s
INFO [05-09|13:53:54.628] Imported new state entries               count=384  elapsed="2.7µs"     processed=572892414 pending=30544 trieretry=766  coderetry=0 duplicate=0 unexpected=1404
INFO [05-09|13:54:00.510] Initializing state bloom                 items=347873585 errorrate=0.000 elapsed=34m47.836s
WARN [05-09|13:54:03.022] Dropping unsynced node during sync       id=e087c801726cb641 conn=inbound addr=202.104.242.25:50474  type=Geth/v1.10.3-stable-...
INFO [05-09|13:54:04.204] Imported new block headers               count=1    elapsed=18.986ms    number=12400516 hash="44b94b…c4bb3e"
INFO [05-09|13:54:04.597] Downloader queue stats                   receiptTasks=0 blockTasks=0 itemSize=266.30KiB throttle=247
INFO [05-09|13:54:08.511] Initializing state bloom                 items=351196205 errorrate=0.000 elapsed=34m55.837s
INFO [05-09|13:54:10.477] Imported new block headers               count=1    elapsed=44.490ms    number=12400517 hash="098646…dcda5a"
INFO [05-09|13:54:13.610] Imported new block headers               count=1    elapsed=10.563ms    number=12400518 hash="231b51…43126e"
INFO [05-09|13:54:15.085] Imported new state entries               count=768  elapsed=2.764ms     processed=572893182 pending=31326 trieretry=382  coderetry=0 duplicate=0 unexpected=1404
INFO [05-09|13:54:16.511] Initializing state bloom                 items=354547104 errorrate=0.000 elapsed=35m3.837s
INFO [05-09|13:54:16.775] Imported new block headers               count=1    elapsed=8.126ms     number=12400519 hash="97a569…1fde49"
INFO [05-09|13:54:19.947] Imported new block headers               count=1    elapsed=9.647ms     number=12400520 hash="bbf53c…ed366e"
INFO [05-09|13:54:21.193] Imported new state entries               count=384  elapsed="3.6µs"     processed=572893566 pending=31716 trieretry=0    coderetry=0 duplicate=0 unexpected=1404
INFO [05-09|13:54:23.143] Imported new block headers               count=1    elapsed=7.779ms     number=12400521 hash="b07a9a…9bdb98"
INFO [05-09|13:54:24.512] Initializing state bloom                 items=357835354 errorrate=0.000 elapsed=35m11.838s
INFO [05-09|13:54:26.306] Imported new block headers               count=1    elapsed=7.717ms     number=12400522 hash="f77a23…5c31ab"
INFO [05-09|13:54:32.496] Imported new state entries               count=768  elapsed="242.001µs" processed=572894334 pending=32456 trieretry=0    coderetry=0 duplicate=0 unexpected=1404
INFO [05-09|13:54:32.500] Imported new state entries               count=0    elapsed="5.5µs"     processed=572894334 pending=32456 trieretry=386  coderetry=0 duplicate=0 unexpected=1406
INFO [05-09|13:54:32.512] Initializing state bloom                 items=361055960 errorrate=0.000 elapsed=35m19.838s
INFO [05-09|13:54:32.549] Imported new block headers               count=1    elapsed=6.648ms     number=12400523 hash="54507c…daffa7"
INFO [05-09|13:54:35.736] Imported new block headers               count=1    elapsed=6.854ms     number=12400524 hash="db55fb…2fe6df"
INFO [05-09|13:54:40.512] Initializing state bloom                 items=364171490 errorrate=0.000 elapsed=35m27.838s
INFO [05-09|13:54:42.161] Imported new state entries               count=384  elapsed="56.2µs"    processed=572894718 pending=32890 trieretry=384  coderetry=0 duplicate=0 unexpected=1406
INFO [05-09|13:54:48.152] Imported new block headers               count=1    elapsed=8.027ms     number=12400525 hash="8b9d3d…a395b9"
INFO [05-09|13:54:48.512] Initializing state bloom                 items=367637857 errorrate=0.000 elapsed=35m35.838s
INFO [05-09|13:54:53.234] Imported new state entries               count=384  elapsed="54µs"      processed=572895102 pending=33364 trieretry=0    coderetry=0 duplicate=0 unexpected=1406
INFO [05-09|13:54:56.513] Initializing state bloom                 items=370950405 errorrate=0.000 elapsed=35m43.839s
INFO [05-09|13:55:03.650] Imported new block headers               count=1    elapsed=10.587ms    number=12400526 hash="7a75e9…1fe8fd"
INFO [05-09|13:55:04.516] Initializing state bloom                 items=374175693 errorrate=0.000 elapsed=35m51.843s
INFO [05-09|13:55:04.656] Downloader queue stats                   receiptTasks=0 blockTasks=0 itemSize=277.83KiB throttle=236
INFO [05-09|13:55:05.028] Imported new state entries               count=768  elapsed="378.501µs" processed=572895870 pending=34131 trieretry=0    coderetry=0 duplicate=0 unexpected=1406
INFO [05-09|13:55:09.476] Imported new state entries               count=272  elapsed="4.5µs"     processed=572896142 pending=34477 trieretry=0    coderetry=0 duplicate=0 unexpected=1406
INFO [05-09|13:55:09.896] Imported new block headers               count=1    elapsed=11.505ms    number=12400527 hash="61ab6f…da5643"
INFO [05-09|13:55:12.518] Initializing state bloom                 items=377564670 errorrate=0.000 elapsed=35m59.844s
INFO [05-09|13:55:16.149] Imported new block headers               count=1    elapsed=10.549ms    number=12400528 hash="4b6a4c…20e09f"
INFO [05-09|13:55:19.309] Imported new block headers               count=1    elapsed=7.920ms     number=12400529 hash="721103…b8653d"
INFO [05-09|13:55:20.102] Imported new state entries               count=566  elapsed="3.5µs"     processed=572896708 pending=35174 trieretry=0    coderetry=0 duplicate=0 unexpected=1406
INFO [05-09|13:55:20.518] Initializing state bloom                 items=380941432 errorrate=0.000 elapsed=36m7.844s
INFO [05-09|13:55:28.518] Initializing state bloom                 items=384395432 errorrate=0.000 elapsed=36m15.844s
INFO [05-09|13:55:28.636] Imported new block headers               count=1    elapsed=8.087ms     number=12400530 hash="e56a73…4f4abc"
INFO [05-09|13:55:29.060] Imported new state entries               count=768  elapsed=1.252ms     processed=572897476 pending=35621 trieretry=2    coderetry=0 duplicate=0 unexpected=1406
INFO [05-09|13:55:36.518] Initializing state bloom                 items=387688052 errorrate=0.000 elapsed=36m23.845s
INFO [05-09|13:55:41.188] Imported new state entries               count=384  elapsed="13.6µs"    processed=572897860 pending=36079 trieretry=0    coderetry=0 duplicate=0 unexpected=1406
INFO [05-09|13:55:44.132] Imported new block headers               count=1    elapsed=9.347ms     number=12400531 hash="7d1b8f…2e70f2"
INFO [05-09|13:55:44.519] Initializing state bloom                 items=391122254 errorrate=0.000 elapsed=36m31.845s
INFO [05-09|13:55:45.689] Imported new state entries               count=384  elapsed="3.1µs"     processed=572898244 pending=38334 trieretry=0    coderetry=0 duplicate=0 unexpected=1406
INFO [05-09|13:55:52.519] Initializing state bloom                 items=394499469 errorrate=0.000 elapsed=36m39.845s
INFO [05-09|13:55:53.461] Imported new block headers               count=1    elapsed=11.484ms    number=12400532 hash="3683f3…f1398b"
INFO [05-09|13:56:00.052] Imported new state entries               count=768  elapsed=2.556ms     processed=572899012 pending=38522 trieretry=768  coderetry=0 duplicate=0 unexpected=1406
INFO [05-09|13:56:00.519] Initializing state bloom                 items=397960351 errorrate=0.000 elapsed=36m47.845s
INFO [05-09|13:56:02.797] Imported new block headers               count=1    elapsed=11.928ms    number=12400533 hash="2e8e5b…dbef87"
INFO [05-09|13:56:05.963] Imported new block headers               count=1    elapsed=7.453ms     number=12400534 hash="1fa8de…608343"
INFO [05-09|13:56:06.747] Downloader queue stats                   receiptTasks=0 blockTasks=0 itemSize=275.37KiB throttle=238
INFO [05-09|13:56:07.671] Imported new state entries               count=384  elapsed="4.1µs"     processed=572899396 pending=39032 trieretry=384  coderetry=0 duplicate=0 unexpected=1406
INFO [05-09|13:56:08.520] Initializing state bloom                 items=401272247 errorrate=0.000 elapsed=36m55.846s
WARN [05-09|13:56:11.198] Stalling state sync, dropping peer       peer=5ab558cbd60bfdef126dd69e69b91c0a9e96ea4b0ebb357bb02a1a3a5643bab7
ERROR[05-09|13:56:11.199] Ethereum peer removal failed             peer=5ab558cb err="peer not registered"
INFO [05-09|13:56:16.137] Imported new state entries               count=768  elapsed=1.314ms     processed=572900164 pending=39417 trieretry=2    coderetry=0 duplicate=0 unexpected=1406
INFO [05-09|13:56:16.521] Initializing state bloom                 items=404674425 errorrate=0.000 elapsed=37m3.847s
INFO [05-09|13:56:24.521] Initializing state bloom                 items=408154391 errorrate=0.000 elapsed=37m11.848s
INFO [05-09|13:56:29.251] Imported new state entries               count=384  elapsed="68µs"      processed=572900548 pending=39802 trieretry=0    coderetry=0 duplicate=0 unexpected=1406
INFO [05-09|13:56:30.733] Imported new block headers               count=1    elapsed=14.511ms    number=12400535 hash="b3f248…0df0f2"
INFO [05-09|13:56:32.521] Initializing state bloom                 items=411454430 errorrate=0.000 elapsed=37m19.848s
WARN [05-09|13:56:38.836] Dropping unsynced node during sync       id=5615f32e4b5e8d61 conn=inbound addr=111.193.170.214:57420 type=OpenEthereum/v3.2.4-...
INFO [05-09|13:56:39.069] Imported new state entries               count=384  elapsed="3.9µs"     processed=572900932 pending=41446 trieretry=382  coderetry=0 duplicate=0 unexpected=1406
INFO [05-09|13:56:40.522] Initializing state bloom                 items=414748542 errorrate=0.000 elapsed=37m27.848s
INFO [05-09|13:56:43.601] Imported new block headers               count=1    elapsed=45.690ms    number=12400536 hash="64513a…db3322"
INFO [05-09|13:56:43.646] Imported new block headers               count=1    elapsed=9.920ms     number=12400537 hash="452dd8…f16574"
INFO [05-09|13:56:46.812] Imported new block headers               count=1    elapsed=9.453ms     number=12400538 hash="b65bdd…bf4e8d"
INFO [05-09|13:56:47.750] Imported new state entries               count=384  elapsed="2.8µs"     processed=572901316 pending=41942 trieretry=0    coderetry=0 duplicate=0 unexpected=1406
INFO [05-09|13:56:48.523] Initializing state bloom                 items=417977945 errorrate=0.000 elapsed=37m35.849s
INFO [05-09|13:56:52.070] Imported new state entries               count=384  elapsed="3.4µs"     processed=572901700 pending=46020 trieretry=384  coderetry=0 duplicate=0 unexpected=1406
INFO [05-09|13:56:53.057] Imported new block headers               count=1    elapsed=8.115ms     number=12400539 hash="f57c3b…b65d26"
INFO [05-09|13:56:56.534] Initializing state bloom                 items=421424962 errorrate=0.000 elapsed=37m43.860s
INFO [05-09|13:57:00.635] Imported new state entries               count=384  elapsed="310.401µs" processed=572902084 pending=46382 trieretry=0    coderetry=0 duplicate=0 unexpected=1406
WARN [05-09|13:57:00.637] Stalling state sync, dropping peer       peer=560d480445fcdb3b1bb4d479cf20e0eedfaca55946df50f24a2c89f213b68608
ERROR[05-09|13:57:00.637] Ethereum peer removal failed             peer=560d4804 err="peer not registered"
INFO [05-09|13:57:04.534] Initializing state bloom                 items=424727622 errorrate=0.000 elapsed=37m51.860s
INFO [05-09|13:57:07.481] Imported new state entries               count=0    elapsed=6.110s      processed=572902084 pending=46328 trieretry=102  coderetry=0 duplicate=0 unexpected=1506
INFO [05-09|13:57:07.484] Imported new state entries               count=668  elapsed=2.702ms     processed=572902752 pending=46328 trieretry=102  coderetry=0 duplicate=0 unexpected=1506
INFO [05-09|13:57:12.534] Initializing state bloom                 items=428146509 errorrate=0.000 elapsed=37m59.861s
INFO [05-09|13:57:17.845] Imported new block headers               count=1    elapsed=10.136ms    number=12400540 hash="5de59e…68bdab"
INFO [05-09|13:57:18.795] Downloader queue stats                   receiptTasks=0 blockTasks=0 itemSize=279.27KiB throttle=235
INFO [05-09|13:57:20.375] Imported new state entries               count=768  elapsed="349.002µs" processed=572903520 pending=47197 trieretry=2    coderetry=0 duplicate=0 unexpected=1506
INFO [05-09|13:57:20.377] Imported new state entries               count=0    elapsed="8.5µs"     processed=572903520 pending=47197 trieretry=2    coderetry=0 duplicate=0 unexpected=1508
INFO [05-09|13:57:20.535] Initializing state bloom                 items=431469101 errorrate=0.000 elapsed=38m7.861s
INFO [05-09|13:57:21.002] Imported new block headers               count=2    elapsed=12.656ms    number=12400542 hash="bd405e…93917d"
INFO [05-09|13:57:27.274] Imported new block headers               count=1    elapsed=34.782ms    number=12400543 hash="5ec0fe…b827be"
INFO [05-09|13:57:28.308] Imported new state entries               count=606  elapsed="299.901µs" processed=572904126 pending=47728 trieretry=162  coderetry=0 duplicate=0 unexpected=1508
INFO [05-09|13:57:28.537] Initializing state bloom                 items=434820683 errorrate=0.000 elapsed=38m15.863s
INFO [05-09|13:57:36.540] Initializing state bloom                 items=437396074 errorrate=0.000 elapsed=38m23.866s
INFO [05-09|13:57:36.579] Imported new block headers               count=1    elapsed=7.281ms     number=12400544 hash="508b6d…af3cef"
INFO [05-09|13:57:36.625] Imported new state entries               count=384  elapsed="2.6µs"     processed=572904510 pending=48120 trieretry=0    coderetry=0 duplicate=0 unexpected=1508
INFO [05-09|13:57:42.827] Imported new block headers               count=1    elapsed=6.207ms     number=12400545 hash="e7d43d…196b39"
INFO [05-09|13:57:44.540] Initializing state bloom                 items=440597496 errorrate=0.000 elapsed=38m31.866s
INFO [05-09|13:57:48.982] Imported new state entries               count=768  elapsed="384.802µs" processed=572905278 pending=48937 trieretry=384  coderetry=0 duplicate=0 unexpected=1508
INFO [05-09|13:57:52.542] Initializing state bloom                 items=444090043 errorrate=0.000 elapsed=38m39.868s
INFO [05-09|13:57:58.046] Imported new state entries               count=768  elapsed=7.058ms     processed=572906046 pending=48796 trieretry=0    coderetry=0 duplicate=0 unexpected=1508
WARN [05-09|13:57:58.249] Dropping unsynced node during sync       id=b769fbf2148ed347 conn=inbound addr=120.136.123.202:61118 type=OpenEthereum/v3.2.0-...
INFO [05-09|13:58:00.545] Initializing state bloom                 items=447507463 errorrate=0.000 elapsed=38m47.871s
INFO [05-09|13:58:06.922] Imported new state entries               count=328  elapsed="252.401µs" processed=572906374 pending=49101 trieretry=0    coderetry=0 duplicate=0 unexpected=1508
INFO [05-09|13:58:08.547] Initializing state bloom                 items=450989875 errorrate=0.001 elapsed=38m55.873s
INFO [05-09|13:58:16.549] Initializing state bloom                 items=454339891 errorrate=0.001 elapsed=39m3.875s
INFO [05-09|13:58:16.861] Imported new block headers               count=1    elapsed=29.791ms    number=12400546 hash="224d85…52a0a0"
INFO [05-09|13:58:20.012] Imported new block headers               count=2    elapsed=13.248ms    number=12400548 hash="cbe6e6…164f0a"
INFO [05-09|13:58:20.860] Downloader queue stats                   receiptTasks=0 blockTasks=0 itemSize=290.95KiB throttle=226
INFO [05-09|13:58:22.857] Imported new state entries               count=560  elapsed="208.701µs" processed=572906934 pending=49637 trieretry=0    coderetry=0 duplicate=0 unexpected=1508
INFO [05-09|13:58:24.550] Initializing state bloom                 items=457844568 errorrate=0.001 elapsed=39m11.876s
INFO [05-09|13:58:26.008] Imported new state entries               count=768  elapsed=5.307ms     processed=572907702 pending=48834 trieretry=2    coderetry=0 duplicate=0 unexpected=1508
INFO [05-09|13:58:32.429] Imported new block headers               count=1    elapsed=13.640ms    number=12400549 hash="36b746…6b718a"
INFO [05-09|13:58:32.550] Initializing state bloom                 items=461262994 errorrate=0.001 elapsed=39m19.876s
INFO [05-09|13:58:34.901] Imported new state entries               count=384  elapsed="117.2µs"   processed=572908086 pending=49205 trieretry=0    coderetry=0 duplicate=0 unexpected=1508
INFO [05-09|13:58:40.550] Initializing state bloom                 items=464718977 errorrate=0.001 elapsed=39m27.877s
INFO [05-09|13:58:41.760] Imported new block headers               count=1    elapsed=9.483ms     number=12400550 hash="2edba6…c14183"
WARN [05-09|13:58:41.882] Pivot became stale, moving               old=12400424 new=12400488
INFO [05-09|13:58:42.114] Imported new block receipts              count=64   elapsed=230.832ms   number=12400487 hash="55678b…b4642f" age=11m24s   size=7.05MiB
INFO [05-09|13:58:44.680] Imported new state entries               count=384  elapsed="105.9µs"   processed=572908470 pending=49589 trieretry=0    coderetry=0 duplicate=0 unexpected=1508
INFO [05-09|13:58:47.120] Imported new state entries               count=273  elapsed="3.1µs"     processed=572908743 pending=4369  trieretry=0    coderetry=0 duplicate=0 unexpected=1508
INFO [05-09|13:58:48.551] Initializing state bloom                 items=468095321 errorrate=0.001 elapsed=39m35.877s
INFO [05-09|13:58:49.491] Imported new state entries               count=384  elapsed="2.3µs"     processed=572909127 pending=7037  trieretry=0    coderetry=0 duplicate=0 unexpected=1508
INFO [05-09|13:58:51.092] Imported new block headers               count=1    elapsed=8.827ms     number=12400551 hash="971320…ea442b"
INFO [05-09|13:58:51.893] Imported new state entries               count=384  elapsed="2.9µs"     processed=572909511 pending=10495 trieretry=0    coderetry=0 duplicate=0 unexpected=1508
INFO [05-09|13:58:54.276] Imported new state entries               count=384  elapsed="35.7µs"    processed=572909895 pending=13889 trieretry=0    coderetry=0 duplicate=0 unexpected=1508
INFO [05-09|13:58:56.551] Initializing state bloom                 items=471416243 errorrate=0.001 elapsed=39m43.877s
INFO [05-09|13:58:56.881] Imported new state entries               count=384  elapsed="4.4µs"     processed=572910279 pending=17339 trieretry=0    coderetry=0 duplicate=0 unexpected=1508
INFO [05-09|13:58:58.882] Imported new state entries               count=384  elapsed="3.3µs"     processed=572910663 pending=20242 trieretry=0    coderetry=0 duplicate=0 unexpected=1508