INFO [10-01|19:40:36.834] State heal in progress                   accounts=3992@225.12KiB slots=829@63.70KiB codes=11102@94.27MiB nodes=267,192,856@77.57GiB pending=96791
ERROR[10-01|19:40:37.700] Snapshot extension registration failed   peer=78b25cdc err="peer connected on snap without compatible eth support"
INFO [10-01|19:40:38.715] Imported new block headers               count=1  elapsed=7.450ms   number=13,335,399 hash=8422f4..a9ea98 age=1m
INFO [10-01|19:40:39.555] Downloader queue stats                   receiptTasks=0  blockTasks=0  itemSize=255.15KiB throttle=1028
WARN [10-01|19:40:41.127] Checkpoint challenge timed out, dropping id=a9ee7e7c5637c3df conn=inbound addr=84.252.137.219:41520  type=erigon/v2021.09.4-al...
INFO [10-01|19:40:46.130] State heal in progress                   accounts=4036@227.55KiB slots=906@69.59KiB codes=11102@94.27MiB nodes=267,193,495@77.57GiB pending=97205
INFO [10-01|19:40:46.456] Looking for peers                        peercount=23 tried=3 static=0
INFO [10-01|19:40:54.947] State heal in progress                   accounts=4183@235.73KiB slots=993@76.42KiB codes=11102@94.27MiB nodes=267,194,311@77.57GiB pending=97439
INFO [10-01|19:40:56.457] Looking for peers                        peercount=23 tried=3 static=0
INFO [10-01|19:40:56.773] Imported new block headers               count=1  elapsed=6.809ms   number=13,335,400 hash=07dcf1..32b828 age=1m15s
INFO [10-01|19:41:04.393] State heal in progress                   accounts=4233@238.26KiB slots=1041@80.14KiB codes=11102@94.27MiB nodes=267,194,985@77.57GiB pending=97905
INFO [10-01|19:41:06.459] Looking for peers                        peercount=23 tried=3 static=0
INFO [10-01|19:41:08.801] Imported new block headers               count=1  elapsed=10.855ms  number=13,335,401 hash=bd9dda..dd9ed6
INFO [10-01|19:41:12.777] State heal in progress                   accounts=4452@250.00KiB slots=1116@86.14KiB codes=11102@94.27MiB nodes=267,195,882@77.57GiB pending=98636
ERROR[10-01|19:41:14.271] Snapshot extension registration failed   peer=443c35e9 err="peer connected on snap without compatible eth support"
ERROR[10-01|19:41:15.981] Snapshot extension registration failed   peer=1d4fc8e3 err="peer connected on snap without compatible eth support"
INFO [10-01|19:41:16.460] Looking for peers                        peercount=22 tried=3 static=0
INFO [10-01|19:41:21.345] State heal in progress                   accounts=4541@254.99KiB slots=1179@91.01KiB codes=11103@94.27MiB nodes=267,196,563@77.57GiB pending=99010
INFO [10-01|19:41:26.460] Looking for peers                        peercount=23 tried=1 static=0
INFO [10-01|19:41:30.495] State heal in progress                   accounts=4611@258.64KiB slots=1322@102.00KiB codes=11103@94.27MiB nodes=267,197,355@77.57GiB pending=99226
ERROR[10-01|19:41:32.087] Snapshot extension registration failed   peer=45950479 err="peer connected on snap without compatible eth support"
INFO [10-01|19:41:36.461] Looking for peers                        peercount=22 tried=3 static=0
INFO [10-01|19:41:40.366] State heal in progress                   accounts=4644@260.58KiB slots=1471@113.59KiB codes=11103@94.27MiB nodes=267,198,154@77.57GiB pending=99481
INFO [10-01|19:41:46.461] Looking for peers                        peercount=24 tried=6 static=0
INFO [10-01|19:41:49.617] State heal in progress                   accounts=4697@263.55KiB slots=1557@120.34KiB codes=11103@94.27MiB nodes=267,198,768@77.57GiB pending=99746
INFO [10-01|19:41:50.842] Imported new block headers               count=1  elapsed=7.229ms   number=13,335,402 hash=267213..fff967 age=1m15s
INFO [10-01|19:41:51.606] Downloader queue stats                   receiptTasks=0  blockTasks=0  itemSize=279.57KiB throttle=938
INFO [10-01|19:41:53.846] Imported new block headers               count=1  elapsed=5.790ms   number=13,335,403 hash=74da56..ebb916
ERROR[10-01|19:41:53.876] Snapshot extension registration failed   peer=78b25cdc err="peer connected on snap without compatible eth support"
INFO [10-01|19:41:56.463] Looking for peers                        peercount=24 tried=4 static=0
INFO [10-01|19:41:59.035] State heal in progress                   accounts=4773@268.11KiB slots=1618@125.11KiB codes=11103@94.27MiB nodes=267,199,415@77.57GiB pending=100,215
ERROR[10-01|19:42:02.030] Snapshot extension registration failed   peer=20dcc090 err="peer connected on snap without compatible eth support"
ERROR[10-01|19:42:06.624] Snapshot extension registration failed   peer=1d6a0c56 err="peer connected on snap without compatible eth support"
INFO [10-01|19:42:06.624] Looking for peers                        peercount=25 tried=2 static=0
ERROR[10-01|19:42:10.318] Snapshot extension registration failed   peer=20dcc090 err="peer connected on snap without compatible eth support"
INFO [10-01|19:42:10.760] State heal in progress                   accounts=4778@268.39KiB slots=1714@132.69KiB codes=11103@94.27MiB nodes=267,200,100@77.57GiB pending=100,949
INFO [10-01|19:42:16.701] Looking for peers                        peercount=25 tried=4 static=0
INFO [10-01|19:42:20.634] State heal in progress                   accounts=5022@281.12KiB slots=1823@141.21KiB codes=11103@94.27MiB nodes=267,201,131@77.57GiB pending=101,158
INFO [10-01|19:42:24.072] Imported new block headers               count=2  elapsed=10.623ms  number=13,335,405 hash=e00526..b764af
INFO [10-01|19:42:26.866] Looking for peers                        peercount=24 tried=3 static=0
INFO [10-01|19:42:29.905] State heal in progress                   accounts=5162@288.79KiB slots=1994@154.43KiB codes=11103@94.27MiB nodes=267,202,117@77.57GiB pending=101,102
INFO [10-01|19:42:33.086] Imported new block headers               count=1  elapsed=6.478ms   number=13,335,406 hash=310655..a6e78b
INFO [10-01|19:42:36.100] Imported new block headers               count=1  elapsed=10.598ms  number=13,335,407 hash=4a0b6c..b5c6da
INFO [10-01|19:42:36.866] Looking for peers                        peercount=24 tried=3 static=0
ERROR[10-01|19:42:37.721] Snapshot extension registration failed   peer=7e39a431 err="peer connected on snap without compatible eth support"
INFO [10-01|19:42:38.186] State heal in progress                   accounts=5205@291.17KiB slots=2089@161.76KiB codes=11103@94.27MiB nodes=267,202,718@77.57GiB pending=101,460
INFO [10-01|19:42:46.423] State heal in progress                   accounts=5231@292.58KiB slots=2238@173.83KiB codes=11103@94.27MiB nodes=267,203,358@77.57GiB pending=101,924
INFO [10-01|19:42:46.869] Looking for peers                        peercount=24 tried=2 static=0
INFO [10-01|19:42:48.110] Imported new block headers               count=1  elapsed=6.497ms   number=13,335,408 hash=7cd11a..c1d981
ERROR[10-01|19:42:53.944] Snapshot extension registration failed   peer=d9eb389f err="peer connected on snap without compatible eth support"
INFO [10-01|19:42:56.459] State heal in progress                   accounts=5305@296.52KiB slots=2336@181.64KiB codes=11103@94.27MiB nodes=267,203,984@77.57GiB pending=102,125
INFO [10-01|19:42:56.874] Looking for peers                        peercount=24 tried=2 static=0
INFO [10-01|19:43:05.472] State heal in progress                   accounts=5410@302.12KiB slots=2469@191.99KiB codes=11103@94.27MiB nodes=267,204,779@77.57GiB pending=102,274
INFO [10-01|19:43:06.877] Looking for peers                        peercount=24 tried=3 static=0
INFO [10-01|19:43:09.161] Imported new block headers               count=1  elapsed=6.914ms   number=13,335,409 hash=84ab38..f13ce6
INFO [10-01|19:43:09.656] Downloader queue stats                   receiptTasks=0  blockTasks=0  itemSize=278.63KiB throttle=941
INFO [10-01|19:43:12.330] Imported new block headers               count=1  elapsed=6.877ms   number=13,335,410 hash=f929a0..f5058c
INFO [10-01|19:43:13.823] State heal in progress                   accounts=5475@305.74KiB slots=2662@207.18KiB codes=11103@94.27MiB nodes=267,205,563@77.58GiB pending=102,318
ERROR[10-01|19:43:15.047] Snapshot extension registration failed   peer=d0d0c417 err="peer connected on snap without compatible eth support"
INFO [10-01|19:43:16.878] Looking for peers                        peercount=25 tried=3 static=0
INFO [10-01|19:43:21.832] State heal in progress                   accounts=5549@310.12KiB slots=2736@212.98KiB codes=11103@94.27MiB nodes=267,206,185@77.58GiB pending=102,649
INFO [10-01|19:43:26.928] Looking for peers                        peercount=25 tried=2 static=0
INFO [10-01|19:43:27.349] Imported new block headers               count=1  elapsed=8.368ms   number=13,335,411 hash=d0e925..1e5071
INFO [10-01|19:43:32.441] State heal in progress                   accounts=5572@311.48KiB slots=2909@226.88KiB codes=11103@94.27MiB nodes=267,206,989@77.58GiB pending=103,041
ERROR[10-01|19:43:33.015] Snapshot extension registration failed   peer=20dcc090 err="peer connected on snap without compatible eth support"
INFO [10-01|19:43:33.354] Imported new block headers               count=1  elapsed=6.301ms   number=13,335,412 hash=38e285..add61f
INFO [10-01|19:43:36.358] Imported new block headers               count=1  elapsed=6.871ms   number=13,335,413 hash=e3673a..4045fb
INFO [10-01|19:43:38.030] Looking for peers                        peercount=25 tried=3 static=0
INFO [10-01|19:43:43.006] State heal in progress                   accounts=5632@314.78KiB slots=3051@238.09KiB codes=11103@94.27MiB nodes=267,207,799@77.58GiB pending=103,515
INFO [10-01|19:43:49.131] Looking for peers                        peercount=25 tried=4 static=0
INFO [10-01|19:43:51.761] State heal in progress                   accounts=5701@318.34KiB slots=3245@252.96KiB codes=11104@94.30MiB nodes=267,208,593@77.58GiB pending=103,570
INFO [10-01|19:43:59.221] Looking for peers                        peercount=25 tried=2 static=0
INFO [10-01|19:43:59.769] State heal in progress                   accounts=5733@320.41KiB slots=3385@263.64KiB codes=11104@94.30MiB nodes=267,209,231@77.58GiB pending=103,974
ERROR[10-01|19:44:03.489] Snapshot extension registration failed   peer=4c4878bb err="peer connected on snap without compatible eth support"
WARN [10-01|19:44:08.790] Dropping unsynced node during sync       id=2eca6f7a440b050a conn=inbound addr=124.168.27.210:60310  type=Geth/v1.10.6-stable-...
INFO [10-01|19:44:08.956] State heal in progress                   accounts=5864@327.09KiB slots=3535@275.29KiB codes=11104@94.30MiB nodes=267,210,045@77.58GiB pending=104,146
INFO [10-01|19:44:09.396] Looking for peers                        peercount=24 tried=3 static=0
ERROR[10-01|19:44:14.553] Snapshot extension registration failed   peer=20dcc090 err="peer connected on snap without compatible eth support"
ERROR[10-01|19:44:14.808] Snapshot extension registration failed   peer=b58b4e2f err="peer connected on snap without compatible eth support"
INFO [10-01|19:44:17.426] State heal in progress                   accounts=5925@330.64KiB slots=3640@283.51KiB codes=11104@94.30MiB nodes=267,210,666@77.58GiB pending=104,475
INFO [10-01|19:44:18.399] Imported new block headers               count=1  elapsed=6.224ms   number=13,335,414 hash=80f9e6..58284d
INFO [10-01|19:44:18.701] Downloader queue stats                   receiptTasks=0  blockTasks=0  itemSize=267.87KiB throttle=979
INFO [10-01|19:44:19.397] Looking for peers                        peercount=25 tried=4 static=0
INFO [10-01|19:44:24.412] Imported new block headers               count=1  elapsed=9.836ms   number=13,335,415 hash=cb4c3d..0af032
INFO [10-01|19:44:25.433] State heal in progress                   accounts=5992@334.23KiB slots=3939@307.23KiB codes=11104@94.30MiB nodes=267,211,585@77.58GiB pending=104,258
INFO [10-01|19:44:29.398] Looking for peers                        peercount=25 tried=3 static=0
INFO [10-01|19:44:30.415] Imported new block headers               count=1  elapsed=6.321ms   number=13,335,416 hash=b6c3ba..b4bf9a
INFO [10-01|19:44:36.017] State heal in progress                   accounts=6090@339.77KiB slots=4146@323.22KiB codes=11104@94.30MiB nodes=267,212,553@77.58GiB pending=104,410
ERROR[10-01|19:44:37.936] Snapshot extension registration failed   peer=78b25cdc err="peer connected on snap without compatible eth support"
INFO [10-01|19:44:39.399] Looking for peers                        peercount=26 tried=3 static=0
INFO [10-01|19:44:39.432] Imported new block headers               count=1  elapsed=6.204ms   number=13,335,417 hash=70ef14..791f07
INFO [10-01|19:44:44.526] State heal in progress                   accounts=6126@341.97KiB slots=4249@331.22KiB codes=11104@94.30MiB nodes=267,213,201@77.58GiB pending=104,915
INFO [10-01|19:44:49.401] Looking for peers                        peercount=26 tried=3 static=0
WARN [10-01|19:44:53.274] Checkpoint challenge timed out, dropping id=011952aed5d6cb5c conn=inbound addr=159.65.171.178:55140  type=OpenEthereum/v3.3.0-...
INFO [10-01|19:44:54.492] State heal in progress                   accounts=6168@344.14KiB slots=4439@345.88KiB codes=11104@94.30MiB nodes=267,214,006@77.58GiB pending=105,103
INFO [10-01|19:44:59.401] Looking for peers                        peercount=26 tried=3 static=0
INFO [10-01|19:45:04.822] State heal in progress                   accounts=6195@345.58KiB slots=4548@354.77KiB codes=11104@94.30MiB nodes=267,214,662@77.58GiB pending=105,556
WARN [10-01|19:45:09.388] Dropping unsynced node during sync       id=ae6a58ab136979de conn=inbound addr=99.123.174.80:44470   type=OpenEthereum/v3.3.0-...
INFO [10-01|19:45:09.403] Looking for peers                        peercount=26 tried=2 static=0
INFO [10-01|19:45:14.742] State heal in progress                   accounts=6322@352.35KiB slots=4613@359.94KiB codes=11104@94.30MiB nodes=267,215,375@77.58GiB pending=106,440
ERROR[10-01|19:45:16.208] Snapshot extension registration failed   peer=c39782b1 err="peer connected on snap without compatible eth support"
INFO [10-01|19:45:19.404] Looking for peers                        peercount=26 tried=4 static=0
INFO [10-01|19:45:23.104] State heal in progress                   accounts=6361@354.64KiB slots=4823@376.54KiB codes=11104@94.30MiB nodes=267,216,169@77.58GiB pending=106,579
INFO [10-01|19:45:27.479] Imported new block headers               count=1  elapsed=7.425ms   number=13,335,418 hash=249fba..e42d4f age=1m6s
INFO [10-01|19:45:27.742] Downloader queue stats                   receiptTasks=0  blockTasks=0  itemSize=247.04KiB throttle=1062
INFO [10-01|19:45:29.407] Looking for peers                        peercount=26 tried=3 static=0
INFO [10-01|19:45:31.867] State heal in progress                   accounts=6447@358.99KiB slots=5015@391.85KiB codes=11104@94.30MiB nodes=267,216,981@77.58GiB pending=106,773
INFO [10-01|19:45:33.486] Imported new block headers               count=1  elapsed=6.552ms   number=13,335,419 hash=b8da99..69c4e3 age=1m6s
ERROR[10-01|19:45:35.653] Snapshot extension registration failed   peer=e0c983b3 err="peer connected on snap without compatible eth support"
INFO [10-01|19:45:39.410] Looking for peers                        peercount=26 tried=3 static=0
INFO [10-01|19:45:40.682] State heal in progress                   accounts=6550@364.24KiB slots=5153@402.88KiB codes=11104@94.30MiB nodes=267,217,832@77.58GiB pending=106,919
INFO [10-01|19:45:42.516] Imported new block headers               count=1  elapsed=6.551ms   number=13,335,420 hash=d0706a..607d83 age=1m6s
INFO [10-01|19:45:48.707] State heal in progress                   accounts=6577@365.78KiB slots=5283@413.25KiB codes=11104@94.30MiB nodes=267,218,462@77.58GiB pending=107,329
INFO [10-01|19:45:49.410] Looking for peers                        peercount=26 tried=3 static=0
INFO [10-01|19:45:58.416] State heal in progress                   accounts=6645@369.38KiB slots=5461@427.36KiB codes=11104@94.30MiB nodes=267,219,261@77.58GiB pending=107,445
INFO [10-01|19:45:59.411] Looking for peers                        peercount=27 tried=3 static=0