ERROR[10-01|19:55:40.404] Snapshot extension registration failed   peer=101502b5 err="peer connected on snap without compatible eth support"
ERROR[10-01|19:55:40.421] Snapshot extension registration failed   peer=4c18a4fe err="peer connected on snap without compatible eth support"
INFO [10-01|19:55:43.039] Looking for peers                        peercount=29 tried=3 static=0
INFO [10-01|19:55:45.651] State heal in progress                   accounts=8942@517.18KiB slots=6405@502.45KiB codes=11105@94.30MiB nodes=267,281,055@77.60GiB pending=63438
ERROR[10-01|19:55:47.611] Snapshot extension registration failed   peer=45950479 err="peer connected on snap without compatible eth support"
INFO [10-01|19:55:53.041] Looking for peers                        peercount=29 tried=3 static=0
INFO [10-01|19:55:56.189] State heal in progress                   accounts=8942@517.18KiB slots=6405@502.45KiB codes=11105@94.30MiB nodes=267,282,265@77.60GiB pending=65084
INFO [10-01|19:56:00.554] Imported new block headers               count=1  elapsed=8.403ms   number=13,335,468 hash=c35cae..00211f age=1m32s
INFO [10-01|19:56:01.526] Downloader queue stats                   receiptTasks=0  blockTasks=0  itemSize=214.60KiB throttle=1222
INFO [10-01|19:56:03.044] Looking for peers                        peercount=30 tried=3 static=0
INFO [10-01|19:56:04.321] State heal in progress                   accounts=8946@517.53KiB slots=6405@502.45KiB codes=11105@94.30MiB nodes=267,283,254@77.61GiB pending=66691
WARN [10-01|19:56:04.323] Unexpected trienode heal packet          peer=74d79951 reqid=7,365,205,224,482,951,250
INFO [10-01|19:56:06.828] Imported new block headers               count=1  elapsed=6.761ms   number=13,335,469 hash=7816e2..e390f8 age=1m37s
INFO [10-01|19:56:13.132] Looking for peers                        peercount=31 tried=2 static=0
INFO [10-01|19:56:13.250] State heal in progress                   accounts=8946@517.53KiB slots=6405@502.45KiB codes=11105@94.30MiB nodes=267,284,305@77.61GiB pending=69249
WARN [10-01|19:56:13.252] Unexpected trienode heal packet          peer=c997d744 reqid=377,595,573,446,600,841
ERROR[10-01|19:56:17.408] Snapshot extension registration failed   peer=b717961b err="peer connected on snap without compatible eth support"
INFO [10-01|19:56:22.905] State heal in progress                   accounts=8964@518.74KiB slots=6405@502.45KiB codes=11105@94.30MiB nodes=267,285,608@77.61GiB pending=73254
INFO [10-01|19:56:23.134] Looking for peers                        peercount=30 tried=4 static=0
ERROR[10-01|19:56:28.224] Snapshot extension registration failed   peer=250c7dca err="peer connected on snap without compatible eth support"
INFO [10-01|19:56:33.134] Looking for peers                        peercount=34 tried=3 static=0
INFO [10-01|19:56:33.345] State heal in progress                   accounts=8997@521.34KiB slots=6405@502.45KiB codes=11105@94.30MiB nodes=267,286,698@77.61GiB pending=75064
WARN [10-01|19:56:39.867] Dropping unsynced node during sync       id=831731b8c1701367 conn=inbound addr=173.56.9.84:52354     type=ethereumjs-devp2p/v4...
INFO [10-01|19:56:41.031] Imported new block headers               count=1  elapsed=11.922ms  number=13,335,470 hash=89fed0..a8fd43 age=1m31s
INFO [10-01|19:56:41.952] State heal in progress                   accounts=9046@524.39KiB slots=6405@502.45KiB codes=11105@94.30MiB nodes=267,287,714@77.61GiB pending=76675
INFO [10-01|19:56:43.135] Looking for peers                        peercount=33 tried=3 static=0
ERROR[10-01|19:56:43.949] Snapshot extension registration failed   peer=2337a8a7 err="peer connected on snap without compatible eth support"
INFO [10-01|19:56:47.330] Imported new block headers               count=1  elapsed=12.915ms  number=13,335,471 hash=7231c8..ce4b86
INFO [10-01|19:56:52.263] State heal in progress                   accounts=9073@526.29KiB slots=6405@502.45KiB codes=11105@94.30MiB nodes=267,288,806@77.61GiB pending=78383
INFO [10-01|19:56:53.136] Looking for peers                        peercount=34 tried=3 static=0
INFO [10-01|19:57:02.389] State heal in progress                   accounts=9128@529.82KiB slots=6405@502.45KiB codes=11105@94.30MiB nodes=267,289,791@77.61GiB pending=79324
INFO [10-01|19:57:03.138] Looking for peers                        peercount=34 tried=2 static=0
INFO [10-01|19:57:05.994] Imported new block headers               count=1  elapsed=11.950ms  number=13,335,472 hash=df1707..edc16d age=1m
INFO [10-01|19:57:06.580] Downloader queue stats                   receiptTasks=0  blockTasks=0  itemSize=289.90KiB throttle=905
ERROR[10-01|19:57:10.080] Snapshot extension registration failed   peer=250c7dca err="peer connected on snap without compatible eth support"
ERROR[10-01|19:57:11.075] Snapshot extension registration failed   peer=60dc7da9 err="peer connected on snap without compatible eth support"
INFO [10-01|19:57:11.559] State heal in progress                   accounts=9204@534.54KiB slots=6405@502.45KiB codes=11105@94.30MiB nodes=267,290,783@77.61GiB pending=80662
INFO [10-01|19:57:13.139] Looking for peers                        peercount=36 tried=1 static=0
INFO [10-01|19:57:15.371] Imported new block headers               count=1  elapsed=7.000ms   number=13,335,473 hash=3973d9..43734e
INFO [10-01|19:57:19.774] State heal in progress                   accounts=9268@538.62KiB slots=6405@502.45KiB codes=11105@94.30MiB nodes=267,291,724@77.61GiB pending=81988
WARN [10-01|19:57:19.813] Unexpected bytecode heal packet          peer=0c09306b reqid=1,325,265,246,242,712,988
INFO [10-01|19:57:23.140] Looking for peers                        peercount=36 tried=5 static=0
INFO [10-01|19:57:33.142] Looking for peers                        peercount=36 tried=4 static=0
INFO [10-01|19:57:37.020] State heal in progress                   accounts=9387@546.29KiB slots=6405@502.45KiB codes=11105@94.30MiB nodes=267,293,014@77.61GiB pending=83191
INFO [10-01|19:57:43.143] Looking for peers                        peercount=36 tried=3 static=0
INFO [10-01|19:57:45.296] State heal in progress                   accounts=9486@552.67KiB slots=6405@502.45KiB codes=11105@94.30MiB nodes=267,293,908@77.61GiB pending=84017
WARN [10-01|19:57:45.298] Unexpected bytecode heal packet          peer=ba8dfcda reqid=8,341,872,999,975,601,928
WARN [10-01|19:57:45.306] Unexpected trienode heal packet          peer=ba8dfcda reqid=7,587,407,569,930,576,839
WARN [10-01|19:57:48.409] Unexpected trienode heal packet          peer=0c1bef01 reqid=873,670,124,438,493,783
INFO [10-01|19:57:52.616] Imported new block headers               count=1  elapsed=8.916ms   number=13,335,474 hash=691014..20f178 age=1m8s
INFO [10-01|19:57:53.146] Looking for peers                        peercount=36 tried=3 static=0
INFO [10-01|19:58:02.128] State heal in progress                   accounts=9521@555.06KiB slots=6405@502.45KiB codes=11106@94.30MiB nodes=267,294,848@77.61GiB pending=85026
WARN [10-01|19:58:02.129] Unexpected trienode heal packet          peer=df701e2d reqid=7,145,330,581,577,176,081
INFO [10-01|19:58:03.148] Looking for peers                        peercount=36 tried=3 static=0
INFO [10-01|19:58:08.171] Imported new block headers               count=1  elapsed=5.744ms   number=13,335,475 hash=060fa3..c19774 age=1m5s
INFO [10-01|19:58:08.616] Downloader queue stats                   receiptTasks=0  blockTasks=0  itemSize=263.82KiB throttle=994
INFO [10-01|19:58:13.151] Looking for peers                        peercount=36 tried=1 static=0
INFO [10-01|19:58:17.053] State heal in progress                   accounts=9534@555.75KiB slots=6405@502.45KiB codes=11106@94.30MiB nodes=267,295,415@77.61GiB pending=85640
WARN [10-01|19:58:17.545] Unexpected bytecode heal packet          peer=7a2561c3 reqid=4,712,783,503,775,000,214
WARN [10-01|19:58:17.781] Unexpected trienode heal packet          peer=c997d744 reqid=1,547,197,331,474,311,443
INFO [10-01|19:58:25.180] State heal in progress                   accounts=9586@558.82KiB slots=6405@502.45KiB codes=11107@94.31MiB nodes=267,296,049@77.61GiB pending=86381
INFO [10-01|19:58:33.024] Imported new block headers               count=1  elapsed=7.259ms   number=13,335,476 hash=12c573..43fbcf age=1m19s
INFO [10-01|19:58:33.730] State heal in progress                   accounts=9649@562.81KiB slots=6406@502.52KiB codes=11107@94.31MiB nodes=267,296,719@77.61GiB pending=87032
INFO [10-01|19:58:43.627] State heal in progress                   accounts=9738@568.35KiB slots=6407@502.62KiB codes=11107@94.31MiB nodes=267,297,494@77.61GiB pending=87911
INFO [10-01|19:58:51.737] Imported new block headers               count=1  elapsed=10.851ms  number=13,335,477 hash=d57a50..737942 age=1m1s
INFO [10-01|19:58:54.924] Imported new block headers               count=1  elapsed=7.148ms   number=13,335,478 hash=3358c0..0e4c19
INFO [10-01|19:58:55.671] State heal in progress                   accounts=9825@573.83KiB slots=6407@502.62KiB codes=11107@94.31MiB nodes=267,298,309@77.61GiB pending=88701
WARN [10-01|19:58:55.671] Unexpected trienode heal packet          peer=df701e2d reqid=927,778,851,608,582,360
INFO [10-01|19:59:03.810] State heal in progress                   accounts=9889@577.49KiB slots=6407@502.62KiB codes=11107@94.31MiB nodes=267,298,931@77.61GiB pending=89321
WARN [10-01|19:59:03.812] Unexpected trienode heal packet          peer=7a2561c3 reqid=4,903,647,207,486,609,018
INFO [10-01|19:59:04.404] Imported new block headers               count=2  elapsed=6.124ms   number=13,335,480 hash=b74bb4..3b9022
WARN [10-01|19:59:07.576] Unexpected trienode heal packet          peer=ba8dfcda reqid=6,326,797,371,885,283,106
INFO [10-01|19:59:10.704] Imported new block headers               count=1  elapsed=9.301ms   number=13,335,481 hash=184f8f..c86451
INFO [10-01|19:59:12.655] Downloader queue stats                   receiptTasks=0  blockTasks=0  itemSize=253.92KiB throttle=1033
INFO [10-01|19:59:13.159] Looking for peers                        peercount=35 tried=4 static=0
INFO [10-01|19:59:13.620] State heal in progress                   accounts=9995@584.21KiB slots=6407@502.62KiB codes=11107@94.31MiB nodes=267,299,731@77.61GiB pending=89966
WARN [10-01|19:59:13.621] Unexpected trienode heal packet          peer=0c1bef01 reqid=3,170,965,329,751,233,155
INFO [10-01|19:59:16.980] Imported new block headers               count=1  elapsed=6.141ms   number=13,335,482 hash=8fc3e6..8ce7e5
INFO [10-01|19:59:23.162] Looking for peers                        peercount=36 tried=4 static=0
INFO [10-01|19:59:23.183] State heal in progress                   accounts=10245@599.22KiB slots=6409@502.79KiB codes=11107@94.31MiB nodes=267,300,719@77.61GiB pending=90401
INFO [10-01|19:59:33.163] Looking for peers                        peercount=36 tried=3 static=0
INFO [10-01|19:59:33.755] State heal in progress                   accounts=10348@605.88KiB slots=6412@503.06KiB codes=11107@94.31MiB nodes=267,301,596@77.61GiB pending=91419
INFO [10-01|19:59:43.165] Looking for peers                        peercount=36 tried=3 static=0
INFO [10-01|19:59:43.201] State heal in progress                   accounts=10434@611.12KiB slots=6414@503.21KiB codes=11107@94.31MiB nodes=267,302,358@77.61GiB pending=92166
WARN [10-01|19:59:43.203] Unexpected trienode heal packet          peer=9fb0b7bf reqid=6,316,912,558,148,627,276
INFO [10-01|19:59:44.976] Imported new block headers               count=1  elapsed=6.719ms   number=13,335,483 hash=68bcd6..15fd00
WARN [10-01|19:59:49.532] Unexpected bytecode heal packet          peer=c997d744 reqid=973,832,475,575,271,467
INFO [10-01|19:59:53.170] Looking for peers                        peercount=36 tried=3 static=0
INFO [10-01|19:59:53.793] State heal in progress                   accounts=10582@620.21KiB slots=6416@503.36KiB codes=11107@94.31MiB nodes=267,303,240@77.61GiB pending=93063
INFO [10-01|20:00:02.732] State heal in progress                   accounts=10659@624.87KiB slots=6421@503.72KiB codes=11107@94.31MiB nodes=267,303,836@77.61GiB pending=93732
INFO [10-01|20:00:03.171] Looking for peers                        peercount=35 tried=3 static=0
WARN [10-01|20:00:04.971] Unexpected bytecode heal packet          peer=038401f6 reqid=1,414,386,809,566,245,651
WARN [10-01|20:00:06.180] Unexpected trienode heal packet          peer=9fb0b7bf reqid=7,940,383,960,601,335,062
ERROR[10-01|20:00:09.642] Snapshot extension registration failed   peer=78b25cdc err="peer connected on snap without compatible eth support"
WARN [10-01|20:00:10.886] Dropping unsynced node during sync       id=920f62f644b223cb conn=inbound addr=120.27.229.83:49626   type=OpenEthereum/v3.3.0-...
INFO [10-01|20:00:12.231] State heal in progress                   accounts=10966@642.67KiB slots=6426@504.17KiB codes=11108@94.31MiB nodes=267,304,905@77.61GiB pending=94636
INFO [10-01|20:00:13.186] Looking for peers                        peercount=36 tried=3 static=0
INFO [10-01|20:00:20.606] State heal in progress                   accounts=11230@658.10KiB slots=6435@504.88KiB codes=11108@94.31MiB nodes=267,305,941@77.61GiB pending=96060
INFO [10-01|20:00:22.199] Imported new block headers               count=1  elapsed=7.551ms   number=13,335,484 hash=3f47c3..35179c age=1m14s
INFO [10-01|20:00:22.704] Downloader queue stats                   receiptTasks=0  blockTasks=0  itemSize=219.57KiB throttle=1194
INFO [10-01|20:00:23.188] Looking for peers                        peercount=36 tried=3 static=0
INFO [10-01|20:00:28.531] Imported new block headers               count=1  elapsed=6.748ms   number=13,335,485 hash=05cee6..2fa85e age=1m14s
INFO [10-01|20:00:29.285] State heal in progress                   accounts=11393@667.95KiB slots=6449@506.04KiB codes=11108@94.31MiB nodes=267,306,775@77.61GiB pending=97667
INFO [10-01|20:00:33.194] Looking for peers                        peercount=36 tried=3 static=0
INFO [10-01|20:00:34.810] Imported new block headers               count=1  elapsed=6.629ms   number=13,335,486 hash=b79b04..04ee48 age=1m3s
INFO [10-01|20:00:37.582] State heal in progress                   accounts=11508@674.12KiB slots=6455@506.52KiB codes=11108@94.31MiB nodes=267,307,667@77.61GiB pending=98859
INFO [10-01|20:00:43.196] Looking for peers                        peercount=36 tried=3 static=0
INFO [10-01|20:00:45.638] State heal in progress                   accounts=11534@675.70KiB slots=6465@507.33KiB codes=11108@94.31MiB nodes=267,308,214@77.61GiB pending=101,276
INFO [10-01|20:00:50.374] Imported new block headers               count=1  elapsed=7.505ms   number=13,335,487 hash=933b2f..b9083c
INFO [10-01|20:00:53.198] Looking for peers                        peercount=36 tried=3 static=0
INFO [10-01|20:00:55.172] State heal in progress                   accounts=11739@687.80KiB slots=6480@508.51KiB codes=11108@94.31MiB nodes=267,309,257@77.61GiB pending=104,168
INFO [10-01|20:00:56.662] Imported new block headers               count=1  elapsed=5.556ms   number=13,335,488 hash=9847f2..218533
INFO [10-01|20:00:59.890] Imported new block headers               count=1  elapsed=6.699ms   number=13,335,489 hash=bebd16..801f87
INFO [10-01|20:01:03.200] Looking for peers                        peercount=36 tried=3 static=0