INFO [10-01|20:00:37.582] State heal in progress                   accounts=11508@674.12KiB slots=6455@506.52KiB codes=11108@94.31MiB nodes=267,307,667@77.61GiB pending=98859
INFO [10-01|20:00:43.196] Looking for peers                        peercount=36 tried=3 static=0
INFO [10-01|20:00:45.638] State heal in progress                   accounts=11534@675.70KiB slots=6465@507.33KiB codes=11108@94.31MiB nodes=267,308,214@77.61GiB pending=101,276
INFO [10-01|20:00:50.374] Imported new block headers               count=1  elapsed=7.505ms   number=13,335,487 hash=933b2f..b9083c
INFO [10-01|20:00:53.198] Looking for peers                        peercount=36 tried=3 static=0
INFO [10-01|20:00:55.172] State heal in progress                   accounts=11739@687.80KiB slots=6480@508.51KiB codes=11108@94.31MiB nodes=267,309,257@77.61GiB pending=104,168
INFO [10-01|20:00:56.662] Imported new block headers               count=1  elapsed=5.556ms   number=13,335,488 hash=9847f2..218533
INFO [10-01|20:00:59.890] Imported new block headers               count=1  elapsed=6.699ms   number=13,335,489 hash=bebd16..801f87
INFO [10-01|20:01:03.200] Looking for peers                        peercount=36 tried=3 static=0
INFO [10-01|20:01:03.689] State heal in progress                   accounts=11851@694.77KiB slots=6487@509.09KiB codes=11108@94.31MiB nodes=267,309,996@77.61GiB pending=105,589
WARN [10-01|20:01:09.936] Unexpected trienode heal packet          peer=9fb0b7bf reqid=1,552,896,434,136,345,085
INFO [10-01|20:01:12.497] State heal in progress                   accounts=11909@698.27KiB slots=6498@510.05KiB codes=11108@94.31MiB nodes=267,310,580@77.61GiB pending=106,555
WARN [10-01|20:01:12.498] Unexpected trienode heal packet          peer=df701e2d reqid=775,535,446,275,025,773
INFO [10-01|20:01:13.202] Looking for peers                        peercount=36 tried=3 static=0
INFO [10-01|20:01:21.100] State heal in progress                   accounts=11945@700.73KiB slots=6503@510.44KiB codes=11108@94.31MiB nodes=267,311,056@77.61GiB pending=107,444
INFO [10-01|20:01:23.203] Looking for peers                        peercount=36 tried=3 static=0
WARN [10-01|20:01:25.800] Unexpected trienode heal packet          peer=7a2561c3 reqid=2,812,855,847,891,282,889
WARN [10-01|20:01:27.214] Unexpected trienode heal packet          peer=c997d744 reqid=1,150,403,826,824,173,436
INFO [10-01|20:01:27.836] Imported new block headers               count=2  elapsed=11.112ms  number=13,335,491 hash=72d8af..d9eba9
INFO [10-01|20:01:28.761] Downloader queue stats                   receiptTasks=0  blockTasks=0  itemSize=236.63KiB throttle=1108
INFO [10-01|20:01:29.930] State heal in progress                   accounts=11954@701.25KiB slots=6506@510.64KiB codes=11108@94.31MiB nodes=267,311,386@77.61GiB pending=107,966
WARN [10-01|20:01:29.931] Unexpected trienode heal packet          peer=ba8dfcda reqid=4,180,920,210,956,139,214
INFO [10-01|20:01:31.028] Imported new block headers               count=1  elapsed=6.208ms   number=13,335,492 hash=d03b38..d361e4
INFO [10-01|20:01:33.204] Looking for peers                        peercount=36 tried=3 static=0
WARN [10-01|20:01:34.032] Unexpected trienode heal packet          peer=0c09306b reqid=8,733,428,242,677,314,240
WARN [10-01|20:01:36.607] Unexpected trienode heal packet          peer=9fb0b7bf reqid=8,696,945,727,355,258,781
WARN [10-01|20:01:36.614] Unexpected trienode heal packet          peer=74d79951 reqid=7,352,576,934,773,548,874
INFO [10-01|20:01:41.141] State heal in progress                   accounts=11992@703.70KiB slots=6517@511.56KiB codes=11108@94.31MiB nodes=267,312,004@77.62GiB pending=109,387
WARN [10-01|20:01:41.142] Unexpected trienode heal packet          peer=df701e2d reqid=6,779,966,494,602,228,006
INFO [10-01|20:01:43.205] Looking for peers                        peercount=36 tried=3 static=0
INFO [10-01|20:01:52.293] State heal in progress                   accounts=12076@708.84KiB slots=6528@512.45KiB codes=11108@94.31MiB nodes=267,312,758@77.62GiB pending=110,392
INFO [10-01|20:01:53.207] Looking for peers                        peercount=36 tried=3 static=0
INFO [10-01|20:01:55.899] Imported new block headers               count=2  elapsed=7.009ms   number=13,335,494 hash=491916..8b0f5a
INFO [10-01|20:02:00.842] State heal in progress                   accounts=12144@712.63KiB slots=6543@513.66KiB codes=11108@94.31MiB nodes=267,313,293@77.62GiB pending=111,348
INFO [10-01|20:02:03.208] Looking for peers                        peercount=36 tried=3 static=0
INFO [10-01|20:02:09.269] State heal in progress                   accounts=12215@716.85KiB slots=6550@514.22KiB codes=11108@94.31MiB nodes=267,313,829@77.62GiB pending=112,242
INFO [10-01|20:02:13.209] Looking for peers                        peercount=36 tried=3 static=0
INFO [10-01|20:02:18.157] State heal in progress                   accounts=12299@721.87KiB slots=6558@514.86KiB codes=11108@94.31MiB nodes=267,314,425@77.62GiB pending=113,127
INFO [10-01|20:02:23.210] Looking for peers                        peercount=36 tried=3 static=0
INFO [10-01|20:02:29.182] State heal in progress                   accounts=12376@725.94KiB slots=6576@516.21KiB codes=11108@94.31MiB nodes=267,315,134@77.62GiB pending=114,329
INFO [10-01|20:02:33.212] Looking for peers                        peercount=36 tried=3 static=0
INFO [10-01|20:02:36.224] Imported new block headers               count=1  elapsed=6.758ms   number=13,335,495 hash=c49c93..ee4ab7 age=1m7s
INFO [10-01|20:02:36.808] Downloader queue stats                   receiptTasks=0  blockTasks=0  itemSize=254.03KiB throttle=1032
INFO [10-01|20:02:38.857] State heal in progress                   accounts=12449@730.31KiB slots=6591@517.43KiB codes=11108@94.31MiB nodes=267,315,808@77.62GiB pending=115,375
INFO [10-01|20:02:42.509] Imported new block headers               count=1  elapsed=7.059ms   number=13,335,496 hash=2378b9..37af01
INFO [10-01|20:02:43.214] Looking for peers                        peercount=36 tried=3 static=0
INFO [10-01|20:02:46.933] State heal in progress                   accounts=12482@732.05KiB slots=6671@523.77KiB codes=11108@94.31MiB nodes=267,316,420@77.62GiB pending=116,057
INFO [10-01|20:02:53.215] Looking for peers                        peercount=36 tried=2 static=0
INFO [10-01|20:02:54.990] Imported new block headers               count=1  elapsed=7.168ms   number=13,335,497 hash=c60d0a..6da8cc
INFO [10-01|20:02:55.120] State heal in progress                   accounts=12508@733.44KiB slots=6709@526.74KiB codes=11108@94.31MiB nodes=267,316,969@77.62GiB pending=116,553
INFO [10-01|20:02:58.184] Imported new block headers               count=1  elapsed=6.051ms   number=13,335,498 hash=3f55a7..416601
INFO [10-01|20:03:03.220] State heal in progress                   accounts=12540@735.36KiB slots=6737@528.91KiB codes=11108@94.31MiB nodes=267,317,534@77.62GiB pending=117,255
INFO [10-01|20:03:10.660] Imported new block headers               count=1  elapsed=6.201ms   number=13,335,499 hash=814ad9..06af74
INFO [10-01|20:03:13.588] State heal in progress                   accounts=12572@737.43KiB slots=6788@533.06KiB codes=11108@94.31MiB nodes=267,318,251@77.62GiB pending=117,989
INFO [10-01|20:03:13.847] Imported new block headers               count=1  elapsed=7.612ms   number=13,335,500 hash=2143bc..81a422
INFO [10-01|20:03:22.591] State heal in progress                   accounts=12623@740.32KiB slots=6948@545.98KiB codes=11108@94.31MiB nodes=267,319,080@77.62GiB pending=118,653
INFO [10-01|20:03:29.405] Imported new block headers               count=1  elapsed=6.387ms   number=13,335,501 hash=a5dafc..dd552f
INFO [10-01|20:03:30.601] State heal in progress                   accounts=12638@741.16KiB slots=7114@559.36KiB codes=11108@94.31MiB nodes=267,319,816@77.62GiB pending=119,047
INFO [10-01|20:03:32.631] Imported new block headers               count=1  elapsed=6.370ms   number=13,335,502 hash=a41f58..297352
INFO [10-01|20:03:39.042] State heal in progress                   accounts=12683@743.79KiB slots=7265@571.38KiB codes=11108@94.31MiB nodes=267,320,569@77.62GiB pending=119,463
INFO [10-01|20:03:48.246] Imported new block headers               count=1  elapsed=7.983ms   number=13,335,503 hash=002256..29ce06
INFO [10-01|20:03:48.368] State heal in progress                   accounts=12708@745.30KiB slots=7490@589.37KiB codes=11108@94.31MiB nodes=267,321,474@77.62GiB pending=119,919
INFO [10-01|20:03:48.860] Downloader queue stats                   receiptTasks=0  blockTasks=0  itemSize=227.94KiB throttle=1151
INFO [10-01|20:03:56.924] State heal in progress                   accounts=12742@747.32KiB slots=7906@623.07KiB codes=11108@94.31MiB nodes=267,322,634@77.62GiB pending=119,956
INFO [10-01|20:04:04.956] State heal in progress                   accounts=12757@748.10KiB slots=8281@653.41KiB codes=11108@94.31MiB nodes=267,323,707@77.62GiB pending=120,014
INFO [10-01|20:04:14.293] State heal in progress                   accounts=12818@751.48KiB slots=8483@669.54KiB codes=11108@94.31MiB nodes=267,324,526@77.62GiB pending=120,406
INFO [10-01|20:04:23.741] State heal in progress                   accounts=12849@753.28KiB slots=8693@686.42KiB codes=11108@94.31MiB nodes=267,325,323@77.62GiB pending=120,795
INFO [10-01|20:04:31.874] State heal in progress                   accounts=12859@753.83KiB slots=9000@711.29KiB codes=11108@94.31MiB nodes=267,326,142@77.62GiB pending=120,938
INFO [10-01|20:04:34.805] Imported new block headers               count=1  elapsed=8.630ms   number=13,335,504 hash=141dbf..b1bdf9 age=1m6s
INFO [10-01|20:04:40.551] State heal in progress                   accounts=12874@754.56KiB slots=9184@726.11KiB codes=11108@94.31MiB nodes=267,326,815@77.62GiB pending=121,263
INFO [10-01|20:04:41.171] Imported new block headers               count=1  elapsed=6.696ms   number=13,335,505 hash=ab513a..abde22 age=1m11s
INFO [10-01|20:04:44.357] Imported new block headers               count=1  elapsed=6.738ms   number=13,335,506 hash=4be594..979680
INFO [10-01|20:04:47.542] Imported new block headers               count=1  elapsed=6.266ms   number=13,335,507 hash=eaf263..9d33ce
INFO [10-01|20:04:49.092] State heal in progress                   accounts=12903@756.14KiB slots=9321@737.13KiB codes=11108@94.31MiB nodes=267,327,461@77.62GiB pending=121,696
INFO [10-01|20:04:50.729] Imported new block headers               count=1  elapsed=7.106ms   number=13,335,508 hash=9d1ef3..b03bab
INFO [10-01|20:04:50.910] Downloader queue stats                   receiptTasks=0  blockTasks=0  itemSize=256.82KiB throttle=1021
INFO [10-01|20:04:57.665] State heal in progress                   accounts=12904@756.25KiB slots=9590@758.79KiB codes=11108@94.31MiB nodes=267,328,239@77.62GiB pending=121,879
INFO [10-01|20:05:06.500] State heal in progress                   accounts=12914@756.68KiB slots=9881@782.32KiB codes=11108@94.31MiB nodes=267,329,071@77.62GiB pending=121,942
INFO [10-01|20:05:12.495] Imported new block headers               count=1  elapsed=6.580ms   number=13,335,509 hash=919094..4c8284
INFO [10-01|20:05:15.298] State heal in progress                   accounts=12934@757.97KiB slots=10186@807.06KiB codes=11108@94.31MiB nodes=267,329,956@77.62GiB pending=121,899
INFO [10-01|20:05:21.875] Imported new block headers               count=1  elapsed=6.695ms   number=13,335,510 hash=9f474a..f9be79
INFO [10-01|20:05:23.843] State heal in progress                   accounts=12944@758.64KiB slots=10456@828.90KiB codes=11108@94.31MiB nodes=267,330,809@77.62GiB pending=122,169
INFO [10-01|20:05:33.071] State heal in progress                   accounts=12948@758.88KiB slots=10824@858.34KiB codes=11108@94.31MiB nodes=267,331,787@77.62GiB pending=122,147
INFO [10-01|20:05:37.433] Imported new block headers               count=1  elapsed=6.182ms   number=13,335,511 hash=f54b45..a808e7
INFO [10-01|20:05:41.096] State heal in progress                   accounts=12952@759.05KiB slots=11195@888.32KiB codes=11108@94.31MiB nodes=267,332,699@77.62GiB pending=122,014
INFO [10-01|20:05:49.805] State heal in progress                   accounts=12957@759.34KiB slots=11588@919.95KiB codes=11108@94.31MiB nodes=267,333,676@77.62GiB pending=121,961
INFO [10-01|20:05:58.059] State heal in progress                   accounts=12967@759.89KiB slots=12015@954.24KiB codes=11108@94.31MiB nodes=267,334,668@77.62GiB pending=121,749
INFO [10-01|20:06:06.147] State heal in progress                   accounts=12968@759.99KiB slots=12442@988.46KiB codes=11108@94.31MiB nodes=267,335,659@77.62GiB pending=121,571