WARN [10-02|00:23:06.825] Unexpected trienode heal packet          peer=e46f5a16 reqid=2,173,626,740,713,840,911
INFO [10-02|00:23:13.005] State heal in progress                   accounts=97@6.07KiB slots=0@0.00B codes=11139@94.55MiB nodes=268,523,519@78.06GiB pending=117,179
WARN [10-02|00:23:13.006] Unexpected trienode heal packet          peer=b95813ac reqid=4,539,173,590,425,611,787
WARN [10-02|00:23:13.021] Unexpected trienode heal packet          peer=4fd7c503 reqid=8,210,453,502,262,399,706
INFO [10-02|00:23:14.410] Looking for peers                        peercount=35 tried=5 static=0
WARN [10-02|00:23:15.331] Unexpected trienode heal packet          peer=723fe928 reqid=4,205,583,478,811,553,107
WARN [10-02|00:23:15.335] Unexpected trienode heal packet          peer=3b50a6e7 reqid=3,389,882,220,379,054,200
INFO [10-02|00:23:21.011] State heal in progress                   accounts=253@14.75KiB slots=0@0.00B codes=11139@94.55MiB nodes=268,524,349@78.06GiB pending=117,520
INFO [10-02|00:23:24.413] Looking for peers                        peercount=36 tried=3 static=0
INFO [10-02|00:23:29.971] Imported new block headers               count=1   elapsed=8.215ms   number=13,336,667 hash=2bfa3d..27c05e age=1m5s
INFO [10-02|00:23:30.421] State heal in progress                   accounts=372@21.39KiB slots=0@0.00B codes=11139@94.55MiB nodes=268,525,170@78.06GiB pending=118,011
INFO [10-02|00:23:34.414] Looking for peers                        peercount=36 tried=2 static=0
INFO [10-02|00:23:39.384] State heal in progress                   accounts=480@27.35KiB slots=0@0.00B codes=11139@94.55MiB nodes=268,525,956@78.06GiB pending=118,561
INFO [10-02|00:23:44.416] Looking for peers                        peercount=36 tried=3 static=0
INFO [10-02|00:23:45.123] Imported new block headers               count=2   elapsed=12.570ms  number=13,336,669 hash=13a900..e35ec4
INFO [10-02|00:23:46.220] Downloader queue stats                   receiptTasks=0    blockTasks=0    itemSize=249.90KiB throttle=1050
INFO [10-02|00:23:49.067] State heal in progress                   accounts=607@34.57KiB slots=0@0.00B codes=11139@94.55MiB nodes=268,526,860@78.07GiB pending=119,184
INFO [10-02|00:23:51.206] Imported new block headers               count=1   elapsed=9.365ms   number=13,336,670 hash=f79193..941198
INFO [10-02|00:23:54.416] Looking for peers                        peercount=36 tried=3 static=0
WARN [10-02|00:23:56.425] Unexpected trienode heal packet          peer=b95813ac reqid=482,383,600,474,599,406
INFO [10-02|00:23:59.875] State heal in progress                   accounts=704@40.07KiB slots=0@0.00B codes=11139@94.55MiB nodes=268,527,750@78.07GiB pending=119,863
WARN [10-02|00:23:59.876] Unexpected trienode heal packet          peer=d059720a reqid=6,009,131,562,830,662,642
WARN [10-02|00:24:02.809] Unexpected trienode heal packet          peer=4fd7c503 reqid=6,222,513,755,832,885,816
INFO [10-02|00:24:04.417] Looking for peers                        peercount=36 tried=4 static=0
INFO [10-02|00:24:08.903] State heal in progress                   accounts=809@46.25KiB slots=0@0.00B codes=11139@94.55MiB nodes=268,528,549@78.07GiB pending=120,502
INFO [10-02|00:24:12.402] Imported new block headers               count=1   elapsed=7.243ms   number=13,336,671 hash=b06ac2..598d9b
INFO [10-02|00:24:14.419] Looking for peers                        peercount=36 tried=3 static=0
INFO [10-02|00:24:15.449] Imported new block headers               count=2   elapsed=6.419ms   number=13,336,673 hash=cda87b..e0131a
INFO [10-02|00:24:17.667] State heal in progress                   accounts=903@51.08KiB slots=0@0.00B codes=11139@94.55MiB nodes=268,529,321@78.07GiB pending=120,968
WARN [10-02|00:24:17.670] Unexpected bytecode heal packet          peer=723fe928 reqid=5,782,775,686,440,734,551
WARN [10-02|00:24:17.675] Unexpected trienode heal packet          peer=723fe928 reqid=4,226,294,043,473,362,428
WARN [10-02|00:24:20.182] Unexpected trienode heal packet          peer=1bd5ff4f reqid=5,844,630,554,934,052,351
WARN [10-02|00:24:20.825] Unexpected bytecode heal packet          peer=38c5e9b7 reqid=2,877,825,076,902,697,377
WARN [10-02|00:24:20.838] Unexpected trienode heal packet          peer=38c5e9b7 reqid=5,286,122,190,429,560,051
WARN [10-02|00:24:22.646] Unexpected trienode heal packet          peer=bedb21fb reqid=1,271,458,917,197,374,535
INFO [10-02|00:24:24.421] Looking for peers                        peercount=36 tried=4 static=0
INFO [10-02|00:24:24.548] Imported new block headers               count=1   elapsed=7.473ms   number=13,336,674 hash=74e190..a3cdea
WARN [10-02|00:24:25.579] Unexpected trienode heal packet          peer=3a362355 reqid=1,652,579,343,736,070,443
INFO [10-02|00:24:25.852] State heal in progress                   accounts=989@55.66KiB slots=0@0.00B codes=11141@94.57MiB nodes=268,530,005@78.07GiB pending=121,428
WARN [10-02|00:24:25.893] Unexpected bytecode heal packet          peer=b95813ac reqid=7,103,906,206,336,310,750
INFO [10-02|00:24:33.815] Imported new block headers               count=1   elapsed=6.614ms   number=13,336,675 hash=71ed6a..d3c346
INFO [10-02|00:24:34.132] State heal in progress                   accounts=1258@70.86KiB slots=0@0.00B codes=11142@94.59MiB nodes=268,531,088@78.07GiB pending=121,878
INFO [10-02|00:24:34.422] Looking for peers                        peercount=36 tried=3 static=0
INFO [10-02|00:24:42.163] State heal in progress                   accounts=1440@80.86KiB slots=0@0.00B codes=11142@94.59MiB nodes=268,531,951@78.07GiB pending=122,240
INFO [10-02|00:24:45.219] Looking for peers                        peercount=36 tried=3 static=0
INFO [10-02|00:24:51.659] State heal in progress                   accounts=1718@96.89KiB slots=0@0.00B codes=11142@94.59MiB nodes=268,533,016@78.07GiB pending=122,525
INFO [10-02|00:24:55.221] Looking for peers                        peercount=36 tried=2 static=0
INFO [10-02|00:25:01.079] Imported new block headers               count=1   elapsed=6.331ms   number=13,336,676 hash=b2bbca..d20758
INFO [10-02|00:25:01.193] State heal in progress                   accounts=1861@104.57KiB slots=0@0.00B codes=11142@94.59MiB nodes=268,533,945@78.07GiB pending=123,111
INFO [10-02|00:25:01.269] Downloader queue stats                   receiptTasks=0    blockTasks=0    itemSize=218.65KiB throttle=1199
INFO [10-02|00:25:04.130] Imported new block headers               count=1   elapsed=6.672ms   number=13,336,677 hash=a6cc61..e554b3
INFO [10-02|00:25:05.222] Looking for peers                        peercount=36 tried=3 static=0
INFO [10-02|00:25:09.223] State heal in progress                   accounts=2028@113.67KiB slots=0@0.00B codes=11142@94.59MiB nodes=268,534,825@78.07GiB pending=123,532
INFO [10-02|00:25:14.989] Imported new block headers               count=1   elapsed=8.040ms   number=13,336,678 hash=ea01f7..602434
INFO [10-02|00:25:15.222] Looking for peers                        peercount=36 tried=2 static=0
INFO [10-02|00:25:18.037] Imported new block headers               count=1   elapsed=5.808ms   number=13,336,679 hash=23e064..82145b
INFO [10-02|00:25:18.873] State heal in progress                   accounts=2217@124.78KiB slots=13@1.08KiB codes=11142@94.59MiB nodes=268,535,688@78.07GiB pending=124,472
INFO [10-02|00:25:21.096] Imported new block headers               count=1   elapsed=6.251ms   number=13,336,680 hash=980050..4831e7
INFO [10-02|00:25:25.223] Looking for peers                        peercount=36 tried=4 static=0
INFO [10-02|00:25:26.968] State heal in progress                   accounts=2845@159.39KiB slots=13@1.08KiB codes=11142@94.59MiB nodes=268,537,051@78.07GiB pending=123,775
INFO [10-02|00:25:35.225] Looking for peers                        peercount=36 tried=3 static=0
INFO [10-02|00:25:37.828] State heal in progress                   accounts=3293@184.65KiB slots=21@1.71KiB codes=11142@94.59MiB nodes=268,538,434@78.07GiB pending=123,956
INFO [10-02|00:25:45.226] Looking for peers                        peercount=36 tried=3 static=0
INFO [10-02|00:25:47.568] State heal in progress                   accounts=3541@199.49KiB slots=35@2.83KiB codes=11142@94.59MiB nodes=268,539,359@78.07GiB pending=124,949
INFO [10-02|00:25:55.721] State heal in progress                   accounts=4023@226.29KiB slots=44@3.58KiB codes=11143@94.60MiB nodes=268,540,598@78.07GiB pending=124,777
INFO [10-02|00:26:03.487] Imported new block headers               count=1   elapsed=6.465ms   number=13,336,681 hash=1eee25..8a1f0d
INFO [10-02|00:26:04.258] State heal in progress                   accounts=4347@243.65KiB slots=69@5.47KiB codes=11143@94.60MiB nodes=268,541,593@78.07GiB pending=124,982
INFO [10-02|00:26:04.319] Downloader queue stats                   receiptTasks=0    blockTasks=0    itemSize=204.77KiB throttle=1281
INFO [10-02|00:26:12.818] State heal in progress                   accounts=4497@251.89KiB slots=87@6.92KiB codes=11143@94.60MiB nodes=268,542,310@78.07GiB pending=125,674
INFO [10-02|00:26:15.889] Imported new block headers               count=1   elapsed=6.691ms   number=13,336,682 hash=42ce5f..002336 age=1m2s
WARN [10-02|00:26:16.391] Dropping unsynced node during sync       id=41b94bb9fbcf1b01 conn=inbound addr=52.189.68.73:1984     type=Geth/v1.10.10-unstab...
INFO [10-02|00:26:18.939] Imported new block headers               count=1   elapsed=7.649ms   number=13,336,683 hash=63ac25..0fa441 age=1m1s
INFO [10-02|00:26:21.361] State heal in progress                   accounts=4595@257.45KiB slots=114@9.11KiB codes=11143@94.60MiB nodes=268,542,924@78.07GiB pending=126,932
INFO [10-02|00:26:25.014] Imported new block headers               count=1   elapsed=7.243ms   number=13,336,684 hash=516682..84d929
INFO [10-02|00:26:29.478] State heal in progress                   accounts=5222@289.09KiB slots=135@10.81KiB codes=11143@94.60MiB nodes=268,544,376@78.07GiB pending=126,580
INFO [10-02|00:26:39.443] State heal in progress                   accounts=5605@308.86KiB slots=172@13.77KiB codes=11143@94.60MiB nodes=268,545,380@78.07GiB pending=126,489
INFO [10-02|00:26:40.170] Imported new block headers               count=1   elapsed=8.960ms   number=13,336,685 hash=0f0e7c..6fd63b
INFO [10-02|00:26:48.334] State heal in progress                   accounts=5810@318.91KiB slots=222@17.55KiB codes=11143@94.60MiB nodes=268,546,135@78.07GiB pending=126,536
INFO [10-02|00:26:56.863] State heal in progress                   accounts=5913@324.58KiB slots=250@19.72KiB codes=11143@94.60MiB nodes=268,546,719@78.07GiB pending=127,105
INFO [10-02|00:27:01.369] Imported new block headers               count=1   elapsed=8.138ms   number=13,336,686 hash=f6ae69..d0146b
INFO [10-02|00:27:07.953] State heal in progress                   accounts=5938@325.98KiB slots=300@23.62KiB codes=11143@94.60MiB nodes=268,547,307@78.07GiB pending=127,775
WARN [10-02|00:27:07.954] Unexpected trienode heal packet          peer=3a362355 reqid=7,293,545,632,366,113,683
INFO [10-02|00:27:19.502] State heal in progress                   accounts=6026@330.62KiB slots=337@26.71KiB codes=11143@94.60MiB nodes=268,548,018@78.07GiB pending=129,059
INFO [10-02|00:27:29.804] State heal in progress                   accounts=6245@342.27KiB slots=388@30.72KiB codes=11143@94.60MiB nodes=268,548,970@78.07GiB pending=129,732
INFO [10-02|00:27:38.012] State heal in progress                   accounts=6327@346.61KiB slots=444@34.95KiB codes=11143@94.60MiB nodes=268,549,576@78.07GiB pending=130,445
INFO [10-02|00:27:46.129] State heal in progress                   accounts=6373@348.97KiB slots=499@39.12KiB codes=11143@94.60MiB nodes=268,550,148@78.07GiB pending=130,904
INFO [10-02|00:27:46.771] Imported new block headers               count=1   elapsed=10.545ms  number=13,336,687 hash=85f4af..a79770 age=1m23s
INFO [10-02|00:27:48.410] Downloader queue stats                   receiptTasks=0    blockTasks=0    itemSize=241.54KiB throttle=1086
WARN [10-02|00:27:48.410] Pivot became stale, moving               old=13,336,561 new=13,336,625
INFO [10-02|00:27:48.626] Imported new block receipts              count=64  elapsed=212.163ms number=13,336,624 hash=c1e793..86a7e8 age=15m4s    size=8.98MiB
INFO [10-02|00:27:50.030] State heal in progress                   accounts=6374@349.01KiB slots=555@43.29KiB codes=11143@94.60MiB nodes=268,550,454@78.07GiB pending=131,063
WARN [10-02|00:27:50.051] Unexpected trienode heal packet          peer=2c7a3a0e reqid=9,213,975,058,383,467,685
WARN [10-02|00:27:50.057] Unexpected trienode heal packet          peer=b95813ac reqid=3,231,367,478,288,956,316
WARN [10-02|00:27:50.060] Unexpected bytecode heal packet          peer=2c7a3a0e reqid=1,084,224,860,896,537,643
WARN [10-02|00:27:50.140] Unexpected trienode heal packet          peer=3b50a6e7 reqid=7,080,943,935,252,029,071
WARN [10-02|00:27:50.170] Unexpected trienode heal packet          peer=9a32e383 reqid=619,111,389,728,295,167
WARN [10-02|00:27:50.194] Unexpected trienode heal packet          peer=785a93a6 reqid=2,755,289,188,799,077,786
WARN [10-02|00:27:50.240] Unexpected trienode heal packet          peer=45efa437 reqid=2,600,932,102,874,557,702
WARN [10-02|00:27:50.262] Unexpected trienode heal packet          peer=1bd5ff4f reqid=41,870,242,554,559,418
WARN [10-02|00:27:50.263] Unexpected trienode heal packet          peer=723fe928 reqid=263,471,307,923,085,613
WARN [10-02|00:27:50.266] Unexpected trienode heal packet          peer=3a362355 reqid=34,639,835,688,158,216
WARN [10-02|00:27:50.296] Unexpected trienode heal packet          peer=38c5e9b7 reqid=4,187,809,228,163,939,096
ERROR[10-02|00:27:58.471] Snapshot extension registration failed   peer=1504b9ca err="peer connected on snap without compatible eth support"
INFO [10-02|00:28:02.092] State heal in progress                   accounts=6374@349.01KiB slots=555@43.29KiB codes=11143@94.60MiB nodes=268,551,395@78.07GiB pending=12358
WARN [10-02|00:28:07.808] Unexpected trienode heal packet          peer=e46f5a16 reqid=6,320,171,000,762,253,630
WARN [10-02|00:28:08.099] Dropping unsynced node during sync       id=ffbbb7a1947fdad3 conn=inbound addr=78.47.168.244:53660   type=Geth/v1.9.20-stable-...
INFO [10-02|00:28:11.213] State heal in progress                   accounts=6374@349.01KiB slots=555@43.29KiB codes=11143@94.60MiB nodes=268,551,651@78.07GiB pending=13613
INFO [10-02|00:28:11.390] Imported new block headers               count=1   elapsed=9.160ms   number=13,336,688 hash=580e57..ddd10d age=1m37s
INFO [10-02|00:28:19.486] State heal in progress                   accounts=6374@349.01KiB slots=555@43.29KiB codes=11143@94.60MiB nodes=268,553,818@78.07GiB pending=46724
WARN [10-02|00:28:23.682] Unexpected trienode heal packet          peer=785a93a6 reqid=7,539,218,633,467,798,314