INFO [10-02|00:37:40.154] State heal in progress                   accounts=10979@569.93KiB slots=846@65.54KiB codes=11151@94.67MiB nodes=268,590,950@78.09GiB pending=169,256
INFO [10-02|00:37:50.105] State heal in progress                   accounts=11226@582.46KiB slots=931@71.83KiB codes=11151@94.67MiB nodes=268,591,936@78.09GiB pending=169,560
INFO [10-02|00:37:55.934] Imported new block headers               count=1   elapsed=6.955ms   number=13,336,728 hash=faabe9..f02f17 age=1m6s
INFO [10-02|00:37:56.460] Downloader queue stats                   receiptTasks=0    blockTasks=0    itemSize=225.35KiB throttle=1164
INFO [10-02|00:37:58.982] Imported new block headers               count=1   elapsed=6.350ms   number=13,336,729 hash=d3ddfb..9f5dde
INFO [10-02|00:37:59.222] State heal in progress                   accounts=11382@590.32KiB slots=1003@77.51KiB codes=11151@94.67MiB nodes=268,592,689@78.09GiB pending=170,094
INFO [10-02|00:38:08.082] Imported new block headers               count=1   elapsed=7.290ms   number=13,336,730 hash=0905a6..5de8eb age=1m1s
INFO [10-02|00:38:09.138] State heal in progress                   accounts=11593@601.22KiB slots=1113@85.80KiB codes=11151@94.67MiB nodes=268,593,695@78.09GiB pending=170,764
INFO [10-02|00:38:18.419] State heal in progress                   accounts=11752@609.75KiB slots=1223@94.09KiB codes=11151@94.67MiB nodes=268,594,567@78.09GiB pending=171,356
INFO [10-02|00:38:27.755] State heal in progress                   accounts=11877@615.96KiB slots=1341@103.03KiB codes=11151@94.67MiB nodes=268,595,371@78.09GiB pending=172,157
INFO [10-02|00:38:32.305] Imported new block headers               count=1   elapsed=6.321ms   number=13,336,731 hash=57c44f..27506d
INFO [10-02|00:38:37.744] State heal in progress                   accounts=12019@623.41KiB slots=1554@118.93KiB codes=11151@94.67MiB nodes=268,596,389@78.09GiB pending=172,694
INFO [10-02|00:38:47.846] State heal in progress                   accounts=12125@628.75KiB slots=1685@128.72KiB codes=11151@94.67MiB nodes=268,597,229@78.09GiB pending=173,286
INFO [10-02|00:38:56.885] State heal in progress                   accounts=12239@634.52KiB slots=1834@139.88KiB codes=11151@94.67MiB nodes=268,598,064@78.09GiB pending=173,645
INFO [10-02|00:39:05.211] State heal in progress                   accounts=12350@639.88KiB slots=2003@152.44KiB codes=11151@94.67MiB nodes=268,598,880@78.09GiB pending=174,010
INFO [10-02|00:39:13.332] State heal in progress                   accounts=12357@640.30KiB slots=2171@164.81KiB codes=11151@94.67MiB nodes=268,599,453@78.09GiB pending=174,308
INFO [10-02|00:39:23.202] State heal in progress                   accounts=12445@644.80KiB slots=2260@171.43KiB codes=11151@94.67MiB nodes=268,600,082@78.09GiB pending=174,573
INFO [10-02|00:39:32.766] State heal in progress                   accounts=12488@646.90KiB slots=2456@186.03KiB codes=11151@94.67MiB nodes=268,600,869@78.09GiB pending=175,030
INFO [10-02|00:39:32.824] Imported new block headers               count=1   elapsed=8.296ms   number=13,336,732 hash=3c6669..ba2aae age=1m36s
INFO [10-02|00:39:33.528] Downloader queue stats                   receiptTasks=0    blockTasks=0    itemSize=235.86KiB throttle=1112
INFO [10-02|00:39:41.608] State heal in progress                   accounts=12567@651.00KiB slots=2707@204.78KiB codes=11151@94.67MiB nodes=268,601,808@78.09GiB pending=175,329
INFO [10-02|00:39:47.974] Imported new block headers               count=1   elapsed=8.786ms   number=13,336,733 hash=744445..6a6c6e age=1m43s
INFO [10-02|00:39:49.689] State heal in progress                   accounts=12653@655.36KiB slots=2867@216.98KiB codes=11151@94.67MiB nodes=268,602,588@78.09GiB pending=175,652
INFO [10-02|00:39:58.286] State heal in progress                   accounts=12694@657.38KiB slots=3158@238.92KiB codes=11151@94.67MiB nodes=268,603,532@78.09GiB pending=175,981
INFO [10-02|00:40:07.195] State heal in progress                   accounts=12705@657.87KiB slots=3606@272.91KiB codes=11151@94.67MiB nodes=268,604,790@78.09GiB pending=176,172
INFO [10-02|00:40:12.192] Imported new block headers               count=1   elapsed=7.111ms   number=13,336,734 hash=bb1afe..bf20d3 age=1m47s
INFO [10-02|00:40:15.241] Imported new block headers               count=1   elapsed=7.491ms   number=13,336,735 hash=6a10c6..1fa623
INFO [10-02|00:40:15.260] State heal in progress                   accounts=12765@660.68KiB slots=3893@294.59KiB codes=11151@94.67MiB nodes=268,605,743@78.09GiB pending=176,367
INFO [10-02|00:40:23.347] State heal in progress                   accounts=12773@661.08KiB slots=4324@327.42KiB codes=11151@94.67MiB nodes=268,606,828@78.09GiB pending=176,547
INFO [10-02|00:40:24.338] Imported new block headers               count=1   elapsed=5.952ms   number=13,336,736 hash=c39e11..ce3d89
INFO [10-02|00:40:32.332] State heal in progress                   accounts=12782@661.53KiB slots=4742@359.49KiB codes=11151@94.67MiB nodes=268,607,934@78.09GiB pending=176,603
INFO [10-02|00:40:41.526] State heal in progress                   accounts=12809@662.99KiB slots=5157@390.98KiB codes=11151@94.67MiB nodes=268,609,018@78.09GiB pending=176,696
INFO [10-02|00:40:42.552] Imported new block headers               count=1   elapsed=6.798ms   number=13,336,737 hash=7539f9..5e6109
INFO [10-02|00:40:44.595] Downloader queue stats                   receiptTasks=0    blockTasks=0    itemSize=269.27KiB throttle=974
INFO [10-02|00:40:48.844] Imported new block headers               count=1   elapsed=6.236ms   number=13,336,738 hash=b3c3bf..4bef84
INFO [10-02|00:40:50.055] State heal in progress                   accounts=12815@663.36KiB slots=5710@434.03KiB codes=11151@94.67MiB nodes=268,610,273@78.09GiB pending=176,631
INFO [10-02|00:40:51.899] Imported new block headers               count=1   elapsed=6.272ms   number=13,336,739 hash=8fbe23..2be597
INFO [10-02|00:40:57.977] Imported new block headers               count=2   elapsed=7.769ms   number=13,336,741 hash=cd36e2..9a8c23
INFO [10-02|00:40:58.056] State heal in progress                   accounts=12839@664.51KiB slots=6157@468.16KiB codes=11151@94.67MiB nodes=268,611,368@78.09GiB pending=176,549
INFO [10-02|00:41:07.211] State heal in progress                   accounts=12859@665.50KiB slots=6711@510.85KiB codes=11151@94.67MiB nodes=268,612,651@78.09GiB pending=176,435
INFO [10-02|00:41:15.237] State heal in progress                   accounts=12875@666.43KiB slots=7175@546.19KiB codes=11151@94.67MiB nodes=268,613,755@78.09GiB pending=176,260
INFO [10-02|00:41:24.294] State heal in progress                   accounts=12905@668.06KiB slots=7627@581.16KiB codes=11151@94.67MiB nodes=268,614,872@78.09GiB pending=176,326
INFO [10-02|00:41:32.423] State heal in progress                   accounts=12922@668.97KiB slots=8112@618.65KiB codes=11151@94.67MiB nodes=268,615,968@78.09GiB pending=176,038
INFO [10-02|00:41:33.853] Imported new block headers               count=1   elapsed=13.311ms  number=13,336,742 hash=4aec04..df1dd5
INFO [10-02|00:41:36.918] Imported new block headers               count=1   elapsed=5.998ms   number=13,336,743 hash=1e8c7e..2df218
INFO [10-02|00:41:41.711] State heal in progress                   accounts=12940@670.10KiB slots=8607@656.79KiB codes=11151@94.67MiB nodes=268,617,079@78.09GiB pending=175,965
INFO [10-02|00:41:50.040] State heal in progress                   accounts=12947@670.41KiB slots=9073@692.63KiB codes=11151@94.67MiB nodes=268,618,189@78.09GiB pending=175,996
INFO [10-02|00:41:58.937] State heal in progress                   accounts=12951@670.59KiB slots=9554@729.51KiB codes=11151@94.67MiB nodes=268,619,312@78.09GiB pending=176,089
INFO [10-02|00:42:07.132] State heal in progress                   accounts=12952@670.63KiB slots=10050@768.09KiB codes=11151@94.67MiB nodes=268,620,411@78.09GiB pending=175,917
INFO [10-02|00:42:13.253] Imported new block headers               count=1   elapsed=6.600ms   number=13,336,744 hash=4d4dfe..50c854 age=1m17s
INFO [10-02|00:42:13.654] Downloader queue stats                   receiptTasks=0    blockTasks=0    itemSize=259.13KiB throttle=1012
INFO [10-02|00:42:15.631] State heal in progress                   accounts=12965@671.26KiB slots=10497@802.66KiB codes=11151@94.67MiB nodes=268,621,523@78.09GiB pending=175,943
INFO [10-02|00:42:24.314] State heal in progress                   accounts=12965@671.26KiB slots=10938@836.97KiB codes=11151@94.67MiB nodes=268,622,631@78.09GiB pending=175,914
INFO [10-02|00:42:31.425] Imported new block headers               count=1   elapsed=6.002ms   number=13,336,745 hash=302b64..14020a age=1m4s
INFO [10-02|00:42:32.522] State heal in progress                   accounts=12968@671.38KiB slots=11297@864.86KiB codes=11151@94.67MiB nodes=268,623,551@78.09GiB pending=175,917
INFO [10-02|00:42:34.474] Imported new block headers               count=1   elapsed=6.632ms   number=13,336,746 hash=5f143e..498b21 age=1m3s
INFO [10-02|00:42:42.101] State heal in progress                   accounts=12974@671.70KiB slots=11736@898.74KiB codes=11151@94.67MiB nodes=268,624,645@78.09GiB pending=175,703
INFO [10-02|00:42:46.596] Imported new block headers               count=1   elapsed=6.785ms   number=13,336,747 hash=c47ff7..7d9f5f
INFO [10-02|00:42:49.644] Imported new block headers               count=1   elapsed=6.972ms   number=13,336,748 hash=04f049..47ca19
INFO [10-02|00:42:50.110] State heal in progress                   accounts=12974@671.70KiB slots=12113@928.18KiB codes=11151@94.67MiB nodes=268,625,562@78.09GiB pending=175,609
INFO [10-02|00:42:58.871] Imported new block headers               count=1   elapsed=5.519ms   number=13,336,749 hash=c61de1..9156ec
INFO [10-02|00:42:59.742] State heal in progress                   accounts=12975@671.74KiB slots=12548@962.09KiB codes=11151@94.67MiB nodes=268,626,659@78.09GiB pending=175,576
INFO [10-02|00:43:08.468] State heal in progress                   accounts=12977@671.82KiB slots=13126@1006.17KiB codes=11151@94.67MiB nodes=268,627,920@78.09GiB pending=175,257
INFO [10-02|00:43:17.028] State heal in progress                   accounts=12980@671.95KiB slots=13591@1.02MiB    codes=11151@94.67MiB nodes=268,629,025@78.09GiB pending=175,112
INFO [10-02|00:43:25.381] State heal in progress                   accounts=13043@675.46KiB slots=14164@1.06MiB    codes=11151@94.67MiB nodes=268,630,287@78.09GiB pending=174,511