2021-07-28 15:27:30 UTC Syncing #12915205 0x0807…2f65     0.20 blk/s   40.2 tx/s    3.0 Mgas/s      0+    7 Qed Ancient:#7084860 LI:#12915213   32/50 peers      3 MiB chain    2 MiB queue  RPC:  0 conn,    0 req/s,    0 µs
2021-07-28 15:27:31 UTC Reorg to #12915206 0x2c3e…cfa6 (0x0807…2f65 #12915204 0x9333…91b7 0x5675…2428)
2021-07-28 15:27:35 UTC Syncing #12915207 0x69f4…df82     0.40 blk/s   60.0 tx/s    5.9 Mgas/s      0+    5 Qed Ancient:#7084862 LI:#12915213   31/50 peers      4 MiB chain    1 MiB queue  RPC:  0 conn,    0 req/s,    0 µs
2021-07-28 15:27:40 UTC Syncing #12915208 0xedde…ec49     0.20 blk/s   43.2 tx/s    3.0 Mgas/s      0+    4 Qed Ancient:#7084863 LI:#12915213   31/50 peers      4 MiB chain  916 KiB queue  RPC:  0 conn,    0 req/s,    0 µs
2021-07-28 15:28:13 UTC Imported #12915214 0x2324…0162 (315 txs, 14.97 Mgas, 6073 ms, 75.93 KiB)
2021-07-28 15:28:15 UTC  Ancient:#7085234 AB:#7088242   30/50 peers      7 MiB chain  0 bytes queue  RPC:  0 conn,    0 req/s,    0 µs
2021-07-28 15:28:20 UTC Imported #12915215 0x0e0a…9108 (235 txs, 14.98 Mgas, 4811 ms, 57.47 KiB)
2021-07-28 15:28:28 UTC Imported #12915216 0xc09d…cd5b (178 txs, 14.99 Mgas, 6153 ms, 77.17 KiB)
2021-07-28 15:28:45 UTC  Ancient:#7086393 AB:#7088263   29/50 peers     38 KiB chain  0 bytes queue  RPC:  0 conn,    0 req/s,    0 µs
2021-07-28 15:28:51 UTC Imported #12915217 0x578e…5c4b (253 txs, 15.00 Mgas, 9297 ms, 58.64 KiB)
2021-07-28 15:29:18 UTC  Ancient:#7088067 AB:#7088263   29/50 peers     18 MiB chain  0 bytes queue  RPC:  0 conn,    0 req/s,    0 µs
2021-07-28 15:29:38 UTC Imported #12915218 0x523c…713f (271 txs, 14.97 Mgas, 21698 ms, 62.36 KiB)
2021-07-28 15:29:49 UTC  Ancient:#7088625 AB:#7089405   28/50 peers      5 MiB chain  213 KiB queue  RPC:  0 conn,    0 req/s,    0 µs
2021-07-28 15:30:22 UTC  Ancient:#7088934 AB:#7090041   28/50 peers      5 MiB chain  203 KiB queue  RPC:  0 conn,    0 req/s,    0 µs
2021-07-28 15:30:50 UTC  Ancient:#7088934 AB:#7091184   27/50 peers      5 MiB chain  738 KiB queue  RPC:  0 conn,    0 req/s,    0 µs
2021-07-28 15:31:09 UTC Reorg to #12915222 0x088e…9642 (0x40b1…9ab7 #12915220 0x5338…2b53 0xaa23…9779)
2021-07-28 15:31:14 UTC Imported #12915223 0x5b74…507b (270 txs, 14.97 Mgas, 5212 ms, 53.66 KiB)
2021-07-28 15:31:36 UTC  Ancient:#7089891 AB:#7091642   27/50 peers     19 MiB chain  393 KiB queue  RPC:  0 conn,    0 req/s,    0 µs
2021-07-28 15:32:10 UTC  Ancient:#7089980 AB:#7092801   28/50 peers    646 KiB chain  190 KiB queue  RPC:  0 conn,    0 req/s,    0 µs
2021-07-28 15:32:34 UTC Reorg to #12915227 0x528c…ee6a (0xf169…9472 #12915225 0x92f0…597d 0x4759…2d16)
2021-07-28 15:32:44 UTC  Ancient:#7089986 AB:#7093772   28/50 peers      2 MiB chain  0 bytes queue  RPC:  0 conn,    0 req/s,    0 µs
2021-07-28 15:32:51 UTC Imported #12915228 0xa294…a7f3 (246 txs, 14.93 Mgas, 16370 ms, 68.81 KiB)
2021-07-28 15:33:18 UTC  Ancient:#7091914 AB:#7093772   26/50 peers      2 MiB chain  428 KiB queue  RPC:  0 conn,    0 req/s,    0 µs
2021-07-28 15:33:50 UTC Imported #12915233 0x0d26…f882 (177 txs, 14.97 Mgas, 6798 ms, 42.16 KiB)
2021-07-28 15:33:52 UTC  Ancient:#7092049 AB:#7096015   24/25 peers      5 MiB chain  0 bytes queue  RPC:  0 conn,    0 req/s,    0 µs
2021-07-28 15:33:58 UTC Imported #12915234 0xce02…6fcc (147 txs, 14.95 Mgas, 4525 ms, 42.95 KiB)
2021-07-28 15:34:09 UTC Imported #12915235 0x4ede…ba80 (110 txs, 14.94 Mgas, 7189 ms, 28.29 KiB)