2021-09-22 04:23:41 UTC Syncing #13273406 0x998e…b3fc     0.20 blk/s   31.2 tx/s    2.3 Mgas/s      0+    6 Qed Ancient:#5705824 LI:#13273411   16/25 peers      5 MiB chain    2 MiB queue  RPC:  0 conn,    0 req/s,    0 µs
2021-09-22 04:23:46 UTC Syncing #13273408 0xde6f…6d6b     0.60 blk/s   49.8 tx/s    4.1 Mgas/s      0+    4 Qed Ancient:#5705831 LI:#13273412   16/25 peers      6 MiB chain    2 MiB queue  RPC:  0 conn,    0 req/s,    0 µs
2021-09-22 04:24:20 UTC  Ancient:#5705836 AB:#5709128   17/25 peers      6 MiB chain  0 bytes queue  RPC:  0 conn,    0 req/s,    0 µs
2021-09-22 04:24:34 UTC Imported #13273414 0xe435…df0b (31 txs, 2.39 Mgas, 946 ms, 11.07 KiB)
2021-09-22 04:24:44 UTC Imported #13273415 0xe133…e66a (115 txs, 10.90 Mgas, 5315 ms, 57.84 KiB)
2021-09-22 04:24:52 UTC  Ancient:#5709128 AB:#5709128   14/25 peers      2 MiB chain  0 bytes queue  RPC:  0 conn,    0 req/s,    0 µs
2021-09-22 04:25:22 UTC  Ancient:#5709128 AB:#5711513   14/25 peers      2 MiB chain  160 KiB queue  RPC:  0 conn,    0 req/s,    0 µs
2021-09-22 04:25:55 UTC Syncing #13273416 0x0221…0705     0.04 blk/s   12.3 tx/s    1.2 Mgas/s      0+    4 Qed Ancient:#5709129 LI:#13273421   13/25 peers      2 MiB chain  606 KiB queue  RPC:  0 conn,    0 req/s,    0 µs
2021-09-22 04:26:01 UTC Syncing #13273417 0x8a0d…82e1     0.09 blk/s    9.3 tx/s    1.0 Mgas/s      0+    6 Qed Ancient:#5709130 LI:#13273423   15/25 peers      2 MiB chain  806 KiB queue  RPC:  0 conn,    0 req/s,    0 µs
2021-09-22 04:26:01 UTC Syncing #13273417 0x8a0d…82e1     0.00 blk/s    0.0 tx/s    0.0 Mgas/s      0+    6 Qed Ancient:#5709389 LI:#13273423   15/25 peers      5 MiB chain  806 KiB queue  RPC:  0 conn,    0 req/s,    0 µs
2021-09-22 04:26:17 UTC Syncing #13273418 0x1983…8e99     0.10 blk/s    2.4 tx/s    0.2 Mgas/s      0+    6 Qed Ancient:#5709391 LI:#13273425   13/25 peers      5 MiB chain  800 KiB queue  RPC:  0 conn,    0 req/s,    0 µs
2021-09-22 04:26:17 UTC Syncing #13273418 0x1983…8e99     0.00 blk/s    0.0 tx/s    0.0 Mgas/s      0+    6 Qed Ancient:#5709391 LI:#13273425   13/25 peers      5 MiB chain  800 KiB queue  RPC:  0 conn,    0 req/s,    0 µs
2021-09-22 04:26:21 UTC Syncing #13273418 0x1983…8e99     0.00 blk/s    0.0 tx/s    0.0 Mgas/s      0+    9 Qed Ancient:#5709391 LI:#13273428   13/25 peers      5 MiB chain    1 MiB queue  RPC:  0 conn,    0 req/s,    0 µs
2021-09-22 04:26:28 UTC Syncing #13273418 0x1983…8e99     0.00 blk/s    0.0 tx/s    0.0 Mgas/s      0+    9 Qed Ancient:#5709391 LI:#13273428   15/25 peers      5 MiB chain    1 MiB queue  RPC:  0 conn,    0 req/s,    0 µs
2021-09-22 04:26:33 UTC Syncing #13273418 0x1983…8e99     0.00 blk/s    0.0 tx/s    0.0 Mgas/s      0+   10 Qed Ancient:#5709391 LI:#13273429   15/25 peers      5 MiB chain    2 MiB queue  RPC:  0 conn,    0 req/s,    0 µs
2021-09-22 04:26:43 UTC Syncing #13273420 0x88fc…c56d     0.20 blk/s   34.1 tx/s    2.8 Mgas/s      0+    8 Qed Ancient:#5709393 LI:#13273429   14/25 peers      5 MiB chain    1 MiB queue  RPC:  0 conn,    0 req/s,    0 µs
2021-09-22 04:26:43 UTC Syncing #13273419 0x23da…3a60     0.20 blk/s   63.2 tx/s    5.1 Mgas/s      0+    9 Qed Ancient:#5709392 LI:#13273429   14/25 peers      5 MiB chain    1 MiB queue  RPC:  0 conn,    0 req/s,    0 µs
2021-09-22 04:26:49 UTC Syncing #13273421 0x1168…6c86     0.40 blk/s   13.2 tx/s    1.3 Mgas/s      0+    7 Qed Ancient:#5709394 LI:#13273429   13/25 peers      5 MiB chain    1 MiB queue  RPC:  0 conn,    0 req/s,    0 µs
2021-09-22 04:27:08 UTC Syncing #13273421 0x1168…6c86     0.00 blk/s    0.0 tx/s    0.0 Mgas/s      0+    8 Qed Ancient:#5709394 LI:#13273430   13/25 peers      5 MiB chain    2 MiB queue  RPC:  0 conn,    0 req/s,    0 µs
2021-09-22 04:27:08 UTC Syncing #13273421 0x1168…6c86     0.00 blk/s    0.0 tx/s    0.0 Mgas/s      0+    8 Qed Ancient:#5709394 LI:#13273432   13/25 peers      5 MiB chain    2 MiB queue  RPC:  0 conn,    0 req/s,    0 µs
2021-09-22 04:27:08 UTC Syncing #13273421 0x1168…6c86     0.00 blk/s    0.0 tx/s    0.0 Mgas/s      0+   10 Qed Ancient:#5709394 LI:#13273432   13/25 peers      5 MiB chain    2 MiB queue  RPC:  0 conn,    0 req/s,    0 µs
2021-09-22 04:27:11 UTC Syncing #13273421 0x1168…6c86     0.00 blk/s    0.0 tx/s    0.0 Mgas/s      0+   10 Qed Ancient:#5709394 LI:#13273432   13/25 peers      5 MiB chain    2 MiB queue  RPC:  0 conn,    0 req/s,    0 µs
2021-09-22 04:27:16 UTC Syncing #13273421 0x1168…6c86     0.00 blk/s    0.0 tx/s    0.0 Mgas/s      0+   11 Qed Ancient:#5709394 LI:#13273433   13/25 peers      5 MiB chain    3 MiB queue  RPC:  0 conn,    0 req/s,    0 µs
2021-09-22 04:27:21 UTC Syncing #13273421 0x1168…6c86     0.00 blk/s    0.0 tx/s    0.0 Mgas/s      0+   11 Qed Ancient:#5709394 LI:#13273433    9/25 peers      5 MiB chain    3 MiB queue  RPC:  0 conn,    0 req/s,    0 µs
2021-09-22 04:27:31 UTC Syncing #13273421 0x1168…6c86     0.00 blk/s    0.0 tx/s    0.0 Mgas/s      0+   12 Qed Ancient:#5709394 LI:#13273434    9/25 peers      5 MiB chain    3 MiB queue  RPC:  0 conn,    0 req/s,    0 µs
2021-09-22 04:27:31 UTC Syncing #13273421 0x1168…6c86     0.00 blk/s    0.0 tx/s    0.0 Mgas/s      0+   12 Qed Ancient:#5709394 LI:#13273434    9/25 peers      5 MiB chain    3 MiB queue  RPC:  0 conn,    0 req/s,    0 µs
2021-09-22 04:27:36 UTC Syncing #13273421 0x1168…6c86     0.00 blk/s    0.0 tx/s    0.0 Mgas/s      0+   12 Qed Ancient:#5709394 LI:#13273434    9/25 peers      5 MiB chain    3 MiB queue  RPC:  0 conn,    0 req/s,    0 µs
2021-09-22 04:27:45 UTC Syncing #13273423 0xdb12…bac8     0.40 blk/s   32.2 tx/s    3.4 Mgas/s      0+   11 Qed Ancient:#5709396 LI:#13273434    9/25 peers      5 MiB chain    3 MiB queue  RPC:  0 conn,    0 req/s,    0 µs
2021-09-22 04:27:55 UTC Syncing #13273423 0xdb12…bac8     0.00 blk/s    0.0 tx/s    0.0 Mgas/s      0+   10 Qed Ancient:#5709397 LI:#13273434    9/25 peers      5 MiB chain    3 MiB queue  RPC:  0 conn,    0 req/s,    0 µs
2021-09-22 04:27:55 UTC Syncing #13273423 0xdb12…bac8     0.00 blk/s    0.0 tx/s    0.0 Mgas/s      0+   10 Qed Ancient:#5709397 LI:#13273434    9/25 peers      5 MiB chain    3 MiB queue  RPC:  0 conn,    0 req/s,    0 µs
2021-09-22 04:28:04 UTC Syncing #13273424 0xcee3…b359     0.10 blk/s    9.4 tx/s    1.1 Mgas/s      0+    9 Qed Ancient:#5709398 LI:#13273434    9/25 peers      5 MiB chain    2 MiB queue  RPC:  0 conn,    0 req/s,    0 µs
2021-09-22 04:28:04 UTC Syncing #13273424 0xcee3…b359     0.20 blk/s   18.8 tx/s    2.1 Mgas/s      0+    9 Qed Ancient:#5709398 LI:#13273434    9/25 peers      5 MiB chain    2 MiB queue  RPC:  0 conn,    0 req/s,    0 µs
2021-09-22 04:28:06 UTC Syncing #13273424 0xcee3…b359     0.00 blk/s    0.0 tx/s    0.0 Mgas/s      0+    9 Qed Ancient:#5709398 LI:#13273434    9/25 peers      5 MiB chain    2 MiB queue  RPC:  0 conn,    0 req/s,    0 µs
2021-09-22 04:28:14 UTC Syncing #13273425 0x3252…5412     0.20 blk/s   27.8 tx/s    2.6 Mgas/s      0+    8 Qed Ancient:#5709400 LI:#13273434    9/25 peers      5 MiB chain    2 MiB queue  RPC:  0 conn,    0 req/s,    0 µs
2021-09-22 04:28:26 UTC Syncing #13273426 0x4ac9…2b96     0.10 blk/s    9.7 tx/s    1.0 Mgas/s      0+    8 Qed Ancient:#5709402 LI:#13273435    8/25 peers      5 MiB chain    2 MiB queue  RPC:  0 conn,    0 req/s,    0 µs
2021-09-22 04:28:26 UTC Syncing #13273426 0x4ac9…2b96     0.00 blk/s    0.0 tx/s    0.0 Mgas/s      0+    8 Qed Ancient:#5709402 LI:#13273435    8/25 peers      5 MiB chain    2 MiB queue  RPC:  0 conn,    0 req/s,    0 µs
2021-09-22 04:28:26 UTC Syncing #13273426 0x4ac9…2b96     0.20 blk/s   19.4 tx/s    2.0 Mgas/s      0+    8 Qed Ancient:#5709402 LI:#13273435    8/25 peers      5 MiB chain    2 MiB queue  RPC:  0 conn,    0 req/s,    0 µs
2021-09-22 04:28:38 UTC Syncing #13273428 0xffa8…2a3a     0.20 blk/s   14.1 tx/s    1.6 Mgas/s      0+    7 Qed Ancient:#5709404 LI:#13273436    7/25 peers      5 MiB chain    2 MiB queue  RPC:  0 conn,    0 req/s,    0 µs
2021-09-22 04:28:38 UTC Syncing #13273428 0xffa8…2a3a     0.40 blk/s   28.2 tx/s    3.3 Mgas/s      0+    7 Qed Ancient:#5709404 LI:#13273436    7/25 peers      5 MiB chain    2 MiB queue  RPC:  0 conn,    0 req/s,    0 µs
2021-09-22 04:28:44 UTC Syncing #13273428 0xffa8…2a3a     0.00 blk/s    0.0 tx/s    0.0 Mgas/s      0+    7 Qed Ancient:#5709404 LI:#13273436    7/25 peers      5 MiB chain    2 MiB queue  RPC:  0 conn,    0 req/s,    0 µs
2021-09-22 04:28:46 UTC Syncing #13273428 0xffa8…2a3a     0.00 blk/s    0.0 tx/s    0.0 Mgas/s      0+    8 Qed Ancient:#5709404 LI:#13273437    7/25 peers      5 MiB chain    3 MiB queue  RPC:  0 conn,    0 req/s,    0 µs
2021-09-22 04:28:51 UTC Syncing #13273428 0xffa8…2a3a     0.00 blk/s    0.0 tx/s    0.0 Mgas/s      0+    8 Qed Ancient:#5709404 LI:#13273437    7/25 peers      5 MiB chain    3 MiB queue  RPC:  0 conn,    0 req/s,    0 µs
2021-09-22 04:28:56 UTC Syncing #13273428 0xffa8…2a3a     0.00 blk/s    0.0 tx/s    0.0 Mgas/s      0+    8 Qed Ancient:#5709404 LI:#13273437    9/25 peers      5 MiB chain    3 MiB queue  RPC:  0 conn,    0 req/s,    0 µs
2021-09-22 04:29:07 UTC Syncing #13273429 0x9d46…2991     0.09 blk/s   24.4 tx/s    2.6 Mgas/s      0+    8 Qed Ancient:#5709405 LI:#13273437   11/25 peers      5 MiB chain    3 MiB queue  RPC:  0 conn,    0 req/s,    0 µs
2021-09-22 04:29:27 UTC Syncing #13273429 0x9d46…2991     0.00 blk/s    0.0 tx/s    0.0 Mgas/s      0+   11 Qed Ancient:#5710077 LI:#13273440   10/25 peers      7 MiB chain    3 MiB queue  RPC:  0 conn,    0 req/s,    0 µs
2021-09-22 04:29:56 UTC Syncing #13273429 0x9d46…2991     0.00 blk/s    0.0 tx/s    0.0 Mgas/s      0+   12 Qed Ancient:#5710340 LI:#13273442    9/25 peers      5 MiB chain    3 MiB queue  RPC:  0 conn,    0 req/s,    0 µs
2021-09-22 04:29:56 UTC Syncing #13273429 0x9d46…2991     0.00 blk/s    0.0 tx/s    0.0 Mgas/s      0+   12 Qed Ancient:#5710340 LI:#13273442    9/25 peers      5 MiB chain    3 MiB queue  RPC:  0 conn,    0 req/s,    0 µs
2021-09-22 04:30:08 UTC Syncing #13273430 0x34fd…c29c     0.21 blk/s   59.9 tx/s    4.7 Mgas/s      0+   12 Qed Ancient:#5710341 LI:#13273444    9/25 peers      5 MiB chain    3 MiB queue  RPC:  0 conn,    0 req/s,    0 µs
2021-09-22 04:30:08 UTC Syncing #13273430 0x34fd…c29c     0.00 blk/s    0.0 tx/s    0.0 Mgas/s      0+   12 Qed Ancient:#5710341 LI:#13273444    9/25 peers      5 MiB chain    3 MiB queue  RPC:  0 conn,    0 req/s,    0 µs
2021-09-22 04:30:17 UTC Syncing #13273431 0x188d…a3d8     0.41 blk/s   42.7 tx/s    6.3 Mgas/s      0+   12 Qed Ancient:#5710342 LI:#13273444    9/25 peers      5 MiB chain    3 MiB queue  RPC:  0 conn,    0 req/s,    0 µs
2021-09-22 04:30:17 UTC Syncing #13273432 0xe78c…deb7     0.16 blk/s    9.3 tx/s    1.1 Mgas/s      0+   11 Qed Ancient:#5710343 LI:#13273444    9/25 peers      5 MiB chain    3 MiB queue  RPC:  0 conn,    0 req/s,    0 µs
2021-09-22 04:30:25 UTC Syncing #13273432 0xe78c…deb7     0.00 blk/s    0.0 tx/s    0.0 Mgas/s      0+   12 Qed Ancient:#5710343 LI:#13273445    9/25 peers      5 MiB chain    3 MiB queue  RPC:  0 conn,    0 req/s,    0 µs
2021-09-22 04:30:26 UTC Syncing #13273432 0xe78c…deb7     0.00 blk/s    0.0 tx/s    0.0 Mgas/s      0+   14 Qed Ancient:#5710343 LI:#13273446    9/25 peers      5 MiB chain    3 MiB queue  RPC:  0 conn,    0 req/s,    0 µs
2021-09-22 04:30:31 UTC Syncing #13273432 0xe78c…deb7     0.00 blk/s    0.0 tx/s    0.0 Mgas/s      0+   14 Qed Ancient:#5710343 LI:#13273446    8/25 peers      5 MiB chain    3 MiB queue  RPC:  0 conn,    0 req/s,    0 µs
2021-09-22 04:30:51 UTC Syncing #13273433 0x5048…8d19     0.20 blk/s  133.4 tx/s    6.0 Mgas/s      0+   13 Qed Ancient:#5710344 LI:#13273446    8/25 peers      5 MiB chain    3 MiB queue  RPC:  0 conn,    0 req/s,    0 µs
2021-09-22 04:30:52 UTC Syncing #13273433 0x5048…8d19     0.10 blk/s   66.7 tx/s    3.0 Mgas/s      0+   13 Qed Ancient:#5710344 LI:#13273447    8/25 peers      5 MiB chain    3 MiB queue  RPC:  0 conn,    0 req/s,    0 µs
2021-09-22 04:30:52 UTC Syncing #13273433 0x5048…8d19     0.00 blk/s    0.0 tx/s    0.0 Mgas/s      0+   16 Qed Ancient:#5710344 LI:#13273449    8/25 peers      5 MiB chain    4 MiB queue  RPC:  0 conn,    0 req/s,    0 µs