INFO [05-11|22:28:47.844] Initializing state bloom                 items=247971187 errorrate=0.000 elapsed=16m5.869s
INFO [05-11|22:28:48.799] Imported new state entries               count=384  elapsed="3.2µs"     processed=605965735 pending=48175 trieretry=0   coderetry=0 duplicate=0 unexpected=388
INFO [05-11|22:28:52.310] Imported new state entries               count=384  elapsed="3.8µs"     processed=605966119 pending=48719 trieretry=0   coderetry=0 duplicate=0 unexpected=388
INFO [05-11|22:28:55.707] Imported new state entries               count=384  elapsed="2.6µs"     processed=605966503 pending=49240 trieretry=0   coderetry=0 duplicate=0 unexpected=388
INFO [05-11|22:28:55.844] Initializing state bloom                 items=248006157 errorrate=0.000 elapsed=16m13.869s
INFO [05-11|22:28:57.793] Imported new state entries               count=229  elapsed="2.6µs"     processed=605966732 pending=49526 trieretry=0   coderetry=0 duplicate=0 unexpected=388
INFO [05-11|22:29:01.567] Imported new state entries               count=384  elapsed="3.5µs"     processed=605967116 pending=50077 trieretry=0   coderetry=0 duplicate=0 unexpected=388
INFO [05-11|22:29:03.844] Initializing state bloom                 items=248039621 errorrate=0.000 elapsed=16m21.869s
INFO [05-11|22:29:04.996] Imported new state entries               count=384  elapsed="3.1µs"     processed=605967500 pending=50625 trieretry=0   coderetry=0 duplicate=0 unexpected=388
INFO [05-11|22:29:05.205] Imported new block headers               count=1    elapsed=172.047ms   number=12415817 hash="6e4fba…990455"
INFO [05-11|22:29:08.646] Imported new state entries               count=384  elapsed="2.2µs"     processed=605967884 pending=51181 trieretry=0   coderetry=0 duplicate=0 unexpected=388
INFO [05-11|22:29:11.546] Imported new block headers               count=1    elapsed=18.005ms    number=12415818 hash="2a2e96…350e61"
INFO [05-11|22:29:11.844] Initializing state bloom                 items=248073902 errorrate=0.000 elapsed=16m29.869s
INFO [05-11|22:29:12.045] Downloader queue stats                   receiptTasks=0   blockTasks=0  itemSize=259.51KiB throttle=253
INFO [05-11|22:29:12.213] Imported new state entries               count=384  elapsed="2.3µs"     processed=605968268 pending=51749 trieretry=0   coderetry=0 duplicate=0 unexpected=388
INFO [05-11|22:29:14.393] Imported new state entries               count=267  elapsed="4µs"       processed=605968535 pending=52083 trieretry=117 coderetry=0 duplicate=0 unexpected=388
INFO [05-11|22:29:14.862] Imported new block headers               count=1    elapsed=8.211ms     number=12415819 hash="fbb3ab…d0a518"
INFO [05-11|22:29:19.844] Initializing state bloom                 items=248109053 errorrate=0.000 elapsed=16m37.869s
INFO [05-11|22:29:21.347] Imported new block headers               count=1    elapsed=8.652ms     number=12415820 hash="72cdfd…94989d"
INFO [05-11|22:29:21.892] Imported new state entries               count=384  elapsed="3.4µs"     processed=605968919 pending=52511 trieretry=0   coderetry=0 duplicate=0 unexpected=388
INFO [05-11|22:29:27.845] Initializing state bloom                 items=248143584 errorrate=0.000 elapsed=16m45.870s
INFO [05-11|22:29:28.088] Imported new state entries               count=384  elapsed="3.4µs"     processed=605969303 pending=52946 trieretry=0   coderetry=0 duplicate=0 unexpected=388
INFO [05-11|22:29:31.005] Imported new block headers               count=1    elapsed=9.619ms     number=12415821 hash="b55771…3bafa3"
INFO [05-11|22:29:35.434] Imported new state entries               count=384  elapsed="3.7µs"     processed=605969687 pending=53383 trieretry=0   coderetry=0 duplicate=0 unexpected=388
INFO [05-11|22:29:35.846] Initializing state bloom                 items=248177443 errorrate=0.000 elapsed=16m53.871s
INFO [05-11|22:29:37.490] Imported new block headers               count=1    elapsed=7.475ms     number=12415822 hash="65e35e…7fe79b"
INFO [05-11|22:29:40.800] Imported new state entries               count=284  elapsed="3.4µs"     processed=605969971 pending=53695 trieretry=0   coderetry=0 duplicate=0 unexpected=388
INFO [05-11|22:29:43.861] Initializing state bloom                 items=248210734 errorrate=0.000 elapsed=17m1.886s
INFO [05-11|22:29:43.984] Imported new block headers               count=1    elapsed=8.716ms     number=12415823 hash="acc11b…a25048"
INFO [05-11|22:29:45.775] Imported new state entries               count=384  elapsed="3.3µs"     processed=605970355 pending=54150 trieretry=382 coderetry=0 duplicate=0 unexpected=388
INFO [05-11|22:29:49.577] Imported new state entries               count=323  elapsed="2.6µs"     processed=605970678 pending=54553 trieretry=0   coderetry=0 duplicate=0 unexpected=388
INFO [05-11|22:29:51.861] Initializing state bloom                 items=248245511 errorrate=0.000 elapsed=17m9.886s
INFO [05-11|22:29:53.205] Imported new state entries               count=298  elapsed="2.3µs"     processed=605970976 pending=54892 trieretry=2   coderetry=0 duplicate=0 unexpected=388
INFO [05-11|22:29:53.207] Imported new state entries               count=0    elapsed="7.2µs"     processed=605970976 pending=54892 trieretry=4   coderetry=0 duplicate=0 unexpected=390
INFO [05-11|22:29:57.748] Imported new state entries               count=384  elapsed="4.3µs"     processed=605971360 pending=55355 trieretry=383 coderetry=0 duplicate=0 unexpected=390
INFO [05-11|22:29:59.862] Initializing state bloom                 items=248281312 errorrate=0.000 elapsed=17m17.887s
INFO [05-11|22:29:59.976] Imported new block headers               count=1    elapsed=8.234ms     number=12415824 hash="08a145…237c05"
INFO [05-11|22:30:00.136] Imported new block headers               count=1    elapsed=6.886ms     number=12415825 hash="8c33e0…218661"
INFO [05-11|22:30:01.891] Imported new state entries               count=384  elapsed="2.7µs"     processed=605971744 pending=55873 trieretry=0   coderetry=0 duplicate=0 unexpected=390
INFO [05-11|22:30:05.959] Imported new state entries               count=384  elapsed="3.8µs"     processed=605972128 pending=56427 trieretry=0   coderetry=0 duplicate=0 unexpected=390
WARN [05-11|22:30:05.962] Stalling state sync, dropping peer       peer=16f560d58944e0d80848aee1b33497c78a6d130419bac43b3e6706ce23b974dc
ERROR[05-11|22:30:05.975] Ethereum peer removal failed             peer=16f560d5 err="peer not registered"
INFO [05-11|22:30:07.865] Initializing state bloom                 items=248314157 errorrate=0.000 elapsed=17m25.890s
INFO [05-11|22:30:09.512] Imported new state entries               count=384  elapsed="3.2µs"     processed=605972512 pending=56946 trieretry=2   coderetry=0 duplicate=0 unexpected=390
INFO [05-11|22:30:12.689] Imported new state entries               count=384  elapsed="3.6µs"     processed=605972896 pending=57560 trieretry=0   coderetry=0 duplicate=0 unexpected=390
WARN [05-11|22:30:13.004] Dropping unsynced node during sync       id=64a1f5ec586614cd conn=inbound addr=89.77.114.120:46492   type=OpenEthereum/v3.2.4-...
INFO [05-11|22:30:15.867] Initializing state bloom                 items=248348534 errorrate=0.000 elapsed=17m33.892s
INFO [05-11|22:30:16.187] Imported new state entries               count=384  elapsed="3.3µs"     processed=605973280 pending=58123 trieretry=0   coderetry=0 duplicate=0 unexpected=390
WARN [05-11|22:30:17.183] Dropping unsynced node during sync       id=0fd4aa56e59613e8 conn=inbound addr=47.251.33.122:52892   type=
WARN [05-11|22:30:18.386] Checkpoint challenge timed out, dropping id=e06587e462018366 conn=inbound addr=123.118.132.179:54324 type=OpenEthereum/v3.2.3-...
ERROR[05-11|22:30:18.386] Ethereum peer removal failed             peer=e06587e4 err="peer not registered"
INFO [05-11|22:30:21.516] Imported new state entries               count=384  elapsed="4.001µs"   processed=605973664 pending=58704 trieretry=0   coderetry=0 duplicate=0 unexpected=390
INFO [05-11|22:30:23.867] Initializing state bloom                 items=248383631 errorrate=0.000 elapsed=17m41.892s
INFO [05-11|22:30:25.606] Imported new block headers               count=1    elapsed=9.769ms     number=12415826 hash="8728ea…fe80d7"
INFO [05-11|22:30:26.130] Downloader queue stats                   receiptTasks=0   blockTasks=0  itemSize=267.14KiB throttle=246
INFO [05-11|22:30:27.367] Imported new state entries               count=384  elapsed="21µs"      processed=605974048 pending=59306 trieretry=0   coderetry=0 duplicate=0 unexpected=390
INFO [05-11|22:30:28.928] Imported new block headers               count=1    elapsed=8.831ms     number=12415827 hash="4b0f19…f44fd9"
INFO [05-11|22:30:31.868] Initializing state bloom                 items=248415123 errorrate=0.000 elapsed=17m49.893s
INFO [05-11|22:30:38.559] Imported new state entries               count=384  elapsed="3.1µs"     processed=605974432 pending=59692 trieretry=0   coderetry=0 duplicate=0 unexpected=390
INFO [05-11|22:30:39.868] Initializing state bloom                 items=248449322 errorrate=0.000 elapsed=17m57.893s
INFO [05-11|22:30:47.868] Initializing state bloom                 items=248481356 errorrate=0.000 elapsed=18m5.893s
INFO [05-11|22:30:48.570] Imported new state entries               count=384  elapsed="2.8µs"     processed=605974816 pending=60079 trieretry=0   coderetry=0 duplicate=0 unexpected=390
INFO [05-11|22:30:51.232] Imported new block headers               count=1    elapsed=11.380ms    number=12415828 hash="66905e…cb6589"
INFO [05-11|22:30:55.868] Initializing state bloom                 items=248516458 errorrate=0.000 elapsed=18m13.893s
INFO [05-11|22:30:57.715] Imported new block headers               count=1    elapsed=6.880ms     number=12415829 hash="9e170a…4a85ea"
INFO [05-11|22:30:59.728] Imported new state entries               count=384  elapsed="3µs"       processed=605975200 pending=60464 trieretry=0   coderetry=0 duplicate=0 unexpected=390
INFO [05-11|22:31:03.868] Initializing state bloom                 items=248549785 errorrate=0.000 elapsed=18m21.893s
INFO [05-11|22:31:04.229] Imported new block headers               count=1    elapsed=9.622ms     number=12415830 hash="589242…faf6b6"
INFO [05-11|22:31:09.282] Imported new state entries               count=384  elapsed="3.3µs"     processed=605975584 pending=60855 trieretry=0   coderetry=0 duplicate=0 unexpected=390
INFO [05-11|22:31:11.868] Initializing state bloom                 items=248583134 errorrate=0.000 elapsed=18m29.893s
INFO [05-11|22:31:15.522] Imported new state entries               count=384  elapsed="4µs"       processed=605975968 pending=61249 trieretry=0   coderetry=0 duplicate=0 unexpected=390
INFO [05-11|22:31:19.869] Initializing state bloom                 items=248618281 errorrate=0.000 elapsed=18m37.894s
WARN [05-11|22:31:21.549] Dropping unsynced node during sync       id=6b0cbeb8cd4dc6af conn=inbound addr=24.145.80.80:33415    type=OpenEthereum/v3.2.5-...
INFO [05-11|22:31:22.299] Imported new state entries               count=384  elapsed="3.1µs"     processed=605976352 pending=61643 trieretry=0   coderetry=0 duplicate=0 unexpected=390
INFO [05-11|22:31:27.871] Initializing state bloom                 items=248652200 errorrate=0.000 elapsed=18m45.896s
INFO [05-11|22:31:28.581] Imported new state entries               count=384  elapsed="2.8µs"     processed=605976736 pending=62036 trieretry=0   coderetry=0 duplicate=0 unexpected=390
INFO [05-11|22:31:35.871] Initializing state bloom                 items=248687312 errorrate=0.000 elapsed=18m53.896s
INFO [05-11|22:31:38.239] Imported new state entries               count=384  elapsed="3µs"       processed=605977120 pending=62426 trieretry=0   coderetry=0 duplicate=0 unexpected=390
INFO [05-11|22:31:43.878] Initializing state bloom                 items=248719758 errorrate=0.000 elapsed=19m1.903s
INFO [05-11|22:31:51.878] Initializing state bloom                 items=248754745 errorrate=0.000 elapsed=19m9.903s
INFO [05-11|22:31:53.377] Imported new state entries               count=384  elapsed="3.9µs"     processed=605977504 pending=62819 trieretry=0   coderetry=0 duplicate=0 unexpected=390
INFO [05-11|22:31:59.879] Initializing state bloom                 items=248787088 errorrate=0.000 elapsed=19m17.904s
INFO [05-11|22:32:07.879] Initializing state bloom                 items=251702838 errorrate=0.000 elapsed=19m25.904s
INFO [05-11|22:32:09.153] Imported new state entries               count=384  elapsed="3.6µs"     processed=605977888 pending=63215 trieretry=0   coderetry=0 duplicate=0 unexpected=390
INFO [05-11|22:32:11.609] Imported new block headers               count=1    elapsed=792.339ms   number=12415831 hash="a08b1a…c27a13" age=1m24s
INFO [05-11|22:32:12.255] Downloader queue stats                   receiptTasks=0   blockTasks=0  itemSize=257.24KiB throttle=255
INFO [05-11|22:32:15.879] Initializing state bloom                 items=255056900 errorrate=0.000 elapsed=19m33.904s
INFO [05-11|22:32:23.880] Initializing state bloom                 items=258572425 errorrate=0.000 elapsed=19m41.905s
INFO [05-11|22:32:27.036] Imported new block headers               count=1    elapsed=247.535ms   number=12415832 hash="fb6187…c1e38c" age=1m31s
INFO [05-11|22:32:31.881] Initializing state bloom                 items=260184344 errorrate=0.000 elapsed=19m49.906s
INFO [05-11|22:32:33.347] Imported new block headers               count=1    elapsed=44.624ms    number=12415833 hash="ffdf2f…b02d6c" age=1m32s
INFO [05-11|22:32:34.128] Imported new state entries               count=574  elapsed="696.402µs" processed=605978462 pending=63796 trieretry=194 coderetry=0 duplicate=0 unexpected=390
INFO [05-11|22:32:39.882] Initializing state bloom                 items=260184346 errorrate=0.000 elapsed=19m57.907s
INFO [05-11|22:32:42.965] Imported new block headers               count=1    elapsed=14.064ms    number=12415834 hash="aa945d…404d1a"
INFO [05-11|22:32:46.282] Imported new block headers               count=1    elapsed=7.900ms     number=12415835 hash="c96f17…b0d143"
INFO [05-11|22:32:47.891] Initializing state bloom                 items=260184346 errorrate=0.000 elapsed=20m5.916s
INFO [05-11|22:32:48.011] Imported new state entries               count=384  elapsed="19.8µs"    processed=605978846 pending=64183 trieretry=0   coderetry=0 duplicate=0 unexpected=390
INFO [05-11|22:32:55.892] Initializing state bloom                 items=260184346 errorrate=0.000 elapsed=20m13.917s
INFO [05-11|22:33:03.900] Initializing state bloom                 items=260184346 errorrate=0.000 elapsed=20m21.925s
INFO [05-11|22:33:04.773] Imported new state entries               count=384  elapsed="3.6µs"     processed=605979230 pending=64571 trieretry=0   coderetry=0 duplicate=0 unexpected=390
INFO [05-11|22:33:05.425] Imported new block headers               count=1    elapsed=11.965ms    number=12415836 hash="9fed30…ac6213"
INFO [05-11|22:33:11.901] Initializing state bloom                 items=260184346 errorrate=0.000 elapsed=20m29.926s
INFO [05-11|22:33:11.918] Imported new block headers               count=2    elapsed=13.810ms    number=12415838 hash="cc9ce6…cd151b"
INFO [05-11|22:33:12.301] Downloader queue stats                   receiptTasks=0   blockTasks=0  itemSize=272.89KiB throttle=241
INFO [05-11|22:33:19.902] Initializing state bloom                 items=260184346 errorrate=0.000 elapsed=20m37.927s
INFO [05-11|22:33:21.715] Imported new state entries               count=384  elapsed="2.7µs"     processed=605979614 pending=64957 trieretry=0   coderetry=0 duplicate=0 unexpected=390
INFO [05-11|22:33:27.895] Imported new block headers               count=1    elapsed=12.288ms    number=12415839 hash="ee4691…31cd84"
INFO [05-11|22:33:27.931] Initializing state bloom                 items=260184346 errorrate=0.000 elapsed=20m45.956s
INFO [05-11|22:33:30.558] Imported new state entries               count=384  elapsed="3.3µs"     processed=605979998 pending=65405 trieretry=0   coderetry=0 duplicate=0 unexpected=390
WARN [05-11|22:33:30.561] Stalling state sync, dropping peer       peer=7ea9bb634f04e62d2ca1355fe2400043b80d65cd44015b3e05a7dfcc1e49e96b
ERROR[05-11|22:33:30.564] Ethereum peer removal failed             peer=7ea9bb63 err="peer not registered"
INFO [05-11|22:33:35.932] Initializing state bloom                 items=260184346 errorrate=0.000 elapsed=20m53.957s
INFO [05-11|22:33:42.767] Imported new state entries               count=384  elapsed="2.6µs"     processed=605980382 pending=65795 trieretry=4   coderetry=0 duplicate=0 unexpected=390
INFO [05-11|22:33:43.939] Initializing state bloom                 items=260184346 errorrate=0.000 elapsed=21m1.964s
INFO [05-11|22:33:48.506] Imported new state entries               count=205  elapsed="3.5µs"     processed=605980587 pending=66002 trieretry=0   coderetry=0 duplicate=0 unexpected=390
INFO [05-11|22:33:48.506] Imported new state entries               count=0    elapsed="8µs"       processed=605980587 pending=66002 trieretry=4   coderetry=0 duplicate=0 unexpected=392
INFO [05-11|22:33:51.939] Initializing state bloom                 items=263016593 errorrate=0.000 elapsed=21m9.964s
INFO [05-11|22:33:56.489] Imported new state entries               count=248  elapsed="2.8µs"     processed=605980835 pending=66254 trieretry=2   coderetry=0 duplicate=0 unexpected=392
INFO [05-11|22:33:59.940] Initializing state bloom                 items=266600737 errorrate=0.000 elapsed=21m17.965s
INFO [05-11|22:34:00.518] Imported new state entries               count=384  elapsed="3.7µs"     processed=605981219 pending=66784 trieretry=1   coderetry=0 duplicate=0 unexpected=392
WARN [05-11|22:34:00.519] Stalling state sync, dropping peer       peer=a916f3ab60e61bd1e3fc30d4fdda5fa506e37f2d80268ecd0e9bb0ffc88da79b
ERROR[05-11|22:34:00.520] Ethereum peer removal failed             peer=a916f3ab err="peer not registered"