2021-10-01 18:49:59 UTC Syncing #13335181 0x3db0…e6d5     0.00 blk/s    0.0 tx/s    0.0 Mgas/s      0+   15 Qed Ancient:#11163362 LI:#13335197    2/25 peers      2 MiB chain    3 MiB queue  RPC:  0 conn,    0 req/s,    0 µs
2021-10-01 18:50:04 UTC Syncing #13335181 0x3db0…e6d5     0.00 blk/s    0.0 tx/s    0.0 Mgas/s      0+   15 Qed Ancient:#11163362 LI:#13335197    2/25 peers      2 MiB chain    3 MiB queue  RPC:  0 conn,    0 req/s,    0 µs
2021-10-01 18:50:11 UTC Syncing #13335181 0x3db0…e6d5     0.00 blk/s    0.0 tx/s    0.0 Mgas/s      0+   15 Qed Ancient:#11163362 LI:#13335197    4/25 peers      2 MiB chain    3 MiB queue  RPC:  0 conn,    0 req/s,    0 µs
2021-10-01 18:50:18 UTC Syncing #13335181 0x3db0…e6d5     0.00 blk/s    0.0 tx/s    0.0 Mgas/s      0+   15 Qed Ancient:#11163362 LI:#13335197    6/25 peers      2 MiB chain    3 MiB queue  RPC:  0 conn,    0 req/s,    0 µs
2021-10-01 18:50:19 UTC Syncing #13335181 0x3db0…e6d5     0.00 blk/s    0.0 tx/s    0.0 Mgas/s      0+   15 Qed Ancient:#11163362 LI:#13335197    5/25 peers      2 MiB chain    3 MiB queue  RPC:  0 conn,    0 req/s,    0 µs
2021-10-01 18:50:33 UTC Syncing #13335182 0x3d56…e5b4     0.20 blk/s   72.4 tx/s    6.0 Mgas/s      0+   14 Qed Ancient:#11163363 LI:#13335197    8/25 peers      2 MiB chain    3 MiB queue  RPC:  0 conn,    0 req/s,    0 µs
2021-10-01 18:50:33 UTC Syncing #13335183 0xb033…01de     0.20 blk/s   44.8 tx/s    4.0 Mgas/s      0+   13 Qed Ancient:#11163364 LI:#13335197    8/25 peers      2 MiB chain    3 MiB queue  RPC:  0 conn,    0 req/s,    0 µs
2021-10-01 18:50:41 UTC Syncing #13335184 0xb76d…10b9     0.10 blk/s   10.6 tx/s    0.7 Mgas/s      0+   12 Qed Ancient:#11163365 LI:#13335197    5/25 peers      2 MiB chain    3 MiB queue  RPC:  0 conn,    0 req/s,    0 µs
2021-10-01 18:50:41 UTC Syncing #13335183 0xb033…01de     0.00 blk/s    0.0 tx/s    0.0 Mgas/s      0+   13 Qed Ancient:#11163364 LI:#13335197    5/25 peers      2 MiB chain    3 MiB queue  RPC:  0 conn,    0 req/s,    0 µs
2021-10-01 18:50:49 UTC Syncing #13335185 0x1faf…4335     0.40 blk/s   40.4 tx/s    3.0 Mgas/s      0+   11 Qed Ancient:#11163366 LI:#13335197    4/25 peers      2 MiB chain    3 MiB queue  RPC:  0 conn,    0 req/s,    0 µs
2021-10-01 18:50:58 UTC Syncing #13335186 0x2d19…a008     0.10 blk/s   19.8 tx/s    1.8 Mgas/s      0+   10 Qed Ancient:#11163367 LI:#13335197    3/25 peers      2 MiB chain    3 MiB queue  RPC:  0 conn,    0 req/s,    0 µs
2021-10-01 18:50:58 UTC Syncing #13335185 0x1faf…4335     0.00 blk/s    0.0 tx/s    0.0 Mgas/s      0+   11 Qed Ancient:#11163366 LI:#13335197    3/25 peers      2 MiB chain    3 MiB queue  RPC:  0 conn,    0 req/s,    0 µs
2021-10-01 18:51:05 UTC Syncing #13335186 0x2d19…a008     0.20 blk/s   39.6 tx/s    3.7 Mgas/s      0+   10 Qed Ancient:#11163367 LI:#13335197    3/25 peers      2 MiB chain    3 MiB queue  RPC:  0 conn,    0 req/s,    0 µs
2021-10-01 18:51:05 UTC Syncing #13335187 0x6414…6a3c     0.20 blk/s   27.2 tx/s    2.6 Mgas/s      0+    9 Qed Ancient:#11163368 LI:#13335197    3/25 peers      2 MiB chain    2 MiB queue  RPC:  0 conn,    0 req/s,    0 µs
2021-10-01 18:51:13 UTC Syncing #13335187 0x6414…6a3c     0.00 blk/s    0.0 tx/s    0.0 Mgas/s      0+   10 Qed Ancient:#11163368 LI:#13335198    3/25 peers      2 MiB chain    3 MiB queue  RPC:  0 conn,    0 req/s,    0 µs
2021-10-01 18:51:14 UTC Syncing #13335187 0x6414…6a3c     0.00 blk/s    0.0 tx/s    0.0 Mgas/s      0+   10 Qed Ancient:#11163368 LI:#13335198    3/25 peers      2 MiB chain    3 MiB queue  RPC:  0 conn,    0 req/s,    0 µs
2021-10-01 18:51:19 UTC Syncing #13335187 0x6414…6a3c     0.00 blk/s    0.0 tx/s    0.0 Mgas/s      0+   11 Qed Ancient:#11163368 LI:#13335199    3/25 peers      2 MiB chain    3 MiB queue  RPC:  0 conn,    0 req/s,    0 µs
2021-10-01 18:51:41 UTC Syncing #13335189 0x8b46…66a3     0.40 blk/s   98.0 tx/s    7.4 Mgas/s      0+    9 Qed Ancient:#11163370 LI:#13335199    3/25 peers      2 MiB chain    3 MiB queue  RPC:  0 conn,    0 req/s,    0 µs
2021-10-01 18:51:41 UTC Syncing #13335189 0x8b46…66a3     0.00 blk/s    0.0 tx/s    0.0 Mgas/s      0+    9 Qed Ancient:#11163370 LI:#13335199    3/25 peers      2 MiB chain    3 MiB queue  RPC:  0 conn,    0 req/s,    0 µs
2021-10-01 18:51:41 UTC Syncing #13335189 0x8b46…66a3     0.00 blk/s    0.0 tx/s    0.0 Mgas/s      0+    9 Qed Ancient:#11163370 LI:#13335199    3/25 peers      2 MiB chain    3 MiB queue  RPC:  0 conn,    0 req/s,    0 µs
2021-10-01 18:51:41 UTC Syncing #13335189 0x8b46…66a3     0.20 blk/s   49.0 tx/s    3.7 Mgas/s      0+    9 Qed Ancient:#11163370 LI:#13335199    3/25 peers      2 MiB chain    3 MiB queue  RPC:  0 conn,    0 req/s,    0 µs
2021-10-01 18:51:44 UTC Syncing #13335189 0x8b46…66a3     0.00 blk/s    0.0 tx/s    0.0 Mgas/s      0+    9 Qed Ancient:#11163370 LI:#13335199    3/25 peers      2 MiB chain    3 MiB queue  RPC:  0 conn,    0 req/s,    0 µs
2021-10-01 18:51:49 UTC Syncing #13335189 0x8b46…66a3     0.00 blk/s    0.0 tx/s    0.0 Mgas/s      0+    9 Qed Ancient:#11163370 LI:#13335199    3/25 peers      2 MiB chain    3 MiB queue  RPC:  0 conn,    0 req/s,    0 µs
2021-10-01 18:51:54 UTC Syncing #13335189 0x8b46…66a3     0.00 blk/s    0.0 tx/s    0.0 Mgas/s      0+   10 Qed Ancient:#11163370 LI:#13335200    3/25 peers      2 MiB chain    3 MiB queue  RPC:  0 conn,    0 req/s,    0 µs
2021-10-01 18:52:00 UTC Syncing #13335190 0xa468…b26b     0.20 blk/s   58.2 tx/s    6.0 Mgas/s      0+    9 Qed Ancient:#11163372 LI:#13335200    2/25 peers      2 MiB chain    3 MiB queue  RPC:  0 conn,    0 req/s,    0 µs
2021-10-01 18:52:11 UTC Syncing #13335191 0x9d0d…2bbd     0.10 blk/s    8.5 tx/s    0.5 Mgas/s      0+    8 Qed Ancient:#11163374 LI:#13335200    2/25 peers      2 MiB chain    3 MiB queue  RPC:  0 conn,    0 req/s,    0 µs
2021-10-01 18:52:11 UTC Syncing #13335191 0x9d0d…2bbd     0.20 blk/s   17.0 tx/s    1.0 Mgas/s      0+    8 Qed Ancient:#11163374 LI:#13335200    2/25 peers      2 MiB chain    3 MiB queue  RPC:  0 conn,    0 req/s,    0 µs
2021-10-01 18:52:14 UTC Syncing #13335191 0x9d0d…2bbd     0.00 blk/s    0.0 tx/s    0.0 Mgas/s      0+    8 Qed Ancient:#11163374 LI:#13335200    2/25 peers      2 MiB chain    3 MiB queue  RPC:  0 conn,    0 req/s,    0 µs
2021-10-01 18:52:20 UTC Syncing #13335191 0x9d0d…2bbd     0.00 blk/s    0.0 tx/s    0.0 Mgas/s      0+    8 Qed Ancient:#11163374 LI:#13335200    2/25 peers      2 MiB chain    3 MiB queue  RPC:  0 conn,    0 req/s,    0 µs
2021-10-01 18:52:31 UTC Syncing #13335192 0xa342…0338     0.20 blk/s   46.2 tx/s    4.3 Mgas/s      0+    9 Qed Ancient:#11163375 LI:#13335202    2/25 peers      2 MiB chain    3 MiB queue  RPC:  0 conn,    0 req/s,    0 µs
2021-10-01 18:52:31 UTC Syncing #13335193 0x3168…f426     0.20 blk/s   38.1 tx/s    3.4 Mgas/s      0+    8 Qed Ancient:#11163376 LI:#13335202    2/25 peers      2 MiB chain    2 MiB queue  RPC:  0 conn,    0 req/s,    0 µs
2021-10-01 18:52:40 UTC Syncing #13335193 0x3168…f426     0.00 blk/s    0.0 tx/s    0.0 Mgas/s      0+    9 Qed Ancient:#11163376 LI:#13335203    2/25 peers      2 MiB chain    2 MiB queue  RPC:  0 conn,    0 req/s,    0 µs
2021-10-01 18:52:40 UTC Syncing #13335193 0x3168…f426     0.00 blk/s    0.0 tx/s    0.0 Mgas/s      0+    9 Qed Ancient:#11163376 LI:#13335203    2/25 peers      2 MiB chain    2 MiB queue  RPC:  0 conn,    0 req/s,    0 µs
2021-10-01 18:52:44 UTC Syncing #13335193 0x3168…f426     0.00 blk/s    0.0 tx/s    0.0 Mgas/s      0+   10 Qed Ancient:#11163376 LI:#13335204    2/25 peers      2 MiB chain    3 MiB queue  RPC:  0 conn,    0 req/s,    0 µs
2021-10-01 18:52:54 UTC Syncing #13335194 0x2190…616b     0.20 blk/s   80.0 tx/s    6.0 Mgas/s      0+   10 Qed Ancient:#11163377 LI:#13335205    4/25 peers      2 MiB chain    3 MiB queue  RPC:  0 conn,    0 req/s,    0 µs
2021-10-01 18:52:54 UTC Syncing #13335194 0x2190…616b     0.00 blk/s    0.0 tx/s    0.0 Mgas/s      0+   10 Qed Ancient:#11163377 LI:#13335205    5/25 peers      2 MiB chain    3 MiB queue  RPC:  0 conn,    0 req/s,    0 µs
2021-10-01 18:52:59 UTC Syncing #13335194 0x2190…616b     0.00 blk/s    0.0 tx/s    0.0 Mgas/s      0+   11 Qed Ancient:#11163377 LI:#13335206    4/25 peers      2 MiB chain    3 MiB queue  RPC:  0 conn,    0 req/s,    0 µs
2021-10-01 18:53:12 UTC Syncing #13335195 0x3483…6b2c     0.10 blk/s   15.5 tx/s    1.8 Mgas/s      0+   10 Qed Ancient:#11163378 LI:#13335206    4/25 peers      2 MiB chain    3 MiB queue  RPC:  0 conn,    0 req/s,    0 µs
2021-10-01 18:53:12 UTC Syncing #13335195 0x3483…6b2c     0.20 blk/s   31.0 tx/s    3.6 Mgas/s      0+   10 Qed Ancient:#11163378 LI:#13335206    4/25 peers      2 MiB chain    3 MiB queue  RPC:  0 conn,    0 req/s,    0 µs
2021-10-01 18:53:14 UTC Syncing #13335195 0x3483…6b2c     0.00 blk/s    0.0 tx/s    0.0 Mgas/s      0+   10 Qed Ancient:#11163378 LI:#13335206    4/25 peers      2 MiB chain    3 MiB queue  RPC:  0 conn,    0 req/s,    0 µs
2021-10-01 18:53:19 UTC Syncing #13335195 0x3483…6b2c     0.00 blk/s    0.0 tx/s    0.0 Mgas/s      0+   10 Qed Ancient:#11163378 LI:#13335206    4/25 peers      2 MiB chain    3 MiB queue  RPC:  0 conn,    0 req/s,    0 µs
2021-10-01 18:53:24 UTC Syncing #13335195 0x3483…6b2c     0.00 blk/s    0.0 tx/s    0.0 Mgas/s      0+   11 Qed Ancient:#11163378 LI:#13335207    4/25 peers      2 MiB chain    3 MiB queue  RPC:  0 conn,    0 req/s,    0 µs
2021-10-01 18:53:36 UTC Syncing #13335197 0xf748…c058     0.20 blk/s   34.4 tx/s    2.9 Mgas/s      0+   11 Qed Ancient:#11163382 LI:#13335209    4/25 peers      3 MiB chain    3 MiB queue  RPC:  0 conn,    0 req/s,    0 µs
2021-10-01 18:53:36 UTC Syncing #13335196 0x88d2…2800     0.20 blk/s   49.8 tx/s    4.4 Mgas/s      0+   12 Qed Ancient:#11163381 LI:#13335209    4/25 peers      2 MiB chain    3 MiB queue  RPC:  0 conn,    0 req/s,    0 µs
2021-10-01 18:53:41 UTC Syncing #13335197 0xf748…c058     0.20 blk/s   19.0 tx/s    1.3 Mgas/s      0+   11 Qed Ancient:#11163382 LI:#13335209    4/25 peers      3 MiB chain    3 MiB queue  RPC:  0 conn,    0 req/s,    0 µs
2021-10-01 18:53:44 UTC Syncing #13335197 0xf748…c058     0.00 blk/s    0.0 tx/s    0.0 Mgas/s      0+   12 Qed Ancient:#11163382 LI:#13335210    4/25 peers      3 MiB chain    3 MiB queue  RPC:  0 conn,    0 req/s,    0 µs
2021-10-01 18:53:50 UTC Syncing #13335197 0xf748…c058     0.00 blk/s    0.0 tx/s    0.0 Mgas/s      0+   12 Qed Ancient:#11163382 LI:#13335210    4/25 peers      3 MiB chain    3 MiB queue  RPC:  0 conn,    0 req/s,    0 µs
2021-10-01 18:53:55 UTC Syncing #13335198 0xf47a…0498     0.20 blk/s   78.6 tx/s    6.0 Mgas/s      0+   12 Qed Ancient:#11163382 LI:#13335210    5/25 peers      3 MiB chain    3 MiB queue  RPC:  0 conn,    0 req/s,    0 µs
2021-10-01 18:54:04 UTC Syncing #13335198 0xf47a…0498     0.00 blk/s    0.0 tx/s    0.0 Mgas/s      0+   11 Qed Ancient:#11163383 LI:#13335210    5/25 peers      3 MiB chain    2 MiB queue  RPC:  0 conn,    0 req/s,    0 µs
2021-10-01 18:54:04 UTC Syncing #13335198 0xf47a…0498     0.00 blk/s    0.0 tx/s    0.0 Mgas/s      0+   11 Qed Ancient:#11163383 LI:#13335210    5/25 peers      3 MiB chain    2 MiB queue  RPC:  0 conn,    0 req/s,    0 µs
2021-10-01 18:54:09 UTC Syncing #13335198 0xf47a…0498     0.00 blk/s    0.0 tx/s    0.0 Mgas/s      0+   12 Qed Ancient:#11163383 LI:#13335211    4/25 peers      3 MiB chain    3 MiB queue  RPC:  0 conn,    0 req/s,    0 µs
2021-10-01 18:54:14 UTC Syncing #13335198 0xf47a…0498     0.00 blk/s    0.0 tx/s    0.0 Mgas/s      0+   12 Qed Ancient:#11163383 LI:#13335211    4/25 peers      3 MiB chain    3 MiB queue  RPC:  0 conn,    0 req/s,    0 µs
2021-10-01 18:54:19 UTC Syncing #13335199 0x5b25…b1be     0.20 blk/s   68.2 tx/s    6.0 Mgas/s      0+   11 Qed Ancient:#11163384 LI:#13335211    6/25 peers      3 MiB chain    2 MiB queue  RPC:  0 conn,    0 req/s,    0 µs
2021-10-01 18:54:27 UTC Syncing #13335199 0x5b25…b1be     0.00 blk/s    0.0 tx/s    0.0 Mgas/s      0+   11 Qed Ancient:#11163384 LI:#13335211    6/25 peers      3 MiB chain    2 MiB queue  RPC:  0 conn,    0 req/s,    0 µs
2021-10-01 18:54:29 UTC Syncing #13335199 0x5b25…b1be     0.00 blk/s    0.0 tx/s    0.0 Mgas/s      0+   11 Qed Ancient:#11163384 LI:#13335211    6/25 peers      3 MiB chain    2 MiB queue  RPC:  0 conn,    0 req/s,    0 µs
2021-10-01 18:54:34 UTC Syncing #13335199 0x5b25…b1be     0.00 blk/s    0.0 tx/s    0.0 Mgas/s      0+   11 Qed Ancient:#11163384 LI:#13335211    6/25 peers      3 MiB chain    2 MiB queue  RPC:  0 conn,    0 req/s,    0 µs
2021-10-01 18:54:40 UTC Syncing #13335199 0x5b25…b1be     0.00 blk/s    0.0 tx/s    0.0 Mgas/s      0+   11 Qed Ancient:#11163384 LI:#13335211    9/25 peers      3 MiB chain    2 MiB queue  RPC:  0 conn,    0 req/s,    0 µs
2021-10-01 18:54:54 UTC Syncing #13335201 0xfc9d…bce2     0.20 blk/s   52.2 tx/s    3.9 Mgas/s      0+   10 Qed Ancient:#11163386 LI:#13335212    9/25 peers      3 MiB chain    2 MiB queue  RPC:  0 conn,    0 req/s,    0 µs
2021-10-01 18:54:54 UTC Syncing #13335200 0x90a7…5609     0.20 blk/s   68.0 tx/s    4.8 Mgas/s      0+   11 Qed Ancient:#11163385 LI:#13335212    9/25 peers      3 MiB chain    3 MiB queue  RPC:  0 conn,    0 req/s,    0 µs
2021-10-01 18:54:54 UTC Syncing #13335201 0xfc9d…bce2     0.07 blk/s   12.1 tx/s    1.0 Mgas/s      0+   10 Qed Ancient:#11163386 LI:#13335212    9/25 peers      3 MiB chain    2 MiB queue  RPC:  0 conn,    0 req/s,    0 µs
2021-10-01 18:55:04 UTC Syncing #13335203 0x53ac…3bf8     0.40 blk/s   29.8 tx/s    1.9 Mgas/s      0+    8 Qed Ancient:#11163388 LI:#13335212    8/25 peers      3 MiB chain    2 MiB queue  RPC:  0 conn,    0 req/s,    0 µs
2021-10-01 18:55:14 UTC Syncing #13335203 0x53ac…3bf8     0.00 blk/s    0.0 tx/s    0.0 Mgas/s      0+    9 Qed Ancient:#11163388 LI:#13335213    7/25 peers      3 MiB chain    3 MiB queue  RPC:  0 conn,    0 req/s,    0 µs
2021-10-01 18:55:14 UTC Syncing #13335204 0xd7bc…eb94     0.10 blk/s   13.6 tx/s    0.9 Mgas/s      0+    8 Qed Ancient:#11163389 LI:#13335214    7/25 peers      3 MiB chain    2 MiB queue  RPC:  0 conn,    0 req/s,    0 µs
2021-10-01 18:55:20 UTC Syncing #13335206 0xded8…fba4     0.20 blk/s   22.2 tx/s    2.0 Mgas/s      0+    7 Qed Ancient:#11163391 LI:#13335214    6/25 peers      3 MiB chain    2 MiB queue  RPC:  0 conn,    0 req/s,    0 µs
2021-10-01 18:55:20 UTC Syncing #13335204 0xd7bc…eb94     0.00 blk/s    0.0 tx/s    0.0 Mgas/s      0+    9 Qed Ancient:#11163389 LI:#13335214    6/25 peers      3 MiB chain    2 MiB queue  RPC:  0 conn,    0 req/s,    0 µs
2021-10-01 18:55:26 UTC Syncing #13335206 0xded8…fba4     0.40 blk/s   44.4 tx/s    3.9 Mgas/s      0+    8 Qed Ancient:#11163391 LI:#13335215    5/25 peers      3 MiB chain    2 MiB queue  RPC:  0 conn,    0 req/s,    0 µs
2021-10-01 18:55:29 UTC Syncing #13335206 0xded8…fba4     0.00 blk/s    0.0 tx/s    0.0 Mgas/s      0+    8 Qed Ancient:#11163391 LI:#13335215    5/25 peers      3 MiB chain    2 MiB queue  RPC:  0 conn,    0 req/s,    0 µs
2021-10-01 18:55:34 UTC Syncing #13335206 0xded8…fba4     0.00 blk/s    0.0 tx/s    0.0 Mgas/s      0+   10 Qed Ancient:#11163391 LI:#13335217    5/25 peers      3 MiB chain    2 MiB queue  RPC:  0 conn,    0 req/s,    0 µs
2021-10-01 18:55:39 UTC Syncing #13335206 0xded8…fba4     0.00 blk/s    0.0 tx/s    0.0 Mgas/s      0+   12 Qed Ancient:#11163391 LI:#13335219    4/25 peers      3 MiB chain    3 MiB queue  RPC:  0 conn,    0 req/s,    0 µs
2021-10-01 18:55:48 UTC Syncing #13335207 0xa576…eefc     0.20 blk/s   78.0 tx/s    6.0 Mgas/s      0+   11 Qed Ancient:#11163392 LI:#13335219    4/25 peers      3 MiB chain    2 MiB queue  RPC:  0 conn,    0 req/s,    0 µs
2021-10-01 18:55:49 UTC Syncing #13335207 0xa576…eefc     0.00 blk/s    0.0 tx/s    0.0 Mgas/s      0+   11 Qed Ancient:#11163392 LI:#13335219    4/25 peers      3 MiB chain    2 MiB queue  RPC:  0 conn,    0 req/s,    0 µs