2021-10-01 18:45:00 UTC Syncing #13335159 0xd688…610b     0.00 blk/s    0.0 tx/s    0.0 Mgas/s      0+   14 Qed Ancient:#11163347 LI:#13335174    9/25 peers      9 MiB chain    3 MiB queue  RPC:  0 conn,    0 req/s,    0 µs
2021-10-01 18:45:00 UTC Syncing #13335159 0xd688…610b     0.00 blk/s    0.0 tx/s    0.0 Mgas/s      0+   14 Qed Ancient:#11163347 LI:#13335174    9/25 peers      9 MiB chain    3 MiB queue  RPC:  0 conn,    0 req/s,    0 µs
2021-10-01 18:45:10 UTC Syncing #13335159 0xd688…610b     0.00 blk/s    0.0 tx/s    0.0 Mgas/s      0+   14 Qed Ancient:#11163347 LI:#13335174    6/25 peers     74 KiB chain    3 MiB queue  RPC:  0 conn,    0 req/s,    0 µs
2021-10-01 18:45:10 UTC Syncing #13335159 0xd688…610b     0.00 blk/s    0.0 tx/s    0.0 Mgas/s      0+   14 Qed Ancient:#11163347 LI:#13335174    6/25 peers     74 KiB chain    3 MiB queue  RPC:  0 conn,    0 req/s,    0 µs
2021-10-01 18:45:15 UTC Syncing #13335160 0x6833…d29b     0.20 blk/s   30.0 tx/s    3.4 Mgas/s      0+   14 Qed Ancient:#11163347 LI:#13335175    5/25 peers     92 KiB chain    3 MiB queue  RPC:  0 conn,    0 req/s,    0 µs
2021-10-01 18:45:19 UTC Syncing #13335160 0x6833…d29b     0.00 blk/s    0.0 tx/s    0.0 Mgas/s      0+   14 Qed Ancient:#11163347 LI:#13335175    5/25 peers     92 KiB chain    3 MiB queue  RPC:  0 conn,    0 req/s,    0 µs
2021-10-01 18:45:29 UTC Syncing #13335161 0x9c02…49f1     0.20 blk/s   35.0 tx/s    2.9 Mgas/s      0+   14 Qed Ancient:#11163347 LI:#13335176    5/25 peers    556 KiB chain    3 MiB queue  RPC:  0 conn,    0 req/s,    0 µs
2021-10-01 18:45:29 UTC Syncing #13335161 0x9c02…49f1     0.00 blk/s    0.0 tx/s    0.0 Mgas/s      0+   14 Qed Ancient:#11163347 LI:#13335176    3/25 peers    556 KiB chain    3 MiB queue  RPC:  0 conn,    0 req/s,    0 µs
2021-10-01 18:45:40 UTC Syncing #13335162 0x310e…983a     0.10 blk/s   16.9 tx/s    1.4 Mgas/s      0+   13 Qed Ancient:#11163347 LI:#13335176    3/25 peers    591 KiB chain    3 MiB queue  RPC:  0 conn,    0 req/s,    0 µs
2021-10-01 18:45:40 UTC Syncing #13335162 0x310e…983a     0.20 blk/s   33.8 tx/s    2.8 Mgas/s      0+   13 Qed Ancient:#11163347 LI:#13335176    3/25 peers    591 KiB chain    3 MiB queue  RPC:  0 conn,    0 req/s,    0 µs
2021-10-01 18:45:51 UTC Syncing #13335164 0x3f9c…b21d     0.20 blk/s   20.7 tx/s    1.6 Mgas/s      0+   11 Qed Ancient:#11163347 LI:#13335176    2/25 peers    591 KiB chain    2 MiB queue  RPC:  0 conn,    0 req/s,    0 µs
2021-10-01 18:45:51 UTC Syncing #13335163 0x6c4f…0f1e     0.20 blk/s   37.6 tx/s    2.9 Mgas/s      0+   12 Qed Ancient:#11163347 LI:#13335176    2/25 peers    591 KiB chain    3 MiB queue  RPC:  0 conn,    0 req/s,    0 µs
2021-10-01 18:46:00 UTC Syncing #13335164 0x3f9c…b21d     0.10 blk/s    1.9 tx/s    0.1 Mgas/s      0+   11 Qed Ancient:#11163347 LI:#13335176    2/25 peers    591 KiB chain    2 MiB queue  RPC:  0 conn,    0 req/s,    0 µs
2021-10-01 18:46:00 UTC Syncing #13335164 0x3f9c…b21d     0.20 blk/s    3.8 tx/s    0.3 Mgas/s      0+   11 Qed Ancient:#11163347 LI:#13335176    2/25 peers    591 KiB chain    2 MiB queue  RPC:  0 conn,    0 req/s,    0 µs
2021-10-01 18:46:04 UTC Syncing #13335164 0x3f9c…b21d     0.00 blk/s    0.0 tx/s    0.0 Mgas/s      0+   11 Qed Ancient:#11163347 LI:#13335176    0/25 peers    591 KiB chain    2 MiB queue  RPC:  0 conn,    0 req/s,    0 µs
2021-10-01 18:46:09 UTC Syncing #13335164 0x3f9c…b21d     0.00 blk/s    0.0 tx/s    0.0 Mgas/s      0+   11 Qed Ancient:#11163347 LI:#13335176    0/25 peers    591 KiB chain    2 MiB queue  RPC:  0 conn,    0 req/s,    0 µs
2021-10-01 18:46:14 UTC Syncing #13335164 0x3f9c…b21d     0.00 blk/s    0.0 tx/s    0.0 Mgas/s      2+   12 Qed Ancient:#11163347 LI:#13335181    1/25 peers    591 KiB chain    3 MiB queue  RPC:  0 conn,    0 req/s,    0 µs
2021-10-01 18:46:21 UTC Syncing #13335165 0x8604…15ee     0.20 blk/s   83.0 tx/s    6.0 Mgas/s      0+   15 Qed Ancient:#11163347 LI:#13335181    1/25 peers    910 KiB chain    3 MiB queue  RPC:  0 conn,    0 req/s,    0 µs
2021-10-01 18:46:30 UTC Syncing #13335166 0x68f5…93b2     0.10 blk/s   11.7 tx/s    1.0 Mgas/s      0+   14 Qed Ancient:#11163347 LI:#13335181    1/25 peers    911 KiB chain    3 MiB queue  RPC:  0 conn,    0 req/s,    0 µs
2021-10-01 18:46:30 UTC Syncing #13335166 0x68f5…93b2     0.20 blk/s   23.4 tx/s    1.9 Mgas/s      0+   14 Qed Ancient:#11163347 LI:#13335181    1/25 peers    911 KiB chain    3 MiB queue  RPC:  0 conn,    0 req/s,    0 µs
2021-10-01 18:46:42 UTC Syncing #13335167 0xcba4…3f3c     0.10 blk/s   11.9 tx/s    1.0 Mgas/s      0+   16 Qed Ancient:#11163347 LI:#13335184    2/25 peers    911 KiB chain    4 MiB queue  RPC:  0 conn,    0 req/s,    0 µs
2021-10-01 18:46:42 UTC Syncing #13335167 0xcba4…3f3c     0.20 blk/s   23.8 tx/s    2.1 Mgas/s      0+   16 Qed Ancient:#11163347 LI:#13335184    2/25 peers    911 KiB chain    4 MiB queue  RPC:  0 conn,    0 req/s,    0 µs
2021-10-01 18:46:44 UTC Syncing #13335167 0xcba4…3f3c     0.00 blk/s    0.0 tx/s    0.0 Mgas/s      0+   16 Qed Ancient:#11163347 LI:#13335184    1/25 peers    911 KiB chain    4 MiB queue  RPC:  0 conn,    0 req/s,    0 µs
2021-10-01 18:46:49 UTC Syncing #13335168 0x231b…29f6     0.20 blk/s   22.8 tx/s    2.0 Mgas/s      0+   16 Qed Ancient:#11163347 LI:#13335185    2/25 peers    911 KiB chain    4 MiB queue  RPC:  0 conn,    0 req/s,    0 µs
2021-10-01 18:46:57 UTC Syncing #13335168 0x231b…29f6     0.00 blk/s    0.0 tx/s    0.0 Mgas/s      0+   16 Qed Ancient:#11163347 LI:#13335185    2/25 peers    911 KiB chain    4 MiB queue  RPC:  0 conn,    0 req/s,    0 µs
2021-10-01 18:47:04 UTC Syncing #13335169 0x926f…9962     0.20 blk/s   11.4 tx/s    1.1 Mgas/s      0+   15 Qed Ancient:#11163347 LI:#13335185    2/25 peers    911 KiB chain    3 MiB queue  RPC:  0 conn,    0 req/s,    0 µs
2021-10-01 18:47:04 UTC Syncing #13335170 0xa91d…eaf5     0.20 blk/s   25.0 tx/s    2.2 Mgas/s      0+   14 Qed Ancient:#11163347 LI:#13335185    2/25 peers    911 KiB chain    3 MiB queue  RPC:  0 conn,    0 req/s,    0 µs
2021-10-01 18:47:18 UTC Syncing #13335171 0x77e6…7940     0.10 blk/s    9.8 tx/s    1.4 Mgas/s      0+   13 Qed Ancient:#11163347 LI:#13335185    1/25 peers    911 KiB chain    3 MiB queue  RPC:  0 conn,    0 req/s,    0 µs
2021-10-01 18:47:18 UTC Syncing #13335170 0xa91d…eaf5     0.00 blk/s    0.0 tx/s    0.0 Mgas/s      0+   14 Qed Ancient:#11163347 LI:#13335185    1/25 peers    911 KiB chain    3 MiB queue  RPC:  0 conn,    0 req/s,    0 µs
2021-10-01 18:47:28 UTC Syncing #13335171 0x77e6…7940     0.10 blk/s    9.8 tx/s    1.4 Mgas/s      0+   13 Qed Ancient:#11163347 LI:#13335185    1/25 peers    911 KiB chain    3 MiB queue  RPC:  0 conn,    0 req/s,    0 µs
2021-10-01 18:47:28 UTC Syncing #13335171 0x77e6…7940     0.20 blk/s   19.6 tx/s    2.9 Mgas/s      0+   13 Qed Ancient:#11163347 LI:#13335185    1/25 peers    911 KiB chain    3 MiB queue  RPC:  0 conn,    0 req/s,    0 µs
2021-10-01 18:47:29 UTC Syncing #13335171 0x77e6…7940     0.00 blk/s    0.0 tx/s    0.0 Mgas/s      0+   13 Qed Ancient:#11163347 LI:#13335185    1/25 peers    911 KiB chain    3 MiB queue  RPC:  0 conn,    0 req/s,    0 µs
2021-10-01 18:47:44 UTC Syncing #13335172 0xe280…8a0e     0.20 blk/s   42.8 tx/s    2.9 Mgas/s      0+   12 Qed Ancient:#11163347 LI:#13335185    1/25 peers      1 MiB chain    3 MiB queue  RPC:  0 conn,    0 req/s,    0 µs
2021-10-01 18:47:44 UTC Syncing #13335172 0xe280…8a0e     0.10 blk/s   21.4 tx/s    1.5 Mgas/s      0+   12 Qed Ancient:#11163347 LI:#13335185    1/25 peers      1 MiB chain    3 MiB queue  RPC:  0 conn,    0 req/s,    0 µs
2021-10-01 18:47:44 UTC Syncing #13335172 0xe280…8a0e     0.00 blk/s    0.0 tx/s    0.0 Mgas/s      0+   12 Qed Ancient:#11163347 LI:#13335185    1/25 peers      1 MiB chain    3 MiB queue  RPC:  0 conn,    0 req/s,    0 µs
2021-10-01 18:47:49 UTC Syncing #13335172 0xe280…8a0e     0.00 blk/s    0.0 tx/s    0.0 Mgas/s      0+   12 Qed Ancient:#11163347 LI:#13335185    1/25 peers      1 MiB chain    3 MiB queue  RPC:  0 conn,    0 req/s,    0 µs
2021-10-01 18:47:54 UTC Syncing #13335172 0xe280…8a0e     0.00 blk/s    0.0 tx/s    0.0 Mgas/s      0+   12 Qed Ancient:#11163347 LI:#13335185    1/25 peers      1 MiB chain    3 MiB queue  RPC:  0 conn,    0 req/s,    0 µs
2021-10-01 18:47:59 UTC Syncing #13335172 0xe280…8a0e     0.00 blk/s    0.0 tx/s    0.0 Mgas/s      0+   17 Qed Ancient:#11163347 LI:#13335190    3/25 peers      1 MiB chain    4 MiB queue  RPC:  0 conn,    0 req/s,    0 µs
2021-10-01 18:48:04 UTC Syncing #13335172 0xe280…8a0e     0.00 blk/s    0.0 tx/s    0.0 Mgas/s      0+   18 Qed Ancient:#11163347 LI:#13335191    6/25 peers      1 MiB chain    4 MiB queue  RPC:  0 conn,    0 req/s,    0 µs
2021-10-01 18:48:09 UTC Syncing #13335172 0xe280…8a0e     0.00 blk/s    0.0 tx/s    0.0 Mgas/s      0+   18 Qed Ancient:#11163347 LI:#13335191    6/25 peers      1 MiB chain    4 MiB queue  RPC:  0 conn,    0 req/s,    0 µs
2021-10-01 18:48:14 UTC Syncing #13335173 0x7653…e07e     0.20 blk/s   71.0 tx/s    6.0 Mgas/s      0+   17 Qed Ancient:#11163351 LI:#13335191    6/25 peers      1 MiB chain    4 MiB queue  RPC:  0 conn,    0 req/s,    0 µs
2021-10-01 18:48:20 UTC Syncing #13335173 0x7653…e07e     0.00 blk/s    0.0 tx/s    0.0 Mgas/s      0+   17 Qed Ancient:#11163351 LI:#13335191    6/25 peers      1 MiB chain    4 MiB queue  RPC:  0 conn,    0 req/s,    0 µs
2021-10-01 18:48:28 UTC Syncing #13335173 0x7653…e07e     0.00 blk/s    0.0 tx/s    0.0 Mgas/s      0+   18 Qed Ancient:#11163351 LI:#13335192    3/25 peers      1 MiB chain    4 MiB queue  RPC:  0 conn,    0 req/s,    0 µs
2021-10-01 18:48:29 UTC Syncing #13335173 0x7653…e07e     0.00 blk/s    0.0 tx/s    0.0 Mgas/s      0+   19 Qed Ancient:#11163351 LI:#13335193    3/25 peers      1 MiB chain    4 MiB queue  RPC:  0 conn,    0 req/s,    0 µs
2021-10-01 18:48:38 UTC Syncing #13335174 0x0166…68ae     0.20 blk/s   37.4 tx/s    5.9 Mgas/s      0+   18 Qed Ancient:#11163352 LI:#13335193    3/25 peers      1 MiB chain    4 MiB queue  RPC:  0 conn,    0 req/s,    0 µs
2021-10-01 18:48:39 UTC Syncing #13335174 0x0166…68ae     0.00 blk/s    0.0 tx/s    0.0 Mgas/s      0+   18 Qed Ancient:#11163352 LI:#13335193    3/25 peers      1 MiB chain    4 MiB queue  RPC:  0 conn,    0 req/s,    0 µs
2021-10-01 18:48:44 UTC Syncing #13335174 0x0166…68ae     0.00 blk/s    0.0 tx/s    0.0 Mgas/s      0+   18 Qed Ancient:#11163352 LI:#13335193    3/25 peers      1 MiB chain    4 MiB queue  RPC:  0 conn,    0 req/s,    0 µs
2021-10-01 18:48:49 UTC Syncing #13335174 0x0166…68ae     0.00 blk/s    0.0 tx/s    0.0 Mgas/s      0+   18 Qed Ancient:#11163352 LI:#13335193    4/25 peers      1 MiB chain    4 MiB queue  RPC:  0 conn,    0 req/s,    0 µs
2021-10-01 18:49:08 UTC Syncing #13335176 0x2ff1…14c8     0.40 blk/s   66.8 tx/s    6.3 Mgas/s      0+   16 Qed Ancient:#11163355 LI:#13335193    5/25 peers      1 MiB chain    4 MiB queue  RPC:  0 conn,    0 req/s,    0 µs
2021-10-01 18:49:08 UTC Syncing #13335176 0x2ff1…14c8     0.13 blk/s   22.3 tx/s    2.1 Mgas/s      0+   16 Qed Ancient:#11163355 LI:#13335193    5/25 peers      1 MiB chain    4 MiB queue  RPC:  0 conn,    0 req/s,    0 µs
2021-10-01 18:49:08 UTC Syncing #13335176 0x2ff1…14c8     0.20 blk/s   33.4 tx/s    3.1 Mgas/s      0+   16 Qed Ancient:#11163355 LI:#13335193    5/25 peers      1 MiB chain    4 MiB queue  RPC:  0 conn,    0 req/s,    0 µs
2021-10-01 18:49:14 UTC Syncing #13335176 0x2ff1…14c8     0.00 blk/s    0.0 tx/s    0.0 Mgas/s      0+   16 Qed Ancient:#11163355 LI:#13335193    5/25 peers      1 MiB chain    4 MiB queue  RPC:  0 conn,    0 req/s,    0 µs
2021-10-01 18:49:24 UTC Syncing #13335177 0xe767…2ebf     0.10 blk/s   11.4 tx/s    1.7 Mgas/s      0+   15 Qed Ancient:#11163356 LI:#13335193    5/25 peers      1 MiB chain    3 MiB queue  RPC:  0 conn,    0 req/s,    0 µs
2021-10-01 18:49:24 UTC Syncing #13335177 0xe767…2ebf     0.20 blk/s   22.8 tx/s    3.4 Mgas/s      0+   15 Qed Ancient:#11163356 LI:#13335193    5/25 peers      1 MiB chain    3 MiB queue  RPC:  0 conn,    0 req/s,    0 µs
2021-10-01 18:49:24 UTC Syncing #13335177 0xe767…2ebf     0.00 blk/s    0.0 tx/s    0.0 Mgas/s      0+   17 Qed Ancient:#11163356 LI:#13335195    4/25 peers      1 MiB chain    4 MiB queue  RPC:  0 conn,    0 req/s,    0 µs
2021-10-01 18:49:39 UTC Syncing #13335179 0xf57f…8063     0.20 blk/s   43.3 tx/s    3.4 Mgas/s      0+   15 Qed Ancient:#11163358 LI:#13335195    3/25 peers      1 MiB chain    4 MiB queue  RPC:  0 conn,    0 req/s,    0 µs
2021-10-01 18:49:39 UTC Syncing #13335179 0xf57f…8063     0.00 blk/s    0.0 tx/s    0.0 Mgas/s      0+   15 Qed Ancient:#11163358 LI:#13335195    3/25 peers      1 MiB chain    4 MiB queue  RPC:  0 conn,    0 req/s,    0 µs
2021-10-01 18:49:39 UTC Syncing #13335178 0xf4a0…f9d0     0.20 blk/s   64.8 tx/s    5.0 Mgas/s      0+   16 Qed Ancient:#11163357 LI:#13335195    3/25 peers      1 MiB chain    4 MiB queue  RPC:  0 conn,    0 req/s,    0 µs
2021-10-01 18:49:45 UTC Syncing #13335180 0x4109…8d63     0.40 blk/s   37.4 tx/s    3.3 Mgas/s      0+   14 Qed Ancient:#11163361 LI:#13335195    3/25 peers      1 MiB chain    3 MiB queue  RPC:  0 conn,    0 req/s,    0 µs
2021-10-01 18:49:56 UTC Syncing #13335181 0x3db0…e6d5     0.10 blk/s   11.9 tx/s    1.0 Mgas/s      0+   14 Qed Ancient:#11163362 LI:#13335196    2/25 peers      2 MiB chain    3 MiB queue  RPC:  0 conn,    0 req/s,    0 µs
2021-10-01 18:49:56 UTC Syncing #13335181 0x3db0…e6d5     0.20 blk/s   23.8 tx/s    2.1 Mgas/s      0+   14 Qed Ancient:#11163362 LI:#13335196    2/25 peers      2 MiB chain    3 MiB queue  RPC:  0 conn,    0 req/s,    0 µs
2021-10-01 18:49:59 UTC Syncing #13335181 0x3db0…e6d5     0.00 blk/s    0.0 tx/s    0.0 Mgas/s      0+   15 Qed Ancient:#11163362 LI:#13335197    2/25 peers      2 MiB chain    3 MiB queue  RPC:  0 conn,    0 req/s,    0 µs
2021-10-01 18:50:04 UTC Syncing #13335181 0x3db0…e6d5     0.00 blk/s    0.0 tx/s    0.0 Mgas/s      0+   15 Qed Ancient:#11163362 LI:#13335197    2/25 peers      2 MiB chain    3 MiB queue  RPC:  0 conn,    0 req/s,    0 µs
2021-10-01 18:50:11 UTC Syncing #13335181 0x3db0…e6d5     0.00 blk/s    0.0 tx/s    0.0 Mgas/s      0+   15 Qed Ancient:#11163362 LI:#13335197    4/25 peers      2 MiB chain    3 MiB queue  RPC:  0 conn,    0 req/s,    0 µs
2021-10-01 18:50:18 UTC Syncing #13335181 0x3db0…e6d5     0.00 blk/s    0.0 tx/s    0.0 Mgas/s      0+   15 Qed Ancient:#11163362 LI:#13335197    6/25 peers      2 MiB chain    3 MiB queue  RPC:  0 conn,    0 req/s,    0 µs
2021-10-01 18:50:19 UTC Syncing #13335181 0x3db0…e6d5     0.00 blk/s    0.0 tx/s    0.0 Mgas/s      0+   15 Qed Ancient:#11163362 LI:#13335197    5/25 peers      2 MiB chain    3 MiB queue  RPC:  0 conn,    0 req/s,    0 µs
2021-10-01 18:50:33 UTC Syncing #13335182 0x3d56…e5b4     0.20 blk/s   72.4 tx/s    6.0 Mgas/s      0+   14 Qed Ancient:#11163363 LI:#13335197    8/25 peers      2 MiB chain    3 MiB queue  RPC:  0 conn,    0 req/s,    0 µs
2021-10-01 18:50:33 UTC Syncing #13335183 0xb033…01de     0.20 blk/s   44.8 tx/s    4.0 Mgas/s      0+   13 Qed Ancient:#11163364 LI:#13335197    8/25 peers      2 MiB chain    3 MiB queue  RPC:  0 conn,    0 req/s,    0 µs
2021-10-01 18:50:41 UTC Syncing #13335184 0xb76d…10b9     0.10 blk/s   10.6 tx/s    0.7 Mgas/s      0+   12 Qed Ancient:#11163365 LI:#13335197    5/25 peers      2 MiB chain    3 MiB queue  RPC:  0 conn,    0 req/s,    0 µs
2021-10-01 18:50:41 UTC Syncing #13335183 0xb033…01de     0.00 blk/s    0.0 tx/s    0.0 Mgas/s      0+   13 Qed Ancient:#11163364 LI:#13335197    5/25 peers      2 MiB chain    3 MiB queue  RPC:  0 conn,    0 req/s,    0 µs
2021-10-01 18:50:49 UTC Syncing #13335185 0x1faf…4335     0.40 blk/s   40.4 tx/s    3.0 Mgas/s      0+   11 Qed Ancient:#11163366 LI:#13335197    4/25 peers      2 MiB chain    3 MiB queue  RPC:  0 conn,    0 req/s,    0 µs