2021-10-01 18:59:34 UTC Syncing #13335224 0x1e73…9100     0.00 blk/s    0.0 tx/s    0.0 Mgas/s      0+   15 Qed Ancient:#11163409 LI:#13335239    3/25 peers      3 MiB chain    3 MiB queue  RPC:  0 conn,    0 req/s,    0 µs
2021-10-01 18:59:39 UTC Syncing #13335224 0x1e73…9100     0.00 blk/s    0.0 tx/s    0.0 Mgas/s      0+   15 Qed Ancient:#11163409 LI:#13335239    3/25 peers      3 MiB chain    3 MiB queue  RPC:  0 conn,    0 req/s,    0 µs
2021-10-01 18:59:44 UTC Syncing #13335224 0x1e73…9100     0.00 blk/s    0.0 tx/s    0.0 Mgas/s      0+   15 Qed Ancient:#11163409 LI:#13335239    5/25 peers      5 MiB chain    3 MiB queue  RPC:  0 conn,    0 req/s,    0 µs
2021-10-01 18:59:49 UTC Syncing #13335225 0xbabe…19b2     0.20 blk/s   95.0 tx/s    6.0 Mgas/s      0+   14 Qed Ancient:#11163410 LI:#13335239    6/25 peers      5 MiB chain    2 MiB queue  RPC:  0 conn,    0 req/s,    0 µs
2021-10-01 19:00:00 UTC Syncing #13335225 0xbabe…19b2     0.10 blk/s   44.7 tx/s    3.0 Mgas/s      0+   13 Qed Ancient:#11163411 LI:#13335239   11/25 peers      6 MiB chain    2 MiB queue  RPC:  0 conn,    0 req/s,    0 µs
2021-10-01 19:00:00 UTC Syncing #13335225 0xbabe…19b2     0.20 blk/s   89.4 tx/s    6.0 Mgas/s      0+   13 Qed Ancient:#11163411 LI:#13335239   11/25 peers      6 MiB chain    2 MiB queue  RPC:  0 conn,    0 req/s,    0 µs
2021-10-01 19:00:04 UTC Syncing #13335225 0xbabe…19b2     0.00 blk/s    0.0 tx/s    0.0 Mgas/s      0+   15 Qed Ancient:#11163411 LI:#13335241   10/25 peers      6 MiB chain    2 MiB queue  RPC:  0 conn,    0 req/s,    0 µs
2021-10-01 19:00:28 UTC Reorg to #13335226 0xe500…ce96 (0xbabe…19b2 #13335224 0x1e73…9100 0x1a2e…a261)
2021-10-01 19:00:49 UTC Syncing #13335225 0xbabe…19b2     0.00 blk/s    0.0 tx/s    0.0 Mgas/s      0+   15 Qed Ancient:#11163411 LI:#13335241   20/25 peers      6 MiB chain    2 MiB queue  RPC:  0 conn,    0 req/s,    0 µs
2021-10-01 19:00:49 UTC Syncing #13335226 0xe500…ce96     0.05 blk/s   22.2 tx/s    1.4 Mgas/s      0+   15 Qed Ancient:#11163997 LI:#13335241   20/25 peers     21 MiB chain    2 MiB queue  RPC:  0 conn,    0 req/s,    0 µs
2021-10-01 19:01:08 UTC Syncing #13335226 0xe500…ce96     0.00 blk/s    0.0 tx/s    0.0 Mgas/s      0+   16 Qed Ancient:#11164556 LI:#13335242   17/25 peers      4 MiB chain    3 MiB queue  RPC:  0 conn,    0 req/s,    0 µs
2021-10-01 19:01:08 UTC Syncing #13335226 0xe500…ce96     0.00 blk/s    0.0 tx/s    0.0 Mgas/s      0+   16 Qed Ancient:#11164655 LI:#13335243   14/25 peers    0 bytes chain    3 MiB queue  RPC:  0 conn,    0 req/s,    0 µs
2021-10-01 19:01:22 UTC Syncing #13335227 0x89d3…1c88     0.07 blk/s    7.8 tx/s    0.6 Mgas/s      0+   17 Qed Ancient:#11164656 LI:#13335244    8/25 peers    109 KiB chain    3 MiB queue  RPC:  0 conn,    0 req/s,    0 µs
2021-10-01 19:01:22 UTC Syncing #13335227 0x89d3…1c88     0.00 blk/s    0.0 tx/s    0.0 Mgas/s      0+   17 Qed Ancient:#11164655 LI:#13335244    8/25 peers     83 KiB chain    3 MiB queue  RPC:  0 conn,    0 req/s,    0 µs
2021-10-01 19:01:39 UTC Syncing #13335228 0xcf36…85a1     0.16 blk/s   16.9 tx/s    1.5 Mgas/s      0+   16 Qed Ancient:#11164660 LI:#13335244    8/25 peers    215 KiB chain    3 MiB queue  RPC:  0 conn,    0 req/s,    0 µs
2021-10-01 19:01:39 UTC Syncing #13335228 0xcf36…85a1     0.00 blk/s    0.0 tx/s    0.0 Mgas/s      0+   16 Qed Ancient:#11164660 LI:#13335244    8/25 peers    215 KiB chain    3 MiB queue  RPC:  0 conn,    0 req/s,    0 µs
2021-10-01 19:01:39 UTC Syncing #13335227 0x89d3…1c88     0.44 blk/s   47.3 tx/s    3.7 Mgas/s      0+   17 Qed Ancient:#11164656 LI:#13335244    8/25 peers    109 KiB chain    3 MiB queue  RPC:  0 conn,    0 req/s,    0 µs
2021-10-01 19:01:48 UTC Syncing #13335228 0xcf36…85a1     0.18 blk/s   18.6 tx/s    1.9 Mgas/s      0+   17 Qed Ancient:#11164660 LI:#13335246    8/25 peers    215 KiB chain    4 MiB queue  RPC:  0 conn,    0 req/s,    0 µs
2021-10-01 19:02:05 UTC Syncing #13335230 0xafde…156b     0.14 blk/s    9.6 tx/s    0.9 Mgas/s      0+   16 Qed Ancient:#11164800 LI:#13335246    8/25 peers      2 MiB chain    4 MiB queue  RPC:  0 conn,    0 req/s,    0 µs
2021-10-01 19:02:05 UTC Syncing #13335229 0xe668…a2ea     0.20 blk/s   17.8 tx/s    1.6 Mgas/s      0+   17 Qed Ancient:#11164661 LI:#13335246    8/25 peers    215 KiB chain    4 MiB queue  RPC:  0 conn,    0 req/s,    0 µs
2021-10-01 19:02:05 UTC Syncing #13335230 0xafde…156b     0.17 blk/s    8.9 tx/s    0.8 Mgas/s      0+   16 Qed Ancient:#11164800 LI:#13335246    8/25 peers      2 MiB chain    4 MiB queue  RPC:  0 conn,    0 req/s,    0 µs
2021-10-01 19:02:11 UTC Syncing #13335230 0xafde…156b     0.00 blk/s    0.0 tx/s    0.0 Mgas/s      0+   17 Qed Ancient:#11164801 LI:#13335248    8/25 peers      2 MiB chain    4 MiB queue  RPC:  0 conn,    0 req/s,    0 µs
2021-10-01 19:02:16 UTC Syncing #13335230 0xafde…156b     0.00 blk/s    0.0 tx/s    0.0 Mgas/s      0+   17 Qed Ancient:#11164801 LI:#13335249    8/25 peers      2 MiB chain    4 MiB queue  RPC:  0 conn,    0 req/s,    0 µs
2021-10-01 19:02:19 UTC Syncing #13335230 0xafde…156b     0.00 blk/s    0.0 tx/s    0.0 Mgas/s      0+   18 Qed Ancient:#11164801 LI:#13335249    8/25 peers      2 MiB chain    4 MiB queue  RPC:  0 conn,    0 req/s,    0 µs
2021-10-01 19:02:24 UTC Syncing #13335230 0xafde…156b     0.00 blk/s    0.0 tx/s    0.0 Mgas/s      0+   18 Qed Ancient:#11164801 LI:#13335249    8/25 peers      2 MiB chain    4 MiB queue  RPC:  0 conn,    0 req/s,    0 µs
2021-10-01 19:02:38 UTC Syncing #13335230 0xafde…156b     0.00 blk/s    0.0 tx/s    0.0 Mgas/s      0+   18 Qed Ancient:#11164801 LI:#13335249    8/25 peers      2 MiB chain    4 MiB queue  RPC:  0 conn,    0 req/s,    0 µs
2021-10-01 19:02:38 UTC Syncing #13335230 0xafde…156b     0.00 blk/s    0.0 tx/s    0.0 Mgas/s      0+   18 Qed Ancient:#11164801 LI:#13335249    8/25 peers      2 MiB chain    4 MiB queue  RPC:  0 conn,    0 req/s,    0 µs
2021-10-01 19:02:39 UTC Syncing #13335230 0xafde…156b     0.00 blk/s    0.0 tx/s    0.0 Mgas/s      0+   19 Qed Ancient:#11164801 LI:#13335250    8/25 peers      2 MiB chain    4 MiB queue  RPC:  0 conn,    0 req/s,    0 µs
2021-10-01 19:02:53 UTC Syncing #13335231 0x967f…1394     0.20 blk/s   50.4 tx/s    5.5 Mgas/s      0+   18 Qed Ancient:#11164802 LI:#13335250    7/25 peers      2 MiB chain    4 MiB queue  RPC:  0 conn,    0 req/s,    0 µs
2021-10-01 19:02:53 UTC Syncing #13335232 0x3db3…255d     0.20 blk/s   43.8 tx/s    4.4 Mgas/s      0+   17 Qed Ancient:#11164803 LI:#13335250    7/25 peers      2 MiB chain    4 MiB queue  RPC:  0 conn,    0 req/s,    0 µs
2021-10-01 19:03:01 UTC Syncing #13335234 0xbd99…d7a4     0.20 blk/s    8.5 tx/s    0.7 Mgas/s      0+   16 Qed Ancient:#11164805 LI:#13335251    7/25 peers      2 MiB chain    4 MiB queue  RPC:  0 conn,    0 req/s,    0 µs
2021-10-01 19:03:01 UTC Syncing #13335232 0x3db3…255d     0.00 blk/s    0.0 tx/s    0.0 Mgas/s      0+   18 Qed Ancient:#11164803 LI:#13335251    7/25 peers      2 MiB chain    4 MiB queue  RPC:  0 conn,    0 req/s,    0 µs
2021-10-01 19:03:08 UTC Syncing #13335234 0xbd99…d7a4     0.00 blk/s    0.0 tx/s    0.0 Mgas/s      0+   17 Qed Ancient:#11164805 LI:#13335253    7/25 peers      2 MiB chain    4 MiB queue  RPC:  0 conn,    0 req/s,    0 µs
2021-10-01 19:03:09 UTC Syncing #13335234 0xbd99…d7a4     0.00 blk/s    0.0 tx/s    0.0 Mgas/s      0+   18 Qed Ancient:#11164805 LI:#13335253    7/25 peers      2 MiB chain    4 MiB queue  RPC:  0 conn,    0 req/s,    0 µs
2021-10-01 19:03:14 UTC Syncing #13335234 0xbd99…d7a4     0.00 blk/s    0.0 tx/s    0.0 Mgas/s      0+   18 Qed Ancient:#11164805 LI:#13335253    7/25 peers      2 MiB chain    4 MiB queue  RPC:  0 conn,    0 req/s,    0 µs
2021-10-01 19:03:27 UTC Syncing #13335235 0x0cbd…61f3     0.20 blk/s   23.8 tx/s    3.4 Mgas/s      0+   17 Qed Ancient:#11164806 LI:#13335253    7/25 peers      2 MiB chain    4 MiB queue  RPC:  0 conn,    0 req/s,    0 µs
2021-10-01 19:03:27 UTC Syncing #13335235 0x0cbd…61f3     0.10 blk/s   11.9 tx/s    1.7 Mgas/s      0+   17 Qed Ancient:#11164806 LI:#13335253    7/25 peers      2 MiB chain    4 MiB queue  RPC:  0 conn,    0 req/s,    0 µs
2021-10-01 19:03:29 UTC Syncing #13335235 0x0cbd…61f3     0.00 blk/s    0.0 tx/s    0.0 Mgas/s      0+   17 Qed Ancient:#11164806 LI:#13335253    6/25 peers      2 MiB chain    4 MiB queue  RPC:  0 conn,    0 req/s,    0 µs
2021-10-01 19:03:41 UTC Syncing #13335237 0x24a8…5b0c     0.40 blk/s   63.0 tx/s    5.7 Mgas/s      0+   15 Qed Ancient:#11164809 LI:#13335253    6/25 peers      2 MiB chain    4 MiB queue  RPC:  0 conn,    0 req/s,    0 µs
2021-10-01 19:03:41 UTC Syncing #13335237 0x24a8…5b0c     0.20 blk/s   31.5 tx/s    2.8 Mgas/s      0+   15 Qed Ancient:#11164809 LI:#13335253    6/25 peers      2 MiB chain    4 MiB queue  RPC:  0 conn,    0 req/s,    0 µs
2021-10-01 19:03:49 UTC Syncing #13335238 0x6a63…b21e     0.20 blk/s   23.2 tx/s    1.8 Mgas/s      0+   14 Qed Ancient:#11164810 LI:#13335255    6/25 peers      2 MiB chain    3 MiB queue  RPC:  0 conn,    0 req/s,    0 µs
2021-10-01 19:03:49 UTC Syncing #13335238 0x6a63…b21e     0.00 blk/s    0.0 tx/s    0.0 Mgas/s      0+   15 Qed Ancient:#11164810 LI:#13335255    6/25 peers      2 MiB chain    4 MiB queue  RPC:  0 conn,    0 req/s,    0 µs
2021-10-01 19:03:54 UTC Syncing #13335238 0x6a63…b21e     0.00 blk/s    0.0 tx/s    0.0 Mgas/s      0+   18 Qed Ancient:#11164810 LI:#13335257    6/25 peers      2 MiB chain    4 MiB queue  RPC:  0 conn,    0 req/s,    0 µs
2021-10-01 19:04:16 UTC Syncing #13335239 0xd74c…7394     0.10 blk/s   24.6 tx/s    1.6 Mgas/s      0+   17 Qed Ancient:#11164811 LI:#13335257    6/25 peers      2 MiB chain    4 MiB queue  RPC:  0 conn,    0 req/s,    0 µs
2021-10-01 19:04:16 UTC Syncing #13335239 0xd74c…7394     0.00 blk/s    0.0 tx/s    0.0 Mgas/s      0+   17 Qed Ancient:#11164811 LI:#13335257    6/25 peers      2 MiB chain    4 MiB queue  RPC:  0 conn,    0 req/s,    0 µs
2021-10-01 19:04:16 UTC Syncing #13335239 0xd74c…7394     0.20 blk/s   49.2 tx/s    3.2 Mgas/s      0+   17 Qed Ancient:#11164811 LI:#13335257    6/25 peers      2 MiB chain    4 MiB queue  RPC:  0 conn,    0 req/s,    0 µs
2021-10-01 19:04:16 UTC Syncing #13335239 0xd74c…7394     0.00 blk/s    0.0 tx/s    0.0 Mgas/s      0+   17 Qed Ancient:#11164811 LI:#13335257    6/25 peers      2 MiB chain    4 MiB queue  RPC:  0 conn,    0 req/s,    0 µs
2021-10-01 19:04:19 UTC Syncing #13335239 0xd74c…7394     0.00 blk/s    0.0 tx/s    0.0 Mgas/s      0+   17 Qed Ancient:#11164811 LI:#13335257    6/25 peers      2 MiB chain    4 MiB queue  RPC:  0 conn,    0 req/s,    0 µs
2021-10-01 19:04:44 UTC Syncing #13335240 0x274a…aba5     0.20 blk/s   77.6 tx/s    5.8 Mgas/s      0+   16 Qed Ancient:#11164812 LI:#13335257    6/25 peers      4 MiB chain    4 MiB queue  RPC:  0 conn,    0 req/s,    0 µs
2021-10-01 19:04:44 UTC Syncing #13335241 0x2d81…08d2     0.10 blk/s    7.6 tx/s    0.7 Mgas/s      0+   15 Qed Ancient:#11164813 LI:#13335257    6/25 peers      4 MiB chain    3 MiB queue  RPC:  0 conn,    0 req/s,    0 µs
2021-10-01 19:04:44 UTC Syncing #13335241 0x2d81…08d2     0.20 blk/s   46.8 tx/s    3.6 Mgas/s      0+   15 Qed Ancient:#11164813 LI:#13335257    6/25 peers      4 MiB chain    3 MiB queue  RPC:  0 conn,    0 req/s,    0 µs
2021-10-01 19:04:44 UTC Syncing #13335241 0x2d81…08d2     0.00 blk/s    0.0 tx/s    0.0 Mgas/s      0+   15 Qed Ancient:#11164813 LI:#13335257    6/25 peers      4 MiB chain    3 MiB queue  RPC:  0 conn,    0 req/s,    0 µs
2021-10-01 19:04:49 UTC Syncing #13335241 0x2d81…08d2     0.00 blk/s    0.0 tx/s    0.0 Mgas/s      0+   17 Qed Ancient:#11164813 LI:#13335259    6/25 peers      4 MiB chain    4 MiB queue  RPC:  0 conn,    0 req/s,    0 µs
2021-10-01 19:04:54 UTC Syncing #13335241 0x2d81…08d2     0.00 blk/s    0.0 tx/s    0.0 Mgas/s      0+   18 Qed Ancient:#11164813 LI:#13335260    6/25 peers      4 MiB chain    4 MiB queue  RPC:  0 conn,    0 req/s,    0 µs
2021-10-01 19:05:09 UTC Syncing #13335242 0xe8d7…709e     0.20 blk/s   71.4 tx/s    6.0 Mgas/s      0+   17 Qed Ancient:#11164815 LI:#13335260    9/25 peers      4 MiB chain    4 MiB queue  RPC:  0 conn,    0 req/s,    0 µs
2021-10-01 19:05:09 UTC Syncing #13335242 0xe8d7…709e     0.10 blk/s   35.7 tx/s    3.0 Mgas/s      0+   17 Qed Ancient:#11164815 LI:#13335261    8/25 peers      4 MiB chain    4 MiB queue  RPC:  0 conn,    0 req/s,    0 µs
2021-10-01 19:05:09 UTC Syncing #13335242 0xe8d7…709e     0.00 blk/s    0.0 tx/s    0.0 Mgas/s      0+   18 Qed Ancient:#11164815 LI:#13335261    8/25 peers      4 MiB chain    4 MiB queue  RPC:  0 conn,    0 req/s,    0 µs
2021-10-01 19:05:23 UTC Syncing #13335244 0x0522…8488     0.20 blk/s   54.6 tx/s    6.0 Mgas/s      0+   16 Qed Ancient:#11164818 LI:#13335261    9/25 peers      4 MiB chain    3 MiB queue  RPC:  0 conn,    0 req/s,    0 µs
2021-10-01 19:05:23 UTC Syncing #13335243 0x403e…e65c     0.20 blk/s   58.0 tx/s    6.0 Mgas/s      0+   17 Qed Ancient:#11164817 LI:#13335261    9/25 peers      4 MiB chain    4 MiB queue  RPC:  0 conn,    0 req/s,    0 µs
2021-10-01 19:05:35 UTC Syncing #13335245 0xbbf5…d86d     0.20 blk/s   50.2 tx/s    6.0 Mgas/s      0+   16 Qed Ancient:#11164819 LI:#13335262    7/25 peers      4 MiB chain    4 MiB queue  RPC:  0 conn,    0 req/s,    0 µs
2021-10-01 19:05:35 UTC Syncing #13335245 0xbbf5…d86d     0.00 blk/s    0.0 tx/s    0.0 Mgas/s      0+   16 Qed Ancient:#11164819 LI:#13335262    7/25 peers      4 MiB chain    4 MiB queue  RPC:  0 conn,    0 req/s,    0 µs
2021-10-01 19:05:35 UTC Syncing #13335244 0x0522…8488     0.20 blk/s   51.2 tx/s    6.0 Mgas/s      0+   17 Qed Ancient:#11164818 LI:#13335262    7/25 peers      4 MiB chain    4 MiB queue  RPC:  0 conn,    0 req/s,    0 µs
2021-10-01 19:05:45 UTC Syncing #13335245 0xbbf5…d86d     0.20 blk/s   49.2 tx/s    6.0 Mgas/s      0+   16 Qed Ancient:#11164819 LI:#13335262    7/25 peers      4 MiB chain    4 MiB queue  RPC:  0 conn,    0 req/s,    0 µs
2021-10-01 19:05:45 UTC Syncing #13335246 0x51d6…1c22     0.20 blk/s   47.9 tx/s    6.0 Mgas/s      0+   15 Qed Ancient:#11164820 LI:#13335262    7/25 peers      4 MiB chain    3 MiB queue  RPC:  0 conn,    0 req/s,    0 µs