INFO [05-11|21:53:57.427] Looking for peers                        peercount=10 tried=3 static=0
INFO [05-11|21:53:57.788] Downloader queue stats                   receiptTasks=0    blockTasks=0    itemSize=239.71KiB throttle=274
INFO [05-11|21:53:59.311] Imported new state entries               count=384  elapsed="3µs"       processed=605860776 pending=15171 trieretry=2    coderetry=0 duplicate=0 unexpected=11
INFO [05-11|21:54:00.559] Initializing state bloom                 items=111755760 errorrate=0.000 elapsed=6m56.227s
INFO [05-11|21:54:02.905] Imported new block headers               count=1    elapsed=6.424ms     number=12415654 hash="a6923e…01ca6e"
INFO [05-11|21:54:05.465] Imported new state entries               count=384  elapsed="98µs"      processed=605861160 pending=15549 trieretry=0    coderetry=0 duplicate=0 unexpected=11
INFO [05-11|21:54:05.934] Imported new block headers               count=1    elapsed=8.723ms     number=12415655 hash="d8b474…9df088"
INFO [05-11|21:54:07.428] Looking for peers                        peercount=12 tried=5 static=0
INFO [05-11|21:54:08.559] Initializing state bloom                 items=115114583 errorrate=0.000 elapsed=7m4.227s
INFO [05-11|21:54:14.195] Imported new state entries               count=768  elapsed="546.601µs" processed=605861928 pending=16288 trieretry=0    coderetry=0 duplicate=0 unexpected=11
INFO [05-11|21:54:16.560] Initializing state bloom                 items=118336921 errorrate=0.000 elapsed=7m12.228s
INFO [05-11|21:54:17.432] Imported new state entries               count=848  elapsed=4.195ms     processed=605862776 pending=15863 trieretry=384  coderetry=0 duplicate=0 unexpected=11
INFO [05-11|21:54:17.432] Looking for peers                        peercount=13 tried=4 static=0
INFO [05-11|21:54:21.859] Imported new state entries               count=336  elapsed="195.701µs" processed=605863112 pending=16183 trieretry=48   coderetry=0 duplicate=0 unexpected=11
INFO [05-11|21:54:24.127] Imported new block headers               count=1    elapsed=9.949ms     number=12415656 hash="e11bfd…888aa8"
INFO [05-11|21:54:24.560] Initializing state bloom                 items=121552388 errorrate=0.000 elapsed=7m20.228s
INFO [05-11|21:54:27.396] Imported new state entries               count=384  elapsed="164.901µs" processed=605863496 pending=16538 trieretry=2    coderetry=0 duplicate=0 unexpected=11
INFO [05-11|21:54:27.433] Looking for peers                        peercount=15 tried=3 static=0
INFO [05-11|21:54:31.558] Imported new state entries               count=384  elapsed="3.4µs"     processed=605863880 pending=16986 trieretry=0    coderetry=0 duplicate=0 unexpected=11
INFO [05-11|21:54:32.561] Initializing state bloom                 items=124605367 errorrate=0.000 elapsed=7m28.229s
INFO [05-11|21:54:35.400] Imported new state entries               count=500  elapsed="819.701µs" processed=605864380 pending=17230 trieretry=268  coderetry=0 duplicate=0 unexpected=11
INFO [05-11|21:54:37.436] Looking for peers                        peercount=16 tried=5 static=0
INFO [05-11|21:54:39.316] Imported new block headers               count=1    elapsed=12.977ms    number=12415657 hash="dc5faf…790d26"
INFO [05-11|21:54:40.562] Initializing state bloom                 items=127863352 errorrate=0.000 elapsed=7m36.230s
INFO [05-11|21:54:40.685] Imported new state entries               count=1152 elapsed=4.457ms     processed=605865532 pending=16698 trieretry=0    coderetry=0 duplicate=0 unexpected=11
WARN [05-11|21:54:40.994] Dropping unsynced node during sync       id=618f917a3045dd21 conn=inbound addr=100.25.32.198:5763   type=Geth/v1.10.3-stable/...
WARN [05-11|21:54:41.435] Dropping unsynced node during sync       id=13601d7cfa142b42 conn=inbound addr=155.138.197.138:33758 type=Geth/v1.10.3-unstabl...
INFO [05-11|21:54:43.084] Imported new state entries               count=516  elapsed=2.716ms     processed=605866048 pending=16152 trieretry=0    coderetry=0 duplicate=0 unexpected=11
WARN [05-11|21:54:46.944] Dropping unsynced node during sync       id=8e230435a8a65ee6 conn=inbound addr=155.138.253.221:36800 type=Geth/v1.10.3-unstabl...
INFO [05-11|21:54:47.437] Looking for peers                        peercount=17 tried=3 static=0
INFO [05-11|21:54:48.081] Imported new state entries               count=384  elapsed="3.8µs"     processed=605866432 pending=16562 trieretry=0    coderetry=0 duplicate=0 unexpected=11
INFO [05-11|21:54:48.563] Initializing state bloom                 items=130948562 errorrate=0.000 elapsed=7m44.231s
INFO [05-11|21:54:53.428] Imported new state entries               count=703  elapsed=3.756ms     processed=605867135 pending=16216 trieretry=0    coderetry=0 duplicate=0 unexpected=11
INFO [05-11|21:54:56.563] Initializing state bloom                 items=134127330 errorrate=0.000 elapsed=7m52.231s
INFO [05-11|21:54:57.294] Imported new state entries               count=384  elapsed="2.6µs"     processed=605867519 pending=16681 trieretry=2    coderetry=0 duplicate=0 unexpected=11
INFO [05-11|21:54:57.440] Looking for peers                        peercount=18 tried=4 static=0
INFO [05-11|21:55:00.613] Imported new block headers               count=1    elapsed=29.115ms    number=12415658 hash="e78298…21e4a8" age=1m1s
INFO [05-11|21:55:00.849] Downloader queue stats                   receiptTasks=0    blockTasks=0    itemSize=243.27KiB throttle=270
INFO [05-11|21:55:02.294] Imported new state entries               count=384  elapsed="2.5µs"     processed=605867903 pending=17134 trieretry=0    coderetry=0 duplicate=0 unexpected=11
INFO [05-11|21:55:04.564] Initializing state bloom                 items=137417947 errorrate=0.000 elapsed=8m0.232s
INFO [05-11|21:55:05.265] Imported new state entries               count=768  elapsed=4.810ms     processed=605868671 pending=16263 trieretry=0    coderetry=0 duplicate=0 unexpected=11
INFO [05-11|21:55:06.712] Imported new block headers               count=1    elapsed=13.737ms    number=12415659 hash="ddb0e5…7b3701"
INFO [05-11|21:55:07.652] Looking for peers                        peercount=21 tried=1 static=0
WARN [05-11|21:55:07.874] Dropping unsynced node during sync       id=71bfbfc641e8a44c conn=inbound addr=89.10.238.57:11625    type=OpenEthereum/v3.2.5-...
INFO [05-11|21:55:08.527] Imported new state entries               count=500  elapsed=2.841ms     processed=605869171 pending=16024 trieretry=2    coderetry=0 duplicate=0 unexpected=11
INFO [05-11|21:55:12.564] Initializing state bloom                 items=140473118 errorrate=0.000 elapsed=8m8.232s
INFO [05-11|21:55:12.827] Imported new block headers               count=1    elapsed=9.127ms     number=12415660 hash="0e776f…e7c771"