INFO [05-09|14:31:30.420] Imported new block headers               count=1    elapsed=7.332ms     number=12400697 hash="dbbb49…5cdf6e" age=1m27s
INFO [05-09|14:31:31.548] Imported new state entries               count=384  elapsed="2.4µs"     processed=573145587 pending=119765 trieretry=0    coderetry=0 duplicate=0 unexpected=3282
INFO [05-09|14:31:38.667] Imported new state entries               count=384  elapsed="2.7µs"     processed=573145971 pending=120152 trieretry=0    coderetry=0 duplicate=0 unexpected=3282
INFO [05-09|14:31:39.752] Imported new block headers               count=1    elapsed=6.874ms     number=12400698 hash="9ca108…736309" age=1m19s
INFO [05-09|14:31:48.125] Imported new state entries               count=399  elapsed="3µs"       processed=573146370 pending=120615 trieretry=0    coderetry=0 duplicate=0 unexpected=3282
INFO [05-09|14:31:55.694] Imported new state entries               count=418  elapsed="2.5µs"     processed=573146788 pending=121039 trieretry=0    coderetry=0 duplicate=0 unexpected=3282
INFO [05-09|14:32:02.317] Imported new state entries               count=384  elapsed="2.6µs"     processed=573147172 pending=121424 trieretry=0    coderetry=0 duplicate=0 unexpected=3282
INFO [05-09|14:32:07.581] Imported new block headers               count=1    elapsed=7.757ms     number=12400699 hash="cc0e3f…eb71bf"
INFO [05-09|14:32:07.837] Imported new state entries               count=384  elapsed="2.5µs"     processed=573147556 pending=121812 trieretry=382  coderetry=0 duplicate=0 unexpected=3282
INFO [05-09|14:32:14.344] Imported new state entries               count=384  elapsed="2.4µs"     processed=573147940 pending=122199 trieretry=382  coderetry=0 duplicate=0 unexpected=3282
INFO [05-09|14:32:16.910] Imported new block headers               count=1    elapsed=5.986ms     number=12400700 hash="516367…e080f5"
INFO [05-09|14:32:20.076] Imported new block headers               count=1    elapsed=6.630ms     number=12400701 hash="997652…5ca87b"
INFO [05-09|14:32:21.714] Imported new state entries               count=384  elapsed="2.4µs"     processed=573148324 pending=122585 trieretry=0    coderetry=0 duplicate=0 unexpected=3282
INFO [05-09|14:32:29.408] Imported new block headers               count=1    elapsed=5.999ms     number=12400702 hash="bd4eac…377127"
INFO [05-09|14:32:29.537] Imported new state entries               count=384  elapsed="2.3µs"     processed=573148708 pending=122977 trieretry=0    coderetry=0 duplicate=0 unexpected=3282
INFO [05-09|14:32:30.366] Downloader queue stats                   receiptTasks=0 blockTasks=0 itemSize=289.16KiB throttle=227
INFO [05-09|14:32:35.261] Imported new state entries               count=768  elapsed="308.201µs" processed=573149476 pending=123704 trieretry=0    coderetry=0 duplicate=0 unexpected=3282
INFO [05-09|14:32:41.427] Imported new state entries               count=768  elapsed="488.801µs" processed=573150244 pending=124425 trieretry=0    coderetry=0 duplicate=0 unexpected=3282
INFO [05-09|14:32:41.825] Imported new block headers               count=1    elapsed=7.498ms     number=12400703 hash="eacc92…633068"
INFO [05-09|14:32:47.122] Imported new state entries               count=768  elapsed="325.401µs" processed=573151012 pending=125148 trieretry=0    coderetry=0 duplicate=0 unexpected=3282
INFO [05-09|14:32:52.848] Imported new state entries               count=768  elapsed="271.901µs" processed=573151780 pending=125864 trieretry=0    coderetry=0 duplicate=0 unexpected=3282
INFO [05-09|14:33:00.172] Imported new state entries               count=768  elapsed=5.009ms     processed=573152548 pending=126571 trieretry=0    coderetry=0 duplicate=0 unexpected=3282
INFO [05-09|14:33:04.008] Imported new state entries               count=0    elapsed="9.8µs"     processed=573152548 pending=126909 trieretry=2    coderetry=0 duplicate=0 unexpected=3284
INFO [05-09|14:33:09.320] Imported new state entries               count=768  elapsed="648.002µs" processed=573153316 pending=127279 trieretry=0    coderetry=0 duplicate=0 unexpected=3284
INFO [05-09|14:33:09.655] Imported new block headers               count=1    elapsed=6.407ms     number=12400704 hash="5b26f7…4586c1"