2021-09-22 01:34:28 UTC Syncing #13272655 0x68c4…935a     0.20 blk/s   39.4 tx/s    2.7 Mgas/s      0+   11 Qed Ancient:#5625010 LI:#13272666   29/50 peers      3 MiB chain    3 MiB queue  RPC:  0 conn,    0 req/s,    0 µs
2021-09-22 01:34:33 UTC Syncing #13272656 0xe44f…4998     0.20 blk/s   58.2 tx/s    3.3 Mgas/s      0+   10 Qed Ancient:#5625011 LI:#13272666   29/50 peers      3 MiB chain    3 MiB queue  RPC:  0 conn,    0 req/s,    0 µs
2021-09-22 01:34:38 UTC Syncing #13272657 0xbbd5…1acc     0.20 blk/s   35.4 tx/s    2.2 Mgas/s      0+    9 Qed Ancient:#5625012 LI:#13272666   29/50 peers      3 MiB chain    2 MiB queue  RPC:  0 conn,    0 req/s,    0 µs
2021-09-22 01:34:43 UTC Syncing #13272658 0x2c61…6dd2     0.20 blk/s   29.4 tx/s    2.5 Mgas/s      0+    8 Qed Ancient:#5625013 LI:#13272666   29/50 peers      3 MiB chain    2 MiB queue  RPC:  0 conn,    0 req/s,    0 µs
2021-09-22 01:34:48 UTC Syncing #13272660 0x0a09…9abb     0.60 blk/s   79.2 tx/s    5.9 Mgas/s      0+    5 Qed Ancient:#5625016 LI:#13272666   29/50 peers      4 MiB chain    1 MiB queue  RPC:  0 conn,    0 req/s,    0 µs
2021-09-22 01:35:18 UTC  Ancient:#5625023 AB:#5628827   31/50 peers      4 MiB chain  0 bytes queue  RPC:  0 conn,    0 req/s,    0 µs
2021-09-22 01:35:40 UTC Imported #13272667 0x3619…50b5 (541 txs, 29.98 Mgas, 10958 ms, 159.46 KiB)
2021-09-22 01:35:49 UTC  Ancient:#5627289 AB:#5629335   27/50 peers      5 MiB chain    1 KiB queue  RPC:  0 conn,    0 req/s,    0 µs
2021-09-22 01:35:58 UTC Imported #13272669 0x4a91…46bd (0 txs, 0.00 Mgas, 9 ms, 0.53 KiB)
2021-09-22 01:36:24 UTC  Ancient:#5628561 AB:#5629970   22/25 peers      5 MiB chain  0 bytes queue  RPC:  0 conn,    0 req/s,    0 µs
2021-09-22 01:36:58 UTC  Ancient:#5628563 AB:#5631877   23/25 peers      5 MiB chain  620 KiB queue  RPC:  0 conn,    0 req/s,    0 µs
2021-09-22 01:37:32 UTC  Ancient:#5628565 AB:#5631877   24/25 peers      5 MiB chain  435 KiB queue  RPC:  0 conn,    0 req/s,    0 µs
2021-09-22 01:37:58 UTC Syncing #13272673 0xefc2…dfc2     0.00 blk/s    0.0 tx/s    0.0 Mgas/s      0+    4 Qed Ancient:#5628565 LI:#13272678   21/25 peers      5 MiB chain    1 MiB queue  RPC:  0 conn,    0 req/s,    0 µs
2021-09-22 01:38:04 UTC Syncing #13272673 0xefc2…dfc2     0.00 blk/s    0.0 tx/s    0.0 Mgas/s      0+    4 Qed Ancient:#5628565 LI:#13272678   24/25 peers      5 MiB chain    1 MiB queue  RPC:  0 conn,    0 req/s,    0 µs
2021-09-22 01:38:28 UTC Syncing #13272674 0xc045…8f14     0.04 blk/s   12.3 tx/s    1.0 Mgas/s      0+    4 Qed Ancient:#5628566 LI:#13272679   25/25 peers      5 MiB chain    1 MiB queue  RPC:  0 conn,    0 req/s,    0 µs
2021-09-22 01:38:34 UTC Syncing #13272674 0xc045…8f14     0.00 blk/s    0.0 tx/s    0.0 Mgas/s      0+    6 Qed Ancient:#5628566 LI:#13272682   24/25 peers      5 MiB chain    1 MiB queue  RPC:  0 conn,    0 req/s,    0 µs
2021-09-22 01:38:38 UTC Syncing #13272674 0xc045…8f14     0.00 blk/s    0.0 tx/s    0.0 Mgas/s      0+    8 Qed Ancient:#5628566 LI:#13272683   23/25 peers      5 MiB chain    2 MiB queue  RPC:  0 conn,    0 req/s,    0 µs
2021-09-22 01:38:43 UTC Syncing #13272675 0x78ed…cf34     0.20 blk/s   79.2 tx/s    4.8 Mgas/s      0+    9 Qed Ancient:#5628566 LI:#13272684   23/25 peers      5 MiB chain    2 MiB queue  RPC:  0 conn,    0 req/s,    0 µs
2021-09-22 01:38:48 UTC Syncing #13272676 0xada0…c866     0.20 blk/s    2.4 tx/s    0.2 Mgas/s      0+    7 Qed Ancient:#5628568 LI:#13272684   23/25 peers      5 MiB chain    1 MiB queue  RPC:  0 conn,    0 req/s,    0 µs
2021-09-22 01:38:54 UTC Syncing #13272676 0xada0…c866     0.00 blk/s    0.0 tx/s    0.0 Mgas/s      0+    7 Qed Ancient:#5628568 LI:#13272684   23/25 peers      5 MiB chain    1 MiB queue  RPC:  0 conn,    0 req/s,    0 µs
2021-09-22 01:38:58 UTC Syncing #13272676 0xada0…c866     0.00 blk/s    0.0 tx/s    0.0 Mgas/s      0+    7 Qed Ancient:#5628568 LI:#13272684   24/25 peers      7 MiB chain    1 MiB queue  RPC:  0 conn,    0 req/s,    0 µs
2021-09-22 01:39:03 UTC Syncing #13272676 0xada0…c866     0.00 blk/s    0.0 tx/s    0.0 Mgas/s      0+    7 Qed Ancient:#5628568 LI:#13272684   24/25 peers      7 MiB chain    1 MiB queue  RPC:  0 conn,    0 req/s,    0 µs
2021-09-22 01:39:12 UTC Syncing #13272676 0xada0…c866     0.00 blk/s    0.0 tx/s    0.0 Mgas/s      0+    8 Qed Ancient:#5628568 LI:#13272685   24/25 peers      7 MiB chain    2 MiB queue  RPC:  0 conn,    0 req/s,    0 µs
2021-09-22 01:39:13 UTC Syncing #13272676 0xada0…c866     0.00 blk/s    0.0 tx/s    0.0 Mgas/s      0+    9 Qed Ancient:#5628568 LI:#13272686   23/25 peers      6 MiB chain    2 MiB queue  RPC:  0 conn,    0 req/s,    0 µs
2021-09-22 01:39:23 UTC Syncing #13272677 0x218d…3a45     0.20 blk/s   70.0 tx/s    5.7 Mgas/s      0+    9 Qed Ancient:#5628569 LI:#13272687   24/25 peers      4 MiB chain    2 MiB queue  RPC:  0 conn,    0 req/s,    0 µs
2021-09-22 01:39:30 UTC Syncing #13272678 0x96c8…7cc3     0.10 blk/s    4.0 tx/s    0.3 Mgas/s      0+    8 Qed Ancient:#5628570 LI:#13272687   24/25 peers      4 MiB chain    1 MiB queue  RPC:  0 conn,    0 req/s,    0 µs
2021-09-22 01:39:30 UTC Syncing #13272678 0x96c8…7cc3     0.20 blk/s    8.0 tx/s    0.5 Mgas/s      0+    8 Qed Ancient:#5628570 LI:#13272687   24/25 peers      4 MiB chain    1 MiB queue  RPC:  0 conn,    0 req/s,    0 µs
2021-09-22 01:39:34 UTC Syncing #13272678 0x96c8…7cc3     0.00 blk/s    0.0 tx/s    0.0 Mgas/s      0+    9 Qed Ancient:#5628570 LI:#13272688   24/25 peers      4 MiB chain    2 MiB queue  RPC:  0 conn,    0 req/s,    0 µs
2021-09-22 01:39:38 UTC Syncing #13272678 0x96c8…7cc3     0.00 blk/s    0.0 tx/s    0.0 Mgas/s      0+    9 Qed Ancient:#5628570 LI:#13272688   24/25 peers      4 MiB chain    2 MiB queue  RPC:  0 conn,    0 req/s,    0 µs
2021-09-22 01:39:55 UTC Syncing #13272682 0xe3b0…b4b3     0.40 blk/s   47.3 tx/s    3.8 Mgas/s      0+    5 Qed Ancient:#5628574 LI:#13272688   24/25 peers      5 MiB chain    1 MiB queue  RPC:  0 conn,    0 req/s,    0 µs
2021-09-22 01:39:55 UTC Syncing #13272682 0xe3b0…b4b3     0.00 blk/s    0.0 tx/s    0.0 Mgas/s      0+    5 Qed Ancient:#5628574 LI:#13272688   24/25 peers      5 MiB chain    1 MiB queue  RPC:  0 conn,    0 req/s,    0 µs
2021-09-22 01:39:55 UTC Syncing #13272680 0xd06b…c477     0.40 blk/s   87.0 tx/s    6.1 Mgas/s      0+    7 Qed Ancient:#5628572 LI:#13272688   24/25 peers      4 MiB chain    2 MiB queue  RPC:  0 conn,    0 req/s,    0 µs
2021-09-22 01:40:00 UTC Syncing #13272682 0xe3b0…b4b3     0.40 blk/s    7.6 tx/s    1.5 Mgas/s      0+    5 Qed Ancient:#5628574 LI:#13272688   23/25 peers      5 MiB chain    1 MiB queue  RPC:  0 conn,    0 req/s,    0 µs
2021-09-22 01:40:03 UTC Syncing #13272682 0xe3b0…b4b3     0.00 blk/s    0.0 tx/s    0.0 Mgas/s      0+    6 Qed Ancient:#5628574 LI:#13272689   23/25 peers      5 MiB chain    2 MiB queue  RPC:  0 conn,    0 req/s,    0 µs
2021-09-22 01:40:08 UTC Syncing #13272682 0xe3b0…b4b3     0.00 blk/s    0.0 tx/s    0.0 Mgas/s      0+    6 Qed Ancient:#5628574 LI:#13272689   24/25 peers      5 MiB chain    2 MiB queue  RPC:  0 conn,    0 req/s,    0 µs
2021-09-22 01:40:19 UTC Syncing #13272683 0x200c…f970     0.10 blk/s   19.6 tx/s    3.0 Mgas/s      0+    6 Qed Ancient:#5628575 LI:#13272690   23/25 peers      5 MiB chain    2 MiB queue  RPC:  0 conn,    0 req/s,    0 µs
2021-09-22 01:40:19 UTC Syncing #13272683 0x200c…f970     0.20 blk/s   39.2 tx/s    6.0 Mgas/s      0+    6 Qed Ancient:#5628575 LI:#13272690   23/25 peers      5 MiB chain    2 MiB queue  RPC:  0 conn,    0 req/s,    0 µs
2021-09-22 01:40:28 UTC Syncing #13272684 0xe851…92d0     0.20 blk/s   29.8 tx/s    3.1 Mgas/s      0+    5 Qed Ancient:#5628576 LI:#13272690   23/25 peers      5 MiB chain    1 MiB queue  RPC:  0 conn,    0 req/s,    0 µs
2021-09-22 01:40:28 UTC Syncing #13272684 0xe851…92d0     0.00 blk/s    0.0 tx/s    0.0 Mgas/s      0+    5 Qed Ancient:#5628576 LI:#13272690   23/25 peers      5 MiB chain    1 MiB queue  RPC:  0 conn,    0 req/s,    0 µs
2021-09-22 01:40:33 UTC Syncing #13272684 0xe851…92d0     0.00 blk/s    0.0 tx/s    0.0 Mgas/s      0+    6 Qed Ancient:#5628576 LI:#13272691   23/25 peers      5 MiB chain    2 MiB queue  RPC:  0 conn,    0 req/s,    0 µs
2021-09-22 01:40:39 UTC Syncing #13272684 0xe851…92d0     0.00 blk/s    0.0 tx/s    0.0 Mgas/s      0+    6 Qed Ancient:#5628576 LI:#13272691   24/25 peers      5 MiB chain    2 MiB queue  RPC:  0 conn,    0 req/s,    0 µs
2021-09-22 01:40:45 UTC Syncing #13272684 0xe851…92d0     0.00 blk/s    0.0 tx/s    0.0 Mgas/s      0+    6 Qed Ancient:#5628576 LI:#13272691   24/25 peers      5 MiB chain    2 MiB queue  RPC:  0 conn,    0 req/s,    0 µs
2021-09-22 01:41:01 UTC Syncing #13272684 0xe851…92d0     0.00 blk/s    0.0 tx/s    0.0 Mgas/s      0+    6 Qed Ancient:#5628576 LI:#13272691   23/25 peers      5 MiB chain    2 MiB queue  RPC:  0 conn,    0 req/s,    0 µs
2021-09-22 01:41:01 UTC Syncing #13272686 0x5c5f…2a28     0.22 blk/s   32.8 tx/s    3.0 Mgas/s      0+    5 Qed Ancient:#5628847 LI:#13272691   23/25 peers      9 MiB chain    2 MiB queue  RPC:  0 conn,    0 req/s,    0 µs
2021-09-22 01:41:01 UTC Syncing #13272686 0x5c5f…2a28     0.00 blk/s    0.0 tx/s    0.0 Mgas/s      0+    4 Qed Ancient:#5628848 LI:#13272691   23/25 peers     23 KiB chain    1 MiB queue  RPC:  0 conn,    0 req/s,    0 µs
2021-09-22 01:41:04 UTC Syncing #13272686 0x5c5f…2a28     0.00 blk/s    0.0 tx/s    0.0 Mgas/s      0+    4 Qed Ancient:#5628848 LI:#13272691   23/25 peers     92 KiB chain    1 MiB queue  RPC:  0 conn,    0 req/s,    0 µs
2021-09-22 01:41:27 UTC Syncing #13272687 0xa962…ac64     0.05 blk/s    3.2 tx/s    0.2 Mgas/s      0+    5 Qed Ancient:#5628849 LI:#13272693   21/25 peers    109 KiB chain    2 MiB queue  RPC:  0 conn,    0 req/s,    0 µs