2021-09-22 01:45:42 UTC Syncing #13272703 0xab7d…6ab8     0.20 blk/s   52.0 tx/s    6.0 Mgas/s      0+    8 Qed Ancient:#5631405 LI:#13272712   14/25 peers    657 KiB chain    2 MiB queue  RPC:  0 conn,    0 req/s,    0 µs
2021-09-22 01:45:46 UTC Syncing #13272704 0xa36a…8c8a     0.20 blk/s   12.2 tx/s    1.3 Mgas/s      0+    8 Qed Ancient:#5631406 LI:#13272713   15/25 peers    657 KiB chain    2 MiB queue  RPC:  0 conn,    0 req/s,    0 µs
2021-09-22 01:45:50 UTC Syncing #13272704 0xa36a…8c8a     0.00 blk/s    0.0 tx/s    0.0 Mgas/s      0+    9 Qed Ancient:#5631406 LI:#13272714   14/25 peers    657 KiB chain    2 MiB queue  RPC:  0 conn,    0 req/s,    0 µs
2021-09-22 01:45:56 UTC Syncing #13272705 0x486c…c841     0.20 blk/s   29.0 tx/s    1.9 Mgas/s      0+    8 Qed Ancient:#5631407 LI:#13272714   14/25 peers    657 KiB chain    2 MiB queue  RPC:  0 conn,    0 req/s,    0 µs
2021-09-22 01:46:07 UTC Syncing #13272705 0x486c…c841     0.00 blk/s    0.0 tx/s    0.0 Mgas/s      0+    8 Qed Ancient:#5631407 LI:#13272714   14/25 peers    657 KiB chain    2 MiB queue  RPC:  0 conn,    0 req/s,    0 µs
2021-09-22 01:46:07 UTC Syncing #13272707 0x0c82…23fa     0.20 blk/s   38.4 tx/s    3.0 Mgas/s      0+    6 Qed Ancient:#5631409 LI:#13272715   14/25 peers    658 KiB chain    1 MiB queue  RPC:  0 conn,    0 req/s,    0 µs
2021-09-22 01:46:08 UTC Syncing #13272707 0x0c82…23fa     0.00 blk/s    0.0 tx/s    0.0 Mgas/s      0+    8 Qed Ancient:#5631409 LI:#13272716   14/25 peers    658 KiB chain    2 MiB queue  RPC:  0 conn,    0 req/s,    0 µs
2021-09-22 01:46:15 UTC Syncing #13272708 0x1502…629f     0.20 blk/s   76.2 tx/s    6.0 Mgas/s      0+    7 Qed Ancient:#5631410 LI:#13272716   14/25 peers    658 KiB chain    1 MiB queue  RPC:  0 conn,    0 req/s,    0 µs
2021-09-22 01:46:20 UTC Syncing #13272709 0x82ba…1c2b     0.20 blk/s   62.8 tx/s    6.0 Mgas/s      0+    6 Qed Ancient:#5631411 LI:#13272716   14/25 peers    938 KiB chain  787 KiB queue  RPC:  0 conn,    0 req/s,    0 µs
2021-09-22 01:46:25 UTC Syncing #13272709 0x82ba…1c2b     0.00 blk/s    0.0 tx/s    0.0 Mgas/s      0+    7 Qed Ancient:#5631411 LI:#13272717   12/25 peers    938 KiB chain    1 MiB queue  RPC:  0 conn,    0 req/s,    0 µs
2021-09-22 01:47:17 UTC Imported #13272719 0x3990…59f5 (227 txs, 20.37 Mgas, 4170 ms, 174.69 KiB)
2021-09-22 01:47:18 UTC  Ancient:#5633982 AB:#5634735   12/25 peers   432 bytes chain    1 MiB queue  RPC:  0 conn,    0 req/s,    0 µs
2021-09-22 01:47:48 UTC  Ancient:#5633991 AB:#5635304   10/25 peers    215 KiB chain    1 MiB queue  RPC:  0 conn,    0 req/s,    0 µs
2021-09-22 01:48:18 UTC  Ancient:#5633992 AB:#5636701   12/25 peers    356 KiB chain  695 KiB queue  RPC:  0 conn,    0 req/s,    0 µs
2021-09-22 01:48:48 UTC  Ancient:#5633997 AB:#5636701   13/25 peers    356 KiB chain  343 KiB queue  RPC:  0 conn,    0 req/s,    0 µs
2021-09-22 01:49:18 UTC  Ancient:#5634000 AB:#5637297   12/25 peers      7 MiB chain  503 KiB queue  RPC:  0 conn,    0 req/s,    0 µs
2021-09-22 01:52:14 UTC Syncing #13272726 0x7456…1cfe     0.01 blk/s    2.5 tx/s    0.2 Mgas/s      0+   10 Qed Ancient:#5637297 LI:#13272736    0/25 peers    0 bytes chain    2 MiB queue  RPC:  0 conn,    0 req/s,    0 µs
2021-09-22 01:52:15 UTC Syncing #13272726 0x7456…1cfe     0.00 blk/s    0.0 tx/s    0.0 Mgas/s      0+    9 Qed Ancient:#5637297 LI:#13272736    0/25 peers     77 KiB chain    2 MiB queue  RPC:  0 conn,    0 req/s,    0 µs
2021-09-22 01:52:18 UTC Syncing #13272726 0x7456…1cfe     0.00 blk/s    0.0 tx/s    0.0 Mgas/s      0+    9 Qed Ancient:#5637297 LI:#13272736    0/25 peers     77 KiB chain    2 MiB queue  RPC:  0 conn,    0 req/s,    0 µs
2021-09-22 01:52:23 UTC Syncing #13272726 0x7456…1cfe     0.00 blk/s    0.0 tx/s    0.0 Mgas/s      0+    9 Qed Ancient:#5637297 LI:#13272736    0/25 peers     77 KiB chain    2 MiB queue  RPC:  0 conn,    0 req/s,    0 µs
2021-09-22 01:52:28 UTC Syncing #13272726 0x7456…1cfe     0.00 blk/s    0.0 tx/s    0.0 Mgas/s      0+    9 Qed Ancient:#5637297 LI:#13272736    0/25 peers     77 KiB chain    2 MiB queue  RPC:  0 conn,    0 req/s,    0 µs
2021-09-22 01:52:33 UTC Syncing #13272726 0x7456…1cfe     0.00 blk/s    0.0 tx/s    0.0 Mgas/s      0+    9 Qed Ancient:#5637297 LI:#13272736    0/25 peers     77 KiB chain    2 MiB queue  RPC:  0 conn,    0 req/s,    0 µs
2021-09-22 01:52:38 UTC Syncing #13272726 0x7456…1cfe     0.00 blk/s    0.0 tx/s    0.0 Mgas/s      0+    9 Qed Ancient:#5637297 LI:#13272736    0/25 peers     77 KiB chain    2 MiB queue  RPC:  0 conn,    0 req/s,    0 µs
2021-09-22 01:52:43 UTC Syncing #13272726 0x7456…1cfe     0.00 blk/s    0.0 tx/s    0.0 Mgas/s      0+    9 Qed Ancient:#5637297 LI:#13272736    0/25 peers     77 KiB chain    2 MiB queue  RPC:  0 conn,    0 req/s,    0 µs
2021-09-22 01:52:49 UTC Syncing #13272726 0x7456…1cfe     0.00 blk/s    0.0 tx/s    0.0 Mgas/s      0+    9 Qed Ancient:#5637297 LI:#13272736    0/25 peers     77 KiB chain    2 MiB queue  RPC:  0 conn,    0 req/s,    0 µs
2021-09-22 01:52:53 UTC Syncing #13272726 0x7456…1cfe     0.00 blk/s    0.0 tx/s    0.0 Mgas/s      0+    9 Qed Ancient:#5637297 LI:#13272736    0/25 peers     77 KiB chain    2 MiB queue  RPC:  0 conn,    0 req/s,    0 µs
2021-09-22 01:52:58 UTC Syncing #13272726 0x7456…1cfe     0.00 blk/s    0.0 tx/s    0.0 Mgas/s      0+    9 Qed Ancient:#5637297 LI:#13272736    0/25 peers     77 KiB chain    2 MiB queue  RPC:  0 conn,    0 req/s,    0 µs
2021-09-22 01:53:08 UTC Syncing #13272727 0x48e5…ea68     0.20 blk/s   72.2 tx/s    6.0 Mgas/s      0+    8 Qed Ancient:#5637297 LI:#13272748    1/25 peers    112 KiB chain    1 MiB queue  RPC:  0 conn,    0 req/s,    0 µs
2021-09-22 01:53:09 UTC Syncing #13272727 0x48e5…ea68     0.00 blk/s    0.0 tx/s    0.0 Mgas/s      0+   20 Qed Ancient:#5637297 LI:#13272748    1/25 peers    112 KiB chain    4 MiB queue  RPC:  0 conn,    0 req/s,    0 µs
2021-09-22 01:53:13 UTC Syncing #13272727 0x48e5…ea68     0.00 blk/s    0.0 tx/s    0.0 Mgas/s      0+   21 Qed Ancient:#5637297 LI:#13272749    5/25 peers    112 KiB chain    5 MiB queue  RPC:  0 conn,    0 req/s,    0 µs
2021-09-22 01:53:19 UTC Syncing #13272727 0x48e5…ea68     0.00 blk/s    0.0 tx/s    0.0 Mgas/s      0+   21 Qed Ancient:#5637297 LI:#13272749    5/25 peers    112 KiB chain    5 MiB queue  RPC:  0 conn,    0 req/s,    0 µs
2021-09-22 01:53:24 UTC Syncing #13272727 0x48e5…ea68     0.00 blk/s    0.0 tx/s    0.0 Mgas/s      0+   21 Qed Ancient:#5637297 LI:#13272749    5/25 peers    112 KiB chain    5 MiB queue  RPC:  0 conn,    0 req/s,    0 µs
2021-09-22 01:53:29 UTC Syncing #13272727 0x48e5…ea68     0.00 blk/s    0.0 tx/s    0.0 Mgas/s      0+   21 Qed Ancient:#5637297 LI:#13272749    5/25 peers    112 KiB chain    5 MiB queue  RPC:  0 conn,    0 req/s,    0 µs
2021-09-22 01:53:46 UTC Syncing #13272728 0x6c92…aa22     0.10 blk/s   35.7 tx/s    3.0 Mgas/s      0+   20 Qed Ancient:#5637298 LI:#13272749    5/25 peers    154 KiB chain    4 MiB queue  RPC:  0 conn,    0 req/s,    0 µs
2021-09-22 01:53:46 UTC Syncing #13272728 0x6c92…aa22     0.20 blk/s   71.4 tx/s    6.0 Mgas/s      0+   20 Qed Ancient:#5637298 LI:#13272749    5/25 peers    154 KiB chain    4 MiB queue  RPC:  0 conn,    0 req/s,    0 µs
2021-09-22 01:53:46 UTC Syncing #13272728 0x6c92…aa22     0.00 blk/s    0.0 tx/s    0.0 Mgas/s      0+   20 Qed Ancient:#5637298 LI:#13272749    5/25 peers    154 KiB chain    4 MiB queue  RPC:  0 conn,    0 req/s,    0 µs
2021-09-22 01:53:49 UTC Syncing #13272728 0x6c92…aa22     0.00 blk/s    0.0 tx/s    0.0 Mgas/s      0+   20 Qed Ancient:#5637298 LI:#13272749    2/25 peers    154 KiB chain    4 MiB queue  RPC:  0 conn,    0 req/s,    0 µs
2021-09-22 01:53:59 UTC Syncing #13272730 0xfe8a…6665     0.20 blk/s   22.9 tx/s    2.5 Mgas/s      0+   21 Qed Ancient:#5637300 LI:#13272752    2/25 peers    225 KiB chain    5 MiB queue  RPC:  0 conn,    0 req/s,    0 µs
2021-09-22 01:53:59 UTC Syncing #13272729 0x3f4f…c29e     0.20 blk/s   34.0 tx/s    4.0 Mgas/s      0+   22 Qed Ancient:#5637299 LI:#13272752    2/25 peers    224 KiB chain    5 MiB queue  RPC:  0 conn,    0 req/s,    0 µs
2021-09-22 01:54:06 UTC Syncing #13272730 0xfe8a…6665     0.20 blk/s   11.8 tx/s    0.9 Mgas/s      0+   21 Qed Ancient:#5637300 LI:#13272754    2/25 peers    225 KiB chain    5 MiB queue  RPC:  0 conn,    0 req/s,    0 µs
2021-09-22 01:54:09 UTC Syncing #13272730 0xfe8a…6665     0.00 blk/s    0.0 tx/s    0.0 Mgas/s      0+   23 Qed Ancient:#5637300 LI:#13272754    2/25 peers    225 KiB chain    5 MiB queue  RPC:  0 conn,    0 req/s,    0 µs
2021-09-22 01:54:16 UTC Syncing #13272731 0x8326…93a9     0.20 blk/s   24.0 tx/s    2.7 Mgas/s      0+   22 Qed Ancient:#5637301 LI:#13272754    2/25 peers    365 KiB chain    5 MiB queue  RPC:  0 conn,    0 req/s,    0 µs
2021-09-22 01:54:19 UTC Syncing #13272731 0x8326…93a9     0.00 blk/s    0.0 tx/s    0.0 Mgas/s      0+   22 Qed Ancient:#5637301 LI:#13272754    2/25 peers    365 KiB chain    5 MiB queue  RPC:  0 conn,    0 req/s,    0 µs
2021-09-22 01:54:24 UTC Syncing #13272731 0x8326…93a9     0.00 blk/s    0.0 tx/s    0.0 Mgas/s      0+   23 Qed Ancient:#5637301 LI:#13272755    1/25 peers    365 KiB chain    5 MiB queue  RPC:  0 conn,    0 req/s,    0 µs
2021-09-22 01:54:33 UTC Syncing #13272733 0x17ab…59ad     0.40 blk/s   59.2 tx/s    4.9 Mgas/s      0+   21 Qed Ancient:#5637303 LI:#13272755    1/25 peers    366 KiB chain    5 MiB queue  RPC:  0 conn,    0 req/s,    0 µs
2021-09-22 01:54:34 UTC Syncing #13272733 0x17ab…59ad     0.00 blk/s    0.0 tx/s    0.0 Mgas/s      0+   21 Qed Ancient:#5637303 LI:#13272755    1/25 peers    366 KiB chain    5 MiB queue  RPC:  0 conn,    0 req/s,    0 µs
2021-09-22 01:54:42 UTC Syncing #13272733 0x17ab…59ad     0.00 blk/s    0.0 tx/s    0.0 Mgas/s      0+   21 Qed Ancient:#5637303 LI:#13272755    1/25 peers    366 KiB chain    5 MiB queue  RPC:  0 conn,    0 req/s,    0 µs
2021-09-22 01:54:44 UTC Syncing #13272733 0x17ab…59ad     0.00 blk/s    0.0 tx/s    0.0 Mgas/s      0+   21 Qed Ancient:#5637303 LI:#13272755    1/25 peers    366 KiB chain    5 MiB queue  RPC:  0 conn,    0 req/s,    0 µs
2021-09-22 01:54:53 UTC Syncing #13272734 0xcb18…fedb     0.20 blk/s   23.6 tx/s    3.2 Mgas/s      0+   20 Qed Ancient:#5637304 LI:#13272755    1/25 peers    366 KiB chain    5 MiB queue  RPC:  0 conn,    0 req/s,    0 µs
2021-09-22 01:54:54 UTC Syncing #13272734 0xcb18…fedb     0.00 blk/s    0.0 tx/s    0.0 Mgas/s      0+   20 Qed Ancient:#5637304 LI:#13272755    1/25 peers    366 KiB chain    5 MiB queue  RPC:  0 conn,    0 req/s,    0 µs
2021-09-22 01:55:03 UTC Syncing #13272736 0x46f1…9bc9     0.40 blk/s   47.4 tx/s    3.9 Mgas/s      0+   22 Qed Ancient:#5637306 LI:#13272759    1/25 peers    366 KiB chain    5 MiB queue  RPC:  0 conn,    0 req/s,    0 µs
2021-09-22 01:55:07 UTC Syncing #13272736 0x46f1…9bc9     0.00 blk/s    0.0 tx/s    0.0 Mgas/s      0+   22 Qed Ancient:#5637306 LI:#13272759    1/25 peers    366 KiB chain    5 MiB queue  RPC:  0 conn,    0 req/s,    0 µs
2021-09-22 01:55:10 UTC Syncing #13272736 0x46f1…9bc9     0.00 blk/s    0.0 tx/s    0.0 Mgas/s      0+   22 Qed Ancient:#5637306 LI:#13272759    1/25 peers    366 KiB chain    5 MiB queue  RPC:  0 conn,    0 req/s,    0 µs
2021-09-22 01:55:14 UTC Syncing #13272736 0x46f1…9bc9     0.00 blk/s    0.0 tx/s    0.0 Mgas/s      0+   22 Qed Ancient:#5637306 LI:#13272759    1/25 peers    366 KiB chain    5 MiB queue  RPC:  0 conn,    0 req/s,    0 µs
2021-09-22 01:55:19 UTC Syncing #13272736 0x46f1…9bc9     0.00 blk/s    0.0 tx/s    0.0 Mgas/s      0+   22 Qed Ancient:#5637306 LI:#13272759    1/25 peers    366 KiB chain    5 MiB queue  RPC:  0 conn,    0 req/s,    0 µs
2021-09-22 01:55:25 UTC Syncing #13272737 0x4768…4c52     0.20 blk/s   63.8 tx/s    5.6 Mgas/s      0+   21 Qed Ancient:#5637307 LI:#13272759    1/25 peers    647 KiB chain    4 MiB queue  RPC:  0 conn,    0 req/s,    0 µs
2021-09-22 01:55:30 UTC Syncing #13272738 0x2a8c…5e3a     0.20 blk/s   13.4 tx/s    1.1 Mgas/s      0+   20 Qed Ancient:#5637308 LI:#13272759    1/25 peers    647 KiB chain    4 MiB queue  RPC:  0 conn,    0 req/s,    0 µs
2021-09-22 01:55:34 UTC Syncing #13272738 0x2a8c…5e3a     0.00 blk/s    0.0 tx/s    0.0 Mgas/s      0+   21 Qed Ancient:#5637308 LI:#13272760    1/25 peers    647 KiB chain    5 MiB queue  RPC:  0 conn,    0 req/s,    0 µs
2021-09-22 01:55:41 UTC Syncing #13272739 0x898d…3a3e     0.20 blk/s   29.0 tx/s    2.1 Mgas/s      0+   20 Qed Ancient:#5637309 LI:#13272760    1/25 peers    647 KiB chain    5 MiB queue  RPC:  0 conn,    0 req/s,    0 µs
2021-09-22 01:55:55 UTC Syncing #13272740 0x48e0…30af     0.10 blk/s    6.8 tx/s    0.7 Mgas/s      0+   19 Qed Ancient:#5637311 LI:#13272760    1/25 peers      1 MiB chain    5 MiB queue  RPC:  0 conn,    0 req/s,    0 µs
2021-09-22 01:55:55 UTC Syncing #13272740 0x48e0…30af     0.00 blk/s    0.0 tx/s    0.0 Mgas/s      0+   19 Qed Ancient:#5637311 LI:#13272760    1/25 peers      1 MiB chain    5 MiB queue  RPC:  0 conn,    0 req/s,    0 µs
2021-09-22 01:55:55 UTC Syncing #13272740 0x48e0…30af     0.20 blk/s   13.6 tx/s    1.4 Mgas/s      0+   19 Qed Ancient:#5637311 LI:#13272760    1/25 peers      1 MiB chain    5 MiB queue  RPC:  0 conn,    0 req/s,    0 µs
2021-09-22 01:56:00 UTC Syncing #13272740 0x48e0…30af     0.00 blk/s    0.0 tx/s    0.0 Mgas/s      0+   19 Qed Ancient:#5637311 LI:#13272760    1/25 peers      1 MiB chain    5 MiB queue  RPC:  0 conn,    0 req/s,    0 µs
2021-09-22 01:56:07 UTC Syncing #13272741 0xaab3…9ffd     0.20 blk/s   38.6 tx/s    2.6 Mgas/s      0+   18 Qed Ancient:#5637312 LI:#13272760    1/25 peers      1 MiB chain    4 MiB queue  RPC:  0 conn,    0 req/s,    0 µs
2021-09-22 01:56:09 UTC Syncing #13272741 0xaab3…9ffd     0.00 blk/s    0.0 tx/s    0.0 Mgas/s      0+   19 Qed Ancient:#5637312 LI:#13272761    1/25 peers      1 MiB chain    5 MiB queue  RPC:  0 conn,    0 req/s,    0 µs
2021-09-22 01:56:19 UTC Syncing #13272742 0x4367…b06a     0.10 blk/s   13.5 tx/s    1.1 Mgas/s      0+   18 Qed Ancient:#5637313 LI:#13272761    1/25 peers      1 MiB chain    5 MiB queue  RPC:  0 conn,    0 req/s,    0 µs
2021-09-22 01:56:19 UTC Syncing #13272742 0x4367…b06a     0.20 blk/s   27.0 tx/s    2.2 Mgas/s      0+   18 Qed Ancient:#5637313 LI:#13272761    1/25 peers      1 MiB chain    5 MiB queue  RPC:  0 conn,    0 req/s,    0 µs
2021-09-22 01:56:24 UTC Syncing #13272742 0x4367…b06a     0.00 blk/s    0.0 tx/s    0.0 Mgas/s      0+   19 Qed Ancient:#5637313 LI:#13272762    1/25 peers      1 MiB chain    5 MiB queue  RPC:  0 conn,    0 req/s,    0 µs
2021-09-22 01:56:29 UTC Syncing #13272742 0x4367…b06a     0.00 blk/s    0.0 tx/s    0.0 Mgas/s      0+   20 Qed Ancient:#5637313 LI:#13272763    1/25 peers      1 MiB chain    5 MiB queue  RPC:  0 conn,    0 req/s,    0 µs