INFO [10-01|23:12:24.391] Imported new block headers               count=2   elapsed=15.406ms  number=13,336,349 hash=fe641a..c25f04
INFO [10-01|23:12:25.201] Looking for peers                        peercount=26 tried=2 static=0
ERROR[10-01|23:12:26.587] Snapshot extension registration failed   peer=aa0af3ef err="peer connected on snap without compatible eth support"
ERROR[10-01|23:12:27.670] Snapshot extension registration failed   peer=1fdbbcbd err="peer connected on snap without compatible eth support"
INFO [10-01|23:12:32.739] State heal in progress                   accounts=1195@76.82KiB slots=1509@121.00KiB codes=11135@94.51MiB nodes=268,231,963@77.96GiB pending=76393
INFO [10-01|23:12:35.203] Looking for peers                        peercount=26 tried=4 static=0
INFO [10-01|23:12:41.523] State heal in progress                   accounts=1195@76.82KiB slots=1562@125.30KiB codes=11135@94.51MiB nodes=268,232,487@77.96GiB pending=77712
INFO [10-01|23:12:45.206] Looking for peers                        peercount=26 tried=2 static=0
INFO [10-01|23:12:50.060] State heal in progress                   accounts=1196@76.92KiB slots=1705@136.87KiB codes=11135@94.51MiB nodes=268,233,097@77.96GiB pending=78286
ERROR[10-01|23:12:53.304] Snapshot extension registration failed   peer=80e4ad9a err="peer connected on snap without compatible eth support"
INFO [10-01|23:12:55.354] Looking for peers                        peercount=26 tried=2 static=0
INFO [10-01|23:12:58.986] State heal in progress                   accounts=1196@76.92KiB slots=1842@147.79KiB codes=11135@94.51MiB nodes=268,233,765@77.96GiB pending=79433
ERROR[10-01|23:13:05.298] Snapshot extension registration failed   peer=78f31daa err="peer connected on snap without compatible eth support"
INFO [10-01|23:13:05.356] Looking for peers                        peercount=26 tried=4 static=0
INFO [10-01|23:13:07.121] State heal in progress                   accounts=1203@77.24KiB slots=1921@154.09KiB codes=11135@94.51MiB nodes=268,234,248@77.96GiB pending=79999
INFO [10-01|23:13:15.357] Looking for peers                        peercount=26 tried=1 static=0
INFO [10-01|23:13:15.933] Imported new block headers               count=1   elapsed=8.322ms   number=13,336,350 hash=c56084..9328e3 age=1m15s
INFO [10-01|23:13:16.355] Downloader queue stats                   receiptTasks=0   blockTasks=0   itemSize=235.49KiB throttle=1114
INFO [10-01|23:13:16.958] State heal in progress                   accounts=1205@77.39KiB slots=2107@169.03KiB codes=11135@94.51MiB nodes=268,234,980@77.96GiB pending=80646
ERROR[10-01|23:13:25.152] Snapshot extension registration failed   peer=85f71f39 err="peer connected on snap without compatible eth support"
INFO [10-01|23:13:25.359] Looking for peers                        peercount=26 tried=5 static=0
INFO [10-01|23:13:25.562] State heal in progress                   accounts=1205@77.39KiB slots=2260@181.27KiB codes=11135@94.51MiB nodes=268,235,628@77.96GiB pending=81527
INFO [10-01|23:13:34.308] State heal in progress                   accounts=1205@77.39KiB slots=2388@191.62KiB codes=11135@94.51MiB nodes=268,236,284@77.96GiB pending=82570
INFO [10-01|23:13:35.360] Looking for peers                        peercount=25 tried=3 static=0
ERROR[10-01|23:13:36.326] Snapshot extension registration failed   peer=7e39a431 err="peer connected on snap without compatible eth support"
ERROR[10-01|23:13:37.195] Snapshot extension registration failed   peer=fd7bde42 err="peer connected on snap without compatible eth support"
ERROR[10-01|23:13:40.479] Snapshot extension registration failed   peer=94a32324 err="peer connected on snap without compatible eth support"
INFO [10-01|23:13:43.217] State heal in progress                   accounts=1205@77.39KiB slots=2775@222.85KiB codes=11135@94.51MiB nodes=268,237,267@77.96GiB pending=83040
INFO [10-01|23:13:45.361] Looking for peers                        peercount=26 tried=2 static=0
INFO [10-01|23:13:51.329] State heal in progress                   accounts=1207@77.59KiB slots=3072@246.54KiB codes=11135@94.51MiB nodes=268,238,090@77.96GiB pending=83174
INFO [10-01|23:13:55.479] Looking for peers                        peercount=29 tried=4 static=0
INFO [10-01|23:14:00.824] State heal in progress                   accounts=1209@77.73KiB slots=3291@263.99KiB codes=11135@94.51MiB nodes=268,238,842@77.96GiB pending=83675
INFO [10-01|23:14:07.488] Imported new block headers               count=1   elapsed=6.288ms   number=13,336,351 hash=f45709..412803 age=1m47s
INFO [10-01|23:14:07.589] Looking for peers                        peercount=29 tried=2 static=0
INFO [10-01|23:14:09.651] State heal in progress                   accounts=1210@77.83KiB slots=3519@282.25KiB codes=11135@94.51MiB nodes=268,239,566@77.96GiB pending=84093
ERROR[10-01|23:14:09.685] Snapshot extension registration failed   peer=50a867f1 err="peer connected on snap without compatible eth support"
INFO [10-01|23:14:13.633] Imported new block headers               count=1   elapsed=7.790ms   number=13,336,352 hash=fc1511..7dac0d age=1m52s
ERROR[10-01|23:14:15.045] Snapshot extension registration failed   peer=20dcc090 err="peer connected on snap without compatible eth support"
INFO [10-01|23:14:19.011] State heal in progress                   accounts=1210@77.83KiB slots=3735@299.81KiB codes=11135@94.51MiB nodes=268,240,322@77.96GiB pending=84704
ERROR[10-01|23:14:22.558] Snapshot extension registration failed   peer=5c6c4f43 err="peer connected on snap without compatible eth support"
INFO [10-01|23:14:25.781] Imported new block headers               count=1   elapsed=7.035ms   number=13,336,353 hash=bffc08..03ddb2 age=1m13s
INFO [10-01|23:14:26.402] Downloader queue stats                   receiptTasks=0   blockTasks=0   itemSize=267.87KiB throttle=979
INFO [10-01|23:14:27.084] State heal in progress                   accounts=1217@78.26KiB slots=3882@311.56KiB codes=11135@94.51MiB nodes=268,240,921@77.96GiB pending=85250
WARN [10-01|23:14:28.171] Dropping unsynced node during sync       id=ee83a4d4bc45455e conn=inbound addr=60.216.86.114:48166  type=OpenEthereum/v3.3.0-...
ERROR[10-01|23:14:32.022] Snapshot extension registration failed   peer=ad502f7c err="peer connected on snap without compatible eth support"
INFO [10-01|23:14:35.611] State heal in progress                   accounts=1217@78.26KiB slots=4271@342.93KiB codes=11135@94.51MiB nodes=268,241,883@77.96GiB pending=85503
INFO [10-01|23:14:37.937] Imported new block headers               count=1   elapsed=6.320ms   number=13,336,354 hash=548966..0ecad3
INFO [10-01|23:14:41.411] Imported new block headers               count=2   elapsed=5.994ms   number=13,336,356 hash=e6d224..b93a37
INFO [10-01|23:14:45.291] State heal in progress                   accounts=1231@79.12KiB slots=4469@358.93KiB codes=11135@94.51MiB nodes=268,242,635@77.96GiB pending=86125
INFO [10-01|23:14:47.502] Imported new block headers               count=1   elapsed=6.777ms   number=13,336,357 hash=b60ce1..67696d
INFO [10-01|23:14:50.851] Imported new block headers               count=1   elapsed=6.116ms   number=13,336,358 hash=ddee8d..07442b
ERROR[10-01|23:14:51.079] Snapshot extension registration failed   peer=c2a34835 err="peer connected on snap without compatible eth support"
INFO [10-01|23:14:53.604] State heal in progress                   accounts=1233@79.21KiB slots=5003@401.91KiB codes=11135@94.51MiB nodes=268,243,864@77.96GiB pending=86236
WARN [10-01|23:14:55.483] Checkpoint challenge timed out, dropping id=d4e4459104164896 conn=inbound addr=47.96.9.59:49940     type=OpenEthereum/v3.3.0-...
INFO [10-01|23:14:56.951] Imported new block headers               count=1   elapsed=7.051ms   number=13,336,359 hash=50c3df..8fcea4
ERROR[10-01|23:15:00.987] Snapshot extension registration failed   peer=e67b4a69 err="peer connected on snap without compatible eth support"
INFO [10-01|23:15:01.786] State heal in progress                   accounts=1237@79.62KiB slots=5304@426.27KiB codes=11135@94.51MiB nodes=268,244,718@77.96GiB pending=86474
INFO [10-01|23:15:03.310] Imported new block headers               count=1   elapsed=5.777ms   number=13,336,360 hash=400270..47483b
INFO [10-01|23:15:10.334] State heal in progress                   accounts=1240@79.76KiB slots=5790@465.55KiB codes=11135@94.51MiB nodes=268,245,772@77.96GiB pending=86287
WARN [10-01|23:15:13.798] Checkpoint challenge timed out, dropping id=392b1f099d9f87c6 conn=inbound addr=37.214.55.122:31706  type=erigon/v2021.09.4-al...
INFO [10-01|23:15:18.800] State heal in progress                   accounts=1240@79.76KiB slots=6247@502.28KiB codes=11135@94.51MiB nodes=268,246,841@77.96GiB pending=86161
INFO [10-01|23:15:19.980] Imported new block headers               count=2   elapsed=11.392ms  number=13,336,362 hash=76e92b..6a1f3a
INFO [10-01|23:15:20.010] Imported new block headers               count=1   elapsed=7.290ms   number=13,336,363 hash=6552ae..323f0a
ERROR[10-01|23:15:26.935] Snapshot extension registration failed   peer=295c935c err="peer connected on snap without compatible eth support"
INFO [10-01|23:15:26.939] State heal in progress                   accounts=1240@79.76KiB slots=6333@509.32KiB codes=11135@94.51MiB nodes=268,247,292@77.96GiB pending=86620
INFO [10-01|23:15:33.376] Imported new block headers               count=2   elapsed=6.955ms   number=13,336,365 hash=b69f3f..7adb5d
INFO [10-01|23:15:34.442] Downloader queue stats                   receiptTasks=0   blockTasks=0   itemSize=202.44KiB throttle=1295
INFO [10-01|23:15:35.058] State heal in progress                   accounts=1240@79.76KiB slots=6443@518.09KiB codes=11135@94.51MiB nodes=268,247,745@77.96GiB pending=86994
INFO [10-01|23:15:45.730] State heal in progress                   accounts=1240@79.76KiB slots=6672@536.51KiB codes=11135@94.51MiB nodes=268,248,459@77.96GiB pending=87304
INFO [10-01|23:15:54.898] State heal in progress                   accounts=1240@79.76KiB slots=6978@561.18KiB codes=11135@94.51MiB nodes=268,249,284@77.96GiB pending=87422
ERROR[10-01|23:16:00.463] Snapshot extension registration failed   peer=e5f21886 err="peer connected on snap without compatible eth support"
INFO [10-01|23:16:03.192] State heal in progress                   accounts=1240@79.76KiB slots=7322@588.87KiB codes=11135@94.51MiB nodes=268,250,102@77.96GiB pending=87387
INFO [10-01|23:16:12.076] State heal in progress                   accounts=1247@80.19KiB slots=7670@617.32KiB codes=11135@94.51MiB nodes=268,250,933@77.96GiB pending=87400
ERROR[10-01|23:16:16.891] Snapshot extension registration failed   peer=cf4a3b30 err="peer connected on snap without compatible eth support"
ERROR[10-01|23:16:17.703] Snapshot extension registration failed   peer=17bfcda0 err="peer connected on snap without compatible eth support"
INFO [10-01|23:16:21.056] State heal in progress                   accounts=1247@80.19KiB slots=8071@649.67KiB codes=11135@94.51MiB nodes=268,251,890@77.97GiB pending=87407
INFO [10-01|23:16:29.106] State heal in progress                   accounts=1248@80.23KiB slots=8313@669.30KiB codes=11135@94.51MiB nodes=268,252,593@77.97GiB pending=87527
ERROR[10-01|23:16:36.105] Snapshot extension registration failed   peer=b5d0cd34 err="peer connected on snap without compatible eth support"
INFO [10-01|23:16:37.128] State heal in progress                   accounts=1248@80.23KiB slots=8709@701.07KiB codes=11135@94.51MiB nodes=268,253,533@77.97GiB pending=87421
INFO [10-01|23:16:40.317] Imported new block headers               count=2   elapsed=6.126ms   number=13,336,367 hash=fea2af..3e8e1c age=1m10s
INFO [10-01|23:16:44.495] Downloader queue stats                   receiptTasks=0   blockTasks=0   itemSize=186.98KiB throttle=1403
INFO [10-01|23:16:44.785] Imported new block headers               count=1   elapsed=6.361ms   number=13,336,368 hash=a4f4a7..71c5ae age=1m13s
INFO [10-01|23:16:45.849] State heal in progress                   accounts=1248@80.23KiB slots=9141@735.82KiB codes=11135@94.51MiB nodes=268,254,467@77.97GiB pending=87045
INFO [10-01|23:16:50.876] Imported new block headers               count=1   elapsed=5.932ms   number=13,336,369 hash=43f25b..df1734
INFO [10-01|23:16:54.313] State heal in progress                   accounts=1248@80.23KiB slots=9546@768.61KiB codes=11135@94.51MiB nodes=268,255,401@77.97GiB pending=86830
INFO [10-01|23:17:02.743] State heal in progress                   accounts=1253@80.67KiB slots=9916@798.59KiB codes=11135@94.51MiB nodes=268,256,343@77.97GiB pending=86664
INFO [10-01|23:17:06.082] Imported new block headers               count=1   elapsed=7.382ms   number=13,336,370 hash=839217..ce9d6c
INFO [10-01|23:17:09.139] Imported new block headers               count=1   elapsed=5.868ms   number=13,336,371 hash=873d05..57f0d9
INFO [10-01|23:17:11.198] State heal in progress                   accounts=1253@80.67KiB slots=10214@822.82KiB codes=11135@94.51MiB nodes=268,257,161@77.97GiB pending=86755
INFO [10-01|23:17:12.198] Imported new block headers               count=1   elapsed=6.246ms   number=13,336,372 hash=ece85c..5d03ab
INFO [10-01|23:17:19.951] State heal in progress                   accounts=1255@80.75KiB slots=10605@854.40KiB codes=11135@94.51MiB nodes=268,258,095@77.97GiB pending=86532
INFO [10-01|23:17:27.402] Imported new block headers               count=1   elapsed=7.797ms   number=13,336,373 hash=d9f914..6373f0
INFO [10-01|23:17:28.193] State heal in progress                   accounts=1255@80.75KiB slots=11072@891.97KiB codes=11135@94.51MiB nodes=268,259,150@77.97GiB pending=86271
ERROR[10-01|23:17:31.937] Snapshot extension registration failed   peer=20dcc090 err="peer connected on snap without compatible eth support"
INFO [10-01|23:17:36.263] State heal in progress                   accounts=1257@80.90KiB slots=11473@924.33KiB codes=11135@94.51MiB nodes=268,260,085@77.97GiB pending=86027
ERROR[10-01|23:17:40.957] Snapshot extension registration failed   peer=034b31ab err="peer connected on snap without compatible eth support"
ERROR[10-01|23:17:41.214] Snapshot extension registration failed   peer=20dcc090 err="peer connected on snap without compatible eth support"
INFO [10-01|23:17:44.594] State heal in progress                   accounts=1257@80.90KiB slots=11929@961.01KiB codes=11135@94.51MiB nodes=268,261,136@77.97GiB pending=85717
INFO [10-01|23:17:52.884] State heal in progress                   accounts=1259@80.99KiB slots=12403@999.19KiB codes=11135@94.51MiB nodes=268,262,183@77.97GiB pending=85335