INFO [10-01|23:32:12.388] Imported new block headers               count=1   elapsed=6.349ms   number=13,336,453 hash=b936dc..e485e5
INFO [10-01|23:32:18.256] State heal in progress                   accounts=4887@287.30KiB slots=27387@2.06MiB   codes=11136@94.52MiB nodes=268,347,873@77.99GiB pending=100,136
WARN [10-01|23:32:18.922] Unexpected trienode heal packet          peer=846a0c85 reqid=4,031,555,070,784,007,144
WARN [10-01|23:32:19.450] Unexpected trienode heal packet          peer=caf161d8 reqid=4,799,211,735,707,062,743
ERROR[10-01|23:32:30.461] Snapshot extension registration failed   peer=ecbeebb8 err="peer connected on snap without compatible eth support"
INFO [10-01|23:32:32.139] State heal in progress                   accounts=4887@287.30KiB slots=27387@2.06MiB   codes=11136@94.52MiB nodes=268,348,606@77.99GiB pending=103,201
WARN [10-01|23:32:32.141] Unexpected trienode heal packet          peer=813dcde8 reqid=9,055,152,511,628,765,626
INFO [10-01|23:32:54.874] Imported new block headers               count=1   elapsed=6.027ms   number=13,336,454 hash=e47fb8..66a330 age=1m1s
INFO [10-01|23:32:54.915] Imported new block headers               count=1   elapsed=7.395ms   number=13,336,455 hash=c6b3dd..87c5a7
INFO [10-01|23:32:56.131] State heal in progress                   accounts=4887@287.30KiB slots=27387@2.06MiB   codes=11136@94.52MiB nodes=268,349,242@77.99GiB pending=104,019
WARN [10-01|23:33:02.863] Dropping unsynced node during sync       id=203c010c959daac2 conn=inbound addr=85.216.26.98:40440   type=OpenEthereum/v3.3.0-...
ERROR[10-01|23:33:03.635] Snapshot extension registration failed   peer=85512e24 err="peer connected on snap without compatible eth support"
INFO [10-01|23:33:09.030] State heal in progress                   accounts=4887@287.30KiB slots=27387@2.06MiB   codes=11136@94.52MiB nodes=268,349,682@77.99GiB pending=104,708
INFO [10-01|23:33:13.246] Imported new block headers               count=1   elapsed=7.623ms   number=13,336,456 hash=17424c..81fc84 age=1m3s
INFO [10-01|23:33:19.069] State heal in progress                   accounts=4888@287.34KiB slots=27387@2.06MiB   codes=11136@94.52MiB nodes=268,350,112@77.99GiB pending=105,746
INFO [10-01|23:33:19.271] Downloader queue stats                   receiptTasks=0   blockTasks=0   itemSize=241.08KiB throttle=1088
INFO [10-01|23:33:31.051] State heal in progress                   accounts=4888@287.34KiB slots=27387@2.06MiB   codes=11136@94.52MiB nodes=268,350,532@77.99GiB pending=106,294
WARN [10-01|23:33:31.053] Unexpected trienode heal packet          peer=846a0c85 reqid=5,866,926,789,008,959,703
INFO [10-01|23:33:34.806] Imported new block headers               count=1   elapsed=9.601ms   number=13,336,457 hash=f67036..ea7fd8
INFO [10-01|23:33:37.873] Imported new block headers               count=1   elapsed=8.507ms   number=13,336,458 hash=7dcbd4..4115b6
INFO [10-01|23:33:44.490] State heal in progress                   accounts=4888@287.34KiB slots=27387@2.06MiB   codes=11136@94.52MiB nodes=268,350,950@77.99GiB pending=106,796
WARN [10-01|23:33:44.493] Unexpected trienode heal packet          peer=caf161d8 reqid=3,744,422,243,599,113,086
INFO [10-01|23:33:54.676] Imported new block headers               count=2   elapsed=13.527ms  number=13,336,460 hash=192a51..bcc3b0
ERROR[10-01|23:33:55.637] Snapshot extension registration failed   peer=20dcc090 err="peer connected on snap without compatible eth support"
ERROR[10-01|23:33:56.206] Snapshot extension registration failed   peer=78b25cdc err="peer connected on snap without compatible eth support"
ERROR[10-01|23:33:57.580] Snapshot extension registration failed   peer=20dcc090 err="peer connected on snap without compatible eth support"
INFO [10-01|23:33:58.624] State heal in progress                   accounts=4888@287.34KiB slots=27387@2.06MiB   codes=11136@94.52MiB nodes=268,351,506@77.99GiB pending=107,931
INFO [10-01|23:34:00.829] Imported new block headers               count=1   elapsed=6.269ms   number=13,336,461 hash=fe251c..9a2f30
INFO [10-01|23:34:07.643] Imported new block headers               count=1   elapsed=7.029ms   number=13,336,462 hash=71eeaf..de29d7
INFO [10-01|23:34:08.933] State heal in progress                   accounts=4896@287.69KiB slots=27387@2.06MiB   codes=11136@94.52MiB nodes=268,351,900@77.99GiB pending=108,806
ERROR[10-01|23:34:09.013] Snapshot extension registration failed   peer=50a867f1 err="peer connected on snap without compatible eth support"
ERROR[10-01|23:34:15.407] Snapshot extension registration failed   peer=f80b417d err="peer connected on snap without compatible eth support"
INFO [10-01|23:34:17.144] State heal in progress                   accounts=4917@288.67KiB slots=27387@2.06MiB   codes=11136@94.52MiB nodes=268,352,324@77.99GiB pending=109,234
ERROR[10-01|23:34:19.882] Snapshot extension registration failed   peer=2337a8a7 err="peer connected on snap without compatible eth support"
INFO [10-01|23:34:28.932] Imported new block headers               count=1   elapsed=13.304ms  number=13,336,463 hash=049643..931f17
INFO [10-01|23:34:29.373] Downloader queue stats                   receiptTasks=0   blockTasks=0   itemSize=220.97KiB throttle=1187
INFO [10-01|23:34:31.827] State heal in progress                   accounts=4949@290.19KiB slots=27387@2.06MiB   codes=11136@94.52MiB nodes=268,353,024@77.99GiB pending=109,901
WARN [10-01|23:34:31.829] Unexpected trienode heal packet          peer=846a0c85 reqid=7,531,599,393,716,734,237
INFO [10-01|23:34:40.655] State heal in progress                   accounts=4963@290.80KiB slots=27387@2.06MiB   codes=11136@94.52MiB nodes=268,353,412@78.00GiB pending=110,389
INFO [10-01|23:34:41.324] Imported new block headers               count=1   elapsed=5.751ms   number=13,336,464 hash=34f0ad..d06a80
WARN [10-01|23:34:46.090] Unexpected trienode heal packet          peer=552ff5ce reqid=1,068,537,751,966,694,236
INFO [10-01|23:35:04.951] State heal in progress                   accounts=4992@292.32KiB slots=27387@2.06MiB   codes=11136@94.52MiB nodes=268,354,228@78.00GiB pending=111,222
WARN [10-01|23:35:04.953] Unexpected trienode heal packet          peer=caf161d8 reqid=3,314,653,528,381,728,067
INFO [10-01|23:35:14.147] State heal in progress                   accounts=5014@293.34KiB slots=27387@2.06MiB   codes=11136@94.52MiB nodes=268,354,571@78.00GiB pending=111,510
WARN [10-01|23:35:14.152] Unexpected trienode heal packet          peer=846a0c85 reqid=8,474,943,981,205,249,265
WARN [10-01|23:35:14.156] Unexpected trienode heal packet          peer=4814858d reqid=6,794,246,030,456,569,307
WARN [10-01|23:35:19.344] Unexpected trienode heal packet          peer=813dcde8 reqid=5,826,922,622,706,744,787
WARN [10-01|23:35:19.754] Dropping unsynced node during sync       id=354a17dd1cdbecb0 conn=inbound addr=110.175.17.80:55488  type=Geth/v1.10.8-stable-...
WARN [10-01|23:35:20.627] Dropping unsynced node during sync       id=60dbfe0c6f4e3995 conn=inbound addr=161.97.127.8:51976   type=Geth/v1.10.8-stable-...
INFO [10-01|23:35:21.091] Imported new block headers               count=1   elapsed=8.626ms   number=13,336,465 hash=b3a5bd..3a1384 age=1m17s
ERROR[10-01|23:35:21.704] Snapshot extension registration failed   peer=ad502f7c err="peer connected on snap without compatible eth support"
INFO [10-01|23:35:22.746] State heal in progress                   accounts=5074@296.19KiB slots=27387@2.06MiB   codes=11136@94.52MiB nodes=268,355,044@78.00GiB pending=111,825
INFO [10-01|23:35:32.058] State heal in progress                   accounts=5097@297.45KiB slots=27387@2.06MiB   codes=11136@94.52MiB nodes=268,355,380@78.00GiB pending=112,129
INFO [10-01|23:35:48.341] State heal in progress                   accounts=5185@302.01KiB slots=27387@2.06MiB   codes=11136@94.52MiB nodes=268,356,071@78.00GiB pending=112,622
WARN [10-01|23:35:48.342] Unexpected trienode heal packet          peer=4814858d reqid=3,659,336,094,737,997,941
INFO [10-01|23:35:57.800] Imported new block headers               count=1   elapsed=7.094ms   number=13,336,466 hash=23827e..57afc2 age=1m33s
INFO [10-01|23:35:59.427] Downloader queue stats                   receiptTasks=0   blockTasks=0   itemSize=241.07KiB throttle=1088
INFO [10-01|23:36:01.328] State heal in progress                   accounts=5223@304.01KiB slots=27387@2.06MiB   codes=11136@94.52MiB nodes=268,356,599@78.00GiB pending=113,215
INFO [10-01|23:36:09.543] State heal in progress                   accounts=5248@305.42KiB slots=27387@2.06MiB   codes=11136@94.52MiB nodes=268,356,925@78.00GiB pending=113,558
WARN [10-01|23:36:09.545] Unexpected trienode heal packet          peer=4814858d reqid=8,331,303,023,314,728,045
INFO [10-01|23:36:09.955] Imported new block headers               count=1   elapsed=6.471ms   number=13,336,467 hash=107413..497681 age=1m30s
INFO [10-01|23:36:18.552] State heal in progress                   accounts=5271@306.61KiB slots=27387@2.06MiB   codes=11136@94.52MiB nodes=268,357,287@78.00GiB pending=113,915
WARN [10-01|23:36:18.557] Unexpected trienode heal packet          peer=846a0c85 reqid=7,922,319,580,964,968,112
INFO [10-01|23:36:25.196] Imported new block headers               count=1   elapsed=6.065ms   number=13,336,468 hash=1103e2..62515e age=1m8s
INFO [10-01|23:36:29.387] State heal in progress                   accounts=5370@311.67KiB slots=27387@2.06MiB   codes=11136@94.52MiB nodes=268,357,881@78.00GiB pending=114,239
INFO [10-01|23:36:29.433] Imported new block headers               count=1   elapsed=6.956ms   number=13,336,469 hash=ec3494..180fb9
ERROR[10-01|23:36:33.708] Snapshot extension registration failed   peer=20dcc090 err="peer connected on snap without compatible eth support"
INFO [10-01|23:36:43.876] State heal in progress                   accounts=5451@315.63KiB slots=27387@2.06MiB   codes=11136@94.52MiB nodes=268,358,542@78.00GiB pending=114,726
ERROR[10-01|23:36:47.065] Snapshot extension registration failed   peer=78b141fd err="peer connected on snap without compatible eth support"
INFO [10-01|23:36:50.756] Imported new block headers               count=2   elapsed=12.041ms  number=13,336,471 hash=7c143b..5891f5
INFO [10-01|23:36:55.375] State heal in progress                   accounts=5609@323.78KiB slots=27388@2.06MiB   codes=11136@94.52MiB nodes=268,359,371@78.00GiB pending=115,050
INFO [10-01|23:37:05.828] State heal in progress                   accounts=5804@333.45KiB slots=27388@2.06MiB   codes=11137@94.54MiB nodes=268,360,178@78.00GiB pending=115,233
INFO [10-01|23:37:19.183] State heal in progress                   accounts=5947@340.99KiB slots=27388@2.06MiB   codes=11137@94.54MiB nodes=268,360,999@78.00GiB pending=115,633
ERROR[10-01|23:37:21.807] Snapshot extension registration failed   peer=45ef7e03 err="peer connected on snap without compatible eth support"
INFO [10-01|23:37:27.491] Imported new block headers               count=1   elapsed=14.553ms  number=13,336,472 hash=eef110..7a7db1 age=1m1s
INFO [10-01|23:37:30.660] Imported new block headers               count=1   elapsed=7.069ms   number=13,336,473 hash=9b4e51..595127
INFO [10-01|23:37:33.381] State heal in progress                   accounts=6240@356.71KiB slots=27397@2.06MiB   codes=11137@94.54MiB nodes=268,362,064@78.00GiB pending=116,055
ERROR[10-01|23:37:33.408] Snapshot extension registration failed   peer=4bdd8d7f err="peer connected on snap without compatible eth support"
INFO [10-01|23:37:33.503] Downloader queue stats                   receiptTasks=0   blockTasks=0   itemSize=246.18KiB throttle=1065
ERROR[10-01|23:37:36.829] Snapshot extension registration failed   peer=20dcc090 err="peer connected on snap without compatible eth support"
INFO [10-01|23:37:42.554] State heal in progress                   accounts=6470@368.69KiB slots=27401@2.06MiB   codes=11137@94.54MiB nodes=268,362,836@78.00GiB pending=116,163
INFO [10-01|23:37:50.701] State heal in progress                   accounts=6709@380.79KiB slots=27412@2.06MiB   codes=11137@94.54MiB nodes=268,363,554@78.00GiB pending=116,245
INFO [10-01|23:37:52.061] Imported new block headers               count=1   elapsed=6.387ms   number=13,336,474 hash=638a34..6be8f3 age=1m5s
ERROR[10-01|23:37:54.675] Snapshot extension registration failed   peer=ad502f7c err="peer connected on snap without compatible eth support"
INFO [10-01|23:37:58.252] Imported new block headers               count=1   elapsed=6.674ms   number=13,336,475 hash=63c703..b85acf