INFO [10-01|23:27:24.572] Imported new block headers               count=1   elapsed=5.871ms   number=13,336,424 hash=b0f4bc..8dd4de
INFO [10-01|23:27:30.660] State heal in progress                   accounts=3925@231.49KiB slots=19452@1.49MiB   codes=11136@94.52MiB nodes=268,313,482@77.98GiB pending=128,798
INFO [10-01|23:27:33.896] Looking for peers                        peercount=34 tried=2 static=0
INFO [10-01|23:27:38.761] State heal in progress                   accounts=3937@232.18KiB slots=19829@1.52MiB   codes=11136@94.52MiB nodes=268,314,528@77.98GiB pending=128,933
INFO [10-01|23:27:43.897] Looking for peers                        peercount=35 tried=3 static=0
INFO [10-01|23:27:47.438] State heal in progress                   accounts=3966@233.86KiB slots=20175@1.54MiB   codes=11136@94.52MiB nodes=268,315,590@77.98GiB pending=129,072
ERROR[10-01|23:27:51.773] Snapshot extension registration failed   peer=7e39a431 err="peer connected on snap without compatible eth support"
INFO [10-01|23:27:53.899] Looking for peers                        peercount=34 tried=4 static=0
ERROR[10-01|23:27:54.379] Snapshot extension registration failed   peer=35ba3061 err="peer connected on snap without compatible eth support"
INFO [10-01|23:27:54.975] Imported new block headers               count=1   elapsed=6.370ms   number=13,336,425 hash=12f0de..fe94ff
ERROR[10-01|23:27:55.493] Snapshot extension registration failed   peer=80e4ad9a err="peer connected on snap without compatible eth support"
INFO [10-01|23:27:55.641] State heal in progress                   accounts=3971@234.14KiB slots=20565@1.57MiB   codes=11136@94.52MiB nodes=268,316,622@77.98GiB pending=129,008
INFO [10-01|23:27:58.079] Imported new block headers               count=1   elapsed=7.146ms   number=13,336,426 hash=9957a5..a16cb4
ERROR[10-01|23:28:01.872] Snapshot extension registration failed   peer=3af25a30 err="peer connected on snap without compatible eth support"
INFO [10-01|23:28:03.901] Looking for peers                        peercount=32 tried=1 static=0
INFO [10-01|23:28:04.169] Imported new block headers               count=1   elapsed=6.050ms   number=13,336,427 hash=e16fd5..4b918e
INFO [10-01|23:28:04.542] State heal in progress                   accounts=3988@235.17KiB slots=21030@1.60MiB   codes=11136@94.52MiB nodes=268,317,810@77.98GiB pending=128,840
ERROR[10-01|23:28:06.335] Snapshot extension registration failed   peer=2f7ca915 err="peer connected on snap without compatible eth support"
INFO [10-01|23:28:07.601] Imported new block headers               count=1   elapsed=6.426ms   number=13,336,428 hash=5d9732..78cbac
INFO [10-01|23:28:13.142] State heal in progress                   accounts=3996@235.58KiB slots=21507@1.64MiB   codes=11136@94.52MiB nodes=268,318,992@77.98GiB pending=128,573
INFO [10-01|23:28:13.903] Looking for peers                        peercount=32 tried=2 static=0
ERROR[10-01|23:28:15.318] Snapshot extension registration failed   peer=48d37088 err="peer connected on snap without compatible eth support"
WARN [10-01|23:28:16.816] Dropping unsynced node during sync       id=ad37e803afaa69b7 conn=inbound addr=51.174.246.69:55287  type=ethereumjs-devp2p/v4...
INFO [10-01|23:28:21.198] State heal in progress                   accounts=4000@235.75KiB slots=21928@1.66MiB   codes=11136@94.52MiB nodes=268,320,023@77.98GiB pending=128,312
INFO [10-01|23:28:22.901] Imported new block headers               count=1   elapsed=8.667ms   number=13,336,429 hash=f6dbbf..52cc85
INFO [10-01|23:28:23.909] Looking for peers                        peercount=33 tried=3 static=0
ERROR[10-01|23:28:25.802] Snapshot extension registration failed   peer=b5d0cd34 err="peer connected on snap without compatible eth support"
INFO [10-01|23:28:29.079] Imported new block headers               count=1   elapsed=6.912ms   number=13,336,430 hash=395d04..60c3ea
INFO [10-01|23:28:29.390] State heal in progress                   accounts=4017@236.73KiB slots=22332@1.69MiB   codes=11136@94.52MiB nodes=268,321,064@77.98GiB pending=128,226
INFO [10-01|23:28:29.491] Downloader queue stats                   receiptTasks=0   blockTasks=0   itemSize=234.76KiB throttle=1117
ERROR[10-01|23:28:33.088] Snapshot extension registration failed   peer=b58b4e2f err="peer connected on snap without compatible eth support"
INFO [10-01|23:28:33.916] Looking for peers                        peercount=32 tried=6 static=0
ERROR[10-01|23:28:36.175] Snapshot extension registration failed   peer=50a9d833 err="peer connected on snap without compatible eth support"
INFO [10-01|23:28:37.482] State heal in progress                   accounts=4021@237.02KiB slots=22774@1.73MiB   codes=11136@94.52MiB nodes=268,322,096@77.98GiB pending=127,901
INFO [10-01|23:28:38.465] Imported new block headers               count=1   elapsed=8.965ms   number=13,336,431 hash=e5b641..03ac0f
INFO [10-01|23:28:43.917] Looking for peers                        peercount=33 tried=3 static=0
INFO [10-01|23:28:45.705] State heal in progress                   accounts=4029@237.43KiB slots=23172@1.75MiB   codes=11136@94.52MiB nodes=268,323,140@77.98GiB pending=127,855
INFO [10-01|23:28:53.748] State heal in progress                   accounts=4040@238.02KiB slots=23481@1.78MiB   codes=11136@94.52MiB nodes=268,324,034@77.98GiB pending=127,760
INFO [10-01|23:28:53.918] Looking for peers                        peercount=35 tried=3 static=0
INFO [10-01|23:28:59.730] Imported new block headers               count=2   elapsed=8.662ms   number=13,336,433 hash=da9d48..635113
INFO [10-01|23:29:02.641] State heal in progress                   accounts=4054@238.76KiB slots=23917@1.81MiB   codes=11136@94.52MiB nodes=268,325,251@77.99GiB pending=127,759
INFO [10-01|23:29:03.920] Looking for peers                        peercount=36 tried=3 static=0
INFO [10-01|23:29:08.847] Imported new block headers               count=1   elapsed=7.134ms   number=13,336,434 hash=66aef0..9ef541
INFO [10-01|23:29:11.377] State heal in progress                   accounts=4056@238.90KiB slots=24475@1.85MiB   codes=11136@94.52MiB nodes=268,326,592@77.99GiB pending=127,376
INFO [10-01|23:29:21.149] State heal in progress                   accounts=4056@238.90KiB slots=24743@1.87MiB   codes=11136@94.52MiB nodes=268,327,602@77.99GiB pending=128,242
INFO [10-01|23:29:29.427] State heal in progress                   accounts=4117@242.11KiB slots=24919@1.88MiB   codes=11136@94.52MiB nodes=268,328,428@77.99GiB pending=129,075
INFO [10-01|23:29:37.873] State heal in progress                   accounts=4286@251.72KiB slots=25286@1.90MiB   codes=11136@94.52MiB nodes=268,329,725@77.99GiB pending=128,732
INFO [10-01|23:29:45.276] Imported new block headers               count=1   elapsed=6.103ms   number=13,336,435 hash=f27d7e..fed081
INFO [10-01|23:29:46.859] State heal in progress                   accounts=4548@267.45KiB slots=25625@1.93MiB   codes=11136@94.52MiB nodes=268,331,126@77.99GiB pending=128,299
INFO [10-01|23:29:48.369] Imported new block headers               count=1   elapsed=5.981ms   number=13,336,436 hash=f07fdb..d5b5b3
INFO [10-01|23:29:50.632] Downloader queue stats                   receiptTasks=0   blockTasks=0   itemSize=228.81KiB throttle=1146
INFO [10-01|23:29:54.463] Imported new block headers               count=2   elapsed=11.938ms  number=13,336,438 hash=4760d8..39c25c
INFO [10-01|23:29:56.424] State heal in progress                   accounts=4566@268.31KiB slots=25948@1.95MiB   codes=11136@94.52MiB nodes=268,332,217@77.99GiB pending=128,616
INFO [10-01|23:29:57.544] Imported new block headers               count=1   elapsed=6.371ms   number=13,336,439 hash=52e02a..1d9453
INFO [10-01|23:30:00.604] Imported new block headers               count=1   elapsed=6.218ms   number=13,336,440 hash=5a28c3..87cca3
ERROR[10-01|23:30:04.339] Snapshot extension registration failed   peer=d0d0c417 err="peer connected on snap without compatible eth support"
INFO [10-01|23:30:05.495] State heal in progress                   accounts=4635@272.85KiB slots=26156@1.97MiB   codes=11136@94.52MiB nodes=268,333,138@77.99GiB pending=128,835
WARN [10-01|23:30:08.980] Checkpoint challenge timed out, dropping id=d003707c03b3ad3c conn=dyndial addr=212.51.143.246:30304 type=erigon/v2021.09.4-al...
INFO [10-01|23:30:14.844] State heal in progress                   accounts=4686@275.94KiB slots=26396@1.98MiB   codes=11136@94.52MiB nodes=268,334,092@77.99GiB pending=129,158
INFO [10-01|23:30:24.061] State heal in progress                   accounts=4765@280.29KiB slots=26630@2.00MiB   codes=11136@94.52MiB nodes=268,335,027@77.99GiB pending=129,199
INFO [10-01|23:30:33.635] State heal in progress                   accounts=4812@283.16KiB slots=26975@2.03MiB   codes=11136@94.52MiB nodes=268,336,143@77.99GiB pending=129,363
INFO [10-01|23:30:37.022] Imported new block headers               count=1   elapsed=6.366ms   number=13,336,441 hash=087dd5..994e89
INFO [10-01|23:30:41.878] State heal in progress                   accounts=4866@286.13KiB slots=27242@2.05MiB   codes=11136@94.52MiB nodes=268,337,063@77.99GiB pending=129,314
INFO [10-01|23:30:46.182] Imported new block headers               count=1   elapsed=5.864ms   number=13,336,442 hash=af6946..d9950b
WARN [10-01|23:30:46.688] Pivot became stale, moving               old=13,336,316 new=13,336,380
INFO [10-01|23:30:47.066] Imported new block receipts              count=64  elapsed=374.444ms number=13,336,379 hash=7259e9..c213d1 age=12m18s   size=8.55MiB
INFO [10-01|23:30:47.095] State heal in progress                   accounts=4887@287.30KiB slots=27387@2.06MiB   codes=11136@94.52MiB nodes=268,337,629@77.99GiB pending=129,399
WARN [10-01|23:30:47.105] Unexpected trienode heal packet          peer=552ff5ce reqid=7,139,308,485,725,238,228
WARN [10-01|23:30:47.148] Unexpected trienode heal packet          peer=caf161d8 reqid=7,076,250,605,416,828,019
WARN [10-01|23:30:47.322] Unexpected trienode heal packet          peer=6c1d0bc5 reqid=3,552,595,440,315,000,572
INFO [10-01|23:30:52.424] Imported new block headers               count=2   elapsed=12.671ms  number=13,336,444 hash=a05308..265d84
INFO [10-01|23:30:55.476] Imported new block headers               count=1   elapsed=6.824ms   number=13,336,445 hash=ef9228..f50a1f
INFO [10-01|23:30:56.273] State heal in progress                   accounts=4887@287.30KiB slots=27387@2.06MiB   codes=11136@94.52MiB nodes=268,339,259@77.99GiB pending=25817
INFO [10-01|23:30:57.120] Downloader queue stats                   receiptTasks=0   blockTasks=0   itemSize=250.60KiB throttle=1047
INFO [10-01|23:31:04.940] State heal in progress                   accounts=4887@287.30KiB slots=27387@2.06MiB   codes=11136@94.52MiB nodes=268,341,122@77.99GiB pending=45964
INFO [10-01|23:31:14.306] Imported new block headers               count=1   elapsed=9.525ms   number=13,336,446 hash=d9d9c4..a5e8c3
INFO [10-01|23:31:16.854] State heal in progress                   accounts=4887@287.30KiB slots=27387@2.06MiB   codes=11136@94.52MiB nodes=268,342,534@77.99GiB pending=58169
WARN [10-01|23:31:16.857] Unexpected trienode heal packet          peer=552ff5ce reqid=6,815,510,295,545,540,626
INFO [10-01|23:31:17.468] Imported new block headers               count=1   elapsed=12.389ms  number=13,336,447 hash=1fe463..cdb9ed
INFO [10-01|23:31:23.574] Imported new block headers               count=1   elapsed=8.337ms   number=13,336,448 hash=3e021e..22f576
INFO [10-01|23:31:25.644] State heal in progress                   accounts=4887@287.30KiB slots=27387@2.06MiB   codes=11136@94.52MiB nodes=268,343,422@77.99GiB pending=63125
WARN [10-01|23:31:25.771] Unexpected trienode heal packet          peer=846a0c85 reqid=8,344,714,973,678,669,520
WARN [10-01|23:31:25.820] Unexpected trienode heal packet          peer=caf161d8 reqid=1,906,593,368,370,708,373
INFO [10-01|23:31:34.000] State heal in progress                   accounts=4887@287.30KiB slots=27387@2.06MiB   codes=11136@94.52MiB nodes=268,344,338@77.99GiB pending=70668
WARN [10-01|23:31:34.001] Unexpected trienode heal packet          peer=6c1d0bc5 reqid=3,180,885,038,280,719,762
INFO [10-01|23:31:42.474] State heal in progress                   accounts=4887@287.30KiB slots=27387@2.06MiB   codes=11136@94.52MiB nodes=268,345,233@77.99GiB pending=79657
INFO [10-01|23:31:53.954] Imported new block headers               count=2   elapsed=9.634ms   number=13,336,450 hash=007f73..4705bf
INFO [10-01|23:31:57.102] Imported new block headers               count=1   elapsed=6.389ms   number=13,336,451 hash=f68210..17258d
INFO [10-01|23:31:58.183] Downloader queue stats                   receiptTasks=0   blockTasks=0   itemSize=236.15KiB throttle=1111
INFO [10-01|23:31:58.912] State heal in progress                   accounts=4887@287.30KiB slots=27387@2.06MiB   codes=11136@94.52MiB nodes=268,346,719@77.99GiB pending=94639
WARN [10-01|23:32:05.255] Checkpoint challenge timed out, dropping id=26664d33f1647cbc conn=inbound addr=87.71.254.203:34414  type=erigon/v2021.09.1-al...
INFO [10-01|23:32:09.336] Imported new block headers               count=1   elapsed=13.251ms  number=13,336,452 hash=3174fd..981127
INFO [10-01|23:32:09.597] State heal in progress                   accounts=4887@287.30KiB slots=27387@2.06MiB   codes=11136@94.52MiB nodes=268,347,325@77.99GiB pending=97380
ERROR[10-01|23:32:10.764] Snapshot extension registration failed   peer=8aff6ddb err="peer connected on snap without compatible eth support"
INFO [10-01|23:32:12.388] Imported new block headers               count=1   elapsed=6.349ms   number=13,336,453 hash=b936dc..e485e5
INFO [10-01|23:32:18.256] State heal in progress                   accounts=4887@287.30KiB slots=27387@2.06MiB   codes=11136@94.52MiB nodes=268,347,873@77.99GiB pending=100,136
WARN [10-01|23:32:18.922] Unexpected trienode heal packet          peer=846a0c85 reqid=4,031,555,070,784,007,144
WARN [10-01|23:32:19.450] Unexpected trienode heal packet          peer=caf161d8 reqid=4,799,211,735,707,062,743
ERROR[10-01|23:32:30.461] Snapshot extension registration failed   peer=ecbeebb8 err="peer connected on snap without compatible eth support"
INFO [10-01|23:32:32.139] State heal in progress                   accounts=4887@287.30KiB slots=27387@2.06MiB   codes=11136@94.52MiB nodes=268,348,606@77.99GiB pending=103,201
WARN [10-01|23:32:32.141] Unexpected trienode heal packet          peer=813dcde8 reqid=9,055,152,511,628,765,626
INFO [10-01|23:32:54.874] Imported new block headers               count=1   elapsed=6.027ms   number=13,336,454 hash=e47fb8..66a330 age=1m1s
INFO [10-01|23:32:54.915] Imported new block headers               count=1   elapsed=7.395ms   number=13,336,455 hash=c6b3dd..87c5a7