2021-05-09 11:28:08 UTC Syncing #12399734 0xaca6…f123     0.00 blk/s    0.0 tx/s    0.0 Mgas/s      0+  174 Qed Ancient:#12139328 LI:#12399909   21/25 peers     75 KiB chain   39 MiB queue  RPC:  0 conn,    0 req/s,    0 µs
2021-05-09 11:28:18 UTC Syncing #12399735 0xa7c6…3bc7     0.10 blk/s   32.1 tx/s    1.5 Mgas/s      0+  175 Qed Ancient:#12139493 LI:#12399910   21/25 peers      4 MiB chain   40 MiB queue  RPC:  0 conn,    0 req/s,    0 µs
2021-05-09 11:28:18 UTC Syncing #12399735 0xa7c6…3bc7     0.10 blk/s   32.1 tx/s    1.5 Mgas/s      0+  174 Qed Ancient:#12139493 LI:#12399910   21/25 peers      4 MiB chain   39 MiB queue  RPC:  0 conn,    0 req/s,    0 µs
2021-05-09 11:28:23 UTC Syncing #12399735 0xa7c6…3bc7     0.00 blk/s    0.0 tx/s    0.0 Mgas/s      0+  174 Qed Ancient:#12139493 LI:#12399910   21/25 peers      4 MiB chain   39 MiB queue  RPC:  0 conn,    0 req/s,    0 µs
2021-05-09 11:30:47 UTC Syncing #12399737 0xe234…9a08     0.01 blk/s    3.1 tx/s    0.2 Mgas/s      0+  182 Qed Ancient:#12139961 LI:#12399919   27/50 peers    0 bytes chain   41 MiB queue  RPC:  0 conn,    0 req/s,    0 µs
2021-05-09 11:32:40 UTC Syncing #12399737 0xe234…9a08     0.00 blk/s    0.0 tx/s    0.0 Mgas/s      0+  186 Qed Ancient:#12143609 LI:#12399924   29/50 peers     20 KiB chain   42 MiB queue  RPC:  0 conn,    0 req/s,    0 µs
2021-05-09 11:32:40 UTC Syncing #12399737 0xe234…9a08     0.00 blk/s    0.0 tx/s    0.0 Mgas/s      0+  186 Qed Ancient:#12143609 LI:#12399924   29/50 peers     71 MiB chain   42 MiB queue  RPC:  0 conn,    0 req/s,    0 µs
2021-05-09 11:32:40 UTC Syncing #12399737 0xe234…9a08     0.00 blk/s    0.0 tx/s    0.0 Mgas/s      0+  186 Qed Ancient:#12143609 LI:#12399924   29/50 peers     20 KiB chain   42 MiB queue  RPC:  0 conn,    0 req/s,    0 µs
2021-05-09 11:32:43 UTC Syncing #12399737 0xe234…9a08     0.00 blk/s    0.0 tx/s    0.0 Mgas/s      0+  186 Qed Ancient:#12143609 LI:#12399924   29/50 peers     74 KiB chain   42 MiB queue  RPC:  0 conn,    0 req/s,    0 µs
2021-05-09 11:32:48 UTC Syncing #12399737 0xe234…9a08     0.00 blk/s    0.0 tx/s    0.0 Mgas/s      0+  186 Qed Ancient:#12143609 LI:#12399924   29/50 peers     74 KiB chain   42 MiB queue  RPC:  0 conn,    0 req/s,    0 µs
2021-05-09 11:32:53 UTC Syncing #12399738 0x5a3b…9a25     0.20 blk/s   46.0 tx/s    3.0 Mgas/s      0+  185 Qed Ancient:#12143609 LI:#12399924   30/50 peers    109 KiB chain   42 MiB queue  RPC:  0 conn,    0 req/s,    0 µs
2021-05-09 11:32:58 UTC Syncing #12399738 0x5a3b…9a25     0.00 blk/s    0.0 tx/s    0.0 Mgas/s      0+  185 Qed Ancient:#12143609 LI:#12399924   31/50 peers    109 KiB chain   42 MiB queue  RPC:  0 conn,    0 req/s,    0 µs
2021-05-09 11:33:03 UTC Syncing #12399739 0x1614…72a3     0.20 blk/s   55.2 tx/s    3.0 Mgas/s      0+  184 Qed Ancient:#12143609 LI:#12399924   32/50 peers    145 KiB chain   42 MiB queue  RPC:  0 conn,    0 req/s,    0 µs
2021-05-09 11:33:08 UTC Syncing #12399739 0x1614…72a3     0.00 blk/s    0.0 tx/s    0.0 Mgas/s      0+  184 Qed Ancient:#12143609 LI:#12399924   32/50 peers    145 KiB chain   42 MiB queue  RPC:  0 conn,    0 req/s,    0 µs
2021-05-09 11:33:13 UTC Syncing #12399740 0x5735…9372     0.20 blk/s   47.2 tx/s    3.0 Mgas/s      0+  183 Qed Ancient:#12143609 LI:#12399924   32/50 peers    145 KiB chain   42 MiB queue  RPC:  0 conn,    0 req/s,    0 µs
2021-05-09 11:33:18 UTC Syncing #12399740 0x5735…9372     0.00 blk/s    0.0 tx/s    0.0 Mgas/s      0+  183 Qed Ancient:#12143609 LI:#12399924   32/50 peers      2 MiB chain   42 MiB queue  RPC:  0 conn,    0 req/s,    0 µs
2021-05-09 11:33:23 UTC Syncing #12399741 0x0506…5580     0.20 blk/s   33.4 tx/s    3.0 Mgas/s      0+  182 Qed Ancient:#12143609 LI:#12399924   33/50 peers      3 MiB chain   42 MiB queue  RPC:  0 conn,    0 req/s,    0 µs
2021-05-09 11:33:28 UTC Syncing #12399742 0x8516…8d33     0.20 blk/s   32.6 tx/s    2.9 Mgas/s      0+  182 Qed Ancient:#12143609 LI:#12399925   33/50 peers      4 MiB chain   42 MiB queue  RPC:  0 conn,    0 req/s,    0 µs
2021-05-09 11:33:33 UTC Syncing #12399742 0x8516…8d33     0.00 blk/s    0.0 tx/s    0.0 Mgas/s      0+  183 Qed Ancient:#12143609 LI:#12399926   34/50 peers      4 MiB chain   42 MiB queue  RPC:  0 conn,    0 req/s,    0 µs
2021-05-09 11:33:38 UTC Syncing #12399743 0x5cde…6f8c     0.20 blk/s   32.8 tx/s    3.0 Mgas/s      0+  183 Qed Ancient:#12143609 LI:#12399927   34/50 peers      4 MiB chain   42 MiB queue  RPC:  0 conn,    0 req/s,    0 µs
2021-05-09 11:33:43 UTC Syncing #12399744 0x68b3…7b83     0.20 blk/s   52.2 tx/s    3.0 Mgas/s      0+  182 Qed Ancient:#12143609 LI:#12399927   34/50 peers      4 MiB chain   42 MiB queue  RPC:  0 conn,    0 req/s,    0 µs
2021-05-09 11:33:48 UTC Syncing #12399744 0x68b3…7b83     0.00 blk/s    0.0 tx/s    0.0 Mgas/s      0+  182 Qed Ancient:#12143609 LI:#12399927   34/50 peers      4 MiB chain   42 MiB queue  RPC:  0 conn,    0 req/s,    0 µs