2021-05-09 11:33:38 UTC Syncing #12399743 0x5cde…6f8c     0.20 blk/s   32.8 tx/s    3.0 Mgas/s      0+  183 Qed Ancient:#12143609 LI:#12399927   34/50 peers      4 MiB chain   42 MiB queue  RPC:  0 conn,    0 req/s,    0 µs
2021-05-09 11:33:43 UTC Syncing #12399744 0x68b3…7b83     0.20 blk/s   52.2 tx/s    3.0 Mgas/s      0+  182 Qed Ancient:#12143609 LI:#12399927   34/50 peers      4 MiB chain   42 MiB queue  RPC:  0 conn,    0 req/s,    0 µs
2021-05-09 11:33:48 UTC Syncing #12399744 0x68b3…7b83     0.00 blk/s    0.0 tx/s    0.0 Mgas/s      0+  182 Qed Ancient:#12143609 LI:#12399927   34/50 peers      4 MiB chain   42 MiB queue  RPC:  0 conn,    0 req/s,    0 µs
2021-05-09 11:33:53 UTC Syncing #12399745 0x957d…757d     0.20 blk/s   36.8 tx/s    3.0 Mgas/s      0+  182 Qed Ancient:#12143609 LI:#12399928   35/50 peers      4 MiB chain   42 MiB queue  RPC:  0 conn,    0 req/s,    0 µs
2021-05-09 11:33:58 UTC Syncing #12399745 0x957d…757d     0.00 blk/s    0.0 tx/s    0.0 Mgas/s      0+  182 Qed Ancient:#12143609 LI:#12399928   35/50 peers      4 MiB chain   42 MiB queue  RPC:  0 conn,    0 req/s,    0 µs
2021-05-09 11:34:03 UTC Syncing #12399746 0x484e…1e03     0.20 blk/s   52.4 tx/s    2.8 Mgas/s      0+  181 Qed Ancient:#12143609 LI:#12399928   35/50 peers      4 MiB chain   41 MiB queue  RPC:  0 conn,    0 req/s,    0 µs
2021-05-09 11:34:08 UTC Syncing #12399747 0x2ec4…5341     0.20 blk/s   52.4 tx/s    3.0 Mgas/s      0+  180 Qed Ancient:#12143609 LI:#12399928   35/50 peers      4 MiB chain   41 MiB queue  RPC:  0 conn,    0 req/s,    0 µs
2021-05-09 11:34:13 UTC Syncing #12399747 0x2ec4…5341     0.00 blk/s    0.0 tx/s    0.0 Mgas/s      0+  181 Qed Ancient:#12143609 LI:#12399929   36/50 peers      4 MiB chain   41 MiB queue  RPC:  0 conn,    0 req/s,    0 µs
2021-05-09 11:34:18 UTC Syncing #12399747 0x2ec4…5341     0.00 blk/s    0.0 tx/s    0.0 Mgas/s      0+  182 Qed Ancient:#12143609 LI:#12399930   37/50 peers      4 MiB chain   41 MiB queue  RPC:  0 conn,    0 req/s,    0 µs
2021-05-09 11:34:23 UTC Syncing #12399748 0x32be…8c5e     0.20 blk/s   90.6 tx/s    3.0 Mgas/s      0+  182 Qed Ancient:#12143609 LI:#12399931   38/50 peers      4 MiB chain   41 MiB queue  RPC:  0 conn,    0 req/s,    0 µs
2021-05-09 11:34:28 UTC Syncing #12399749 0x6588…1035     0.20 blk/s   58.2 tx/s    3.0 Mgas/s      0+  181 Qed Ancient:#12143609 LI:#12399931   38/50 peers      4 MiB chain   41 MiB queue  RPC:  0 conn,    0 req/s,    0 µs
2021-05-09 11:34:33 UTC Syncing #12399749 0x6588…1035     0.00 blk/s    0.0 tx/s    0.0 Mgas/s      0+  181 Qed Ancient:#12143609 LI:#12399931   38/50 peers      4 MiB chain   41 MiB queue  RPC:  0 conn,    0 req/s,    0 µs
2021-05-09 11:34:38 UTC Syncing #12399750 0x60e3…e233     0.20 blk/s   48.0 tx/s    2.8 Mgas/s      0+  180 Qed Ancient:#12143609 LI:#12399931   38/50 peers      4 MiB chain   41 MiB queue  RPC:  0 conn,    0 req/s,    0 µs
2021-05-09 11:34:43 UTC Syncing #12399750 0x60e3…e233     0.00 blk/s    0.0 tx/s    0.0 Mgas/s      0+  182 Qed Ancient:#12143609 LI:#12399933   38/50 peers      4 MiB chain   41 MiB queue  RPC:  0 conn,    0 req/s,    0 µs
2021-05-09 11:34:48 UTC Syncing #12399751 0x7047…4748     0.20 blk/s   46.0 tx/s    3.0 Mgas/s      0+  181 Qed Ancient:#12143609 LI:#12399933   38/50 peers      5 MiB chain   41 MiB queue  RPC:  0 conn,    0 req/s,    0 µs
2021-05-09 11:34:53 UTC Syncing #12399752 0xaed8…7be3     0.20 blk/s   49.2 tx/s    2.9 Mgas/s      0+  180 Qed Ancient:#12143609 LI:#12399933   38/50 peers      5 MiB chain   41 MiB queue  RPC:  0 conn,    0 req/s,    0 µs
2021-05-09 11:34:58 UTC Syncing #12399752 0xaed8…7be3     0.00 blk/s    0.0 tx/s    0.0 Mgas/s      0+  180 Qed Ancient:#12143609 LI:#12399933   38/50 peers      5 MiB chain   41 MiB queue  RPC:  0 conn,    0 req/s,    0 µs
2021-05-09 11:35:03 UTC Syncing #12399752 0xaed8…7be3     0.00 blk/s    0.0 tx/s    0.0 Mgas/s      0+  180 Qed Ancient:#12143609 LI:#12399933   39/50 peers      5 MiB chain   41 MiB queue  RPC:  0 conn,    0 req/s,    0 µs
2021-05-09 11:35:08 UTC Syncing #12399753 0xe4f2…e453     0.20 blk/s   65.4 tx/s    2.9 Mgas/s      0+  179 Qed Ancient:#12143609 LI:#12399933   39/50 peers      5 MiB chain   41 MiB queue  RPC:  0 conn,    0 req/s,    0 µs
2021-05-09 11:35:13 UTC Syncing #12399754 0x5a46…a91d     0.20 blk/s   66.0 tx/s    3.0 Mgas/s      0+  179 Qed Ancient:#12143609 LI:#12399934   39/50 peers      5 MiB chain   41 MiB queue  RPC:  0 conn,    0 req/s,    0 µs
2021-05-09 11:35:18 UTC Syncing #12399754 0x5a46…a91d     0.00 blk/s    0.0 tx/s    0.0 Mgas/s      0+  181 Qed Ancient:#12143609 LI:#12399936   40/50 peers      5 MiB chain   41 MiB queue  RPC:  0 conn,    0 req/s,    0 µs
2021-05-09 11:35:23 UTC Syncing #12399755 0xa98e…fbf7     0.20 blk/s   67.4 tx/s    3.0 Mgas/s      0+  181 Qed Ancient:#12143609 LI:#12399937   40/50 peers      5 MiB chain   41 MiB queue  RPC:  0 conn,    0 req/s,    0 µs
2021-05-09 11:35:28 UTC Syncing #12399755 0xa98e…fbf7     0.00 blk/s    0.0 tx/s    0.0 Mgas/s      0+  181 Qed Ancient:#12143609 LI:#12399937   40/50 peers      5 MiB chain   41 MiB queue  RPC:  0 conn,    0 req/s,    0 µs
2021-05-09 11:35:33 UTC Syncing #12399756 0x2da7…5684     0.20 blk/s   52.8 tx/s    3.0 Mgas/s      0+  181 Qed Ancient:#12143609 LI:#12399938   40/50 peers      5 MiB chain   41 MiB queue  RPC:  0 conn,    0 req/s,    0 µs
2021-05-09 11:35:38 UTC Syncing #12399757 0x9e14…ae7a     0.20 blk/s   62.4 tx/s    3.0 Mgas/s      0+  180 Qed Ancient:#12143609 LI:#12399939   39/50 peers      5 MiB chain   41 MiB queue  RPC:  0 conn,    0 req/s,    0 µs
2021-05-09 11:35:43 UTC Syncing #12399757 0x9e14…ae7a     0.00 blk/s    0.0 tx/s    0.0 Mgas/s      0+  181 Qed Ancient:#12143609 LI:#12399939   39/50 peers      5 MiB chain   41 MiB queue  RPC:  0 conn,    0 req/s,    0 µs
2021-05-09 11:35:48 UTC Syncing #12399758 0x667b…7245     0.20 blk/s   74.4 tx/s    3.0 Mgas/s      0+  180 Qed Ancient:#12143609 LI:#12399939   39/50 peers      5 MiB chain   40 MiB queue  RPC:  0 conn,    0 req/s,    0 µs
2021-05-09 11:35:53 UTC Syncing #12399759 0xc710…f9a2     0.20 blk/s   54.0 tx/s    3.0 Mgas/s      0+  179 Qed Ancient:#12143609 LI:#12399939   39/50 peers      5 MiB chain   40 MiB queue  RPC:  0 conn,    0 req/s,    0 µs
2021-05-09 11:35:58 UTC Syncing #12399760 0xe79a…4087     0.20 blk/s   35.4 tx/s    3.0 Mgas/s      0+  178 Qed Ancient:#12143609 LI:#12399939   39/50 peers      5 MiB chain   40 MiB queue  RPC:  0 conn,    0 req/s,    0 µs
2021-05-09 11:36:10 UTC Syncing #12399762 0xfd7f…e071     0.16 blk/s   29.1 tx/s    2.4 Mgas/s      0+  178 Qed Ancient:#12143657 LI:#12399940   39/50 peers      7 MiB chain   40 MiB queue  RPC:  0 conn,    0 req/s,    0 µs
2021-05-09 11:36:13 UTC Syncing #12399762 0xfd7f…e071     0.00 blk/s    0.0 tx/s    0.0 Mgas/s      0+  177 Qed Ancient:#12143657 LI:#12399940   39/50 peers      7 MiB chain   40 MiB queue  RPC:  0 conn,    0 req/s,    0 µs
2021-05-09 11:36:18 UTC Syncing #12399762 0xfd7f…e071     0.00 blk/s    0.0 tx/s    0.0 Mgas/s      0+  177 Qed Ancient:#12143657 LI:#12399940   39/50 peers      7 MiB chain   40 MiB queue  RPC:  0 conn,    0 req/s,    0 µs
2021-05-09 11:36:23 UTC Syncing #12399763 0x6f9e…80ad     0.20 blk/s   34.3 tx/s    3.0 Mgas/s      0+  177 Qed Ancient:#12143657 LI:#12399941   36/50 peers      2 MiB chain   40 MiB queue  RPC:  0 conn,    0 req/s,    0 µs
2021-05-09 11:36:29 UTC Syncing #12399764 0x8cdb…b6c0     0.15 blk/s   46.6 tx/s    2.2 Mgas/s      0+  178 Qed Ancient:#12143674 LI:#12399942   35/50 peers      4 MiB chain   40 MiB queue  RPC:  0 conn,    0 req/s,    0 µs
2021-05-09 11:36:33 UTC Syncing #12399764 0x8cdb…b6c0     0.00 blk/s    0.0 tx/s    0.0 Mgas/s      0+  177 Qed Ancient:#12143674 LI:#12399942   35/50 peers      4 MiB chain   40 MiB queue  RPC:  0 conn,    0 req/s,    0 µs
2021-05-09 11:36:38 UTC Syncing #12399765 0x2591…d325     0.20 blk/s   53.8 tx/s    3.0 Mgas/s      0+  176 Qed Ancient:#12143697 LI:#12399942   33/50 peers      4 MiB chain   40 MiB queue  RPC:  0 conn,    0 req/s,    0 µs
2021-05-09 11:36:44 UTC Syncing #12399766 0x6412…f051     0.16 blk/s   46.7 tx/s    2.4 Mgas/s      0+  177 Qed Ancient:#12143806 LI:#12399943   32/50 peers      6 MiB chain   40 MiB queue  RPC:  0 conn,    0 req/s,    0 µs
2021-05-09 11:36:48 UTC Syncing #12399766 0x6412…f051     0.00 blk/s    0.0 tx/s    0.0 Mgas/s      0+  176 Qed Ancient:#12143806 LI:#12399943   33/50 peers      6 MiB chain   40 MiB queue  RPC:  0 conn,    0 req/s,    0 µs
2021-05-09 11:37:19 UTC Syncing #12399767 0x0358…17f6     0.03 blk/s    9.7 tx/s    0.5 Mgas/s      0+  179 Qed Ancient:#12145182 LI:#12399945   28/50 peers     37 MiB chain   40 MiB queue  RPC:  0 conn,    0 req/s,    0 µs
2021-05-09 11:37:26 UTC Syncing #12399768 0x9cd5…21d2     0.13 blk/s   33.8 tx/s    1.9 Mgas/s      0+  178 Qed Ancient:#12145215 LI:#12399945   29/50 peers    639 KiB chain   40 MiB queue  RPC:  0 conn,    0 req/s,    0 µs
2021-05-09 11:37:39 UTC Syncing #12399769 0x8421…6595     0.08 blk/s   17.4 tx/s    1.2 Mgas/s      0+  177 Qed Ancient:#12145764 LI:#12399946   28/50 peers      2 KiB chain   40 MiB queue  RPC:  0 conn,    0 req/s,    0 µs
2021-05-09 11:37:39 UTC Syncing #12399769 0x8421…6595     0.08 blk/s   17.5 tx/s    1.2 Mgas/s      0+  178 Qed Ancient:#12145764 LI:#12399946   28/50 peers    0 bytes chain   40 MiB queue  RPC:  0 conn,    0 req/s,    0 µs
2021-05-09 11:37:43 UTC Syncing #12399769 0x8421…6595     0.00 blk/s    0.0 tx/s    0.0 Mgas/s      0+  178 Qed Ancient:#12145764 LI:#12399947   28/50 peers     74 KiB chain   40 MiB queue  RPC:  0 conn,    0 req/s,    0 µs
2021-05-09 11:37:48 UTC Syncing #12399769 0x8421…6595     0.00 blk/s    0.0 tx/s    0.0 Mgas/s      0+  178 Qed Ancient:#12145764 LI:#12399947   30/50 peers     74 KiB chain   40 MiB queue  RPC:  0 conn,    0 req/s,    0 µs
2021-05-09 11:38:30 UTC Syncing #12399771 0xc3c2…89df     0.05 blk/s    7.6 tx/s    0.7 Mgas/s      0+  177 Qed Ancient:#12147150 LI:#12399948   31/50 peers      2 KiB chain   40 MiB queue  RPC:  0 conn,    0 req/s,    0 µs
2021-05-09 11:38:30 UTC Syncing #12399771 0xc3c2…89df     0.05 blk/s    7.6 tx/s    0.7 Mgas/s      0+  178 Qed Ancient:#12147150 LI:#12399948   31/50 peers     35 MiB chain   40 MiB queue  RPC:  0 conn,    0 req/s,    0 µs
2021-05-09 11:38:40 UTC Syncing #12399772 0x6e4f…eee6     0.10 blk/s   18.2 tx/s    1.4 Mgas/s      0+  177 Qed Ancient:#12147437 LI:#12399948   31/50 peers      9 MiB chain   40 MiB queue  RPC:  0 conn,    0 req/s,    0 µs
2021-05-09 11:38:40 UTC Syncing #12399772 0x6e4f…eee6     0.10 blk/s   18.2 tx/s    1.4 Mgas/s      0+  176 Qed Ancient:#12147437 LI:#12399948   31/50 peers     74 KiB chain   40 MiB queue  RPC:  0 conn,    0 req/s,    0 µs