INFO [05-09|14:39:32.458] Downloader queue stats                   receiptTasks=0 blockTasks=0 itemSize=275.44KiB throttle=238
INFO [05-09|14:39:36.114] Imported new state entries               count=477  elapsed="761.603µs" processed=573206525 pending=47784  trieretry=0    coderetry=0 duplicate=0 unexpected=3290
INFO [05-09|14:39:39.092] Imported new block headers               count=1    elapsed=5.921ms     number=12400730 hash="978b91…2389a9"
INFO [05-09|14:39:40.838] Imported new state entries               count=783  elapsed=3.886ms     processed=573207308 pending=47634  trieretry=0    coderetry=0 duplicate=0 unexpected=3290
INFO [05-09|14:39:44.133] Imported new state entries               count=431  elapsed=1.871ms     processed=573207739 pending=47751  trieretry=0    coderetry=0 duplicate=0 unexpected=3290
INFO [05-09|14:39:45.946] Imported new block headers               count=1    elapsed=7.227ms     number=12400731 hash="ae6058…4a972d"
INFO [05-09|14:39:47.336] Imported new state entries               count=384  elapsed="340.601µs" processed=573208123 pending=48253  trieretry=0    coderetry=0 duplicate=0 unexpected=3290
INFO [05-09|14:39:51.415] Imported new state entries               count=402  elapsed="926.603µs" processed=573208525 pending=48518  trieretry=0    coderetry=0 duplicate=0 unexpected=3290
INFO [05-09|14:39:52.727] Imported new block headers               count=1    elapsed=6.856ms     number=12400732 hash="638884…7ed709"
INFO [05-09|14:39:53.707] Imported new state entries               count=384  elapsed="377.501µs" processed=573208909 pending=49231  trieretry=0    coderetry=0 duplicate=0 unexpected=3290
INFO [05-09|14:39:56.120] Imported new state entries               count=384  elapsed="34.9µs"    processed=573209293 pending=50073  trieretry=0    coderetry=0 duplicate=0 unexpected=3290
INFO [05-09|14:39:56.190] Imported new block headers               count=1    elapsed=6.159ms     number=12400733 hash="a2aa3c…24bc28"
INFO [05-09|14:39:58.577] Imported new state entries               count=393  elapsed="4.1µs"     processed=573209686 pending=50880  trieretry=0    coderetry=0 duplicate=0 unexpected=3290
INFO [05-09|14:39:59.869] Imported new block headers               count=1    elapsed=6.117ms     number=12400734 hash="597fa0…d98377"
INFO [05-09|14:40:00.911] Imported new state entries               count=384  elapsed="68.6µs"    processed=573210070 pending=51674  trieretry=0    coderetry=0 duplicate=0 unexpected=3290
INFO [05-09|14:40:03.211] Imported new state entries               count=384  elapsed="37.7µs"    processed=573210454 pending=52487  trieretry=0    coderetry=0 duplicate=0 unexpected=3290
INFO [05-09|14:40:05.486] Imported new state entries               count=384  elapsed="50µs"      processed=573210838 pending=53280  trieretry=0    coderetry=0 duplicate=0 unexpected=3290
INFO [05-09|14:40:07.226] Imported new block headers               count=1    elapsed=5.568ms     number=12400735 hash="1c6922…8eb433"
INFO [05-09|14:40:07.642] Imported new state entries               count=384  elapsed="2.3µs"     processed=573211222 pending=54115  trieretry=0    coderetry=0 duplicate=0 unexpected=3290
INFO [05-09|14:40:09.852] Imported new state entries               count=384  elapsed="3.1µs"     processed=573211606 pending=54925  trieretry=0    coderetry=0 duplicate=0 unexpected=3290
INFO [05-09|14:40:12.173] Imported new state entries               count=384  elapsed="294.001µs" processed=573211990 pending=55606  trieretry=2    coderetry=0 duplicate=0 unexpected=3290
INFO [05-09|14:40:14.276] Imported new block headers               count=1    elapsed=9.380ms     number=12400736 hash="08068e…c4bae3"
INFO [05-09|14:40:16.568] Imported new state entries               count=384  elapsed=1.209ms     processed=573212374 pending=55731  trieretry=0    coderetry=0 duplicate=0 unexpected=3290