INFO [05-09|14:38:29.304] Imported new state entries               count=768  elapsed=2.342ms     processed=573196958 pending=40371  trieretry=0    coderetry=0 duplicate=0 unexpected=3290
INFO [05-09|14:38:29.417] Downloader queue stats                   receiptTasks=0 blockTasks=0 itemSize=271.31KiB throttle=242
INFO [05-09|14:38:33.755] Imported new state entries               count=312  elapsed="543.202µs" processed=573197270 pending=40602  trieretry=0    coderetry=0 duplicate=0 unexpected=3290
INFO [05-09|14:38:36.675] Imported new state entries               count=256  elapsed="389.601µs" processed=573197526 pending=40812  trieretry=0    coderetry=0 duplicate=0 unexpected=3290
INFO [05-09|14:38:40.510] Imported new state entries               count=466  elapsed="651.102µs" processed=573197992 pending=41212  trieretry=0    coderetry=0 duplicate=0 unexpected=3290
INFO [05-09|14:38:42.308] Imported new block headers               count=1    elapsed=6.078ms     number=12400726 hash="5a6475…f0e5f5"
INFO [05-09|14:38:44.819] Imported new state entries               count=413  elapsed="521.601µs" processed=573198405 pending=41613  trieretry=0    coderetry=0 duplicate=0 unexpected=3290
INFO [05-09|14:38:48.037] Imported new state entries               count=384  elapsed="777.702µs" processed=573198789 pending=42183  trieretry=0    coderetry=0 duplicate=0 unexpected=3290
INFO [05-09|14:38:51.891] Imported new state entries               count=399  elapsed="794.103µs" processed=573199188 pending=42729  trieretry=0    coderetry=0 duplicate=0 unexpected=3290
INFO [05-09|14:38:53.288] Imported new state entries               count=384  elapsed="233.601µs" processed=573199572 pending=46229  trieretry=0    coderetry=0 duplicate=0 unexpected=3290
INFO [05-09|14:38:56.782] Imported new state entries               count=384  elapsed=2.743ms     processed=573199956 pending=46371  trieretry=0    coderetry=0 duplicate=0 unexpected=3290
INFO [05-09|14:38:59.509] Imported new state entries               count=393  elapsed=1.049ms     processed=573200349 pending=46642  trieretry=0    coderetry=0 duplicate=0 unexpected=3290
INFO [05-09|14:39:03.768] Imported new state entries               count=384  elapsed="439.401µs" processed=573200733 pending=47184  trieretry=0    coderetry=0 duplicate=0 unexpected=3290
INFO [05-09|14:39:08.667] Imported new state entries               count=768  elapsed=4.674ms     processed=573201501 pending=46837  trieretry=0    coderetry=0 duplicate=0 unexpected=3290
INFO [05-09|14:39:11.161] Imported new state entries               count=384  elapsed=1.167ms     processed=573201885 pending=47271  trieretry=0    coderetry=0 duplicate=0 unexpected=3290
INFO [05-09|14:39:11.848] Imported new block headers               count=1    elapsed=8.749ms     number=12400727 hash="53185d…0adf48" age=1m6s
INFO [05-09|14:39:14.816] Imported new state entries               count=384  elapsed="445.702µs" processed=573202269 pending=47630  trieretry=0    coderetry=0 duplicate=0 unexpected=3290
INFO [05-09|14:39:17.408] Imported new state entries               count=768  elapsed=4.675ms     processed=573203037 pending=47300  trieretry=0    coderetry=0 duplicate=0 unexpected=3290
INFO [05-09|14:39:21.177] Imported new state entries               count=768  elapsed=3.523ms     processed=573203805 pending=47682  trieretry=0    coderetry=0 duplicate=0 unexpected=3290
INFO [05-09|14:39:25.318] Imported new block headers               count=1    elapsed=6.944ms     number=12400728 hash="18a95f…c68106" age=1m1s
INFO [05-09|14:39:25.453] Imported new state entries               count=768  elapsed=3.113ms     processed=573204573 pending=47840  trieretry=4    coderetry=0 duplicate=0 unexpected=3290
INFO [05-09|14:39:27.148] Imported new state entries               count=768  elapsed=6.379ms     processed=573205341 pending=47207  trieretry=0    coderetry=0 duplicate=0 unexpected=3290
INFO [05-09|14:39:31.798] Imported new state entries               count=707  elapsed=2.913ms     processed=573206048 pending=47393  trieretry=0    coderetry=0 duplicate=0 unexpected=3290
INFO [05-09|14:39:32.174] Imported new block headers               count=1    elapsed=6.038ms     number=12400729 hash="1e3fef…7bd918"
INFO [05-09|14:39:32.458] Downloader queue stats                   receiptTasks=0 blockTasks=0 itemSize=275.44KiB throttle=238
INFO [05-09|14:39:36.114] Imported new state entries               count=477  elapsed="761.603µs" processed=573206525 pending=47784  trieretry=0    coderetry=0 duplicate=0 unexpected=3290
INFO [05-09|14:39:39.092] Imported new block headers               count=1    elapsed=5.921ms     number=12400730 hash="978b91…2389a9"
INFO [05-09|14:39:40.838] Imported new state entries               count=783  elapsed=3.886ms     processed=573207308 pending=47634  trieretry=0    coderetry=0 duplicate=0 unexpected=3290
INFO [05-09|14:39:44.133] Imported new state entries               count=431  elapsed=1.871ms     processed=573207739 pending=47751  trieretry=0    coderetry=0 duplicate=0 unexpected=3290
INFO [05-09|14:39:45.946] Imported new block headers               count=1    elapsed=7.227ms     number=12400731 hash="ae6058…4a972d"
INFO [05-09|14:39:47.336] Imported new state entries               count=384  elapsed="340.601µs" processed=573208123 pending=48253  trieretry=0    coderetry=0 duplicate=0 unexpected=3290
INFO [05-09|14:39:51.415] Imported new state entries               count=402  elapsed="926.603µs" processed=573208525 pending=48518  trieretry=0    coderetry=0 duplicate=0 unexpected=3290
INFO [05-09|14:39:52.727] Imported new block headers               count=1    elapsed=6.856ms     number=12400732 hash="638884…7ed709"
INFO [05-09|14:39:53.707] Imported new state entries               count=384  elapsed="377.501µs" processed=573208909 pending=49231  trieretry=0    coderetry=0 duplicate=0 unexpected=3290