INFO [05-09|14:40:00.911] Imported new state entries               count=384  elapsed="68.6µs"    processed=573210070 pending=51674  trieretry=0    coderetry=0 duplicate=0 unexpected=3290
INFO [05-09|14:40:03.211] Imported new state entries               count=384  elapsed="37.7µs"    processed=573210454 pending=52487  trieretry=0    coderetry=0 duplicate=0 unexpected=3290
INFO [05-09|14:40:05.486] Imported new state entries               count=384  elapsed="50µs"      processed=573210838 pending=53280  trieretry=0    coderetry=0 duplicate=0 unexpected=3290
INFO [05-09|14:40:07.226] Imported new block headers               count=1    elapsed=5.568ms     number=12400735 hash="1c6922…8eb433"
INFO [05-09|14:40:07.642] Imported new state entries               count=384  elapsed="2.3µs"     processed=573211222 pending=54115  trieretry=0    coderetry=0 duplicate=0 unexpected=3290
INFO [05-09|14:40:09.852] Imported new state entries               count=384  elapsed="3.1µs"     processed=573211606 pending=54925  trieretry=0    coderetry=0 duplicate=0 unexpected=3290
INFO [05-09|14:40:12.173] Imported new state entries               count=384  elapsed="294.001µs" processed=573211990 pending=55606  trieretry=2    coderetry=0 duplicate=0 unexpected=3290
INFO [05-09|14:40:14.276] Imported new block headers               count=1    elapsed=9.380ms     number=12400736 hash="08068e…c4bae3"
INFO [05-09|14:40:16.568] Imported new state entries               count=384  elapsed=1.209ms     processed=573212374 pending=55731  trieretry=0    coderetry=0 duplicate=0 unexpected=3290
INFO [05-09|14:40:24.210] Imported new state entries               count=768  elapsed=2.583ms     processed=573213142 pending=56090  trieretry=0    coderetry=0 duplicate=0 unexpected=3290
INFO [05-09|14:40:28.449] Imported new state entries               count=384  elapsed="702.802µs" processed=573213526 pending=56349  trieretry=2    coderetry=0 duplicate=0 unexpected=3290
INFO [05-09|14:40:30.831] Imported new block headers               count=1    elapsed=7.538ms     number=12400737 hash="5d8ba3…d417f6"
INFO [05-09|14:40:34.795] Imported new state entries               count=384  elapsed=1.063ms     processed=573213910 pending=56556  trieretry=0    coderetry=0 duplicate=0 unexpected=3290
INFO [05-09|14:40:40.094] Imported new state entries               count=384  elapsed="813.803µs" processed=573214294 pending=56858  trieretry=0    coderetry=0 duplicate=0 unexpected=3290
INFO [05-09|14:40:42.103] Imported new state entries               count=384  elapsed="777.003µs" processed=573214678 pending=57249  trieretry=0    coderetry=0 duplicate=0 unexpected=3290
INFO [05-09|14:40:46.901] Imported new state entries               count=384  elapsed=1.012ms     processed=573215062 pending=57709  trieretry=0    coderetry=0 duplicate=0 unexpected=3290
INFO [05-09|14:40:47.367] Imported new block headers               count=1    elapsed=6.285ms     number=12400738 hash="8649ff…32e9d1"
INFO [05-09|14:40:47.495] Downloader queue stats                   receiptTasks=0 blockTasks=0 itemSize=257.16KiB throttle=255
INFO [05-09|14:40:49.303] Imported new state entries               count=384  elapsed="116µs"     processed=573215446 pending=58519  trieretry=0    coderetry=0 duplicate=0 unexpected=3290
INFO [05-09|14:40:52.932] Imported new state entries               count=384  elapsed="268.101µs" processed=573215830 pending=59074  trieretry=0    coderetry=0 duplicate=0 unexpected=3290
INFO [05-09|14:40:54.511] Imported new state entries               count=237  elapsed="77.8µs"    processed=573216067 pending=59977  trieretry=0    coderetry=0 duplicate=0 unexpected=3290
INFO [05-09|14:40:56.473] Imported new state entries               count=761  elapsed=10.424ms    processed=573216828 pending=58427  trieretry=0    coderetry=0 duplicate=0 unexpected=3290
INFO [05-09|14:40:57.408] Imported new block headers               count=1    elapsed=6.635ms     number=12400739 hash="49731f…1475d2"
INFO [05-09|14:40:58.831] Imported new state entries               count=827  elapsed=10.026ms    processed=573217655 pending=57187  trieretry=0    coderetry=0 duplicate=0 unexpected=3290
INFO [05-09|14:41:03.957] Imported new state entries               count=787  elapsed=1.811ms     processed=573218442 pending=57636  trieretry=0    coderetry=0 duplicate=0 unexpected=3290
INFO [05-09|14:41:06.005] Imported new state entries               count=768  elapsed="374.601µs" processed=573219210 pending=58386  trieretry=0    coderetry=0 duplicate=0 unexpected=3290
INFO [05-09|14:41:08.309] Imported new state entries               count=783  elapsed="176.001µs" processed=573219993 pending=59206  trieretry=0    coderetry=0 duplicate=0 unexpected=3290
INFO [05-09|14:41:10.417] Imported new state entries               count=768  elapsed="117.001µs" processed=573220761 pending=60010  trieretry=0    coderetry=0 duplicate=0 unexpected=3290
INFO [05-09|14:41:12.453] Imported new state entries               count=768  elapsed="136.1µs"   processed=573221529 pending=60814  trieretry=0    coderetry=0 duplicate=0 unexpected=3290
INFO [05-09|14:41:14.507] Imported new state entries               count=768  elapsed="137.3µs"   processed=573222297 pending=61604  trieretry=0    coderetry=0 duplicate=0 unexpected=3290
INFO [05-09|14:41:16.489] Imported new state entries               count=768  elapsed="85.6µs"    processed=573223065 pending=62410  trieretry=0    coderetry=0 duplicate=0 unexpected=3290
INFO [05-09|14:41:17.466] Imported new block headers               count=1    elapsed=12.764ms    number=12400740 hash="139199…a291eb" age=1m3s
INFO [05-09|14:41:18.611] Imported new state entries               count=768  elapsed="86.9µs"    processed=573223833 pending=63234  trieretry=0    coderetry=0 duplicate=0 unexpected=3290
INFO [05-09|14:41:20.580] Imported new state entries               count=768  elapsed=1.130ms     processed=573224601 pending=64017  trieretry=0    coderetry=0 duplicate=0 unexpected=3290
INFO [05-09|14:41:22.768] Imported new state entries               count=768  elapsed="112.7µs"   processed=573225369 pending=64821  trieretry=0    coderetry=0 duplicate=0 unexpected=3290
INFO [05-09|14:41:25.248] Imported new state entries               count=768  elapsed=3.489ms     processed=573226137 pending=64808  trieretry=0    coderetry=0 duplicate=0 unexpected=3290
INFO [05-09|14:41:29.048] Imported new state entries               count=721  elapsed=5.215ms     processed=573226858 pending=64329  trieretry=0    coderetry=0 duplicate=0 unexpected=3290
INFO [05-09|14:41:32.559] Imported new state entries               count=802  elapsed=4.088ms     processed=573227660 pending=64130  trieretry=0    coderetry=0 duplicate=0 unexpected=3290
INFO [05-09|14:41:35.011] Imported new state entries               count=864  elapsed=6.970ms     processed=573228524 pending=63379  trieretry=0    coderetry=0 duplicate=0 unexpected=3290
INFO [05-09|14:41:35.962] Imported new state entries               count=1577 elapsed=11.593ms    processed=573230101 pending=61663  trieretry=0    coderetry=0 duplicate=0 unexpected=3290
INFO [05-09|14:41:36.409] Imported new state entries               count=1920 elapsed=14.894ms    processed=573232021 pending=59369  trieretry=0    coderetry=0 duplicate=0 unexpected=3290
INFO [05-09|14:41:36.981] Imported new state entries               count=1920 elapsed=14.415ms    processed=573233941 pending=57092  trieretry=0    coderetry=0 duplicate=0 unexpected=3290
INFO [05-09|14:41:37.465] Imported new state entries               count=1920 elapsed=15.207ms    processed=573235861 pending=54710  trieretry=0    coderetry=0 duplicate=0 unexpected=3290
INFO [05-09|14:41:38.095] Imported new state entries               count=1616 elapsed=15.868ms    processed=573237477 pending=52532  trieretry=0    coderetry=0 duplicate=0 unexpected=3290
INFO [05-09|14:41:40.103] Imported new state entries               count=1055 elapsed=8.649ms     processed=573238532 pending=51406  trieretry=0    coderetry=0 duplicate=0 unexpected=3290
INFO [05-09|14:41:43.580] Imported new block headers               count=1    elapsed=6.717ms     number=12400741 hash="511bdd…dbeff8" age=1m3s
INFO [05-09|14:41:45.739] Imported new state entries               count=925  elapsed=10.278ms    processed=573239457 pending=50351  trieretry=0    coderetry=0 duplicate=0 unexpected=3290
INFO [05-09|14:41:53.695] Imported new state entries               count=768  elapsed=8.846ms     processed=573240225 pending=49637  trieretry=0    coderetry=0 duplicate=0 unexpected=3290
INFO [05-09|14:42:00.000] Imported new state entries               count=768  elapsed=5.373ms     processed=573240993 pending=49096  trieretry=0    coderetry=0 duplicate=0 unexpected=3290
INFO [05-09|14:42:02.014] Imported new state entries               count=384  elapsed=3.119ms     processed=573241377 pending=48952  trieretry=0    coderetry=0 duplicate=0 unexpected=3290
INFO [05-09|14:42:03.322] Imported new block headers               count=1    elapsed=7.656ms     number=12400742 hash="cc0b46…93bb16" age=1m18s
INFO [05-09|14:42:03.534] Downloader queue stats                   receiptTasks=0 blockTasks=0 itemSize=265.20KiB throttle=248
INFO [05-09|14:42:08.273] Imported new state entries               count=768  elapsed=4.620ms     processed=573242145 pending=48419  trieretry=0    coderetry=0 duplicate=0 unexpected=3290
INFO [05-09|14:42:15.121] Imported new state entries               count=800  elapsed=6.036ms     processed=573242945 pending=47816  trieretry=0    coderetry=0 duplicate=0 unexpected=3290
INFO [05-09|14:42:18.332] Imported new state entries               count=384  elapsed=2.403ms     processed=573243329 pending=47803  trieretry=2    coderetry=0 duplicate=0 unexpected=3290
INFO [05-09|14:42:19.778] Imported new block headers               count=1    elapsed=6.443ms     number=12400743 hash="22c4ce…896f94" age=1m8s
INFO [05-09|14:42:20.524] Imported new state entries               count=384  elapsed=2.550ms     processed=573243713 pending=47718  trieretry=0    coderetry=0 duplicate=0 unexpected=3290
INFO [05-09|14:42:24.694] Imported new state entries               count=384  elapsed=5.099ms     processed=573244097 pending=47671  trieretry=0    coderetry=0 duplicate=0 unexpected=3290
INFO [05-09|14:42:30.225] Imported new state entries               count=768  elapsed=4.025ms     processed=573244865 pending=47618  trieretry=0    coderetry=0 duplicate=0 unexpected=3290
INFO [05-09|14:42:31.051] Imported new state entries               count=1152 elapsed=14.229ms    processed=573246017 pending=45559  trieretry=0    coderetry=0 duplicate=0 unexpected=3290
INFO [05-09|14:42:32.025] Imported new state entries               count=1511 elapsed=47.707ms    processed=573247528 pending=42729  trieretry=0    coderetry=0 duplicate=0 unexpected=3290
INFO [05-09|14:42:32.565] Imported new state entries               count=1533 elapsed=16.394ms    processed=573249061 pending=40128  trieretry=0    coderetry=0 duplicate=0 unexpected=3290
INFO [05-09|14:42:33.856] Imported new state entries               count=1337 elapsed=15.700ms    processed=573250398 pending=37818  trieretry=0    coderetry=0 duplicate=0 unexpected=3290
INFO [05-09|14:42:39.576] Imported new state entries               count=768  elapsed=7.654ms     processed=573251166 pending=37032  trieretry=0    coderetry=0 duplicate=0 unexpected=3290
INFO [05-09|14:42:39.782] Imported new block headers               count=1    elapsed=6.756ms     number=12400744 hash="c65873…92693d" age=1m2s
INFO [05-09|14:42:46.565] Imported new state entries               count=384  elapsed=1.867ms     processed=573251550 pending=37141  trieretry=0    coderetry=0 duplicate=0 unexpected=3290
INFO [05-09|14:42:50.926] Imported new state entries               count=768  elapsed=3.898ms     processed=573252318 pending=37050  trieretry=0    coderetry=0 duplicate=0 unexpected=3290
INFO [05-09|14:42:53.327] Imported new state entries               count=384  elapsed="853.503µs" processed=573252702 pending=37290  trieretry=0    coderetry=0 duplicate=0 unexpected=3290
INFO [05-09|14:42:56.700] Imported new state entries               count=384  elapsed=1.667ms     processed=573253086 pending=37291  trieretry=0    coderetry=0 duplicate=0 unexpected=3290
INFO [05-09|14:43:01.446] Imported new state entries               count=768  elapsed=4.108ms     processed=573253854 pending=37302  trieretry=0    coderetry=0 duplicate=0 unexpected=3290
INFO [05-09|14:43:05.530] Imported new state entries               count=422  elapsed=1.945ms     processed=573254276 pending=37420  trieretry=0    coderetry=0 duplicate=0 unexpected=3290
INFO [05-09|14:43:05.998] Imported new block headers               count=1    elapsed=7.109ms     number=12400745 hash="82e3f2…c6f6ca" age=1m8s
INFO [05-09|14:43:06.567] Downloader queue stats                   receiptTasks=0 blockTasks=0 itemSize=271.99KiB throttle=241
INFO [05-09|14:43:12.099] Imported new state entries               count=384  elapsed="881.203µs" processed=573254660 pending=37635  trieretry=2    coderetry=0 duplicate=0 unexpected=3290
INFO [05-09|14:43:16.092] Imported new block headers               count=1    elapsed=6.530ms     number=12400746 hash="45280d…8e6697"
INFO [05-09|14:43:17.601] Imported new state entries               count=384  elapsed=1.386ms     processed=573255044 pending=37727  trieretry=0    coderetry=0 duplicate=0 unexpected=3290
INFO [05-09|14:43:22.930] Imported new block headers               count=1    elapsed=6.602ms     number=12400747 hash="7d30e2…7dc38b"
INFO [05-09|14:43:23.176] Imported new state entries               count=384  elapsed=1.403ms     processed=573255428 pending=37826  trieretry=4    coderetry=0 duplicate=0 unexpected=3290
INFO [05-09|14:43:28.524] Imported new state entries               count=384  elapsed=1.100ms     processed=573255812 pending=38016  trieretry=0    coderetry=0 duplicate=0 unexpected=3290
INFO [05-09|14:43:33.090] Imported new state entries               count=384  elapsed=1.383ms     processed=573256196 pending=38555  trieretry=0    coderetry=0 duplicate=0 unexpected=3290
INFO [05-09|14:43:37.541] Imported new state entries               count=384  elapsed=4.513ms     processed=573256580 pending=38772  trieretry=2    coderetry=0 duplicate=0 unexpected=3290
INFO [05-09|14:43:39.391] Imported new block headers               count=1    elapsed=6.129ms     number=12400748 hash="1fdaac…b1046f"
INFO [05-09|14:43:41.250] Imported new state entries               count=384  elapsed=2.797ms     processed=573256964 pending=38852  trieretry=0    coderetry=0 duplicate=0 unexpected=3290
INFO [05-09|14:43:44.768] Imported new state entries               count=384  elapsed="753.202µs" processed=573257348 pending=39754  trieretry=0    coderetry=0 duplicate=0 unexpected=3290
INFO [05-09|14:43:46.214] Imported new block headers               count=1    elapsed=7.183ms     number=12400749 hash="535b67…4f19d0"
INFO [05-09|14:43:48.004] Imported new state entries               count=384  elapsed=3.102ms     processed=573257732 pending=40020  trieretry=0    coderetry=0 duplicate=0 unexpected=3290
INFO [05-09|14:43:51.760] Imported new state entries               count=384  elapsed=2.210ms     processed=573258116 pending=40152  trieretry=0    coderetry=0 duplicate=0 unexpected=3290
INFO [05-09|14:43:55.629] Imported new state entries               count=384  elapsed=2.982ms     processed=573258500 pending=40257  trieretry=0    coderetry=0 duplicate=0 unexpected=3290
INFO [05-09|14:43:56.214] Imported new block headers               count=1    elapsed=6.932ms     number=12400750 hash="9bbd59…420d50"
INFO [05-09|14:43:59.808] Imported new state entries               count=412  elapsed=2.903ms     processed=573258912 pending=40308  trieretry=0    coderetry=0 duplicate=0 unexpected=3290
INFO [05-09|14:44:03.682] Imported new state entries               count=384  elapsed=1.600ms     processed=573259296 pending=40616  trieretry=0    coderetry=0 duplicate=0 unexpected=3290
INFO [05-09|14:44:06.363] Imported new state entries               count=384  elapsed=5.225ms     processed=573259680 pending=40279  trieretry=0    coderetry=0 duplicate=0 unexpected=3290
INFO [05-09|14:44:11.453] Imported new state entries               count=499  elapsed=4.039ms     processed=573260179 pending=40192  trieretry=0    coderetry=0 duplicate=0 unexpected=3290
INFO [05-09|14:44:15.324] Imported new state entries               count=384  elapsed=3.247ms     processed=573260563 pending=40170  trieretry=0    coderetry=0 duplicate=0 unexpected=3290
INFO [05-09|14:44:18.667] Imported new state entries               count=384  elapsed=2.768ms     processed=573260947 pending=40215  trieretry=0    coderetry=0 duplicate=0 unexpected=3290
INFO [05-09|14:44:21.910] Imported new state entries               count=384  elapsed=5.201ms     processed=573261331 pending=39870  trieretry=2    coderetry=0 duplicate=0 unexpected=3290
INFO [05-09|14:44:22.811] Imported new block headers               count=1    elapsed=8.322ms     number=12400751 hash="9a5420…4c733d"
INFO [05-09|14:44:23.616] Downloader queue stats                   receiptTasks=0 blockTasks=0 itemSize=269.90KiB throttle=243
INFO [05-09|14:44:26.313] Imported new block headers               count=1    elapsed=6.574ms     number=12400752 hash="55d0c0…99651d"
INFO [05-09|14:44:27.064] Imported new state entries               count=693  elapsed=6.191ms     processed=573262024 pending=39417  trieretry=0    coderetry=0 duplicate=0 unexpected=3290
INFO [05-09|14:44:29.320] Imported new state entries               count=384  elapsed=3.410ms     processed=573262408 pending=39333  trieretry=0    coderetry=0 duplicate=0 unexpected=3290
INFO [05-09|14:44:34.973] Imported new state entries               count=768  elapsed=3.937ms     processed=573263176 pending=39384  trieretry=0    coderetry=0 duplicate=0 unexpected=3290
INFO [05-09|14:44:36.537] Imported new state entries               count=384  elapsed=2.617ms     processed=573263560 pending=39206  trieretry=0    coderetry=0 duplicate=0 unexpected=3290
INFO [05-09|14:44:39.772] Imported new state entries               count=768  elapsed=6.553ms     processed=573264328 pending=38508  trieretry=0    coderetry=0 duplicate=0 unexpected=3290
INFO [05-09|14:44:44.391] Imported new state entries               count=768  elapsed=4.813ms     processed=573265096 pending=38207  trieretry=0    coderetry=0 duplicate=0 unexpected=3290
INFO [05-09|14:44:48.641] Imported new state entries               count=815  elapsed=6.992ms     processed=573265911 pending=37561  trieretry=2    coderetry=0 duplicate=0 unexpected=3290
INFO [05-09|14:44:49.267] Imported new block headers               count=1    elapsed=7.063ms     number=12400753 hash="95ff3f…dbdc5f"
INFO [05-09|14:44:53.826] Imported new state entries               count=768  elapsed=4.062ms     processed=573266679 pending=37392  trieretry=0    coderetry=0 duplicate=0 unexpected=3290
INFO [05-09|14:45:01.179] Imported new state entries               count=768  elapsed=3.095ms     processed=573267447 pending=37769  trieretry=0    coderetry=0 duplicate=0 unexpected=3290
INFO [05-09|14:45:06.636] Imported new state entries               count=384  elapsed=1.199ms     processed=573267831 pending=38887  trieretry=2    coderetry=0 duplicate=0 unexpected=3290
INFO [05-09|14:45:08.952] Imported new block headers               count=1    elapsed=7.824ms     number=12400754 hash="d488a1…35826e"
INFO [05-09|14:45:11.788] Imported new state entries               count=384  elapsed=1.205ms     processed=573268215 pending=39346  trieretry=0    coderetry=0 duplicate=0 unexpected=3290
INFO [05-09|14:45:12.417] Imported new block headers               count=1    elapsed=5.658ms     number=12400755 hash="520d61…53a830"
INFO [05-09|14:45:15.905] Imported new block headers               count=1    elapsed=6.497ms     number=12400756 hash="ffc27e…33a8c4"
INFO [05-09|14:45:18.300] Imported new state entries               count=384  elapsed=1.436ms     processed=573268599 pending=39576  trieretry=0    coderetry=0 duplicate=0 unexpected=3290
INFO [05-09|14:45:19.494] Imported new block headers               count=1    elapsed=5.724ms     number=12400757 hash="8a6d1b…1be14b"
INFO [05-09|14:45:26.451] Imported new state entries               count=384  elapsed="281.401µs" processed=573268983 pending=40395  trieretry=0    coderetry=0 duplicate=0 unexpected=3290