INFO [07-28|12:30:52.727] Downloader queue stats                   receiptTasks=0 blockTasks=0 itemSize=229.34KiB throttle=286
INFO [07-28|12:30:57.865] Upgrading chain index                    type=bloombits               percentage=69
INFO [07-28|12:30:58.550] Imported new block headers               count=1  elapsed=6.197ms   number=12,914,455 hash=f1057e..ebd077
INFO [07-28|12:31:02.622] State heal in progress                   accounts=3@139.00B slots=0@0.00B codes=2054@15.76MiB nodes=48,538,360@13.88GiB pending=66605
INFO [07-28|12:31:05.932] Upgrading chain index                    type=bloombits               percentage=69
INFO [07-28|12:31:14.019] Upgrading chain index                    type=bloombits               percentage=70
INFO [07-28|12:31:22.032] Upgrading chain index                    type=bloombits               percentage=71
INFO [07-28|12:31:24.675] Imported new block headers               count=1  elapsed=64.476ms  number=12,914,456 hash=fea870..c642b0 age=1m4s
INFO [07-28|12:31:29.408] State heal in progress                   accounts=3@139.00B slots=0@0.00B codes=2054@15.76MiB nodes=48,538,757@13.88GiB pending=67077
INFO [07-28|12:31:30.180] Upgrading chain index                    type=bloombits               percentage=71
INFO [07-28|12:31:31.228] Imported new block headers               count=1  elapsed=7.570ms   number=12,914,457 hash=5cc1cd..aec757
INFO [07-28|12:31:38.380] Upgrading chain index                    type=bloombits               percentage=72
INFO [07-28|12:31:46.543] Upgrading chain index                    type=bloombits               percentage=73
INFO [07-28|12:31:49.991] State heal in progress                   accounts=4@185.00B slots=0@0.00B codes=2054@15.76MiB nodes=48,539,154@13.88GiB pending=67585
INFO [07-28|12:31:54.606] Upgrading chain index                    type=bloombits               percentage=74
INFO [07-28|12:31:58.541] State heal in progress                   accounts=4@185.00B slots=0@0.00B codes=2054@15.76MiB nodes=48,539,281@13.88GiB pending=67759
INFO [07-28|12:32:02.859] Upgrading chain index                    type=bloombits               percentage=74
WARN [07-28|12:32:03.278] Dropping unsynced node during sync       id=1b67454edc0143ab conn=inbound addr=122.232.184.190:58642 type=OpenEthereum/v3.3.0-...
INFO [07-28|12:32:11.166] Upgrading chain index                    type=bloombits               percentage=75
INFO [07-28|12:32:19.327] Upgrading chain index                    type=bloombits               percentage=76
INFO [07-28|12:32:21.240] Imported new block headers               count=1  elapsed=9.909ms   number=12,914,458 hash=a0d0d5..bbdf92 age=1m24s
INFO [07-28|12:32:22.231] Downloader queue stats                   receiptTasks=0 blockTasks=0 itemSize=232.10KiB throttle=283
INFO [07-28|12:32:23.848] State heal in progress                   accounts=4@185.00B slots=0@0.00B codes=2054@15.76MiB nodes=48,539,645@13.88GiB pending=68223
WARN [07-28|12:32:23.849] Unexpected trienode heal packet          peer=b6fb365a reqid=5,840,266,454,939,873,141
WARN [07-28|12:32:24.904] Unexpected trienode heal packet          peer=27b20502 reqid=897,006,420,049,164,876
WARN [07-28|12:32:24.997] Unexpected trienode heal packet          peer=e7fe0fd2 reqid=9,151,317,927,051,138,265
WARN [07-28|12:32:26.297] Unexpected trienode heal packet          peer=af943620 reqid=2,985,789,468,635,025,368
INFO [07-28|12:32:27.751] Upgrading chain index                    type=bloombits               percentage=76
INFO [07-28|12:32:28.016] Imported new block headers               count=1  elapsed=8.828ms   number=12,914,459 hash=e1c494..2652af age=1m7s
INFO [07-28|12:32:35.826] Upgrading chain index                    type=bloombits               percentage=77
INFO [07-28|12:32:43.876] Upgrading chain index                    type=bloombits               percentage=78
INFO [07-28|12:32:47.681] Imported new block headers               count=1  elapsed=8.946ms   number=12,914,460 hash=126c55..4e743d age=1m22s
INFO [07-28|12:32:49.586] State heal in progress                   accounts=4@185.00B slots=0@0.00B codes=2054@15.76MiB nodes=48,540,049@13.88GiB pending=68774
WARN [07-28|12:32:49.587] Unexpected trienode heal packet          peer=c829e13a reqid=1,621,357,400,422,661,615
INFO [07-28|12:32:52.161] Upgrading chain index                    type=bloombits               percentage=78
INFO [07-28|12:33:00.303] Upgrading chain index                    type=bloombits               percentage=79
INFO [07-28|12:33:08.373] Upgrading chain index                    type=bloombits               percentage=80
INFO [07-28|12:33:10.297] State heal in progress                   accounts=6@275.00B slots=0@0.00B codes=2054@15.76MiB nodes=48,540,406@13.88GiB pending=69162
WARN [07-28|12:33:10.308] Unexpected trienode heal packet          peer=80eb3449 reqid=5,145,971,945,102,476,726
WARN [07-28|12:33:11.730] Unexpected trienode heal packet          peer=6c88466e reqid=3,415,117,096,845,787,258
WARN [07-28|12:33:13.034] Unexpected trienode heal packet          peer=01f352da reqid=2,864,709,697,030,203,158
WARN [07-28|12:33:13.936] Unexpected trienode heal packet          peer=b6fb365a reqid=5,060,498,498,614,296,555
WARN [07-28|12:33:13.981] Unexpected trienode heal packet          peer=27b20502 reqid=6,150,607,501,825,837,631
WARN [07-28|12:33:14.098] Unexpected trienode heal packet          peer=e7fe0fd2 reqid=8,622,265,363,732,962,716
INFO [07-28|12:33:16.398] Upgrading chain index                    type=bloombits               percentage=81
INFO [07-28|12:33:24.444] Upgrading chain index                    type=bloombits               percentage=81
INFO [07-28|12:33:32.461] Upgrading chain index                    type=bloombits               percentage=82
INFO [07-28|12:33:34.651] State heal in progress                   accounts=8@370.00B slots=0@0.00B codes=2054@15.76MiB nodes=48,540,816@13.88GiB pending=69726
WARN [07-28|12:33:35.465] Unexpected trienode heal packet          peer=79b76c58 reqid=2,281,454,117,383,739,603
INFO [07-28|12:33:40.530] Upgrading chain index                    type=bloombits               percentage=83
INFO [07-28|12:33:48.643] Upgrading chain index                    type=bloombits               percentage=84
INFO [07-28|12:33:54.314] State heal in progress                   accounts=8@370.00B slots=0@0.00B codes=2054@15.76MiB nodes=48,541,211@13.88GiB pending=70295
INFO [07-28|12:33:56.355] Imported new block headers               count=1  elapsed=7.691ms   number=12,914,461 hash=7c42a4..95b5e9 age=1m41s
INFO [07-28|12:33:56.629] Downloader queue stats                   receiptTasks=0 blockTasks=0 itemSize=235.74KiB throttle=279
INFO [07-28|12:33:56.891] Upgrading chain index                    type=bloombits               percentage=84
INFO [07-28|12:34:04.556] State heal in progress                   accounts=9@415.00B slots=0@0.00B codes=2054@15.76MiB nodes=48,541,408@13.88GiB pending=70561
INFO [07-28|12:34:05.362] Upgrading chain index                    type=bloombits               percentage=85
INFO [07-28|12:34:13.677] Upgrading chain index                    type=bloombits               percentage=86
INFO [07-28|12:34:14.062] Imported new block headers               count=2  elapsed=66.526ms  number=12,914,463 hash=8a433e..7e14e7 age=1m30s
INFO [07-28|12:34:14.746] Imported new block headers               count=1  elapsed=6.808ms   number=12,914,464 hash=3d9500..bd0182
INFO [07-28|12:34:15.016] Imported new block headers               count=1  elapsed=9.695ms   number=12,914,465 hash=5a4153..5b9e3c
INFO [07-28|12:34:21.717] Upgrading chain index                    type=bloombits               percentage=87
INFO [07-28|12:34:22.899] State heal in progress                   accounts=9@415.00B slots=0@0.00B codes=2054@15.76MiB nodes=48,541,739@13.88GiB pending=70976
WARN [07-28|12:34:22.900] Unexpected trienode heal packet          peer=79b76c58 reqid=1,828,056,492,254,415,891
WARN [07-28|12:34:22.981] Unexpected trienode heal packet          peer=80eb3449 reqid=1,727,345,053,958,641,365
INFO [07-28|12:34:26.587] Imported new block headers               count=1  elapsed=9.224ms   number=12,914,466 hash=b0626b..c6193e
INFO [07-28|12:34:29.904] Upgrading chain index                    type=bloombits               percentage=87
INFO [07-28|12:34:38.152] Upgrading chain index                    type=bloombits               percentage=88
ERROR[07-28|12:34:38.624] Snapshot extension registration failed   peer=2d577044 err="peer connected on snap without compatible eth support"
INFO [07-28|12:34:46.028] Imported new block headers               count=1  elapsed=6.399ms   number=12,914,467 hash=7ccabb..f5b976
INFO [07-28|12:34:46.205] Upgrading chain index                    type=bloombits               percentage=89
INFO [07-28|12:34:46.755] State heal in progress                   accounts=9@415.00B slots=0@0.00B codes=2054@15.76MiB nodes=48,542,129@13.88GiB pending=71447
INFO [07-28|12:34:54.350] Upgrading chain index                    type=bloombits               percentage=90
INFO [07-28|12:34:58.219] State heal in progress                   accounts=9@415.00B slots=0@0.00B codes=2054@15.76MiB nodes=48,542,398@13.88GiB pending=71887
INFO [07-28|12:35:02.448] Upgrading chain index                    type=bloombits               percentage=90
WARN [07-28|12:35:10.345] Checkpoint challenge timed out, dropping id=2f9f420dcbabafb4 conn=inbound addr=95.217.85.108:59516   type=erigon/v2021.07.4-al...
INFO [07-28|12:35:10.657] Upgrading chain index                    type=bloombits               percentage=91
INFO [07-28|12:35:12.746] Imported new block headers               count=1  elapsed=5.831ms   number=12,914,468 hash=0a43a9..823fde age=1m
INFO [07-28|12:35:13.856] Downloader queue stats                   receiptTasks=0 blockTasks=0 itemSize=250.06KiB throttle=263
INFO [07-28|12:35:14.641] State heal in progress                   accounts=10@453.00B slots=0@0.00B codes=2054@15.76MiB nodes=48,542,740@13.88GiB pending=72315
INFO [07-28|12:35:18.861] Upgrading chain index                    type=bloombits               percentage=92
ERROR[07-28|12:35:19.474] Snapshot extension registration failed   peer=78634a91 err="peer connected on snap without compatible eth support"
INFO [07-28|12:35:19.937] Imported new block headers               count=1  elapsed=9.749ms   number=12,914,469 hash=abcb16..57f3c5
INFO [07-28|12:35:23.291] State heal in progress                   accounts=10@453.00B slots=0@0.00B codes=2054@15.76MiB nodes=48,542,911@13.88GiB pending=72518
INFO [07-28|12:35:27.097] Upgrading chain index                    type=bloombits               percentage=93
INFO [07-28|12:35:34.775] State heal in progress                   accounts=12@538.00B slots=0@0.00B codes=2054@15.76MiB nodes=48,543,233@13.88GiB pending=72989
INFO [07-28|12:35:35.155] Upgrading chain index                    type=bloombits               percentage=94
INFO [07-28|12:35:40.784] Imported new block headers               count=1  elapsed=5.467ms   number=12,914,470 hash=9e47a2..cfd2f7
INFO [07-28|12:35:44.505] Upgrading chain index                    type=bloombits               percentage=95
INFO [07-28|12:35:48.294] Imported new block headers               count=1  elapsed=5.486ms   number=12,914,471 hash=da0b8e..042378
INFO [07-28|12:35:48.856] State heal in progress                   accounts=13@650.00B slots=0@0.00B codes=2054@15.76MiB nodes=48,543,577@13.88GiB pending=73456
INFO [07-28|12:35:52.630] Upgrading chain index                    type=bloombits               percentage=96
INFO [07-28|12:35:54.921] Imported new block headers               count=1  elapsed=6.611ms   number=12,914,472 hash=420af1..dc46cc
INFO [07-28|12:35:58.339] Imported new block headers               count=1  elapsed=5.519ms   number=12,914,473 hash=8a3b88..83ad45
INFO [07-28|12:36:00.734] Upgrading chain index                    type=bloombits               percentage=97
INFO [07-28|12:36:02.044] Imported new block headers               count=1  elapsed=6.342ms   number=12,914,474 hash=55cfab..1ec548
INFO [07-28|12:36:08.082] State heal in progress                   accounts=13@650.00B slots=0@0.00B codes=2054@15.76MiB nodes=48,544,086@13.88GiB pending=74121
INFO [07-28|12:36:08.858] Upgrading chain index                    type=bloombits               percentage=98
INFO [07-28|12:36:17.141] Upgrading chain index                    type=bloombits               percentage=98
INFO [07-28|12:36:20.100] State heal in progress                   accounts=14@695.00B slots=0@0.00B codes=2054@15.76MiB nodes=48,544,440@13.88GiB pending=74673
INFO [07-28|12:36:24.768] Imported new block headers               count=1  elapsed=17.396ms  number=12,914,475 hash=df0695..0145f6
INFO [07-28|12:36:24.971] Downloader queue stats                   receiptTasks=0 blockTasks=0 itemSize=241.73KiB throttle=272
INFO [07-28|12:36:25.457] Upgrading chain index                    type=bloombits               percentage=99
INFO [07-28|12:36:28.419] Imported new block headers               count=1  elapsed=5.794ms   number=12,914,476 hash=4da125..bc0efc