INFO [05-11|22:47:25.271] Downloader queue stats                   receiptTasks=0   blockTasks=0  itemSize=235.13KiB throttle=279
INFO [05-11|22:47:30.045] Imported new state entries               count=384  elapsed="2.3µs"     processed=606037377 pending=73685 trieretry=0   coderetry=0 duplicate=0 unexpected=400
INFO [05-11|22:47:36.907] Imported new state entries               count=384  elapsed="21.1µs"    processed=606037761 pending=74076 trieretry=0   coderetry=0 duplicate=0 unexpected=400
INFO [05-11|22:47:41.915] Imported new state entries               count=384  elapsed="734.004µs" processed=606038145 pending=74468 trieretry=0   coderetry=0 duplicate=0 unexpected=400
INFO [05-11|22:47:50.355] Imported new block headers               count=1    elapsed=26.127ms    number=12415904 hash="407f36…e4a14e" age=1m37s
INFO [05-11|22:47:51.036] Imported new state entries               count=384  elapsed="3µs"       processed=606038529 pending=74856 trieretry=0   coderetry=0 duplicate=0 unexpected=400
INFO [05-11|22:47:59.830] Imported new state entries               count=384  elapsed="2.1µs"     processed=606038913 pending=75243 trieretry=0   coderetry=0 duplicate=0 unexpected=400
INFO [05-11|22:48:04.677] Imported new state entries               count=384  elapsed="2.4µs"     processed=606039297 pending=75686 trieretry=0   coderetry=0 duplicate=0 unexpected=400
INFO [05-11|22:48:13.313] Imported new state entries               count=384  elapsed="2.4µs"     processed=606039681 pending=76076 trieretry=2   coderetry=0 duplicate=0 unexpected=400
INFO [05-11|22:48:21.790] Imported new state entries               count=384  elapsed="7.2µs"     processed=606040065 pending=76463 trieretry=0   coderetry=0 duplicate=0 unexpected=400
INFO [05-11|22:48:28.931] Imported new state entries               count=384  elapsed="2µs"       processed=606040449 pending=76850 trieretry=0   coderetry=0 duplicate=0 unexpected=400
INFO [05-11|22:48:34.592] Imported new state entries               count=384  elapsed="3.2µs"     processed=606040833 pending=77239 trieretry=0   coderetry=0 duplicate=0 unexpected=400
INFO [05-11|22:48:42.588] Imported new state entries               count=384  elapsed="2.9µs"     processed=606041217 pending=77655 trieretry=2   coderetry=0 duplicate=0 unexpected=400
INFO [05-11|22:48:47.516] Imported new state entries               count=384  elapsed="2.501µs"   processed=606041601 pending=78074 trieretry=2   coderetry=0 duplicate=0 unexpected=400
INFO [05-11|22:48:54.400] Imported new state entries               count=384  elapsed="3.8µs"     processed=606041985 pending=78489 trieretry=0   coderetry=0 duplicate=0 unexpected=400
INFO [05-11|22:49:02.797] Imported new state entries               count=384  elapsed="2.3µs"     processed=606042369 pending=78888 trieretry=0   coderetry=0 duplicate=0 unexpected=400
INFO [05-11|22:49:03.237] Imported new block headers               count=1    elapsed=17.761ms    number=12415905 hash="0e5f36…961166" age=2m
INFO [05-11|22:49:03.322] Downloader queue stats                   receiptTasks=0   blockTasks=0  itemSize=246.42KiB throttle=266
INFO [05-11|22:49:11.129] Imported new state entries               count=384  elapsed="2.5µs"     processed=606042753 pending=79315 trieretry=2   coderetry=0 duplicate=0 unexpected=400
INFO [05-11|22:49:12.875] Imported new block headers               count=1    elapsed=6.839ms     number=12415906 hash="7a3cbe…e38014" age=1m49s
INFO [05-11|22:49:19.609] Imported new state entries               count=384  elapsed="43.7µs"    processed=606043137 pending=79710 trieretry=4   coderetry=0 duplicate=0 unexpected=400
INFO [05-11|22:49:25.684] Imported new block headers               count=1    elapsed=6.392ms     number=12415907 hash="68d393…31b916" age=1m38s
INFO [05-11|22:49:27.790] Imported new state entries               count=384  elapsed="2.8µs"     processed=606043521 pending=80109 trieretry=0   coderetry=0 duplicate=0 unexpected=400