ERROR[10-01|22:01:58.724] Snapshot extension registration failed   peer=dfcf040e err="peer connected on snap without compatible eth support"
INFO [10-01|22:02:00.375] Looking for peers                        peercount=28 tried=3 static=0
INFO [10-01|22:02:01.078] State heal in progress                   accounts=969@61.41KiB slots=0@0.00B codes=11118@94.40MiB nodes=267,891,972@77.84GiB pending=105,644
WARN [10-01|22:02:02.684] Checkpoint challenge timed out, dropping id=83fac4ba4d64ebfd conn=inbound addr=162.55.238.126:64544 type=erigon/v2021.09.3-al...
INFO [10-01|22:02:10.375] Looking for peers                        peercount=28 tried=3 static=0
INFO [10-01|22:02:12.222] State heal in progress                   accounts=1117@70.49KiB slots=4@311.00B codes=11119@94.40MiB nodes=267,892,690@77.84GiB pending=106,067
ERROR[10-01|22:02:13.283] Snapshot extension registration failed   peer=1d4ddff1 err="peer connected on snap without compatible eth support"
INFO [10-01|22:02:19.680] Imported new block headers               count=1    elapsed=6.849ms   number=13,336,018 hash=f1927b..1b5d99 age=1m21s
INFO [10-01|22:02:20.376] Looking for peers                        peercount=27 tried=3 static=0
INFO [10-01|22:02:21.273] State heal in progress                   accounts=1246@78.18KiB slots=4@311.00B codes=11119@94.40MiB nodes=267,893,470@77.84GiB pending=106,556
ERROR[10-01|22:02:28.145] Snapshot extension registration failed   peer=2e94dc38 err="peer connected on snap without compatible eth support"
INFO [10-01|22:02:30.377] Looking for peers                        peercount=28 tried=3 static=0
INFO [10-01|22:02:35.177] Imported new block headers               count=1    elapsed=5.770ms   number=13,336,019 hash=4207b8..2f788b age=1m7s
INFO [10-01|22:02:35.915] State heal in progress                   accounts=1256@78.74KiB slots=4@311.00B codes=11119@94.40MiB nodes=267,893,930@77.84GiB pending=107,054
INFO [10-01|22:02:36.038] Downloader queue stats                   receiptTasks=0    blockTasks=0    itemSize=302.51KiB throttle=867
ERROR[10-01|22:02:37.491] Snapshot extension registration failed   peer=7a37991d err="peer connected on snap without compatible eth support"
INFO [10-01|22:02:40.380] Looking for peers                        peercount=29 tried=3 static=0
ERROR[10-01|22:02:40.409] Snapshot extension registration failed   peer=98998f1a err="peer connected on snap without compatible eth support"
INFO [10-01|22:02:41.427] Imported new block headers               count=1    elapsed=6.642ms   number=13,336,020 hash=31ad13..ae3fe1 age=1m2s
ERROR[10-01|22:02:43.061] Snapshot extension registration failed   peer=d7ee82ef err="peer connected on snap without compatible eth support"
INFO [10-01|22:02:44.597] Imported new block headers               count=1    elapsed=7.918ms   number=13,336,021 hash=7d23b5..b39ba5
INFO [10-01|22:02:44.660] State heal in progress                   accounts=1451@90.76KiB slots=10@755.00B codes=11119@94.40MiB nodes=267,894,735@77.84GiB pending=107,494
INFO [10-01|22:02:50.382] Looking for peers                        peercount=30 tried=1 static=0
INFO [10-01|22:02:50.845] Imported new block headers               count=2    elapsed=6.620ms   number=13,336,023 hash=f08eac..c53244
ERROR[10-01|22:02:51.426] Snapshot extension registration failed   peer=20dcc090 err="peer connected on snap without compatible eth support"
INFO [10-01|22:02:56.242] State heal in progress                   accounts=1525@95.10KiB slots=16@1.14KiB codes=11119@94.40MiB nodes=267,895,358@77.84GiB pending=108,020
INFO [10-01|22:03:00.176] Imported new block headers               count=1    elapsed=6.909ms   number=13,336,024 hash=f727af..6a86a5
INFO [10-01|22:03:00.382] Looking for peers                        peercount=31 tried=4 static=0
WARN [10-01|22:03:01.399] Dropping unsynced node during sync       id=173540c2d1222f9e conn=inbound addr=113.106.60.46:42604  type=OpenEthereum/v3.3.0-...
INFO [10-01|22:03:03.342] Imported new block headers               count=1    elapsed=7.351ms   number=13,336,025 hash=4af2a3..e0f55c
INFO [10-01|22:03:06.507] Imported new block headers               count=1    elapsed=6.333ms   number=13,336,026 hash=a976de..f016f3
INFO [10-01|22:03:10.382] Looking for peers                        peercount=31 tried=4 static=0
INFO [10-01|22:03:12.003] State heal in progress                   accounts=1550@96.55KiB slots=17@1.23KiB codes=11119@94.40MiB nodes=267,895,843@77.84GiB pending=108,606
INFO [10-01|22:03:12.756] Imported new block headers               count=1    elapsed=6.609ms   number=13,336,027 hash=171a6c..9cb4f8
ERROR[10-01|22:03:15.463] Snapshot extension registration failed   peer=0b84869c err="peer connected on snap without compatible eth support"
ERROR[10-01|22:03:18.862] Snapshot extension registration failed   peer=c5b271da err="peer connected on snap without compatible eth support"
INFO [10-01|22:03:20.384] Looking for peers                        peercount=30 tried=3 static=0
ERROR[10-01|22:03:24.842] Snapshot extension registration failed   peer=e2a934c2 err="peer connected on snap without compatible eth support"
INFO [10-01|22:03:25.171] Imported new block headers               count=1    elapsed=6.550ms   number=13,336,028 hash=a2bbd2..64e052
INFO [10-01|22:03:25.172] State heal in progress                   accounts=1563@97.35KiB slots=17@1.23KiB codes=11119@94.40MiB nodes=267,896,211@77.84GiB pending=109,016
WARN [10-01|22:03:25.178] Unexpected trienode heal packet          peer=ea5d974b reqid=233,132,465,861,211,411
INFO [10-01|22:03:30.385] Looking for peers                        peercount=31 tried=2 static=0
INFO [10-01|22:03:31.421] Imported new block headers               count=1    elapsed=6.880ms   number=13,336,029 hash=61bdc4..4cfafd
WARN [10-01|22:03:32.675] Dropping unsynced node during sync       id=015a3ad26cebb106 conn=inbound addr=47.96.169.40:53102   type=OpenEthereum/v3.3.0-...
INFO [10-01|22:03:36.954] State heal in progress                   accounts=1597@99.29KiB slots=17@1.23KiB codes=11119@94.40MiB nodes=267,896,630@77.84GiB pending=109,399
WARN [10-01|22:03:36.955] Unexpected trienode heal packet          peer=805eaaa8 reqid=2,446,947,848,835,822,519
INFO [10-01|22:03:40.386] Looking for peers                        peercount=34 tried=4 static=0
ERROR[10-01|22:03:46.549] Snapshot extension registration failed   peer=89027a8b err="peer connected on snap without compatible eth support"
INFO [10-01|22:03:49.415] State heal in progress                   accounts=1615@100.33KiB slots=17@1.23KiB codes=11119@94.40MiB nodes=267,897,051@77.84GiB pending=109,865
WARN [10-01|22:03:49.416] Unexpected trienode heal packet          peer=2c068b35 reqid=8,782,620,882,175,062,607
WARN [10-01|22:03:49.479] Unexpected trienode heal packet          peer=27c8b486 reqid=7,487,242,719,916,247,945
INFO [10-01|22:03:50.388] Looking for peers                        peercount=35 tried=3 static=0
INFO [10-01|22:03:53.097] Imported new block headers               count=1    elapsed=6.927ms   number=13,336,030 hash=4a8428..d796a3
INFO [10-01|22:03:54.107] Downloader queue stats                   receiptTasks=0    blockTasks=0    itemSize=224.05KiB throttle=1171
WARN [10-01|22:03:54.702] Unexpected trienode heal packet          peer=dd1065c0 reqid=2,407,071,620,918,556,099
WARN [10-01|22:03:57.111] Unexpected trienode heal packet          peer=e525a66a reqid=2,465,974,058,707,069,473
INFO [10-01|22:04:00.392] Looking for peers                        peercount=35 tried=1 static=0
INFO [10-01|22:04:05.532] Imported new block headers               count=1    elapsed=5.526ms   number=13,336,031 hash=f85a02..11334a
INFO [10-01|22:04:10.394] Looking for peers                        peercount=35 tried=4 static=0
INFO [10-01|22:04:20.395] Looking for peers                        peercount=35 tried=3 static=0
INFO [10-01|22:04:27.798] State heal in progress                   accounts=1732@107.47KiB slots=19@1.40KiB codes=11119@94.40MiB nodes=267,898,333@77.84GiB pending=111,189
WARN [10-01|22:04:27.798] Unexpected trienode heal packet          peer=ad914272 reqid=9,150,823,465,326,442,075
INFO [10-01|22:04:30.397] Looking for peers                        peercount=35 tried=4 static=0
INFO [10-01|22:04:33.367] Imported new block headers               count=1    elapsed=7.533ms   number=13,336,032 hash=59dc94..cdc2b5 age=1m4s
WARN [10-01|22:04:33.412] Unexpected trienode heal packet          peer=d3d4ac02 reqid=1,700,479,993,139,541,917
INFO [10-01|22:04:40.403] Looking for peers                        peercount=35 tried=3 static=0
INFO [10-01|22:04:41.022] State heal in progress                   accounts=1801@111.41KiB slots=22@1.66KiB codes=11119@94.40MiB nodes=267,898,951@77.84GiB pending=111,687
INFO [10-01|22:04:50.403] Looking for peers                        peercount=35 tried=3 static=0
INFO [10-01|22:04:51.973] Imported new block headers               count=2    elapsed=6.625ms   number=13,336,034 hash=cb528e..92c0c0
INFO [10-01|22:04:53.882] State heal in progress                   accounts=1804@111.59KiB slots=22@1.66KiB codes=11119@94.40MiB nodes=267,899,361@77.84GiB pending=112,202
INFO [10-01|22:05:00.403] Looking for peers                        peercount=35 tried=3 static=0
INFO [10-01|22:05:04.127] State heal in progress                   accounts=1942@119.36KiB slots=26@1.96KiB codes=11119@94.40MiB nodes=267,899,929@77.84GiB pending=112,497
INFO [10-01|22:05:10.404] Looking for peers                        peercount=34 tried=3 static=0
INFO [10-01|22:05:14.427] State heal in progress                   accounts=1967@121.03KiB slots=27@2.05KiB codes=11119@94.40MiB nodes=267,900,299@77.84GiB pending=112,900
WARN [10-01|22:05:14.428] Unexpected bytecode heal packet          peer=ea5d974b reqid=7,022,702,515,022,269,599
INFO [10-01|22:05:20.405] Looking for peers                        peercount=34 tried=3 static=0
INFO [10-01|22:05:22.790] State heal in progress                   accounts=2031@124.71KiB slots=27@2.05KiB codes=11120@94.42MiB nodes=267,900,744@77.84GiB pending=113,220
INFO [10-01|22:05:22.907] Imported new block headers               count=3    elapsed=24.857ms  number=13,336,037 hash=743e90..25c589
INFO [10-01|22:05:23.161] Downloader queue stats                   receiptTasks=0    blockTasks=0    itemSize=228.72KiB throttle=1147
INFO [10-01|22:05:31.226] Looking for peers                        peercount=34 tried=3 static=0
INFO [10-01|22:05:32.894] State heal in progress                   accounts=2107@128.94KiB slots=27@2.05KiB codes=11120@94.42MiB nodes=267,901,298@77.84GiB pending=113,702
INFO [10-01|22:05:35.302] Imported new block headers               count=1    elapsed=6.397ms   number=13,336,038 hash=3be948..c9a11f
INFO [10-01|22:05:38.467] Imported new block headers               count=1    elapsed=6.493ms   number=13,336,039 hash=b87b87..02fca5
INFO [10-01|22:05:41.226] Looking for peers                        peercount=34 tried=1 static=0
INFO [10-01|22:05:41.719] State heal in progress                   accounts=2162@132.09KiB slots=30@2.26KiB codes=11120@94.42MiB nodes=267,901,712@77.84GiB pending=114,066
INFO [10-01|22:05:50.613] State heal in progress                   accounts=2240@136.38KiB slots=30@2.26KiB codes=11120@94.42MiB nodes=267,902,180@77.84GiB pending=114,347
INFO [10-01|22:05:51.228] Looking for peers                        peercount=34 tried=3 static=0
INFO [10-01|22:05:57.060] Imported new block headers               count=1    elapsed=16.748ms  number=13,336,040 hash=9fecdc..7a190e
INFO [10-01|22:05:59.139] State heal in progress                   accounts=2296@139.70KiB slots=32@2.44KiB codes=11120@94.42MiB nodes=267,902,610@77.85GiB pending=114,695
INFO [10-01|22:06:01.231] Looking for peers                        peercount=34 tried=5 static=0
INFO [10-01|22:06:09.464] Imported new block headers               count=1    elapsed=7.104ms   number=13,336,041 hash=47902d..5cbad0
INFO [10-01|22:06:10.457] State heal in progress                   accounts=2370@144.02KiB slots=34@2.61KiB codes=11120@94.42MiB nodes=267,903,163@77.85GiB pending=115,224
INFO [10-01|22:06:11.232] Looking for peers                        peercount=34 tried=3 static=0
INFO [10-01|22:06:18.794] State heal in progress                   accounts=2434@147.53KiB slots=35@2.67KiB codes=11120@94.42MiB nodes=267,903,615@77.85GiB pending=115,613
INFO [10-01|22:06:21.235] Looking for peers                        peercount=34 tried=2 static=0
INFO [10-01|22:06:27.282] State heal in progress                   accounts=2491@150.69KiB slots=37@2.83KiB codes=11120@94.42MiB nodes=267,904,054@77.85GiB pending=115,936
INFO [10-01|22:06:31.128] Imported new block headers               count=1    elapsed=7.233ms   number=13,336,042 hash=78a00b..e3d647
INFO [10-01|22:06:31.237] Looking for peers                        peercount=34 tried=1 static=0
INFO [10-01|22:06:32.206] Downloader queue stats                   receiptTasks=0    blockTasks=0    itemSize=217.77KiB throttle=1204
INFO [10-01|22:06:35.510] State heal in progress                   accounts=2535@153.33KiB slots=37@2.83KiB codes=11120@94.42MiB nodes=267,904,472@77.85GiB pending=116,335
WARN [10-01|22:06:35.511] Unexpected trienode heal packet          peer=dd1065c0 reqid=2,795,953,890,108,234,176
INFO [10-01|22:06:41.238] Looking for peers                        peercount=34 tried=4 static=0
INFO [10-01|22:06:46.955] State heal in progress                   accounts=2622@158.77KiB slots=40@3.08KiB codes=11120@94.42MiB nodes=267,905,100@77.85GiB pending=116,845
INFO [10-01|22:06:51.241] Looking for peers                        peercount=35 tried=4 static=0
INFO [10-01|22:06:57.246] State heal in progress                   accounts=2695@163.14KiB slots=44@3.35KiB codes=11120@94.42MiB nodes=267,905,640@77.85GiB pending=117,356
INFO [10-01|22:07:03.755] Looking for peers                        peercount=35 tried=3 static=0
INFO [10-01|22:07:05.129] Imported new block headers               count=1    elapsed=6.488ms   number=13,336,043 hash=d40c76..80926e age=1m12s
INFO [10-01|22:07:06.095] State heal in progress                   accounts=2761@166.71KiB slots=48@3.66KiB codes=11120@94.42MiB nodes=267,906,109@77.85GiB pending=117,722
INFO [10-01|22:07:13.756] Looking for peers                        peercount=35 tried=3 static=0
INFO [10-01|22:07:14.141] State heal in progress                   accounts=2819@169.84KiB slots=48@3.66KiB codes=11120@94.42MiB nodes=267,906,550@77.85GiB pending=118,015
INFO [10-01|22:07:14.459] Imported new block headers               count=1    elapsed=6.439ms   number=13,336,044 hash=c04ced..00569d age=1m8s
INFO [10-01|22:07:20.709] Imported new block headers               count=1    elapsed=6.858ms   number=13,336,045 hash=5c6d2b..7ec0f3