INFO [10-01|22:21:46.052] Imported new block headers               count=1    elapsed=7.118ms   number=13,336,107 hash=5c68d9..447da3
INFO [10-01|22:21:49.065] State heal in progress                   accounts=7256@413.65KiB slots=2025@159.13KiB codes=11126@94.48MiB nodes=267,966,156@77.87GiB pending=109,383
INFO [10-01|22:21:52.300] Imported new block headers               count=1    elapsed=6.700ms   number=13,336,108 hash=0564de..3c4fdc
INFO [10-01|22:21:59.211] State heal in progress                   accounts=7371@420.08KiB slots=2025@159.13KiB codes=11126@94.48MiB nodes=267,967,006@77.87GiB pending=109,965
INFO [10-01|22:22:04.719] Imported new block headers               count=1    elapsed=7.035ms   number=13,336,109 hash=d0dc98..7bdf5a
INFO [10-01|22:22:05.423] Downloader queue stats                   receiptTasks=0    blockTasks=0    itemSize=243.92KiB throttle=1075
INFO [10-01|22:22:07.885] Imported new block headers               count=1    elapsed=6.353ms   number=13,336,110 hash=0f10cd..7308cc
INFO [10-01|22:22:09.086] State heal in progress                   accounts=7382@420.69KiB slots=2025@159.13KiB codes=11126@94.48MiB nodes=267,967,850@77.87GiB pending=110,866
INFO [10-01|22:22:19.554] State heal in progress                   accounts=7409@422.19KiB slots=2025@159.13KiB codes=11126@94.48MiB nodes=267,968,514@77.87GiB pending=111,499
INFO [10-01|22:22:20.303] Imported new block headers               count=1    elapsed=7.956ms   number=13,336,111 hash=3f38bd..eff8a8
INFO [10-01|22:22:32.723] Imported new block headers               count=1    elapsed=13.921ms  number=13,336,112 hash=c30b6d..4fd9b2
INFO [10-01|22:22:37.783] State heal in progress                   accounts=7449@424.48KiB slots=2025@159.13KiB codes=11126@94.48MiB nodes=267,969,537@77.87GiB pending=112,602
INFO [10-01|22:22:47.031] State heal in progress                   accounts=7521@428.28KiB slots=2025@159.13KiB codes=11126@94.48MiB nodes=267,970,311@77.87GiB pending=113,321
WARN [10-01|22:22:51.207] Unexpected trienode heal packet          peer=4880e5f9 reqid=4,207,924,232,876,246,158
INFO [10-01|22:22:57.340] State heal in progress                   accounts=7548@429.59KiB slots=2025@159.13KiB codes=11126@94.48MiB nodes=267,970,941@77.87GiB pending=114,029
WARN [10-01|22:22:57.342] Unexpected trienode heal packet          peer=e32a9155 reqid=3,697,648,513,778,886,910
WARN [10-01|22:23:00.828] Unexpected trienode heal packet          peer=805eaaa8 reqid=6,462,723,595,386,469,319
INFO [10-01|22:23:03.631] Imported new block headers               count=1    elapsed=7.534ms   number=13,336,113 hash=b787de..e8b89e
WARN [10-01|22:23:04.759] Unexpected trienode heal packet          peer=596f9d1a reqid=5,776,593,678,798,615,674
INFO [10-01|22:23:10.354] State heal in progress                   accounts=7587@431.46KiB slots=2025@159.13KiB codes=11126@94.48MiB nodes=267,971,828@77.87GiB pending=114,891
INFO [10-01|22:23:18.860] State heal in progress                   accounts=7651@435.11KiB slots=2026@159.22KiB codes=11126@94.48MiB nodes=267,972,435@77.87GiB pending=115,394
INFO [10-01|22:23:19.137] Imported new block headers               count=2    elapsed=12.870ms  number=13,336,115 hash=cb7561..46ea2a
INFO [10-01|22:23:19.477] Downloader queue stats                   receiptTasks=0    blockTasks=0    itemSize=231.06KiB throttle=1135
INFO [10-01|22:23:26.902] State heal in progress                   accounts=7722@438.86KiB slots=2026@159.22KiB codes=11126@94.48MiB nodes=267,973,106@77.87GiB pending=115,907
INFO [10-01|22:23:35.212] State heal in progress                   accounts=7803@443.62KiB slots=2027@159.28KiB codes=11126@94.48MiB nodes=267,973,823@77.87GiB pending=116,586
INFO [10-01|22:23:44.968] State heal in progress                   accounts=7977@452.77KiB slots=2027@159.28KiB codes=11126@94.48MiB nodes=267,974,861@77.87GiB pending=117,075
INFO [10-01|22:23:53.572] State heal in progress                   accounts=8068@458.06KiB slots=2027@159.28KiB codes=11126@94.48MiB nodes=267,975,569@77.87GiB pending=117,582
INFO [10-01|22:24:02.385] Imported new block headers               count=1    elapsed=9.452ms   number=13,336,116 hash=05d789..dc0649 age=1m1s
INFO [10-01|22:24:04.116] State heal in progress                   accounts=8197@465.58KiB slots=2027@159.28KiB codes=11126@94.48MiB nodes=267,976,498@77.87GiB pending=118,179
INFO [10-01|22:24:12.519] State heal in progress                   accounts=8336@473.08KiB slots=2027@159.28KiB codes=11126@94.48MiB nodes=267,977,342@77.87GiB pending=118,598
INFO [10-01|22:24:20.965] Imported new block headers               count=1    elapsed=7.352ms   number=13,336,117 hash=95d1fd..79ddc4 age=1m3s
INFO [10-01|22:24:21.518] Downloader queue stats                   receiptTasks=0    blockTasks=0    itemSize=218.48KiB throttle=1200
INFO [10-01|22:24:22.438] State heal in progress                   accounts=8370@475.22KiB slots=2027@159.28KiB codes=11126@94.48MiB nodes=267,977,964@77.87GiB pending=119,336
INFO [10-01|22:24:27.214] Imported new block headers               count=1    elapsed=7.308ms   number=13,336,118 hash=1fbc2d..612943 age=1m9s
INFO [10-01|22:24:33.375] State heal in progress                   accounts=8913@507.56KiB slots=2030@159.52KiB codes=11126@94.48MiB nodes=267,979,577@77.87GiB pending=119,835
INFO [10-01|22:24:41.898] State heal in progress                   accounts=9431@535.12KiB slots=2030@159.52KiB codes=11126@94.48MiB nodes=267,981,080@77.87GiB pending=119,822
INFO [10-01|22:24:51.266] State heal in progress                   accounts=9894@559.76KiB slots=2031@159.59KiB codes=11126@94.48MiB nodes=267,982,608@77.87GiB pending=119,957
INFO [10-01|22:25:00.573] State heal in progress                   accounts=10008@566.38KiB slots=2044@160.71KiB codes=11126@94.48MiB nodes=267,983,357@77.87GiB pending=120,669
INFO [10-01|22:25:01.219] Imported new block headers               count=1    elapsed=8.338ms   number=13,336,119 hash=634740..ac5802 age=1m
INFO [10-01|22:25:09.577] State heal in progress                   accounts=10512@595.42KiB slots=2048@161.04KiB codes=11126@94.48MiB nodes=267,984,715@77.87GiB pending=121,168
INFO [10-01|22:25:13.631] Imported new block headers               count=1    elapsed=7.020ms   number=13,336,120 hash=04e100..f11a02
INFO [10-01|22:25:16.806] Imported new block headers               count=2    elapsed=17.057ms  number=13,336,122 hash=d3a93b..b4974f
INFO [10-01|22:25:17.900] State heal in progress                   accounts=10808@611.10KiB slots=2052@161.38KiB codes=11126@94.48MiB nodes=267,985,712@77.87GiB pending=121,275
INFO [10-01|22:25:26.629] State heal in progress                   accounts=11195@631.44KiB slots=2054@161.55KiB codes=11126@94.48MiB nodes=267,986,798@77.87GiB pending=121,279
INFO [10-01|22:25:29.226] Imported new block headers               count=1    elapsed=11.140ms  number=13,336,123 hash=995a2c..814378
INFO [10-01|22:25:29.566] Downloader queue stats                   receiptTasks=0    blockTasks=0    itemSize=230.92KiB throttle=1136
INFO [10-01|22:25:37.420] State heal in progress                   accounts=11495@647.42KiB slots=2068@162.72KiB codes=11126@94.48MiB nodes=267,987,976@77.87GiB pending=121,550
INFO [10-01|22:25:46.221] State heal in progress                   accounts=11555@650.49KiB slots=2079@163.57KiB codes=11126@94.48MiB nodes=267,988,592@77.87GiB pending=122,046
WARN [10-01|22:25:49.246] Checkpoint challenge timed out, dropping id=bb3071805e66df13 conn=inbound addr=70.39.92.21:36688     type=erigon/v2021.09.2-al...
WARN [10-01|22:25:51.452] Unexpected bytecode heal packet          peer=596f9d1a reqid=7,578,644,134,701,443,208
INFO [10-01|22:25:56.148] State heal in progress                   accounts=11643@655.46KiB slots=2098@164.95KiB codes=11126@94.48MiB nodes=267,989,336@77.87GiB pending=123,948
ERROR[10-01|22:26:04.124] Snapshot extension registration failed   peer=98998f1a err="peer connected on snap without compatible eth support"
ERROR[10-01|22:26:04.141] Snapshot extension registration failed   peer=1fdbbcbd err="peer connected on snap without compatible eth support"
INFO [10-01|22:26:05.798] State heal in progress                   accounts=11881@668.74KiB slots=2118@166.53KiB codes=11129@94.49MiB nodes=267,990,298@77.87GiB pending=125,295
INFO [10-01|22:26:15.431] State heal in progress                   accounts=12381@695.05KiB slots=2139@168.18KiB codes=11129@94.49MiB nodes=267,991,721@77.88GiB pending=125,481
INFO [10-01|22:26:15.556] Imported new block headers               count=1    elapsed=6.796ms   number=13,336,124 hash=feb554..7a3c27 age=1m2s
INFO [10-01|22:26:18.725] Imported new block headers               count=1    elapsed=6.939ms   number=13,336,125 hash=9c9df0..22dfcc age=1m3s
INFO [10-01|22:26:23.928] State heal in progress                   accounts=12670@709.95KiB slots=2147@168.83KiB codes=11130@94.49MiB nodes=267,992,704@77.88GiB pending=125,848
INFO [10-01|22:26:24.983] Imported new block headers               count=1    elapsed=17.534ms  number=13,336,126 hash=c928e5..9bc462
INFO [10-01|22:26:31.224] Imported new block headers               count=1    elapsed=9.940ms   number=13,336,127 hash=15693b..683248
INFO [10-01|22:26:31.616] Downloader queue stats                   receiptTasks=0    blockTasks=0    itemSize=235.76KiB throttle=1112
INFO [10-01|22:26:33.695] State heal in progress                   accounts=12906@722.27KiB slots=2164@170.21KiB codes=11130@94.49MiB nodes=267,993,779@77.88GiB pending=126,123
INFO [10-01|22:26:37.473] Imported new block headers               count=1    elapsed=9.072ms   number=13,336,128 hash=feda07..e3a8ba
WARN [10-01|22:26:37.620] Pivot became stale, moving               old=13,336,002 new=13,336,066
INFO [10-01|22:26:37.880] Imported new block receipts              count=64   elapsed=255.937ms number=13,336,065 hash=11bd17..d05caf age=12m50s   size=8.95MiB
INFO [10-01|22:26:39.180] State heal in progress                   accounts=13016@728.35KiB slots=2212@173.82KiB codes=11130@94.49MiB nodes=267,994,341@77.88GiB pending=126,218
WARN [10-01|22:26:39.180] Unexpected trienode heal packet          peer=f692736b reqid=7,935,434,813,114,422,660
WARN [10-01|22:26:39.183] Unexpected trienode heal packet          peer=fb395765 reqid=5,118,029,248,179,281,814
WARN [10-01|22:26:39.190] Unexpected trienode heal packet          peer=9ae748c7 reqid=8,858,034,195,317,286,454
WARN [10-01|22:26:39.196] Unexpected trienode heal packet          peer=caf161d8 reqid=250,825,167,649,950,524
WARN [10-01|22:26:39.206] Unexpected trienode heal packet          peer=596f9d1a reqid=2,630,972,111,711,700,284
WARN [10-01|22:26:39.261] Unexpected trienode heal packet          peer=29e6df98 reqid=858,288,931,528,624,697
WARN [10-01|22:26:39.261] Unexpected trienode heal packet          peer=4880e5f9 reqid=126,445,340,530,151,661
WARN [10-01|22:26:39.276] Unexpected trienode heal packet          peer=805eaaa8 reqid=8,627,617,483,591,898,646
WARN [10-01|22:26:39.371] Unexpected trienode heal packet          peer=2c068b35 reqid=6,264,815,776,718,565,325
WARN [10-01|22:26:39.372] Unexpected trienode heal packet          peer=a9480055 reqid=8,328,015,529,439,578,451
WARN [10-01|22:26:39.413] Unexpected trienode heal packet          peer=ddc6f00a reqid=2,993,199,959,776,859,933
INFO [10-01|22:26:43.739] Imported new block headers               count=1    elapsed=24.289ms  number=13,336,129 hash=1f1f6f..f1a2a2
INFO [10-01|22:26:46.889] Imported new block headers               count=1    elapsed=7.703ms   number=13,336,130 hash=1e7abc..c0c8f9
INFO [10-01|22:26:48.415] State heal in progress                   accounts=13016@728.35KiB slots=2212@173.82KiB codes=11130@94.49MiB nodes=267,996,424@77.88GiB pending=31247
INFO [10-01|22:27:02.386] Imported new block headers               count=1    elapsed=7.992ms   number=13,336,131 hash=a193ec..f938eb
INFO [10-01|22:27:04.150] State heal in progress                   accounts=13016@728.35KiB slots=2212@173.82KiB codes=11130@94.49MiB nodes=267,999,149@77.88GiB pending=61159
INFO [10-01|22:27:11.717] Imported new block headers               count=1    elapsed=7.760ms   number=13,336,132 hash=379b25..58db23
INFO [10-01|22:27:14.836] State heal in progress                   accounts=13016@728.35KiB slots=2212@173.82KiB codes=11130@94.49MiB nodes=268,000,870@77.88GiB pending=86199
INFO [10-01|22:27:17.967] Imported new block headers               count=1    elapsed=8.265ms   number=13,336,133 hash=6edf75..499ab6
INFO [10-01|22:27:24.303] State heal in progress                   accounts=13016@728.35KiB slots=2212@173.82KiB codes=11130@94.49MiB nodes=268,002,415@77.88GiB pending=107,927