2021-05-09 11:17:52 UTC Syncing #12399696 0x775f…1e41     0.00 blk/s    0.0 tx/s    0.0 Mgas/s      0+  172 Qed Ancient:#12127366 LI:#12399863   30/50 peers      5 MiB chain   40 MiB queue  RPC:  0 conn,    0 req/s,    0 µs
2021-05-09 11:17:56 UTC Syncing #12399697 0xd74f…04a3     0.20 blk/s   44.6 tx/s    3.0 Mgas/s      0+  172 Qed Ancient:#12127425 LI:#12399864   29/50 peers      5 MiB chain   40 MiB queue  RPC:  0 conn,    0 req/s,    0 µs
2021-05-09 11:18:42 UTC Syncing #12399698 0xa3f6…6ab2     0.02 blk/s    4.1 tx/s    0.3 Mgas/s      0+  173 Qed Ancient:#12130489 LI:#12399865   30/50 peers     71 MiB chain   40 MiB queue  RPC:  0 conn,    0 req/s,    0 µs
2021-05-09 11:18:47 UTC Syncing #12399698 0xa3f6…6ab2     0.00 blk/s    0.0 tx/s    0.0 Mgas/s      0+  172 Qed Ancient:#12130489 LI:#12399865   30/50 peers     74 KiB chain   40 MiB queue  RPC:  0 conn,    0 req/s,    0 µs
2021-05-09 11:18:56 UTC Syncing #12399700 0x57d3…2633     0.21 blk/s   44.6 tx/s    3.1 Mgas/s      0+  174 Qed Ancient:#12130590 LI:#12399868   30/50 peers      2 MiB chain   40 MiB queue  RPC:  0 conn,    0 req/s,    0 µs
2021-05-09 11:19:01 UTC Syncing #12399700 0x57d3…2633     0.00 blk/s    0.0 tx/s    0.0 Mgas/s      0+  173 Qed Ancient:#12130590 LI:#12399868   30/50 peers      2 MiB chain   40 MiB queue  RPC:  0 conn,    0 req/s,    0 µs
2021-05-09 11:19:17 UTC Syncing #12399702 0x6506…7385     0.13 blk/s   31.6 tx/s    1.9 Mgas/s      0+  173 Qed Ancient:#12131217 LI:#12399869   30/50 peers     18 MiB chain   40 MiB queue  RPC:  0 conn,    0 req/s,    0 µs
2021-05-09 11:19:17 UTC Syncing #12399702 0x6506…7385     0.13 blk/s   31.6 tx/s    1.9 Mgas/s      0+  172 Qed Ancient:#12131217 LI:#12399869   30/50 peers      2 KiB chain   40 MiB queue  RPC:  0 conn,    0 req/s,    0 µs
2021-05-09 11:19:25 UTC Syncing #12399703 0x7e79…266e     0.13 blk/s   36.3 tx/s    2.0 Mgas/s      0+  173 Qed Ancient:#12131289 LI:#12399870   30/50 peers      2 MiB chain   40 MiB queue  RPC:  0 conn,    0 req/s,    0 µs
2021-05-09 11:19:26 UTC Syncing #12399703 0x7e79…266e     0.00 blk/s    0.0 tx/s    0.0 Mgas/s      0+  172 Qed Ancient:#12131386 LI:#12399870   31/50 peers      4 MiB chain   40 MiB queue  RPC:  0 conn,    0 req/s,    0 µs
2021-05-09 11:19:31 UTC Syncing #12399703 0x7e79…266e     0.00 blk/s    0.0 tx/s    0.0 Mgas/s      0+  172 Qed Ancient:#12131386 LI:#12399870   32/50 peers      4 MiB chain   40 MiB queue  RPC:  0 conn,    0 req/s,    0 µs
2021-05-09 11:19:36 UTC Syncing #12399704 0xd9df…14aa     0.20 blk/s   48.6 tx/s    3.0 Mgas/s      0+  171 Qed Ancient:#12131386 LI:#12399870   32/50 peers      4 MiB chain   40 MiB queue  RPC:  0 conn,    0 req/s,    0 µs
2021-05-09 11:19:51 UTC Syncing #12399705 0xf3ac…e84b     0.07 blk/s   15.9 tx/s    1.0 Mgas/s      0+  172 Qed Ancient:#12131466 LI:#12399871   33/50 peers      5 MiB chain   40 MiB queue  RPC:  0 conn,    0 req/s,    0 µs
2021-05-09 11:19:55 UTC Syncing #12399705 0xf3ac…e84b     0.00 blk/s    0.0 tx/s    0.0 Mgas/s      0+  172 Qed Ancient:#12131841 LI:#12399871   33/50 peers     18 MiB chain   40 MiB queue  RPC:  0 conn,    0 req/s,    0 µs
2021-05-09 11:19:55 UTC Syncing #12399705 0xf3ac…e84b     0.00 blk/s    0.0 tx/s    0.0 Mgas/s      0+  171 Qed Ancient:#12131841 LI:#12399871   33/50 peers      7 MiB chain   40 MiB queue  RPC:  0 conn,    0 req/s,    0 µs
2021-05-09 11:20:09 UTC Syncing #12399706 0xad9c…08bd     0.07 blk/s   20.6 tx/s    1.0 Mgas/s      0+  173 Qed Ancient:#12132097 LI:#12399873   33/50 peers      5 MiB chain   40 MiB queue  RPC:  0 conn,    0 req/s,    0 µs
2021-05-09 11:20:20 UTC Syncing #12399706 0xad9c…08bd     0.00 blk/s    0.0 tx/s    0.0 Mgas/s      0+  172 Qed Ancient:#12132887 LI:#12399873   34/50 peers      3 KiB chain   40 MiB queue  RPC:  0 conn,    0 req/s,    0 µs
2021-05-09 11:20:20 UTC Syncing #12399706 0xad9c…08bd     0.00 blk/s    0.0 tx/s    0.0 Mgas/s      0+  173 Qed Ancient:#12132887 LI:#12399873   34/50 peers    0 bytes chain   40 MiB queue  RPC:  0 conn,    0 req/s,    0 µs
2021-05-09 11:20:27 UTC Syncing #12399707 0x5094…f27e     0.15 blk/s   46.1 tx/s    2.3 Mgas/s      0+  171 Qed Ancient:#12132907 LI:#12399873   34/50 peers    637 KiB chain   40 MiB queue  RPC:  0 conn,    0 req/s,    0 µs
2021-05-09 11:20:34 UTC Syncing #12399708 0x6d42…b4fd     0.14 blk/s   48.0 tx/s    2.1 Mgas/s      0+  171 Qed Ancient:#12133053 LI:#12399873   34/50 peers      5 MiB chain   40 MiB queue  RPC:  0 conn,    0 req/s,    0 µs
2021-05-09 11:21:20 UTC Syncing #12399709 0xfb11…6c94     0.02 blk/s    5.1 tx/s    0.3 Mgas/s      0+  172 Qed Ancient:#12134945 LI:#12399875   28/50 peers     18 KiB chain   40 MiB queue  RPC:  0 conn,    0 req/s,    0 µs
2021-05-09 11:21:52 UTC Syncing #12399709 0xfb11…6c94     0.00 blk/s    0.0 tx/s    0.0 Mgas/s      0+  175 Qed Ancient:#12135598 LI:#12399878   29/50 peers     18 MiB chain   41 MiB queue  RPC:  0 conn,    0 req/s,    0 µs
2021-05-09 11:21:52 UTC Syncing #12399709 0xfb11…6c94     0.00 blk/s    0.0 tx/s    0.0 Mgas/s      0+  175 Qed Ancient:#12135598 LI:#12399878   29/50 peers   728 bytes chain   41 MiB queue  RPC:  0 conn,    0 req/s,    0 µs
2021-05-09 11:21:52 UTC Syncing #12399709 0xfb11…6c94     0.00 blk/s    0.0 tx/s    0.0 Mgas/s      0+  175 Qed Ancient:#12135598 LI:#12399878   29/50 peers   728 bytes chain   41 MiB queue  RPC:  0 conn,    0 req/s,    0 µs
2021-05-09 11:21:56 UTC Syncing #12399709 0xfb11…6c94     0.00 blk/s    0.0 tx/s    0.0 Mgas/s      0+  176 Qed Ancient:#12135598 LI:#12399880   29/50 peers    561 KiB chain   41 MiB queue  RPC:  0 conn,    0 req/s,    0 µs
2021-05-09 11:22:01 UTC Syncing #12399710 0xd9cd…d874     0.20 blk/s   40.2 tx/s    3.0 Mgas/s      0+  176 Qed Ancient:#12135598 LI:#12399881   29/50 peers    636 KiB chain   41 MiB queue  RPC:  0 conn,    0 req/s,    0 µs
2021-05-09 11:22:06 UTC Syncing #12399711 0x9f8e…e54d     0.20 blk/s   49.0 tx/s    3.0 Mgas/s      0+  175 Qed Ancient:#12135598 LI:#12399882   30/50 peers    653 KiB chain   40 MiB queue  RPC:  0 conn,    0 req/s,    0 µs
2021-05-09 11:22:11 UTC Syncing #12399712 0xe4c1…66b3     0.20 blk/s   38.6 tx/s    3.0 Mgas/s      0+  176 Qed Ancient:#12135598 LI:#12399883   30/50 peers    740 KiB chain   41 MiB queue  RPC:  0 conn,    0 req/s,    0 µs
2021-05-09 11:22:16 UTC Syncing #12399712 0xe4c1…66b3     0.00 blk/s    0.0 tx/s    0.0 Mgas/s      0+  177 Qed Ancient:#12135598 LI:#12399884   30/50 peers    740 KiB chain   41 MiB queue  RPC:  0 conn,    0 req/s,    0 µs
2021-05-09 11:22:21 UTC Syncing #12399713 0xc99b…02e6     0.20 blk/s   52.4 tx/s    3.0 Mgas/s      0+  176 Qed Ancient:#12135598 LI:#12399884   31/50 peers    870 KiB chain   41 MiB queue  RPC:  0 conn,    0 req/s,    0 µs
2021-05-09 11:22:26 UTC Syncing #12399714 0xe281…0620     0.20 blk/s   35.4 tx/s    3.0 Mgas/s      0+  176 Qed Ancient:#12135598 LI:#12399885   31/50 peers    926 KiB chain   41 MiB queue  RPC:  0 conn,    0 req/s,    0 µs
2021-05-09 11:22:31 UTC Syncing #12399715 0xddeb…80a6     0.20 blk/s   37.0 tx/s    3.0 Mgas/s      0+  175 Qed Ancient:#12135598 LI:#12399885   31/50 peers    926 KiB chain   40 MiB queue  RPC:  0 conn,    0 req/s,    0 µs
2021-05-09 11:22:36 UTC Syncing #12399715 0xddeb…80a6     0.00 blk/s    0.0 tx/s    0.0 Mgas/s      0+  175 Qed Ancient:#12135598 LI:#12399885   31/50 peers    981 KiB chain   40 MiB queue  RPC:  0 conn,    0 req/s,    0 µs
2021-05-09 11:22:41 UTC Syncing #12399716 0xd599…555c     0.20 blk/s   25.0 tx/s    3.0 Mgas/s      0+  174 Qed Ancient:#12135598 LI:#12399885   32/50 peers    981 KiB chain   40 MiB queue  RPC:  0 conn,    0 req/s,    0 µs
2021-05-09 11:22:46 UTC Syncing #12399717 0x2514…279e     0.20 blk/s   45.6 tx/s    3.0 Mgas/s      0+  173 Qed Ancient:#12135598 LI:#12399885   32/50 peers      1 MiB chain   40 MiB queue  RPC:  0 conn,    0 req/s,    0 µs
2021-05-09 11:22:51 UTC Syncing #12399717 0x2514…279e     0.00 blk/s    0.0 tx/s    0.0 Mgas/s      0+  173 Qed Ancient:#12135598 LI:#12399885   32/50 peers      1 MiB chain   40 MiB queue  RPC:  0 conn,    0 req/s,    0 µs
2021-05-09 11:22:59 UTC Syncing #12399719 0x1b2e…a988     0.29 blk/s   75.9 tx/s    4.3 Mgas/s      0+  172 Qed Ancient:#12135666 LI:#12399885   32/50 peers      3 MiB chain   40 MiB queue  RPC:  0 conn,    0 req/s,    0 µs
2021-05-09 11:23:10 UTC Syncing #12399720 0x1665…3f4f     0.09 blk/s   23.2 tx/s    1.4 Mgas/s      0+  171 Qed Ancient:#12135914 LI:#12399885   32/50 peers      5 MiB chain   40 MiB queue  RPC:  0 conn,    0 req/s,    0 µs
2021-05-09 11:23:40 UTC Syncing #12399720 0x1665…3f4f     0.00 blk/s    0.0 tx/s    0.0 Mgas/s      0+  174 Qed Ancient:#12136928 LI:#12399888   27/50 peers      2 MiB chain   40 MiB queue  RPC:  0 conn,    0 req/s,    0 µs
2021-05-09 11:23:53 UTC Syncing #12399721 0x4d1e…676b     0.08 blk/s   19.2 tx/s    1.2 Mgas/s      0+  174 Qed Ancient:#12137745 LI:#12399889   25/25 peers   728 bytes chain   40 MiB queue  RPC:  0 conn,    0 req/s,    0 µs
2021-05-09 11:23:53 UTC Syncing #12399721 0x4d1e…676b     0.00 blk/s    0.0 tx/s    0.0 Mgas/s      0+  174 Qed Ancient:#12137745 LI:#12399889   25/25 peers   728 bytes chain   40 MiB queue  RPC:  0 conn,    0 req/s,    0 µs
2021-05-09 11:23:53 UTC Syncing #12399721 0x4d1e…676b     0.08 blk/s   19.2 tx/s    1.2 Mgas/s      0+  174 Qed Ancient:#12137745 LI:#12399889   25/25 peers     18 MiB chain   40 MiB queue  RPC:  0 conn,    0 req/s,    0 µs
2021-05-09 11:23:53 UTC Syncing #12399721 0x4d1e…676b     0.00 blk/s    0.0 tx/s    0.0 Mgas/s      0+  174 Qed Ancient:#12137745 LI:#12399889   25/25 peers   728 bytes chain   40 MiB queue  RPC:  0 conn,    0 req/s,    0 µs
2021-05-09 11:23:56 UTC Syncing #12399721 0x4d1e…676b     0.00 blk/s    0.0 tx/s    0.0 Mgas/s      0+  174 Qed Ancient:#12137745 LI:#12399890   25/25 peers     74 KiB chain   40 MiB queue  RPC:  0 conn,    0 req/s,    0 µs
2021-05-09 11:24:01 UTC Syncing #12399722 0x5624…e2a8     0.20 blk/s   51.6 tx/s    3.0 Mgas/s      0+  173 Qed Ancient:#12137745 LI:#12399890   26/50 peers    109 KiB chain   40 MiB queue  RPC:  0 conn,    0 req/s,    0 µs