WARN [05-11|22:04:16.945] Dropping unsynced node during sync       id=e9dbc5436977b26a conn=inbound addr=149.28.62.58:39572  type=Geth/v1.10.3-unstabl...
INFO [05-11|22:04:17.057] Initializing state bloom                 items=19193360 errorrate=0.000 elapsed=48.005s
INFO [05-11|22:04:18.231] Imported new state entries               count=768 elapsed=2.053ms   processed=605901727 pending=6298 trieretry=0 coderetry=0 duplicate=0 unexpected=0
INFO [05-11|22:04:18.960] Imported new block headers               count=1   elapsed=5.482ms   number=12415698 hash="2ef042…9539f0"
INFO [05-11|22:04:19.216] Looking for peers                        peercount=3 tried=5 static=0
INFO [05-11|22:04:21.123] Imported new state entries               count=384 elapsed=2.404ms   processed=605902111 pending=6025 trieretry=0 coderetry=0 duplicate=0 unexpected=0
INFO [05-11|22:04:25.058] Initializing state bloom                 items=22420658 errorrate=0.000 elapsed=56.006s
INFO [05-11|22:04:28.854] Imported new state entries               count=384 elapsed="395.801µs" processed=605902495 pending=6548 trieretry=0 coderetry=0 duplicate=0 unexpected=0
INFO [05-11|22:04:29.218] Looking for peers                        peercount=4 tried=4 static=0
WARN [05-11|22:04:29.516] Dropping unsynced node during sync       id=c0e37fc2470a8366 conn=inbound addr=143.198.119.232:59182 type=Geth/v1.10.1-stable-...
ERROR[05-11|22:04:32.693] Snapshot extension registration failed   peer=b2a05910 err="peer connected on snap without compatible eth support"
INFO [05-11|22:04:33.058] Initializing state bloom                 items=25301090 errorrate=0.000 elapsed=1m4.006s
INFO [05-11|22:04:34.272] Imported new state entries               count=384 elapsed="374.701µs" processed=605902879 pending=6934 trieretry=0 coderetry=0 duplicate=0 unexpected=0
INFO [05-11|22:04:39.219] Looking for peers                        peercount=1 tried=4 static=0
INFO [05-11|22:04:41.061] Initializing state bloom                 items=28258176 errorrate=0.000 elapsed=1m12.009s
INFO [05-11|22:04:49.065] Initializing state bloom                 items=31740938 errorrate=0.000 elapsed=1m20.013s
INFO [05-11|22:04:49.221] Looking for peers                        peercount=1 tried=4 static=0
WARN [05-11|22:04:49.514] Node data write error                    err="trie node 4f1666…3c8d44 failed with all peers (0 tries, 0 peers)"
WARN [05-11|22:04:49.514] Rewinding blockchain                     target=12413649
INFO [05-11|22:04:52.797] Loaded most recent local header          number=12413649 hash="cc9392…aa6f98" td=24530198118172867479551 age=7h37m3s
INFO [05-11|22:04:52.797] Loaded most recent local full block      number=0        hash="d4e567…cb8fa3" td=17179869184             age=52y1mo1w
INFO [05-11|22:04:52.797] Loaded most recent local fast block      number=12413649 hash="cc9392…aa6f98" td=24530198118172867479551 age=7h37m3s
INFO [05-11|22:04:52.797] Loaded last fast-sync pivot marker       number=12415634
WARN [05-11|22:04:52.797] Rolled back chain segment                header=12415698->12413649 fast=12415633->12413649 block=0->0 reason="syncing canceled (requested)"
WARN [05-11|22:04:52.797] Synchronisation failed, retrying         err="trie node 4f1666…3c8d44 failed with all peers (0 tries, 0 peers)"
INFO [05-11|22:04:57.066] Initializing state bloom                 items=35034364 errorrate=0.000 elapsed=1m28.014s
INFO [05-11|22:04:59.222] Looking for peers                        peercount=0 tried=4 static=0
INFO [05-11|22:05:05.068] Initializing state bloom                 items=38343109 errorrate=0.000 elapsed=1m36.016s
INFO [05-11|22:05:09.224] Looking for peers                        peercount=1 tried=3 static=0
WARN [05-11|22:05:10.685] Dropping unsynced node during sync       id=6b0cbeb8cd4dc6af conn=inbound addr=24.145.80.80:43257    type=OpenEthereum/v3.2.5-...
INFO [05-11|22:05:13.070] Initializing state bloom                 items=41884186 errorrate=0.000 elapsed=1m44.018s
ERROR[05-11|22:05:13.783] Snapshot extension registration failed   peer=63cbe74f err="peer connected on snap without compatible eth support"
INFO [05-11|22:05:19.225] Looking for peers                        peercount=3 tried=4 static=0
INFO [05-11|22:05:21.073] Initializing state bloom                 items=45440272 errorrate=0.000 elapsed=1m52.021s
INFO [05-11|22:05:29.075] Initializing state bloom                 items=49005675 errorrate=0.000 elapsed=2m0.023s
INFO [05-11|22:05:29.226] Looking for peers                        peercount=4 tried=5 static=0