ERROR[07-28|13:19:24.872] Snapshot extension registration failed   peer=83a1b3f5 err="peer connected on snap without compatible eth support"
WARN [07-28|13:19:26.239] Checkpoint challenge timed out, dropping id=f4c7d457024e0627 conn=inbound addr=135.181.139.30:52096  type=erigon/v2021.07.4-al...
INFO [07-28|13:19:29.728] State heal in progress                   accounts=4196@229.96KiB slots=218@17.75KiB codes=2061@15.82MiB nodes=48,705,317@13.95GiB pending=62152
INFO [07-28|13:19:32.047] Imported new block headers               count=1  elapsed=5.964ms   number=12,914,656 hash=a9bd27..eabf46 age=1m25s
INFO [07-28|13:19:33.073] Downloader queue stats                   receiptTasks=0 blockTasks=0 itemSize=250.99KiB throttle=262
INFO [07-28|13:19:33.932] Looking for peers                        peercount=30 tried=3 static=0
ERROR[07-28|13:19:34.125] Snapshot extension registration failed   peer=b2a05910 err="peer connected on snap without compatible eth support"
ERROR[07-28|13:19:36.905] Snapshot extension registration failed   peer=69c19ba4 err="peer connected on snap without compatible eth support"
INFO [07-28|13:19:37.886] State heal in progress                   accounts=4292@235.26KiB slots=239@19.40KiB codes=2061@15.82MiB nodes=48,706,349@13.95GiB pending=63631
INFO [07-28|13:19:38.338] Imported new block headers               count=1  elapsed=5.196ms   number=12,914,657 hash=d9b6b2..16f8ac age=1m28s
INFO [07-28|13:19:44.048] Looking for peers                        peercount=31 tried=3 static=0
INFO [07-28|13:19:46.190] State heal in progress                   accounts=4437@243.38KiB slots=254@20.64KiB codes=2061@15.82MiB nodes=48,707,324@13.95GiB pending=64135
INFO [07-28|13:19:54.476] Looking for peers                        peercount=31 tried=2 static=0
INFO [07-28|13:19:55.357] State heal in progress                   accounts=4559@249.58KiB slots=305@24.54KiB codes=2061@15.82MiB nodes=48,708,302@13.95GiB pending=64714
INFO [07-28|13:20:00.809] Imported new block headers               count=2  elapsed=10.998ms  number=12,914,659 hash=e518db..b64c1d
WARN [07-28|13:20:03.476] Dropping unsynced node during sync       id=6cbe48e4f078a315 conn=inbound addr=134.209.33.143:24164  type=OpenEthereum/v3.3.0-...
INFO [07-28|13:20:04.477] Looking for peers                        peercount=31 tried=4 static=0
INFO [07-28|13:20:04.831] State heal in progress                   accounts=4794@262.08KiB slots=336@27.00KiB codes=2061@15.82MiB nodes=48,709,439@13.95GiB pending=64977
ERROR[07-28|13:20:12.515] Snapshot extension registration failed   peer=89027a8b err="peer connected on snap without compatible eth support"
INFO [07-28|13:20:13.936] State heal in progress                   accounts=5012@273.66KiB slots=375@30.01KiB codes=2061@15.82MiB nodes=48,710,545@13.95GiB pending=65242
INFO [07-28|13:20:14.479] Looking for peers                        peercount=33 tried=2 static=0
ERROR[07-28|13:20:15.328] Snapshot extension registration failed   peer=3503425b err="peer connected on snap without compatible eth support"
INFO [07-28|13:20:19.390] Imported new block headers               count=1  elapsed=5.734ms   number=12,914,660 hash=07f4e0..b4a459
ERROR[07-28|13:20:21.808] Snapshot extension registration failed   peer=878469ec err="peer connected on snap without compatible eth support"
INFO [07-28|13:20:23.545] State heal in progress                   accounts=5228@285.73KiB slots=444@35.44KiB codes=2061@15.82MiB nodes=48,711,714@13.95GiB pending=65815
INFO [07-28|13:20:24.568] Looking for peers                        peercount=34 tried=4 static=0
INFO [07-28|13:20:31.746] State heal in progress                   accounts=5404@294.94KiB slots=475@37.92KiB codes=2061@15.82MiB nodes=48,712,626@13.95GiB pending=66071
ERROR[07-28|13:20:32.297] Snapshot extension registration failed   peer=69c19ba4 err="peer connected on snap without compatible eth support"
INFO [07-28|13:20:34.569] Looking for peers                        peercount=33 tried=2 static=0
INFO [07-28|13:20:39.946] Imported new block headers               count=2  elapsed=5.955ms   number=12,914,662 hash=7db949..1db429
INFO [07-28|13:20:40.305] State heal in progress                   accounts=5510@300.79KiB slots=489@38.99KiB codes=2061@15.82MiB nodes=48,713,562@13.95GiB pending=66766
WARN [07-28|13:20:44.485] Dropping unsynced node during sync       id=6cbe48e4f078a315 conn=inbound addr=134.209.33.143:32206  type=OpenEthereum/v3.3.0-...
INFO [07-28|13:20:44.570] Looking for peers                        peercount=32 tried=4 static=0
INFO [07-28|13:20:48.127] Downloader queue stats                   receiptTasks=0 blockTasks=0 itemSize=253.25KiB throttle=259
INFO [07-28|13:20:49.377] State heal in progress                   accounts=5623@306.54KiB slots=517@41.18KiB codes=2061@15.82MiB nodes=48,714,435@13.95GiB pending=67172
WARN [07-28|13:20:54.463] Dropping unsynced node during sync       id=7c61af5547ab6f4f conn=inbound addr=222.208.249.62:52102  type=OpenEthereum/v3.2.6-...
INFO [07-28|13:20:54.571] Looking for peers                        peercount=32 tried=3 static=0
INFO [07-28|13:20:58.230] State heal in progress                   accounts=5820@316.77KiB slots=604@47.93KiB codes=2061@15.82MiB nodes=48,715,523@13.95GiB pending=67480
ERROR[07-28|13:21:03.099] Snapshot extension registration failed   peer=3503425b err="peer connected on snap without compatible eth support"
INFO [07-28|13:21:04.573] Looking for peers                        peercount=35 tried=3 static=0
INFO [07-28|13:21:06.944] Imported new block headers               count=1  elapsed=5.730ms   number=12,914,663 hash=212773..7f8781
INFO [07-28|13:21:07.331] State heal in progress                   accounts=5876@319.58KiB slots=627@49.81KiB codes=2061@15.82MiB nodes=48,716,183@13.95GiB pending=68016
INFO [07-28|13:21:14.575] Looking for peers                        peercount=35 tried=3 static=0
INFO [07-28|13:21:16.087] State heal in progress                   accounts=6028@327.69KiB slots=667@53.05KiB codes=2062@15.82MiB nodes=48,717,116@13.95GiB pending=68368
INFO [07-28|13:21:22.436] Imported new block headers               count=2  elapsed=10.596ms  number=12,914,665 hash=fcb15a..4297bf
INFO [07-28|13:21:24.576] Looking for peers                        peercount=35 tried=3 static=0
INFO [07-28|13:21:25.784] State heal in progress                   accounts=6132@333.41KiB slots=731@57.91KiB codes=2062@15.82MiB nodes=48,718,111@13.95GiB pending=68948
INFO [07-28|13:21:34.577] Looking for peers                        peercount=35 tried=2 static=0
INFO [07-28|13:21:34.885] State heal in progress                   accounts=6355@345.04KiB slots=793@62.84KiB codes=2062@15.82MiB nodes=48,719,269@13.95GiB pending=69293
INFO [07-28|13:21:37.178] Imported new block headers               count=1  elapsed=6.184ms   number=12,914,666 hash=6187c3..5e404e
INFO [07-28|13:21:43.336] State heal in progress                   accounts=6413@347.77KiB slots=821@65.05KiB codes=2062@15.82MiB nodes=48,720,046@13.95GiB pending=69819
INFO [07-28|13:21:44.578] Looking for peers                        peercount=35 tried=3 static=0
INFO [07-28|13:21:45.144] Imported new block headers               count=1  elapsed=6.030ms   number=12,914,667 hash=235e22..344cde
INFO [07-28|13:21:54.579] Looking for peers                        peercount=35 tried=3 static=0
INFO [07-28|13:21:54.819] State heal in progress                   accounts=6437@349.03KiB slots=824@65.29KiB codes=2062@15.82MiB nodes=48,721,119@13.95GiB pending=71981
WARN [07-28|13:22:02.461] Checkpoint challenge timed out, dropping id=181cb29709cb442e conn=inbound addr=47.90.137.68:36554    type=erigon/v2021.07.4/li...
WARN [07-28|13:22:02.756] Dropping unsynced node during sync       id=16c2f2ae89ca5dc6 conn=inbound addr=62.171.187.24:56380   type=Geth/v1.10.2-stable-...
ERROR[07-28|13:22:03.102] Snapshot extension registration failed   peer=4da840a0 err="peer connected on snap without compatible eth support"
INFO [07-28|13:22:04.581] Looking for peers                        peercount=34 tried=3 static=0
INFO [07-28|13:22:04.908] State heal in progress                   accounts=6505@352.36KiB slots=850@67.33KiB codes=2062@15.82MiB nodes=48,721,995@13.95GiB pending=72928
INFO [07-28|13:22:05.429] Imported new block headers               count=1  elapsed=5.479ms   number=12,914,668 hash=1503de..b27d7a
INFO [07-28|13:22:07.178] Downloader queue stats                   receiptTasks=0 blockTasks=0 itemSize=249.47KiB throttle=263
INFO [07-28|13:22:14.226] State heal in progress                   accounts=6619@358.49KiB slots=895@70.88KiB codes=2062@15.82MiB nodes=48,722,955@13.95GiB pending=73483
INFO [07-28|13:22:14.582] Looking for peers                        peercount=35 tried=2 static=0
INFO [07-28|13:22:24.584] Looking for peers                        peercount=35 tried=3 static=0
INFO [07-28|13:22:24.818] State heal in progress                   accounts=6713@363.91KiB slots=995@78.64KiB codes=2062@15.82MiB nodes=48,723,884@13.95GiB pending=74002
INFO [07-28|13:22:25.552] Imported new block headers               count=1  elapsed=5.359ms   number=12,914,669 hash=849fc1..801862
INFO [07-28|13:22:33.367] State heal in progress                   accounts=6925@375.50KiB slots=1058@83.42KiB codes=2062@15.82MiB nodes=48,724,873@13.95GiB pending=74079
INFO [07-28|13:22:33.674] Imported new block headers               count=1  elapsed=11.426ms  number=12,914,670 hash=9c8afc..77b88d
INFO [07-28|13:22:34.586] Looking for peers                        peercount=35 tried=4 static=0
INFO [07-28|13:22:43.046] State heal in progress                   accounts=7171@388.54KiB slots=1096@86.31KiB codes=2062@15.82MiB nodes=48,726,016@13.95GiB pending=74499
INFO [07-28|13:22:44.588] Looking for peers                        peercount=35 tried=3 static=0
INFO [07-28|13:22:52.355] State heal in progress                   accounts=7290@394.93KiB slots=1159@91.12KiB codes=2062@15.82MiB nodes=48,726,945@13.95GiB pending=75011
INFO [07-28|13:22:54.588] Looking for peers                        peercount=35 tried=3 static=0
INFO [07-28|13:23:01.251] State heal in progress                   accounts=7425@402.61KiB slots=1218@95.71KiB codes=2062@15.82MiB nodes=48,727,872@13.95GiB pending=75482
INFO [07-28|13:23:03.309] Imported new block headers               count=1  elapsed=7.650ms   number=12,914,671 hash=58a49b..ca9719 age=1m7s
INFO [07-28|13:23:04.589] Looking for peers                        peercount=35 tried=3 static=0
INFO [07-28|13:23:09.480] State heal in progress                   accounts=7557@409.87KiB slots=1287@101.04KiB codes=2062@15.82MiB nodes=48,728,801@13.96GiB pending=75848
INFO [07-28|13:23:12.701] Imported new block headers               count=1  elapsed=5.815ms   number=12,914,672 hash=a4f91b..873678
INFO [07-28|13:23:14.216] Downloader queue stats                   receiptTasks=0 blockTasks=0 itemSize=247.73KiB throttle=265
INFO [07-28|13:23:14.590] Looking for peers                        peercount=35 tried=3 static=0
INFO [07-28|13:23:19.035] State heal in progress                   accounts=7628@413.87KiB slots=1409@110.48KiB codes=2062@15.82MiB nodes=48,729,678@13.96GiB pending=76101
INFO [07-28|13:23:24.592] Looking for peers                        peercount=35 tried=2 static=0
INFO [07-28|13:23:29.875] State heal in progress                   accounts=7717@418.49KiB slots=1474@115.60KiB codes=2062@15.82MiB nodes=48,730,647@13.96GiB pending=76999
INFO [07-28|13:23:34.592] Looking for peers                        peercount=35 tried=1 static=0
INFO [07-28|13:23:35.597] Imported new block headers               count=1  elapsed=5.947ms   number=12,914,673 hash=0907c2..fba6a7 age=1m11s
INFO [07-28|13:23:38.171] State heal in progress                   accounts=7782@421.90KiB slots=1522@119.32KiB codes=2062@15.82MiB nodes=48,731,395@13.96GiB pending=77604
INFO [07-28|13:23:44.592] Looking for peers                        peercount=35 tried=4 static=0
INFO [07-28|13:23:46.728] State heal in progress                   accounts=8028@434.63KiB slots=1619@126.84KiB codes=2062@15.82MiB nodes=48,732,444@13.96GiB pending=77452
INFO [07-28|13:23:54.594] Looking for peers                        peercount=34 tried=3 static=0
INFO [07-28|13:23:55.483] State heal in progress                   accounts=8252@447.24KiB slots=1695@132.59KiB codes=2062@15.82MiB nodes=48,733,533@13.96GiB pending=77614
INFO [07-28|13:23:55.607] Imported new block headers               count=1  elapsed=5.570ms   number=12,914,674 hash=279ef2..95ab63
INFO [07-28|13:24:04.595] Looking for peers                        peercount=34 tried=4 static=0
INFO [07-28|13:24:05.295] State heal in progress                   accounts=8425@456.49KiB slots=1812@141.65KiB codes=2062@15.82MiB nodes=48,734,603@13.96GiB pending=77741
INFO [07-28|13:24:14.237] State heal in progress                   accounts=8506@460.69KiB slots=1936@151.18KiB codes=2062@15.82MiB nodes=48,735,475@13.96GiB pending=78494
INFO [07-28|13:24:18.608] Looking for peers                        peercount=34 tried=3 static=0
INFO [07-28|13:24:22.571] State heal in progress                   accounts=8545@462.96KiB slots=2028@158.37KiB codes=2062@15.82MiB nodes=48,736,178@13.96GiB pending=79011
INFO [07-28|13:24:28.610] Looking for peers                        peercount=34 tried=3 static=0
INFO [07-28|13:24:31.583] State heal in progress                   accounts=8775@475.69KiB slots=2133@166.43KiB codes=2062@15.82MiB nodes=48,737,224@13.96GiB pending=79002
INFO [07-28|13:24:33.531] Imported new block headers               count=1  elapsed=5.152ms   number=12,914,675 hash=41999c..684d28 age=1m31s
INFO [07-28|13:24:36.283] Downloader queue stats                   receiptTasks=0 blockTasks=0 itemSize=245.54KiB throttle=267
INFO [07-28|13:24:38.611] Looking for peers                        peercount=34 tried=2 static=0
INFO [07-28|13:24:40.073] State heal in progress                   accounts=9016@488.04KiB slots=2236@174.16KiB codes=2063@15.83MiB nodes=48,738,260@13.96GiB pending=78900