INFO [06-03|23:02:23.387] Imported new state entries               count=564  elapsed="2.3µs"     processed=993919411 pending=4399   trieretry=0    coderetry=0 duplicate=0 unexpected=2674
INFO [06-03|23:02:25.508] Looking for peers                        peercount=22 tried=5 static=0
WARN [06-03|23:02:26.259] Dropping unsynced node during sync       id=da1e6b3a618981e0 conn=inbound addr=111.193.164.143:42610 type=OpenEthereum/v3.2.6-...
INFO [06-03|23:02:27.495] Initializing state bloom                 items=350455245 errorrate=0.000 elapsed=44m11.859s
ERROR[06-03|23:02:28.782] Ethereum peer removal failed             peer=f9eb51a8 err="peer not registered"
ERROR[06-03|23:02:28.783] Ethereum peer removal failed             peer=139b1d5f err="peer not registered"
INFO [06-03|23:02:29.092] Imported new block receipts              count=35   elapsed=200.574ms   number=12564302 hash="4e877b…4949f3" age=14m58s   size=3.81MiB
INFO [06-03|23:02:34.890] Imported new state entries               count=384  elapsed="2.5µs"     processed=993919795 pending=6027   trieretry=0    coderetry=0 duplicate=0 unexpected=2674
INFO [06-03|23:02:35.504] Initializing state bloom                 items=350486285 errorrate=0.000 elapsed=44m19.868s
INFO [06-03|23:02:35.512] Looking for peers                        peercount=21 tried=4 static=0
INFO [06-03|23:02:39.642] Imported new block headers               count=1    elapsed=8.478ms     number=12564369 hash="819149…e22da3"
INFO [06-03|23:02:43.504] Initializing state bloom                 items=350528131 errorrate=0.000 elapsed=44m27.868s
INFO [06-03|23:02:45.513] Looking for peers                        peercount=21 tried=5 static=0
INFO [06-03|23:02:48.499] Downloader queue stats                   receiptTasks=0   blockTasks=0   itemSize=236.49KiB throttle=278
INFO [06-03|23:02:51.535] Initializing state bloom                 items=350560217 errorrate=0.000 elapsed=44m35.899s
INFO [06-03|23:02:54.792] Imported new state entries               count=273  elapsed="2.7µs"     processed=993920068 pending=4369   trieretry=0    coderetry=0 duplicate=0 unexpected=2674
INFO [06-03|23:02:57.521] Looking for peers                        peercount=23 tried=4 static=0
INFO [06-03|23:02:59.535] Initializing state bloom                 items=350581338 errorrate=0.000 elapsed=44m43.899s
INFO [06-03|23:03:02.590] Imported new block headers               count=1    elapsed=15.444ms    number=12564370 hash="209408…822fb3" age=1m3s
INFO [06-03|23:03:05.388] Imported new state entries               count=384  elapsed="2.6µs"     processed=993920452 pending=9479   trieretry=2    coderetry=0 duplicate=0 unexpected=2674
INFO [06-03|23:03:07.543] Initializing state bloom                 items=350601704 errorrate=0.000 elapsed=44m51.907s
INFO [06-03|23:03:07.576] Looking for peers                        peercount=25 tried=4 static=0
INFO [06-03|23:03:11.634] Imported new block headers               count=1    elapsed=86.536ms    number=12564371 hash="6be023…451cb6" age=1m4s
INFO [06-03|23:03:13.895] Imported new state entries               count=298  elapsed="2.2µs"     processed=993920750 pending=14231  trieretry=2    coderetry=0 duplicate=0 unexpected=2674
INFO [06-03|23:03:15.577] Initializing state bloom                 items=350620977 errorrate=0.000 elapsed=44m59.942s
INFO [06-03|23:03:18.535] Looking for peers                        peercount=26 tried=4 static=0
WARN [06-03|23:03:19.379] Dropping unsynced node during sync       id=c0e37fc2470a8366 conn=inbound addr=143.198.119.232:52550 type=Geth/v1.10.1-stable-...
WARN [06-03|23:03:19.596] Dropping unsynced node during sync       id=ee83a4d4bc45455e conn=inbound addr=119.178.100.30:36770  type=OpenEthereum/v3.2.6-...
INFO [06-03|23:03:20.034] Imported new block headers               count=1    elapsed=38.439ms    number=12564372 hash="27fa7f…379dec"
INFO [06-03|23:03:23.578] Initializing state bloom                 items=350640915 errorrate=0.000 elapsed=45m7.942s
WARN [06-03|23:03:25.338] Dropping unsynced node during sync       id=697bc943a9aa2c9c conn=inbound addr=35.196.58.204:36888   type=Geth/v1.10.2-stable-...
INFO [06-03|23:03:28.603] Looking for peers                        peercount=25 tried=4 static=0
INFO [06-03|23:03:29.071] Imported new state entries               count=570  elapsed="2.7µs"     processed=993921320 pending=23193  trieretry=0    coderetry=0 duplicate=0 unexpected=2674
INFO [06-03|23:03:31.581] Initializing state bloom                 items=350658006 errorrate=0.000 elapsed=45m15.945s
INFO [06-03|23:03:38.604] Looking for peers                        peercount=26 tried=4 static=0
INFO [06-03|23:03:39.581] Initializing state bloom                 items=350677710 errorrate=0.000 elapsed=45m23.945s
INFO [06-03|23:03:40.375] Imported new state entries               count=540  elapsed="6.1µs"     processed=993921860 pending=31772  trieretry=0    coderetry=0 duplicate=0 unexpected=2674
INFO [06-03|23:03:45.951] Imported new state entries               count=384  elapsed=2.454ms     processed=993922244 pending=32284  trieretry=2    coderetry=0 duplicate=0 unexpected=2674
INFO [06-03|23:03:47.180] Imported new state entries               count=0    elapsed=1.226s      processed=993922244 pending=32413  trieretry=296  coderetry=0 duplicate=0 unexpected=2970
INFO [06-03|23:03:47.581] Initializing state bloom                 items=350703209 errorrate=0.000 elapsed=45m31.945s
INFO [06-03|23:03:48.605] Looking for peers                        peercount=27 tried=4 static=0
INFO [06-03|23:03:52.393] Imported new block headers               count=1    elapsed=94.761ms    number=12564373 hash="c8be89…a5957f"
INFO [06-03|23:03:52.572] Downloader queue stats                   receiptTasks=0   blockTasks=0   itemSize=240.11KiB throttle=273
INFO [06-03|23:03:52.639] Imported new state entries               count=472  elapsed="2.7µs"     processed=993922716 pending=33421  trieretry=2    coderetry=0 duplicate=0 unexpected=2970
INFO [06-03|23:03:55.581] Initializing state bloom                 items=350729183 errorrate=0.000 elapsed=45m39.945s
INFO [06-03|23:03:58.606] Looking for peers                        peercount=29 tried=4 static=0
INFO [06-03|23:03:58.747] Imported new state entries               count=384  elapsed="2.7µs"     processed=993923100 pending=34710  trieretry=2    coderetry=0 duplicate=0 unexpected=2970
INFO [06-03|23:04:03.592] Initializing state bloom                 items=350754163 errorrate=0.000 elapsed=45m47.956s
INFO [06-03|23:04:04.985] Imported new block headers               count=1    elapsed=79.780ms    number=12564374 hash="ae19d3…e39986" age=1m2s
INFO [06-03|23:04:05.759] Imported new state entries               count=445  elapsed="24µs"      processed=993923545 pending=36206  trieretry=0    coderetry=0 duplicate=0 unexpected=2970
WARN [06-03|23:04:05.761] Stalling state sync, dropping peer       peer=6947706974e54eba38fa8c8a8161ebc9b4b7d10e40c37c6310dcd7b16d1ee18a
ERROR[06-03|23:04:05.762] Ethereum peer removal failed             peer=69477069 err="peer not registered"
WARN [06-03|23:04:05.789] Rewinding blockchain                     target=12562325
INFO [06-03|23:04:08.610] Looking for peers                        peercount=28 tried=4 static=0
INFO [06-03|23:04:10.648] Loaded most recent local header          number=12562325 hash="6f9312…33effb" td=25690505662313324796175 age=7h41m44s
INFO [06-03|23:04:10.648] Loaded most recent local full block      number=0        hash="d4e567…cb8fa3" td=17179869184             age=52y2mo1d
INFO [06-03|23:04:10.648] Loaded most recent local fast block      number=12562325 hash="6f9312…33effb" td=25690505662313324796175 age=7h41m44s
INFO [06-03|23:04:10.648] Loaded last fast-sync pivot marker       number=12564303
WARN [06-03|23:04:10.652] Rolled back chain segment                header=12564374->12562325 fast=12564302->12562325 block=0->0 reason="syncing canceled (requested)"
WARN [06-03|23:04:10.654] Synchronisation failed, dropping peer    peer=6947706974e54eba38fa8c8a8161ebc9b4b7d10e40c37c6310dcd7b16d1ee18a err=timeout
ERROR[06-03|23:04:10.654] Ethereum peer removal failed             peer=69477069 err="peer not registered"
INFO [06-03|23:04:11.596] Initializing state bloom                 items=350782575 errorrate=0.000 elapsed=45m55.960s
INFO [06-03|23:04:18.626] Looking for peers                        peercount=30 tried=4 static=0
INFO [06-03|23:04:19.597] Initializing state bloom                 items=350823665 errorrate=0.000 elapsed=46m3.961s
ERROR[06-03|23:04:22.224] Snapshot extension registration failed   peer=b2a05910 err="peer connected on snap without compatible eth support"
INFO [06-03|23:04:27.597] Initializing state bloom                 items=350864844 errorrate=0.000 elapsed=46m11.961s
INFO [06-03|23:04:28.628] Looking for peers                        peercount=29 tried=4 static=0
INFO [06-03|23:04:35.609] Initializing state bloom                 items=350906228 errorrate=0.000 elapsed=46m19.973s
INFO [06-03|23:04:37.980] Disabling direct-ancient mode            origin=12562325 ancient=12359074
INFO [06-03|23:04:38.513] Imported new block headers               count=192  elapsed=76.235ms    number=12562517 hash="c5485d…1493a8" age=6h52m55s
INFO [06-03|23:04:38.633] Looking for peers                        peercount=33 tried=4 static=0
INFO [06-03|23:04:39.041] Imported new block headers               count=192  elapsed=124.427ms   number=12562709 hash="49afd1…890c4b" age=6h9m47s
INFO [06-03|23:04:39.667] Imported new block headers               count=1536 elapsed=258.865ms   number=12564245 hash="f3c353…459cab" age=29m44s
INFO [06-03|23:04:39.667] Imported new block receipts              count=9    elapsed=188.996ms   number=12562334 hash="d9cc27…06bbad" age=7h40m12s size=825.86KiB
INFO [06-03|23:04:39.777] Imported new block receipts              count=12   elapsed=109.967ms   number=12562346 hash="716271…26caee" age=7h36m21s size=1.32MiB
INFO [06-03|23:04:42.453] Imported new block receipts              count=4    elapsed=14.599ms    number=12562350 hash="5e8d15…216b99" age=7h35m25s size=455.36KiB
INFO [06-03|23:04:42.667] Imported new block receipts              count=38   elapsed=118.706ms   number=12562388 hash="47e459…013127" age=7h25m3s  size=4.17MiB
INFO [06-03|23:04:43.618] Initializing state bloom                 items=350945319 errorrate=0.000 elapsed=46m27.982s
INFO [06-03|23:04:43.991] Imported new block headers               count=130  elapsed=630.321ms   number=12564375 hash="7de695…25e64e" age=1m30s
INFO [06-03|23:04:51.618] Initializing state bloom                 items=350984400 errorrate=0.000 elapsed=46m35.983s
WARN [06-03|23:04:55.245] Dropping unsynced node during sync       id=916ac52bc5192159 conn=inbound addr=213.31.124.180:16562  type=Geth/v1.10.3-stable-...
INFO [06-03|23:04:55.943] Imported new block headers               count=1    elapsed=6.046ms     number=12564376 hash="853088…92c1c4" age=1m6s
ERROR[06-03|23:04:56.583] Ethereum peer removal failed             peer=263e3aae err="peer not registered"
INFO [06-03|23:04:56.623] Downloader queue stats                   receiptTasks=1677 blockTasks=1727 itemSize=241.53KiB throttle=272
INFO [06-03|23:04:57.875] Imported new block receipts              count=261  elapsed=1.248s      number=12562649 hash="4b879f…f1dcfd" age=6h23m44s size=27.83MiB
INFO [06-03|23:04:58.425] Imported new block receipts              count=97   elapsed=545.284ms   number=12562746 hash="bed631…2b23aa" age=6h1m11s  size=10.19MiB
INFO [06-03|23:04:58.686] Imported new block receipts              count=40   elapsed=259.663ms   number=12562786 hash="6f0c31…e96a93" age=5h53m39s size=4.22MiB
INFO [06-03|23:04:58.866] Imported new block receipts              count=4    elapsed=14.526ms    number=12562790 hash="da1066…978a89" age=5h52m6s  size=481.55KiB
INFO [06-03|23:04:59.620] Initializing state bloom                 items=351022528 errorrate=0.000 elapsed=46m43.984s
WARN [06-03|23:05:01.326] Stalling state sync, dropping peer       peer=9d7f1eb241cde6712b8432dc05101047db199a4ef9c72899cb16d9cf33e6d4a9
ERROR[06-03|23:05:01.326] Ethereum peer removal failed             peer=9d7f1eb2 err="peer not registered"
INFO [06-03|23:05:03.439] Imported new state entries               count=0    elapsed="6.9µs"     processed=993923545 pending=273    trieretry=5    coderetry=0 duplicate=0 unexpected=2975
INFO [06-03|23:05:03.497] Imported new block receipts              count=221  elapsed=2.087s      number=12563011 hash="d4259c…e6e91f" age=5h4m49s  size=23.92MiB
INFO [06-03|23:05:04.955] Imported new block receipts              count=140  elapsed=1.445s      number=12563151 hash="12ca57…7a7cbe" age=4h32m45s size=15.12MiB
INFO [06-03|23:05:06.225] Imported new block receipts              count=113  elapsed=1.252s      number=12563264 hash="4a78f8…c7d63a" age=4h6m46s  size=12.43MiB
INFO [06-03|23:05:06.630] Imported new state entries               count=0    elapsed="9.8µs"     processed=993923545 pending=1297   trieretry=2    coderetry=0 duplicate=0 unexpected=2977
INFO [06-03|23:05:07.293] Imported new block receipts              count=113  elapsed=1.062s      number=12563377 hash="2dd1be…35da89" age=3h41m36s size=12.60MiB
INFO [06-03|23:05:07.686] Initializing state bloom                 items=351051989 errorrate=0.000 elapsed=46m52.050s
INFO [06-03|23:05:07.871] Imported new block receipts              count=79   elapsed=574.758ms   number=12563456 hash="178bd5…ef5f47" age=3h26m4s  size=8.47MiB
INFO [06-03|23:05:08.130] Imported new block receipts              count=36   elapsed=256.978ms   number=12563492 hash="029649…04cf89" age=3h17m23s size=3.94MiB
INFO [06-03|23:05:08.200] Imported new block receipts              count=19   elapsed=69.505ms    number=12563511 hash="b23e17…5412d5" age=3h13m20s size=2.04MiB
INFO [06-03|23:05:08.390] Imported new block receipts              count=18   elapsed=60.836ms    number=12563529 hash="068ad3…47d3dc" age=3h8m50s  size=1.97MiB
INFO [06-03|23:05:08.803] Imported new block receipts              count=59   elapsed=278.109ms   number=12563588 hash="5ad6e7…177383" age=2h53m43s size=6.51MiB
INFO [06-03|23:05:08.899] Imported new block receipts              count=19   elapsed=74.772ms    number=12563607 hash="71f023…2d650f" age=2h48m9s  size=2.09MiB
INFO [06-03|23:05:09.199] Imported new block receipts              count=19   elapsed=160.244ms   number=12563626 hash="16ac64…a99128" age=2h43m32s size=2.09MiB
INFO [06-03|23:05:10.133] Imported new block receipts              count=83   elapsed=885.821ms   number=12563709 hash="e1dba0…95840f" age=2h25m28s size=8.72MiB
INFO [06-03|23:05:10.250] Imported new block receipts              count=21   elapsed=116.468ms   number=12563730 hash="5d27cd…3304cc" age=2h20m26s size=2.14MiB
INFO [06-03|23:05:10.591] Imported new block receipts              count=39   elapsed=110.285ms   number=12563769 hash="75836e…25ab12" age=2h11m58s size=4.31MiB
INFO [06-03|23:05:11.199] Imported new block receipts              count=129  elapsed=528.642ms   number=12563898 hash="3125a5…17354c" age=1h42m4s  size=14.15MiB
INFO [06-03|23:05:11.521] Imported new block receipts              count=19   elapsed=91.564ms    number=12563917 hash="cf213d…e83929" age=1h37m49s size=2.25MiB
INFO [06-03|23:05:11.800] Imported new block receipts              count=34   elapsed=212.844ms   number=12563951 hash="61c41a…8be27a" age=1h30m5s  size=3.79MiB
INFO [06-03|23:05:12.717] Imported new block receipts              count=173  elapsed=882.508ms   number=12564124 hash="98a293…458c37" age=53m43s   size=18.65MiB
INFO [06-03|23:05:12.940] Imported new block receipts              count=102  elapsed=219.682ms   number=12564226 hash="6195f3…da6b95" age=35m34s   size=9.88MiB
INFO [06-03|23:05:13.159] Imported new block receipts              count=18   elapsed=48.765ms    number=12564244 hash="c29267…f76db2" age=30m32s   size=2.08MiB
INFO [06-03|23:05:13.287] Imported new block receipts              count=21   elapsed=59.646ms    number=12564265 hash="a2553d…8c6c01" age=26m14s   size=2.24MiB
INFO [06-03|23:05:13.397] Imported new block receipts              count=20   elapsed=63.192ms    number=12564285 hash="a4ffa7…bf61bd" age=22m3s    size=2.24MiB
INFO [06-03|23:05:13.585] Imported new block receipts              count=22   elapsed=106.226ms   number=12564307 hash="5ae880…099ab2" age=17m3s    size=2.32MiB
INFO [06-03|23:05:13.623] Imported new block receipts              count=3    elapsed=6.992ms     number=12564310 hash="4a9c6e…5ae96f" age=16m12s   size=330.84KiB
INFO [06-03|23:05:15.697] Initializing state bloom                 items=351058903 errorrate=0.000 elapsed=47m0.061s
INFO [06-03|23:05:17.810] Imported new state entries               count=197  elapsed="3.7µs"     processed=993923742 pending=3141   trieretry=2    coderetry=0 duplicate=0 unexpected=2977
INFO [06-03|23:05:19.404] Imported new state entries               count=38   elapsed="3.4µs"     processed=993923780 pending=3743   trieretry=0    coderetry=0 duplicate=0 unexpected=2977
ERROR[06-03|23:05:22.694] Ethereum peer removal failed             peer=98c4b91a err="peer not registered"
INFO [06-03|23:05:23.697] Initializing state bloom                 items=351081455 errorrate=0.000 elapsed=47m8.062s
INFO [06-03|23:05:26.050] Imported new state entries               count=273  elapsed="3.1µs"     processed=993924053 pending=4369   trieretry=0    coderetry=0 duplicate=0 unexpected=2977
WARN [06-03|23:05:26.052] Synchronisation failed, dropping peer    peer=98c4b91a0060ad26d05f9efdd023f478fb6a717cfb3d67c4f0c3d0a023b8d0a4 err="action from bad peer ignored: header request timed out"
ERROR[06-03|23:05:26.053] Ethereum peer removal failed             peer=98c4b91a err="peer not registered"
INFO [06-03|23:05:31.698] Initializing state bloom                 items=351117219 errorrate=0.000 elapsed=47m16.062s
INFO [06-03|23:05:37.556] Disabling direct-ancient mode            origin=12564310 ancient=12359074
INFO [06-03|23:05:38.238] Imported new block headers               count=3    elapsed=431.581ms   number=12564379 hash="f344f1…b213de" ignored=66
INFO [06-03|23:05:38.680] Imported new state entries               count=0    elapsed="6.4µs"     processed=993924053 pending=305    trieretry=2    coderetry=0 duplicate=0 unexpected=2979
INFO [06-03|23:05:38.697] Imported new block receipts              count=4    elapsed=100.717ms   number=12564314 hash="9ad411…79e683" age=15m48s   size=465.68KiB
INFO [06-03|23:05:38.709] Imported new state entries               count=21   elapsed="2.7µs"     processed=993924074 pending=337    trieretry=0    coderetry=0 duplicate=0 unexpected=2979
INFO [06-03|23:05:39.701] Initializing state bloom                 items=351156746 errorrate=0.000 elapsed=47m24.065s
ERROR[06-03|23:05:44.484] Ethereum peer removal failed             peer=293f9dcd err="peer not registered"
ERROR[06-03|23:05:44.484] Ethereum peer removal failed             peer=e26ee76c err="peer not registered"
ERROR[06-03|23:05:44.484] Ethereum peer removal failed             peer=715d3645 err="peer not registered"
INFO [06-03|23:05:47.701] Initializing state bloom                 items=351189706 errorrate=0.000 elapsed=47m32.065s
INFO [06-03|23:05:48.693] Looking for peers                        peercount=33 tried=4 static=0
INFO [06-03|23:05:49.311] Imported new state entries               count=273  elapsed="5.1µs"     processed=993924347 pending=4369   trieretry=0    coderetry=0 duplicate=0 unexpected=2979
INFO [06-03|23:05:49.312] Imported new state entries               count=0    elapsed="9.501µs"   processed=993924347 pending=4369   trieretry=2    coderetry=0 duplicate=0 unexpected=2981
WARN [06-03|23:05:52.652] Dropping unsynced node during sync       id=144dba2d6b03ad38 conn=inbound addr=47.94.242.18:56014    type=
INFO [06-03|23:05:55.701] Initializing state bloom                 items=351210984 errorrate=0.000 elapsed=47m40.065s
INFO [06-03|23:05:57.943] Imported new block headers               count=2    elapsed=8.052ms     number=12564381 hash="1d264b…23a465"
INFO [06-03|23:05:58.182] Downloader queue stats                   receiptTasks=0    blockTasks=0    itemSize=250.12KiB throttle=263
INFO [06-03|23:05:58.693] Looking for peers                        peercount=34 tried=5 static=0
INFO [06-03|23:05:58.858] Imported new state entries               count=267  elapsed="3.5µs"     processed=993924614 pending=8641   trieretry=0    coderetry=0 duplicate=0 unexpected=2981
INFO [06-03|23:05:59.105] Imported new state entries               count=0    elapsed="8.9µs"     processed=993924614 pending=8769   trieretry=2    coderetry=0 duplicate=0 unexpected=2983
INFO [06-03|23:06:03.703] Initializing state bloom                 items=351231367 errorrate=0.000 elapsed=47m48.068s
INFO [06-03|23:06:04.820] Imported new block headers               count=1    elapsed=9.030ms     number=12564382 hash="c026ec…751e92"
INFO [06-03|23:06:08.705] Looking for peers                        peercount=35 tried=2 static=0
INFO [06-03|23:06:09.818] Imported new state entries               count=422  elapsed="3.4µs"     processed=993925036 pending=14345  trieretry=0    coderetry=0 duplicate=0 unexpected=2983
INFO [06-03|23:06:11.705] Initializing state bloom                 items=351251495 errorrate=0.000 elapsed=47m56.069s
WARN [06-03|23:06:14.913] Stalling state sync, dropping peer       peer=45a99bfba092587229c07f65c1dee043255028121fa911ab3a74878ac8b18937
WARN [06-03|23:06:14.914] Stalling state sync, dropping peer       peer=573ab45a0f04b817f428677052ebc536fcdb228b0e378f4f404cf186a48d85fc
WARN [06-03|23:06:14.914] Stalling state sync, dropping peer       peer=50813ce2d8d0abb91c105943371fa430529caa1b48ac14f3c4dca9996b31706d
INFO [06-03|23:06:14.914] Imported new state entries               count=175  elapsed="3.5µs"     processed=993925211 pending=17143  trieretry=12   coderetry=0 duplicate=0 unexpected=2983
ERROR[06-03|23:06:14.914] Ethereum peer removal failed             peer=45a99bfb err="peer not registered"
WARN [06-03|23:06:14.914] Rewinding blockchain                     target=12562333
ERROR[06-03|23:06:14.917] Ethereum peer removal failed             peer=573ab45a err="peer not registered"
ERROR[06-03|23:06:14.917] Ethereum peer removal failed             peer=50813ce2 err="peer not registered"
INFO [06-03|23:06:17.054] Loaded most recent local header          number=12562333 hash="aa3195…2bc5a2" td=25690567402399584117535 age=7h42m15s
INFO [06-03|23:06:17.054] Loaded most recent local full block      number=0        hash="d4e567…cb8fa3" td=17179869184             age=52y2mo1d
INFO [06-03|23:06:17.054] Loaded most recent local fast block      number=12562333 hash="aa3195…2bc5a2" td=25690567402399584117535 age=7h42m15s
INFO [06-03|23:06:17.055] Loaded last fast-sync pivot marker       number=12564315
WARN [06-03|23:06:17.055] Rolled back chain segment                header=12564382->12562333 fast=12564314->12562333 block=0->0 reason="syncing canceled (requested)"
WARN [06-03|23:06:17.055] Synchronisation failed, dropping peer    peer=50813ce2d8d0abb91c105943371fa430529caa1b48ac14f3c4dca9996b31706d err=timeout
ERROR[06-03|23:06:17.057] Ethereum peer removal failed             peer=50813ce2 err="peer not registered"
INFO [06-03|23:06:18.707] Looking for peers                        peercount=32 tried=6 static=0
INFO [06-03|23:06:19.709] Initializing state bloom                 items=351284625 errorrate=0.000 elapsed=48m4.074s
INFO [06-03|23:06:23.366] Disabling direct-ancient mode            origin=12562333 ancient=12359074
INFO [06-03|23:06:24.021] Imported new state entries               count=0    elapsed="4.7µs"     processed=993925211 pending=337    trieretry=4    coderetry=0 duplicate=0 unexpected=2985
INFO [06-03|23:06:24.921] Imported new block headers               count=192  elapsed=15.611ms    number=12562525 hash="505dcd…485d0c" age=6h52m23s
INFO [06-03|23:06:24.924] Imported new block receipts              count=1    elapsed="326.901µs" number=12562334 hash="d9cc27…06bbad" age=7h41m57s size=4.00B
INFO [06-03|23:06:25.075] Imported new block headers               count=192  elapsed=48.191ms    number=12562717 hash="65e93b…b15248" age=6h9m54s
INFO [06-03|23:06:25.758] Imported new block headers               count=384  elapsed=78.008ms    number=12563101 hash="26e5ae…fdcbb0" age=4h46m30s
INFO [06-03|23:06:25.890] Imported new block headers               count=192  elapsed=22.993ms    number=12563293 hash="5b6c92…17cba2" age=4h2m18s
INFO [06-03|23:06:26.188] Imported new block receipts              count=4    elapsed=159.724ms   number=12562338 hash="2593b7…5443e1" age=7h41m7s  size=444.51KiB
INFO [06-03|23:06:26.411] Imported new block receipts              count=12   elapsed=221.361ms   number=12562350 hash="5e8d15…216b99" age=7h37m9s  size=1.33MiB
INFO [06-03|23:06:26.459] Imported new block receipts              count=2    elapsed=47.957ms    number=12562352 hash="b3f116…e404a6" age=7h36m48s size=229.13KiB
INFO [06-03|23:06:26.614] Imported new block headers               count=192  elapsed=40.025ms    number=12563485 hash="6fae6d…5f1736" age=3h20m10s
INFO [06-03|23:06:27.045] Imported new state entries               count=194  elapsed="2.7µs"     processed=993925405 pending=3092   trieretry=0    coderetry=0 duplicate=0 unexpected=2985
INFO [06-03|23:06:27.157] Imported new block headers               count=768  elapsed=174.040ms   number=12564253 hash="26fe9d…f64e01" age=30m7s
INFO [06-03|23:06:27.185] Imported new state entries               count=0    elapsed="7.7µs"     processed=993925405 pending=3252   trieretry=4    coderetry=0 duplicate=0 unexpected=2987
INFO [06-03|23:06:27.787] Initializing state bloom                 items=351315709 errorrate=0.000 elapsed=48m12.151s
INFO [06-03|23:06:28.728] Looking for peers                        peercount=32 tried=2 static=0
INFO [06-03|23:06:30.821] Imported new block headers               count=130  elapsed=661.539ms   number=12564383 hash="f84bcb…64462a"
INFO [06-03|23:06:31.922] Imported new block receipts              count=266  elapsed=4.399s      number=12562618 hash="5d878f…0c6ed6" age=6h32m9s  size=28.38MiB
ERROR[06-03|23:06:33.772] Ethereum peer removal failed             peer=c8aeda4b err="peer not registered"
INFO [06-03|23:06:35.105] Imported new block receipts              count=154  elapsed=3.177s      number=12562772 hash="517acc…b92146" age=5h57m25s size=16.28MiB
INFO [06-03|23:06:35.802] Initializing state bloom                 items=351344550 errorrate=0.000 elapsed=48m20.166s
INFO [06-03|23:06:38.707] Imported new block receipts              count=280  elapsed=3.584s      number=12563052 hash="3280c7…0894fa" age=4h59m35s size=30.28MiB
INFO [06-03|23:06:38.739] Looking for peers                        peercount=29 tried=3 static=0
INFO [06-03|23:06:40.848] Imported new block receipts              count=230  elapsed=2.115s      number=12563282 hash="4cc1fd…36b722" age=4h5m57s  size=25.17MiB
INFO [06-03|23:06:43.923] Initializing state bloom                 items=351353000 errorrate=0.000 elapsed=48m28.287s
ERROR[06-03|23:06:46.055] Ethereum peer removal failed             peer=e8c20590 err="peer not registered"
WARN [06-03|23:06:46.055] Rewinding blockchain                     target=12562334
INFO [06-03|23:06:47.369] Imported new state entries               count=396  elapsed="1.6µs"     processed=993925801 pending=4896   trieretry=0    coderetry=0 duplicate=0 unexpected=2987
INFO [06-03|23:06:48.176] Loaded most recent local header          number=12562334 hash="d9cc27…06bbad" td=25690575110992589660381 age=7h42m21s
INFO [06-03|23:06:48.177] Loaded most recent local full block      number=0        hash="d4e567…cb8fa3" td=17179869184             age=52y2mo1d
INFO [06-03|23:06:48.177] Loaded most recent local fast block      number=12562334 hash="d9cc27…06bbad" td=25690575110992589660381 age=7h42m21s
INFO [06-03|23:06:48.177] Loaded last fast-sync pivot marker       number=12564320
WARN [06-03|23:06:48.177] Rolled back chain segment                header=12564383->12562334 fast=12563282->12562334 block=0->0 reason=nil
INFO [06-03|23:06:48.177] Imported new block receipts              count=280  elapsed=4.331s      number=12563562 hash="f59e79…0d47e7" age=3h3m12s  size=30.61MiB
WARN [06-03|23:06:48.182] Synchronisation failed, dropping peer    peer=e8c205909d618eaf346b28f5ba9e86ab2e13176c1fabe376d456b53b8f30d8c0 err="action from bad peer ignored: header request timed out"
ERROR[06-03|23:06:48.182] Ethereum peer removal failed             peer=e8c20590 err="peer not registered"
INFO [06-03|23:06:48.741] Looking for peers                        peercount=29 tried=5 static=0
INFO [06-03|23:06:51.923] Initializing state bloom                 items=351381758 errorrate=0.000 elapsed=48m36.287s
WARN [06-03|23:06:53.006] Dropping unsynced node during sync       id=9e15c6b9ef3de5d8 conn=inbound addr=18.139.172.134:26863  type=OpenEthereum/v3.2.6-...
INFO [06-03|23:06:53.076] Disabling direct-ancient mode            origin=12562334 ancient=12359074
INFO [06-03|23:06:54.126] Imported new block headers               count=1344 elapsed=126.739ms   number=12563678 hash="9e1276…93873d" age=2h34m25s
INFO [06-03|23:06:54.677] Imported new block headers               count=192  elapsed=109.927ms   number=12563870 hash="bb836c…f2a183" age=1h50m2s
INFO [06-03|23:06:55.399] Imported new block receipts              count=4    elapsed=73.745ms    number=12562338 hash="2593b7…5443e1" age=7h41m36s size=444.51KiB
INFO [06-03|23:06:56.557] Imported new block receipts              count=18   elapsed=357.409ms   number=12562356 hash="ed282d…4510d8" age=7h36m24s size=1.96MiB
INFO [06-03|23:06:57.957] Imported new block receipts              count=126  elapsed=1.307s      number=12562482 hash="623fdc…47d2bf" age=7h1m56s  size=13.75MiB
INFO [06-03|23:06:58.751] Looking for peers                        peercount=29 tried=4 static=0
INFO [06-03|23:06:59.536] Imported new block receipts              count=181  elapsed=1.572s      number=12562663 hash="0e6589…e76a78" age=6h21m13s size=19.12MiB
INFO [06-03|23:06:59.538] Downloader queue stats                   receiptTasks=931  blockTasks=935  itemSize=231.68KiB throttle=283
INFO [06-03|23:06:59.933] Initializing state bloom                 items=351405074 errorrate=0.000 elapsed=48m44.297s
INFO [06-03|23:07:00.161] Imported new block receipts              count=72   elapsed=621.813ms   number=12562735 hash="b01fc5…3c8a9e" age=6h5m28s  size=7.57MiB
ERROR[06-03|23:07:00.264] Ethereum peer removal failed             peer=5ab558cb err="peer not registered"
INFO [06-03|23:07:00.383] Imported new block headers               count=384  elapsed=49.625ms    number=12564254 hash="27926c…b75bc5" age=30m30s
WARN [06-03|23:07:01.647] Dropping unsynced node during sync       id=284afbde1fce0eca conn=inbound addr=185.219.37.2:49160    type=OpenEthereum/v3.2.6-...
INFO [06-03|23:07:05.461] Imported new block headers               count=131  elapsed=1.302s      number=12564385 hash="f739d9…274403" age=1m5s
INFO [06-03|23:07:07.376] Imported new block receipts              count=283  elapsed=4.103s      number=12563018 hash="678c2d…173931" age=5h5m46s  size=30.49MiB
INFO [06-03|23:07:07.942] Initializing state bloom                 items=351432928 errorrate=0.000 elapsed=48m52.306s
INFO [06-03|23:07:08.776] Looking for peers                        peercount=27 tried=4 static=0
ERROR[06-03|23:07:09.582] Ethereum peer removal failed             peer=34e1e8b6 err="peer not registered"
WARN [06-03|23:07:09.855] Dropping unsynced node during sync       id=496aef249384e68c conn=inbound addr=173.24.209.48:39178   type=Geth/v1.10.4-unstabl...
INFO [06-03|23:07:10.260] Imported new block receipts              count=268  elapsed=2.864s      number=12563286 hash="755826…94b695" age=4h4m52s  size=29.22MiB
INFO [06-03|23:07:11.562] Imported new block headers               count=1    elapsed=6.906ms     number=12564386 hash="2252d7…93073f"
INFO [06-03|23:07:13.225] Imported new state entries               count=571  elapsed="3.5µs"     processed=993926372 pending=4541   trieretry=0    coderetry=0 duplicate=0 unexpected=2987
INFO [06-03|23:07:13.818] Imported new block receipts              count=240  elapsed=3.530s      number=12563526 hash="42adf1…e495e8" age=3h11m12s size=26.27MiB
INFO [06-03|23:07:15.939] Imported new block receipts              count=257  elapsed=2.112s      number=12563783 hash="b791ba…c58396" age=2h10m47s size=27.78MiB
INFO [06-03|23:07:15.958] Initializing state bloom                 items=351455899 errorrate=0.000 elapsed=49m0.322s
INFO [06-03|23:07:16.372] Imported new block receipts              count=93   elapsed=429.985ms   number=12563876 hash="238df7…d3f4f8" age=1h48m22s size=10.20MiB
INFO [06-03|23:07:16.440] Imported new block receipts              count=20   elapsed=67.792ms    number=12563896 hash="f9a750…2f073a" age=1h44m23s size=2.14MiB
INFO [06-03|23:07:16.642] Imported new block receipts              count=19   elapsed=84.654ms    number=12563915 hash="8fb63e…aeb89d" age=1h40m51s size=2.23MiB
INFO [06-03|23:07:16.830] Imported new block receipts              count=17   elapsed=64.925ms    number=12563932 hash="331c48…30c3a7" age=1h36m29s size=1.92MiB
INFO [06-03|23:07:17.659] Imported new block receipts              count=159  elapsed=710.206ms   number=12564091 hash="664448…62d1f1" age=1h5m20s  size=16.99MiB
INFO [06-03|23:07:18.777] Looking for peers                        peercount=26 tried=3 static=0
INFO [06-03|23:07:21.407] Imported new block receipts              count=230  elapsed=1.600s      number=12564321 hash="33e59a…2d52db" age=16m37s   size=23.98MiB
INFO [06-03|23:07:23.959] Initializing state bloom                 items=351471487 errorrate=0.000 elapsed=49m8.323s
INFO [06-03|23:07:28.778] Looking for peers                        peercount=26 tried=5 static=0
INFO [06-03|23:07:29.661] Imported new state entries               count=352  elapsed="3µs"       processed=993926724 pending=5953   trieretry=0    coderetry=0 duplicate=0 unexpected=2987
INFO [06-03|23:07:31.965] Initializing state bloom                 items=351499862 errorrate=0.000 elapsed=49m16.329s