INFO [05-09|14:25:14.612] Imported new block headers               count=1    elapsed=5.884ms     number=12400669 hash="04b36d…cef872"
INFO [05-09|14:25:15.856] Imported new state entries               count=1536 elapsed=10.445ms    processed=573102613 pending=141813 trieretry=0    coderetry=0 duplicate=0 unexpected=3274
INFO [05-09|14:25:19.832] Imported new state entries               count=770  elapsed=6.740ms     processed=573103383 pending=141003 trieretry=0    coderetry=0 duplicate=0 unexpected=3274
INFO [05-09|14:25:23.855] Imported new state entries               count=768  elapsed=8.324ms     processed=573104151 pending=140173 trieretry=0    coderetry=0 duplicate=0 unexpected=3274
INFO [05-09|14:25:23.946] Imported new block headers               count=1    elapsed=6.495ms     number=12400670 hash="b81be4…fb0fc0"
WARN [05-09|14:25:28.083] Dropping unsynced node during sync       id=8a5178fa92553794 conn=inbound addr=162.55.80.254:35370   type=OpenEthereum/v3.2.5-...
INFO [05-09|14:25:28.965] Imported new state entries               count=768  elapsed=6.733ms     processed=573104919 pending=139676 trieretry=0    coderetry=0 duplicate=0 unexpected=3274
INFO [05-09|14:25:30.194] Imported new block headers               count=1    elapsed=5.701ms     number=12400671 hash="909d78…26cfce"
INFO [05-09|14:25:32.265] Imported new state entries               count=384  elapsed=2.777ms     processed=573105303 pending=139650 trieretry=0    coderetry=0 duplicate=0 unexpected=3274
INFO [05-09|14:25:36.325] Imported new state entries               count=768  elapsed=5.161ms     processed=573106071 pending=139315 trieretry=0    coderetry=0 duplicate=0 unexpected=3274
INFO [05-09|14:25:39.269] Imported new state entries               count=768  elapsed=6.938ms     processed=573106839 pending=138732 trieretry=0    coderetry=0 duplicate=0 unexpected=3274
INFO [05-09|14:25:42.227] Imported new state entries               count=0    elapsed="8.7µs"     processed=573106839 pending=138014 trieretry=2    coderetry=0 duplicate=0 unexpected=3276
INFO [05-09|14:25:42.610] Imported new block headers               count=1    elapsed=7.456ms     number=12400672 hash="a2c783…fb4241"
INFO [05-09|14:25:42.791] Downloader queue stats                   receiptTasks=0 blockTasks=0 itemSize=271.31KiB throttle=242
INFO [05-09|14:25:44.137] Imported new state entries               count=1158 elapsed=9.404ms     processed=573107997 pending=137367 trieretry=0    coderetry=0 duplicate=0 unexpected=3276
INFO [05-09|14:25:48.620] Imported new state entries               count=1152 elapsed=5.761ms     processed=573109149 pending=137096 trieretry=0    coderetry=0 duplicate=0 unexpected=3276
INFO [05-09|14:25:52.355] Imported new state entries               count=793  elapsed=1.857ms     processed=573109942 pending=137515 trieretry=2    coderetry=0 duplicate=0 unexpected=3276
INFO [05-09|14:25:55.024] Imported new block headers               count=1    elapsed=6.543ms     number=12400673 hash="06666c…79dba1"
INFO [05-09|14:25:55.772] Imported new state entries               count=768  elapsed=2.184ms     processed=573110710 pending=137801 trieretry=0    coderetry=0 duplicate=0 unexpected=3276
INFO [05-09|14:25:58.188] Imported new block headers               count=1    elapsed=6.015ms     number=12400674 hash="27b91e…3f4c4a"
INFO [05-09|14:25:59.621] Imported new state entries               count=1152 elapsed=6.564ms     processed=573111862 pending=137199 trieretry=4    coderetry=0 duplicate=0 unexpected=3276
INFO [05-09|14:26:01.354] Imported new block headers               count=1    elapsed=6.080ms     number=12400675 hash="503bf4…63b9a3"
INFO [05-09|14:26:03.724] Imported new state entries               count=768  elapsed=5.721ms     processed=573112630 pending=136954 trieretry=0    coderetry=0 duplicate=0 unexpected=3276
INFO [05-09|14:26:04.520] Imported new block headers               count=1    elapsed=6.039ms     number=12400676 hash="d8b8ab…6e6086"
INFO [05-09|14:26:06.207] Imported new state entries               count=1536 elapsed=29.518ms    processed=573114166 pending=133953 trieretry=0    coderetry=0 duplicate=0 unexpected=3276
WARN [05-09|14:26:06.209] Stalling state sync, dropping peer       peer=2df3117a8b10a3d020bae52f0300bb646f43f1756b2c8bb2643cfe42b5d4c71c
ERROR[05-09|14:26:06.209] Ethereum peer removal failed             peer=2df3117a err="peer not registered"
INFO [05-09|14:26:09.388] Imported new state entries               count=770  elapsed=2.260ms     processed=573114936 pending=134199 trieretry=0    coderetry=0 duplicate=0 unexpected=3276
INFO [05-09|14:26:12.343] Imported new state entries               count=768  elapsed=2.516ms     processed=573115704 pending=134301 trieretry=0    coderetry=0 duplicate=0 unexpected=3276
INFO [05-09|14:26:15.687] Imported new state entries               count=768  elapsed=2.640ms     processed=573116472 pending=134556 trieretry=0    coderetry=0 duplicate=0 unexpected=3276
INFO [05-09|14:26:18.828] Imported new state entries               count=768  elapsed=2.817ms     processed=573117240 pending=134645 trieretry=0    coderetry=0 duplicate=0 unexpected=3276
INFO [05-09|14:26:20.017] Imported new block headers               count=1    elapsed=5.954ms     number=12400677 hash="5bff73…6ee134"
INFO [05-09|14:26:21.959] Imported new state entries               count=1152 elapsed=8.272ms     processed=573118392 pending=133815 trieretry=0    coderetry=0 duplicate=0 unexpected=3276
INFO [05-09|14:26:22.869] Imported new state entries               count=0    elapsed="21.001µs"  processed=573118392 pending=133387 trieretry=2    coderetry=0 duplicate=0 unexpected=3278
INFO [05-09|14:26:26.673] Imported new state entries               count=1160 elapsed=9.887ms     processed=573119552 pending=132321 trieretry=0    coderetry=0 duplicate=0 unexpected=3278
INFO [05-09|14:26:32.434] Imported new block headers               count=1    elapsed=6.911ms     number=12400678 hash="aef859…69ca67"
INFO [05-09|14:26:32.799] Imported new state entries               count=1152 elapsed=7.284ms     processed=573120704 pending=131552 trieretry=0    coderetry=0 duplicate=0 unexpected=3278
WARN [05-09|14:26:32.821] Pivot became stale, moving               old=12400552 new=12400616
INFO [05-09|14:26:33.025] Imported new block receipts              count=64   elapsed=202.085ms   number=12400615 hash="1dc0cf…2198c6" age=17m6s    size=7.23MiB
INFO [05-09|14:26:33.033] Imported new state entries               count=384  elapsed=3.323ms     processed=573121088 pending=131062 trieretry=0    coderetry=0 duplicate=0 unexpected=3278
INFO [05-09|14:26:33.216] Imported new state entries               count=273  elapsed="3.2µs"     processed=573121361 pending=4351   trieretry=0    coderetry=0 duplicate=0 unexpected=3278
INFO [05-09|14:26:33.948] Imported new state entries               count=384  elapsed="3µs"       processed=573121745 pending=5778   trieretry=0    coderetry=0 duplicate=0 unexpected=3278
INFO [05-09|14:26:34.543] Imported new state entries               count=384  elapsed="2.7µs"     processed=573122129 pending=7242   trieretry=0    coderetry=0 duplicate=0 unexpected=3278
INFO [05-09|14:26:34.661] Imported new state entries               count=384  elapsed="3.4µs"     processed=573122513 pending=12936  trieretry=0    coderetry=0 duplicate=0 unexpected=3278
INFO [05-09|14:26:35.001] Imported new state entries               count=384  elapsed="2.3µs"     processed=573122897 pending=16740  trieretry=0    coderetry=0 duplicate=0 unexpected=3278
INFO [05-09|14:26:35.536] Imported new state entries               count=384  elapsed="2.4µs"     processed=573123281 pending=18323  trieretry=0    coderetry=0 duplicate=0 unexpected=3278
INFO [05-09|14:26:36.062] Imported new state entries               count=384  elapsed="2.9µs"     processed=573123665 pending=20765  trieretry=0    coderetry=0 duplicate=0 unexpected=3278
INFO [05-09|14:26:36.344] Imported new state entries               count=384  elapsed="2.2µs"     processed=573124049 pending=25805  trieretry=0    coderetry=0 duplicate=0 unexpected=3278
INFO [05-09|14:26:36.829] Imported new state entries               count=384  elapsed="3.5µs"     processed=573124433 pending=30029  trieretry=0    coderetry=0 duplicate=0 unexpected=3278
INFO [05-09|14:26:36.840] Imported new state entries               count=238  elapsed="1.5µs"     processed=573124671 pending=33825  trieretry=0    coderetry=0 duplicate=0 unexpected=3278
INFO [05-09|14:26:36.860] Imported new state entries               count=384  elapsed="1.6µs"     processed=573125055 pending=39936  trieretry=0    coderetry=0 duplicate=0 unexpected=3278
INFO [05-09|14:26:36.870] Imported new state entries               count=384  elapsed="1.6µs"     processed=573125439 pending=46078  trieretry=0    coderetry=0 duplicate=0 unexpected=3278