INFO [05-09|14:26:41.921] Imported new state entries               count=384  elapsed="2.4µs"     processed=573125823 pending=46518  trieretry=0    coderetry=0 duplicate=0 unexpected=3278
INFO [05-09|14:26:45.231] Imported new state entries               count=275  elapsed="2.9µs"     processed=573126098 pending=46829  trieretry=0    coderetry=0 duplicate=0 unexpected=3278
INFO [05-09|14:26:49.595] Imported new state entries               count=384  elapsed="2.7µs"     processed=573126482 pending=47268  trieretry=0    coderetry=0 duplicate=0 unexpected=3278
INFO [05-09|14:26:51.020] Imported new block headers               count=1    elapsed=8.387ms     number=12400679 hash="c4b490…0591b5"
INFO [05-09|14:26:51.168] Downloader queue stats                   receiptTasks=0 blockTasks=0 itemSize=270.25KiB throttle=243
INFO [05-09|14:26:54.125] Imported new state entries               count=384  elapsed="2.3µs"     processed=573126866 pending=47704  trieretry=0    coderetry=0 duplicate=0 unexpected=3278
INFO [05-09|14:26:58.204] Imported new state entries               count=384  elapsed="3.8µs"     processed=573127250 pending=48130  trieretry=0    coderetry=0 duplicate=0 unexpected=3278
INFO [05-09|14:27:00.986] Imported new state entries               count=312  elapsed="2.3µs"     processed=573127562 pending=48484  trieretry=0    coderetry=0 duplicate=0 unexpected=3278
INFO [05-09|14:27:03.438] Imported new block headers               count=1    elapsed=7.127ms     number=12400680 hash="cffcb1…d016e9"
INFO [05-09|14:27:07.406] Imported new state entries               count=384  elapsed="2.6µs"     processed=573127946 pending=49411  trieretry=0    coderetry=0 duplicate=0 unexpected=3278
INFO [05-09|14:27:11.350] Imported new state entries               count=384  elapsed="3.8µs"     processed=573128330 pending=49844  trieretry=0    coderetry=0 duplicate=0 unexpected=3278
INFO [05-09|14:27:15.255] Imported new state entries               count=384  elapsed="2.8µs"     processed=573128714 pending=50265  trieretry=0    coderetry=0 duplicate=0 unexpected=3278
INFO [05-09|14:27:15.853] Imported new block headers               count=1    elapsed=6.741ms     number=12400681 hash="a82802…43292f"
INFO [05-09|14:27:21.814] Imported new state entries               count=384  elapsed="3.3µs"     processed=573129098 pending=50942  trieretry=0    coderetry=0 duplicate=0 unexpected=3278
INFO [05-09|14:27:22.104] Imported new block headers               count=1    elapsed=6.580ms     number=12400682 hash="2d5e28…6fe10f"
INFO [05-09|14:27:28.367] Imported new state entries               count=384  elapsed="2.7µs"     processed=573129482 pending=51605  trieretry=0    coderetry=0 duplicate=0 unexpected=3278
INFO [05-09|14:27:31.435] Imported new block headers               count=1    elapsed=6.516ms     number=12400683 hash="6285d0…af6716"
INFO [05-09|14:27:33.943] Imported new state entries               count=384  elapsed="2.6µs"     processed=573129866 pending=53294  trieretry=0    coderetry=0 duplicate=0 unexpected=3278
INFO [05-09|14:27:40.299] Imported new state entries               count=384  elapsed="2.6µs"     processed=573130250 pending=54391  trieretry=0    coderetry=0 duplicate=0 unexpected=3278
INFO [05-09|14:27:45.754] Imported new state entries               count=384  elapsed="2.5µs"     processed=573130634 pending=56809  trieretry=0    coderetry=0 duplicate=0 unexpected=3278
INFO [05-09|14:27:46.003] Imported new state entries               count=384  elapsed="2.2µs"     processed=573131018 pending=62830  trieretry=0    coderetry=0 duplicate=0 unexpected=3278
INFO [05-09|14:27:46.019] Imported new state entries               count=384  elapsed="2.2µs"     processed=573131402 pending=68973  trieretry=0    coderetry=0 duplicate=0 unexpected=3278
INFO [05-09|14:27:46.020] Imported new state entries               count=0    elapsed="7.7µs"     processed=573131402 pending=68973  trieretry=2    coderetry=0 duplicate=0 unexpected=3280
INFO [05-09|14:27:49.164] Imported new state entries               count=384  elapsed="2.6µs"     processed=573131786 pending=69413  trieretry=2    coderetry=0 duplicate=0 unexpected=3280
INFO [05-09|14:27:51.431] Imported new state entries               count=384  elapsed="2.9µs"     processed=573132170 pending=73899  trieretry=0    coderetry=0 duplicate=0 unexpected=3280
INFO [05-09|14:27:51.954] Imported new state entries               count=384  elapsed="3.1µs"     processed=573132554 pending=79691  trieretry=0    coderetry=0 duplicate=0 unexpected=3280
INFO [05-09|14:27:51.966] Imported new state entries               count=384  elapsed="1.3µs"     processed=573132938 pending=85835  trieretry=0    coderetry=0 duplicate=0 unexpected=3280
INFO [05-09|14:27:51.982] Imported new state entries               count=384  elapsed="1.4µs"     processed=573133322 pending=91975  trieretry=0    coderetry=0 duplicate=0 unexpected=3280
INFO [05-09|14:27:51.992] Imported new state entries               count=384  elapsed="1.3µs"     processed=573133706 pending=98118  trieretry=3    coderetry=0 duplicate=0 unexpected=3280
INFO [05-09|14:27:56.167] Imported new state entries               count=384  elapsed="41.4µs"    processed=573134090 pending=98544  trieretry=0    coderetry=0 duplicate=0 unexpected=3280
INFO [05-09|14:27:56.527] Imported new state entries               count=427  elapsed="2.6µs"     processed=573134517 pending=104730 trieretry=0    coderetry=0 duplicate=0 unexpected=3280
INFO [05-09|14:27:59.264] Imported new block headers               count=1    elapsed=8.126ms     number=12400684 hash="472cf8…6df36e"
INFO [05-09|14:28:00.210] Downloader queue stats                   receiptTasks=0 blockTasks=0 itemSize=277.26KiB throttle=237
INFO [05-09|14:28:00.955] Imported new state entries               count=384  elapsed="2.4µs"     processed=573134901 pending=105162 trieretry=0    coderetry=0 duplicate=0 unexpected=3280
INFO [05-09|14:28:02.429] Imported new block headers               count=1    elapsed=7.464ms     number=12400685 hash="e34346…cd20c5"
INFO [05-09|14:28:05.055] Imported new state entries               count=384  elapsed="2.5µs"     processed=573135285 pending=105594 trieretry=0    coderetry=0 duplicate=0 unexpected=3280
INFO [05-09|14:28:08.427] Imported new state entries               count=384  elapsed="2.5µs"     processed=573135669 pending=106068 trieretry=0    coderetry=0 duplicate=0 unexpected=3280
INFO [05-09|14:28:09.099] Imported new block headers               count=1    elapsed=6.218ms     number=12400686 hash="5a9b87…e024ba"
INFO [05-09|14:28:12.654] Imported new state entries               count=384  elapsed="2.5µs"     processed=573136053 pending=106486 trieretry=0    coderetry=0 duplicate=0 unexpected=3280
INFO [05-09|14:28:15.349] Imported new block headers               count=1    elapsed=7.422ms     number=12400687 hash="449801…216c98"
INFO [05-09|14:28:18.062] Imported new state entries               count=384  elapsed="76.901µs"  processed=573136437 pending=106959 trieretry=0    coderetry=0 duplicate=0 unexpected=3280
INFO [05-09|14:28:18.513] Imported new block headers               count=1    elapsed=5.475ms     number=12400688 hash="af955d…6d5773"
INFO [05-09|14:28:23.166] Imported new state entries               count=384  elapsed="2.6µs"     processed=573136821 pending=107475 trieretry=0    coderetry=0 duplicate=0 unexpected=3280
INFO [05-09|14:28:25.575] Imported new state entries               count=318  elapsed="2.8µs"     processed=573137139 pending=110646 trieretry=0    coderetry=0 duplicate=0 unexpected=3280
INFO [05-09|14:28:33.239] Imported new state entries               count=384  elapsed="3.2µs"     processed=573137523 pending=111034 trieretry=0    coderetry=0 duplicate=0 unexpected=3280
INFO [05-09|14:28:40.460] Imported new state entries               count=384  elapsed="2.5µs"     processed=573137907 pending=111429 trieretry=0    coderetry=0 duplicate=0 unexpected=3280
INFO [05-09|14:28:47.194] Imported new state entries               count=384  elapsed="2.4µs"     processed=573138291 pending=111818 trieretry=0    coderetry=0 duplicate=0 unexpected=3280
INFO [05-09|14:28:54.421] Imported new state entries               count=384  elapsed="3.3µs"     processed=573138675 pending=112205 trieretry=0    coderetry=0 duplicate=0 unexpected=3280
INFO [05-09|14:28:55.595] Imported new block headers               count=1    elapsed=6.751ms     number=12400689 hash="30b8dc…a99bcf"
INFO [05-09|14:29:01.851] Imported new state entries               count=384  elapsed="2.4µs"     processed=573139059 pending=112590 trieretry=0    coderetry=0 duplicate=0 unexpected=3280
INFO [05-09|14:29:09.162] Imported new state entries               count=384  elapsed="2.7µs"     processed=573139443 pending=112977 trieretry=0    coderetry=0 duplicate=0 unexpected=3280
INFO [05-09|14:29:17.936] Imported new state entries               count=384  elapsed="3.2µs"     processed=573139827 pending=113398 trieretry=0    coderetry=0 duplicate=0 unexpected=3280
INFO [05-09|14:29:25.342] Imported new state entries               count=384  elapsed="4.4µs"     processed=573140211 pending=113786 trieretry=0    coderetry=0 duplicate=0 unexpected=3280
INFO [05-09|14:29:29.589] Imported new block headers               count=1    elapsed=6.854ms     number=12400690 hash="0149d5…259c3b" age=1m15s
INFO [05-09|14:29:30.262] Downloader queue stats                   receiptTasks=0 blockTasks=0 itemSize=281.61KiB throttle=233
INFO [05-09|14:29:32.638] Imported new state entries               count=384  elapsed="2.4µs"     processed=573140595 pending=114174 trieretry=0    coderetry=0 duplicate=0 unexpected=3280
INFO [05-09|14:29:32.754] Imported new block headers               count=1    elapsed=6.655ms     number=12400691 hash="3da9b2…da5e08" age=1m16s
INFO [05-09|14:29:41.801] Imported new state entries               count=384  elapsed="2.6µs"     processed=573140979 pending=114586 trieretry=0    coderetry=0 duplicate=0 unexpected=3280
INFO [05-09|14:29:45.174] Imported new block headers               count=1    elapsed=7.012ms     number=12400692 hash="617020…98cec0"
INFO [05-09|14:29:51.162] Imported new state entries               count=384  elapsed="3.4µs"     processed=573141363 pending=114991 trieretry=0    coderetry=0 duplicate=0 unexpected=3280
INFO [05-09|14:29:54.503] Imported new block headers               count=1    elapsed=5.883ms     number=12400693 hash="20dec2…cf05d5"
INFO [05-09|14:30:00.798] Imported new state entries               count=384  elapsed="2.3µs"     processed=573141747 pending=115398 trieretry=0    coderetry=0 duplicate=0 unexpected=3280
WARN [05-09|14:30:00.905] Dropping unsynced node during sync       id=b769fbf2148ed347 conn=inbound addr=120.136.123.202:58349 type=OpenEthereum/v3.2.0-...
INFO [05-09|14:30:06.918] Imported new block headers               count=1    elapsed=5.924ms     number=12400694 hash="b0aa7b…d01220"
INFO [05-09|14:30:10.308] Imported new state entries               count=384  elapsed="2.5µs"     processed=573142131 pending=115800 trieretry=0    coderetry=0 duplicate=0 unexpected=3280
INFO [05-09|14:30:10.310] Imported new state entries               count=0    elapsed="8.6µs"     processed=573142131 pending=115800 trieretry=2    coderetry=0 duplicate=0 unexpected=3282
INFO [05-09|14:30:19.691] Imported new state entries               count=384  elapsed="3.4µs"     processed=573142515 pending=116192 trieretry=0    coderetry=0 duplicate=0 unexpected=3282
INFO [05-09|14:30:28.587] Imported new block headers               count=1    elapsed=7.008ms     number=12400695 hash="97d004…85f173"
INFO [05-09|14:30:29.055] Imported new state entries               count=384  elapsed="2.7µs"     processed=573142899 pending=116588 trieretry=0    coderetry=0 duplicate=0 unexpected=3282
INFO [05-09|14:30:38.399] Imported new state entries               count=384  elapsed="3.1µs"     processed=573143283 pending=116997 trieretry=0    coderetry=0 duplicate=0 unexpected=3282
INFO [05-09|14:30:44.544] Imported new state entries               count=384  elapsed="2.7µs"     processed=573143667 pending=117385 trieretry=2    coderetry=0 duplicate=0 unexpected=3282
INFO [05-09|14:30:53.721] Imported new state entries               count=384  elapsed="2.9µs"     processed=573144051 pending=117847 trieretry=0    coderetry=0 duplicate=0 unexpected=3282
INFO [05-09|14:31:03.101] Imported new state entries               count=384  elapsed="2.5µs"     processed=573144435 pending=118342 trieretry=2    coderetry=0 duplicate=0 unexpected=3282
INFO [05-09|14:31:12.667] Imported new state entries               count=384  elapsed="2.701µs"   processed=573144819 pending=118795 trieretry=0    coderetry=0 duplicate=0 unexpected=3282
INFO [05-09|14:31:21.934] Imported new state entries               count=384  elapsed="3.601µs"   processed=573145203 pending=119278 trieretry=0    coderetry=0 duplicate=0 unexpected=3282
INFO [05-09|14:31:24.172] Imported new block headers               count=1    elapsed=7.395ms     number=12400696 hash="1a82ef…69e8c3" age=1m31s
INFO [05-09|14:31:24.326] Downloader queue stats                   receiptTasks=0 blockTasks=0 itemSize=284.04KiB throttle=231
INFO [05-09|14:31:30.420] Imported new block headers               count=1    elapsed=7.332ms     number=12400697 hash="dbbb49…5cdf6e" age=1m27s
INFO [05-09|14:31:31.548] Imported new state entries               count=384  elapsed="2.4µs"     processed=573145587 pending=119765 trieretry=0    coderetry=0 duplicate=0 unexpected=3282
INFO [05-09|14:31:38.667] Imported new state entries               count=384  elapsed="2.7µs"     processed=573145971 pending=120152 trieretry=0    coderetry=0 duplicate=0 unexpected=3282
INFO [05-09|14:31:39.752] Imported new block headers               count=1    elapsed=6.874ms     number=12400698 hash="9ca108…736309" age=1m19s
INFO [05-09|14:31:48.125] Imported new state entries               count=399  elapsed="3µs"       processed=573146370 pending=120615 trieretry=0    coderetry=0 duplicate=0 unexpected=3282
INFO [05-09|14:31:55.694] Imported new state entries               count=418  elapsed="2.5µs"     processed=573146788 pending=121039 trieretry=0    coderetry=0 duplicate=0 unexpected=3282
INFO [05-09|14:32:02.317] Imported new state entries               count=384  elapsed="2.6µs"     processed=573147172 pending=121424 trieretry=0    coderetry=0 duplicate=0 unexpected=3282
INFO [05-09|14:32:07.581] Imported new block headers               count=1    elapsed=7.757ms     number=12400699 hash="cc0e3f…eb71bf"
INFO [05-09|14:32:07.837] Imported new state entries               count=384  elapsed="2.5µs"     processed=573147556 pending=121812 trieretry=382  coderetry=0 duplicate=0 unexpected=3282