INFO [06-03|23:07:17.659] Imported new block receipts              count=159  elapsed=710.206ms   number=12564091 hash="664448…62d1f1" age=1h5m20s  size=16.99MiB
INFO [06-03|23:07:18.777] Looking for peers                        peercount=26 tried=3 static=0
INFO [06-03|23:07:21.407] Imported new block receipts              count=230  elapsed=1.600s      number=12564321 hash="33e59a…2d52db" age=16m37s   size=23.98MiB
INFO [06-03|23:07:23.959] Initializing state bloom                 items=351471487 errorrate=0.000 elapsed=49m8.323s
INFO [06-03|23:07:28.778] Looking for peers                        peercount=26 tried=5 static=0
INFO [06-03|23:07:29.661] Imported new state entries               count=352  elapsed="3µs"       processed=993926724 pending=5953   trieretry=0    coderetry=0 duplicate=0 unexpected=2987
INFO [06-03|23:07:31.965] Initializing state bloom                 items=351499862 errorrate=0.000 elapsed=49m16.329s
INFO [06-03|23:07:38.104] Imported new state entries               count=273  elapsed="3.8µs"     processed=993926997 pending=4369   trieretry=0    coderetry=0 duplicate=0 unexpected=2987
INFO [06-03|23:07:39.154] Looking for peers                        peercount=29 tried=6 static=0
INFO [06-03|23:07:39.969] Initializing state bloom                 items=351521269 errorrate=0.000 elapsed=49m24.334s
ERROR[06-03|23:07:48.621] Ethereum peer removal failed             peer=70150ccb err="peer not registered"
INFO [06-03|23:07:48.844] Initializing state bloom                 items=351540444 errorrate=0.000 elapsed=49m33.208s
INFO [06-03|23:07:49.490] Looking for peers                        peercount=31 tried=3 static=0
INFO [06-03|23:07:49.658] Imported new state entries               count=384  elapsed="2.3µs"     processed=993927381 pending=9502   trieretry=0    coderetry=0 duplicate=0 unexpected=2987
WARN [06-03|23:07:49.661] Synchronisation failed, dropping peer    peer=70150ccbff1c3eac9f0e40397ed6c6b690007a6e57b938f49cb1b12abd2bbace err="action from bad peer ignored: header request timed out"
ERROR[06-03|23:07:49.661] Ethereum peer removal failed             peer=70150ccb err="peer not registered"
INFO [06-03|23:07:50.073] Disabling direct-ancient mode            origin=12564321 ancient=12359074
INFO [06-03|23:07:50.780] Imported new block headers               count=0    elapsed=293.942ms   number=12564386 hash="2252d7…93073f" age=1m37s    ignored=65
INFO [06-03|23:07:51.393] Imported new block receipts              count=2    elapsed=17.372ms    number=12564323 hash="2235bd…8db013" age=16m26s   size=261.29KiB
INFO [06-03|23:07:52.347] Imported new state entries               count=273  elapsed="3.4µs"     processed=993927654 pending=4369   trieretry=0    coderetry=0 duplicate=0 unexpected=2987
INFO [06-03|23:07:52.933] Imported new state entries               count=273  elapsed="3.6µs"     processed=993927927 pending=4369   trieretry=0    coderetry=0 duplicate=0 unexpected=2987
INFO [06-03|23:07:55.753] Imported new state entries               count=427  elapsed="2.7µs"     processed=993928354 pending=9856   trieretry=0    coderetry=0 duplicate=0 unexpected=2987
INFO [06-03|23:07:56.857] Initializing state bloom                 items=351568838 errorrate=0.000 elapsed=49m41.221s
ERROR[06-03|23:07:56.875] Ethereum peer removal failed             peer=671ea12d err="peer not registered"
INFO [06-03|23:07:59.137] Imported new block headers               count=1    elapsed=8.095ms     number=12564387 hash="7ec3d9…33149a" age=1m21s
INFO [06-03|23:07:59.610] Downloader queue stats                   receiptTasks=0    blockTasks=0    itemSize=258.77KiB throttle=254
INFO [06-03|23:07:59.826] Looking for peers                        peercount=29 tried=4 static=0
INFO [06-03|23:08:04.858] Initializing state bloom                 items=351598674 errorrate=0.000 elapsed=49m49.222s
INFO [06-03|23:08:08.518] Imported new state entries               count=310  elapsed="2.4µs"     processed=993928664 pending=11660  trieretry=0    coderetry=0 duplicate=0 unexpected=2987
INFO [06-03|23:08:10.428] Looking for peers                        peercount=30 tried=5 static=0
WARN [06-03|23:08:11.882] Dropping unsynced node during sync       id=53455744030e83cc conn=inbound addr=143.198.119.44:53746  type=Geth/v1.10.1-stable-...
INFO [06-03|23:08:12.860] Initializing state bloom                 items=351627453 errorrate=0.000 elapsed=49m57.224s
INFO [06-03|23:08:14.852] Imported new state entries               count=408  elapsed="2.9µs"     processed=993929072 pending=12242  trieretry=0    coderetry=0 duplicate=0 unexpected=2987
INFO [06-03|23:08:20.488] Looking for peers                        peercount=35 tried=4 static=0
INFO [06-03|23:08:20.860] Initializing state bloom                 items=351657482 errorrate=0.000 elapsed=50m5.224s
INFO [06-03|23:08:23.350] Imported new state entries               count=246  elapsed="3.3µs"     processed=993929318 pending=12627  trieretry=0    coderetry=0 duplicate=0 unexpected=2987
WARN [06-03|23:08:27.229] Stalling state sync, dropping peer       peer=4583c7dc28f54d66faaaf77a1c249b9fa7ed8ff2bb352c69f7a11a0a46976888
WARN [06-03|23:08:27.230] Stalling state sync, dropping peer       peer=c21d2e63952b18af9c7f617d9996da79e5002ff81256d98567994aedf5bdabb6
WARN [06-03|23:08:27.230] Stalling state sync, dropping peer       peer=560d480445fcdb3b1bb4d479cf20e0eedfaca55946df50f24a2c89f213b68608
ERROR[06-03|23:08:27.230] Ethereum peer removal failed             peer=4583c7dc err="peer not registered"
ERROR[06-03|23:08:27.230] Ethereum peer removal failed             peer=560d4804 err="peer not registered"
ERROR[06-03|23:08:27.230] Ethereum peer removal failed             peer=c21d2e63 err="peer not registered"
INFO [06-03|23:08:28.860] Initializing state bloom                 items=351686843 errorrate=0.000 elapsed=50m13.225s
INFO [06-03|23:08:31.397] Looking for peers                        peercount=32 tried=4 static=0
INFO [06-03|23:08:35.280] Imported new block headers               count=1    elapsed=64.688ms    number=12564388 hash="6bafba…5f434f" age=1m48s
INFO [06-03|23:08:36.861] Initializing state bloom                 items=351719136 errorrate=0.000 elapsed=50m21.225s
ERROR[06-03|23:08:38.127] Snapshot extension registration failed   peer=42905fc2 err="peer connected on snap without compatible eth support"
INFO [06-03|23:08:41.400] Looking for peers                        peercount=34 tried=4 static=0
INFO [06-03|23:08:44.861] Initializing state bloom                 items=351751187 errorrate=0.000 elapsed=50m29.225s
INFO [06-03|23:08:48.075] Imported new state entries               count=562  elapsed="8.5µs"     processed=993929880 pending=13478  trieretry=6    coderetry=0 duplicate=0 unexpected=2987
INFO [06-03|23:08:50.692] Imported new state entries               count=0    elapsed=188.096ms   processed=993929880 pending=13637  trieretry=87   coderetry=0 duplicate=0 unexpected=3074
INFO [06-03|23:08:51.401] Looking for peers                        peercount=34 tried=4 static=0
INFO [06-03|23:08:52.861] Initializing state bloom                 items=351780974 errorrate=0.000 elapsed=50m37.226s
INFO [06-03|23:08:55.503] Imported new block headers               count=1    elapsed=178.145ms   number=12564389 hash="4efdef…af2506" age=1m46s
INFO [06-03|23:09:00.862] Initializing state bloom                 items=351807506 errorrate=0.000 elapsed=50m45.226s
INFO [06-03|23:09:07.013] Imported new state entries               count=454  elapsed=1.392ms     processed=993930334 pending=14025  trieretry=0    coderetry=0 duplicate=0 unexpected=3074
INFO [06-03|23:09:08.691] Imported new block headers               count=1    elapsed=91.889ms    number=12564390 hash="0190c2…f7170e" age=1m13s
INFO [06-03|23:09:08.862] Initializing state bloom                 items=351833399 errorrate=0.000 elapsed=50m53.226s
INFO [06-03|23:09:09.680] Downloader queue stats                   receiptTasks=0    blockTasks=0    itemSize=262.04KiB throttle=251
INFO [06-03|23:09:10.867] Imported new state entries               count=211  elapsed="3.7µs"     processed=993930545 pending=14468  trieretry=0    coderetry=0 duplicate=0 unexpected=3074
INFO [06-03|23:09:16.864] Initializing state bloom                 items=351861354 errorrate=0.000 elapsed=51m1.228s
INFO [06-03|23:09:20.524] Imported new state entries               count=280  elapsed="6.1µs"     processed=993930825 pending=14883  trieretry=0    coderetry=0 duplicate=0 unexpected=3074
INFO [06-03|23:09:21.700] Imported new block headers               count=1    elapsed=64.626ms    number=12564391 hash="42ad0f…c9622c"
INFO [06-03|23:09:24.864] Initializing state bloom                 items=351889430 errorrate=0.000 elapsed=51m9.228s
INFO [06-03|23:09:31.735] Imported new block headers               count=1    elapsed=13.036ms    number=12564392 hash="d7547b…415e83"
INFO [06-03|23:09:32.865] Initializing state bloom                 items=351917079 errorrate=0.000 elapsed=51m17.229s
INFO [06-03|23:09:32.964] Imported new state entries               count=396  elapsed="71.2µs"    processed=993931221 pending=15623  trieretry=99   coderetry=0 duplicate=0 unexpected=3074
INFO [06-03|23:09:40.865] Initializing state bloom                 items=351946194 errorrate=0.000 elapsed=51m25.229s
INFO [06-03|23:09:48.865] Initializing state bloom                 items=351974610 errorrate=0.000 elapsed=51m33.229s
INFO [06-03|23:09:49.411] Imported new block headers               count=2    elapsed=15.910ms    number=12564394 hash="4274c5…fed946"
INFO [06-03|23:09:51.060] Imported new state entries               count=384  elapsed="2.4µs"     processed=993931605 pending=16059  trieretry=0    coderetry=0 duplicate=0 unexpected=3074
WARN [06-03|23:09:56.738] Dropping unsynced node during sync       id=e9dbc5436977b26a conn=dyndial addr=149.28.62.58:30305    type=Geth/v1.10.2-stable-...
INFO [06-03|23:09:56.869] Initializing state bloom                 items=352001690 errorrate=0.000 elapsed=51m41.233s
INFO [06-03|23:10:04.872] Initializing state bloom                 items=352032833 errorrate=0.000 elapsed=51m49.236s
INFO [06-03|23:10:07.657] Imported new state entries               count=547  elapsed="648.302µs" processed=993932152 pending=16635  trieretry=0    coderetry=0 duplicate=0 unexpected=3074
INFO [06-03|23:10:12.164] Imported new state entries               count=207  elapsed="3.4µs"     processed=993932359 pending=17284  trieretry=0    coderetry=0 duplicate=0 unexpected=3074
INFO [06-03|23:10:12.901] Initializing state bloom                 items=352060513 errorrate=0.000 elapsed=51m57.265s
INFO [06-03|23:10:13.092] Imported new block headers               count=1    elapsed=7.604ms     number=12564395 hash="661c42…291927"
INFO [06-03|23:10:13.742] Downloader queue stats                   receiptTasks=0    blockTasks=0    itemSize=262.88KiB throttle=250
INFO [06-03|23:10:16.468] Imported new state entries               count=0    elapsed=1.400s      processed=993932359 pending=17603  trieretry=151  coderetry=0 duplicate=0 unexpected=3225
INFO [06-03|23:10:20.913] Initializing state bloom                 items=352087081 errorrate=0.000 elapsed=52m5.277s
INFO [06-03|23:10:25.384] Imported new state entries               count=542  elapsed="97.8µs"    processed=993932901 pending=17991  trieretry=0    coderetry=0 duplicate=0 unexpected=3225
INFO [06-03|23:10:26.706] Imported new block headers               count=1    elapsed=35.537ms    number=12564396 hash="36825f…a2e767"
INFO [06-03|23:10:28.915] Initializing state bloom                 items=352112787 errorrate=0.000 elapsed=52m13.279s
INFO [06-03|23:10:30.312] Imported new block headers               count=2    elapsed=33.486ms    number=12564398 hash="86e052…74d193"
INFO [06-03|23:10:36.144] Imported new state entries               count=342  elapsed="3.3µs"     processed=993933243 pending=18758  trieretry=0    coderetry=0 duplicate=0 unexpected=3225
INFO [06-03|23:10:36.954] Initializing state bloom                 items=352141369 errorrate=0.000 elapsed=52m21.318s
INFO [06-03|23:10:40.138] Imported new block headers               count=1    elapsed=6.254ms     number=12564399 hash="7bec98…d5d0d7"
INFO [06-03|23:10:44.957] Initializing state bloom                 items=352165804 errorrate=0.000 elapsed=52m29.321s
INFO [06-03|23:10:48.018] Imported new state entries               count=405  elapsed="2.8µs"     processed=993933648 pending=19560  trieretry=0    coderetry=0 duplicate=0 unexpected=3225
INFO [06-03|23:10:52.957] Initializing state bloom                 items=352192930 errorrate=0.000 elapsed=52m37.321s
INFO [06-03|23:11:00.957] Initializing state bloom                 items=352221060 errorrate=0.000 elapsed=52m45.321s
INFO [06-03|23:11:01.896] Imported new state entries               count=416  elapsed=12.123ms    processed=993934064 pending=19916  trieretry=261  coderetry=0 duplicate=0 unexpected=3225
WARN [06-03|23:11:01.898] Stalling state sync, dropping peer       peer=ad413e37842f2f864740bd7d5b62cf936803a691a0d1417d6a6546a741520c4c
WARN [06-03|23:11:01.899] Stalling state sync, dropping peer       peer=715d36456f13e813cb2307a3d70403029c954db78bfcc21767c1383bc967e725
ERROR[06-03|23:11:01.918] Ethereum peer removal failed             peer=ad413e37 err="peer not registered"
ERROR[06-03|23:11:01.918] Ethereum peer removal failed             peer=715d3645 err="peer not registered"
WARN [06-03|23:11:03.907] Dropping unsynced node during sync       id=bad53d5d14a5a535 conn=inbound addr=149.28.211.167:43252  type=Geth/v1.10.2-stable-...
INFO [06-03|23:11:08.958] Initializing state bloom                 items=352250053 errorrate=0.000 elapsed=52m53.322s
INFO [06-03|23:11:13.947] Imported new block headers               count=2    elapsed=23.465ms    number=12564401 hash="9b28d0…939c7d"
INFO [06-03|23:11:14.263] Imported new state entries               count=384  elapsed="122.1µs"   processed=993934448 pending=20336  trieretry=4    coderetry=0 duplicate=0 unexpected=3225
INFO [06-03|23:11:14.789] Downloader queue stats                   receiptTasks=0    blockTasks=0    itemSize=230.22KiB throttle=285
INFO [06-03|23:11:16.965] Initializing state bloom                 items=352279885 errorrate=0.000 elapsed=53m1.329s
WARN [06-03|23:11:20.267] Dropping unsynced node during sync       id=da1e6b3a618981e0 conn=inbound addr=111.193.164.143:37452 type=OpenEthereum/v3.2.6-...
INFO [06-03|23:11:21.037] Imported new block headers               count=1    elapsed=6.173ms     number=12564402 hash="caa4f5…2ee794"
INFO [06-03|23:11:24.688] Imported new block headers               count=1    elapsed=6.423ms     number=12564403 hash="d6c271…45858f"
INFO [06-03|23:11:24.965] Initializing state bloom                 items=353655765 errorrate=0.000 elapsed=53m9.330s
INFO [06-03|23:11:32.966] Initializing state bloom                 items=355035348 errorrate=0.000 elapsed=53m17.330s
INFO [06-03|23:11:40.966] Initializing state bloom                 items=356271903 errorrate=0.000 elapsed=53m25.330s
INFO [06-03|23:11:41.856] Imported new state entries               count=772  elapsed=1.180ms     processed=993935220 pending=21299  trieretry=0    coderetry=0 duplicate=0 unexpected=3225
WARN [06-03|23:11:41.862] Stalling state sync, dropping peer       peer=d1363dc148e409f0792c53658f879f375a2b71d95ff8f6d95a21ea8b8c6a66ad
ERROR[06-03|23:11:41.862] Ethereum peer removal failed             peer=d1363dc1 err="peer not registered"
INFO [06-03|23:11:48.966] Initializing state bloom                 items=357553353 errorrate=0.000 elapsed=53m33.330s
INFO [06-03|23:11:50.570] Imported new block headers               count=1    elapsed=14.733ms    number=12564404 hash="703ffe…e0342b"
INFO [06-03|23:11:56.394] Imported new state entries               count=617  elapsed=2.506ms     processed=993935837 pending=21218  trieretry=0    coderetry=0 duplicate=0 unexpected=3225
INFO [06-03|23:11:56.966] Initializing state bloom                 items=358737859 errorrate=0.000 elapsed=53m41.331s
INFO [06-03|23:12:04.969] Initializing state bloom                 items=358746212 errorrate=0.000 elapsed=53m49.333s
WARN [06-03|23:12:06.523] Dropping unsynced node during sync       id=5cd43e962fec90eb conn=inbound addr=118.31.110.141:50666  type=
INFO [06-03|23:12:07.303] Imported new state entries               count=242  elapsed="176µs"     processed=993936079 pending=21462  trieretry=0    coderetry=0 duplicate=0 unexpected=3225
INFO [06-03|23:12:12.969] Initializing state bloom                 items=358746223 errorrate=0.000 elapsed=53m57.333s
INFO [06-03|23:12:17.204] Imported new state entries               count=0    elapsed=4.685s      processed=993936079 pending=21660  trieretry=168  coderetry=0 duplicate=0 unexpected=3393
INFO [06-03|23:12:19.315] Imported new state entries               count=584  elapsed=1.103ms     processed=993936663 pending=21783  trieretry=0    coderetry=0 duplicate=0 unexpected=3393
INFO [06-03|23:12:20.405] Imported new block headers               count=1    elapsed=147.030ms   number=12564405 hash="326eb0…281985" age=1m2s
INFO [06-03|23:12:20.969] Initializing state bloom                 items=358774512 errorrate=0.000 elapsed=54m5.333s
INFO [06-03|23:12:21.844] Downloader queue stats                   receiptTasks=0    blockTasks=0    itemSize=233.08KiB throttle=282
INFO [06-03|23:12:28.969] Initializing state bloom                 items=358821102 errorrate=0.000 elapsed=54m13.333s
INFO [06-03|23:12:35.458] Imported new state entries               count=320  elapsed=2.037ms     processed=993936983 pending=22124  trieretry=0    coderetry=0 duplicate=0 unexpected=3393
INFO [06-03|23:12:36.969] Initializing state bloom                 items=358858689 errorrate=0.000 elapsed=54m21.334s
INFO [06-03|23:12:37.004] Imported new block headers               count=1    elapsed=86.278ms    number=12564406 hash="114a9c…bfbc93" age=1m14s