INFO [05-09|13:46:32.446] Initializing state bloom                 items=239437308 errorrate=0.000 elapsed=27m19.772s
INFO [05-09|13:46:40.446] Initializing state bloom                 items=239474235 errorrate=0.000 elapsed=27m27.773s
INFO [05-09|13:46:41.491] Imported new state entries               count=384  elapsed="4.4µs"     processed=572875916 pending=21646 trieretry=0    coderetry=0 duplicate=0 unexpected=1020
INFO [05-09|13:46:48.447] Initializing state bloom                 items=239511320 errorrate=0.000 elapsed=27m35.773s
INFO [05-09|13:46:55.755] Imported new state entries               count=384  elapsed="5.5µs"     processed=572876300 pending=22139 trieretry=382  coderetry=0 duplicate=0 unexpected=1020
INFO [05-09|13:46:56.447] Initializing state bloom                 items=239543884 errorrate=0.000 elapsed=27m43.773s
INFO [05-09|13:47:04.451] Initializing state bloom                 items=239580725 errorrate=0.000 elapsed=27m51.777s
INFO [05-09|13:47:12.451] Initializing state bloom                 items=239617345 errorrate=0.000 elapsed=27m59.777s
INFO [05-09|13:47:13.101] Imported new state entries               count=384  elapsed="4µs"       processed=572876684 pending=22528 trieretry=0    coderetry=0 duplicate=0 unexpected=1020
INFO [05-09|13:47:20.452] Initializing state bloom                 items=239653073 errorrate=0.000 elapsed=28m7.779s
INFO [05-09|13:47:23.189] Looking for peers                        peercount=21 tried=4 static=0
INFO [05-09|13:47:26.086] Imported new state entries               count=384  elapsed="3.1µs"     processed=572877068 pending=23031 trieretry=384  coderetry=0 duplicate=0 unexpected=1020
INFO [05-09|13:47:28.453] Initializing state bloom                 items=239689444 errorrate=0.000 elapsed=28m15.780s
ERROR[05-09|13:47:31.269] Ethereum peer removal failed             peer=479ba845 err="peer not registered"
INFO [05-09|13:47:33.728] Looking for peers                        peercount=23 tried=3 static=0
INFO [05-09|13:47:36.453] Initializing state bloom                 items=239725113 errorrate=0.000 elapsed=28m23.780s
INFO [05-09|13:47:40.425] Imported new state entries               count=384  elapsed="4.4µs"     processed=572877452 pending=23486 trieretry=0    coderetry=0 duplicate=0 unexpected=1020
WARN [05-09|13:47:40.434] Synchronisation failed, dropping peer    peer=479ba845582ec7e60cd3198c67c6ea4c768d937a8995e8ba57c27337092e58bf err="action from bad peer ignored: header request timed out"
ERROR[05-09|13:47:40.435] Ethereum peer removal failed             peer=479ba845 err="peer not registered"
INFO [05-09|13:47:42.049] Disabling direct-ancient mode            origin=12400397 ancient=12189695
INFO [05-09|13:47:43.221] Imported new block headers               count=4    elapsed=988.685ms   number=12400486 hash="38916b…d806d5" ignored=85
INFO [05-09|13:47:43.923] Looking for peers                        peercount=23 tried=1 static=0
INFO [05-09|13:47:44.462] Initializing state bloom                 items=239757421 errorrate=0.000 elapsed=28m31.788s
WARN [05-09|13:47:46.057] Checkpoint challenge timed out, dropping id=98c4b91a0060ad26 conn=inbound addr=18.181.146.48:60968   type=OpenEthereum/v3.2.4-...
ERROR[05-09|13:47:46.061] Ethereum peer removal failed             peer=98c4b91a err="peer not registered"
INFO [05-09|13:47:46.062] Downloader queue stats                   receiptTasks=2 blockTasks=2 itemSize=275.78KiB throttle=238
INFO [05-09|13:47:46.118] Imported new block receipts              count=14   elapsed=52.631ms    number=12400411 hash="a0991a…c3a4cb" age=20m25s   size=1.64MiB
INFO [05-09|13:47:46.217] Imported new block receipts              count=12   elapsed=34.413ms    number=12400423 hash="213da9…a1e06f" age=17m48s   size=1.42MiB
INFO [05-09|13:47:46.217] Imported new state entries               count=1    elapsed="3.5µs"     processed=572877453 pending=17    trieretry=0    coderetry=0 duplicate=0 unexpected=1020
INFO [05-09|13:47:48.888] Imported new state entries               count=273  elapsed="3µs"       processed=572877726 pending=4369  trieretry=0    coderetry=0 duplicate=0 unexpected=1020
INFO [05-09|13:47:51.934] Imported new state entries               count=428  elapsed="3µs"       processed=572878154 pending=7017  trieretry=0    coderetry=0 duplicate=0 unexpected=1020
INFO [05-09|13:47:52.462] Initializing state bloom                 items=239793405 errorrate=0.000 elapsed=28m39.788s
INFO [05-09|13:47:55.637] Imported new state entries               count=529  elapsed="3µs"       processed=572878683 pending=10542 trieretry=2    coderetry=0 duplicate=0 unexpected=1020
INFO [05-09|13:47:57.332] Imported new state entries               count=222  elapsed="3.4µs"     processed=572878905 pending=11889 trieretry=0    coderetry=0 duplicate=0 unexpected=1020
INFO [05-09|13:48:00.437] Imported new state entries               count=393  elapsed="3.3µs"     processed=572879298 pending=14048 trieretry=0    coderetry=0 duplicate=0 unexpected=1020
INFO [05-09|13:48:00.462] Initializing state bloom                 items=239827472 errorrate=0.000 elapsed=28m47.788s
WARN [05-09|13:48:02.142] Dropping unsynced node during sync       id=c3e2b21a34e27ffd conn=inbound addr=83.35.239.201:45188   type=OpenEthereum/v3.2.4-...
INFO [05-09|13:48:02.592] Imported new state entries               count=293  elapsed="3.4µs"     processed=572879591 pending=15771 trieretry=0    coderetry=0 duplicate=0 unexpected=1020
WARN [05-09|13:48:05.235] Dropping unsynced node during sync       id=99cf6e0b1a2f3128 conn=inbound addr=15.164.229.187:59744  type=OpenEthereum/v3.2.3-...
INFO [05-09|13:48:08.004] Imported new state entries               count=384  elapsed="3.4µs"     processed=572879975 pending=16258 trieretry=0    coderetry=0 duplicate=0 unexpected=1020
INFO [05-09|13:48:08.462] Initializing state bloom                 items=239860785 errorrate=0.000 elapsed=28m55.789s
INFO [05-09|13:48:16.097] Imported new state entries               count=384  elapsed="3.1µs"     processed=572880359 pending=16734 trieretry=215  coderetry=0 duplicate=0 unexpected=1020
INFO [05-09|13:48:16.463] Initializing state bloom                 items=239896247 errorrate=0.000 elapsed=29m3.789s
INFO [05-09|13:48:22.398] Imported new block headers               count=1    elapsed=10.977ms    number=12400487 hash="55678b…b4642f" age=1m4s
INFO [05-09|13:48:23.216] Imported new state entries               count=305  elapsed="3.6µs"     processed=572880664 pending=17107 trieretry=0    coderetry=0 duplicate=0 unexpected=1020
INFO [05-09|13:48:24.463] Initializing state bloom                 items=239931523 errorrate=0.000 elapsed=29m11.790s
INFO [05-09|13:48:31.274] Imported new state entries               count=490  elapsed="2.6µs"     processed=572881154 pending=17715 trieretry=2    coderetry=0 duplicate=0 unexpected=1020
INFO [05-09|13:48:32.464] Initializing state bloom                 items=239966275 errorrate=0.000 elapsed=29m19.790s
INFO [05-09|13:48:40.464] Initializing state bloom                 items=240824521 errorrate=0.000 elapsed=29m27.790s
INFO [05-09|13:48:43.204] Imported new state entries               count=400  elapsed="3.5µs"     processed=572881554 pending=18212 trieretry=0    coderetry=0 duplicate=0 unexpected=1020
INFO [05-09|13:48:48.465] Initializing state bloom                 items=244403232 errorrate=0.000 elapsed=29m35.791s
INFO [05-09|13:48:56.465] Initializing state bloom                 items=247957513 errorrate=0.000 elapsed=29m43.791s
INFO [05-09|13:48:59.407] Imported new state entries               count=434  elapsed="6.8µs"     processed=572881988 pending=18730 trieretry=2    coderetry=0 duplicate=0 unexpected=1020
INFO [05-09|13:49:04.465] Initializing state bloom                 items=250983203 errorrate=0.000 elapsed=29m51.791s
INFO [05-09|13:49:06.875] Imported new state entries               count=384  elapsed="2.6µs"     processed=572882372 pending=19212 trieretry=2    coderetry=0 duplicate=0 unexpected=1020
INFO [05-09|13:49:12.466] Initializing state bloom                 items=250983203 errorrate=0.000 elapsed=29m59.792s
WARN [05-09|13:49:15.471] Checkpoint challenge timed out, dropping id=9e8fd5cdf84aff50 conn=inbound addr=27.111.169.25:1326    type=OpenEthereum/v3.2.4-...
ERROR[05-09|13:49:15.473] Ethereum peer removal failed             peer=9e8fd5cd err="peer not registered"
INFO [05-09|13:49:20.466] Initializing state bloom                 items=250983203 errorrate=0.000 elapsed=30m7.792s
INFO [05-09|13:49:21.307] Imported new state entries               count=384  elapsed="4.4µs"     processed=572882756 pending=19660 trieretry=0    coderetry=0 duplicate=0 unexpected=1020
INFO [05-09|13:49:25.112] Imported new block headers               count=1    elapsed=992.353ms   number=12400488 hash="1bc51d…324fb6" age=2m3s
INFO [05-09|13:49:25.323] Downloader queue stats                   receiptTasks=0 blockTasks=0 itemSize=270.81KiB throttle=243
INFO [05-09|13:49:28.466] Initializing state bloom                 items=250983203 errorrate=0.000 elapsed=30m15.792s
INFO [05-09|13:49:30.418] Imported new block headers               count=1    elapsed=48.802ms    number=12400489 hash="c1f90f…c9b7c4" age=2m
INFO [05-09|13:49:33.010] Imported new state entries               count=384  elapsed="729.404µs" processed=572883140 pending=20042 trieretry=0    coderetry=0 duplicate=0 unexpected=1020
INFO [05-09|13:49:36.469] Initializing state bloom                 items=250983208 errorrate=0.000 elapsed=30m23.795s
INFO [05-09|13:49:38.962] Imported new state entries               count=384  elapsed="2.4µs"     processed=572883524 pending=20484 trieretry=0    coderetry=0 duplicate=0 unexpected=1020
INFO [05-09|13:49:42.813] Imported new block headers               count=1    elapsed=30.149ms    number=12400490 hash="b00bb6…2db246" age=1m22s
INFO [05-09|13:49:44.471] Initializing state bloom                 items=250983208 errorrate=0.000 elapsed=30m31.797s
INFO [05-09|13:49:45.958] Imported new block headers               count=1    elapsed=9.731ms     number=12400491 hash="a952f5…6b3007"
INFO [05-09|13:49:49.946] Imported new state entries               count=384  elapsed="2.5µs"     processed=572883908 pending=20875 trieretry=382  coderetry=0 duplicate=0 unexpected=1020
INFO [05-09|13:49:52.203] Imported new block headers               count=1    elapsed=9.773ms     number=12400492 hash="7eb95e…ccda09"
INFO [05-09|13:49:52.475] Initializing state bloom                 items=250983208 errorrate=0.000 elapsed=30m39.801s
INFO [05-09|13:49:59.882] Imported new state entries               count=384  elapsed="4µs"       processed=572884292 pending=21359 trieretry=0    coderetry=0 duplicate=0 unexpected=1020
INFO [05-09|13:50:00.476] Initializing state bloom                 items=250983208 errorrate=0.000 elapsed=30m47.802s
INFO [05-09|13:50:06.671] Imported new state entries               count=335  elapsed="2.9µs"     processed=572884627 pending=21778 trieretry=0    coderetry=0 duplicate=0 unexpected=1020
INFO [05-09|13:50:08.477] Initializing state bloom                 items=250983208 errorrate=0.000 elapsed=30m55.803s
INFO [05-09|13:50:16.477] Initializing state bloom                 items=251306348 errorrate=0.000 elapsed=31m3.803s
INFO [05-09|13:50:17.192] Imported new state entries               count=384  elapsed="20.4µs"    processed=572885011 pending=22284 trieretry=0    coderetry=0 duplicate=0 unexpected=1020
WARN [05-09|13:50:20.549] Dropping unsynced node during sync       id=ca8c5df4ae0c8760 conn=inbound addr=47.94.242.18:56358    type=
INFO [05-09|13:50:23.119] Imported new block headers               count=1    elapsed=14.616ms    number=12400493 hash="4da5b4…b45c26"
INFO [05-09|13:50:24.478] Initializing state bloom                 items=254772324 errorrate=0.000 elapsed=31m11.804s
WARN [05-09|13:50:24.656] Dropping unsynced node during sync       id=5ea9b06fb26b4616 conn=inbound addr=34.73.175.248:36302   type=OpenEthereum/v3.2.3-...
WARN [05-09|13:50:28.504] Checkpoint challenge timed out, dropping id=b8312d7ed459dc1b conn=inbound addr=27.111.160.18:30841   type=OpenEthereum/v3.2.4-...
ERROR[05-09|13:50:28.504] Ethereum peer removal failed             peer=b8312d7e err="peer not registered"
INFO [05-09|13:50:29.361] Imported new block headers               count=1    elapsed=12.762ms    number=12400494 hash="1e33ca…7c9b0c"
INFO [05-09|13:50:29.389] Downloader queue stats                   receiptTasks=0 blockTasks=0 itemSize=280.59KiB throttle=234
INFO [05-09|13:50:32.478] Initializing state bloom                 items=258311535 errorrate=0.000 elapsed=31m19.804s
INFO [05-09|13:50:34.376] Imported new state entries               count=384  elapsed="2.9µs"     processed=572885395 pending=22684 trieretry=0    coderetry=0 duplicate=0 unexpected=1020
WARN [05-09|13:50:34.381] Stalling state sync, dropping peer       peer=e787bc3869d719ffd9dbcb9d8a069b7918b8ad167b25d8a2ac46cf36f3463f6d
WARN [05-09|13:50:34.382] Stalling state sync, dropping peer       peer=e83a720b2aab2a4b01622d943f2bcb92df92766c8fd14ebc6672d6abfc10a1fc
ERROR[05-09|13:50:34.382] Ethereum peer removal failed             peer=e787bc38 err="peer not registered"
ERROR[05-09|13:50:34.382] Ethereum peer removal failed             peer=e83a720b err="peer not registered"
INFO [05-09|13:50:38.933] Imported new state entries               count=289  elapsed="4µs"       processed=572885684 pending=23056 trieretry=4    coderetry=0 duplicate=0 unexpected=1020
INFO [05-09|13:50:40.479] Initializing state bloom                 items=261773435 errorrate=0.000 elapsed=31m27.805s
INFO [05-09|13:50:41.650] Imported new state entries               count=230  elapsed="3µs"       processed=572885914 pending=23357 trieretry=0    coderetry=0 duplicate=0 unexpected=1020
INFO [05-09|13:50:47.834] Imported new state entries               count=384  elapsed="4.5µs"     processed=572886298 pending=23828 trieretry=0    coderetry=0 duplicate=0 unexpected=1020
INFO [05-09|13:50:48.481] Initializing state bloom                 items=265172431 errorrate=0.000 elapsed=31m35.808s
WARN [05-09|13:50:55.637] Dropping unsynced node during sync       id=b769fbf2148ed347 conn=inbound addr=120.136.123.202:58157 type=OpenEthereum/v3.2.0-...
INFO [05-09|13:50:56.483] Initializing state bloom                 items=268479800 errorrate=0.000 elapsed=31m43.809s
INFO [05-09|13:51:04.483] Initializing state bloom                 items=272009907 errorrate=0.000 elapsed=31m51.810s
INFO [05-09|13:51:04.822] Imported new state entries               count=384  elapsed="4.4µs"     processed=572886682 pending=24217 trieretry=2    coderetry=0 duplicate=0 unexpected=1020
WARN [05-09|13:51:05.120] Dropping unsynced node during sync       id=034232f104e76954 conn=inbound addr=144.91.127.238:52546  type=OpenEthereum/v3.2.3-...
INFO [05-09|13:51:07.073] Imported new block headers               count=1    elapsed=176.523ms   number=12400495 hash="d46414…791249" age=1m15s
INFO [05-09|13:51:12.010] Imported new state entries               count=384  elapsed="3µs"       processed=572887066 pending=24701 trieretry=0    coderetry=0 duplicate=0 unexpected=1020
INFO [05-09|13:51:12.484] Initializing state bloom                 items=275506053 errorrate=0.000 elapsed=31m59.811s
INFO [05-09|13:51:13.898] Imported new state entries               count=0    elapsed="921.604µs" processed=572887066 pending=24837 trieretry=384  coderetry=0 duplicate=0 unexpected=1404
INFO [05-09|13:51:20.484] Initializing state bloom                 items=279023355 errorrate=0.000 elapsed=32m7.811s
INFO [05-09|13:51:28.487] Initializing state bloom                 items=282615423 errorrate=0.000 elapsed=32m15.813s
INFO [05-09|13:51:28.945] Imported new state entries               count=495  elapsed="4.3µs"     processed=572887561 pending=25226 trieretry=382  coderetry=0 duplicate=0 unexpected=1404
INFO [05-09|13:51:36.037] Imported new state entries               count=205  elapsed="3.2µs"     processed=572887766 pending=25471 trieretry=0    coderetry=0 duplicate=0 unexpected=1404
INFO [05-09|13:51:36.489] Initializing state bloom                 items=286180458 errorrate=0.000 elapsed=32m23.815s
INFO [05-09|13:51:41.118] Imported new block headers               count=1    elapsed=232.779ms   number=12400496 hash="dc7466…5d98d4" age=1m19s
INFO [05-09|13:51:41.464] Downloader queue stats                   receiptTasks=0 blockTasks=0 itemSize=282.84KiB throttle=232
INFO [05-09|13:51:44.491] Initializing state bloom                 items=289614821 errorrate=0.000 elapsed=32m31.817s
INFO [05-09|13:51:47.220] Imported new block headers               count=1    elapsed=54.165ms    number=12400497 hash="642508…551f17" age=1m20s
INFO [05-09|13:51:49.826] Imported new state entries               count=424  elapsed="544.902µs" processed=572888190 pending=25914 trieretry=384  coderetry=0 duplicate=0 unexpected=1404
INFO [05-09|13:51:52.495] Initializing state bloom                 items=293141778 errorrate=0.000 elapsed=32m39.821s
INFO [05-09|13:51:53.483] Imported new block headers               count=1    elapsed=62.243ms    number=12400498 hash="46457e…fea799"
INFO [05-09|13:51:56.611] Imported new block headers               count=1    elapsed=12.392ms    number=12400499 hash="4886cb…bf0358"
INFO [05-09|13:52:00.495] Initializing state bloom                 items=296617123 errorrate=0.000 elapsed=32m47.822s
INFO [05-09|13:52:02.853] Imported new block headers               count=1    elapsed=8.760ms     number=12400500 hash="f1c310…7042a1"
INFO [05-09|13:52:05.990] Imported new state entries               count=384  elapsed="4µs"       processed=572888574 pending=26322 trieretry=0    coderetry=0 duplicate=0 unexpected=1404
INFO [05-09|13:52:08.497] Initializing state bloom                 items=300054898 errorrate=0.000 elapsed=32m55.824s
INFO [05-09|13:52:09.097] Imported new block headers               count=2    elapsed=7.369ms     number=12400502 hash="2a1e57…bfc7e3"
INFO [05-09|13:52:16.499] Initializing state bloom                 items=303533609 errorrate=0.000 elapsed=33m3.825s
INFO [05-09|13:52:19.619] Imported new state entries               count=384  elapsed="108.201µs" processed=572888958 pending=26707 trieretry=384  coderetry=0 duplicate=0 unexpected=1404
INFO [05-09|13:52:21.522] Imported new block headers               count=1    elapsed=8.854ms     number=12400503 hash="bb8bc4…d851fe"