$ python steady_state_analyzer.py --host http://40.118.12.17:9090 --start=2021-09-21T14:00:00+02:00 --end=2021-09-21T19:00:00+02:00

+--------------+-------------+------------------+----------------------+------------------------------+------------------------+
| Syscall Name |  Error Code | Samples in Total | Invocations in Total |         Failure Rate         |        Variance        |
+--------------+-------------+------------------+----------------------+------------------------------+------------------------+
|   accept4    |    EAGAIN   |       1201       |        57598         | 0.495868, 0.499711, 0.500000 | 1.477251496503813e-06  |
|   accept4    |   SUCCESS   |        -         |        57666         |              -               |           -            |
|   connect    | EINPROGRESS |        38        |         186          | 0.226154, 0.349277, 0.543407 |  0.011257923781265661  |
|   connect    |   SUCCESS   |        -         |         387          |              -               |           -            |
|  epoll_ctl   |    EPERM    |       1201       |        12566         | 0.071429, 0.090456, 0.116279 | 0.0002530040828677972  |
|  epoll_ctl   |   SUCCESS   |        -         |        128474        |              -               |           -            |
| epoll_pwait  |    EINTR    |        28        |          28          | 0.000022, 0.000033, 0.000045 | 6.428927005879756e-11  |
| epoll_pwait  |   SUCCESS   |        -         |       43178710       |              -               |           -            |
|    futex     |    EAGAIN   |       1201       |        101902        | 0.003423, 0.005048, 0.007370 | 1.8697308802022557e-06 |
|    futex     |  ETIMEDOUT  |       1201       |        83626         | 0.002480, 0.004167, 0.007180 | 1.0626335874107062e-05 |
|    futex     |   SUCCESS   |        -         |       20404511       |              -               |           -            |
|  newfstatat  |    ENOENT   |        5         |          5           | 0.250000, 0.300000, 0.450000 |  0.010000000000000004  |
|  newfstatat  |   SUCCESS   |        -         |          87          |              -               |           -            |
|     read     |    EAGAIN   |       1201       |       9711587        | 0.492972, 0.495587, 0.497697 | 3.0753442155863615e-06 |
|     read     |  ECONNRESET |        1         |          1           | 0.000070, 0.000070, 0.000070 |          0.0           |
|     read     |   SUCCESS   |        -         |       9885418        |              -               |           -            |
|   recvfrom   |    EAGAIN   |       1201       |        106390        | 0.454167, 0.477411, 0.491667 | 0.00013299765379565538 |
|   recvfrom   |   SUCCESS   |        -         |        116745        |              -               |           -            |
|   unlinkat   |    EISDIR   |        5         |          10          | 0.244444, 0.311111, 0.333333 | 0.0019753086419753087  |
|   unlinkat   |  ENOTEMPTY  |        5         |          5           | 0.122222, 0.155556, 0.166667 | 0.0004938271604938272  |
|   unlinkat   |   SUCCESS   |        -         |          37          |              -               |           -            |
|    write     |    EPIPE    |        1         |          2           | 0.007067, 0.007067, 0.007067 |          0.0           |
|    write     |   SUCCESS   |        -         |        757141        |              -               |           -            |
+--------------+-------------+------------------+----------------------+------------------------------+------------------------+

+-------------+-------------+--------------------+-------------+------------------------+
| Metric Name |     Min     |        Mean        |     Max     |        Variance        |
+-------------+-------------+--------------------+-------------+------------------------+
|  dir_read_c |   19373.0   | 25685.011656952538 |   38093.0   |   131299803.48362762   |
|  dir_reads  | 235074560.0 | 322312249.97835135 | 462994432.0 | 3.3131404633894944e+16 |
| dir_write_c |     37.0    | 335.62531223980017 |    348.0    |   4394123.196828066    |
|  dir_writes |    4096.0   | 2756603.7368859285 |   715776.0  |   1006572631870115.2   |
|   tcp_conn  |     83.0    | 93.75770191507077  |    105.0    |   43.394247508147856   |
|  tcp_recvs  |  1382400.0  | 3417544.153205662  |  6161408.0  |   2244261120999.3037   |
|  tcp_sends  |   97280.0   | 178782.2148209825  |   280576.0  |   3482236279.377656    |
+-------------+-------------+--------------------+-------------+------------------------+