$ python steady_state_analyzer.py -c ./experiments/go-ethereum/experiment_config_go-ethereum.ini --host http://localhost:9090 --start=2021-10-01T07:00:00+02:00 --end=2021-10-01T12:00:00+02:00

+--------------+-------------+------------------+----------------------+------------------------------+------------------------+
| Syscall Name |  Error Code | Samples in Total | Invocations in Total |         Failure Rate         |        Variance        |
+--------------+-------------+------------------+----------------------+------------------------------+------------------------+
|   accept4    |    EAGAIN   |       1200       |        57745         | 0.495575, 0.499654, 0.500000 | 2.0165369316173624e-06 |
|   accept4    |   SUCCESS   |        -         |        57827         |              -               |           -            |
|   connect    | EINPROGRESS |        13        |          53          | 0.125641, 0.291899, 0.384615 |  0.007920159905984733  |
|   connect    |   SUCCESS   |        -         |        11096         |              -               |           -            |
|  epoll_ctl   |    EPERM    |       1200       |        43082         | 0.063291, 0.096417, 0.165618 |  0.013168547585459201  |
|  epoll_ctl   |   SUCCESS   |        -         |        149999        |              -               |           -            |
| epoll_pwait  |    EINTR    |       111        |         125          | 0.000008, 0.000031, 0.000083 | 6.354652255174608e-10  |
| epoll_pwait  |   SUCCESS   |        -         |       37168173       |              -               |           -            |
|    futex     |    EAGAIN   |       1200       |        51949         | 0.001163, 0.004795, 0.008684 | 5.446008716881035e-06  |
|    futex     |  ETIMEDOUT  |       1200       |        149617        | 0.003101, 0.006785, 0.017249 | 2.6880913392760624e-05 |
|    futex     |   SUCCESS   |        -         |       15665078       |              -               |           -            |
|  newfstatat  |    ENOENT   |        5         |          5           | 0.166667, 0.273333, 0.466667 |  0.016622222222222226  |
|  newfstatat  |   SUCCESS   |        -         |         1862         |              -               |           -            |
|     read     |    EAGAIN   |       1200       |       4584124        | 0.485337, 0.492499, 0.496522 | 0.00012282258501587737 |
|     read     |  ECONNRESET |        4         |          5           | 0.000079, 0.000130, 0.000177 | 1.7309364032206717e-09 |
|     read     |   SUCCESS   |        -         |       4732055        |              -               |           -            |
|   recvfrom   |    EAGAIN   |       1200       |        585387        | 0.136475, 0.443345, 0.500000 |  0.014800434476132513  |
|   recvfrom   |   SUCCESS   |        -         |       3009193        |              -               |           -            |
|   unlinkat   |    EISDIR   |        5         |          10          | 0.333333, 0.400000, 0.600000 |  0.017777777777777778  |
|   unlinkat   |  ENOTEMPTY  |        5         |          5           | 0.166667, 0.200000, 0.300000 | 0.0044444444444444444  |
|   unlinkat   |   SUCCESS   |        -         |         6614         |              -               |           -            |
|    write     |    EAGAIN   |        2         |          4           | 0.000894, 0.005114, 0.009335 | 2.199193891272203e-05  |
|    write     |   SUCCESS   |        -         |       4312142        |              -               |           -            |
+--------------+-------------+------------------+----------------------+------------------------------+------------------------+

+-------------+--------------------+--------------------+--------------------+------------------------+
| Metric Name |        Min         |        Mean        |        Max         |        Variance        |
+-------------+--------------------+--------------------+--------------------+------------------------+
|  dir_read_c |      18483.5       | 25261.610833333332 | 45408.29999999998  |   226689445.38604945   |
|  dir_reads  | 218003507.20000002 | 292082981.5466667  | 551708876.7999997  | 2.0380927678616172e+16 |
| dir_write_c |        29.0        | 3313.298333333333  | 10608.799999999987 |   183707480.2243304    |
|  dir_writes |       3072.0       | 10357018.453333333 | 6291353.599999999  |   4144911393824168.0   |
|  disk_read  | 15294700.99004421  | 19422123.27537134  | 31215771.505263433 |   28364564530617.94    |
|  disk_write | 3321.231970015283  | 538404.8991204209  | 164788.5461846723  |   11354510072276.492   |
|  peer_stats |        50.0        |      50.60375      |        52.0        |    0.51569427083334    |
|   tcp_conn  |        84.0        | 94.50416666666666  |       105.0        |   43.98164930555558    |
|  tcp_recvs  | 886937.6000000001  | 2242993.493333333  | 4056985.5999999987 |   1026821376308.3824   |
|  tcp_sends  |      79872.0       | 172617.38666666666 | 272435.19999999995 |   47784031102.93049    |
+-------------+--------------------+--------------------+--------------------+------------------------+