$ python steady_state_analyzer.py -c ./experiments/go-ethereum/experiment_config_go-ethereum.ini --host http://localhost:9090 --start=2021-10-01T12:00:00+02:00 --end=2021-10-01T17:00:00+02:00

+--------------+-------------+------------------+----------------------+------------------------------+------------------------+
| Syscall Name |  Error Code | Samples in Total | Invocations in Total |         Failure Rate         |        Variance        |
+--------------+-------------+------------------+----------------------+------------------------------+------------------------+
|   accept4    |    EAGAIN   |       1200       |        58335         | 0.495723, 0.499704, 0.500000 | 1.5744456912032544e-06 |
|   accept4    |   SUCCESS   |        -         |        58405         |              -               |           -            |
|   connect    | EINPROGRESS |        22        |          86          | 0.200714, 0.299792, 0.399231 |  0.004732798480967602  |
|   connect    |   SUCCESS   |        -         |         4306         |              -               |           -            |
|  epoll_ctl   |    EPERM    |       1200       |        12192         | 0.064516, 0.082840, 0.104167 | 0.0002434949281958831  |
|  epoll_ctl   |   SUCCESS   |        -         |        137629        |              -               |           -            |
| epoll_pwait  |    EINTR    |        45        |          45          | 0.000033, 0.000048, 0.000077 | 2.125945379963616e-10  |
| epoll_pwait  |   SUCCESS   |        -         |       27539498       |              -               |           -            |
|    futex     |    EAGAIN   |       1200       |        58744         | 0.003520, 0.006185, 0.010233 | 4.620971759472305e-06  |
|    futex     |  ETIMEDOUT  |       1200       |        49882         | 0.002925, 0.005323, 0.008661 | 1.9044622496034865e-05 |
|    futex     |   SUCCESS   |        -         |       9405239        |              -               |           -            |
|  newfstatat  |    ENOENT   |        5         |          5           | 0.173333, 0.223333, 0.250000 | 0.0011777777777777778  |
|  newfstatat  |   SUCCESS   |        -         |         731          |              -               |           -            |
|     read     |    EAGAIN   |       1200       |       4899491        | 0.490313, 0.493772, 0.496529 | 6.639528122092512e-06  |
|     read     |  ECONNRESET |        2         |          2           | 0.000094, 0.000115, 0.000136 | 5.219649765731156e-10  |
|     read     |   SUCCESS   |        -         |       5021363        |              -               |           -            |
|   recvfrom   |    EAGAIN   |       1200       |        79705         | 0.478556, 0.494729, 0.500000 | 7.495367442794668e-05  |
|   recvfrom   |   SUCCESS   |        -         |        81750         |              -               |           -            |
|   unlinkat   |    EISDIR   |        5         |          10          | 0.333333, 0.333333, 0.333333 |          0.0           |
|   unlinkat   |  ENOTEMPTY  |        5         |          5           | 0.166667, 0.166667, 0.166667 |          0.0           |
|   unlinkat   |   SUCCESS   |        -         |          41          |              -               |           -            |
+--------------+-------------+------------------+----------------------+------------------------------+------------------------+

+-------------+--------------------+--------------------+--------------------+------------------------+
| Metric Name |        Min         |        Mean        |        Max         |        Variance        |
+-------------+--------------------+--------------------+--------------------+------------------------+
|  dir_read_c |      18903.3       |     24392.235      | 34726.949999999975 |   93796363.55144173    |
|  dir_reads  |    226451353.6     | 299982424.74666667 |    412968140.8     | 2.3280415719409164e+16 |
| dir_write_c |        27.0        | 285.25916666666666 |       326.0        |   2693619.7436659713   |
|  dir_writes |       3072.0       |     2545477.12     |      624691.2      |   983509460062508.8    |
|  disk_read  | 15613217.858795222 | 19961109.70233077  | 30491388.879765615 |    23056714986632.8    |
|  disk_write | 2388.336175640902  | 34151.76695927309  | 101021.83082263358 |   25412804874.80901    |
|  peer_stats |        50.0        |      50.63375      |        52.0        |   0.5252359375000012   |
|   tcp_conn  |        84.0        |      94.5575       |       106.0        |      44.79669375       |
|  tcp_recvs  | 1005465.6000000001 | 2720558.933333333  |     4897536.0      |   1516757988128.9946   |
|  tcp_sends  |      82944.0       | 170153.81333333332 | 279603.19999999995 |   25494278197.885204   |
+-------------+--------------------+--------------------+--------------------+------------------------+