2021-06-04 00:45:53 UTC Imported #12564808 0x2a60…c459 (226 txs, 15.00 Mgas, 4492 ms, 52.84 KiB)
2021-06-04 00:46:12 UTC  14/25 peers      6 MiB chain  181 KiB queue  RPC:  0 conn,    0 req/s,    0 µs
2021-06-04 00:46:17 UTC Imported #12564811 0xe72e…0472 (173 txs, 14.97 Mgas, 3678 ms, 47.17 KiB)
2021-06-04 00:46:42 UTC  15/25 peers      5 MiB chain  171 KiB queue  RPC:  0 conn,    0 req/s,    0 µs
2021-06-04 00:46:49 UTC Imported #12564815 0x759d…e682 (148 txs, 14.94 Mgas, 4925 ms, 41.16 KiB)
2021-06-04 00:47:02 UTC Imported #12564816 0x1ada…2b58 (187 txs, 14.97 Mgas, 5563 ms, 50.11 KiB)
2021-06-04 00:47:18 UTC  16/25 peers      6 MiB chain  0 bytes queue  RPC:  0 conn,    0 req/s,    0 µs
2021-06-04 00:47:34 UTC Imported #12564818 0x4e4e…dae8 (123 txs, 15.00 Mgas, 1927 ms, 51.00 KiB)
2021-06-04 00:47:38 UTC Reorg to #12564819 0x77dc…c79c (0x77ae…0872 #12564817 0xf573…9ea6 0x4e4e…dae8)
2021-06-04 00:47:41 UTC Imported #12564819 0x77dc…c79c (127 txs, 14.79 Mgas, 4128 ms, 40.21 KiB)
2021-06-04 00:47:56 UTC Imported #12564820 0xc925…39a4 (178 txs, 14.96 Mgas, 3906 ms, 57.97 KiB)
2021-06-04 00:47:58 UTC  19/25 peers      5 MiB chain  174 KiB queue  RPC:  0 conn,    0 req/s,    0 µs
2021-06-04 00:48:23 UTC Syncing #12564821 0x3ba3…6867     0.04 blk/s    5.6 tx/s    0.6 Mgas/s      0+    4 Qed LI:#12564825   20/25 peers      5 MiB chain  537 KiB queue  RPC:  0 conn,    0 req/s,    0 µs
2021-06-04 00:48:44 UTC Imported #12564826 0xfc11…e966 (110 txs, 14.96 Mgas, 5036 ms, 40.86 KiB)
2021-06-04 00:48:55 UTC  23/25 peers      6 MiB chain  0 bytes queue  RPC:  0 conn,    0 req/s,    0 µs
2021-06-04 00:48:55 UTC  23/25 peers      6 MiB chain  0 bytes queue  RPC:  0 conn,    0 req/s,    0 µs
2021-06-04 00:49:04 UTC Imported #12564827 0x19fe…d176 (234 txs, 14.97 Mgas, 4809 ms, 57.46 KiB)
2021-06-04 00:49:08 UTC Imported #12564828 0xc1f4…a854 (175 txs, 14.98 Mgas, 4258 ms, 45.77 KiB)
2021-06-04 00:49:29 UTC  24/25 peers      6 MiB chain  0 bytes queue  RPC:  0 conn,    0 req/s,    0 µs
2021-06-04 00:49:42 UTC Imported #12564829 0x63ab…e652 (233 txs, 14.97 Mgas, 1936 ms, 47.47 KiB)
2021-06-04 00:49:52 UTC Imported #12564830 0xc4a8…5e2e (188 txs, 14.97 Mgas, 4936 ms, 51.25 KiB)
2021-06-04 00:50:03 UTC Imported #12564831 0x2c18…8902 (171 txs, 14.98 Mgas, 5962 ms, 51.27 KiB)
2021-06-04 00:50:07 UTC  25/25 peers      6 MiB chain  140 KiB queue  RPC:  0 conn,    0 req/s,    0 µs
2021-06-04 00:50:25 UTC Imported #12564833 0xb2fe…f61e (125 txs, 15.00 Mgas, 3626 ms, 49.62 KiB)
2021-06-04 00:50:38 UTC  25/25 peers      5 MiB chain  0 bytes queue  RPC:  0 conn,    0 req/s,    0 µs
2021-06-04 00:50:41 UTC Imported #12564834 0xaf3f…719b (260 txs, 15.00 Mgas, 4326 ms, 53.20 KiB)
2021-06-04 00:51:12 UTC  24/25 peers      5 MiB chain  0 bytes queue  RPC:  0 conn,    0 req/s,    0 µs
2021-06-04 00:51:16 UTC Imported #12564835 0x0ab5…bd2c (279 txs, 15.00 Mgas, 3365 ms, 53.79 KiB)
2021-06-04 00:51:37 UTC Imported #12564837 0xede6…8b2f (203 txs, 14.99 Mgas, 4084 ms, 52.63 KiB)
2021-06-04 00:51:51 UTC  24/25 peers      5 MiB chain  556 KiB queue  RPC:  0 conn,    0 req/s,    0 µs
2021-06-04 00:52:07 UTC Imported #12564840 0x06ac…f3be (152 txs, 14.85 Mgas, 3805 ms, 50.14 KiB)
2021-06-04 00:52:23 UTC  27/50 peers      5 MiB chain  390 KiB queue  RPC:  0 conn,    0 req/s,    0 µs
2021-06-04 00:52:47 UTC Imported #12564845 0xcbe2…0eea (141 txs, 14.66 Mgas, 3640 ms, 49.00 KiB)