INFO [10-01|21:31:34.126] State heal in progress                   accounts=2548@166.03KiB slots=469@36.53KiB codes=11114@94.34MiB nodes=267,765,085@77.79GiB pending=75508
INFO [10-01|21:31:35.249] Looking for peers                        peercount=26 tried=6 static=0
INFO [10-01|21:31:43.096] State heal in progress                   accounts=2566@167.11KiB slots=469@36.53KiB codes=11114@94.34MiB nodes=267,765,431@77.79GiB pending=75952
WARN [10-01|21:31:44.148] Checkpoint challenge timed out, dropping id=09e35060edf45e4a conn=inbound addr=24.80.105.157:35036   type=erigon/v2021.08.5-al...
ERROR[10-01|21:31:45.219] Snapshot extension registration failed   peer=00ec02be err="peer connected on snap without compatible eth support"
INFO [10-01|21:31:45.250] Looking for peers                        peercount=25 tried=3 static=0
ERROR[10-01|21:31:54.035] Snapshot extension registration failed   peer=3c960ec6 err="peer connected on snap without compatible eth support"
INFO [10-01|21:31:55.252] Looking for peers                        peercount=27 tried=3 static=0
INFO [10-01|21:31:55.712] State heal in progress                   accounts=2676@174.00KiB slots=469@36.53KiB codes=11114@94.34MiB nodes=267,766,249@77.79GiB pending=76639
ERROR[10-01|21:31:59.303] Snapshot extension registration failed   peer=cc8018e3 err="peer connected on snap without compatible eth support"
INFO [10-01|21:32:03.915] State heal in progress                   accounts=2874@186.29KiB slots=471@36.66KiB codes=11115@94.35MiB nodes=267,766,987@77.79GiB pending=76954
INFO [10-01|21:32:05.254] Looking for peers                        peercount=27 tried=2 static=0
INFO [10-01|21:32:10.640] Imported new block headers               count=1    elapsed=11.729ms  number=13,335,885 hash=f9bcfb..5e465b age=2m12s
INFO [10-01|21:32:12.354] State heal in progress                   accounts=2965@191.82KiB slots=471@36.66KiB codes=11115@94.35MiB nodes=267,767,552@77.79GiB pending=77415
INFO [10-01|21:32:15.254] Looking for peers                        peercount=28 tried=4 static=0
ERROR[10-01|21:32:16.180] Snapshot extension registration failed   peer=219700a3 err="peer connected on snap without compatible eth support"
ERROR[10-01|21:32:17.367] Snapshot extension registration failed   peer=372bfa0e err="peer connected on snap without compatible eth support"
INFO [10-01|21:32:20.594] State heal in progress                   accounts=3116@200.79KiB slots=471@36.66KiB codes=11115@94.35MiB nodes=267,768,314@77.79GiB pending=77787
INFO [10-01|21:32:25.255] Looking for peers                        peercount=28 tried=3 static=0
INFO [10-01|21:32:27.669] State heal in progress                   accounts=3242@208.09KiB slots=471@36.66KiB codes=11115@94.35MiB nodes=267,768,827@77.79GiB pending=78028
WARN [10-01|21:32:27.672] Synchronisation failed, dropping peer    peer=f82d57b244a509a3d181188caf50b56117f608bd92d526873c2c14d3490ccd75 err="action from bad peer ignored: header request timed out"
WARN [10-01|21:32:27.696] Unexpected trienode heal packet          peer=92e6521f reqid=2,002,081,701,162,483,185
WARN [10-01|21:32:27.714] Unexpected trienode heal packet          peer=3221935c reqid=5,995,334,881,446,359,806
WARN [10-01|21:32:27.926] Unexpected trienode heal packet          peer=e52bb6cb reqid=317,792,391,627,589,194
WARN [10-01|21:32:28.028] Unexpected trienode heal packet          peer=9300ae06 reqid=6,327,035,211,485,457,538
WARN [10-01|21:32:28.192] Unexpected trienode heal packet          peer=dbe7d41a reqid=2,867,705,279,088,825,873
INFO [10-01|21:32:28.433] Disabling direct-ancient mode            origin=13,335,802 ancient=12,976,127
INFO [10-01|21:32:28.831] Imported new block headers               count=1    elapsed=315.718ms number=13,335,886 hash=96fa72..557449 age=2m26s    ignored=83
WARN [10-01|21:32:31.418] Dropping unsynced node during sync       id=4535e1debe9e2c3f conn=inbound addr=77.128.120.94:59810   type=Geth/v1.10.8-stable-...
INFO [10-01|21:32:34.144] Downloader queue stats                   receiptTasks=0  blockTasks=0   itemSize=185.47KiB throttle=1414
INFO [10-01|21:32:34.214] Imported new block receipts              count=20   elapsed=68.961ms  number=13,335,822 hash=083895..b10c4f age=14m21s   size=2.26MiB
INFO [10-01|21:32:34.391] State heal in progress                   accounts=3242@208.09KiB slots=471@36.66KiB codes=11115@94.35MiB nodes=267,770,000@77.79GiB pending=16580
WARN [10-01|21:32:34.405] Unexpected trienode heal packet          peer=94e11e61 reqid=7,024,420,435,076,413,712
WARN [10-01|21:32:34.412] Unexpected trienode heal packet          peer=175eb82b reqid=6,237,671,160,985,884,897
WARN [10-01|21:32:34.432] Unexpected trienode heal packet          peer=81a6b93e reqid=8,328,940,278,116,740,468
WARN [10-01|21:32:34.439] Unexpected trienode heal packet          peer=92e6521f reqid=4,302,383,405,257,484,304
WARN [10-01|21:32:34.447] Unexpected trienode heal packet          peer=3221935c reqid=240,154,859,182,195,508
WARN [10-01|21:32:34.463] Unexpected trienode heal packet          peer=a23dd7aa reqid=3,487,059,099,993,686,051
WARN [10-01|21:32:34.495] Unexpected trienode heal packet          peer=9300ae06 reqid=2,839,555,339,452,485,932
WARN [10-01|21:32:34.555] Unexpected trienode heal packet          peer=1c973dd7 reqid=3,725,324,516,012,648,439
WARN [10-01|21:32:34.660] Unexpected trienode heal packet          peer=66ad09d9 reqid=6,565,498,432,363,877,069
INFO [10-01|21:32:35.258] Looking for peers                        peercount=28 tried=2 static=0
WARN [10-01|21:32:35.385] Unexpected trienode heal packet          peer=e52bb6cb reqid=5,964,532,955,174,283,380
WARN [10-01|21:32:38.382] Unexpected trienode heal packet          peer=dbe7d41a reqid=2,748,557,369,580,129,760
ERROR[10-01|21:32:42.227] Snapshot extension registration failed   peer=89027a8b err="peer connected on snap without compatible eth support"
ERROR[10-01|21:32:42.877] Snapshot extension registration failed   peer=a6c868a1 err="peer connected on snap without compatible eth support"
INFO [10-01|21:32:45.203] State heal in progress                   accounts=3242@208.09KiB slots=471@36.66KiB codes=11115@94.35MiB nodes=267,773,056@77.80GiB pending=38806
INFO [10-01|21:32:45.259] Looking for peers                        peercount=28 tried=3 static=0
ERROR[10-01|21:32:52.878] Snapshot extension registration failed   peer=372bfa0e err="peer connected on snap without compatible eth support"
ERROR[10-01|21:32:53.439] Snapshot extension registration failed   peer=75cc7d20 err="peer connected on snap without compatible eth support"
INFO [10-01|21:32:55.261] Looking for peers                        peercount=28 tried=3 static=0
WARN [10-01|21:32:57.246] Rewinding blockchain                     target=13,333,837
INFO [10-01|21:33:00.470] Loaded most recent local header          number=13,333,837 hash=0eb14a..ce9517 td=31,614,831,271,050,676,172,546 age=7h39m58s
INFO [10-01|21:33:00.471] Loaded most recent local full block      number=0          hash=d4e567..cb8fa3 td=17,179,869,184                 age=52y6mo1d
INFO [10-01|21:33:00.472] Loaded most recent local fast block      number=13,333,837 hash=0eb14a..ce9517 td=31,614,831,271,050,676,172,546 age=7h39m58s
INFO [10-01|21:33:00.472] Loaded last fast-sync pivot marker       number=13,335,823
WARN [10-01|21:33:00.472] Rolled back chain segment                header=13335886->13333837 fast=13335822->13333837 block=0->0 reason=nil
INFO [10-01|21:33:02.540] State heal in progress                   accounts=3242@208.09KiB slots=471@36.66KiB codes=11115@94.35MiB nodes=267,774,832@77.80GiB pending=55022
INFO [10-01|21:33:02.548] State heal in progress                   accounts=3242@208.09KiB slots=471@36.66KiB codes=11115@94.35MiB nodes=267,774,832@77.80GiB pending=55022
WARN [10-01|21:33:02.548] Synchronisation failed, dropping peer    peer=92e6521f1aeaccf59d94a4ec469e4d620edfb74b4c23db1b2ad4ceee22a55020 err="action from bad peer ignored: header request timed out"
WARN [10-01|21:33:02.621] Unexpected trienode heal packet          peer=3221935c reqid=3,500,774,757,015,695,516
WARN [10-01|21:33:02.719] Unexpected trienode heal packet          peer=9300ae06 reqid=2,728,369,324,285,562,475
WARN [10-01|21:33:03.051] Unexpected trienode heal packet          peer=e52bb6cb reqid=3,405,896,113,276,558,464
INFO [10-01|21:33:04.518] Disabling direct-ancient mode            origin=13,333,837 ancient=12,976,127
INFO [10-01|21:33:04.772] Imported new block headers               count=192  elapsed=24.646ms  number=13,334,029 hash=ed3ab1..ccf3ff age=7h2m
WARN [10-01|21:33:04.812] Unexpected trienode heal packet          peer=dbe7d41a reqid=2,247,249,337,192,368,724
INFO [10-01|21:33:04.907] Imported new block headers               count=192  elapsed=63.968ms  number=13,334,221 hash=529ada..72b0de age=6h20m15s
INFO [10-01|21:33:05.215] Imported new block headers               count=192  elapsed=93.452ms  number=13,334,413 hash=67a264..9e6579 age=5h37m40s
INFO [10-01|21:33:05.282] Looking for peers                        peercount=28 tried=2 static=0
INFO [10-01|21:33:06.437] Imported new block receipts              count=19   elapsed=324.520ms number=13,333,856 hash=7f3bb6..7ed19d age=7h37m13s size=2.51MiB
INFO [10-01|21:33:06.785] Imported new block receipts              count=19   elapsed=175.073ms number=13,333,875 hash=0934f9..13b6fa age=7h32m31s size=2.58MiB
INFO [10-01|21:33:08.196] Imported new block receipts              count=14   elapsed=140.194ms number=13,333,889 hash=4d56a4..22836d age=7h29m28s size=1.75MiB
INFO [10-01|21:33:08.498] Imported new block receipts              count=21   elapsed=279.721ms number=13,333,910 hash=ef344a..034085 age=7h26m11s size=2.73MiB
INFO [10-01|21:33:09.246] Imported new block receipts              count=73   elapsed=636.868ms number=13,333,983 hash=50655f..e0e133 age=7h11m38s size=9.47MiB
INFO [10-01|21:33:09.484] Imported new block receipts              count=46   elapsed=236.659ms number=13,334,029 hash=ed3ab1..ccf3ff age=7h2m5s   size=6.12MiB
INFO [10-01|21:33:10.324] Imported new block headers               count=384  elapsed=97.533ms  number=13,334,797 hash=955fc9..5e1161 age=4h10m27s
INFO [10-01|21:33:11.821] Imported new block receipts              count=38   elapsed=590.180ms number=13,334,067 hash=f4d949..1180c4 age=6h54m24s size=5.18MiB
INFO [10-01|21:33:11.959] Imported new block receipts              count=10   elapsed=136.448ms number=13,334,077 hash=e86510..29dea4 age=6h51m1s  size=1.56MiB
ERROR[10-01|21:33:12.268] Snapshot extension registration failed   peer=6544251c err="peer connected on snap without compatible eth support"
INFO [10-01|21:33:12.334] Imported new block receipts              count=24   elapsed=218.102ms number=13,334,101 hash=a8bac3..b4c9ef age=6h47m25s size=2.81MiB
INFO [10-01|21:33:12.701] Imported new block headers               count=960  elapsed=180.884ms number=13,335,757 hash=220560..c3aeb5 age=31m38s
INFO [10-01|21:33:13.330] Imported new block receipts              count=21   elapsed=451.997ms number=13,334,122 hash=a6ff9e..3f7925 age=6h43m3s  size=2.76MiB
INFO [10-01|21:33:15.304] Looking for peers                        peercount=21 tried=4 static=0
INFO [10-01|21:33:15.444] Imported new block receipts              count=34   elapsed=519.969ms number=13,334,156 hash=2a2810..337d0d age=6h34m45s size=4.18MiB
INFO [10-01|21:33:16.139] State heal in progress                   accounts=3242@208.09KiB slots=471@36.66KiB codes=11115@94.35MiB nodes=267,776,957@77.80GiB pending=24104
INFO [10-01|21:33:17.273] Imported new block headers               count=133  elapsed=1.483s    number=13,335,890 hash=5ce906..f9a75d
ERROR[10-01|21:33:17.274] Snapshot extension registration failed   peer=0d793b51 err="peer connected on snap without compatible eth support"
INFO [10-01|21:33:18.856] Imported new block receipts              count=84   elapsed=696.225ms number=13,334,240 hash=ada92a..1b97fe age=6h16m12s size=11.75MiB
ERROR[10-01|21:33:21.098] Snapshot extension registration failed   peer=1d4fc8e3 err="peer connected on snap without compatible eth support"
INFO [10-01|21:33:22.392] Imported new block headers               count=1    elapsed=64.583ms  number=13,335,891 hash=979864..c3e226
INFO [10-01|21:33:25.401] Looking for peers                        peercount=23 tried=3 static=0
INFO [10-01|21:33:25.551] State heal in progress                   accounts=3242@208.09KiB slots=471@36.66KiB codes=11115@94.35MiB nodes=267,777,856@77.80GiB pending=38288
INFO [10-01|21:33:27.288] Imported new block receipts              count=614  elapsed=8.401s    number=13,334,854 hash=b59e78..a3bdfa age=4h3s     size=78.87MiB
ERROR[10-01|21:33:30.670] Snapshot extension registration failed   peer=b81752ba err="peer connected on snap without compatible eth support"
INFO [10-01|21:33:32.566] Imported new block receipts              count=793  elapsed=5.253s    number=13,335,647 hash=9b0b6e..455c60 age=56m34s   size=104.32MiB
INFO [10-01|21:33:33.263] Imported new block receipts              count=177  elapsed=690.061ms number=13,335,824 hash=b8b640..8c014b age=14m41s   size=20.44MiB
INFO [10-01|21:33:33.492] State heal in progress                   accounts=3242@208.09KiB slots=471@36.66KiB codes=11115@94.35MiB nodes=267,778,787@77.80GiB pending=53131
WARN [10-01|21:33:33.520] Unexpected trienode heal packet          peer=e52bb6cb reqid=1,518,431,350,112,924,866
WARN [10-01|21:33:33.526] Unexpected trienode heal packet          peer=3221935c reqid=1,495,440,185,005,526,602
WARN [10-01|21:33:33.574] Unexpected trienode heal packet          peer=9300ae06 reqid=2,957,340,049,697,516,243
WARN [10-01|21:33:33.741] Unexpected trienode heal packet          peer=dbe7d41a reqid=2,540,113,954,994,760,118
INFO [10-01|21:33:35.311] Imported new block headers               count=1    elapsed=9.690ms   number=13,335,892 hash=fcf78b..29f7da
INFO [10-01|21:33:35.410] Looking for peers                        peercount=23 tried=3 static=0
WARN [10-01|21:33:35.840] Checkpoint challenge timed out, dropping id=783390fed10f4f11 conn=inbound addr=144.76.105.190:56525  type=erigon/v2021.08.5-al...
INFO [10-01|21:33:35.917] Imported new block headers               count=1    elapsed=7.710ms   number=13,335,893 hash=f0e1dd..ad8fff
INFO [10-01|21:33:36.496] Downloader queue stats                   receiptTasks=0  blockTasks=0   itemSize=207.50KiB throttle=1264
INFO [10-01|21:33:39.109] Imported new block headers               count=1    elapsed=7.248ms   number=13,335,894 hash=1f803d..662ebf
ERROR[10-01|21:33:42.622] Snapshot extension registration failed   peer=98998f1a err="peer connected on snap without compatible eth support"
INFO [10-01|21:33:44.538] State heal in progress                   accounts=3242@208.09KiB slots=471@36.66KiB codes=11115@94.35MiB nodes=267,782,208@77.80GiB pending=44102
INFO [10-01|21:33:45.411] Looking for peers                        peercount=24 tried=3 static=0
INFO [10-01|21:33:55.413] Looking for peers                        peercount=24 tried=3 static=0
INFO [10-01|21:34:00.796] State heal in progress                   accounts=3242@208.09KiB slots=471@36.66KiB codes=11115@94.35MiB nodes=267,783,153@77.80GiB pending=47459
INFO [10-01|21:34:01.691] Imported new block headers               count=2    elapsed=51.026ms  number=13,335,896 hash=e86ca4..26e3b5
ERROR[10-01|21:34:04.669] Snapshot extension registration failed   peer=20dcc090 err="peer connected on snap without compatible eth support"
INFO [10-01|21:34:05.414] Looking for peers                        peercount=24 tried=3 static=0
INFO [10-01|21:34:15.414] Looking for peers                        peercount=27 tried=3 static=0
INFO [10-01|21:34:18.284] State heal in progress                   accounts=3242@208.09KiB slots=471@36.66KiB codes=11115@94.35MiB nodes=267,784,019@77.80GiB pending=49921
ERROR[10-01|21:34:23.314] Snapshot extension registration failed   peer=45950479 err="peer connected on snap without compatible eth support"
INFO [10-01|21:34:25.415] Looking for peers                        peercount=29 tried=3 static=0
INFO [10-01|21:34:29.693] Imported new block headers               count=1    elapsed=7.350ms   number=13,335,897 hash=c75ea9..e2bb04
INFO [10-01|21:34:30.475] State heal in progress                   accounts=3242@208.09KiB slots=471@36.66KiB codes=11115@94.35MiB nodes=267,784,832@77.80GiB pending=54819
WARN [10-01|21:34:30.477] Unexpected trienode heal packet          peer=9300ae06 reqid=8,964,765,600,863,001,686
INFO [10-01|21:34:35.417] Looking for peers                        peercount=29 tried=3 static=0
INFO [10-01|21:34:35.945] Imported new block headers               count=1    elapsed=10.359ms  number=13,335,898 hash=a0faa1..0341a7
INFO [10-01|21:34:37.536] Downloader queue stats                   receiptTasks=0  blockTasks=0   itemSize=204.55KiB throttle=1282
INFO [10-01|21:34:42.338] State heal in progress                   accounts=3242@208.09KiB slots=471@36.66KiB codes=11115@94.35MiB nodes=267,785,619@77.80GiB pending=57240
INFO [10-01|21:34:45.424] Looking for peers                        peercount=29 tried=3 static=0
INFO [10-01|21:34:48.919] Imported new block headers               count=1    elapsed=6.071ms   number=13,335,899 hash=4eaafd..e9d861
INFO [10-01|21:34:51.224] State heal in progress                   accounts=3242@208.09KiB slots=471@36.66KiB codes=11115@94.35MiB nodes=267,786,244@77.80GiB pending=58454
ERROR[10-01|21:34:52.498] Snapshot extension registration failed   peer=bad9be4f err="peer connected on snap without compatible eth support"
INFO [10-01|21:34:55.225] Imported new block headers               count=1    elapsed=6.384ms   number=13,335,900 hash=8275e9..42e1e9
INFO [10-01|21:34:55.427] Looking for peers                        peercount=29 tried=3 static=0
INFO [10-01|21:35:01.104] State heal in progress                   accounts=3242@208.09KiB slots=471@36.66KiB codes=11115@94.35MiB nodes=267,786,820@77.80GiB pending=59659
INFO [10-01|21:35:05.071] Imported new block headers               count=1    elapsed=6.445ms   number=13,335,901 hash=76b646..473654
INFO [10-01|21:35:05.428] Looking for peers                        peercount=28 tried=2 static=0
ERROR[10-01|21:35:10.218] Snapshot extension registration failed   peer=7e39a431 err="peer connected on snap without compatible eth support"
INFO [10-01|21:35:12.851] State heal in progress                   accounts=3242@208.09KiB slots=471@36.66KiB codes=11115@94.35MiB nodes=267,787,548@77.80GiB pending=61174
INFO [10-01|21:35:15.429] Looking for peers                        peercount=29 tried=4 static=0
INFO [10-01|21:35:21.848] State heal in progress                   accounts=3242@208.09KiB slots=471@36.66KiB codes=11115@94.35MiB nodes=267,788,089@77.80GiB pending=62420
INFO [10-01|21:35:23.654] Imported new block headers               count=1    elapsed=6.393ms   number=13,335,902 hash=920126..8ef062
INFO [10-01|21:35:25.430] Looking for peers                        peercount=30 tried=2 static=0
INFO [10-01|21:35:30.361] State heal in progress                   accounts=3242@208.09KiB slots=471@36.66KiB codes=11115@94.35MiB nodes=267,788,581@77.80GiB pending=63584
INFO [10-01|21:35:33.044] Imported new block headers               count=1    elapsed=6.042ms   number=13,335,903 hash=23f872..6c86b7
INFO [10-01|21:35:35.432] Looking for peers                        peercount=29 tried=1 static=0
INFO [10-01|21:35:36.211] Imported new block headers               count=1    elapsed=6.168ms   number=13,335,904 hash=ab25a9..b975b4
WARN [10-01|21:35:37.147] Checkpoint challenge timed out, dropping id=783390fed10f4f11 conn=inbound addr=144.76.105.190:9612   type=erigon/v2021.08.5-al...
INFO [10-01|21:35:37.588] Downloader queue stats                   receiptTasks=0  blockTasks=0   itemSize=213.08KiB throttle=1231
INFO [10-01|21:35:40.674] State heal in progress                   accounts=3242@208.09KiB slots=471@36.66KiB codes=11115@94.35MiB nodes=267,789,047@77.80GiB pending=64648
INFO [10-01|21:35:45.432] Looking for peers                        peercount=28 tried=5 static=0
ERROR[10-01|21:35:46.264] Snapshot extension registration failed   peer=7aa58118 err="peer connected on snap without compatible eth support"
INFO [10-01|21:35:53.817] State heal in progress                   accounts=3242@208.09KiB slots=471@36.66KiB codes=11115@94.35MiB nodes=267,789,610@77.80GiB pending=65572
INFO [10-01|21:35:55.435] Looking for peers                        peercount=31 tried=3 static=0
INFO [10-01|21:36:04.155] Imported new block headers               count=1    elapsed=6.329ms   number=13,335,905 hash=7f725b..238454
INFO [10-01|21:36:05.437] Looking for peers                        peercount=31 tried=3 static=0
WARN [10-01|21:36:05.796] Dropping unsynced node during sync       id=8362f7cc4da2fb5e conn=inbound addr=144.137.20.70:58232   type=Nethermind/v1.11.3-0...
INFO [10-01|21:36:06.021] State heal in progress                   accounts=3242@208.09KiB slots=471@36.66KiB codes=11115@94.35MiB nodes=267,790,031@77.80GiB pending=66036
ERROR[10-01|21:36:12.858] Snapshot extension registration failed   peer=5e9ddde8 err="peer connected on snap without compatible eth support"
INFO [10-01|21:36:15.439] Looking for peers                        peercount=31 tried=2 static=0
INFO [10-01|21:36:16.136] State heal in progress                   accounts=3244@208.18KiB slots=471@36.66KiB codes=11115@94.35MiB nodes=267,790,461@77.80GiB pending=66475
ERROR[10-01|21:36:20.014] Snapshot extension registration failed   peer=185b6292 err="peer connected on snap without compatible eth support"
INFO [10-01|21:36:22.757] Imported new block headers               count=1    elapsed=6.682ms   number=13,335,906 hash=97bbff..d13f45
INFO [10-01|21:36:24.237] State heal in progress                   accounts=3245@208.23KiB slots=471@36.66KiB codes=11115@94.35MiB nodes=267,790,832@77.80GiB pending=66866
INFO [10-01|21:36:25.441] Looking for peers                        peercount=31 tried=4 static=0
WARN [10-01|21:36:26.878] Dropping unsynced node during sync       id=ae6a58ab136979de conn=inbound addr=99.123.174.80:47140   type=OpenEthereum/v3.3.0-...
INFO [10-01|21:36:29.011] Imported new block headers               count=1    elapsed=10.621ms  number=13,335,907 hash=f4bbe0..5e16de
ERROR[10-01|21:36:29.739] Snapshot extension registration failed   peer=9c8d9aaf err="peer connected on snap without compatible eth support"
INFO [10-01|21:36:32.199] Imported new block headers               count=2    elapsed=14.274ms  number=13,335,909 hash=39f647..1d8c60
ERROR[10-01|21:36:34.380] Snapshot extension registration failed   peer=63cbe74f err="peer connected on snap without compatible eth support"
INFO [10-01|21:36:35.609] Looking for peers                        peercount=32 tried=2 static=0
ERROR[10-01|21:36:41.693] Snapshot extension registration failed   peer=372bfa0e err="peer connected on snap without compatible eth support"
INFO [10-01|21:36:43.562] State heal in progress                   accounts=3255@208.67KiB slots=471@36.66KiB codes=11115@94.35MiB nodes=267,791,567@77.80GiB pending=67592
INFO [10-01|21:36:45.791] Looking for peers                        peercount=32 tried=4 static=0
INFO [10-01|21:36:57.039] Looking for peers                        peercount=30 tried=3 static=0
INFO [10-01|21:36:59.228] State heal in progress                   accounts=3265@209.12KiB slots=471@36.66KiB codes=11115@94.35MiB nodes=267,792,141@77.80GiB pending=68333