INFO [10-01|21:46:42.087] Imported new block headers               count=1    elapsed=7.468ms   number=13,335,958 hash=9ee726..214139
INFO [10-01|21:46:42.884] Downloader queue stats                   receiptTasks=0  blockTasks=0   itemSize=185.86KiB throttle=1411
INFO [10-01|21:46:45.094] State heal in progress                   accounts=6920@408.74KiB slots=3371@271.06KiB codes=11117@94.38MiB nodes=267,833,914@77.82GiB pending=76093
WARN [10-01|21:46:45.095] Unexpected trienode heal packet          peer=243fad13 reqid=7,058,542,389,887,048,745
INFO [10-01|21:46:51.777] Looking for peers                        peercount=36 tried=3 static=0
INFO [10-01|21:46:56.121] State heal in progress                   accounts=6920@408.74KiB slots=3371@271.06KiB codes=11117@94.38MiB nodes=267,834,486@77.82GiB pending=77830
INFO [10-01|21:46:57.610] Imported new block headers               count=1    elapsed=6.624ms   number=13,335,959 hash=2c4339..afe145
INFO [10-01|21:47:01.779] Looking for peers                        peercount=36 tried=2 static=0
INFO [10-01|21:47:04.061] Imported new block headers               count=1    elapsed=6.167ms   number=13,335,960 hash=650352..c575d4
INFO [10-01|21:47:04.200] State heal in progress                   accounts=6920@408.74KiB slots=3371@271.06KiB codes=11117@94.38MiB nodes=267,834,960@77.82GiB pending=79389
WARN [10-01|21:47:09.379] Unexpected trienode heal packet          peer=831e9b65 reqid=2,948,156,471,501,877,149
INFO [10-01|21:47:11.780] Looking for peers                        peercount=35 tried=4 static=0
INFO [10-01|21:47:13.995] State heal in progress                   accounts=6920@408.74KiB slots=3371@271.06KiB codes=11117@94.38MiB nodes=267,835,523@77.82GiB pending=81120
ERROR[10-01|21:47:19.335] Snapshot extension registration failed   peer=3300220c err="peer connected on snap without compatible eth support"
WARN [10-01|21:47:20.735] Unexpected trienode heal packet          peer=9300ae06 reqid=2,054,875,282,457,337,531
INFO [10-01|21:47:21.781] Looking for peers                        peercount=35 tried=3 static=0
ERROR[10-01|21:47:25.253] Snapshot extension registration failed   peer=cb5b9771 err="peer connected on snap without compatible eth support"
INFO [10-01|21:47:30.081] State heal in progress                   accounts=6920@408.74KiB slots=3371@271.06KiB codes=11117@94.38MiB nodes=267,836,452@77.82GiB pending=84284
WARN [10-01|21:47:30.082] Unexpected trienode heal packet          peer=243fad13 reqid=5,053,665,543,163,150,401
WARN [10-01|21:47:30.369] Unexpected trienode heal packet          peer=3221935c reqid=1,013,961,869,758,407,320
INFO [10-01|21:47:31.781] Looking for peers                        peercount=35 tried=3 static=0
INFO [10-01|21:47:31.910] Imported new block headers               count=1    elapsed=6.916ms   number=13,335,961 hash=1349b7..3d698f
ERROR[10-01|21:47:36.100] Snapshot extension registration failed   peer=89027a8b err="peer connected on snap without compatible eth support"
ERROR[10-01|21:47:36.805] Snapshot extension registration failed   peer=20dcc090 err="peer connected on snap without compatible eth support"
INFO [10-01|21:47:40.088] State heal in progress                   accounts=6920@408.74KiB slots=3371@271.06KiB codes=11117@94.38MiB nodes=267,837,006@77.82GiB pending=85852
WARN [10-01|21:47:40.089] Unexpected trienode heal packet          peer=831e9b65 reqid=2,346,917,052,229,443,404
ERROR[10-01|21:47:41.550] Snapshot extension registration failed   peer=b85174f6 err="peer connected on snap without compatible eth support"
INFO [10-01|21:47:41.783] Looking for peers                        peercount=34 tried=3 static=0
INFO [10-01|21:47:44.367] Imported new block headers               count=1    elapsed=6.596ms   number=13,335,962 hash=9bc01d..0323a4
INFO [10-01|21:47:44.921] Downloader queue stats                   receiptTasks=0  blockTasks=0   itemSize=222.22KiB throttle=1180
INFO [10-01|21:47:48.134] State heal in progress                   accounts=6920@408.74KiB slots=3371@271.06KiB codes=11117@94.38MiB nodes=267,837,388@77.82GiB pending=86358
INFO [10-01|21:47:51.784] Looking for peers                        peercount=35 tried=3 static=0
ERROR[10-01|21:47:52.103] Snapshot extension registration failed   peer=372bfa0e err="peer connected on snap without compatible eth support"
INFO [10-01|21:47:56.889] Imported new block headers               count=1    elapsed=7.198ms   number=13,335,963 hash=2d2d51..2a36ba
INFO [10-01|21:47:57.629] State heal in progress                   accounts=6920@408.74KiB slots=3371@271.06KiB codes=11117@94.38MiB nodes=267,837,832@77.82GiB pending=86831
INFO [10-01|21:48:01.785] Looking for peers                        peercount=36 tried=3 static=0
INFO [10-01|21:48:06.313] Imported new block headers               count=1    elapsed=6.023ms   number=13,335,964 hash=a72bc9..3ed8d1
INFO [10-01|21:48:11.791] Looking for peers                        peercount=36 tried=3 static=0
INFO [10-01|21:48:12.130] State heal in progress                   accounts=6920@408.74KiB slots=3371@271.06KiB codes=11117@94.38MiB nodes=267,838,547@77.82GiB pending=87813
INFO [10-01|21:48:20.763] State heal in progress                   accounts=6935@409.45KiB slots=3371@271.06KiB codes=11117@94.38MiB nodes=267,839,018@77.82GiB pending=88418
INFO [10-01|21:48:21.794] Looking for peers                        peercount=36 tried=2 static=0
INFO [10-01|21:48:21.909] Imported new block headers               count=1    elapsed=10.859ms  number=13,335,965 hash=439bbe..dd9e3c
INFO [10-01|21:48:25.121] Imported new block headers               count=1    elapsed=7.748ms   number=13,335,966 hash=768e88..ec9bd4
INFO [10-01|21:48:29.452] State heal in progress                   accounts=6935@409.45KiB slots=3371@271.06KiB codes=11117@94.38MiB nodes=267,839,432@77.82GiB pending=88954
INFO [10-01|21:48:31.796] Looking for peers                        peercount=36 tried=4 static=0
INFO [10-01|21:48:37.549] Imported new block headers               count=1    elapsed=6.343ms   number=13,335,967 hash=6f6ded..65d8b9
INFO [10-01|21:48:39.270] State heal in progress                   accounts=6968@411.00KiB slots=3371@271.06KiB codes=11117@94.38MiB nodes=267,840,050@77.82GiB pending=89468
INFO [10-01|21:48:41.797] Looking for peers                        peercount=36 tried=3 static=0
INFO [10-01|21:48:47.354] State heal in progress                   accounts=6975@411.37KiB slots=3371@271.06KiB codes=11117@94.38MiB nodes=267,840,518@77.82GiB pending=90097
INFO [10-01|21:48:51.799] Looking for peers                        peercount=36 tried=2 static=0
INFO [10-01|21:49:00.892] State heal in progress                   accounts=7026@414.10KiB slots=3371@271.06KiB codes=11117@94.38MiB nodes=267,841,350@77.82GiB pending=90965
INFO [10-01|21:49:01.799] Looking for peers                        peercount=36 tried=4 static=0
INFO [10-01|21:49:08.487] Imported new block headers               count=1    elapsed=9.572ms   number=13,335,968 hash=a03ec3..dc3eed
INFO [10-01|21:49:09.131] State heal in progress                   accounts=7064@416.02KiB slots=3371@271.06KiB codes=11117@94.38MiB nodes=267,841,961@77.82GiB pending=91455
INFO [10-01|21:49:10.003] Downloader queue stats                   receiptTasks=0  blockTasks=0   itemSize=217.74KiB throttle=1204
INFO [10-01|21:49:11.802] Looking for peers                        peercount=36 tried=3 static=0
INFO [10-01|21:49:20.330] State heal in progress                   accounts=7247@426.45KiB slots=3371@271.06KiB codes=11117@94.38MiB nodes=267,843,008@77.82GiB pending=91955
INFO [10-01|21:49:21.803] Looking for peers                        peercount=36 tried=1 static=0
INFO [10-01|21:49:27.943] Imported new block headers               count=1    elapsed=8.361ms   number=13,335,969 hash=367aef..b063f1 age=1m4s
INFO [10-01|21:49:28.108] Imported new block headers               count=1    elapsed=7.275ms   number=13,335,970 hash=bb92f1..051ec3
INFO [10-01|21:49:29.439] State heal in progress                   accounts=7342@431.84KiB slots=3371@271.06KiB codes=11117@94.38MiB nodes=267,843,752@77.82GiB pending=92396
INFO [10-01|21:49:31.804] Looking for peers                        peercount=36 tried=4 static=0
INFO [10-01|21:49:40.297] State heal in progress                   accounts=7574@445.10KiB slots=3371@271.06KiB codes=11117@94.38MiB nodes=267,844,786@77.82GiB pending=92686
INFO [10-01|21:49:41.806] Looking for peers                        peercount=36 tried=4 static=0
INFO [10-01|21:49:43.615] Imported new block headers               count=1    elapsed=7.262ms   number=13,335,971 hash=a7bd82..451585
INFO [10-01|21:49:48.436] State heal in progress                   accounts=7806@458.99KiB slots=3371@271.06KiB codes=11117@94.38MiB nodes=267,845,709@77.82GiB pending=92895
INFO [10-01|21:49:51.807] Looking for peers                        peercount=36 tried=2 static=0
INFO [10-01|21:49:57.639] State heal in progress                   accounts=7971@468.51KiB slots=3371@271.06KiB codes=11117@94.38MiB nodes=267,846,585@77.82GiB pending=93417
INFO [10-01|21:50:01.809] Looking for peers                        peercount=36 tried=2 static=0
INFO [10-01|21:50:05.312] Imported new block headers               count=1    elapsed=8.088ms   number=13,335,972 hash=061b68..6e1d0a
INFO [10-01|21:50:05.854] State heal in progress                   accounts=8168@480.67KiB slots=3372@271.13KiB codes=11118@94.40MiB nodes=267,847,427@77.82GiB pending=93900
INFO [10-01|21:50:08.596] Imported new block headers               count=1    elapsed=6.200ms   number=13,335,973 hash=a1af5d..583431
INFO [10-01|21:50:11.810] Looking for peers                        peercount=36 tried=5 static=0
INFO [10-01|21:50:14.059] Downloader queue stats                   receiptTasks=0  blockTasks=0   itemSize=230.12KiB throttle=1140
INFO [10-01|21:50:14.853] State heal in progress                   accounts=8444@497.81KiB slots=3373@271.21KiB codes=11118@94.40MiB nodes=267,848,455@77.82GiB pending=94321
INFO [10-01|21:50:21.811] Looking for peers                        peercount=36 tried=2 static=0
INFO [10-01|21:50:22.866] State heal in progress                   accounts=8735@515.27KiB slots=3374@271.29KiB codes=11118@94.40MiB nodes=267,849,477@77.82GiB pending=94796
INFO [10-01|21:50:31.507] State heal in progress                   accounts=8971@529.66KiB slots=3376@271.44KiB codes=11118@94.40MiB nodes=267,850,419@77.82GiB pending=95386
INFO [10-01|21:50:31.813] Looking for peers                        peercount=36 tried=1 static=0
INFO [10-01|21:50:39.744] Imported new block headers               count=1    elapsed=6.594ms   number=13,335,974 hash=8285ef..990f38
INFO [10-01|21:50:41.395] State heal in progress                   accounts=9243@545.47KiB slots=3380@271.78KiB codes=11118@94.40MiB nodes=267,851,522@77.82GiB pending=96101
INFO [10-01|21:50:41.814] Looking for peers                        peercount=36 tried=4 static=0
INFO [10-01|21:50:49.082] Imported new block headers               count=1    elapsed=5.870ms   number=13,335,975 hash=1c2f89..2e51e0
INFO [10-01|21:50:49.522] State heal in progress                   accounts=9497@560.62KiB slots=3388@272.42KiB codes=11118@94.40MiB nodes=267,852,422@77.82GiB pending=96835
INFO [10-01|21:50:51.814] Looking for peers                        peercount=36 tried=4 static=0
INFO [10-01|21:50:57.962] State heal in progress                   accounts=9722@574.17KiB slots=3395@272.97KiB codes=11118@94.40MiB nodes=267,853,271@77.82GiB pending=97648
INFO [10-01|21:51:01.829] Looking for peers                        peercount=36 tried=1 static=0
INFO [10-01|21:51:07.366] State heal in progress                   accounts=9851@581.97KiB slots=3399@273.31KiB codes=11118@94.40MiB nodes=267,854,065@77.83GiB pending=98485
INFO [10-01|21:51:11.829] Looking for peers                        peercount=36 tried=6 static=0
INFO [10-01|21:51:15.648] State heal in progress                   accounts=9989@590.14KiB slots=3416@274.63KiB codes=11118@94.40MiB nodes=267,854,725@77.83GiB pending=99010
INFO [10-01|21:51:16.971] Imported new block headers               count=1    elapsed=8.334ms   number=13,335,976 hash=3c5e71..ddbf49 age=1m11s
INFO [10-01|21:51:18.106] Downloader queue stats                   receiptTasks=0  blockTasks=0   itemSize=243.41KiB throttle=1077
INFO [10-01|21:51:21.831] Looking for peers                        peercount=36 tried=2 static=0
INFO [10-01|21:51:23.246] Imported new block headers               count=1    elapsed=7.939ms   number=13,335,977 hash=27d392..4f8b6a
INFO [10-01|21:51:25.904] State heal in progress                   accounts=10117@597.59KiB slots=3422@275.13KiB codes=11118@94.40MiB nodes=267,855,487@77.83GiB pending=99825
INFO [10-01|21:51:31.832] Looking for peers                        peercount=36 tried=4 static=0
INFO [10-01|21:51:32.736] Imported new block headers               count=1    elapsed=8.505ms   number=13,335,978 hash=533a83..1f9a28
INFO [10-01|21:51:35.141] State heal in progress                   accounts=10203@602.77KiB slots=3431@275.83KiB codes=11118@94.40MiB nodes=267,856,121@77.83GiB pending=100,605
INFO [10-01|21:51:43.372] State heal in progress                   accounts=10272@606.85KiB slots=3442@276.78KiB codes=11118@94.40MiB nodes=267,856,691@77.83GiB pending=101,298
INFO [10-01|21:51:44.346] Looking for peers                        peercount=36 tried=2 static=0
INFO [10-01|21:51:45.159] Imported new block headers               count=1    elapsed=9.310ms   number=13,335,979 hash=459d5c..b4151e
INFO [10-01|21:51:48.413] Imported new block headers               count=1    elapsed=11.095ms  number=13,335,980 hash=119eab..05ea08
INFO [10-01|21:51:51.813] Imported new block headers               count=1    elapsed=6.341ms   number=13,335,981 hash=bca7f5..8b609c
INFO [10-01|21:51:52.465] Imported new block headers               count=1    elapsed=7.215ms   number=13,335,982 hash=511624..38f0e5
INFO [10-01|21:51:54.347] Looking for peers                        peercount=36 tried=2 static=0
INFO [10-01|21:51:54.680] State heal in progress                   accounts=10296@608.06KiB slots=3465@278.61KiB codes=11118@94.40MiB nodes=267,857,373@77.83GiB pending=102,489
INFO [10-01|21:52:01.874] Imported new block headers               count=1    elapsed=7.303ms   number=13,335,983 hash=f0bdd0..daa689
INFO [10-01|21:52:02.428] Imported new block headers               count=1    elapsed=6.379ms   number=13,335,984 hash=f1c6df..020128
INFO [10-01|21:52:03.882] State heal in progress                   accounts=10352@611.42KiB slots=3490@280.58KiB codes=11118@94.40MiB nodes=267,858,046@77.83GiB pending=103,369
WARN [10-01|21:52:03.884] Unexpected trienode heal packet          peer=243fad13 reqid=2,718,031,481,759,467,980
INFO [10-01|21:52:04.347] Looking for peers                        peercount=36 tried=4 static=0