INFO [10-01|21:41:38.288] Imported new block headers               count=1    elapsed=9.505ms   number=13,335,930 hash=40408d..b7ba52
INFO [10-01|21:41:41.585] State heal in progress                   accounts=6130@365.89KiB slots=506@39.50KiB codes=11117@94.38MiB nodes=267,808,363@77.81GiB pending=83820
INFO [10-01|21:41:44.548] Imported new block headers               count=1    elapsed=6.253ms   number=13,335,931 hash=c45aa1..9edd53
INFO [10-01|21:41:44.850] Downloader queue stats                   receiptTasks=0  blockTasks=0   itemSize=210.40KiB throttle=1246
INFO [10-01|21:41:47.718] Imported new block headers               count=1    elapsed=6.136ms   number=13,335,932 hash=a5031c..f75052
INFO [10-01|21:41:48.020] Looking for peers                        peercount=35 tried=3 static=0
INFO [10-01|21:41:50.070] State heal in progress                   accounts=6198@369.70KiB slots=508@39.65KiB codes=11117@94.38MiB nodes=267,808,802@77.81GiB pending=84628
INFO [10-01|21:41:50.887] Imported new block headers               count=1    elapsed=5.365ms   number=13,335,933 hash=56d2fa..d76ecb
INFO [10-01|21:41:58.021] Looking for peers                        peercount=35 tried=2 static=0
INFO [10-01|21:41:58.958] State heal in progress                   accounts=6212@370.39KiB slots=510@39.79KiB codes=11117@94.38MiB nodes=267,809,180@77.81GiB pending=85550
INFO [10-01|21:42:06.485] Imported new block headers               count=1    elapsed=6.756ms   number=13,335,934 hash=8e0b95..09bb44
INFO [10-01|21:42:08.023] Looking for peers                        peercount=35 tried=4 static=0
INFO [10-01|21:42:08.427] State heal in progress                   accounts=6245@372.21KiB slots=513@40.04KiB codes=11117@94.38MiB nodes=267,809,576@77.81GiB pending=86270
INFO [10-01|21:42:09.654] Imported new block headers               count=1    elapsed=6.488ms   number=13,335,935 hash=e399bb..7bdbda
INFO [10-01|21:42:18.025] Looking for peers                        peercount=35 tried=2 static=0
INFO [10-01|21:42:19.305] State heal in progress                   accounts=6341@377.42KiB slots=518@40.44KiB codes=11117@94.38MiB nodes=267,810,191@77.81GiB pending=87192
INFO [10-01|21:42:27.341] State heal in progress                   accounts=6389@379.78KiB slots=520@40.63KiB codes=11117@94.38MiB nodes=267,810,624@77.81GiB pending=87934
INFO [10-01|21:42:28.049] Looking for peers                        peercount=35 tried=3 static=0
INFO [10-01|21:42:34.513] Imported new block headers               count=1    elapsed=10.007ms  number=13,335,936 hash=c9737a..6fcec5
INFO [10-01|21:42:36.498] State heal in progress                   accounts=6415@381.10KiB slots=526@41.11KiB codes=11117@94.38MiB nodes=267,811,138@77.81GiB pending=88727
INFO [10-01|21:42:38.050] Looking for peers                        peercount=34 tried=3 static=0
ERROR[10-01|21:42:39.113] Snapshot extension registration failed   peer=98998f1a err="peer connected on snap without compatible eth support"
INFO [10-01|21:42:46.903] State heal in progress                   accounts=6473@384.29KiB slots=531@41.53KiB codes=11117@94.38MiB nodes=267,811,663@77.81GiB pending=89585
INFO [10-01|21:42:48.051] Looking for peers                        peercount=35 tried=3 static=0
INFO [10-01|21:42:50.017] Imported new block headers               count=1    elapsed=7.056ms   number=13,335,937 hash=9bb23c..40c0b6
INFO [10-01|21:42:51.892] Downloader queue stats                   receiptTasks=0  blockTasks=0   itemSize=194.98KiB throttle=1345
INFO [10-01|21:42:56.275] State heal in progress                   accounts=6493@385.50KiB slots=552@43.26KiB codes=11117@94.38MiB nodes=267,812,162@77.81GiB pending=90343
INFO [10-01|21:42:58.053] Looking for peers                        peercount=35 tried=3 static=0
INFO [10-01|21:43:05.260] State heal in progress                   accounts=6525@387.29KiB slots=600@47.14KiB codes=11117@94.38MiB nodes=267,812,687@77.81GiB pending=90969
INFO [10-01|21:43:08.056] Looking for peers                        peercount=35 tried=3 static=0
INFO [10-01|21:43:11.952] Imported new block headers               count=1    elapsed=7.043ms   number=13,335,938 hash=5b326c..9117ba age=1m4s
INFO [10-01|21:43:14.251] State heal in progress                   accounts=6560@389.15KiB slots=630@49.56KiB codes=11117@94.38MiB nodes=267,813,205@77.81GiB pending=91614
INFO [10-01|21:43:18.057] Looking for peers                        peercount=35 tried=2 static=0
INFO [10-01|21:43:22.877] State heal in progress                   accounts=6620@392.44KiB slots=679@53.55KiB codes=11117@94.38MiB nodes=267,813,742@77.81GiB pending=92547
INFO [10-01|21:43:24.465] Imported new block headers               count=1    elapsed=6.648ms   number=13,335,939 hash=445cda..d8d52d
INFO [10-01|21:43:28.058] Looking for peers                        peercount=35 tried=4 static=0
INFO [10-01|21:43:30.720] Imported new block headers               count=1    elapsed=6.653ms   number=13,335,940 hash=f09a5a..0ffd34
ERROR[10-01|21:43:31.201] Snapshot extension registration failed   peer=3503425b err="peer connected on snap without compatible eth support"
INFO [10-01|21:43:31.281] State heal in progress                   accounts=6638@393.51KiB slots=751@59.31KiB codes=11117@94.38MiB nodes=267,814,268@77.81GiB pending=93327
INFO [10-01|21:43:38.061] Looking for peers                        peercount=35 tried=2 static=0
INFO [10-01|21:43:40.058] Imported new block headers               count=1    elapsed=7.283ms   number=13,335,941 hash=d2685f..7a8bd6
INFO [10-01|21:43:40.464] State heal in progress                   accounts=6663@394.96KiB slots=909@72.04KiB codes=11117@94.38MiB nodes=267,815,036@77.81GiB pending=93841
INFO [10-01|21:43:48.063] Looking for peers                        peercount=36 tried=4 static=0
INFO [10-01|21:43:49.421] Imported new block headers               count=1    elapsed=5.770ms   number=13,335,942 hash=2a69b4..22e529
INFO [10-01|21:43:50.339] State heal in progress                   accounts=6691@396.67KiB slots=1018@80.86KiB codes=11117@94.38MiB nodes=267,815,685@77.81GiB pending=94474
WARN [10-01|21:43:53.479] Checkpoint challenge timed out, dropping id=ec27c282c406e929 conn=inbound addr=159.203.96.145:48686  type=OpenEthereum/v3.3.0-...
INFO [10-01|21:43:58.064] Looking for peers                        peercount=35 tried=0 static=0
INFO [10-01|21:43:59.380] State heal in progress                   accounts=6715@398.07KiB slots=1245@99.19KiB codes=11117@94.38MiB nodes=267,816,474@77.81GiB pending=94860
INFO [10-01|21:44:08.065] Looking for peers                        peercount=36 tried=5 static=0
INFO [10-01|21:44:09.418] State heal in progress                   accounts=6741@399.43KiB slots=1459@116.33KiB codes=11117@94.38MiB nodes=267,817,271@77.81GiB pending=95298
WARN [10-01|21:44:13.480] Checkpoint challenge timed out, dropping id=fbc58bff3da45777 conn=inbound addr=3.209.226.183:26340   type=OpenEthereum/v3.3.0-...
INFO [10-01|21:44:17.550] State heal in progress                   accounts=6774@401.13KiB slots=1752@140.11KiB codes=11117@94.38MiB nodes=267,818,114@77.81GiB pending=95383
ERROR[10-01|21:44:18.055] Snapshot extension registration failed   peer=148a5958 err="peer connected on snap without compatible eth support"
INFO [10-01|21:44:18.066] Looking for peers                        peercount=35 tried=2 static=0
INFO [10-01|21:44:25.944] State heal in progress                   accounts=6813@403.23KiB slots=1919@153.65KiB codes=11117@94.38MiB nodes=267,818,801@77.81GiB pending=95788
INFO [10-01|21:44:26.522] Imported new block headers               count=1    elapsed=6.162ms   number=13,335,943 hash=efe6a7..fa4e27
INFO [10-01|21:44:28.070] Looking for peers                        peercount=36 tried=4 static=0
INFO [10-01|21:44:29.957] Downloader queue stats                   receiptTasks=0  blockTasks=0   itemSize=209.18KiB throttle=1254
INFO [10-01|21:44:32.840] Imported new block headers               count=1    elapsed=6.547ms   number=13,335,944 hash=7ce3c8..213f99
INFO [10-01|21:44:36.107] Imported new block headers               count=1    elapsed=6.941ms   number=13,335,945 hash=38f981..0d3913
INFO [10-01|21:44:36.289] State heal in progress                   accounts=6831@404.19KiB slots=2171@173.98KiB codes=11117@94.38MiB nodes=267,819,629@77.81GiB pending=96066
INFO [10-01|21:44:38.076] Looking for peers                        peercount=36 tried=4 static=0
INFO [10-01|21:44:42.370] Imported new block headers               count=1    elapsed=7.490ms   number=13,335,946 hash=a7b657..5f89be
INFO [10-01|21:44:45.276] State heal in progress                   accounts=6838@404.55KiB slots=2247@180.13KiB codes=11117@94.38MiB nodes=267,820,068@77.81GiB pending=96522
INFO [10-01|21:44:48.090] Looking for peers                        peercount=36 tried=2 static=0
INFO [10-01|21:44:48.721] Imported new block headers               count=2    elapsed=8.571ms   number=13,335,948 hash=2fb583..0ed786
INFO [10-01|21:44:54.379] State heal in progress                   accounts=6849@405.09KiB slots=2445@196.06KiB codes=11117@94.38MiB nodes=267,820,777@77.81GiB pending=96810
INFO [10-01|21:44:58.445] Looking for peers                        peercount=36 tried=3 static=0
INFO [10-01|21:45:03.448] State heal in progress                   accounts=6874@406.40KiB slots=2632@211.02KiB codes=11117@94.38MiB nodes=267,821,505@77.81GiB pending=97272
INFO [10-01|21:45:07.402] Imported new block headers               count=1    elapsed=5.647ms   number=13,335,949 hash=389c71..c3ea5c
ERROR[10-01|21:45:07.543] Snapshot extension registration failed   peer=9c8d9aaf err="peer connected on snap without compatible eth support"
INFO [10-01|21:45:09.941] Looking for peers                        peercount=36 tried=4 static=0
INFO [10-01|21:45:11.528] State heal in progress                   accounts=6882@406.80KiB slots=2910@233.61KiB codes=11117@94.38MiB nodes=267,822,320@77.81GiB pending=97409
INFO [10-01|21:45:17.200] Imported new block headers               count=1    elapsed=5.870ms   number=13,335,950 hash=87a00f..f6827a
INFO [10-01|21:45:20.701] Looking for peers                        peercount=36 tried=3 static=0
INFO [10-01|21:45:21.852] State heal in progress                   accounts=6916@408.33KiB slots=3157@253.67KiB codes=11117@94.38MiB nodes=267,823,185@77.81GiB pending=97732
WARN [10-01|21:45:29.458] Dropping unsynced node during sync       id=bef66dba48370506 conn=inbound addr=104.131.189.71:64300  type=OpenEthereum/v3.3.0-...
INFO [10-01|21:45:29.626] Imported new block headers               count=1    elapsed=6.686ms   number=13,335,951 hash=05cce2..961684
INFO [10-01|21:45:30.813] Looking for peers                        peercount=36 tried=3 static=0
INFO [10-01|21:45:31.291] State heal in progress                   accounts=6920@408.74KiB slots=3342@268.70KiB codes=11117@94.38MiB nodes=267,823,877@77.81GiB pending=98049
INFO [10-01|21:45:31.994] Downloader queue stats                   receiptTasks=0  blockTasks=0   itemSize=191.56KiB throttle=1369
WARN [10-01|21:45:31.994] Pivot became stale, moving               old=13,335,825 new=13,335,889
INFO [10-01|21:45:32.175] Imported new block receipts              count=64   elapsed=178.376ms number=13,335,888 hash=b9ca85..58c515 age=13m26s   size=6.71MiB
INFO [10-01|21:45:34.798] State heal in progress                   accounts=6920@408.74KiB slots=3371@271.06KiB codes=11117@94.38MiB nodes=267,824,028@77.81GiB pending=98218
WARN [10-01|21:45:34.881] Unexpected trienode heal packet          peer=9300ae06 reqid=7,999,456,628,883,691,964
WARN [10-01|21:45:34.908] Unexpected trienode heal packet          peer=831e9b65 reqid=3,522,782,269,387,160,392
WARN [10-01|21:45:34.913] Unexpected trienode heal packet          peer=f9a95676 reqid=5,932,739,349,429,454,956
INFO [10-01|21:45:40.815] Looking for peers                        peercount=36 tried=3 static=0
INFO [10-01|21:45:43.978] State heal in progress                   accounts=6920@408.74KiB slots=3371@271.06KiB codes=11117@94.38MiB nodes=267,825,812@77.81GiB pending=20214
INFO [10-01|21:45:48.226] Imported new block headers               count=1    elapsed=13.639ms  number=13,335,952 hash=77f8a8..8863e4
INFO [10-01|21:45:51.770] Looking for peers                        peercount=36 tried=3 static=0
INFO [10-01|21:45:53.353] State heal in progress                   accounts=6920@408.74KiB slots=3371@271.06KiB codes=11117@94.38MiB nodes=267,827,979@77.82GiB pending=52914
INFO [10-01|21:46:01.771] Looking for peers                        peercount=36 tried=3 static=0
INFO [10-01|21:46:01.976] State heal in progress                   accounts=6920@408.74KiB slots=3371@271.06KiB codes=11117@94.38MiB nodes=267,829,025@77.82GiB pending=63479
WARN [10-01|21:46:08.943] Unexpected trienode heal packet          peer=243fad13 reqid=2,156,456,900,349,084,723
INFO [10-01|21:46:11.772] Looking for peers                        peercount=36 tried=3 static=0
INFO [10-01|21:46:16.289] State heal in progress                   accounts=6920@408.74KiB slots=3371@271.06KiB codes=11117@94.38MiB nodes=267,830,620@77.82GiB pending=65930
WARN [10-01|21:46:16.290] Unexpected trienode heal packet          peer=9300ae06 reqid=7,934,008,751,081,869,400
INFO [10-01|21:46:16.395] Imported new block headers               count=2    elapsed=10.316ms  number=13,335,954 hash=797bfc..44c643
INFO [10-01|21:46:17.030] Imported new block headers               count=1    elapsed=6.274ms   number=13,335,955 hash=ddef9f..e8ab5c
INFO [10-01|21:46:20.330] Imported new block headers               count=1    elapsed=10.774ms  number=13,335,956 hash=381155..3850b6
INFO [10-01|21:46:21.774] Looking for peers                        peercount=36 tried=3 static=0
WARN [10-01|21:46:23.355] Unexpected trienode heal packet          peer=3221935c reqid=4,973,198,059,929,524,519
INFO [10-01|21:46:23.495] Imported new block headers               count=1    elapsed=7.447ms   number=13,335,957 hash=e932f9..112a00
INFO [10-01|21:46:29.096] State heal in progress                   accounts=6920@408.74KiB slots=3371@271.06KiB codes=11117@94.38MiB nodes=267,832,201@77.82GiB pending=69589
WARN [10-01|21:46:29.097] Unexpected trienode heal packet          peer=e9a60b39 reqid=3,821,418,773,855,083,002
WARN [10-01|21:46:29.300] Unexpected trienode heal packet          peer=f9a95676 reqid=6,874,986,954,587,880,574
INFO [10-01|21:46:31.775] Looking for peers                        peercount=36 tried=3 static=0
INFO [10-01|21:46:41.776] Looking for peers                        peercount=36 tried=3 static=0
INFO [10-01|21:46:42.087] Imported new block headers               count=1    elapsed=7.468ms   number=13,335,958 hash=9ee726..214139
INFO [10-01|21:46:42.884] Downloader queue stats                   receiptTasks=0  blockTasks=0   itemSize=185.86KiB throttle=1411
INFO [10-01|21:46:45.094] State heal in progress                   accounts=6920@408.74KiB slots=3371@271.06KiB codes=11117@94.38MiB nodes=267,833,914@77.82GiB pending=76093
WARN [10-01|21:46:45.095] Unexpected trienode heal packet          peer=243fad13 reqid=7,058,542,389,887,048,745
INFO [10-01|21:46:51.777] Looking for peers                        peercount=36 tried=3 static=0
INFO [10-01|21:46:56.121] State heal in progress                   accounts=6920@408.74KiB slots=3371@271.06KiB codes=11117@94.38MiB nodes=267,834,486@77.82GiB pending=77830
INFO [10-01|21:46:57.610] Imported new block headers               count=1    elapsed=6.624ms   number=13,335,959 hash=2c4339..afe145