ERROR[10-01|18:50:08.738] Snapshot extension registration failed   peer=fa162a1a err="peer connected on snap without compatible eth support"
INFO [10-01|18:50:16.605] State heal in progress                   accounts=22994@1.15MiB    slots=20449@1.55MiB    codes=11090@94.16MiB nodes=267,065,483@77.53GiB pending=69356
INFO [10-01|18:50:28.899] State heal in progress                   accounts=23062@1.15MiB    slots=20452@1.55MiB    codes=11090@94.16MiB nodes=267,066,056@77.53GiB pending=69705
WARN [10-01|18:50:28.903] Unexpected trienode heal packet          peer=06f8ef60 reqid=413,671,111,480,168,860
WARN [10-01|18:50:29.006] Unexpected trienode heal packet          peer=19f248a3 reqid=4,565,110,236,836,105,996
WARN [10-01|18:50:33.815] Unexpected trienode heal packet          peer=113bd5b3 reqid=1,419,950,084,206,889,768
WARN [10-01|18:50:35.066] Unexpected trienode heal packet          peer=b542d992 reqid=5,425,796,036,401,358,652
WARN [10-01|18:50:36.667] Unexpected trienode heal packet          peer=bdde169e reqid=2,058,360,174,576,549,044
INFO [10-01|18:50:37.236] State heal in progress                   accounts=23124@1.15MiB    slots=20455@1.55MiB    codes=11090@94.16MiB nodes=267,066,505@77.53GiB pending=69989
WARN [10-01|18:50:37.236] Unexpected trienode heal packet          peer=ddcf0342 reqid=1,778,917,410,360,368,270
INFO [10-01|18:50:45.323] State heal in progress                   accounts=23172@1.16MiB    slots=20457@1.55MiB    codes=11090@94.16MiB nodes=267,066,887@77.53GiB pending=70275
WARN [10-01|18:50:45.324] Unexpected trienode heal packet          peer=addb3cad reqid=3,712,063,949,634,186,386
INFO [10-01|18:50:56.798] State heal in progress                   accounts=23313@1.16MiB    slots=20461@1.55MiB    codes=11090@94.16MiB nodes=267,067,558@77.53GiB pending=70607
INFO [10-01|18:51:03.923] Imported new block headers               count=1    elapsed=8.747ms   number=13,335,196 hash=88d2fe..fd2800 age=1m43s
INFO [10-01|18:51:04.567] Downloader queue stats                   receiptTasks=0   blockTasks=0   itemSize=263.64KiB throttle=995
INFO [10-01|18:51:05.311] State heal in progress                   accounts=23461@1.17MiB    slots=20469@1.55MiB    codes=11090@94.16MiB nodes=267,068,144@77.53GiB pending=70918
WARN [10-01|18:51:05.314] Unexpected trienode heal packet          peer=06f8ef60 reqid=5,255,773,110,164,996,679
WARN [10-01|18:51:11.129] Unexpected trienode heal packet          peer=addb3cad reqid=4,010,808,600,233,770,843
INFO [10-01|18:51:13.931] State heal in progress                   accounts=23567@1.18MiB    slots=20472@1.55MiB    codes=11090@94.16MiB nodes=267,068,653@77.53GiB pending=71294
WARN [10-01|18:51:13.932] Unexpected trienode heal packet          peer=ddcf0342 reqid=2,339,680,320,086,584,050
INFO [10-01|18:51:19.631] Imported new block headers               count=1    elapsed=8.415ms   number=13,335,197 hash=f748ab..c1c058 age=1m33s
INFO [10-01|18:51:22.982] State heal in progress                   accounts=23695@1.19MiB    slots=20479@1.55MiB    codes=11090@94.16MiB nodes=267,069,209@77.53GiB pending=71485
INFO [10-01|18:51:31.104] State heal in progress                   accounts=23834@1.19MiB    slots=20485@1.55MiB    codes=11090@94.16MiB nodes=267,069,728@77.53GiB pending=71784
INFO [10-01|18:51:41.518] State heal in progress                   accounts=23994@1.20MiB    slots=20492@1.55MiB    codes=11090@94.16MiB nodes=267,070,392@77.53GiB pending=72119
WARN [10-01|18:51:49.187] Unexpected trienode heal packet          peer=19f248a3 reqid=6,317,639,141,025,090,422
INFO [10-01|18:51:51.889] State heal in progress                   accounts=24262@1.22MiB    slots=20516@1.55MiB    codes=11090@94.16MiB nodes=267,071,306@77.53GiB pending=72387
WARN [10-01|18:51:51.889] Unexpected trienode heal packet          peer=b542d992 reqid=8,257,249,808,640,353,140
INFO [10-01|18:51:54.426] Imported new block headers               count=1    elapsed=7.176ms   number=13,335,198 hash=f47adf..670498 age=1m56s
INFO [10-01|18:52:01.878] State heal in progress                   accounts=24378@1.22MiB    slots=20522@1.55MiB    codes=11090@94.16MiB nodes=267,071,903@77.53GiB pending=72969
ERROR[10-01|18:52:06.210] Snapshot extension registration failed   peer=20dcc090 err="peer connected on snap without compatible eth support"
INFO [10-01|18:52:13.456] State heal in progress                   accounts=24492@1.23MiB    slots=20533@1.55MiB    codes=11090@94.16MiB nodes=267,072,636@77.53GiB pending=73877
WARN [10-01|18:52:13.457] Unexpected trienode heal packet          peer=19f248a3 reqid=5,995,948,384,163,267,176
WARN [10-01|18:52:13.477] Unexpected trienode heal packet          peer=113bd5b3 reqid=404,704,022,645,868,934
WARN [10-01|18:52:17.629] Unexpected trienode heal packet          peer=b542d992 reqid=5,407,487,143,992,756,112
INFO [10-01|18:52:21.818] State heal in progress                   accounts=24600@1.24MiB    slots=20547@1.55MiB    codes=11090@94.16MiB nodes=267,073,229@77.53GiB pending=74286
INFO [10-01|18:52:22.768] Imported new block headers               count=1    elapsed=6.808ms   number=13,335,199 hash=5b2562..25b1be age=1m21s
INFO [10-01|18:52:23.642] Downloader queue stats                   receiptTasks=0   blockTasks=0   itemSize=291.62KiB throttle=899
INFO [10-01|18:52:26.031] Imported new block headers               count=1    elapsed=6.019ms   number=13,335,200 hash=90a704..4c5609 age=1m10s
INFO [10-01|18:52:29.488] Imported new block headers               count=1    elapsed=6.941ms   number=13,335,201 hash=fc9d01..26bce2
INFO [10-01|18:52:29.922] State heal in progress                   accounts=24697@1.24MiB    slots=20557@1.55MiB    codes=11090@94.16MiB nodes=267,073,781@77.53GiB pending=74682
ERROR[10-01|18:52:31.679] Snapshot extension registration failed   peer=45950479 err="peer connected on snap without compatible eth support"
INFO [10-01|18:52:35.965] Imported new block headers               count=1    elapsed=6.493ms   number=13,335,202 hash=50367b..3a2e3a
INFO [10-01|18:52:38.265] State heal in progress                   accounts=24822@1.25MiB    slots=20563@1.56MiB    codes=11090@94.16MiB nodes=267,074,315@77.53GiB pending=75049
INFO [10-01|18:52:46.948] State heal in progress                   accounts=24941@1.25MiB    slots=20570@1.56MiB    codes=11090@94.16MiB nodes=267,074,877@77.53GiB pending=75396
INFO [10-01|18:52:49.133] Imported new block headers               count=1    elapsed=9.116ms   number=13,335,203 hash=53acee..063bf8
INFO [10-01|18:52:52.534] Imported new block headers               count=1    elapsed=7.784ms   number=13,335,204 hash=d7bc07..2beb94
INFO [10-01|18:52:55.300] State heal in progress                   accounts=25076@1.26MiB    slots=20579@1.56MiB    codes=11090@94.16MiB nodes=267,075,454@77.53GiB pending=75737
INFO [10-01|18:53:05.604] State heal in progress                   accounts=25162@1.27MiB    slots=20607@1.56MiB    codes=11090@94.16MiB nodes=267,076,067@77.53GiB pending=77104
INFO [10-01|18:53:14.936] State heal in progress                   accounts=25226@1.27MiB    slots=20620@1.56MiB    codes=11091@94.16MiB nodes=267,076,635@77.53GiB pending=78097
WARN [10-01|18:53:18.312] Unexpected trienode heal packet          peer=bdde169e reqid=7,433,381,332,176,329,795
ERROR[10-01|18:53:21.164] Snapshot extension registration failed   peer=1d6a0c56 err="peer connected on snap without compatible eth support"
WARN [10-01|18:53:21.828] Unexpected trienode heal packet          peer=e88d56c5 reqid=7,429,493,135,478,848,401
INFO [10-01|18:53:23.510] State heal in progress                   accounts=25309@1.28MiB    slots=20638@1.56MiB    codes=11091@94.16MiB nodes=267,077,210@77.53GiB pending=78823
WARN [10-01|18:53:23.511] Unexpected trienode heal packet          peer=19f248a3 reqid=3,811,228,409,138,177,923
INFO [10-01|18:53:24.365] Imported new block headers               count=3    elapsed=47.146ms  number=13,335,207 hash=a576a2..5ceefc
INFO [10-01|18:53:30.696] Downloader queue stats                   receiptTasks=0   blockTasks=0   itemSize=256.69KiB throttle=1022
WARN [10-01|18:53:30.938] Unexpected trienode heal packet          peer=113bd5b3 reqid=2,048,803,157,525,136,202
INFO [10-01|18:53:36.291] State heal in progress                   accounts=25369@1.28MiB    slots=20675@1.56MiB    codes=11091@94.16MiB nodes=267,077,958@77.53GiB pending=81079
WARN [10-01|18:53:36.304] Unexpected trienode heal packet          peer=ddcf0342 reqid=6,869,223,703,742,922,162
WARN [10-01|18:53:36.826] Unexpected trienode heal packet          peer=b542d992 reqid=6,847,853,954,737,053,397
WARN [10-01|18:53:37.153] Unexpected trienode heal packet          peer=06f8ef60 reqid=6,224,674,654,994,545,034
INFO [10-01|18:53:37.250] Imported new block headers               count=1    elapsed=12.963ms  number=13,335,208 hash=9b517f..b2e8c0
WARN [10-01|18:53:41.044] Unexpected trienode heal packet          peer=160bb64e reqid=5,942,950,720,562,530,128
INFO [10-01|18:53:47.374] State heal in progress                   accounts=25462@1.28MiB    slots=20713@1.57MiB    codes=11091@94.16MiB nodes=267,078,668@77.53GiB pending=82863
INFO [10-01|18:53:55.888] State heal in progress                   accounts=25555@1.29MiB    slots=20736@1.57MiB    codes=11091@94.16MiB nodes=267,079,221@77.53GiB pending=83896
INFO [10-01|18:54:04.670] State heal in progress                   accounts=25622@1.29MiB    slots=20770@1.57MiB    codes=11091@94.16MiB nodes=267,079,811@77.53GiB pending=85653
INFO [10-01|18:54:09.593] Imported new block headers               count=1    elapsed=8.311ms   number=13,335,209 hash=dd5902..1677a0
INFO [10-01|18:54:15.089] State heal in progress                   accounts=25693@1.30MiB    slots=20792@1.57MiB    codes=11091@94.16MiB nodes=267,080,453@77.53GiB pending=87082
ERROR[10-01|18:54:15.102] Snapshot extension registration failed   peer=612a2ba3 err="peer connected on snap without compatible eth support"
INFO [10-01|18:54:23.671] State heal in progress                   accounts=25768@1.30MiB    slots=20817@1.57MiB    codes=11091@94.16MiB nodes=267,080,990@77.53GiB pending=88292
WARN [10-01|18:54:23.874] Unexpected trienode heal packet          peer=b542d992 reqid=388,615,122,011,304,915
INFO [10-01|18:54:32.769] State heal in progress                   accounts=25865@1.31MiB    slots=20853@1.58MiB    codes=11091@94.16MiB nodes=267,081,629@77.53GiB pending=89545
ERROR[10-01|18:54:32.979] Snapshot extension registration failed   peer=98998f1a err="peer connected on snap without compatible eth support"
ERROR[10-01|18:54:40.163] Snapshot extension registration failed   peer=3300220c err="peer connected on snap without compatible eth support"
INFO [10-01|18:54:41.300] Imported new block headers               count=1    elapsed=5.885ms   number=13,335,210 hash=416891..15fbc0 age=1m19s
INFO [10-01|18:54:43.671] State heal in progress                   accounts=25953@1.31MiB    slots=20877@1.58MiB    codes=11091@94.16MiB nodes=267,082,274@77.53GiB pending=90637
INFO [10-01|18:54:43.738] Downloader queue stats                   receiptTasks=0   blockTasks=0   itemSize=224.34KiB throttle=1169
INFO [10-01|18:54:53.077] State heal in progress                   accounts=26015@1.31MiB    slots=20969@1.59MiB    codes=11091@94.16MiB nodes=267,082,926@77.53GiB pending=91391
INFO [10-01|18:54:57.083] Imported new block headers               count=1    elapsed=6.217ms   number=13,335,211 hash=ce8652..c4d768 age=1m24s
INFO [10-01|18:55:04.418] State heal in progress                   accounts=26069@1.32MiB    slots=21017@1.59MiB    codes=11091@94.16MiB nodes=267,083,523@77.53GiB pending=92381
INFO [10-01|18:55:06.883] Imported new block headers               count=1    elapsed=6.484ms   number=13,335,212 hash=207063..107c17
INFO [10-01|18:55:13.575] State heal in progress                   accounts=26105@1.32MiB    slots=21030@1.59MiB    codes=11091@94.16MiB nodes=267,083,943@77.53GiB pending=93247
INFO [10-01|18:55:16.606] Imported new block headers               count=1    elapsed=6.410ms   number=13,335,213 hash=73156d..a6024e
INFO [10-01|18:55:23.212] State heal in progress                   accounts=26122@1.32MiB    slots=21043@1.59MiB    codes=11091@94.16MiB nodes=267,084,269@77.53GiB pending=93766
WARN [10-01|18:55:23.213] Unexpected trienode heal packet          peer=b542d992 reqid=5,050,162,847,666,375,453
WARN [10-01|18:55:29.087] Unexpected trienode heal packet          peer=addb3cad reqid=3,572,689,555,883,297,428
INFO [10-01|18:55:35.743] State heal in progress                   accounts=26141@1.32MiB    slots=21068@1.59MiB    codes=11091@94.16MiB nodes=267,084,732@77.53GiB pending=94509
INFO [10-01|18:55:36.037] Imported new block headers               count=3    elapsed=17.679ms  number=13,335,216 hash=b599e1..8da367