ERROR[10-01|18:45:09.071] Snapshot extension registration failed   peer=20cbda0c err="peer connected on snap without compatible eth support"
INFO [10-01|18:45:14.058] Imported new block headers               count=1    elapsed=6.285ms   number=13,335,175 hash=6686ce..ce8268
INFO [10-01|18:45:14.350] State heal in progress                   accounts=21820@1.08MiB    slots=20434@1.55MiB    codes=11090@94.16MiB nodes=267,051,291@77.52GiB pending=54890
WARN [10-01|18:45:19.396] Unexpected trienode heal packet          peer=e88d56c5 reqid=3,390,433,498,735,462,023
WARN [10-01|18:45:19.589] Unexpected trienode heal packet          peer=ddcf0342 reqid=6,750,035,405,007,608,234
INFO [10-01|18:45:29.295] State heal in progress                   accounts=21820@1.08MiB    slots=20434@1.55MiB    codes=11090@94.16MiB nodes=267,051,864@77.52GiB pending=55593
WARN [10-01|18:45:29.297] Unexpected trienode heal packet          peer=b542d992 reqid=4,566,376,145,484,923,839
WARN [10-01|18:45:29.536] Unexpected trienode heal packet          peer=113bd5b3 reqid=8,615,305,664,882,711,228
WARN [10-01|18:45:30.660] Unexpected trienode heal packet          peer=8767dba0 reqid=4,667,362,983,894,154,871
WARN [10-01|18:45:31.094] Unexpected trienode heal packet          peer=06f8ef60 reqid=8,449,315,830,583,183,102
INFO [10-01|18:45:42.291] State heal in progress                   accounts=21820@1.08MiB    slots=20434@1.55MiB    codes=11090@94.16MiB nodes=267,052,407@77.52GiB pending=56378
INFO [10-01|18:45:42.346] Imported new block headers               count=2    elapsed=13.832ms  number=13,335,177 hash=e76713..652ebf
INFO [10-01|18:45:43.307] Downloader queue stats                   receiptTasks=0   blockTasks=0   itemSize=239.53KiB throttle=1095
ERROR[10-01|18:45:51.618] Snapshot extension registration failed   peer=9bd3dcce err="peer connected on snap without compatible eth support"
INFO [10-01|18:45:51.832] Imported new block headers               count=1    elapsed=6.485ms   number=13,335,178 hash=f4a04b..96f9d0
INFO [10-01|18:45:52.534] State heal in progress                   accounts=21820@1.08MiB    slots=20434@1.55MiB    codes=11090@94.16MiB nodes=267,052,804@77.52GiB pending=56959
ERROR[10-01|18:45:54.457] Snapshot extension registration failed   peer=2470c614 err="peer connected on snap without compatible eth support"
INFO [10-01|18:45:55.065] Imported new block headers               count=1    elapsed=6.379ms   number=13,335,179 hash=f57fab..b38063
WARN [10-01|18:45:57.598] Unexpected trienode heal packet          peer=113bd5b3 reqid=3,573,516,314,490,067,167
ERROR[10-01|18:45:57.666] Snapshot extension registration failed   peer=1d4fc8e3 err="peer connected on snap without compatible eth support"
WARN [10-01|18:45:57.893] Unexpected trienode heal packet          peer=8767dba0 reqid=1,825,456,864,773,412,917
WARN [10-01|18:45:58.237] Unexpected trienode heal packet          peer=06f8ef60 reqid=7,695,942,075,205,197,430
INFO [10-01|18:46:09.155] State heal in progress                   accounts=21831@1.08MiB    slots=20434@1.55MiB    codes=11090@94.16MiB nodes=267,053,640@77.52GiB pending=58162
WARN [10-01|18:46:09.157] Unexpected trienode heal packet          peer=ddcf0342 reqid=822,156,934,044,949,568
WARN [10-01|18:46:09.208] Unexpected trienode heal packet          peer=19f248a3 reqid=8,051,407,729,666,250,702
ERROR[10-01|18:46:12.077] Snapshot extension registration failed   peer=20dcc090 err="peer connected on snap without compatible eth support"
INFO [10-01|18:46:18.521] State heal in progress                   accounts=21840@1.08MiB    slots=20434@1.55MiB    codes=11090@94.16MiB nodes=267,054,020@77.52GiB pending=58817
WARN [10-01|18:46:18.522] Unexpected trienode heal packet          peer=e88d56c5 reqid=6,537,302,646,249,360,976
INFO [10-01|18:46:20.211] Imported new block headers               count=1    elapsed=7.014ms   number=13,335,180 hash=410949..358d63
INFO [10-01|18:46:26.739] Imported new block headers               count=1    elapsed=6.244ms   number=13,335,181 hash=3db0f1..99e6d5
INFO [10-01|18:46:34.632] State heal in progress                   accounts=21855@1.08MiB    slots=20434@1.55MiB    codes=11090@94.16MiB nodes=267,054,682@77.52GiB pending=59492
WARN [10-01|18:46:34.658] Unexpected trienode heal packet          peer=19f248a3 reqid=2,381,631,678,941,040,154
ERROR[10-01|18:46:36.086] Snapshot extension registration failed   peer=476f9808 err="peer connected on snap without compatible eth support"
INFO [10-01|18:46:36.332] Imported new block headers               count=1    elapsed=6.315ms   number=13,335,182 hash=3d5698..43e5b4
ERROR[10-01|18:46:41.101] Snapshot extension registration failed   peer=4540e26d err="peer connected on snap without compatible eth support"
INFO [10-01|18:46:42.832] State heal in progress                   accounts=21867@1.08MiB    slots=20434@1.55MiB    codes=11090@94.16MiB nodes=267,055,085@77.52GiB pending=60139
ERROR[10-01|18:46:45.482] Snapshot extension registration failed   peer=80b1d9b9 err="peer connected on snap without compatible eth support"
INFO [10-01|18:46:45.811] Imported new block headers               count=1    elapsed=9.294ms   number=13,335,183 hash=b033e2..cb01de
INFO [10-01|18:46:47.346] Downloader queue stats                   receiptTasks=0   blockTasks=0   itemSize=236.69KiB throttle=1108
INFO [10-01|18:46:52.354] State heal in progress                   accounts=21879@1.08MiB    slots=20434@1.55MiB    codes=11090@94.16MiB nodes=267,055,461@77.52GiB pending=60669
WARN [10-01|18:46:52.358] Unexpected trienode heal packet          peer=06f8ef60 reqid=4,859,563,066,167,018,476
INFO [10-01|18:46:55.654] Imported new block headers               count=1    elapsed=6.898ms   number=13,335,184 hash=b76dd3..d810b9
WARN [10-01|18:46:56.131] Unexpected trienode heal packet          peer=19f248a3 reqid=3,016,383,511,242,268,900
INFO [10-01|18:47:05.523] Imported new block headers               count=1    elapsed=7.075ms   number=13,335,185 hash=1faf40..454335
INFO [10-01|18:47:05.822] State heal in progress                   accounts=21901@1.08MiB    slots=20434@1.55MiB    codes=11090@94.16MiB nodes=267,056,052@77.52GiB pending=61493
WARN [10-01|18:47:06.253] Unexpected trienode heal packet          peer=e88d56c5 reqid=3,866,823,721,935,572,563
WARN [10-01|18:47:06.541] Unexpected trienode heal packet          peer=113bd5b3 reqid=8,036,715,465,558,825,201
WARN [10-01|18:47:08.395] Unexpected trienode heal packet          peer=160bb64e reqid=7,450,229,119,841,871,418
INFO [10-01|18:47:16.110] State heal in progress                   accounts=21936@1.08MiB    slots=20434@1.55MiB    codes=11090@94.16MiB nodes=267,056,461@77.52GiB pending=61818
WARN [10-01|18:47:16.111] Unexpected trienode heal packet          peer=06f8ef60 reqid=5,723,176,411,774,270,424
INFO [10-01|18:47:24.403] State heal in progress                   accounts=21991@1.09MiB    slots=20434@1.55MiB    codes=11090@94.16MiB nodes=267,056,892@77.52GiB pending=62214
INFO [10-01|18:47:31.353] Imported new block headers               count=2    elapsed=6.430ms   number=13,335,187 hash=6414fd..7a6a3c
INFO [10-01|18:47:34.695] State heal in progress                   accounts=22049@1.09MiB    slots=20434@1.55MiB    codes=11090@94.16MiB nodes=267,057,377@77.52GiB pending=62577
INFO [10-01|18:47:43.095] State heal in progress                   accounts=22089@1.09MiB    slots=20434@1.55MiB    codes=11090@94.16MiB nodes=267,057,729@77.52GiB pending=62883
WARN [10-01|18:47:43.682] Unexpected trienode heal packet          peer=e88d56c5 reqid=1,203,199,906,721,165,912
WARN [10-01|18:47:43.839] Unexpected trienode heal packet          peer=113bd5b3 reqid=5,083,178,994,545,346,055
ERROR[10-01|18:47:49.990] Snapshot extension registration failed   peer=db10c423 err="peer connected on snap without compatible eth support"
WARN [10-01|18:47:50.886] Unexpected trienode heal packet          peer=160bb64e reqid=5,313,473,627,133,649,894
INFO [10-01|18:47:58.424] State heal in progress                   accounts=22124@1.10MiB    slots=20434@1.55MiB    codes=11090@94.16MiB nodes=267,058,425@77.52GiB pending=63764
INFO [10-01|18:48:00.472] Imported new block headers               count=1    elapsed=6.177ms   number=13,335,188 hash=768d5b..cd04ac
INFO [10-01|18:48:02.423] Downloader queue stats                   receiptTasks=0   blockTasks=0   itemSize=231.91KiB throttle=1131
INFO [10-01|18:48:03.745] Imported new block headers               count=1    elapsed=6.843ms   number=13,335,189 hash=8b46b6..d966a3
INFO [10-01|18:48:07.529] State heal in progress                   accounts=22206@1.10MiB    slots=20434@1.55MiB    codes=11090@94.16MiB nodes=267,058,954@77.52GiB pending=64239
WARN [10-01|18:48:07.530] Unexpected trienode heal packet          peer=06f8ef60 reqid=6,342,092,383,797,440,139
WARN [10-01|18:48:08.298] Unexpected trienode heal packet          peer=19f248a3 reqid=7,411,776,580,807,392,314
WARN [10-01|18:48:11.806] Unexpected trienode heal packet          peer=ddcf0342 reqid=4,195,494,867,533,425,111
WARN [10-01|18:48:11.915] Unexpected trienode heal packet          peer=e88d56c5 reqid=4,167,554,520,249,626,592
WARN [10-01|18:48:11.929] Unexpected trienode heal packet          peer=113bd5b3 reqid=4,313,106,273,651,202,858
INFO [10-01|18:48:15.982] State heal in progress                   accounts=22288@1.10MiB    slots=20434@1.55MiB    codes=11090@94.16MiB nodes=267,059,511@77.52GiB pending=64542
INFO [10-01|18:48:16.484] Imported new block headers               count=1    elapsed=6.361ms   number=13,335,190 hash=a46858..32b26b
ERROR[10-01|18:48:27.885] Snapshot extension registration failed   peer=c65bf9fc err="peer connected on snap without compatible eth support"
ERROR[10-01|18:48:28.104] Snapshot extension registration failed   peer=4c18a4fe err="peer connected on snap without compatible eth support"
INFO [10-01|18:48:28.756] State heal in progress                   accounts=22329@1.11MiB    slots=20434@1.55MiB    codes=11090@94.16MiB nodes=267,060,031@77.52GiB pending=65052
WARN [10-01|18:48:29.596] Unexpected trienode heal packet          peer=19f248a3 reqid=2,082,826,874,528,720,940
INFO [10-01|18:48:32.694] Imported new block headers               count=1    elapsed=7.058ms   number=13,335,191 hash=9d0db6..d12bbd
WARN [10-01|18:48:34.497] Unexpected trienode heal packet          peer=113bd5b3 reqid=4,113,764,441,463,958,772
INFO [10-01|18:48:37.590] State heal in progress                   accounts=22355@1.11MiB    slots=20434@1.55MiB    codes=11090@94.16MiB nodes=267,060,433@77.53GiB pending=65551
WARN [10-01|18:48:37.591] Unexpected trienode heal packet          peer=ddcf0342 reqid=3,222,700,694,719,357,577
WARN [10-01|18:48:37.930] Unexpected trienode heal packet          peer=addb3cad reqid=8,435,458,365,428,514,617
WARN [10-01|18:48:43.267] Unexpected trienode heal packet          peer=bdde169e reqid=730,201,262,811,454,005
INFO [10-01|18:48:49.241] State heal in progress                   accounts=22394@1.11MiB    slots=20435@1.55MiB    codes=11090@94.16MiB nodes=267,060,975@77.53GiB pending=65991
WARN [10-01|18:48:57.501] Dropping unsynced node during sync       id=ca31472674fd6f37 conn=inbound addr=14.36.250.2:12565     type=Geth/v1.10.8-stable-...
INFO [10-01|18:49:02.408] State heal in progress                   accounts=22448@1.11MiB    slots=20436@1.55MiB    codes=11090@94.16MiB nodes=267,061,565@77.53GiB pending=66422
INFO [10-01|18:49:11.678] State heal in progress                   accounts=22474@1.12MiB    slots=20438@1.55MiB    codes=11090@94.16MiB nodes=267,061,984@77.53GiB pending=66823
WARN [10-01|18:49:18.139] Unexpected trienode heal packet          peer=addb3cad reqid=8,699,723,443,844,272,516
WARN [10-01|18:49:19.671] Unexpected trienode heal packet          peer=bdde169e reqid=751,985,140,511,525,724
INFO [10-01|18:49:20.491] State heal in progress                   accounts=22501@1.12MiB    slots=20443@1.55MiB    codes=11090@94.16MiB nodes=267,062,412@77.53GiB pending=67250
WARN [10-01|18:49:20.491] Unexpected trienode heal packet          peer=19f248a3 reqid=8,592,454,124,135,496,994
INFO [10-01|18:49:21.617] Imported new block headers               count=2    elapsed=12.138ms  number=13,335,193 hash=3168aa..a0f426 age=1m6s
INFO [10-01|18:49:22.480] Downloader queue stats                   receiptTasks=0   blockTasks=0   itemSize=231.00KiB throttle=1135
INFO [10-01|18:49:29.715] State heal in progress                   accounts=22618@1.12MiB    slots=20445@1.55MiB    codes=11090@94.16MiB nodes=267,062,956@77.53GiB pending=67650
INFO [10-01|18:49:38.676] State heal in progress                   accounts=22689@1.13MiB    slots=20446@1.55MiB    codes=11090@94.16MiB nodes=267,063,415@77.53GiB pending=67888
ERROR[10-01|18:49:49.066] Snapshot extension registration failed   peer=60dc7da9 err="peer connected on snap without compatible eth support"
INFO [10-01|18:49:49.157] State heal in progress                   accounts=22783@1.13MiB    slots=20446@1.55MiB    codes=11090@94.16MiB nodes=267,064,027@77.53GiB pending=68481
INFO [10-01|18:49:49.891] Imported new block headers               count=1    elapsed=9.074ms   number=13,335,194 hash=21902f..b0616b age=1m20s
WARN [10-01|18:49:50.544] Unexpected trienode heal packet          peer=bdde169e reqid=30,482,010,982,453,254
WARN [10-01|18:49:50.810] Unexpected trienode heal packet          peer=19f248a3 reqid=7,228,019,610,506,949,406
WARN [10-01|18:49:54.444] Unexpected trienode heal packet          peer=ddcf0342 reqid=1,005,486,242,263,987,719
WARN [10-01|18:49:54.944] Unexpected trienode heal packet          peer=06f8ef60 reqid=4,733,697,165,165,003,712
INFO [10-01|18:49:59.024] State heal in progress                   accounts=22863@1.14MiB    slots=20448@1.55MiB    codes=11090@94.16MiB nodes=267,064,550@77.53GiB pending=68792
WARN [10-01|18:49:59.025] Unexpected trienode heal packet          peer=113bd5b3 reqid=5,208,031,957,291,214,372
INFO [10-01|18:49:59.763] Imported new block headers               count=1    elapsed=7.729ms   number=13,335,195 hash=34839b..106b2c
ERROR[10-01|18:50:03.149] Snapshot extension registration failed   peer=20dcc090 err="peer connected on snap without compatible eth support"
INFO [10-01|18:50:07.984] State heal in progress                   accounts=22926@1.14MiB    slots=20448@1.55MiB    codes=11090@94.16MiB nodes=267,065,012@77.53GiB pending=69043
ERROR[10-01|18:50:08.738] Snapshot extension registration failed   peer=fa162a1a err="peer connected on snap without compatible eth support"
INFO [10-01|18:50:16.605] State heal in progress                   accounts=22994@1.15MiB    slots=20449@1.55MiB    codes=11090@94.16MiB nodes=267,065,483@77.53GiB pending=69356
INFO [10-01|18:50:28.899] State heal in progress                   accounts=23062@1.15MiB    slots=20452@1.55MiB    codes=11090@94.16MiB nodes=267,066,056@77.53GiB pending=69705
WARN [10-01|18:50:28.903] Unexpected trienode heal packet          peer=06f8ef60 reqid=413,671,111,480,168,860
WARN [10-01|18:50:29.006] Unexpected trienode heal packet          peer=19f248a3 reqid=4,565,110,236,836,105,996
WARN [10-01|18:50:33.815] Unexpected trienode heal packet          peer=113bd5b3 reqid=1,419,950,084,206,889,768
WARN [10-01|18:50:35.066] Unexpected trienode heal packet          peer=b542d992 reqid=5,425,796,036,401,358,652
WARN [10-01|18:50:36.667] Unexpected trienode heal packet          peer=bdde169e reqid=2,058,360,174,576,549,044
INFO [10-01|18:50:37.236] State heal in progress                   accounts=23124@1.15MiB    slots=20455@1.55MiB    codes=11090@94.16MiB nodes=267,066,505@77.53GiB pending=69989
WARN [10-01|18:50:37.236] Unexpected trienode heal packet          peer=ddcf0342 reqid=1,778,917,410,360,368,270