INFO [10-01|19:05:02.510] Imported new block headers               count=1    elapsed=6.223ms   number=13,335,259 hash=6329d9..bd08f9
INFO [10-01|19:05:03.523] State heal in progress                   accounts=26831@1.36MiB    slots=22115@1.67MiB    codes=11091@94.16MiB nodes=267,114,675@77.54GiB pending=85078
INFO [10-01|19:05:11.658] State heal in progress                   accounts=26858@1.36MiB    slots=22115@1.67MiB    codes=11091@94.16MiB nodes=267,114,990@77.54GiB pending=85339
WARN [10-01|19:05:18.839] Unexpected trienode heal packet          peer=11419fbd reqid=4,146,911,690,335,140,424
INFO [10-01|19:05:20.109] State heal in progress                   accounts=26892@1.36MiB    slots=22115@1.67MiB    codes=11091@94.16MiB nodes=267,115,326@77.54GiB pending=85605
WARN [10-01|19:05:20.109] Unexpected trienode heal packet          peer=ddcf0342 reqid=353,809,627,777,152,898
WARN [10-01|19:05:21.150] Unexpected trienode heal packet          peer=b542d992 reqid=7,519,442,156,486,785,948
INFO [10-01|19:05:21.636] Imported new block headers               count=1    elapsed=9.125ms   number=13,335,260 hash=2f339e..b3afa9
WARN [10-01|19:05:22.625] Unexpected trienode heal packet          peer=113bd5b3 reqid=8,129,336,595,107,207,534
INFO [10-01|19:05:34.955] State heal in progress                   accounts=26938@1.36MiB    slots=22115@1.67MiB    codes=11091@94.16MiB nodes=267,115,904@77.54GiB pending=86076
WARN [10-01|19:05:42.778] Unexpected trienode heal packet          peer=11419fbd reqid=3,865,341,688,122,880,175
WARN [10-01|19:05:42.795] Unexpected trienode heal packet          peer=ddcf0342 reqid=2,975,465,184,661,876,563
WARN [10-01|19:05:42.837] Unexpected trienode heal packet          peer=113bd5b3 reqid=9,061,248,434,686,959,523
INFO [10-01|19:05:43.060] State heal in progress                   accounts=26985@1.37MiB    slots=22115@1.67MiB    codes=11091@94.16MiB nodes=267,116,275@77.55GiB pending=86349
INFO [10-01|19:05:43.578] Imported new block headers               count=1    elapsed=7.896ms   number=13,335,261 hash=b7666b..3cdbe2
INFO [10-01|19:05:45.836] Downloader queue stats                   receiptTasks=0   blockTasks=0   itemSize=281.55KiB throttle=932
INFO [10-01|19:05:46.814] Imported new block headers               count=1    elapsed=9.773ms   number=13,335,262 hash=d59546..143ebf
INFO [10-01|19:05:50.187] Imported new block headers               count=2    elapsed=6.719ms   number=13,335,264 hash=26c43c..442a81
INFO [10-01|19:05:54.725] State heal in progress                   accounts=27016@1.37MiB    slots=22115@1.67MiB    codes=11091@94.16MiB nodes=267,116,745@77.55GiB pending=86807
WARN [10-01|19:06:03.856] Unexpected trienode heal packet          peer=113bd5b3 reqid=7,899,173,272,515,780,079
INFO [10-01|19:06:09.801] State heal in progress                   accounts=27059@1.37MiB    slots=22115@1.67MiB    codes=11091@94.16MiB nodes=267,117,408@77.55GiB pending=87459
INFO [10-01|19:06:12.257] Imported new block headers               count=1    elapsed=6.486ms   number=13,335,265 hash=5134a9..c1ed8f
INFO [10-01|19:06:19.659] State heal in progress                   accounts=27096@1.37MiB    slots=22115@1.67MiB    codes=11091@94.16MiB nodes=267,117,827@77.55GiB pending=87813
WARN [10-01|19:06:20.289] Unexpected trienode heal packet          peer=addb3cad reqid=5,015,828,798,933,554,239
WARN [10-01|19:06:26.983] Unexpected trienode heal packet          peer=7d2d9e2c reqid=3,949,509,556,621,424,934
WARN [10-01|19:06:27.256] Unexpected trienode heal packet          peer=113bd5b3 reqid=4,359,821,923,992,941,670
WARN [10-01|19:06:27.260] Unexpected trienode heal packet          peer=bdde169e reqid=2,461,669,706,604,916,347
WARN [10-01|19:06:27.273] Unexpected trienode heal packet          peer=ddcf0342 reqid=2,643,141,066,539,930,755
WARN [10-01|19:06:27.292] Unexpected trienode heal packet          peer=11419fbd reqid=8,393,988,363,239,261,610
INFO [10-01|19:06:27.752] State heal in progress                   accounts=27147@1.37MiB    slots=22115@1.67MiB    codes=11092@94.18MiB nodes=267,118,207@77.55GiB pending=88026
INFO [10-01|19:06:31.074] Imported new block headers               count=1    elapsed=7.607ms   number=13,335,266 hash=380af0..6c4a4f
INFO [10-01|19:06:36.177] State heal in progress                   accounts=27202@1.38MiB    slots=22115@1.67MiB    codes=11092@94.18MiB nodes=267,118,604@77.55GiB pending=88320
INFO [10-01|19:06:47.071] State heal in progress                   accounts=27392@1.39MiB    slots=22116@1.67MiB    codes=11092@94.18MiB nodes=267,119,271@77.55GiB pending=88436
INFO [10-01|19:06:50.381] Imported new block headers               count=1    elapsed=9.754ms   number=13,335,267 hash=b2443b..97e107 age=1m2s
INFO [10-01|19:06:50.900] Downloader queue stats                   receiptTasks=0   blockTasks=0   itemSize=229.32KiB throttle=1144
WARN [10-01|19:06:51.655] Unexpected trienode heal packet          peer=b542d992 reqid=3,463,792,225,490,658,999
INFO [10-01|19:06:59.268] State heal in progress                   accounts=27497@1.39MiB    slots=22116@1.67MiB    codes=11092@94.18MiB nodes=267,119,901@77.55GiB pending=88798
WARN [10-01|19:06:59.269] Unexpected trienode heal packet          peer=113bd5b3 reqid=7,846,541,784,627,453,387
WARN [10-01|19:06:59.822] Unexpected trienode heal packet          peer=bdde169e reqid=2,903,700,405,028,100,672
WARN [10-01|19:07:00.054] Unexpected trienode heal packet          peer=ddcf0342 reqid=7,896,968,170,244,250,604
WARN [10-01|19:07:00.127] Unexpected trienode heal packet          peer=11419fbd reqid=6,685,944,399,127,370,479
WARN [10-01|19:07:00.321] Unexpected trienode heal packet          peer=be7347f4 reqid=2,431,321,350,473,238,184
INFO [10-01|19:07:11.424] State heal in progress                   accounts=27573@1.40MiB    slots=22116@1.67MiB    codes=11092@94.18MiB nodes=267,120,513@77.55GiB pending=89197
INFO [10-01|19:07:12.465] Imported new block headers               count=1    elapsed=8.364ms   number=13,335,268 hash=05865e..6cbeb5 age=1m3s
INFO [10-01|19:07:15.741] Imported new block headers               count=1    elapsed=6.459ms   number=13,335,269 hash=ca8299..6aeac2
WARN [10-01|19:07:16.980] Unexpected trienode heal packet          peer=ddcf0342 reqid=4,352,349,741,181,328,305
WARN [10-01|19:07:16.982] Unexpected trienode heal packet          peer=11419fbd reqid=3,116,993,047,437,705,049
INFO [10-01|19:07:22.515] Imported new block headers               count=1    elapsed=6.762ms   number=13,335,270 hash=a4c72c..8864e1
INFO [10-01|19:07:22.530] State heal in progress                   accounts=27689@1.40MiB    slots=22117@1.67MiB    codes=11092@94.18MiB nodes=267,121,102@77.55GiB pending=89626
INFO [10-01|19:07:32.654] State heal in progress                   accounts=27800@1.41MiB    slots=22117@1.67MiB    codes=11092@94.18MiB nodes=267,121,676@77.55GiB pending=89920
WARN [10-01|19:07:37.208] Unexpected trienode heal packet          peer=be7347f4 reqid=5,807,002,275,202,287,058
WARN [10-01|19:07:40.642] Unexpected trienode heal packet          peer=b542d992 reqid=2,076,925,862,456,007,483
INFO [10-01|19:07:40.985] State heal in progress                   accounts=27958@1.42MiB    slots=22118@1.67MiB    codes=11095@94.22MiB nodes=267,122,218@77.55GiB pending=90042
INFO [10-01|19:07:41.377] Imported new block headers               count=1    elapsed=8.215ms   number=13,335,271 hash=296600..2c46ab
INFO [10-01|19:07:51.794] State heal in progress                   accounts=28139@1.43MiB    slots=22120@1.67MiB    codes=11095@94.22MiB nodes=267,123,009@77.55GiB pending=90264
WARN [10-01|19:07:52.240] Unexpected bytecode heal packet          peer=160bb64e reqid=8,893,564,275,682,596,435
INFO [10-01|19:08:00.631] State heal in progress                   accounts=28203@1.43MiB    slots=22124@1.67MiB    codes=11095@94.22MiB nodes=267,123,572@77.55GiB pending=90713
WARN [10-01|19:08:05.392] Unexpected trienode heal packet          peer=be7347f4 reqid=6,774,784,072,512,932,277
WARN [10-01|19:08:05.422] Unexpected bytecode heal packet          peer=bdde169e reqid=2,073,118,953,538,093,456
WARN [10-01|19:08:05.425] Unexpected trienode heal packet          peer=bdde169e reqid=172,892,593,837,651,328
WARN [10-01|19:08:05.717] Unexpected trienode heal packet          peer=113bd5b3 reqid=3,494,537,412,869,311,243
WARN [10-01|19:08:06.015] Unexpected trienode heal packet          peer=b542d992 reqid=6,969,411,460,814,731,310
WARN [10-01|19:08:06.172] Unexpected trienode heal packet          peer=ddcf0342 reqid=1,011,440,383,553,641,924
WARN [10-01|19:08:06.444] Unexpected trienode heal packet          peer=11419fbd reqid=401,019,167,563,899,263
INFO [10-01|19:08:09.600] State heal in progress                   accounts=28340@1.44MiB    slots=22133@1.68MiB    codes=11095@94.22MiB nodes=267,124,178@77.55GiB pending=91309
INFO [10-01|19:08:16.066] Imported new block headers               count=1    elapsed=7.055ms   number=13,335,272 hash=c08e2b..0d0c9e age=1m4s
INFO [10-01|19:08:16.996] Downloader queue stats                   receiptTasks=0   blockTasks=0   itemSize=227.18KiB throttle=1154
INFO [10-01|19:08:20.016] State heal in progress                   accounts=28631@1.45MiB    slots=22140@1.68MiB    codes=11095@94.22MiB nodes=267,125,119@77.55GiB pending=91453
WARN [10-01|19:08:20.017] Unexpected bytecode heal packet          peer=addb3cad reqid=3,473,386,101,422,176,374
INFO [10-01|19:08:22.419] Imported new block headers               count=1    elapsed=6.868ms   number=13,335,273 hash=ecf63f..0f90e8 age=1m1s
INFO [10-01|19:08:30.309] State heal in progress                   accounts=28825@1.47MiB    slots=22162@1.68MiB    codes=11095@94.22MiB nodes=267,125,937@77.55GiB pending=92001
WARN [10-01|19:08:35.113] Unexpected bytecode heal packet          peer=113bd5b3 reqid=6,456,488,243,653,541,898
INFO [10-01|19:08:40.520] State heal in progress                   accounts=28915@1.47MiB    slots=22171@1.68MiB    codes=11095@94.22MiB nodes=267,126,538@77.55GiB pending=92857
WARN [10-01|19:08:40.527] Unexpected trienode heal packet          peer=ddcf0342 reqid=64,551,589,166,949,976
WARN [10-01|19:08:40.603] Unexpected bytecode heal packet          peer=b542d992 reqid=4,277,110,569,068,925,748
WARN [10-01|19:08:40.605] Unexpected trienode heal packet          peer=b542d992 reqid=6,344,364,930,472,809,794
WARN [10-01|19:08:40.681] Unexpected trienode heal packet          peer=11419fbd reqid=4,407,390,595,437,598,953
INFO [10-01|19:08:44.747] Imported new block headers               count=1    elapsed=6.672ms   number=13,335,274 hash=2a65c6..113831 age=1m6s
INFO [10-01|19:08:52.983] State heal in progress                   accounts=29117@1.48MiB    slots=22195@1.68MiB    codes=11095@94.22MiB nodes=267,127,384@77.55GiB pending=93774
WARN [10-01|19:08:52.985] Unexpected bytecode heal packet          peer=7d2d9e2c reqid=6,481,757,635,279,825,163
INFO [10-01|19:09:00.576] Imported new block headers               count=1    elapsed=10.242ms  number=13,335,275 hash=83e6f3..294ae6
INFO [10-01|19:09:01.529] State heal in progress                   accounts=29266@1.49MiB    slots=22232@1.68MiB    codes=11095@94.22MiB nodes=267,128,162@77.55GiB pending=94422
WARN [10-01|19:09:06.452] Unexpected bytecode heal packet          peer=be7347f4 reqid=5,429,539,378,591,303,432
INFO [10-01|19:09:10.160] State heal in progress                   accounts=29371@1.49MiB    slots=22302@1.69MiB    codes=11095@94.22MiB nodes=267,128,954@77.55GiB pending=94968
WARN [10-01|19:09:13.268] Unexpected bytecode heal packet          peer=11419fbd reqid=2,928,323,262,317,627,156
INFO [10-01|19:09:21.773] State heal in progress                   accounts=29505@1.50MiB    slots=22367@1.69MiB    codes=11095@94.22MiB nodes=267,129,766@77.55GiB pending=95323
WARN [10-01|19:09:26.274] Unexpected bytecode heal packet          peer=bdde169e reqid=2,833,779,004,038,894,599
INFO [10-01|19:09:29.798] State heal in progress                   accounts=29552@1.50MiB    slots=22569@1.71MiB    codes=11095@94.22MiB nodes=267,130,521@77.55GiB pending=95671
INFO [10-01|19:09:32.310] Imported new block headers               count=1    elapsed=7.782ms   number=13,335,276 hash=338429..c0697b age=1m11s
INFO [10-01|19:09:33.087] Downloader queue stats                   receiptTasks=0   blockTasks=0   itemSize=253.30KiB throttle=1035
WARN [10-01|19:09:35.149] Unexpected bytecode heal packet          peer=113bd5b3 reqid=7,954,189,962,825,803,178
INFO [10-01|19:09:39.052] State heal in progress                   accounts=29612@1.51MiB    slots=22716@1.72MiB    codes=11095@94.22MiB nodes=267,131,309@77.55GiB pending=96113
WARN [10-01|19:09:41.971] Unexpected bytecode heal packet          peer=addb3cad reqid=8,251,553,978,385,962,487
ERROR[10-01|19:09:46.126] Snapshot extension registration failed   peer=250c7dca err="peer connected on snap without compatible eth support"
INFO [10-01|19:09:49.556] State heal in progress                   accounts=29734@1.51MiB    slots=22800@1.72MiB    codes=11095@94.22MiB nodes=267,132,126@77.55GiB pending=96630
WARN [10-01|19:09:51.263] Unexpected bytecode heal packet          peer=b542d992 reqid=8,023,904,295,778,686,010
WARN [10-01|19:09:57.199] Unexpected bytecode heal packet          peer=7d2d9e2c reqid=586,742,346,007,167,234
INFO [10-01|19:09:59.404] State heal in progress                   accounts=29804@1.52MiB    slots=23059@1.74MiB    codes=11095@94.22MiB nodes=267,133,115@77.55GiB pending=96838
INFO [10-01|19:10:01.060] Imported new block headers               count=1    elapsed=7.182ms   number=13,335,277 hash=4697b6..173bd2 age=1m18s
INFO [10-01|19:10:01.840] Imported new block headers               count=2    elapsed=13.260ms  number=13,335,279 hash=e17e07..d34f8e
WARN [10-01|19:10:09.476] Checkpoint challenge timed out, dropping id=8593b2fb4be8ef34 conn=inbound addr=34.145.247.140:44674  type=erigon/v2021.09.1-al...
INFO [10-01|19:10:09.837] State heal in progress                   accounts=29858@1.52MiB    slots=23199@1.75MiB    codes=11095@94.22MiB nodes=267,133,901@77.55GiB pending=97021
WARN [10-01|19:10:11.888] Unexpected bytecode heal packet          peer=bdde169e reqid=8,068,099,617,558,267,951
ERROR[10-01|19:10:16.654] Snapshot extension registration failed   peer=70d956b8 err="peer connected on snap without compatible eth support"
INFO [10-01|19:10:17.828] Imported new block headers               count=1    elapsed=6.135ms   number=13,335,280 hash=5501ca..2c24ae
INFO [10-01|19:10:19.349] State heal in progress                   accounts=29881@1.52MiB    slots=23528@1.78MiB    codes=11095@94.22MiB nodes=267,134,904@77.55GiB pending=97330
WARN [10-01|19:10:23.114] Unexpected bytecode heal packet          peer=ddcf0342 reqid=2,139,741,710,487,451,291
ERROR[10-01|19:10:26.502] Snapshot extension registration failed   peer=70fd5af7 err="peer connected on snap without compatible eth support"
INFO [10-01|19:10:27.404] Imported new block headers               count=1    elapsed=8.027ms   number=13,335,281 hash=a940af..385ab9
INFO [10-01|19:10:28.159] State heal in progress                   accounts=29930@1.52MiB    slots=23721@1.79MiB    codes=11096@94.24MiB nodes=267,135,738@77.55GiB pending=97526
INFO [10-01|19:10:37.516] State heal in progress                   accounts=29984@1.53MiB    slots=24097@1.82MiB    codes=11097@94.25MiB nodes=267,136,902@77.55GiB pending=97507