2021-06-04 00:40:48 UTC Imported #12564781 0xb220…6aeb (153 txs, 14.97 Mgas, 5820 ms, 63.96 KiB)
2021-06-04 00:40:54 UTC Imported #12564782 0x9374…f955 (144 txs, 15.00 Mgas, 5425 ms, 40.62 KiB)
2021-06-04 00:40:59 UTC  31/50 peers      5 MiB chain  233 KiB queue  RPC:  0 conn,    0 req/s,    0 µs
2021-06-04 00:40:59 UTC  31/50 peers      5 MiB chain  233 KiB queue  RPC:  0 conn,    0 req/s,    0 µs
2021-06-04 00:41:25 UTC Imported #12564785 0xcde1…3070 (155 txs, 14.97 Mgas, 4259 ms, 51.75 KiB)
2021-06-04 00:41:32 UTC Imported #12564786 0x3289…1258 (256 txs, 14.98 Mgas, 5196 ms, 54.06 KiB)
2021-06-04 00:41:37 UTC  20/25 peers      6 MiB chain  0 bytes queue  RPC:  0 conn,    0 req/s,    0 µs
2021-06-04 00:41:53 UTC Imported #12564787 0x9056…7455 (234 txs, 15.01 Mgas, 4530 ms, 61.96 KiB)
2021-06-04 00:42:14 UTC   6/25 peers      4 MiB chain  0 bytes queue  RPC:  0 conn,    0 req/s,    0 µs
2021-06-04 00:42:47 UTC   2/25 peers      4 MiB chain  0 bytes queue  RPC:  0 conn,    0 req/s,    0 µs
2021-06-04 00:42:56 UTC Imported #12564788 0xd7d6…2171 (291 txs, 15.02 Mgas, 4543 ms, 62.04 KiB)
2021-06-04 00:43:17 UTC Syncing #12564788 0xd7d6…2171     0.03 blk/s    9.7 tx/s    0.5 Mgas/s      0+    0 Qed LI:#12564788    3/25 peers      5 MiB chain  0 bytes queue  RPC:  0 conn,    0 req/s,    0 µs
2021-06-04 00:43:22 UTC Syncing #12564788 0xd7d6…2171     0.20 blk/s   57.8 tx/s    3.0 Mgas/s      0+    6 Qed LI:#12564795    5/25 peers      5 MiB chain  959 KiB queue  RPC:  0 conn,    0 req/s,    0 µs
2021-06-04 00:43:24 UTC Reorg to #12564789 0xb8f5…069e (0xd7d6…2171 #12564787 0x9056…7455 0x136c…1f91)
2021-06-04 00:43:27 UTC Syncing #12564789 0xb8f5…069e     0.20 blk/s   32.2 tx/s    3.0 Mgas/s      0+    5 Qed LI:#12564795    5/25 peers      5 MiB chain  778 KiB queue  RPC:  0 conn,    0 req/s,    0 µs
2021-06-04 00:43:32 UTC Syncing #12564790 0x218b…8fe2     0.20 blk/s   35.2 tx/s    3.0 Mgas/s      0+    4 Qed LI:#12564795    6/25 peers      5 MiB chain  582 KiB queue  RPC:  0 conn,    0 req/s,    0 µs
2021-06-04 00:43:57 UTC Imported #12564795 0x3a84…ad9c (123 txs, 14.98 Mgas, 7170 ms, 50.48 KiB)
2021-06-04 00:44:12 UTC Syncing #12564796 0x5fb0…b6eb     0.15 blk/s   23.4 tx/s    2.2 Mgas/s      0+    4 Qed LI:#12564799    4/25 peers      5 MiB chain  698 KiB queue  RPC:  0 conn,    0 req/s,    0 µs
2021-06-04 00:44:21 UTC Syncing #12564796 0x5fb0…b6eb     0.00 blk/s    0.0 tx/s    0.0 Mgas/s      0+    5 Qed LI:#12564801    6/25 peers      5 MiB chain  606 KiB queue  RPC:  0 conn,    0 req/s,    0 µs
2021-06-04 00:44:31 UTC Reorg to #12564799 0x3cb1…c604 (0x5155…e1ea #12564797 0xedd3…8c80 0x35b7…9944)
2021-06-04 00:44:51 UTC   7/25 peers      5 MiB chain  0 bytes queue  RPC:  0 conn,    0 req/s,    0 µs
2021-06-04 00:44:54 UTC Imported #12564804 0x56d9…bde1 (84 txs, 14.98 Mgas, 4987 ms, 30.93 KiB)
2021-06-04 00:45:15 UTC Imported #12564806 0xb310…ff12 (222 txs, 15.01 Mgas, 5275 ms, 54.06 KiB)
2021-06-04 00:45:19 UTC   6/25 peers      5 MiB chain  0 bytes queue  RPC:  0 conn,    0 req/s,    0 µs
2021-06-04 00:45:31 UTC Syncing #12564806 0xb310…ff12     0.00 blk/s    0.0 tx/s    0.0 Mgas/s      0+    0 Qed LI:#12564806    6/25 peers      5 MiB chain  0 bytes queue  RPC:  0 conn,    0 req/s,    0 µs
2021-06-04 00:45:37 UTC Syncing #12564806 0xb310…ff12     0.00 blk/s    0.0 tx/s    0.0 Mgas/s      0+    0 Qed LI:#12564806   12/25 peers      5 MiB chain  0 bytes queue  RPC:  0 conn,    0 req/s,    0 µs
2021-06-04 00:45:42 UTC Syncing #12564806 0xb310…ff12     0.00 blk/s    0.0 tx/s    0.0 Mgas/s      0+    0 Qed LI:#12564806   13/25 peers      5 MiB chain  0 bytes queue  RPC:  0 conn,    0 req/s,    0 µs
2021-06-04 00:45:53 UTC Imported #12564808 0x2a60…c459 (226 txs, 15.00 Mgas, 4492 ms, 52.84 KiB)
2021-06-04 00:46:12 UTC  14/25 peers      6 MiB chain  181 KiB queue  RPC:  0 conn,    0 req/s,    0 µs
2021-06-04 00:46:17 UTC Imported #12564811 0xe72e…0472 (173 txs, 14.97 Mgas, 3678 ms, 47.17 KiB)
2021-06-04 00:46:42 UTC  15/25 peers      5 MiB chain  171 KiB queue  RPC:  0 conn,    0 req/s,    0 µs
2021-06-04 00:46:49 UTC Imported #12564815 0x759d…e682 (148 txs, 14.94 Mgas, 4925 ms, 41.16 KiB)
2021-06-04 00:47:02 UTC Imported #12564816 0x1ada…2b58 (187 txs, 14.97 Mgas, 5563 ms, 50.11 KiB)
2021-06-04 00:47:18 UTC  16/25 peers      6 MiB chain  0 bytes queue  RPC:  0 conn,    0 req/s,    0 µs
2021-06-04 00:47:34 UTC Imported #12564818 0x4e4e…dae8 (123 txs, 15.00 Mgas, 1927 ms, 51.00 KiB)
2021-06-04 00:47:38 UTC Reorg to #12564819 0x77dc…c79c (0x77ae…0872 #12564817 0xf573…9ea6 0x4e4e…dae8)
2021-06-04 00:47:41 UTC Imported #12564819 0x77dc…c79c (127 txs, 14.79 Mgas, 4128 ms, 40.21 KiB)