INFO [05-09|12:58:14.480] Imported new state entries               count=384  elapsed="2.2µs"     processed=572669879 pending=43030  trieretry=0   coderetry=0 duplicate=6212 unexpected=270668
INFO [05-09|12:58:15.662] Imported new block headers               count=1    elapsed=5.506ms     number=12400282 hash="1adc3c…061da0"
INFO [05-09|12:58:19.134] Imported new state entries               count=384  elapsed="2.5µs"     processed=572670263 pending=43455  trieretry=0   coderetry=0 duplicate=6212 unexpected=270668
INFO [05-09|12:58:23.537] Imported new state entries               count=384  elapsed="3.1µs"     processed=572670647 pending=43893  trieretry=0   coderetry=0 duplicate=6212 unexpected=270668
INFO [05-09|12:58:28.205] Imported new state entries               count=384  elapsed="2.4µs"     processed=572671031 pending=44317  trieretry=0   coderetry=0 duplicate=6212 unexpected=270668
INFO [05-09|12:58:31.706] Imported new state entries               count=290  elapsed="2.3µs"     processed=572671321 pending=44642  trieretry=0   coderetry=0 duplicate=6212 unexpected=270668
INFO [05-09|12:58:36.030] Imported new state entries               count=384  elapsed="2.2µs"     processed=572671705 pending=45092  trieretry=0   coderetry=0 duplicate=6212 unexpected=270668
INFO [05-09|12:58:39.813] Imported new block headers               count=1    elapsed=7.532ms     number=12400283 hash="1313a5…a189d1"
INFO [05-09|12:58:40.423] Imported new state entries               count=384  elapsed="3.1µs"     processed=572672089 pending=45516  trieretry=0   coderetry=0 duplicate=6212 unexpected=270668
INFO [05-09|12:58:40.537] Downloader queue stats                   receiptTasks=0     blockTasks=0     itemSize=274.53KiB throttle=239
INFO [05-09|12:58:44.025] Imported new state entries               count=281  elapsed="34.2µs"    processed=572672370 pending=45826  trieretry=0   coderetry=0 duplicate=6212 unexpected=270668
INFO [05-09|12:58:48.536] Imported new state entries               count=384  elapsed="2.8µs"     processed=572672754 pending=46272  trieretry=0   coderetry=0 duplicate=6212 unexpected=270668
INFO [05-09|12:58:53.134] Imported new state entries               count=384  elapsed="2.6µs"     processed=572673138 pending=46702  trieretry=0   coderetry=0 duplicate=6212 unexpected=270668
INFO [05-09|12:58:58.843] Imported new state entries               count=524  elapsed="2.1µs"     processed=572673662 pending=47336  trieretry=0   coderetry=0 duplicate=6212 unexpected=270668
INFO [05-09|12:59:02.532] Imported new state entries               count=384  elapsed="2.8µs"     processed=572674046 pending=47847  trieretry=0   coderetry=0 duplicate=6212 unexpected=270668
INFO [05-09|12:59:03.949] Imported new block headers               count=1    elapsed=6.169ms     number=12400284 hash="84544d…f674b6" age=1m20s
INFO [05-09|12:59:06.977] Imported new state entries               count=384  elapsed="3.4µs"     processed=572674430 pending=48286  trieretry=0   coderetry=0 duplicate=6212 unexpected=270668
INFO [05-09|12:59:09.995] Imported new block headers               count=2    elapsed=5.864ms     number=12400286 hash="27dd1e…7548e7"
INFO [05-09|12:59:12.929] Imported new state entries               count=384  elapsed="2.5µs"     processed=572674814 pending=49007  trieretry=0   coderetry=0 duplicate=6212 unexpected=270668
INFO [05-09|12:59:12.970] Imported new state entries               count=384  elapsed="2.7µs"     processed=572675198 pending=55130  trieretry=0   coderetry=0 duplicate=6212 unexpected=270668