INFO [05-09|12:57:03.222] Imported new block headers               count=1    elapsed=7.591ms     number=12400276 hash="452c7b…18bcbd" age=1m7s
INFO [05-09|12:57:03.512] Imported new state entries               count=384  elapsed="67.3µs"    processed=572661730 pending=308389 trieretry=0   coderetry=0 duplicate=6212 unexpected=270668
INFO [05-09|12:57:12.248] Imported new state entries               count=384  elapsed="53.9µs"    processed=572662114 pending=309143 trieretry=2   coderetry=0 duplicate=6212 unexpected=270668
INFO [05-09|12:57:19.451] Imported new state entries               count=384  elapsed=1.689ms     processed=572662498 pending=309524 trieretry=0   coderetry=0 duplicate=6212 unexpected=270668
INFO [05-09|12:57:28.259] Imported new state entries               count=384  elapsed="85.801µs"  processed=572662882 pending=310311 trieretry=0   coderetry=0 duplicate=6212 unexpected=270668
INFO [05-09|12:57:36.403] Imported new block headers               count=1    elapsed=6.263ms     number=12400277 hash="79572a…de015a" age=1m35s
INFO [05-09|12:57:36.838] Downloader queue stats                   receiptTasks=0     blockTasks=0     itemSize=277.24KiB throttle=237
INFO [05-09|12:57:37.183] Imported new state entries               count=384  elapsed="40.4µs"    processed=572663266 pending=311082 trieretry=0   coderetry=0 duplicate=6212 unexpected=270668
INFO [05-09|12:57:39.435] Imported new block headers               count=1    elapsed=7.356ms     number=12400278 hash="bfb60c…bf83c0" age=1m13s
INFO [05-09|12:57:42.467] Imported new block headers               count=1    elapsed=7.432ms     number=12400279 hash="78f5e0…bd5e1a"
INFO [05-09|12:57:43.998] Imported new state entries               count=384  elapsed=1.689ms     processed=572663650 pending=311414 trieretry=0   coderetry=0 duplicate=6212 unexpected=270668
INFO [05-09|12:57:48.514] Imported new block headers               count=2    elapsed=8.183ms     number=12400281 hash="4d4e05…2c450d"
WARN [05-09|12:57:48.843] Pivot became stale, moving               old=12400155 new=12400219
INFO [05-09|12:57:49.065] Imported new block receipts              count=64   elapsed=219.171ms   number=12400218 hash="a71870…0614a5" age=15m48s     size=7.61MiB
INFO [05-09|12:57:51.487] Imported new state entries               count=384  elapsed=1.829ms     processed=572664034 pending=311846 trieretry=0   coderetry=0 duplicate=6212 unexpected=270668
INFO [05-09|12:57:51.565] Imported new state entries               count=273  elapsed="2.3µs"     processed=572664307 pending=4350   trieretry=0   coderetry=0 duplicate=6212 unexpected=270668
INFO [05-09|12:57:52.368] Imported new state entries               count=384  elapsed="2.6µs"     processed=572664691 pending=5845   trieretry=0   coderetry=0 duplicate=6212 unexpected=270668
INFO [05-09|12:57:53.187] Imported new state entries               count=384  elapsed="2.4µs"     processed=572665075 pending=7287   trieretry=0   coderetry=0 duplicate=6212 unexpected=270668
INFO [05-09|12:57:54.016] Imported new state entries               count=384  elapsed="2.5µs"     processed=572665459 pending=8720   trieretry=0   coderetry=0 duplicate=6212 unexpected=270668
INFO [05-09|12:57:54.734] Imported new state entries               count=384  elapsed="2.5µs"     processed=572665843 pending=10396  trieretry=0   coderetry=0 duplicate=6212 unexpected=270668
INFO [05-09|12:57:55.138] Imported new state entries               count=384  elapsed="2.3µs"     processed=572666227 pending=14738  trieretry=0   coderetry=0 duplicate=6212 unexpected=270668
INFO [05-09|12:57:55.810] Imported new state entries               count=384  elapsed="2.3µs"     processed=572666611 pending=16974  trieretry=0   coderetry=0 duplicate=6212 unexpected=270668
INFO [05-09|12:57:55.830] Imported new state entries               count=384  elapsed="2µs"       processed=572666995 pending=23048  trieretry=0   coderetry=0 duplicate=6212 unexpected=270668
INFO [05-09|12:57:55.855] Imported new state entries               count=237  elapsed="1.6µs"     processed=572667232 pending=26808  trieretry=0   coderetry=0 duplicate=6212 unexpected=270668
INFO [05-09|12:57:55.913] Imported new state entries               count=384  elapsed="2.4µs"     processed=572667616 pending=31647  trieretry=0   coderetry=0 duplicate=6212 unexpected=270668
INFO [05-09|12:57:56.427] Imported new state entries               count=384  elapsed="3.4µs"     processed=572668000 pending=35197  trieretry=0   coderetry=0 duplicate=6212 unexpected=270668
INFO [05-09|12:57:56.443] Imported new state entries               count=384  elapsed="2.2µs"     processed=572668384 pending=41334  trieretry=0   coderetry=0 duplicate=6212 unexpected=270668
INFO [05-09|12:58:01.297] Imported new state entries               count=384  elapsed="2.2µs"     processed=572668768 pending=41769  trieretry=0   coderetry=0 duplicate=6212 unexpected=270668
INFO [05-09|12:58:06.055] Imported new state entries               count=384  elapsed="2.1µs"     processed=572669152 pending=42191  trieretry=0   coderetry=0 duplicate=6212 unexpected=270668
INFO [05-09|12:58:09.974] Imported new state entries               count=343  elapsed="3.3µs"     processed=572669495 pending=42589  trieretry=0   coderetry=0 duplicate=6212 unexpected=270668
INFO [05-09|12:58:14.480] Imported new state entries               count=384  elapsed="2.2µs"     processed=572669879 pending=43030  trieretry=0   coderetry=0 duplicate=6212 unexpected=270668
INFO [05-09|12:58:15.662] Imported new block headers               count=1    elapsed=5.506ms     number=12400282 hash="1adc3c…061da0"
INFO [05-09|12:58:19.134] Imported new state entries               count=384  elapsed="2.5µs"     processed=572670263 pending=43455  trieretry=0   coderetry=0 duplicate=6212 unexpected=270668
INFO [05-09|12:58:23.537] Imported new state entries               count=384  elapsed="3.1µs"     processed=572670647 pending=43893  trieretry=0   coderetry=0 duplicate=6212 unexpected=270668
INFO [05-09|12:58:28.205] Imported new state entries               count=384  elapsed="2.4µs"     processed=572671031 pending=44317  trieretry=0   coderetry=0 duplicate=6212 unexpected=270668
INFO [05-09|12:58:31.706] Imported new state entries               count=290  elapsed="2.3µs"     processed=572671321 pending=44642  trieretry=0   coderetry=0 duplicate=6212 unexpected=270668
INFO [05-09|12:58:36.030] Imported new state entries               count=384  elapsed="2.2µs"     processed=572671705 pending=45092  trieretry=0   coderetry=0 duplicate=6212 unexpected=270668
INFO [05-09|12:58:39.813] Imported new block headers               count=1    elapsed=7.532ms     number=12400283 hash="1313a5…a189d1"
INFO [05-09|12:58:40.423] Imported new state entries               count=384  elapsed="3.1µs"     processed=572672089 pending=45516  trieretry=0   coderetry=0 duplicate=6212 unexpected=270668
INFO [05-09|12:58:40.537] Downloader queue stats                   receiptTasks=0     blockTasks=0     itemSize=274.53KiB throttle=239