INFO [05-09|12:58:48.536] Imported new state entries               count=384  elapsed="2.8µs"     processed=572672754 pending=46272  trieretry=0   coderetry=0 duplicate=6212 unexpected=270668
INFO [05-09|12:58:53.134] Imported new state entries               count=384  elapsed="2.6µs"     processed=572673138 pending=46702  trieretry=0   coderetry=0 duplicate=6212 unexpected=270668
INFO [05-09|12:58:58.843] Imported new state entries               count=524  elapsed="2.1µs"     processed=572673662 pending=47336  trieretry=0   coderetry=0 duplicate=6212 unexpected=270668
INFO [05-09|12:59:02.532] Imported new state entries               count=384  elapsed="2.8µs"     processed=572674046 pending=47847  trieretry=0   coderetry=0 duplicate=6212 unexpected=270668
INFO [05-09|12:59:03.949] Imported new block headers               count=1    elapsed=6.169ms     number=12400284 hash="84544d…f674b6" age=1m20s
INFO [05-09|12:59:06.977] Imported new state entries               count=384  elapsed="3.4µs"     processed=572674430 pending=48286  trieretry=0   coderetry=0 duplicate=6212 unexpected=270668
INFO [05-09|12:59:09.995] Imported new block headers               count=2    elapsed=5.864ms     number=12400286 hash="27dd1e…7548e7"
INFO [05-09|12:59:12.929] Imported new state entries               count=384  elapsed="2.5µs"     processed=572674814 pending=49007  trieretry=0   coderetry=0 duplicate=6212 unexpected=270668
INFO [05-09|12:59:12.970] Imported new state entries               count=384  elapsed="2.7µs"     processed=572675198 pending=55130  trieretry=0   coderetry=0 duplicate=6212 unexpected=270668
INFO [05-09|12:59:16.040] Imported new block headers               count=1    elapsed=5.944ms     number=12400287 hash="a907ff…46c283"
INFO [05-09|12:59:19.019] Imported new state entries               count=384  elapsed="3.801µs"   processed=572675582 pending=55644  trieretry=0   coderetry=0 duplicate=6212 unexpected=270668
INFO [05-09|12:59:19.071] Imported new block headers               count=1    elapsed=6.371ms     number=12400288 hash="26fecd…2fec22"
INFO [05-09|12:59:23.689] Imported new state entries               count=384  elapsed="3.1µs"     processed=572675966 pending=57107  trieretry=0   coderetry=0 duplicate=6212 unexpected=270668
INFO [05-09|12:59:23.734] Imported new state entries               count=384  elapsed="1.9µs"     processed=572676350 pending=63130  trieretry=0   coderetry=0 duplicate=6212 unexpected=270668
INFO [05-09|12:59:28.134] Imported new block headers               count=1    elapsed=8.324ms     number=12400289 hash="793e57…c6d8a7"
INFO [05-09|12:59:30.085] Imported new state entries               count=384  elapsed="2.6µs"     processed=572676734 pending=63625  trieretry=0   coderetry=0 duplicate=6212 unexpected=270668
INFO [05-09|12:59:32.390] Imported new state entries               count=502  elapsed="2.4µs"     processed=572677236 pending=69741  trieretry=0   coderetry=0 duplicate=6212 unexpected=270668
INFO [05-09|12:59:32.404] Imported new state entries               count=384  elapsed="1.5µs"     processed=572677620 pending=75883  trieretry=0   coderetry=0 duplicate=6212 unexpected=270668
INFO [05-09|12:59:32.447] Imported new state entries               count=384  elapsed="1.6µs"     processed=572678004 pending=82004  trieretry=0   coderetry=0 duplicate=6212 unexpected=270668
INFO [05-09|12:59:38.287] Imported new state entries               count=384  elapsed="2.8µs"     processed=572678388 pending=82545  trieretry=0   coderetry=0 duplicate=6212 unexpected=270668
INFO [05-09|12:59:38.288] Imported new state entries               count=0    elapsed="8.8µs"     processed=572678388 pending=82545  trieretry=4   coderetry=0 duplicate=6212 unexpected=270670
INFO [05-09|12:59:42.553] Imported new state entries               count=384  elapsed="3.7µs"     processed=572678772 pending=82995  trieretry=70  coderetry=0 duplicate=6212 unexpected=270670
INFO [05-09|12:59:47.588] Imported new state entries               count=384  elapsed="3.9µs"     processed=572679156 pending=83482  trieretry=0   coderetry=0 duplicate=6212 unexpected=270670
INFO [05-09|12:59:49.354] Imported new state entries               count=443  elapsed="3.2µs"     processed=572679599 pending=88469  trieretry=0   coderetry=0 duplicate=6212 unexpected=270670
INFO [05-09|12:59:53.125] Imported new state entries               count=384  elapsed="2.4µs"     processed=572679983 pending=88947  trieretry=0   coderetry=0 duplicate=6212 unexpected=270670
INFO [05-09|12:59:57.684] Imported new state entries               count=384  elapsed="3µs"       processed=572680367 pending=89432  trieretry=0   coderetry=0 duplicate=6212 unexpected=270670
INFO [05-09|13:00:00.197] Imported new state entries               count=384  elapsed="6.5µs"     processed=572680751 pending=90018  trieretry=2   coderetry=0 duplicate=6212 unexpected=270670
INFO [05-09|13:00:01.323] Imported new block headers               count=1    elapsed=7.763ms     number=12400290 hash="991977…7e770f"
INFO [05-09|13:00:01.581] Downloader queue stats                   receiptTasks=0     blockTasks=0     itemSize=244.56KiB throttle=268
INFO [05-09|13:00:04.352] Imported new block headers               count=1    elapsed=7.320ms     number=12400291 hash="2a8fd0…2f987c"
INFO [05-09|13:00:05.763] Imported new state entries               count=384  elapsed="2.7µs"     processed=572681135 pending=90616  trieretry=0   coderetry=0 duplicate=6212 unexpected=270670
INFO [05-09|13:00:13.411] Imported new block headers               count=1    elapsed=6.141ms     number=12400292 hash="59e8ab…d04cad"
INFO [05-09|13:00:14.361] Imported new state entries               count=384  elapsed="2.6µs"     processed=572681519 pending=91003  trieretry=0   coderetry=0 duplicate=6212 unexpected=270670
INFO [05-09|13:00:19.455] Imported new block headers               count=1    elapsed=5.610ms     number=12400293 hash="1cfeed…4695b9"
INFO [05-09|13:00:22.658] Imported new state entries               count=384  elapsed="2.9µs"     processed=572681903 pending=91387  trieretry=0   coderetry=0 duplicate=6212 unexpected=270670
INFO [05-09|13:00:30.894] Imported new state entries               count=384  elapsed="2.4µs"     processed=572682287 pending=91774  trieretry=0   coderetry=0 duplicate=6212 unexpected=270670
INFO [05-09|13:00:31.532] Imported new block headers               count=1    elapsed=7.532ms     number=12400294 hash="ba08e4…ad187d"
INFO [05-09|13:00:39.292] Imported new state entries               count=384  elapsed="3.1µs"     processed=572682671 pending=92162  trieretry=0   coderetry=0 duplicate=6212 unexpected=270670
INFO [05-09|13:00:43.608] Imported new block headers               count=1    elapsed=6.995ms     number=12400295 hash="c659ab…de329d"
INFO [05-09|13:00:47.674] Imported new state entries               count=384  elapsed="3.4µs"     processed=572683055 pending=92548  trieretry=0   coderetry=0 duplicate=6212 unexpected=270670
INFO [05-09|13:00:49.654] Imported new block headers               count=1    elapsed=6.263ms     number=12400296 hash="4ccb66…9238c7"
INFO [05-09|13:00:55.650] Imported new state entries               count=384  elapsed="2.6µs"     processed=572683439 pending=92935  trieretry=0   coderetry=0 duplicate=6212 unexpected=270670
INFO [05-09|13:01:04.033] Imported new state entries               count=384  elapsed="2.4µs"     processed=572683823 pending=93320  trieretry=0   coderetry=0 duplicate=6212 unexpected=270670
INFO [05-09|13:01:12.220] Imported new state entries               count=384  elapsed="3.2µs"     processed=572684207 pending=93704  trieretry=0   coderetry=0 duplicate=6212 unexpected=270670
INFO [05-09|13:01:13.792] Imported new block headers               count=1    elapsed=7.842ms     number=12400297 hash="7f082c…6e9995"
INFO [05-09|13:01:14.620] Downloader queue stats                   receiptTasks=0     blockTasks=0     itemSize=269.57KiB throttle=244
INFO [05-09|13:01:20.158] Imported new state entries               count=384  elapsed="3µs"       processed=572684591 pending=94091  trieretry=0   coderetry=0 duplicate=6212 unexpected=270670
INFO [05-09|13:01:28.189] Imported new state entries               count=384  elapsed="3.1µs"     processed=572684975 pending=94480  trieretry=0   coderetry=0 duplicate=6212 unexpected=270670
INFO [05-09|13:01:36.443] Imported new state entries               count=384  elapsed="2.2µs"     processed=572685359 pending=94865  trieretry=0   coderetry=0 duplicate=6212 unexpected=270670
INFO [05-09|13:01:44.599] Imported new state entries               count=384  elapsed="3.9µs"     processed=572685743 pending=95254  trieretry=0   coderetry=0 duplicate=6212 unexpected=270670
INFO [05-09|13:01:49.995] Imported new block headers               count=1    elapsed=13.625ms    number=12400298 hash="00cf99…52b2b0" age=1m10s
INFO [05-09|13:01:52.991] Imported new state entries               count=384  elapsed="3.4µs"     processed=572686127 pending=95644  trieretry=0   coderetry=0 duplicate=6212 unexpected=270670
INFO [05-09|13:01:53.019] Imported new block headers               count=1    elapsed=6.208ms     number=12400299 hash="663f0b…0c0863" age=1m8s
INFO [05-09|13:02:01.377] Imported new state entries               count=384  elapsed="3.6µs"     processed=572686511 pending=96031  trieretry=0   coderetry=0 duplicate=6212 unexpected=270670
INFO [05-09|13:02:09.506] Imported new state entries               count=384  elapsed="2.1µs"     processed=572686895 pending=96419  trieretry=0   coderetry=0 duplicate=6212 unexpected=270670
INFO [05-09|13:02:17.781] Imported new state entries               count=384  elapsed="2.5µs"     processed=572687279 pending=96811  trieretry=0   coderetry=0 duplicate=6212 unexpected=270670
INFO [05-09|13:02:25.355] Imported new state entries               count=384  elapsed="3.2µs"     processed=572687663 pending=97199  trieretry=0   coderetry=0 duplicate=6212 unexpected=270670
INFO [05-09|13:02:29.229] Imported new block headers               count=1    elapsed=6.494ms     number=12400300 hash="433400…d056a6" age=1m20s
INFO [05-09|13:02:29.663] Downloader queue stats                   receiptTasks=0     blockTasks=0     itemSize=277.43KiB throttle=237
INFO [05-09|13:02:34.860] Imported new state entries               count=384  elapsed="2.7µs"     processed=572688047 pending=97594  trieretry=0   coderetry=0 duplicate=6212 unexpected=270670
INFO [05-09|13:02:41.307] Imported new block headers               count=1    elapsed=6.570ms     number=12400301 hash="8a31bb…a6f931"
INFO [05-09|13:02:44.356] Imported new state entries               count=384  elapsed="2.3µs"     processed=572688431 pending=98013  trieretry=0   coderetry=0 duplicate=6212 unexpected=270670
INFO [05-09|13:02:54.245] Imported new state entries               count=384  elapsed="2.5µs"     processed=572688815 pending=98411  trieretry=0   coderetry=0 duplicate=6212 unexpected=270670
INFO [05-09|13:03:04.001] Imported new state entries               count=384  elapsed="3.5µs"     processed=572689199 pending=98807  trieretry=0   coderetry=0 duplicate=6212 unexpected=270670
INFO [05-09|13:03:05.453] Imported new block headers               count=1    elapsed=9.373ms     number=12400302 hash="13fb5e…1ae677" age=1m16s
INFO [05-09|13:03:13.657] Imported new state entries               count=384  elapsed="2.5µs"     processed=572689583 pending=99196  trieretry=0   coderetry=0 duplicate=6212 unexpected=270670
INFO [05-09|13:03:23.533] Imported new state entries               count=384  elapsed="2.1µs"     processed=572689967 pending=99589  trieretry=0   coderetry=0 duplicate=6212 unexpected=270670
INFO [05-09|13:03:23.555] Imported new state entries               count=384  elapsed="2µs"       processed=572690351 pending=105714 trieretry=0   coderetry=0 duplicate=6212 unexpected=270670
INFO [05-09|13:03:23.606] Imported new state entries               count=384  elapsed="2.8µs"     processed=572690735 pending=110274 trieretry=0   coderetry=0 duplicate=6212 unexpected=270670
INFO [05-09|13:03:23.632] Imported new state entries               count=384  elapsed="3.2µs"     processed=572691119 pending=116415 trieretry=0   coderetry=0 duplicate=6212 unexpected=270670
INFO [05-09|13:03:26.574] Imported new block headers               count=1    elapsed=8.088ms     number=12400303 hash="a69343…edc88d" age=1m2s
INFO [05-09|13:03:29.603] Imported new block headers               count=1    elapsed=7.364ms     number=12400304 hash="792dca…14c1ee"
INFO [05-09|13:03:29.695] Downloader queue stats                   receiptTasks=0     blockTasks=0     itemSize=284.86KiB throttle=231
INFO [05-09|13:03:31.034] Imported new state entries               count=384  elapsed="2.7µs"     processed=572691503 pending=116823 trieretry=0   coderetry=0 duplicate=6212 unexpected=270670
INFO [05-09|13:03:31.036] Imported new state entries               count=0    elapsed="8.2µs"     processed=572691503 pending=116823 trieretry=2   coderetry=0 duplicate=6212 unexpected=270672
INFO [05-09|13:03:35.647] Imported new block headers               count=1    elapsed=6.231ms     number=12400305 hash="701e0c…800287"
INFO [05-09|13:03:41.097] Imported new state entries               count=384  elapsed="3µs"       processed=572691887 pending=117216 trieretry=0   coderetry=0 duplicate=6212 unexpected=270672
INFO [05-09|13:03:44.707] Imported new block headers               count=1    elapsed=5.419ms     number=12400306 hash="4ee7b5…ba50f8"
INFO [05-09|13:03:49.049] Imported new state entries               count=384  elapsed="2.7µs"     processed=572692271 pending=117615 trieretry=0   coderetry=0 duplicate=6212 unexpected=270672
INFO [05-09|13:03:50.757] Imported new block headers               count=1    elapsed=6.223ms     number=12400307 hash="59e5e5…0390c8"
INFO [05-09|13:03:57.368] Imported new state entries               count=384  elapsed="2.7µs"     processed=572692655 pending=118003 trieretry=0   coderetry=0 duplicate=6212 unexpected=270672
INFO [05-09|13:04:02.831] Imported new block headers               count=1    elapsed=6.775ms     number=12400308 hash="606487…0a95e6"
INFO [05-09|13:04:02.891] Imported new state entries               count=260  elapsed="1.7µs"     processed=572692915 pending=118264 trieretry=0   coderetry=0 duplicate=6212 unexpected=270672
INFO [05-09|13:04:07.748] Imported new state entries               count=384  elapsed="2.5µs"     processed=572693299 pending=121382 trieretry=4   coderetry=0 duplicate=6212 unexpected=270672
INFO [05-09|13:04:13.533] Imported new state entries               count=384  elapsed="2.3µs"     processed=572693683 pending=121772 trieretry=0   coderetry=0 duplicate=6212 unexpected=270672