INFO [05-09|14:06:21.658] Imported new state entries               count=384  elapsed=2.994ms     processed=572963995 pending=73221 trieretry=2    coderetry=0 duplicate=0 unexpected=2658
INFO [05-09|14:06:24.561] Imported new block headers               count=1    elapsed=6.226ms     number=12400591 hash="17621d…dba7e4"
INFO [05-09|14:06:24.853] Imported new state entries               count=768  elapsed=3.832ms     processed=572964763 pending=72940 trieretry=0    coderetry=0 duplicate=0 unexpected=2658
INFO [05-09|14:06:27.728] Imported new block headers               count=1    elapsed=6.870ms     number=12400592 hash="81aad8…ebcc6c"
INFO [05-09|14:06:28.759] Imported new state entries               count=1152 elapsed=13.275ms    processed=572965915 pending=70978 trieretry=384  coderetry=0 duplicate=0 unexpected=2658
INFO [05-09|14:06:31.843] Imported new state entries               count=385  elapsed=2.922ms     processed=572966300 pending=70708 trieretry=0    coderetry=0 duplicate=0 unexpected=2658
INFO [05-09|14:06:34.914] Imported new state entries               count=384  elapsed=3.768ms     processed=572966684 pending=70349 trieretry=0    coderetry=0 duplicate=0 unexpected=2658
INFO [05-09|14:06:37.059] Imported new block headers               count=1    elapsed=6.611ms     number=12400593 hash="9d2f2b…4114f4"
INFO [05-09|14:06:40.224] Imported new block headers               count=1    elapsed=6.791ms     number=12400594 hash="35ee1e…7f6776"
INFO [05-09|14:06:41.931] Imported new state entries               count=384  elapsed="156.301µs" processed=572967068 pending=70721 trieretry=0    coderetry=0 duplicate=0 unexpected=2658
INFO [05-09|14:06:43.566] Imported new state entries               count=384  elapsed=4.553ms     processed=572967452 pending=70280 trieretry=0    coderetry=0 duplicate=0 unexpected=2658
INFO [05-09|14:06:46.486] Imported new block headers               count=2    elapsed=10.524ms    number=12400596 hash="fc9043…5cb6ab"
INFO [05-09|14:06:46.843] Imported new state entries               count=384  elapsed=3.038ms     processed=572967836 pending=70095 trieretry=0    coderetry=0 duplicate=0 unexpected=2658
INFO [05-09|14:06:48.130] Imported new state entries               count=384  elapsed=3.655ms     processed=572968220 pending=69512 trieretry=0    coderetry=0 duplicate=0 unexpected=2658
INFO [05-09|14:06:50.041] Imported new state entries               count=768  elapsed=5.007ms     processed=572968988 pending=68971 trieretry=0    coderetry=0 duplicate=0 unexpected=2658
INFO [05-09|14:06:54.269] Imported new state entries               count=768  elapsed=6.532ms     processed=572969756 pending=68395 trieretry=0    coderetry=0 duplicate=0 unexpected=2658
INFO [05-09|14:06:55.814] Imported new block headers               count=1    elapsed=5.691ms     number=12400597 hash="c3bac7…35cfb0"
INFO [05-09|14:06:56.202] Downloader queue stats                   receiptTasks=0 blockTasks=0 itemSize=257.80KiB throttle=255
INFO [05-09|14:06:58.330] Imported new state entries               count=768  elapsed=6.348ms     processed=572970524 pending=68012 trieretry=0    coderetry=0 duplicate=0 unexpected=2658
INFO [05-09|14:07:01.372] Imported new state entries               count=384  elapsed=1.334ms     processed=572970908 pending=68447 trieretry=0    coderetry=0 duplicate=0 unexpected=2658
WARN [05-09|14:07:01.387] Dropping unsynced node during sync       id=b769fbf2148ed347 conn=inbound addr=120.136.123.202:65222 type=OpenEthereum/v3.2.0-...
INFO [05-09|14:07:04.948] Imported new state entries               count=384  elapsed=1.899ms     processed=572971292 pending=68586 trieretry=0    coderetry=0 duplicate=0 unexpected=2658
INFO [05-09|14:07:08.231] Imported new block headers               count=1    elapsed=6.657ms     number=12400598 hash="254c07…e5bb30"
INFO [05-09|14:07:08.258] Imported new state entries               count=384  elapsed=2.614ms     processed=572971676 pending=68381 trieretry=0    coderetry=0 duplicate=0 unexpected=2658
INFO [05-09|14:07:11.053] Imported new state entries               count=384  elapsed=3.237ms     processed=572972060 pending=68042 trieretry=0    coderetry=0 duplicate=0 unexpected=2658
INFO [05-09|14:07:11.396] Imported new block headers               count=1    elapsed=6.428ms     number=12400599 hash="25df09…eb3e07"