INFO [05-09|14:05:21.745] Imported new state entries               count=768  elapsed="233.901µs" processed=572944411 pending=86717 trieretry=0    coderetry=0 duplicate=0 unexpected=2654
INFO [05-09|14:05:25.086] Imported new block headers               count=1    elapsed=9.279ms     number=12400585 hash="c52ceb…522bf8"
INFO [05-09|14:05:27.674] Imported new state entries               count=768  elapsed="76µs"      processed=572945179 pending=87483 trieretry=0    coderetry=0 duplicate=0 unexpected=2654
INFO [05-09|14:05:32.362] Imported new state entries               count=768  elapsed="230.9µs"   processed=572945947 pending=88196 trieretry=0    coderetry=0 duplicate=0 unexpected=2654
INFO [05-09|14:05:34.549] Imported new state entries               count=768  elapsed=2.485ms     processed=572946715 pending=88040 trieretry=0    coderetry=0 duplicate=0 unexpected=2654
INFO [05-09|14:05:36.876] Imported new state entries               count=1152 elapsed=3.621ms     processed=572947867 pending=88052 trieretry=0    coderetry=0 duplicate=0 unexpected=2654
INFO [05-09|14:05:39.508] Imported new state entries               count=768  elapsed=2.178ms     processed=572948635 pending=88116 trieretry=0    coderetry=0 duplicate=0 unexpected=2654
INFO [05-09|14:05:40.341] Imported new state entries               count=1152 elapsed=6.481ms     processed=572949787 pending=86881 trieretry=0    coderetry=0 duplicate=0 unexpected=2654
INFO [05-09|14:05:41.773] Imported new state entries               count=1152 elapsed=7.528ms     processed=572950939 pending=85434 trieretry=0    coderetry=0 duplicate=0 unexpected=2654
INFO [05-09|14:05:42.047] Imported new state entries               count=0    elapsed="8.9µs"     processed=572950939 pending=84861 trieretry=2    coderetry=0 duplicate=0 unexpected=2656
INFO [05-09|14:05:45.300] Imported new state entries               count=1152 elapsed=6.195ms     processed=572952091 pending=84692 trieretry=0    coderetry=0 duplicate=0 unexpected=2656
INFO [05-09|14:05:46.311] Imported new state entries               count=1152 elapsed=7.605ms     processed=572953243 pending=83144 trieretry=0    coderetry=0 duplicate=0 unexpected=2656
INFO [05-09|14:05:50.233] Imported new block headers               count=1    elapsed=7.887ms     number=12400586 hash="c204ad…ea651f"
INFO [05-09|14:05:51.156] Downloader queue stats                   receiptTasks=0 blockTasks=0 itemSize=272.74KiB throttle=241
INFO [05-09|14:05:51.959] Imported new state entries               count=768  elapsed="444.501µs" processed=572954011 pending=83814 trieretry=0    coderetry=0 duplicate=0 unexpected=2656
WARN [05-09|14:05:51.979] Dropping unsynced node during sync       id=5615f32e4b5e8d61 conn=inbound addr=111.193.170.214:55496 type=OpenEthereum/v3.2.4-...
INFO [05-09|14:05:52.757] Imported new state entries               count=1152 elapsed=9.559ms     processed=572955163 pending=82199 trieretry=2    coderetry=0 duplicate=0 unexpected=2656
INFO [05-09|14:05:53.574] Imported new state entries               count=1152 elapsed=7.559ms     processed=572956315 pending=80941 trieretry=0    coderetry=0 duplicate=0 unexpected=2656
INFO [05-09|14:05:55.420] Imported new state entries               count=768  elapsed=2.215ms     processed=572957083 pending=81007 trieretry=0    coderetry=0 duplicate=0 unexpected=2656
INFO [05-09|14:05:56.480] Imported new block headers               count=1    elapsed=6.740ms     number=12400587 hash="39f75c…ce27f6"
INFO [05-09|14:05:56.531] Imported new state entries               count=1152 elapsed=7.057ms     processed=572958235 pending=79929 trieretry=0    coderetry=0 duplicate=0 unexpected=2656
INFO [05-09|14:05:58.607] Imported new state entries               count=768  elapsed=7.027ms     processed=572959003 pending=78645 trieretry=0    coderetry=0 duplicate=0 unexpected=2656
INFO [05-09|14:05:59.646] Imported new block headers               count=1    elapsed=7.031ms     number=12400588 hash="91c4e1…0a7939"
INFO [05-09|14:06:00.097] Imported new state entries               count=768  elapsed=6.345ms     processed=572959771 pending=77502 trieretry=0    coderetry=0 duplicate=0 unexpected=2656
INFO [05-09|14:06:01.590] Imported new state entries               count=768  elapsed=5.715ms     processed=572960539 pending=76430 trieretry=0    coderetry=0 duplicate=0 unexpected=2656
INFO [05-09|14:06:04.280] Imported new state entries               count=768  elapsed=7.129ms     processed=572961307 pending=75430 trieretry=0    coderetry=0 duplicate=0 unexpected=2656
INFO [05-09|14:06:05.895] Imported new block headers               count=1    elapsed=6.327ms     number=12400589 hash="1d56e8…eb0e27"
INFO [05-09|14:06:07.648] Imported new state entries               count=768  elapsed=5.780ms     processed=572962075 pending=74824 trieretry=0    coderetry=0 duplicate=0 unexpected=2656
INFO [05-09|14:06:09.061] Imported new block headers               count=1    elapsed=6.849ms     number=12400590 hash="9bd36e…047163"
INFO [05-09|14:06:11.419] Imported new state entries               count=768  elapsed=23.141ms    processed=572962843 pending=74220 trieretry=0    coderetry=0 duplicate=0 unexpected=2656
INFO [05-09|14:06:11.421] Imported new state entries               count=0    elapsed="10.7µs"    processed=572962843 pending=74220 trieretry=2    coderetry=0 duplicate=0 unexpected=2658
INFO [05-09|14:06:14.590] Imported new state entries               count=384  elapsed=2.448ms     processed=572963227 pending=73959 trieretry=0    coderetry=0 duplicate=0 unexpected=2658
INFO [05-09|14:06:18.219] Imported new state entries               count=384  elapsed=3.034ms     processed=572963611 pending=73587 trieretry=0    coderetry=0 duplicate=0 unexpected=2658
INFO [05-09|14:06:21.658] Imported new state entries               count=384  elapsed=2.994ms     processed=572963995 pending=73221 trieretry=2    coderetry=0 duplicate=0 unexpected=2658
INFO [05-09|14:06:24.561] Imported new block headers               count=1    elapsed=6.226ms     number=12400591 hash="17621d…dba7e4"
INFO [05-09|14:06:24.853] Imported new state entries               count=768  elapsed=3.832ms     processed=572964763 pending=72940 trieretry=0    coderetry=0 duplicate=0 unexpected=2658
INFO [05-09|14:06:27.728] Imported new block headers               count=1    elapsed=6.870ms     number=12400592 hash="81aad8…ebcc6c"
INFO [05-09|14:06:28.759] Imported new state entries               count=1152 elapsed=13.275ms    processed=572965915 pending=70978 trieretry=384  coderetry=0 duplicate=0 unexpected=2658
INFO [05-09|14:06:31.843] Imported new state entries               count=385  elapsed=2.922ms     processed=572966300 pending=70708 trieretry=0    coderetry=0 duplicate=0 unexpected=2658
INFO [05-09|14:06:34.914] Imported new state entries               count=384  elapsed=3.768ms     processed=572966684 pending=70349 trieretry=0    coderetry=0 duplicate=0 unexpected=2658
INFO [05-09|14:06:37.059] Imported new block headers               count=1    elapsed=6.611ms     number=12400593 hash="9d2f2b…4114f4"
INFO [05-09|14:06:40.224] Imported new block headers               count=1    elapsed=6.791ms     number=12400594 hash="35ee1e…7f6776"
INFO [05-09|14:06:41.931] Imported new state entries               count=384  elapsed="156.301µs" processed=572967068 pending=70721 trieretry=0    coderetry=0 duplicate=0 unexpected=2658