INFO [05-09|14:06:56.202] Downloader queue stats                   receiptTasks=0 blockTasks=0 itemSize=257.80KiB throttle=255
INFO [05-09|14:06:58.330] Imported new state entries               count=768  elapsed=6.348ms     processed=572970524 pending=68012 trieretry=0    coderetry=0 duplicate=0 unexpected=2658
INFO [05-09|14:07:01.372] Imported new state entries               count=384  elapsed=1.334ms     processed=572970908 pending=68447 trieretry=0    coderetry=0 duplicate=0 unexpected=2658
WARN [05-09|14:07:01.387] Dropping unsynced node during sync       id=b769fbf2148ed347 conn=inbound addr=120.136.123.202:65222 type=OpenEthereum/v3.2.0-...
INFO [05-09|14:07:04.948] Imported new state entries               count=384  elapsed=1.899ms     processed=572971292 pending=68586 trieretry=0    coderetry=0 duplicate=0 unexpected=2658
INFO [05-09|14:07:08.231] Imported new block headers               count=1    elapsed=6.657ms     number=12400598 hash="254c07…e5bb30"
INFO [05-09|14:07:08.258] Imported new state entries               count=384  elapsed=2.614ms     processed=572971676 pending=68381 trieretry=0    coderetry=0 duplicate=0 unexpected=2658
INFO [05-09|14:07:11.053] Imported new state entries               count=384  elapsed=3.237ms     processed=572972060 pending=68042 trieretry=0    coderetry=0 duplicate=0 unexpected=2658
INFO [05-09|14:07:11.396] Imported new block headers               count=1    elapsed=6.428ms     number=12400599 hash="25df09…eb3e07"
INFO [05-09|14:07:14.314] Imported new state entries               count=384  elapsed=2.058ms     processed=572972444 pending=68102 trieretry=0    coderetry=0 duplicate=0 unexpected=2658
INFO [05-09|14:07:17.644] Imported new block headers               count=1    elapsed=6.249ms     number=12400600 hash="42fd0c…46b1b5"
INFO [05-09|14:07:17.656] Imported new state entries               count=384  elapsed=2.593ms     processed=572972828 pending=68317 trieretry=0    coderetry=0 duplicate=0 unexpected=2658
INFO [05-09|14:07:20.901] Imported new state entries               count=384  elapsed=2.241ms     processed=572973212 pending=68345 trieretry=0    coderetry=0 duplicate=0 unexpected=2658
INFO [05-09|14:07:23.660] Imported new state entries               count=384  elapsed=2.054ms     processed=572973596 pending=68327 trieretry=0    coderetry=0 duplicate=0 unexpected=2658
INFO [05-09|14:07:26.440] Imported new state entries               count=384  elapsed=3.014ms     processed=572973980 pending=68340 trieretry=0    coderetry=0 duplicate=0 unexpected=2658
INFO [05-09|14:07:28.936] Imported new state entries               count=0    elapsed="7.2µs"     processed=572973980 pending=68194 trieretry=384  coderetry=0 duplicate=0 unexpected=2660
INFO [05-09|14:07:31.909] Imported new state entries               count=768  elapsed=3.926ms     processed=572974748 pending=68491 trieretry=382  coderetry=0 duplicate=0 unexpected=2660
INFO [05-09|14:07:33.649] Imported new block headers               count=1    elapsed=6.207ms     number=12400601 hash="5b9bdc…62e6da"
INFO [05-09|14:07:37.571] Imported new state entries               count=384  elapsed="3.5µs"     processed=572975132 pending=69026 trieretry=0    coderetry=0 duplicate=0 unexpected=2660
INFO [05-09|14:07:39.900] Imported new block headers               count=1    elapsed=5.823ms     number=12400602 hash="c20f7a…934136"
INFO [05-09|14:07:41.354] Imported new state entries               count=384  elapsed="856.003µs" processed=572975516 pending=69398 trieretry=0    coderetry=0 duplicate=0 unexpected=2660
INFO [05-09|14:07:44.871] Imported new state entries               count=384  elapsed="733.003µs" processed=572975900 pending=69809 trieretry=2    coderetry=0 duplicate=0 unexpected=2660
WARN [05-09|14:07:47.316] Dropping unsynced node during sync       id=034232f104e76954 conn=inbound addr=144.91.127.238:50270  type=OpenEthereum/v3.2.3-...
INFO [05-09|14:07:47.935] Imported new state entries               count=384  elapsed=2.858ms     processed=572976284 pending=69598 trieretry=2    coderetry=0 duplicate=0 unexpected=2660
INFO [05-09|14:07:51.599] Imported new state entries               count=384  elapsed=1.256ms     processed=572976668 pending=69722 trieretry=382  coderetry=0 duplicate=0 unexpected=2660
INFO [05-09|14:07:56.597] Imported new state entries               count=384  elapsed=3.836ms     processed=572977052 pending=70155 trieretry=0    coderetry=0 duplicate=0 unexpected=2660
INFO [05-09|14:07:59.525] Imported new state entries               count=384  elapsed=3.111ms     processed=572977436 pending=69975 trieretry=0    coderetry=0 duplicate=0 unexpected=2660
INFO [05-09|14:08:04.006] Imported new state entries               count=768  elapsed=3.777ms     processed=572978204 pending=69837 trieretry=2    coderetry=0 duplicate=0 unexpected=2660
INFO [05-09|14:08:07.530] Imported new state entries               count=384  elapsed="749.002µs" processed=572978588 pending=70119 trieretry=0    coderetry=0 duplicate=0 unexpected=2660
INFO [05-09|14:08:07.732] Imported new block headers               count=1    elapsed=8.469ms     number=12400603 hash="2eeaea…c3fa4b"
INFO [05-09|14:08:08.242] Downloader queue stats                   receiptTasks=0 blockTasks=0 itemSize=269.07KiB throttle=244
INFO [05-09|14:08:14.071] Imported new state entries               count=768  elapsed="709.103µs" processed=572979356 pending=70806 trieretry=0    coderetry=0 duplicate=0 unexpected=2660
INFO [05-09|14:08:17.972] Imported new state entries               count=384  elapsed="554.702µs" processed=572979740 pending=71195 trieretry=0    coderetry=0 duplicate=0 unexpected=2660
INFO [05-09|14:08:21.765] Imported new state entries               count=384  elapsed="590.002µs" processed=572980124 pending=71552 trieretry=0    coderetry=0 duplicate=0 unexpected=2660
INFO [05-09|14:08:23.220] Imported new block headers               count=1    elapsed=8.241ms     number=12400604 hash="a9e3cb…581a14"
INFO [05-09|14:08:26.382] Imported new block headers               count=1    elapsed=6.357ms     number=12400605 hash="a5d800…2b87c2"
INFO [05-09|14:08:27.185] Imported new state entries               count=768  elapsed=8.058ms     processed=572980892 pending=71567 trieretry=0    coderetry=0 duplicate=0 unexpected=2660
INFO [05-09|14:08:29.545] Imported new block headers               count=1    elapsed=7.076ms     number=12400606 hash="86eebf…4d4000"
INFO [05-09|14:08:32.227] Imported new state entries               count=384  elapsed="854.303µs" processed=572981276 pending=71864 trieretry=0    coderetry=0 duplicate=0 unexpected=2660
INFO [05-09|14:08:36.274] Imported new state entries               count=384  elapsed="432.102µs" processed=572981660 pending=72513 trieretry=0    coderetry=0 duplicate=0 unexpected=2660
INFO [05-09|14:08:40.518] Imported new state entries               count=384  elapsed="596.802µs" processed=572982044 pending=72975 trieretry=0    coderetry=0 duplicate=0 unexpected=2660
INFO [05-09|14:08:44.115] Imported new state entries               count=384  elapsed="545.802µs" processed=572982428 pending=74054 trieretry=384  coderetry=0 duplicate=0 unexpected=2660
INFO [05-09|14:08:45.035] Imported new block headers               count=1    elapsed=8.285ms     number=12400607 hash="cd7a5e…2bd903"
INFO [05-09|14:08:48.197] Imported new block headers               count=1    elapsed=6.272ms     number=12400608 hash="9c508c…0a8e1d"
INFO [05-09|14:08:48.724] Imported new state entries               count=384  elapsed="668.302µs" processed=572982812 pending=74434 trieretry=0    coderetry=0 duplicate=0 unexpected=2660
INFO [05-09|14:08:51.740] Imported new state entries               count=384  elapsed=3.435ms     processed=572983196 pending=74205 trieretry=0    coderetry=0 duplicate=0 unexpected=2660
INFO [05-09|14:08:59.174] Imported new state entries               count=384  elapsed="2.4µs"     processed=572983580 pending=74593 trieretry=0    coderetry=0 duplicate=0 unexpected=2660
INFO [05-09|14:09:00.610] Imported new block headers               count=1    elapsed=6.653ms     number=12400609 hash="18e563…0531da"
INFO [05-09|14:09:04.962] Imported new state entries               count=384  elapsed="462.202µs" processed=572983964 pending=74946 trieretry=0    coderetry=0 duplicate=0 unexpected=2660
INFO [05-09|14:09:09.727] Imported new state entries               count=384  elapsed=1.478ms     processed=572984348 pending=75236 trieretry=0    coderetry=0 duplicate=0 unexpected=2660
INFO [05-09|14:09:14.066] Imported new state entries               count=384  elapsed="853.803µs" processed=572984732 pending=75657 trieretry=0    coderetry=0 duplicate=0 unexpected=2660
INFO [05-09|14:09:18.307] Imported new state entries               count=384  elapsed=2.351ms     processed=572985116 pending=75640 trieretry=0    coderetry=0 duplicate=0 unexpected=2660
INFO [05-09|14:09:19.188] Imported new block headers               count=1    elapsed=7.060ms     number=12400610 hash="2bce6a…7a9fb0"
INFO [05-09|14:09:20.287] Downloader queue stats                   receiptTasks=0 blockTasks=0 itemSize=271.28KiB throttle=242
INFO [05-09|14:09:23.461] Imported new state entries               count=384  elapsed=2.071ms     processed=572985500 pending=75717 trieretry=0    coderetry=0 duplicate=0 unexpected=2660
INFO [05-09|14:09:25.433] Imported new block headers               count=1    elapsed=6.214ms     number=12400611 hash="86edbc…396357"
INFO [05-09|14:09:28.597] Imported new block headers               count=1    elapsed=5.680ms     number=12400612 hash="f1f99c…8f6b0f"
INFO [05-09|14:09:28.762] Imported new state entries               count=384  elapsed="454.501µs" processed=572985884 pending=76159 trieretry=0    coderetry=0 duplicate=0 unexpected=2660
INFO [05-09|14:09:28.764] Imported new state entries               count=0    elapsed="22.1µs"    processed=572985884 pending=76159 trieretry=2    coderetry=0 duplicate=0 unexpected=2662
INFO [05-09|14:09:31.702] Imported new state entries               count=384  elapsed=3.837ms     processed=572986268 pending=76049 trieretry=0    coderetry=0 duplicate=0 unexpected=2662
INFO [05-09|14:09:36.583] Imported new state entries               count=384  elapsed="49.9µs"    processed=572986652 pending=76584 trieretry=0    coderetry=0 duplicate=0 unexpected=2662
INFO [05-09|14:09:39.697] Imported new state entries               count=384  elapsed=2.213ms     processed=572987036 pending=76818 trieretry=0    coderetry=0 duplicate=0 unexpected=2662
WARN [05-09|14:09:39.697] Stalling state sync, dropping peer       peer=2a35b9e3530366d996d13b20ebbabfedc3393183183ad99b53a75d8a9e788588
ERROR[05-09|14:09:39.697] Ethereum peer removal failed             peer=2a35b9e3 err="peer not registered"
INFO [05-09|14:09:45.716] Imported new state entries               count=768  elapsed=4.081ms     processed=572987804 pending=76721 trieretry=2    coderetry=0 duplicate=0 unexpected=2662
INFO [05-09|14:09:47.169] Imported new block headers               count=1    elapsed=6.437ms     number=12400613 hash="89638c…900c74"
INFO [05-09|14:09:51.718] Imported new state entries               count=384  elapsed="692.403µs" processed=572988188 pending=77082 trieretry=2    coderetry=0 duplicate=0 unexpected=2662
INFO [05-09|14:09:55.350] Imported new state entries               count=384  elapsed=1.003ms     processed=572988572 pending=77397 trieretry=0    coderetry=0 duplicate=0 unexpected=2662
INFO [05-09|14:10:00.220] Imported new state entries               count=384  elapsed="779.102µs" processed=572988956 pending=77721 trieretry=0    coderetry=0 duplicate=0 unexpected=2662
WARN [05-09|14:10:00.221] Stalling state sync, dropping peer       peer=798ce3331da9ac8935c5756e37dc19f9a015d06b2f72469e76c46743ee9b054f
ERROR[05-09|14:10:00.221] Ethereum peer removal failed             peer=798ce333 err="peer not registered"
INFO [05-09|14:10:06.229] Imported new state entries               count=384  elapsed="70.001µs"  processed=572989340 pending=78103 trieretry=384  coderetry=0 duplicate=0 unexpected=2662
INFO [05-09|14:10:08.821] Imported new block headers               count=1    elapsed=6.591ms     number=12400614 hash="77c152…9f12d9"
WARN [05-09|14:10:09.317] Pivot became stale, moving               old=12400488 new=12400552
INFO [05-09|14:10:09.489] Imported new block receipts              count=64   elapsed=168.587ms   number=12400551 hash="971320…ea442b" age=11m52s   size=7.41MiB
INFO [05-09|14:10:09.925] Imported new state entries               count=384  elapsed=3.175ms     processed=572989724 pending=77777 trieretry=0    coderetry=0 duplicate=0 unexpected=2662
INFO [05-09|14:10:10.247] Imported new state entries               count=273  elapsed="2.4µs"     processed=572989997 pending=4361  trieretry=0    coderetry=0 duplicate=0 unexpected=2662
INFO [05-09|14:10:11.018] Imported new state entries               count=384  elapsed="2.4µs"     processed=572990381 pending=6957  trieretry=0    coderetry=0 duplicate=0 unexpected=2662
INFO [05-09|14:10:11.886] Imported new state entries               count=384  elapsed="2.4µs"     processed=572990765 pending=8608  trieretry=0    coderetry=0 duplicate=0 unexpected=2662
INFO [05-09|14:10:12.258] Imported new state entries               count=384  elapsed="2.4µs"     processed=572991149 pending=13628 trieretry=0    coderetry=0 duplicate=0 unexpected=2662
INFO [05-09|14:10:12.935] Imported new state entries               count=384  elapsed="2.4µs"     processed=572991533 pending=15793 trieretry=0    coderetry=0 duplicate=0 unexpected=2662
INFO [05-09|14:10:13.587] Imported new state entries               count=384  elapsed="2.9µs"     processed=572991917 pending=17788 trieretry=0    coderetry=0 duplicate=0 unexpected=2662
INFO [05-09|14:10:13.599] Imported new state entries               count=248  elapsed="1.5µs"     processed=572992165 pending=21744 trieretry=0    coderetry=0 duplicate=0 unexpected=2662
INFO [05-09|14:10:13.613] Imported new state entries               count=384  elapsed="1.5µs"     processed=572992549 pending=27885 trieretry=0    coderetry=0 duplicate=0 unexpected=2662
INFO [05-09|14:10:13.636] Imported new state entries               count=384  elapsed="1.5µs"     processed=572992933 pending=33994 trieretry=0    coderetry=0 duplicate=0 unexpected=2662
INFO [05-09|14:10:14.198] Imported new state entries               count=384  elapsed="3.5µs"     processed=572993317 pending=37963 trieretry=0    coderetry=0 duplicate=0 unexpected=2662
INFO [05-09|14:10:14.514] Imported new state entries               count=384  elapsed="2.8µs"     processed=572993701 pending=42798 trieretry=0    coderetry=0 duplicate=0 unexpected=2662
INFO [05-09|14:10:18.561] Imported new state entries               count=384  elapsed="2.8µs"     processed=572994085 pending=43253 trieretry=0    coderetry=0 duplicate=0 unexpected=2662
INFO [05-09|14:10:21.153] Imported new state entries               count=384  elapsed="2.9µs"     processed=572994469 pending=43829 trieretry=0    coderetry=0 duplicate=0 unexpected=2662
INFO [05-09|14:10:23.042] Imported new state entries               count=292  elapsed="2.9µs"     processed=572994761 pending=44275 trieretry=0    coderetry=0 duplicate=0 unexpected=2662
INFO [05-09|14:10:25.794] Imported new state entries               count=384  elapsed="2.8µs"     processed=572995145 pending=44860 trieretry=0    coderetry=0 duplicate=0 unexpected=2662
INFO [05-09|14:10:28.599] Imported new state entries               count=384  elapsed="2.6µs"     processed=572995529 pending=45440 trieretry=0    coderetry=0 duplicate=0 unexpected=2662
INFO [05-09|14:10:32.674] Imported new state entries               count=384  elapsed="3.2µs"     processed=572995913 pending=45877 trieretry=0    coderetry=0 duplicate=0 unexpected=2662
INFO [05-09|14:10:36.640] Imported new block headers               count=1    elapsed=9.660ms     number=12400615 hash="1dc0cf…2198c6" age=1m9s
INFO [05-09|14:10:36.750] Imported new state entries               count=384  elapsed="2.4µs"     processed=572996297 pending=46336 trieretry=0    coderetry=0 duplicate=0 unexpected=2662
INFO [05-09|14:10:37.229] Downloader queue stats                   receiptTasks=0 blockTasks=0 itemSize=277.23KiB throttle=237
INFO [05-09|14:10:39.800] Imported new block headers               count=1    elapsed=6.463ms     number=12400616 hash="3a7af4…e716c4"
INFO [05-09|14:10:42.013] Imported new state entries               count=499  elapsed="2.6µs"     processed=572996796 pending=46902 trieretry=0    coderetry=0 duplicate=0 unexpected=2662
INFO [05-09|14:10:45.502] Imported new state entries               count=384  elapsed="2.5µs"     processed=572997180 pending=47339 trieretry=0    coderetry=0 duplicate=0 unexpected=2662
INFO [05-09|14:10:45.503] Imported new state entries               count=0    elapsed="24µs"      processed=572997180 pending=47339 trieretry=2    coderetry=0 duplicate=0 unexpected=2664
INFO [05-09|14:10:51.370] Imported new state entries               count=384  elapsed="3.2µs"     processed=572997564 pending=48142 trieretry=2    coderetry=0 duplicate=0 unexpected=2664
INFO [05-09|14:10:55.075] Imported new state entries               count=384  elapsed="46.4µs"    processed=572997948 pending=48589 trieretry=2    coderetry=0 duplicate=0 unexpected=2664
INFO [05-09|14:10:58.372] Imported new block headers               count=1    elapsed=6.757ms     number=12400617 hash="75d67a…d516ca"
INFO [05-09|14:11:01.085] Imported new state entries               count=384  elapsed="2.9µs"     processed=572998332 pending=49241 trieretry=2    coderetry=0 duplicate=0 unexpected=2664
INFO [05-09|14:11:01.553] Imported new block headers               count=1    elapsed=6.492ms     number=12400618 hash="2530d9…d40687"
INFO [05-09|14:11:07.185] Imported new state entries               count=384  elapsed="2.5µs"     processed=572998716 pending=49911 trieretry=0    coderetry=0 duplicate=0 unexpected=2664
INFO [05-09|14:11:13.064] Imported new state entries               count=384  elapsed="2.4µs"     processed=572999100 pending=50572 trieretry=0    coderetry=0 duplicate=0 unexpected=2664
INFO [05-09|14:11:18.562] Imported new state entries               count=384  elapsed="2.1µs"     processed=572999484 pending=51233 trieretry=0    coderetry=0 duplicate=0 unexpected=2664
INFO [05-09|14:11:24.175] Imported new state entries               count=384  elapsed="2.5µs"     processed=572999868 pending=51935 trieretry=2    coderetry=0 duplicate=0 unexpected=2664
INFO [05-09|14:11:24.201] Imported new state entries               count=384  elapsed="1.9µs"     processed=573000252 pending=58077 trieretry=0    coderetry=0 duplicate=0 unexpected=2664
INFO [05-09|14:11:24.288] Imported new state entries               count=384  elapsed="2.4µs"     processed=573000636 pending=64177 trieretry=0    coderetry=0 duplicate=0 unexpected=2664
INFO [05-09|14:11:24.525] Imported new state entries               count=384  elapsed="2.7µs"     processed=573001020 pending=70059 trieretry=0    coderetry=0 duplicate=0 unexpected=2664
INFO [05-09|14:11:27.264] Imported new block headers               count=1    elapsed=8.029ms     number=12400619 hash="e715f6…1cd818"
INFO [05-09|14:11:28.088] Imported new state entries               count=384  elapsed="2.9µs"     processed=573001404 pending=70490 trieretry=0    coderetry=0 duplicate=0 unexpected=2664
INFO [05-09|14:11:30.425] Imported new block headers               count=1    elapsed=7.246ms     number=12400620 hash="53803a…d89c8c"
INFO [05-09|14:11:31.940] Imported new state entries               count=384  elapsed="2.3µs"     processed=573001788 pending=70962 trieretry=0    coderetry=0 duplicate=0 unexpected=2664
INFO [05-09|14:11:37.789] Imported new state entries               count=384  elapsed="4.1µs"     processed=573002172 pending=71628 trieretry=0    coderetry=0 duplicate=0 unexpected=2664
WARN [05-09|14:11:39.631] Dropping unsynced node during sync       id=0bc334336a4eaf7e conn=inbound addr=60.168.247.219:59346  type=OpenEthereum/v3.2.4-...
INFO [05-09|14:11:41.312] Imported new state entries               count=384  elapsed="2.5µs"     processed=573002556 pending=72063 trieretry=0    coderetry=0 duplicate=0 unexpected=2664
INFO [05-09|14:11:44.827] Imported new state entries               count=384  elapsed="2.4µs"     processed=573002940 pending=72516 trieretry=0    coderetry=0 duplicate=0 unexpected=2664
INFO [05-09|14:11:45.918] Imported new block headers               count=1    elapsed=10.096ms    number=12400621 hash="9d1860…fd44e2"
INFO [05-09|14:11:46.278] Downloader queue stats                   receiptTasks=0 blockTasks=0 itemSize=280.50KiB throttle=234
INFO [05-09|14:11:47.633] Imported new state entries               count=384  elapsed="2.9µs"     processed=573003324 pending=73050 trieretry=0    coderetry=0 duplicate=0 unexpected=2664
INFO [05-09|14:11:50.259] Imported new state entries               count=384  elapsed="2.5µs"     processed=573003708 pending=73623 trieretry=0    coderetry=0 duplicate=0 unexpected=2664
INFO [05-09|14:11:52.697] Imported new state entries               count=384  elapsed="3µs"       processed=573004092 pending=74148 trieretry=0    coderetry=0 duplicate=0 unexpected=2664
INFO [05-09|14:11:58.303] Imported new state entries               count=384  elapsed="4.1µs"     processed=573004476 pending=74814 trieretry=0    coderetry=0 duplicate=0 unexpected=2664
INFO [05-09|14:12:01.660] Imported new state entries               count=384  elapsed="55.9µs"    processed=573004860 pending=75250 trieretry=0    coderetry=0 duplicate=0 unexpected=2664
INFO [05-09|14:12:05.182] Imported new state entries               count=384  elapsed="2.6µs"     processed=573005244 pending=77710 trieretry=0    coderetry=0 duplicate=0 unexpected=2664
INFO [05-09|14:12:11.454] Imported new state entries               count=384  elapsed="2.4µs"     processed=573005628 pending=78096 trieretry=382  coderetry=0 duplicate=0 unexpected=2664
INFO [05-09|14:12:15.704] Imported new state entries               count=384  elapsed="2.8µs"     processed=573006012 pending=78490 trieretry=0    coderetry=0 duplicate=0 unexpected=2664