2021-10-01 20:36:36 UTC Syncing #13335634 0x214c…9ee0     0.00 blk/s    0.0 tx/s    0.0 Mgas/s      0+    8 Qed Ancient:#11187173 LI:#13335643   27/50 peers      3 MiB chain    2 MiB queue  RPC:  0 conn,    0 req/s,    0 µs
2021-10-01 20:36:41 UTC Syncing #13335634 0x214c…9ee0     0.00 blk/s    0.0 tx/s    0.0 Mgas/s      0+    8 Qed Ancient:#11187173 LI:#13335643   26/50 peers      3 MiB chain    2 MiB queue  RPC:  0 conn,    0 req/s,    0 µs
2021-10-01 20:36:46 UTC Syncing #13335634 0x214c…9ee0     0.00 blk/s    0.0 tx/s    0.0 Mgas/s      0+    9 Qed Ancient:#11187173 LI:#13335644   26/50 peers      3 MiB chain    2 MiB queue  RPC:  0 conn,    0 req/s,    0 µs
2021-10-01 20:36:51 UTC Syncing #13335634 0x214c…9ee0     0.00 blk/s    0.0 tx/s    0.0 Mgas/s      0+    9 Qed Ancient:#11187173 LI:#13335644   27/50 peers      3 MiB chain    2 MiB queue  RPC:  0 conn,    0 req/s,    0 µs
2021-10-01 20:36:56 UTC Syncing #13335634 0x214c…9ee0     0.00 blk/s    0.0 tx/s    0.0 Mgas/s      0+    9 Qed Ancient:#11187173 LI:#13335644   27/50 peers      3 MiB chain    2 MiB queue  RPC:  0 conn,    0 req/s,    0 µs
2021-10-01 20:37:01 UTC Syncing #13335635 0xb148…326d     0.20 blk/s   48.8 tx/s    4.3 Mgas/s      0+   11 Qed Ancient:#11187174 LI:#13335647   27/50 peers      3 MiB chain    2 MiB queue  RPC:  0 conn,    0 req/s,    0 µs
2021-10-01 20:37:07 UTC Syncing #13335635 0xb148…326d     0.00 blk/s    0.0 tx/s    0.0 Mgas/s      0+   11 Qed Ancient:#11187174 LI:#13335647   29/50 peers      3 MiB chain    2 MiB queue  RPC:  0 conn,    0 req/s,    0 µs
2021-10-01 20:37:35 UTC Syncing #13335636 0x9c45…7b10     0.20 blk/s   19.6 tx/s    1.3 Mgas/s      0+   10 Qed Ancient:#11187175 LI:#13335647   30/50 peers      3 MiB chain    2 MiB queue  RPC:  0 conn,    0 req/s,    0 µs
2021-10-01 20:37:35 UTC Syncing #13335636 0x9c45…7b10     0.10 blk/s    9.8 tx/s    0.7 Mgas/s      0+   10 Qed Ancient:#11187175 LI:#13335647   30/50 peers      3 MiB chain    2 MiB queue  RPC:  0 conn,    0 req/s,    0 µs
2021-10-01 20:37:35 UTC Syncing #13335636 0x9c45…7b10     0.00 blk/s    0.0 tx/s    0.0 Mgas/s      0+   10 Qed Ancient:#11187175 LI:#13335649   28/50 peers      3 MiB chain    2 MiB queue  RPC:  0 conn,    0 req/s,    0 µs
2021-10-01 20:37:41 UTC Syncing #13335636 0x9c45…7b10     0.00 blk/s    0.0 tx/s    0.0 Mgas/s      0+   12 Qed Ancient:#11187175 LI:#13335649   24/25 peers      3 MiB chain    3 MiB queue  RPC:  0 conn,    0 req/s,    0 µs
2021-10-01 20:37:46 UTC Syncing #13335636 0x9c45…7b10     0.00 blk/s    0.0 tx/s    0.0 Mgas/s      0+   12 Qed Ancient:#11187175 LI:#13335649   24/25 peers      3 MiB chain    3 MiB queue  RPC:  0 conn,    0 req/s,    0 µs
2021-10-01 20:37:51 UTC Panic occured, see stderr for details


====================

   0: panic_hook::set_with::{{closure}}
   1: std::panicking::rust_panic_with_hook
             at /rustc/2fd73fabe469357a12c2c974c140f67e7cdd76d0/library/std/src/panicking.rs:595:17
   2: std::panicking::begin_panic_handler::{{closure}}
             at /rustc/2fd73fabe469357a12c2c974c140f67e7cdd76d0/library/std/src/panicking.rs:497:13
   3: std::sys_common::backtrace::__rust_end_short_backtrace
             at /rustc/2fd73fabe469357a12c2c974c140f67e7cdd76d0/library/std/src/sys_common/backtrace.rs:141:18
   4: rust_begin_unwind
             at /rustc/2fd73fabe469357a12c2c974c140f67e7cdd76d0/library/std/src/panicking.rs:493:5
   5: core::panicking::panic_fmt
             at /rustc/2fd73fabe469357a12c2c974c140f67e7cdd76d0/library/core/src/panicking.rs:92:14
   6: core::option::expect_none_failed
             at /rustc/2fd73fabe469357a12c2c974c140f67e7cdd76d0/library/core/src/option.rs:1300:5
   7: ethcore_blockchain::blockchain::BlockChain::prepare_update
   8: ethcore_blockchain::blockchain::BlockChain::insert_block
   9: ethcore::client::client::Importer::import_verified_blocks
  10: <ethcore_service::service::ClientIoHandler as ethcore_io::IoHandler<ethcore::client::io_message::ClientIoMessage>>::message
  11: ethcore_io::worker::Worker::new::{{closure}}::{{closure}}
  12: <futures::future::loop_fn::LoopFn<A,F> as futures::future::Future>::poll
  13: std::sys_common::backtrace::__rust_begin_short_backtrace
  14: core::ops::function::FnOnce::call_once{{vtable.shim}}
  15: <alloc::boxed::Box<F,A> as core::ops::function::FnOnce<Args>>::call_once
             at /rustc/2fd73fabe469357a12c2c974c140f67e7cdd76d0/library/alloc/src/boxed.rs:1521:9
      <alloc::boxed::Box<F,A> as core::ops::function::FnOnce<Args>>::call_once
             at /rustc/2fd73fabe469357a12c2c974c140f67e7cdd76d0/library/alloc/src/boxed.rs:1521:9
      std::sys::unix::thread::Thread::new::thread_start
             at /rustc/2fd73fabe469357a12c2c974c140f67e7cdd76d0/library/std/src/sys/unix/thread.rs:71:17
  16: start_thread
  17: __clone


Thread 'Worker Client1' panicked at 'Low level database error when updating blooms. Some issue with disk?: Os { code: 11, kind: WouldBlock, message: "Resource temporarily unavailable" }', crates/ethcore/blockchain/src/blockchain.rs:1465

This is a bug. Please report it at:

    https://github.com/openethereum/openethereum/issues/new


2021-10-01 20:37:51 UTC Finishing work, please wait...
2021-10-01 20:37:51 UTC Panic occured, see stderr for details


====================

   0: panic_hook::set_with::{{closure}}
   1: std::panicking::rust_panic_with_hook
             at /rustc/2fd73fabe469357a12c2c974c140f67e7cdd76d0/library/std/src/panicking.rs:595:17
   2: std::panicking::begin_panic_handler::{{closure}}
             at /rustc/2fd73fabe469357a12c2c974c140f67e7cdd76d0/library/std/src/panicking.rs:497:13
   3: std::sys_common::backtrace::__rust_end_short_backtrace
             at /rustc/2fd73fabe469357a12c2c974c140f67e7cdd76d0/library/std/src/sys_common/backtrace.rs:141:18
   4: rust_begin_unwind
             at /rustc/2fd73fabe469357a12c2c974c140f67e7cdd76d0/library/std/src/panicking.rs:493:5
   5: core::panicking::panic_fmt
             at /rustc/2fd73fabe469357a12c2c974c140f67e7cdd76d0/library/core/src/panicking.rs:92:14
   6: core::option::expect_none_failed
             at /rustc/2fd73fabe469357a12c2c974c140f67e7cdd76d0/library/core/src/option.rs:1300:5
   7: ethcore_blockchain::blockchain::BlockChain::prepare_update
   8: ethcore_blockchain::blockchain::BlockChain::insert_unordered_block
   9: std::sys_common::backtrace::__rust_begin_short_backtrace
  10: core::ops::function::FnOnce::call_once{{vtable.shim}}
  11: <alloc::boxed::Box<F,A> as core::ops::function::FnOnce<Args>>::call_once
             at /rustc/2fd73fabe469357a12c2c974c140f67e7cdd76d0/library/alloc/src/boxed.rs:1521:9
      <alloc::boxed::Box<F,A> as core::ops::function::FnOnce<Args>>::call_once
             at /rustc/2fd73fabe469357a12c2c974c140f67e7cdd76d0/library/alloc/src/boxed.rs:1521:9
      std::sys::unix::thread::Thread::new::thread_start
             at /rustc/2fd73fabe469357a12c2c974c140f67e7cdd76d0/library/std/src/sys/unix/thread.rs:71:17
  12: start_thread
  13: __clone


Thread 'ancient_block_exec' panicked at 'Low level database error when updating blooms. Some issue with disk?: Os { code: 11, kind: WouldBlock, message: "Resource temporarily unavailable" }', crates/ethcore/blockchain/src/blockchain.rs:1465

This is a bug. Please report it at:

    https://github.com/openethereum/openethereum/issues/new


2021-10-01 20:37:51 UTC Panic occured, see stderr for details


====================

   0: panic_hook::set_with::{{closure}}
   1: std::panicking::rust_panic_with_hook
             at /rustc/2fd73fabe469357a12c2c974c140f67e7cdd76d0/library/std/src/panicking.rs:595:17
   2: std::panicking::begin_panic_handler::{{closure}}
             at /rustc/2fd73fabe469357a12c2c974c140f67e7cdd76d0/library/std/src/panicking.rs:497:13
   3: std::sys_common::backtrace::__rust_end_short_backtrace
             at /rustc/2fd73fabe469357a12c2c974c140f67e7cdd76d0/library/std/src/sys_common/backtrace.rs:141:18
   4: rust_begin_unwind
             at /rustc/2fd73fabe469357a12c2c974c140f67e7cdd76d0/library/std/src/panicking.rs:493:5
   5: core::panicking::panic_fmt
             at /rustc/2fd73fabe469357a12c2c974c140f67e7cdd76d0/library/core/src/panicking.rs:92:14
   6: core::option::expect_none_failed
             at /rustc/2fd73fabe469357a12c2c974c140f67e7cdd76d0/library/core/src/option.rs:1300:5
   7: ethcore::client::client::Client::shutdown
   8: openethereum::main
   9: std::sys_common::backtrace::__rust_begin_short_backtrace
  10: main
  11: __libc_start_main
  12: _start


Thread 'main' panicked at 'Join handle should not panic: Any', /home/longz/.cargo/git/checkouts/reth-1e6c266c722f7d6d/573e128/crates/util/src/queue/execution_queue.rs:59

This is a bug. Please report it at:

    https://github.com/openethereum/openethereum/issues/new


2021-10-01 20:38:01 UTC Syncing #13335637 0x0f04…486f     0.08 blk/s   21.6 tx/s    2.2 Mgas/s      0+   13 Qed Ancient:#11187176 LI:#13335651   22/25 peers      3 MiB chain    3 MiB queue  RPC:  0 conn,    0 req/s,    0 µs