2021-09-21 22:35:23 UTC  Ancient:#5532905 AB:#5532905    1/25 peers      2 MiB chain   27 KiB queue  RPC:  0 conn,    0 req/s,    0 µs
2021-09-21 22:35:23 UTC  Ancient:#5532905 AB:#5532905    0/25 peers      2 MiB chain   27 KiB queue  RPC:  0 conn,    0 req/s,    0 µs
2021-09-21 22:35:23 UTC Imported #13271871 0x848a…fa30 (19 txs, 1.49 Mgas, 421 ms, 7.02 KiB)
2021-09-21 22:35:49 UTC  Ancient:#5532905 AB:#5532905    0/25 peers      2 MiB chain  0 bytes queue  RPC:  0 conn,    0 req/s,    0 µs
2021-09-21 22:36:19 UTC  Ancient:#5532905 AB:#5532905    0/25 peers      2 MiB chain  0 bytes queue  RPC:  0 conn,    0 req/s,    0 µs
2021-09-21 22:36:49 UTC Syncing #13271871 0x848a…fa30     0.00 blk/s    0.0 tx/s    0.0 Mgas/s      0+    9 Qed Ancient:#5532905 LI:#13271881    2/25 peers      2 MiB chain    2 MiB queue  RPC:  0 conn,    0 req/s,    0 µs
2021-09-21 22:36:55 UTC Syncing #13271873 0x9590…e804     0.40 blk/s   59.6 tx/s    4.6 Mgas/s      0+    7 Qed Ancient:#5532907 LI:#13271881    3/25 peers      2 MiB chain    1 MiB queue  RPC:  0 conn,    0 req/s,    0 µs
2021-09-21 22:37:04 UTC Syncing #13271873 0x9590…e804     0.00 blk/s    0.0 tx/s    0.0 Mgas/s      0+    7 Qed Ancient:#5532907 LI:#13271881    3/25 peers      2 MiB chain    1 MiB queue  RPC:  0 conn,    0 req/s,    0 µs
2021-09-21 22:37:04 UTC Syncing #13271873 0x9590…e804     0.00 blk/s    0.0 tx/s    0.0 Mgas/s      0+    7 Qed Ancient:#5532907 LI:#13271881    3/25 peers      2 MiB chain    1 MiB queue  RPC:  0 conn,    0 req/s,    0 µs
2021-09-21 22:37:09 UTC Syncing #13271873 0x9590…e804     0.00 blk/s    0.0 tx/s    0.0 Mgas/s      0+    9 Qed Ancient:#5532907 LI:#13271883    1/25 peers      2 MiB chain    2 MiB queue  RPC:  0 conn,    0 req/s,    0 µs
2021-09-21 22:37:15 UTC Syncing #13271874 0x5383…95c2     0.20 blk/s   30.4 tx/s    6.0 Mgas/s      0+    8 Qed Ancient:#5532908 LI:#13271883    6/25 peers      2 MiB chain    1 MiB queue  RPC:  0 conn,    0 req/s,    0 µs
2021-09-21 22:37:19 UTC Syncing #13271875 0x6415…09da     0.20 blk/s   49.2 tx/s    5.2 Mgas/s      0+    7 Qed Ancient:#5532910 LI:#13271883    9/25 peers      2 MiB chain    1 MiB queue  RPC:  0 conn,    0 req/s,    0 µs
2021-09-21 22:37:27 UTC Syncing #13271876 0x2808…edc8     0.20 blk/s    4.6 tx/s    0.5 Mgas/s      0+    6 Qed Ancient:#5532911 LI:#13271883    7/25 peers      2 MiB chain 1000 KiB queue  RPC:  0 conn,    0 req/s,    0 µs
2021-09-21 22:37:56 UTC  Ancient:#5532919 AB:#5533794    3/25 peers      3 MiB chain  460 KiB queue  RPC:  0 conn,    0 req/s,    0 µs
2021-09-21 22:37:59 UTC Syncing #13271883 0x4fca…c7b6     0.00 blk/s    0.0 tx/s    0.0 Mgas/s      0+    2 Qed Ancient:#5532919 LI:#13271886    3/25 peers      3 MiB chain  460 KiB queue  RPC:  0 conn,    0 req/s,    0 µs
2021-09-21 22:38:04 UTC Syncing #13271885 0xe47e…6ac0     0.40 blk/s   72.6 tx/s    5.9 Mgas/s      0+    0 Qed Ancient:#5532921 LI:#13271886    2/25 peers      3 MiB chain  0 bytes queue  RPC:  0 conn,    0 req/s,    0 µs
2021-09-21 22:38:08 UTC Imported #13271886 0x5bfe…45cf (464 txs, 29.99 Mgas, 7915 ms, 142.65 KiB)
2021-09-21 22:38:13 UTC Syncing #13271886 0x5bfe…45cf     0.20 blk/s   92.8 tx/s    6.0 Mgas/s      0+    0 Qed Ancient:#5533179 LI:#13271885    1/25 peers      7 MiB chain  0 bytes queue  RPC:  0 conn,    0 req/s,    0 µs
2021-09-21 22:38:16 UTC Syncing #13271886 0x5bfe…45cf     0.00 blk/s    0.0 tx/s    0.0 Mgas/s      0+    0 Qed Ancient:#5533794 LI:#13271885    1/25 peers    0 bytes chain  0 bytes queue  RPC:  0 conn,    0 req/s,    0 µs
2021-09-21 22:38:53 UTC Imported #13271890 0x10cf…decc (276 txs, 27.96 Mgas, 10844 ms, 124.64 KiB)
2021-09-21 22:38:53 UTC  Ancient:#5534556 AB:#5534556    2/25 peers    0 bytes chain  0 bytes queue  RPC:  0 conn,    0 req/s,    0 µs
2021-09-21 22:39:16 UTC Syncing #13271890 0x10cf…decc     0.00 blk/s    0.0 tx/s    0.0 Mgas/s      0+    0 Qed Ancient:#5534556 LI:#13271890    1/25 peers      1 KiB chain  0 bytes queue  RPC:  0 conn,    0 req/s,    0 µs
2021-09-21 22:39:19 UTC Syncing #13271890 0x10cf…decc     0.00 blk/s    0.0 tx/s    0.0 Mgas/s      0+    0 Qed Ancient:#5534556 LI:#13271890    1/25 peers      1 KiB chain  0 bytes queue  RPC:  0 conn,    0 req/s,    0 µs
2021-09-21 22:39:43 UTC Imported #13271892 0x6e68…f08d (81 txs, 7.55 Mgas, 3091 ms, 54.00 KiB)
2021-09-21 22:39:49 UTC Syncing #13271892 0x6e68…f08d     0.07 blk/s   12.7 tx/s    1.3 Mgas/s      0+    0 Qed Ancient:#5535699 LI:#13271892    2/25 peers      3 MiB chain  0 bytes queue  RPC:  0 conn,    0 req/s,    0 µs
2021-09-21 22:39:54 UTC Syncing #13271892 0x6e68…f08d     0.00 blk/s    0.0 tx/s    0.0 Mgas/s      0+    2 Qed Ancient:#5535699 LI:#13271895    3/25 peers      3 MiB chain  556 KiB queue  RPC:  0 conn,    0 req/s,    0 µs
2021-09-21 22:40:04 UTC Syncing #13271893 0x581b…81d1     0.10 blk/s    5.6 tx/s    0.3 Mgas/s      0+    3 Qed Ancient:#5535703 LI:#13271897    5/25 peers      3 MiB chain  346 KiB queue  RPC:  0 conn,    0 req/s,    0 µs
2021-09-21 22:40:09 UTC Syncing #13271893 0x581b…81d1     0.00 blk/s    0.0 tx/s    0.0 Mgas/s      0+    4 Qed Ancient:#5535703 LI:#13271898    7/25 peers      3 MiB chain  457 KiB queue  RPC:  0 conn,    0 req/s,    0 µs
2021-09-21 22:40:14 UTC Syncing #13271893 0x581b…81d1     0.00 blk/s    0.0 tx/s    0.0 Mgas/s      0+    5 Qed Ancient:#5535703 LI:#13271898    8/25 peers      3 MiB chain  569 KiB queue  RPC:  0 conn,    0 req/s,    0 µs
2021-09-21 22:40:19 UTC Syncing #13271893 0x581b…81d1     0.00 blk/s    0.0 tx/s    0.0 Mgas/s      0+    5 Qed Ancient:#5535703 LI:#13271898    9/25 peers      3 MiB chain  569 KiB queue  RPC:  0 conn,    0 req/s,    0 µs
2021-09-21 22:40:24 UTC Syncing #13271893 0x581b…81d1     0.00 blk/s    0.0 tx/s    0.0 Mgas/s      0+    5 Qed Ancient:#5535703 LI:#13271898    5/25 peers      3 MiB chain  569 KiB queue  RPC:  0 conn,    0 req/s,    0 µs
2021-09-21 22:40:29 UTC Syncing #13271893 0x581b…81d1     0.00 blk/s    0.0 tx/s    0.0 Mgas/s      0+    5 Qed Ancient:#5535703 LI:#13271898    4/25 peers      3 MiB chain  569 KiB queue  RPC:  0 conn,    0 req/s,    0 µs
2021-09-21 22:41:00 UTC  Ancient:#5535708 AB:#5535995    2/25 peers      3 MiB chain  112 KiB queue  RPC:  0 conn,    0 req/s,    0 µs
2021-09-21 22:41:08 UTC Imported #13271898 0x2220…4ef0 (69 txs, 9.59 Mgas, 1736 ms, 30.83 KiB)
2021-09-21 22:41:39 UTC  Ancient:#5535995 AB:#5535995    2/25 peers      5 MiB chain  0 bytes queue  RPC:  0 conn,    0 req/s,    0 µs
2021-09-21 22:42:06 UTC  Ancient:#5535995 AB:#5535995    2/25 peers      5 MiB chain  0 bytes queue  RPC:  0 conn,    0 req/s,    0 µs