2021-09-21 22:28:58 UTC Syncing #13271842 0x914d…6623     0.20 blk/s   47.4 tx/s    5.3 Mgas/s      0+    5 Qed Ancient:#5529478 LI:#13271847   16/25 peers      5 MiB chain  674 KiB queue  RPC:  0 conn,    0 req/s,    0 µs
2021-09-21 22:28:59 UTC Syncing #13271843 0x7f5d…eab3     0.20 blk/s   58.4 tx/s    5.9 Mgas/s      0+    5 Qed Ancient:#5529479 LI:#13271848   14/25 peers      5 MiB chain  873 KiB queue  RPC:  0 conn,    0 req/s,    0 µs
2021-09-21 22:29:23 UTC Imported #13271849 0x0548…093a (39 txs, 2.77 Mgas, 1217 ms, 13.24 KiB)
2021-09-21 22:29:50 UTC  Ancient:#5532905 AB:#5532905   14/25 peers   744 bytes chain  0 bytes queue  RPC:  0 conn,    0 req/s,    0 µs
2021-09-21 22:30:26 UTC  Ancient:#5532905 AB:#5532905   12/25 peers     75 KiB chain  519 KiB queue  RPC:  0 conn,    0 req/s,    0 µs
2021-09-21 22:31:49 UTC Syncing #13271850 0xbdfa…a5ee     0.01 blk/s    4.3 tx/s    0.4 Mgas/s      0+    5 Qed Ancient:#5532905 LI:#13271856    6/25 peers    110 KiB chain    1 MiB queue  RPC:  0 conn,    0 req/s,    0 µs
2021-09-21 22:31:56 UTC Syncing #13271850 0xbdfa…a5ee     0.00 blk/s    0.0 tx/s    0.0 Mgas/s      0+    7 Qed Ancient:#5532905 LI:#13271857    5/25 peers    110 KiB chain    2 MiB queue  RPC:  0 conn,    0 req/s,    0 µs
2021-09-21 22:32:01 UTC Syncing #13271850 0xbdfa…a5ee     0.00 blk/s    0.0 tx/s    0.0 Mgas/s      0+    7 Qed Ancient:#5532905 LI:#13271857    5/25 peers    110 KiB chain    2 MiB queue  RPC:  0 conn,    0 req/s,    0 µs
2021-09-21 22:32:04 UTC Syncing #13271850 0xbdfa…a5ee     0.00 blk/s    0.0 tx/s    0.0 Mgas/s      0+    7 Qed Ancient:#5532905 LI:#13271857    5/25 peers    110 KiB chain    2 MiB queue  RPC:  0 conn,    0 req/s,    0 µs
2021-09-21 22:32:09 UTC Syncing #13271850 0xbdfa…a5ee     0.00 blk/s    0.0 tx/s    0.0 Mgas/s      0+    7 Qed Ancient:#5532905 LI:#13271857    5/25 peers    110 KiB chain    2 MiB queue  RPC:  0 conn,    0 req/s,    0 µs
2021-09-21 22:32:39 UTC Syncing #13271850 0xbdfa…a5ee     0.00 blk/s    0.0 tx/s    0.0 Mgas/s      0+    8 Qed Ancient:#5532905 LI:#13271858    5/25 peers    145 KiB chain    3 MiB queue  RPC:  0 conn,    0 req/s,    0 µs
2021-09-21 22:32:49 UTC Syncing #13271850 0xbdfa…a5ee     0.00 blk/s    0.0 tx/s    0.0 Mgas/s      0+   10 Qed Ancient:#5532905 LI:#13271860    3/25 peers    145 KiB chain    3 MiB queue  RPC:  0 conn,    0 req/s,    0 µs
2021-09-21 22:32:54 UTC Syncing #13271850 0xbdfa…a5ee     0.00 blk/s    0.0 tx/s    0.0 Mgas/s      0+   10 Qed Ancient:#5532905 LI:#13271860    3/25 peers    145 KiB chain    3 MiB queue  RPC:  0 conn,    0 req/s,    0 µs
2021-09-21 22:33:03 UTC Syncing #13271850 0xbdfa…a5ee     0.00 blk/s    0.0 tx/s    0.0 Mgas/s      0+    9 Qed Ancient:#5532905 LI:#13271860    3/25 peers    145 KiB chain    3 MiB queue  RPC:  0 conn,    0 req/s,    0 µs
2021-09-21 22:33:03 UTC Syncing #13271851 0x7707…3b30     0.27 blk/s   87.6 tx/s    8.1 Mgas/s      0+    9 Qed Ancient:#5532905 LI:#13271860    3/25 peers    145 KiB chain    3 MiB queue  RPC:  0 conn,    0 req/s,    0 µs
2021-09-21 22:33:03 UTC Syncing #13271851 0x7707…3b30     0.14 blk/s   43.2 tx/s    4.0 Mgas/s      0+    9 Qed Ancient:#5532905 LI:#13271860    3/25 peers    145 KiB chain    3 MiB queue  RPC:  0 conn,    0 req/s,    0 µs
2021-09-21 22:33:12 UTC Syncing #13271851 0x7707…3b30     0.00 blk/s    0.0 tx/s    0.0 Mgas/s      0+    8 Qed Ancient:#5532905 LI:#13271860    3/25 peers    145 KiB chain    2 MiB queue  RPC:  0 conn,    0 req/s,    0 µs
2021-09-21 22:33:12 UTC Syncing #13271853 0xa924…6085     0.27 blk/s   40.7 tx/s    3.6 Mgas/s      0+    6 Qed Ancient:#5532905 LI:#13271860    3/25 peers    216 KiB chain    2 MiB queue  RPC:  0 conn,    0 req/s,    0 µs
2021-09-21 22:33:16 UTC Syncing #13271854 0x23ac…fc6f     0.20 blk/s   22.2 tx/s    1.6 Mgas/s      0+    5 Qed Ancient:#5532905 LI:#13271861    3/25 peers    752 KiB chain    2 MiB queue  RPC:  0 conn,    0 req/s,    0 µs
2021-09-21 22:33:22 UTC Syncing #13271855 0x1714…d989     0.20 blk/s   16.8 tx/s    1.2 Mgas/s      0+    6 Qed Ancient:#5532905 LI:#13271862    2/25 peers    752 KiB chain    2 MiB queue  RPC:  0 conn,    0 req/s,    0 µs
2021-09-21 22:33:24 UTC Syncing #13271855 0x1714…d989     0.00 blk/s    0.0 tx/s    0.0 Mgas/s      0+    6 Qed Ancient:#5532905 LI:#13271862    2/25 peers    752 KiB chain    2 MiB queue  RPC:  0 conn,    0 req/s,    0 µs
2021-09-21 22:33:30 UTC Syncing #13271856 0x93f3…21c8     0.20 blk/s   95.2 tx/s    6.0 Mgas/s      0+    5 Qed Ancient:#5532905 LI:#13271863    2/25 peers    752 KiB chain    1 MiB queue  RPC:  0 conn,    0 req/s,    0 µs
2021-09-21 22:33:38 UTC Syncing #13271857 0xfb28…2104     0.20 blk/s   58.6 tx/s    6.0 Mgas/s      0+    5 Qed Ancient:#5532905 LI:#13271863    2/25 peers      1 MiB chain    1 MiB queue  RPC:  0 conn,    0 req/s,    0 µs
2021-09-21 22:33:39 UTC Syncing #13271857 0xfb28…2104     0.00 blk/s    0.0 tx/s    0.0 Mgas/s      0+    5 Qed Ancient:#5532905 LI:#13271863    2/25 peers      1 MiB chain    1 MiB queue  RPC:  0 conn,    0 req/s,    0 µs
2021-09-21 22:34:13 UTC  Ancient:#5532905 AB:#5532905    2/25 peers      1 MiB chain    4 KiB queue  RPC:  0 conn,    0 req/s,    0 µs
2021-09-21 22:34:21 UTC Imported #13271865 0xd957…594d (3 txs, 0.06 Mgas, 65 ms, 0.86 KiB)
2021-09-21 22:34:43 UTC  Ancient:#5532905 AB:#5532905    2/25 peers      2 MiB chain  173 KiB queue  RPC:  0 conn,    0 req/s,    0 µs
2021-09-21 22:34:43 UTC  Ancient:#5532905 AB:#5532905    2/25 peers      2 MiB chain  173 KiB queue  RPC:  0 conn,    0 req/s,    0 µs
2021-09-21 22:35:01 UTC Imported #13271867 0x2424…a82f (95 txs, 9.91 Mgas, 2299 ms, 63.39 KiB)
2021-09-21 22:35:23 UTC  Ancient:#5532905 AB:#5532905    1/25 peers      2 MiB chain   27 KiB queue  RPC:  0 conn,    0 req/s,    0 µs
2021-09-21 22:35:23 UTC  Ancient:#5532905 AB:#5532905    0/25 peers      2 MiB chain   27 KiB queue  RPC:  0 conn,    0 req/s,    0 µs
2021-09-21 22:35:23 UTC Imported #13271871 0x848a…fa30 (19 txs, 1.49 Mgas, 421 ms, 7.02 KiB)
2021-09-21 22:35:49 UTC  Ancient:#5532905 AB:#5532905    0/25 peers      2 MiB chain  0 bytes queue  RPC:  0 conn,    0 req/s,    0 µs
2021-09-21 22:36:19 UTC  Ancient:#5532905 AB:#5532905    0/25 peers      2 MiB chain  0 bytes queue  RPC:  0 conn,    0 req/s,    0 µs
2021-09-21 22:36:49 UTC Syncing #13271871 0x848a…fa30     0.00 blk/s    0.0 tx/s    0.0 Mgas/s      0+    9 Qed Ancient:#5532905 LI:#13271881    2/25 peers      2 MiB chain    2 MiB queue  RPC:  0 conn,    0 req/s,    0 µs
2021-09-21 22:36:55 UTC Syncing #13271873 0x9590…e804     0.40 blk/s   59.6 tx/s    4.6 Mgas/s      0+    7 Qed Ancient:#5532907 LI:#13271881    3/25 peers      2 MiB chain    1 MiB queue  RPC:  0 conn,    0 req/s,    0 µs
2021-09-21 22:37:04 UTC Syncing #13271873 0x9590…e804     0.00 blk/s    0.0 tx/s    0.0 Mgas/s      0+    7 Qed Ancient:#5532907 LI:#13271881    3/25 peers      2 MiB chain    1 MiB queue  RPC:  0 conn,    0 req/s,    0 µs
2021-09-21 22:37:04 UTC Syncing #13271873 0x9590…e804     0.00 blk/s    0.0 tx/s    0.0 Mgas/s      0+    7 Qed Ancient:#5532907 LI:#13271881    3/25 peers      2 MiB chain    1 MiB queue  RPC:  0 conn,    0 req/s,    0 µs
2021-09-21 22:37:09 UTC Syncing #13271873 0x9590…e804     0.00 blk/s    0.0 tx/s    0.0 Mgas/s      0+    9 Qed Ancient:#5532907 LI:#13271883    1/25 peers      2 MiB chain    2 MiB queue  RPC:  0 conn,    0 req/s,    0 µs