2021-09-21 22:40:04 UTC Syncing #13271893 0x581b…81d1     0.10 blk/s    5.6 tx/s    0.3 Mgas/s      0+    3 Qed Ancient:#5535703 LI:#13271897    5/25 peers      3 MiB chain  346 KiB queue  RPC:  0 conn,    0 req/s,    0 µs
2021-09-21 22:40:09 UTC Syncing #13271893 0x581b…81d1     0.00 blk/s    0.0 tx/s    0.0 Mgas/s      0+    4 Qed Ancient:#5535703 LI:#13271898    7/25 peers      3 MiB chain  457 KiB queue  RPC:  0 conn,    0 req/s,    0 µs
2021-09-21 22:40:14 UTC Syncing #13271893 0x581b…81d1     0.00 blk/s    0.0 tx/s    0.0 Mgas/s      0+    5 Qed Ancient:#5535703 LI:#13271898    8/25 peers      3 MiB chain  569 KiB queue  RPC:  0 conn,    0 req/s,    0 µs
2021-09-21 22:40:19 UTC Syncing #13271893 0x581b…81d1     0.00 blk/s    0.0 tx/s    0.0 Mgas/s      0+    5 Qed Ancient:#5535703 LI:#13271898    9/25 peers      3 MiB chain  569 KiB queue  RPC:  0 conn,    0 req/s,    0 µs
2021-09-21 22:40:24 UTC Syncing #13271893 0x581b…81d1     0.00 blk/s    0.0 tx/s    0.0 Mgas/s      0+    5 Qed Ancient:#5535703 LI:#13271898    5/25 peers      3 MiB chain  569 KiB queue  RPC:  0 conn,    0 req/s,    0 µs
2021-09-21 22:40:29 UTC Syncing #13271893 0x581b…81d1     0.00 blk/s    0.0 tx/s    0.0 Mgas/s      0+    5 Qed Ancient:#5535703 LI:#13271898    4/25 peers      3 MiB chain  569 KiB queue  RPC:  0 conn,    0 req/s,    0 µs
2021-09-21 22:41:00 UTC  Ancient:#5535708 AB:#5535995    2/25 peers      3 MiB chain  112 KiB queue  RPC:  0 conn,    0 req/s,    0 µs
2021-09-21 22:41:08 UTC Imported #13271898 0x2220…4ef0 (69 txs, 9.59 Mgas, 1736 ms, 30.83 KiB)
2021-09-21 22:41:39 UTC  Ancient:#5535995 AB:#5535995    2/25 peers      5 MiB chain  0 bytes queue  RPC:  0 conn,    0 req/s,    0 µs
2021-09-21 22:42:06 UTC  Ancient:#5535995 AB:#5535995    2/25 peers      5 MiB chain  0 bytes queue  RPC:  0 conn,    0 req/s,    0 µs
2021-09-21 22:42:48 UTC  Ancient:#5535995 AB:#5535995    2/25 peers      5 MiB chain  0 bytes queue  RPC:  0 conn,    0 req/s,    0 µs
2021-09-21 22:42:48 UTC  Ancient:#5535995 AB:#5535995    2/25 peers      5 MiB chain  0 bytes queue  RPC:  0 conn,    0 req/s,    0 µs
2021-09-21 22:42:48 UTC  Ancient:#5535995 AB:#5535995    2/25 peers      5 MiB chain  0 bytes queue  RPC:  0 conn,    0 req/s,    0 µs
2021-09-21 22:42:48 UTC  Ancient:#5535995 AB:#5535995    2/25 peers      5 MiB chain  0 bytes queue  RPC:  0 conn,    0 req/s,    0 µs
2021-09-21 22:43:19 UTC Syncing #13271898 0xaf38…4e10     0.00 blk/s    0.0 tx/s    0.0 Mgas/s      0+    6 Qed Ancient:#5535995 LI:#13271905    3/25 peers      5 MiB chain    2 MiB queue  RPC:  0 conn,    0 req/s,    0 µs
2021-09-21 22:43:24 UTC Syncing #13271898 0xaf38…4e10     0.00 blk/s    0.0 tx/s    0.0 Mgas/s      0+    7 Qed Ancient:#5535995 LI:#13271904    6/25 peers      5 MiB chain    2 MiB queue  RPC:  0 conn,    0 req/s,    0 µs
2021-09-21 22:43:29 UTC Syncing #13271899 0x3eb7…e33c     0.20 blk/s   71.4 tx/s    6.0 Mgas/s      0+    6 Qed Ancient:#5536000 LI:#13271904    4/25 peers      5 MiB chain    1 MiB queue  RPC:  0 conn,    0 req/s,    0 µs
2021-09-21 22:43:35 UTC Syncing #13271899 0x3eb7…e33c     0.00 blk/s    0.0 tx/s    0.0 Mgas/s      0+    7 Qed Ancient:#5536000 LI:#13271907    3/25 peers      5 MiB chain    2 MiB queue  RPC:  0 conn,    0 req/s,    0 µs
2021-09-21 22:43:41 UTC Syncing #13271900 0x10ba…82e1     0.20 blk/s   72.8 tx/s    6.0 Mgas/s      0+    7 Qed Ancient:#5536001 LI:#13271908    2/25 peers      5 MiB chain    1 MiB queue  RPC:  0 conn,    0 req/s,    0 µs
2021-09-21 22:43:48 UTC Syncing #13271901 0x29d8…7c4b     0.20 blk/s   50.8 tx/s    5.9 Mgas/s      0+    6 Qed Ancient:#5536002 LI:#13271908    2/25 peers      5 MiB chain    1 MiB queue  RPC:  0 conn,    0 req/s,    0 µs
2021-09-21 22:43:53 UTC Syncing #13271903 0x706e…40db     0.40 blk/s   35.6 tx/s    3.0 Mgas/s      0+    4 Qed Ancient:#5536004 LI:#13271908    2/25 peers      5 MiB chain  635 KiB queue  RPC:  0 conn,    0 req/s,    0 µs
2021-09-21 22:43:54 UTC Syncing #13271903 0x706e…40db     0.00 blk/s    0.0 tx/s    0.0 Mgas/s      0+    4 Qed Ancient:#5536004 LI:#13271908    2/25 peers      5 MiB chain  635 KiB queue  RPC:  0 conn,    0 req/s,    0 µs
2021-09-21 22:44:23 UTC Imported #13271909 0x6d95…5f4f (207 txs, 23.67 Mgas, 7435 ms, 134.66 KiB)
2021-09-21 22:44:41 UTC Imported #13271910 0x1aea…69aa (253 txs, 22.51 Mgas, 10971 ms, 118.06 KiB)
2021-09-21 22:44:44 UTC  Ancient:#5537557 AB:#5537557    2/25 peers   472 bytes chain  0 bytes queue  RPC:  0 conn,    0 req/s,    0 µs
2021-09-21 22:44:44 UTC  Ancient:#5537557 AB:#5537557    2/25 peers    530 KiB chain  0 bytes queue  RPC:  0 conn,    0 req/s,    0 µs
2021-09-21 22:44:44 UTC  Ancient:#5537557 AB:#5537557    2/25 peers    530 KiB chain  0 bytes queue  RPC:  0 conn,    0 req/s,    0 µs
2021-09-21 22:45:30 UTC Imported #13271911 0x1f8e…6637 (304 txs, 30.00 Mgas, 6719 ms, 145.39 KiB)
2021-09-21 22:45:30 UTC  Ancient:#5537557 AB:#5537557    1/25 peers    681 KiB chain  0 bytes queue  RPC:  0 conn,    0 req/s,    0 µs
2021-09-21 22:45:30 UTC  Ancient:#5537557 AB:#5537557    1/25 peers    681 KiB chain  0 bytes queue  RPC:  0 conn,    0 req/s,    0 µs
2021-09-21 22:45:30 UTC  Ancient:#5537557 AB:#5537557    1/25 peers    563 KiB chain  0 bytes queue  RPC:  0 conn,    0 req/s,    0 µs
2021-09-21 22:45:47 UTC Imported #13271912 0x6774…f283 (273 txs, 29.49 Mgas, 8361 ms, 156.15 KiB)
2021-09-21 22:45:59 UTC  Ancient:#5537557 AB:#5537557    0/25 peers    861 KiB chain  0 bytes queue  RPC:  0 conn,    0 req/s,    0 µs
2021-09-21 22:46:29 UTC  Ancient:#5537557 AB:#5537557    0/25 peers    861 KiB chain  0 bytes queue  RPC:  0 conn,    0 req/s,    0 µs
2021-09-21 22:46:40 UTC Syncing #13271914 0xecb8…11ed     0.20 blk/s    6.4 tx/s    0.8 Mgas/s      0+    1 Qed Ancient:#5537559 LI:#13271916    1/25 peers    932 KiB chain   89 KiB queue  RPC:  0 conn,    0 req/s,    0 µs
2021-09-21 22:46:49 UTC Imported #13271916 0x32e9…156f (63 txs, 4.54 Mgas, 1253 ms, 33.81 KiB)
2021-09-21 22:47:13 UTC Syncing #13271916 0x32e9…156f     0.07 blk/s    8.4 tx/s    0.5 Mgas/s      0+    1 Qed Ancient:#5538366 LI:#13271918    1/25 peers    215 KiB chain  531 KiB queue  RPC:  0 conn,    0 req/s,    0 µs
2021-09-21 22:47:20 UTC Syncing #13271917 0x7b2d…1b46     0.10 blk/s   42.8 tx/s    3.0 Mgas/s      0+    0 Qed Ancient:#5538366 LI:#13271918    1/25 peers    355 KiB chain  0 bytes queue  RPC:  0 conn,    0 req/s,    0 µs
2021-09-21 22:47:26 UTC Syncing #13271918 0x08ab…6f49     0.20 blk/s   75.0 tx/s    6.0 Mgas/s      0+    0 Qed Ancient:#5538366 LI:#13271918    1/25 peers    355 KiB chain  0 bytes queue  RPC:  0 conn,    0 req/s,    0 µs
2021-09-21 22:47:33 UTC Syncing #13271918 0x08ab…6f49     0.00 blk/s    0.0 tx/s    0.0 Mgas/s      0+    1 Qed Ancient:#5538366 LI:#13271920    1/25 peers    806 KiB chain   78 KiB queue  RPC:  0 conn,    0 req/s,    0 µs
2021-09-21 22:47:38 UTC Syncing #13271919 0xe433…7e05     0.20 blk/s   31.6 tx/s    2.1 Mgas/s      0+    0 Qed Ancient:#5538366 LI:#13271920    1/25 peers    806 KiB chain  0 bytes queue  RPC:  0 conn,    0 req/s,    0 µs
2021-09-21 22:47:40 UTC Syncing #13271920 0x1614…1af3     0.20 blk/s   12.2 tx/s    1.0 Mgas/s      0+    0 Qed Ancient:#5538366 LI:#13271920    1/25 peers    806 KiB chain  0 bytes queue  RPC:  0 conn,    0 req/s,    0 µs
2021-09-21 22:47:51 UTC Imported #13271921 0xfd3d…1b43 (84 txs, 5.49 Mgas, 2191 ms, 45.31 KiB) + another 2 block(s) containing 436 tx(s)
2021-09-21 22:48:11 UTC  Ancient:#5538486 AB:#5538486    0/25 peers      3 MiB chain  0 bytes queue  RPC:  0 conn,    0 req/s,    0 µs
2021-09-21 22:48:19 UTC Syncing #13271921 0xfd3d…1b43     0.00 blk/s    0.0 tx/s    0.0 Mgas/s      0+    0 Qed Ancient:#5538486 LI:#13271922    2/25 peers      3 MiB chain  0 bytes queue  RPC:  0 conn,    0 req/s,    0 µs
2021-09-21 22:48:28 UTC Imported #13271922 0xde5d…60b9 (338 txs, 29.99 Mgas, 8215 ms, 309.08 KiB)
2021-09-21 22:49:08 UTC  Ancient:#5538570 AB:#5538570    1/25 peers      3 MiB chain  0 bytes queue  RPC:  0 conn,    0 req/s,    0 µs
2021-09-21 22:49:25 UTC Imported #13271923 0x829e…4a3a (194 txs, 20.96 Mgas, 6864 ms, 132.33 KiB)
2021-09-21 22:49:36 UTC  Ancient:#5538570 AB:#5538570    1/25 peers      3 MiB chain  0 bytes queue  RPC:  0 conn,    0 req/s,    0 µs
2021-09-21 22:49:36 UTC  Ancient:#5538570 AB:#5538570    1/25 peers      3 MiB chain  0 bytes queue  RPC:  0 conn,    0 req/s,    0 µs
2021-09-21 22:49:49 UTC Syncing #13271923 0x829e…4a3a     0.00 blk/s    0.0 tx/s    0.0 Mgas/s      0+    0 Qed Ancient:#5538570 LI:#13271923    2/25 peers      3 MiB chain  0 bytes queue  RPC:  0 conn,    0 req/s,    0 µs
2021-09-21 22:49:57 UTC Syncing #13271924 0x9ff6…ae22     0.20 blk/s    8.4 tx/s    1.0 Mgas/s      0+    5 Qed Ancient:#5538570 LI:#13271930    2/25 peers      3 MiB chain  889 KiB queue  RPC:  0 conn,    0 req/s,    0 µs
2021-09-21 22:50:21 UTC Imported #13271930 0x5902…291a (145 txs, 15.87 Mgas, 5890 ms, 91.67 KiB)
2021-09-21 22:50:29 UTC  Ancient:#5538620 AB:#5538620    1/25 peers      6 MiB chain  0 bytes queue  RPC:  0 conn,    0 req/s,    0 µs
2021-09-21 22:50:54 UTC Syncing #13271930 0x5902…291a     0.00 blk/s    0.0 tx/s    0.0 Mgas/s      0+    0 Qed Ancient:#5538620 LI:#13271930    3/25 peers      6 MiB chain  0 bytes queue  RPC:  0 conn,    0 req/s,    0 µs
2021-09-21 22:50:59 UTC Syncing #13271930 0x5902…291a     0.00 blk/s    0.0 tx/s    0.0 Mgas/s      0+    0 Qed Ancient:#5538620 LI:#13271930    3/25 peers      6 MiB chain  0 bytes queue  RPC:  0 conn,    0 req/s,    0 µs
2021-09-21 22:51:04 UTC Syncing #13271930 0x5902…291a     0.00 blk/s    0.0 tx/s    0.0 Mgas/s      0+    0 Qed Ancient:#5538620 LI:#13271930    3/25 peers      6 MiB chain  0 bytes queue  RPC:  0 conn,    0 req/s,    0 µs
2021-09-21 22:51:09 UTC Syncing #13271930 0x5902…291a     0.00 blk/s    0.0 tx/s    0.0 Mgas/s      0+    0 Qed Ancient:#5538620 LI:#13271930    4/25 peers      6 MiB chain  0 bytes queue  RPC:  0 conn,    0 req/s,    0 µs
2021-09-21 22:51:14 UTC Syncing #13271930 0x5902…291a     0.00 blk/s    0.0 tx/s    0.0 Mgas/s      0+    7 Qed Ancient:#5538620 LI:#13271938    7/25 peers      6 MiB chain    2 MiB queue  RPC:  0 conn,    0 req/s,    0 µs
2021-09-21 22:51:20 UTC Syncing #13271932 0xa01d…0f01     0.40 blk/s   63.0 tx/s    5.2 Mgas/s      0+    5 Qed Ancient:#5538620 LI:#13271938    8/25 peers      6 MiB chain    1 MiB queue  RPC:  0 conn,    0 req/s,    0 µs
2021-09-21 22:51:26 UTC Syncing #13271933 0x313f…6dfe     0.20 blk/s   44.6 tx/s    4.0 Mgas/s      0+    5 Qed Ancient:#5538620 LI:#13271939    5/25 peers      6 MiB chain    2 MiB queue  RPC:  0 conn,    0 req/s,    0 µs
2021-09-21 22:51:49 UTC Imported #13271939 0x11c2…9a9d (108 txs, 13.49 Mgas, 3505 ms, 62.11 KiB)
2021-09-21 22:51:55 UTC  Ancient:#5538620 AB:#5538620    1/25 peers      7 MiB chain  0 bytes queue  RPC:  0 conn,    0 req/s,    0 µs
2021-09-21 22:51:55 UTC  Ancient:#5538620 AB:#5538620    1/25 peers      7 MiB chain  0 bytes queue  RPC:  0 conn,    0 req/s,    0 µs