2021-05-09 10:38:51 UTC Syncing #12399458 0x2bff…22e1     0.00 blk/s    0.0 tx/s    0.0 Mgas/s      0+  206 Qed Ancient:#12118719 LI:#12399665   26/50 peers    273 KiB chain   47 MiB queue  RPC:  0 conn,    0 req/s,    0 µs
2021-05-09 10:38:56 UTC Syncing #12399459 0xb176…3356     0.20 blk/s   51.2 tx/s    2.8 Mgas/s      0+  205 Qed Ancient:#12118719 LI:#12399665   26/50 peers    551 KiB chain   47 MiB queue  RPC:  0 conn,    0 req/s,    0 µs
2021-05-09 10:39:01 UTC Syncing #12399460 0x1264…70f8     0.20 blk/s   50.6 tx/s    3.0 Mgas/s      0+  205 Qed Ancient:#12118719 LI:#12399666   26/50 peers    551 KiB chain   47 MiB queue  RPC:  0 conn,    0 req/s,    0 µs
2021-05-09 10:39:06 UTC Syncing #12399460 0x1264…70f8     0.00 blk/s    0.0 tx/s    0.0 Mgas/s      0+  205 Qed Ancient:#12118719 LI:#12399666   26/50 peers    551 KiB chain   47 MiB queue  RPC:  0 conn,    0 req/s,    0 µs
2021-05-09 10:39:11 UTC Syncing #12399461 0x3d6c…c2a6     0.20 blk/s   65.6 tx/s    3.0 Mgas/s      0+  204 Qed Ancient:#12118719 LI:#12399666   10/25 peers    691 KiB chain   46 MiB queue  RPC:  0 conn,    0 req/s,    0 µs
2021-05-09 10:39:16 UTC Syncing #12399462 0x519b…40fc     0.20 blk/s   82.8 tx/s    3.0 Mgas/s      0+  203 Qed Ancient:#12118719 LI:#12399666    6/25 peers    691 KiB chain   46 MiB queue  RPC:  0 conn,    0 req/s,    0 µs
2021-05-09 10:39:21 UTC Syncing #12399463 0x9f23…2dc1     0.20 blk/s   61.0 tx/s    3.0 Mgas/s      0+  202 Qed Ancient:#12118719 LI:#12399666    3/25 peers    692 KiB chain   46 MiB queue  RPC:  0 conn,    0 req/s,    0 µs
2021-05-09 10:39:26 UTC Syncing #12399463 0x9f23…2dc1     0.00 blk/s    0.0 tx/s    0.0 Mgas/s      0+  202 Qed Ancient:#12118719 LI:#12399666    3/25 peers    692 KiB chain   46 MiB queue  RPC:  0 conn,    0 req/s,    0 µs
2021-05-09 10:39:31 UTC Syncing #12399464 0x61f4…82fe     0.20 blk/s   46.6 tx/s    3.0 Mgas/s      0+  201 Qed Ancient:#12118719 LI:#12399666    2/25 peers    692 KiB chain   46 MiB queue  RPC:  0 conn,    0 req/s,    0 µs
2021-05-09 10:39:36 UTC Syncing #12399465 0x8d55…14ba     0.20 blk/s   38.0 tx/s    2.9 Mgas/s      0+  200 Qed Ancient:#12118719 LI:#12399666    1/25 peers    692 KiB chain   45 MiB queue  RPC:  0 conn,    0 req/s,    0 µs
2021-05-09 10:39:41 UTC Syncing #12399466 0xaa77…a599     0.20 blk/s   49.4 tx/s    2.8 Mgas/s      0+  199 Qed Ancient:#12118719 LI:#12399666    1/25 peers    692 KiB chain   45 MiB queue  RPC:  0 conn,    0 req/s,    0 µs
2021-05-09 10:39:46 UTC Syncing #12399466 0xaa77…a599     0.00 blk/s    0.0 tx/s    0.0 Mgas/s      0+  199 Qed Ancient:#12118719 LI:#12399666    2/25 peers    692 KiB chain   45 MiB queue  RPC:  0 conn,    0 req/s,    0 µs
2021-05-09 10:39:51 UTC Syncing #12399467 0x65d5…b314     0.20 blk/s   56.0 tx/s    3.0 Mgas/s      0+  198 Qed Ancient:#12118719 LI:#12399666    3/25 peers    972 KiB chain   45 MiB queue  RPC:  0 conn,    0 req/s,    0 µs
2021-05-09 10:39:56 UTC Syncing #12399468 0x5d4f…378c     0.20 blk/s   58.2 tx/s    3.0 Mgas/s      0+  197 Qed Ancient:#12118719 LI:#12399666    3/25 peers    972 KiB chain   45 MiB queue  RPC:  0 conn,    0 req/s,    0 µs
2021-05-09 10:40:01 UTC Syncing #12399469 0xe6ac…4484     0.20 blk/s   50.6 tx/s    3.0 Mgas/s      0+  196 Qed Ancient:#12118719 LI:#12399666    3/25 peers    972 KiB chain   44 MiB queue  RPC:  0 conn,    0 req/s,    0 µs
2021-05-09 10:40:06 UTC Syncing #12399470 0x0d23…d186     0.20 blk/s   51.8 tx/s    3.0 Mgas/s      0+  195 Qed Ancient:#12118719 LI:#12399666    6/25 peers    973 KiB chain   44 MiB queue  RPC:  0 conn,    0 req/s,    0 µs
2021-05-09 10:40:11 UTC Syncing #12399471 0xedd1…ee7b     0.20 blk/s   55.8 tx/s    3.0 Mgas/s      0+  194 Qed Ancient:#12118719 LI:#12399666    8/25 peers    973 KiB chain   44 MiB queue  RPC:  0 conn,    0 req/s,    0 µs
2021-05-09 10:40:16 UTC Syncing #12399472 0x8d5f…b931     0.20 blk/s   59.0 tx/s    3.0 Mgas/s      0+  193 Qed Ancient:#12118719 LI:#12399666   11/25 peers    973 KiB chain   44 MiB queue  RPC:  0 conn,    0 req/s,    0 µs
2021-05-09 10:40:21 UTC Syncing #12399472 0x8d5f…b931     0.00 blk/s    0.0 tx/s    0.0 Mgas/s      0+  193 Qed Ancient:#12118719 LI:#12399666   14/25 peers    973 KiB chain   44 MiB queue  RPC:  0 conn,    0 req/s,    0 µs
2021-05-09 10:40:26 UTC Syncing #12399473 0xacef…9ada     0.20 blk/s   38.8 tx/s    3.0 Mgas/s      0+  192 Qed Ancient:#12118719 LI:#12399666   16/25 peers    973 KiB chain   44 MiB queue  RPC:  0 conn,    0 req/s,    0 µs
2021-05-09 10:40:31 UTC Syncing #12399473 0xacef…9ada     0.00 blk/s    0.0 tx/s    0.0 Mgas/s      0+  192 Qed Ancient:#12118719 LI:#12399666   26/50 peers    973 KiB chain   44 MiB queue  RPC:  0 conn,    0 req/s,    0 µs
2021-05-09 10:40:36 UTC Syncing #12399474 0x2a77…684c     0.20 blk/s   39.6 tx/s    3.0 Mgas/s      0+  191 Qed Ancient:#12118719 LI:#12399666   26/50 peers    973 KiB chain   43 MiB queue  RPC:  0 conn,    0 req/s,    0 µs
2021-05-09 10:40:41 UTC Syncing #12399474 0x2a77…684c     0.00 blk/s    0.0 tx/s    0.0 Mgas/s      0+  191 Qed Ancient:#12118719 LI:#12399666   26/50 peers    973 KiB chain   43 MiB queue  RPC:  0 conn,    0 req/s,    0 µs
2021-05-09 10:40:46 UTC Syncing #12399475 0x70ff…7c55     0.20 blk/s   28.6 tx/s    3.0 Mgas/s      0+  190 Qed Ancient:#12118719 LI:#12399666   26/50 peers    973 KiB chain   43 MiB queue  RPC:  0 conn,    0 req/s,    0 µs
2021-05-09 10:40:51 UTC Syncing #12399475 0x70ff…7c55     0.00 blk/s    0.0 tx/s    0.0 Mgas/s      0+  190 Qed Ancient:#12118719 LI:#12399666   25/25 peers    973 KiB chain   43 MiB queue  RPC:  0 conn,    0 req/s,    0 µs
2021-05-09 10:40:56 UTC Syncing #12399476 0x31e7…1e19     0.20 blk/s   30.4 tx/s    3.0 Mgas/s      0+  189 Qed Ancient:#12118719 LI:#12399666   26/50 peers    973 KiB chain   43 MiB queue  RPC:  0 conn,    0 req/s,    0 µs
2021-05-09 10:41:01 UTC Syncing #12399476 0x31e7…1e19     0.00 blk/s    0.0 tx/s    0.0 Mgas/s      0+  189 Qed Ancient:#12118719 LI:#12399666   26/50 peers    973 KiB chain   43 MiB queue  RPC:  0 conn,    0 req/s,    0 µs
2021-05-09 10:41:06 UTC Syncing #12399476 0x31e7…1e19     0.00 blk/s    0.0 tx/s    0.0 Mgas/s      0+  189 Qed Ancient:#12118719 LI:#12399666   26/50 peers    973 KiB chain   43 MiB queue  RPC:  0 conn,    0 req/s,    0 µs
2021-05-09 10:41:11 UTC Syncing #12399478 0xfb98…5a93     0.40 blk/s   82.6 tx/s    6.0 Mgas/s      0+  187 Qed Ancient:#12118719 LI:#12399666   27/50 peers    974 KiB chain   42 MiB queue  RPC:  0 conn,    0 req/s,    0 µs
2021-05-09 10:41:16 UTC Syncing #12399478 0xfb98…5a93     0.00 blk/s    0.0 tx/s    0.0 Mgas/s      0+  187 Qed Ancient:#12118719 LI:#12399666   27/50 peers    974 KiB chain   42 MiB queue  RPC:  0 conn,    0 req/s,    0 µs
2021-05-09 10:41:21 UTC Syncing #12399479 0x35b4…236a     0.20 blk/s   68.8 tx/s    3.0 Mgas/s      0+  186 Qed Ancient:#12118719 LI:#12399666   27/50 peers    974 KiB chain   42 MiB queue  RPC:  0 conn,    0 req/s,    0 µs
2021-05-09 10:41:26 UTC Syncing #12399479 0x35b4…236a     0.00 blk/s    0.0 tx/s    0.0 Mgas/s      0+  186 Qed Ancient:#12118719 LI:#12399666   26/50 peers    974 KiB chain   42 MiB queue  RPC:  0 conn,    0 req/s,    0 µs
2021-05-09 10:41:31 UTC Syncing #12399479 0x35b4…236a     0.00 blk/s    0.0 tx/s    0.0 Mgas/s      0+  186 Qed Ancient:#12118719 LI:#12399666   25/25 peers    974 KiB chain   42 MiB queue  RPC:  0 conn,    0 req/s,    0 µs
2021-05-09 10:41:36 UTC Syncing #12399480 0x858a…91d6     0.20 blk/s   37.2 tx/s    2.9 Mgas/s      0+  185 Qed Ancient:#12118719 LI:#12399666   25/25 peers    974 KiB chain   42 MiB queue  RPC:  0 conn,    0 req/s,    0 µs
2021-05-09 10:41:41 UTC Syncing #12399480 0x858a…91d6     0.00 blk/s    0.0 tx/s    0.0 Mgas/s      0+  185 Qed Ancient:#12118719 LI:#12399666   25/25 peers    974 KiB chain   42 MiB queue  RPC:  0 conn,    0 req/s,    0 µs
2021-05-09 10:41:46 UTC Syncing #12399481 0xfc43…baef     0.20 blk/s   47.4 tx/s    3.0 Mgas/s      0+  184 Qed Ancient:#12118719 LI:#12399666   25/25 peers    974 KiB chain   42 MiB queue  RPC:  0 conn,    0 req/s,    0 µs
2021-05-09 10:41:51 UTC Syncing #12399482 0x6462…27c0     0.20 blk/s   48.0 tx/s    3.0 Mgas/s      0+  183 Qed Ancient:#12118719 LI:#12399666   25/25 peers      1 MiB chain   41 MiB queue  RPC:  0 conn,    0 req/s,    0 µs
2021-05-09 10:41:56 UTC Syncing #12399483 0x051b…1c2b     0.20 blk/s   59.4 tx/s    3.0 Mgas/s      0+  182 Qed Ancient:#12118719 LI:#12399666   25/25 peers      1 MiB chain   41 MiB queue  RPC:  0 conn,    0 req/s,    0 µs
2021-05-09 10:42:01 UTC Syncing #12399483 0x051b…1c2b     0.00 blk/s    0.0 tx/s    0.0 Mgas/s      0+  182 Qed Ancient:#12118719 LI:#12399666   26/50 peers      2 MiB chain   41 MiB queue  RPC:  0 conn,    0 req/s,    0 µs
2021-05-09 10:42:06 UTC Syncing #12399484 0x02f1…949c     0.20 blk/s   42.8 tx/s    3.0 Mgas/s      0+  181 Qed Ancient:#12118719 LI:#12399666   26/50 peers      2 MiB chain   41 MiB queue  RPC:  0 conn,    0 req/s,    0 µs
2021-05-09 10:42:11 UTC Syncing #12399485 0x9824…63e4     0.20 blk/s   44.8 tx/s    2.9 Mgas/s      0+  180 Qed Ancient:#12118719 LI:#12399666   26/50 peers      2 MiB chain   41 MiB queue  RPC:  0 conn,    0 req/s,    0 µs
2021-05-09 10:42:16 UTC Syncing #12399485 0x9824…63e4     0.00 blk/s    0.0 tx/s    0.0 Mgas/s      0+  180 Qed Ancient:#12118719 LI:#12399666   26/50 peers      2 MiB chain   41 MiB queue  RPC:  0 conn,    0 req/s,    0 µs
2021-05-09 10:42:21 UTC Syncing #12399486 0x15c6…b803     0.20 blk/s   49.4 tx/s    3.0 Mgas/s      0+  179 Qed Ancient:#12118719 LI:#12399666   26/50 peers      2 MiB chain   41 MiB queue  RPC:  0 conn,    0 req/s,    0 µs
2021-05-09 10:42:26 UTC Syncing #12399486 0x15c6…b803     0.00 blk/s    0.0 tx/s    0.0 Mgas/s      0+  179 Qed Ancient:#12118719 LI:#12399666   27/50 peers      2 MiB chain   41 MiB queue  RPC:  0 conn,    0 req/s,    0 µs
2021-05-09 10:42:31 UTC Syncing #12399487 0x69b5…d08a     0.20 blk/s   36.6 tx/s    3.0 Mgas/s      0+  178 Qed Ancient:#12118719 LI:#12399666   28/50 peers      2 MiB chain   40 MiB queue  RPC:  0 conn,    0 req/s,    0 µs
2021-05-09 10:42:36 UTC Syncing #12399487 0x69b5…d08a     0.00 blk/s    0.0 tx/s    0.0 Mgas/s      0+  178 Qed Ancient:#12118719 LI:#12399666   28/50 peers      2 MiB chain   40 MiB queue  RPC:  0 conn,    0 req/s,    0 µs
2021-05-09 10:42:41 UTC Syncing #12399489 0x3447…dcf0     0.40 blk/s   58.0 tx/s    3.0 Mgas/s      0+  176 Qed Ancient:#12118719 LI:#12399666   28/50 peers      2 MiB chain   40 MiB queue  RPC:  0 conn,    0 req/s,    0 µs
2021-05-09 10:42:49 UTC Syncing #12399491 0xbe11…f304     0.26 blk/s   66.3 tx/s    3.9 Mgas/s      0+  193 Qed Ancient:#12118738 LI:#12399684   28/50 peers      2 MiB chain   44 MiB queue  RPC:  0 conn,    0 req/s,    0 µs
2021-05-09 10:42:51 UTC Syncing #12399491 0xbe11…f304     0.00 blk/s    0.0 tx/s    0.0 Mgas/s      0+  192 Qed Ancient:#12118738 LI:#12399684   28/50 peers      2 MiB chain   44 MiB queue  RPC:  0 conn,    0 req/s,    0 µs
2021-05-09 10:42:56 UTC Syncing #12399491 0xbe11…f304     0.00 blk/s    0.0 tx/s    0.0 Mgas/s      0+  193 Qed Ancient:#12118738 LI:#12399685   29/50 peers      2 MiB chain   44 MiB queue  RPC:  0 conn,    0 req/s,    0 µs
2021-05-09 10:43:01 UTC Syncing #12399492 0xbd81…20f7     0.20 blk/s   71.2 tx/s    3.0 Mgas/s      0+  193 Qed Ancient:#12118738 LI:#12399686   29/50 peers      2 MiB chain   44 MiB queue  RPC:  0 conn,    0 req/s,    0 µs
2021-05-09 10:43:06 UTC Syncing #12399492 0xbd81…20f7     0.00 blk/s    0.0 tx/s    0.0 Mgas/s      0+  193 Qed Ancient:#12118738 LI:#12399686   28/50 peers      2 MiB chain   44 MiB queue  RPC:  0 conn,    0 req/s,    0 µs
2021-05-09 10:43:11 UTC Syncing #12399493 0x9215…9cfe     0.20 blk/s   43.6 tx/s    3.0 Mgas/s      0+  193 Qed Ancient:#12118738 LI:#12399687   28/50 peers      2 MiB chain   44 MiB queue  RPC:  0 conn,    0 req/s,    0 µs
2021-05-09 10:43:16 UTC Syncing #12399493 0x9215…9cfe     0.00 blk/s    0.0 tx/s    0.0 Mgas/s      0+  193 Qed Ancient:#12118738 LI:#12399687   28/50 peers      2 MiB chain   44 MiB queue  RPC:  0 conn,    0 req/s,    0 µs
2021-05-09 10:43:21 UTC Syncing #12399494 0xcdf3…8f7f     0.20 blk/s   34.0 tx/s    3.0 Mgas/s      0+  193 Qed Ancient:#12118738 LI:#12399688   28/50 peers      2 MiB chain   44 MiB queue  RPC:  0 conn,    0 req/s,    0 µs
2021-05-09 10:43:26 UTC Syncing #12399495 0x11f3…75c8     0.20 blk/s   41.6 tx/s    3.0 Mgas/s      0+  193 Qed Ancient:#12118738 LI:#12399689   28/50 peers      3 MiB chain   44 MiB queue  RPC:  0 conn,    0 req/s,    0 µs
2021-05-09 10:43:31 UTC Syncing #12399495 0x11f3…75c8     0.00 blk/s    0.0 tx/s    0.0 Mgas/s      0+  193 Qed Ancient:#12118738 LI:#12399689   29/50 peers      3 MiB chain   44 MiB queue  RPC:  0 conn,    0 req/s,    0 µs
2021-05-09 10:43:36 UTC Syncing #12399496 0x5d50…60e4     0.20 blk/s   50.6 tx/s    3.0 Mgas/s      0+  193 Qed Ancient:#12118738 LI:#12399690   29/50 peers      3 MiB chain   44 MiB queue  RPC:  0 conn,    0 req/s,    0 µs
2021-05-09 10:43:41 UTC Syncing #12399497 0x2220…bab8     0.20 blk/s   53.6 tx/s    3.0 Mgas/s      0+  193 Qed Ancient:#12118738 LI:#12399691   29/50 peers      3 MiB chain   44 MiB queue  RPC:  0 conn,    0 req/s,    0 µs
2021-05-09 10:43:46 UTC Syncing #12399497 0x2220…bab8     0.00 blk/s    0.0 tx/s    0.0 Mgas/s      0+  193 Qed Ancient:#12118738 LI:#12399691   29/50 peers      3 MiB chain   44 MiB queue  RPC:  0 conn,    0 req/s,    0 µs
2021-05-09 10:43:51 UTC Syncing #12399498 0xc26a…2fed     0.20 blk/s   53.2 tx/s    3.0 Mgas/s      1+  194 Qed Ancient:#12118738 LI:#12399694   29/50 peers      3 MiB chain   44 MiB queue  RPC:  0 conn,    0 req/s,    0 µs
2021-05-09 10:43:56 UTC Syncing #12399499 0x61ff…0a12     0.20 blk/s   77.0 tx/s    3.0 Mgas/s      0+  194 Qed Ancient:#12118738 LI:#12399694   29/50 peers      3 MiB chain   44 MiB queue  RPC:  0 conn,    0 req/s,    0 µs
2021-05-09 10:44:01 UTC Syncing #12399499 0x61ff…0a12     0.00 blk/s    0.0 tx/s    0.0 Mgas/s      0+  195 Qed Ancient:#12118738 LI:#12399695   29/50 peers      3 MiB chain   44 MiB queue  RPC:  0 conn,    0 req/s,    0 µs
2021-05-09 10:44:06 UTC Syncing #12399500 0xae58…22f3     0.20 blk/s   59.8 tx/s    3.0 Mgas/s      0+  194 Qed Ancient:#12118738 LI:#12399695   29/50 peers      3 MiB chain   44 MiB queue  RPC:  0 conn,    0 req/s,    0 µs
2021-05-09 10:44:11 UTC Syncing #12399501 0xf043…324f     0.20 blk/s   87.2 tx/s    3.0 Mgas/s      0+  194 Qed Ancient:#12118738 LI:#12399696   29/50 peers      3 MiB chain   44 MiB queue  RPC:  0 conn,    0 req/s,    0 µs
2021-05-09 10:44:16 UTC Syncing #12399501 0xf043…324f     0.00 blk/s    0.0 tx/s    0.0 Mgas/s      0+  194 Qed Ancient:#12118738 LI:#12399696   29/50 peers      3 MiB chain   44 MiB queue  RPC:  0 conn,    0 req/s,    0 µs
2021-05-09 10:44:21 UTC Syncing #12399502 0x0e4d…6d5f     0.20 blk/s   50.2 tx/s    3.0 Mgas/s      0+  193 Qed Ancient:#12118738 LI:#12399696   29/50 peers      3 MiB chain   44 MiB queue  RPC:  0 conn,    0 req/s,    0 µs
2021-05-09 10:44:26 UTC Syncing #12399502 0x0e4d…6d5f     0.00 blk/s    0.0 tx/s    0.0 Mgas/s      0+  194 Qed Ancient:#12118738 LI:#12399697   29/50 peers      3 MiB chain   44 MiB queue  RPC:  0 conn,    0 req/s,    0 µs
2021-05-09 10:44:31 UTC Syncing #12399503 0xd3e9…38ce     0.20 blk/s   32.4 tx/s    3.0 Mgas/s      0+  193 Qed Ancient:#12118738 LI:#12399697   29/50 peers      3 MiB chain   44 MiB queue  RPC:  0 conn,    0 req/s,    0 µs
2021-05-09 10:44:36 UTC Syncing #12399503 0xd3e9…38ce     0.00 blk/s    0.0 tx/s    0.0 Mgas/s      0+  194 Qed Ancient:#12118738 LI:#12399698   29/50 peers      3 MiB chain   44 MiB queue  RPC:  0 conn,    0 req/s,    0 µs