2021-07-28 13:36:05 UTC Syncing #12914722 0x0ea3…e685     0.00 blk/s    0.0 tx/s    0.0 Mgas/s      0+    7 Qed Ancient:#7025936 LI:#12914729   13/25 peers      2 MiB chain    2 MiB queue  RPC:  0 conn,    0 req/s,    0 µs
2021-07-28 13:36:10 UTC Syncing #12914722 0x0ea3…e685     0.00 blk/s    0.0 tx/s    0.0 Mgas/s      0+    7 Qed Ancient:#7025936 LI:#12914729   16/25 peers      2 MiB chain    2 MiB queue  RPC:  0 conn,    0 req/s,    0 µs
2021-07-28 13:36:15 UTC Syncing #12914723 0xb564…e953     0.20 blk/s   35.6 tx/s    3.0 Mgas/s      0+    6 Qed Ancient:#7025937 LI:#12914729   12/25 peers      2 MiB chain    1 MiB queue  RPC:  0 conn,    0 req/s,    0 µs
2021-07-28 13:36:20 UTC Syncing #12914723 0xb564…e953     0.00 blk/s    0.0 tx/s    0.0 Mgas/s      0+    6 Qed Ancient:#7025937 LI:#12914729   14/25 peers      2 MiB chain    1 MiB queue  RPC:  0 conn,    0 req/s,    0 µs
2021-07-28 13:36:25 UTC Syncing #12914724 0x959a…a4a7     0.20 blk/s   41.0 tx/s    3.0 Mgas/s      0+    6 Qed Ancient:#7025938 LI:#12914730   15/25 peers      3 MiB chain    1 MiB queue  RPC:  0 conn,    0 req/s,    0 µs
2021-07-28 13:36:30 UTC Syncing #12914724 0x959a…a4a7     0.00 blk/s    0.0 tx/s    0.0 Mgas/s      0+    7 Qed Ancient:#7025938 LI:#12914731   14/25 peers      3 MiB chain    2 MiB queue  RPC:  0 conn,    0 req/s,    0 µs
2021-07-28 13:36:35 UTC Syncing #12914725 0x09ff…be6b     0.20 blk/s   74.4 tx/s    3.0 Mgas/s      0+    7 Qed Ancient:#7025939 LI:#12914732   18/25 peers      3 MiB chain    1 MiB queue  RPC:  0 conn,    0 req/s,    0 µs
2021-07-28 13:36:40 UTC Syncing #12914725 0x09ff…be6b     0.20 blk/s   71.2 tx/s    3.0 Mgas/s      0+    6 Qed Ancient:#7025940 LI:#12914732   18/25 peers      4 MiB chain    1 MiB queue  RPC:  0 conn,    0 req/s,    0 µs
2021-07-28 13:36:45 UTC Syncing #12914725 0x09ff…be6b     0.00 blk/s    0.0 tx/s    0.0 Mgas/s      0+    6 Qed Ancient:#7025940 LI:#12914732   15/25 peers      4 MiB chain    1 MiB queue  RPC:  0 conn,    0 req/s,    0 µs
2021-07-28 13:36:46 UTC Reorg to #12914726 0xf44c…19e9 (0x09ff…be6b #12914724 0x959a…a4a7 0xeaa5…aa19)
2021-07-28 13:36:50 UTC Syncing #12914726 0xf44c…19e9     0.20 blk/s   43.4 tx/s    3.0 Mgas/s      0+    5 Qed Ancient:#7025942 LI:#12914732   18/25 peers      4 MiB chain 1016 KiB queue  RPC:  0 conn,    0 req/s,    0 µs
2021-07-28 13:36:55 UTC Syncing #12914726 0xf44c…19e9     0.00 blk/s    0.0 tx/s    0.0 Mgas/s      0+    5 Qed Ancient:#7025942 LI:#12914732   18/25 peers      4 MiB chain 1016 KiB queue  RPC:  0 conn,    0 req/s,    0 µs
2021-07-28 13:37:00 UTC Syncing #12914727 0xac57…e1dc     0.20 blk/s   35.6 tx/s    3.0 Mgas/s      0+    5 Qed Ancient:#7025943 LI:#12914733   19/25 peers      4 MiB chain    1 MiB queue  RPC:  0 conn,    0 req/s,    0 µs
2021-07-28 13:37:05 UTC Syncing #12914728 0xe657…5206     0.20 blk/s   26.4 tx/s    3.0 Mgas/s      0+    5 Qed Ancient:#7025944 LI:#12914734   15/25 peers      4 MiB chain    1 MiB queue  RPC:  0 conn,    0 req/s,    0 µs
2021-07-28 13:37:10 UTC Syncing #12914728 0xe657…5206     0.00 blk/s    0.0 tx/s    0.0 Mgas/s      0+    5 Qed Ancient:#7025944 LI:#12914734   14/25 peers      4 MiB chain    1 MiB queue  RPC:  0 conn,    0 req/s,    0 µs
2021-07-28 13:37:15 UTC Syncing #12914729 0xd8d3…a7e9     0.20 blk/s   37.6 tx/s    3.0 Mgas/s      0+    4 Qed Ancient:#7025946 LI:#12914734   14/25 peers      5 MiB chain  934 KiB queue  RPC:  0 conn,    0 req/s,    0 µs
2021-07-28 13:37:20 UTC Syncing #12914729 0xd8d3…a7e9     0.00 blk/s    0.0 tx/s    0.0 Mgas/s      0+    4 Qed Ancient:#7025946 LI:#12914734   15/25 peers      5 MiB chain  934 KiB queue  RPC:  0 conn,    0 req/s,    0 µs
2021-07-28 13:37:35 UTC Syncing #12914730 0x02c9…26d9     0.07 blk/s   15.9 tx/s    1.0 Mgas/s      0+    4 Qed Ancient:#7025947 LI:#12914735   12/25 peers      5 MiB chain  987 KiB queue  RPC:  0 conn,    0 req/s,    0 µs
2021-07-28 13:38:05 UTC  Ancient:#7025955 AB:#7029244   13/25 peers      7 MiB chain  502 KiB queue  RPC:  0 conn,    0 req/s,    0 µs
2021-07-28 13:38:15 UTC Syncing #12914733 0x4f3a…d3a1     0.00 blk/s    0.0 tx/s    0.0 Mgas/s      0+    4 Qed Ancient:#7025955 LI:#12914738   17/25 peers      3 MiB chain  892 KiB queue  RPC:  0 conn,    0 req/s,    0 µs
2021-07-28 13:38:20 UTC Syncing #12914733 0x4f3a…d3a1     0.00 blk/s    0.0 tx/s    0.0 Mgas/s      0+    4 Qed Ancient:#7025955 LI:#12914738   19/25 peers      3 MiB chain  892 KiB queue  RPC:  0 conn,    0 req/s,    0 µs
2021-07-28 13:38:50 UTC  Ancient:#7025961 AB:#7029244   15/25 peers      3 MiB chain  496 KiB queue  RPC:  0 conn,    0 req/s,    0 µs
2021-07-28 13:39:07 UTC Imported #12914741 0x3b95…8399 (231 txs, 14.99 Mgas, 8349 ms, 55.79 KiB)
2021-07-28 13:39:20 UTC Syncing #12914741 0x3b95…8399     0.10 blk/s   30.3 tx/s    1.5 Mgas/s      0+    0 Qed Ancient:#7028990 LI:#12914741   11/25 peers   432 bytes chain  0 bytes queue  RPC:  0 conn,    0 req/s,    0 µs
2021-07-28 13:39:40 UTC Imported #12914742 0xcb3a…cb04 (219 txs, 14.98 Mgas, 17817 ms, 61.96 KiB)
2021-07-28 13:40:30 UTC  Ancient:#7029084 AB:#7030449   13/25 peers      2 MiB chain  191 KiB queue  RPC:  0 conn,    0 req/s,    0 µs
2021-07-28 13:40:30 UTC  Ancient:#7029084 AB:#7030449   13/25 peers      2 MiB chain  191 KiB queue  RPC:  0 conn,    0 req/s,    0 µs
2021-07-28 13:40:30 UTC  Ancient:#7029084 AB:#7030449   13/25 peers      2 MiB chain  191 KiB queue  RPC:  0 conn,    0 req/s,    0 µs
2021-07-28 13:41:06 UTC  Ancient:#7029085 AB:#7030449    7/25 peers      2 MiB chain  0 bytes queue  RPC:  0 conn,    0 req/s,    0 µs
2021-07-28 13:41:20 UTC Syncing #12914744 0xb994…a2c1     0.07 blk/s   12.7 tx/s    1.0 Mgas/s      0+    7 Qed Ancient:#7029086 LI:#12914752    8/25 peers      2 MiB chain    2 MiB queue  RPC:  0 conn,    0 req/s,    0 µs
2021-07-28 13:41:25 UTC Syncing #12914744 0xb994…a2c1     0.00 blk/s    0.0 tx/s    0.0 Mgas/s      0+    7 Qed Ancient:#7029086 LI:#12914752    8/25 peers      2 MiB chain    2 MiB queue  RPC:  0 conn,    0 req/s,    0 µs
2021-07-28 13:41:30 UTC Syncing #12914744 0xb994…a2c1     0.00 blk/s    0.0 tx/s    0.0 Mgas/s      0+    7 Qed Ancient:#7029086 LI:#12914752    9/25 peers      2 MiB chain    2 MiB queue  RPC:  0 conn,    0 req/s,    0 µs
2021-07-28 13:41:35 UTC Syncing #12914744 0xb994…a2c1     0.00 blk/s    0.0 tx/s    0.0 Mgas/s      0+    7 Qed Ancient:#7029086 LI:#12914752   10/25 peers      2 MiB chain    2 MiB queue  RPC:  0 conn,    0 req/s,    0 µs
2021-07-28 13:41:40 UTC Syncing #12914744 0xb994…a2c1     0.00 blk/s    0.0 tx/s    0.0 Mgas/s      0+    8 Qed Ancient:#7029086 LI:#12914753   12/25 peers      2 MiB chain    2 MiB queue  RPC:  0 conn,    0 req/s,    0 µs
2021-07-28 13:41:46 UTC Syncing #12914744 0xb994…a2c1     0.00 blk/s    0.0 tx/s    0.0 Mgas/s      0+    8 Qed Ancient:#7029086 LI:#12914753   11/25 peers      2 MiB chain    2 MiB queue  RPC:  0 conn,    0 req/s,    0 µs