2021-09-22 03:23:50 UTC Syncing #13273124 0x3c3a…ef49     0.00 blk/s    0.0 tx/s    0.0 Mgas/s      0+    6 Qed Ancient:#5681394 LI:#13273131   11/25 peers      5 MiB chain    1 MiB queue  RPC:  0 conn,    0 req/s,    0 µs
2021-09-22 03:24:04 UTC Syncing #13273125 0x3ce6…4ee7     0.10 blk/s   33.3 tx/s    3.0 Mgas/s      0+    5 Qed Ancient:#5681395 LI:#13273131   13/25 peers      5 MiB chain    1 MiB queue  RPC:  0 conn,    0 req/s,    0 µs
2021-09-22 03:24:04 UTC Syncing #13273124 0x3c3a…ef49     0.00 blk/s    0.0 tx/s    0.0 Mgas/s      0+    6 Qed Ancient:#5681394 LI:#13273131   13/25 peers      5 MiB chain    1 MiB queue  RPC:  0 conn,    0 req/s,    0 µs
2021-09-22 03:24:05 UTC Syncing #13273125 0x3ce6…4ee7     0.20 blk/s   66.6 tx/s    6.0 Mgas/s      0+    5 Qed Ancient:#5681395 LI:#13273131   10/25 peers      5 MiB chain    1 MiB queue  RPC:  0 conn,    0 req/s,    0 µs
2021-09-22 03:24:10 UTC Syncing #13273125 0x3ce6…4ee7     0.00 blk/s    0.0 tx/s    0.0 Mgas/s      0+    6 Qed Ancient:#5681395 LI:#13273132   11/25 peers      5 MiB chain    2 MiB queue  RPC:  0 conn,    0 req/s,    0 µs
2021-09-22 03:24:15 UTC Syncing #13273126 0xad32…89f8     0.20 blk/s   19.4 tx/s    2.1 Mgas/s      0+    6 Qed Ancient:#5681397 LI:#13273133   12/25 peers      5 MiB chain    2 MiB queue  RPC:  0 conn,    0 req/s,    0 µs
2021-09-22 03:24:20 UTC Syncing #13273126 0xad32…89f8     0.00 blk/s    0.0 tx/s    0.0 Mgas/s      0+    6 Qed Ancient:#5681397 LI:#13273133   13/25 peers      5 MiB chain    2 MiB queue  RPC:  0 conn,    0 req/s,    0 µs
2021-09-22 03:24:25 UTC Syncing #13273126 0xad32…89f8     0.00 blk/s    0.0 tx/s    0.0 Mgas/s      0+    7 Qed Ancient:#5681397 LI:#13273134   11/25 peers      5 MiB chain    2 MiB queue  RPC:  0 conn,    0 req/s,    0 µs
2021-09-22 03:24:30 UTC Syncing #13273126 0xad32…89f8     0.00 blk/s    0.0 tx/s    0.0 Mgas/s      0+    8 Qed Ancient:#5681397 LI:#13273135   13/25 peers      5 MiB chain    2 MiB queue  RPC:  0 conn,    0 req/s,    0 µs
2021-09-22 03:24:37 UTC Syncing #13273127 0xf198…03d6     0.14 blk/s    9.9 tx/s    1.0 Mgas/s      0+    7 Qed Ancient:#5681398 LI:#13273135   14/25 peers      5 MiB chain    2 MiB queue  RPC:  0 conn,    0 req/s,    0 µs
2021-09-22 03:24:55 UTC Syncing #13273127 0xf198…03d6     0.00 blk/s    0.0 tx/s    0.0 Mgas/s      0+    7 Qed Ancient:#5681398 LI:#13273135   14/25 peers      5 MiB chain    2 MiB queue  RPC:  0 conn,    0 req/s,    0 µs
2021-09-22 03:24:55 UTC Syncing #13273127 0xf198…03d6     0.00 blk/s    0.0 tx/s    0.0 Mgas/s      0+    7 Qed Ancient:#5681398 LI:#13273135   14/25 peers      5 MiB chain    2 MiB queue  RPC:  0 conn,    0 req/s,    0 µs
2021-09-22 03:24:55 UTC Syncing #13273127 0xf198…03d6     0.00 blk/s    0.0 tx/s    0.0 Mgas/s      0+    7 Qed Ancient:#5681398 LI:#13273135   14/25 peers      5 MiB chain    2 MiB queue  RPC:  0 conn,    0 req/s,    0 µs
2021-09-22 03:25:00 UTC Syncing #13273127 0xf198…03d6     0.00 blk/s    0.0 tx/s    0.0 Mgas/s      0+    8 Qed Ancient:#5681398 LI:#13273136   13/25 peers      5 MiB chain    2 MiB queue  RPC:  0 conn,    0 req/s,    0 µs
2021-09-22 03:25:05 UTC Syncing #13273127 0xf198…03d6     0.00 blk/s    0.0 tx/s    0.0 Mgas/s      0+    9 Qed Ancient:#5681398 LI:#13273137   11/25 peers      5 MiB chain    2 MiB queue  RPC:  0 conn,    0 req/s,    0 µs
2021-09-22 03:25:12 UTC Syncing #13273128 0xb805…04d9     0.20 blk/s   25.0 tx/s    2.9 Mgas/s      0+    8 Qed Ancient:#5681399 LI:#13273137   11/25 peers      5 MiB chain    2 MiB queue  RPC:  0 conn,    0 req/s,    0 µs
2021-09-22 03:25:15 UTC Syncing #13273128 0xb805…04d9     0.00 blk/s    0.0 tx/s    0.0 Mgas/s      0+    9 Qed Ancient:#5681399 LI:#13273138   11/25 peers      5 MiB chain    2 MiB queue  RPC:  0 conn,    0 req/s,    0 µs
2021-09-22 03:25:23 UTC Syncing #13273128 0xb805…04d9     0.00 blk/s    0.0 tx/s    0.0 Mgas/s      0+    9 Qed Ancient:#5681399 LI:#13273138   12/25 peers      5 MiB chain    2 MiB queue  RPC:  0 conn,    0 req/s,    0 µs
2021-09-22 03:25:25 UTC Syncing #13273128 0xb805…04d9     0.00 blk/s    0.0 tx/s    0.0 Mgas/s      0+   10 Qed Ancient:#5681399 LI:#13273139   12/25 peers      5 MiB chain    3 MiB queue  RPC:  0 conn,    0 req/s,    0 µs
2021-09-22 03:25:31 UTC Syncing #13273129 0x4584…2af2     0.20 blk/s   33.2 tx/s    1.7 Mgas/s      0+    9 Qed Ancient:#5681400 LI:#13273139   12/25 peers      5 MiB chain    3 MiB queue  RPC:  0 conn,    0 req/s,    0 µs
2021-09-22 03:25:35 UTC Syncing #13273129 0x4584…2af2     0.00 blk/s    0.0 tx/s    0.0 Mgas/s      0+   11 Qed Ancient:#5681400 LI:#13273141   13/25 peers      5 MiB chain    3 MiB queue  RPC:  0 conn,    0 req/s,    0 µs
2021-09-22 03:25:40 UTC Syncing #13273129 0x4584…2af2     0.00 blk/s    0.0 tx/s    0.0 Mgas/s      0+   12 Qed Ancient:#5681400 LI:#13273142   14/25 peers      5 MiB chain    4 MiB queue  RPC:  0 conn,    0 req/s,    0 µs
2021-09-22 03:25:45 UTC Syncing #13273129 0x4584…2af2     0.00 blk/s    0.0 tx/s    0.0 Mgas/s      0+   12 Qed Ancient:#5681400 LI:#13273142   15/25 peers      5 MiB chain    4 MiB queue  RPC:  0 conn,    0 req/s,    0 µs
2021-09-22 03:25:59 UTC Syncing #13273130 0xa139…33a5     0.10 blk/s   12.7 tx/s    1.2 Mgas/s      0+   11 Qed Ancient:#5681401 LI:#13273142   16/25 peers      5 MiB chain    3 MiB queue  RPC:  0 conn,    0 req/s,    0 µs
2021-09-22 03:25:59 UTC Syncing #13273129 0x4584…2af2     0.00 blk/s    0.0 tx/s    0.0 Mgas/s      0+   12 Qed Ancient:#5681400 LI:#13273142   16/25 peers      5 MiB chain    4 MiB queue  RPC:  0 conn,    0 req/s,    0 µs
2021-09-22 03:25:59 UTC accept error: Inappropriate ioctl for device (os error 25)
2021-09-22 03:26:05 UTC Syncing #13273130 0xa139…33a5     0.20 blk/s   25.4 tx/s    2.5 Mgas/s      0+   11 Qed Ancient:#5681401 LI:#13273142   15/25 peers      5 MiB chain    3 MiB queue  RPC:  0 conn,    0 req/s,    0 µs
2021-09-22 03:26:05 UTC Syncing #13273130 0xa139…33a5     0.00 blk/s    0.0 tx/s    0.0 Mgas/s      0+   11 Qed Ancient:#5681401 LI:#13273142   14/25 peers      5 MiB chain    3 MiB queue  RPC:  0 conn,    0 req/s,    0 µs
2021-09-22 03:26:20 UTC Syncing #13273130 0xa139…33a5     0.00 blk/s    0.0 tx/s    0.0 Mgas/s      0+   12 Qed Ancient:#5681401 LI:#13273143   14/25 peers      5 MiB chain    3 MiB queue  RPC:  0 conn,    0 req/s,    0 µs
2021-09-22 03:26:20 UTC Syncing #13273130 0xa139…33a5     0.00 blk/s    0.0 tx/s    0.0 Mgas/s      0+   12 Qed Ancient:#5681401 LI:#13273143   14/25 peers      5 MiB chain    3 MiB queue  RPC:  0 conn,    0 req/s,    0 µs
2021-09-22 03:26:27 UTC Syncing #13273131 0x34d4…450e     0.19 blk/s   67.1 tx/s    5.8 Mgas/s      0+   11 Qed Ancient:#5681402 LI:#13273143   14/25 peers      5 MiB chain    3 MiB queue  RPC:  0 conn,    0 req/s,    0 µs
2021-09-22 03:26:34 UTC Syncing #13273131 0x34d4…450e     0.00 blk/s    0.0 tx/s    0.0 Mgas/s      0+   11 Qed Ancient:#5681402 LI:#13273143   14/25 peers      5 MiB chain    3 MiB queue  RPC:  0 conn,    0 req/s,    0 µs
2021-09-22 03:26:35 UTC Syncing #13273131 0x34d4…450e     0.00 blk/s    0.0 tx/s    0.0 Mgas/s      0+   15 Qed Ancient:#5681402 LI:#13273147   14/25 peers      5 MiB chain    4 MiB queue  RPC:  0 conn,    0 req/s,    0 µs
2021-09-22 03:26:40 UTC Syncing #13273131 0x34d4…450e     0.00 blk/s    0.0 tx/s    0.0 Mgas/s      0+   15 Qed Ancient:#5681402 LI:#13273147   14/25 peers      5 MiB chain    4 MiB queue  RPC:  0 conn,    0 req/s,    0 µs
2021-09-22 03:26:52 UTC Syncing #13273131 0x34d4…450e     0.00 blk/s    0.0 tx/s    0.0 Mgas/s      0+   15 Qed Ancient:#5681402 LI:#13273147   14/25 peers      5 MiB chain    4 MiB queue  RPC:  0 conn,    0 req/s,    0 µs
2021-09-22 03:26:52 UTC Syncing #13273131 0x34d4…450e     0.00 blk/s    0.0 tx/s    0.0 Mgas/s      0+   15 Qed Ancient:#5681402 LI:#13273147   14/25 peers      5 MiB chain    4 MiB queue  RPC:  0 conn,    0 req/s,    0 µs
2021-09-22 03:27:04 UTC Syncing #13273132 0xf36d…b0bd     0.20 blk/s   58.6 tx/s    6.0 Mgas/s      0+   14 Qed Ancient:#5681403 LI:#13273147   14/25 peers      5 MiB chain    4 MiB queue  RPC:  0 conn,    0 req/s,    0 µs
2021-09-22 03:27:04 UTC Syncing #13273133 0x64d4…59f2     0.20 blk/s   36.8 tx/s    3.8 Mgas/s      0+   13 Qed Ancient:#5681404 LI:#13273147   14/25 peers      5 MiB chain    3 MiB queue  RPC:  0 conn,    0 req/s,    0 µs
2021-09-22 03:27:11 UTC Syncing #13273133 0x64d4…59f2     0.00 blk/s    0.0 tx/s    0.0 Mgas/s      0+   13 Qed Ancient:#5681404 LI:#13273147   14/25 peers      5 MiB chain    3 MiB queue  RPC:  0 conn,    0 req/s,    0 µs
2021-09-22 03:27:11 UTC Syncing #13273133 0x64d4…59f2     0.00 blk/s    0.0 tx/s    0.0 Mgas/s      0+   13 Qed Ancient:#5681404 LI:#13273147   14/25 peers      5 MiB chain    3 MiB queue  RPC:  0 conn,    0 req/s,    0 µs
2021-09-22 03:27:18 UTC Syncing #13273134 0x24a3…0854     0.20 blk/s   31.0 tx/s    3.0 Mgas/s      0+   13 Qed Ancient:#5681405 LI:#13273148   14/25 peers      5 MiB chain    4 MiB queue  RPC:  0 conn,    0 req/s,    0 µs
2021-09-22 03:27:24 UTC Syncing #13273135 0x76bf…449e     0.20 blk/s   11.8 tx/s    1.0 Mgas/s      0+   12 Qed Ancient:#5681406 LI:#13273149   14/25 peers      5 MiB chain    3 MiB queue  RPC:  0 conn,    0 req/s,    0 µs
2021-09-22 03:27:25 UTC Syncing #13273135 0x76bf…449e     0.00 blk/s    0.0 tx/s    0.0 Mgas/s      0+   13 Qed Ancient:#5681406 LI:#13273149   14/25 peers      5 MiB chain    4 MiB queue  RPC:  0 conn,    0 req/s,    0 µs
2021-09-22 03:27:35 UTC Syncing #13273136 0x5859…abb6     0.20 blk/s   46.4 tx/s    4.1 Mgas/s      0+   12 Qed Ancient:#5681407 LI:#13273149   14/25 peers      5 MiB chain    4 MiB queue  RPC:  0 conn,    0 req/s,    0 µs
2021-09-22 03:27:35 UTC Syncing #13273136 0x5859…abb6     0.00 blk/s    0.0 tx/s    0.0 Mgas/s      0+   12 Qed Ancient:#5681407 LI:#13273149   14/25 peers      5 MiB chain    4 MiB queue  RPC:  0 conn,    0 req/s,    0 µs
2021-09-22 03:27:40 UTC Syncing #13273136 0x5859…abb6     0.00 blk/s    0.0 tx/s    0.0 Mgas/s      0+   12 Qed Ancient:#5681407 LI:#13273149   14/25 peers      5 MiB chain    4 MiB queue  RPC:  0 conn,    0 req/s,    0 µs
2021-09-22 03:27:48 UTC Syncing #13273137 0xf396…aefe     0.20 blk/s   33.4 tx/s    3.2 Mgas/s      0+   11 Qed Ancient:#5681408 LI:#13273149   16/25 peers      5 MiB chain    4 MiB queue  RPC:  0 conn,    0 req/s,    0 µs
2021-09-22 03:27:57 UTC Syncing #13273138 0x0c04…d671     0.20 blk/s    7.6 tx/s    0.6 Mgas/s      0+   11 Qed Ancient:#5681409 LI:#13273150   14/25 peers      5 MiB chain    4 MiB queue  RPC:  0 conn,    0 req/s,    0 µs
2021-09-22 03:27:57 UTC Syncing #13273139 0xab08…9f8f     0.14 blk/s   11.6 tx/s    1.6 Mgas/s      0+   10 Qed Ancient:#5681410 LI:#13273150   14/25 peers      5 MiB chain    3 MiB queue  RPC:  0 conn,    0 req/s,    0 µs
2021-09-22 03:28:05 UTC Syncing #13273139 0xab08…9f8f     0.00 blk/s    0.0 tx/s    0.0 Mgas/s      0+   12 Qed Ancient:#5681410 LI:#13273151   14/25 peers      5 MiB chain    4 MiB queue  RPC:  0 conn,    0 req/s,    0 µs
2021-09-22 03:28:05 UTC Syncing #13273139 0xab08…9f8f     0.00 blk/s    0.0 tx/s    0.0 Mgas/s      0+   12 Qed Ancient:#5681410 LI:#13273151   14/25 peers      5 MiB chain    4 MiB queue  RPC:  0 conn,    0 req/s,    0 µs
2021-09-22 03:28:10 UTC Syncing #13273139 0xab08…9f8f     0.00 blk/s    0.0 tx/s    0.0 Mgas/s      0+   15 Qed Ancient:#5681410 LI:#13273153   14/25 peers      5 MiB chain    4 MiB queue  RPC:  0 conn,    0 req/s,    0 µs
2021-09-22 03:28:15 UTC Syncing #13273139 0xab08…9f8f     0.00 blk/s    0.0 tx/s    0.0 Mgas/s      0+   16 Qed Ancient:#5681410 LI:#13273154   13/25 peers      5 MiB chain    4 MiB queue  RPC:  0 conn,    0 req/s,    0 µs
2021-09-22 03:28:34 UTC Syncing #13273141 0x9429…f316     0.12 blk/s   21.6 tx/s    2.2 Mgas/s      0+   15 Qed Ancient:#5681435 LI:#13273154   13/25 peers      5 MiB chain    4 MiB queue  RPC:  0 conn,    0 req/s,    0 µs
2021-09-22 03:28:34 UTC Syncing #13273139 0xab08…9f8f     0.00 blk/s    0.0 tx/s    0.0 Mgas/s      0+   16 Qed Ancient:#5681410 LI:#13273154   13/25 peers      5 MiB chain    4 MiB queue  RPC:  0 conn,    0 req/s,    0 µs
2021-09-22 03:28:34 UTC Syncing #13273141 0x9429…f316     0.20 blk/s   37.1 tx/s    3.8 Mgas/s      0+   15 Qed Ancient:#5681435 LI:#13273154   13/25 peers      5 MiB chain    4 MiB queue  RPC:  0 conn,    0 req/s,    0 µs
2021-09-22 03:28:45 UTC Syncing #13273141 0x9429…f316     0.00 blk/s    0.0 tx/s    0.0 Mgas/s      0+   14 Qed Ancient:#5681436 LI:#13273154   14/25 peers      5 MiB chain    4 MiB queue  RPC:  0 conn,    0 req/s,    0 µs
2021-09-22 03:28:45 UTC Syncing #13273141 0x9429…f316     0.00 blk/s    0.0 tx/s    0.0 Mgas/s      0+   14 Qed Ancient:#5681436 LI:#13273154   14/25 peers      5 MiB chain    4 MiB queue  RPC:  0 conn,    0 req/s,    0 µs
2021-09-22 03:28:45 UTC Syncing #13273141 0x9429…f316     0.00 blk/s    0.0 tx/s    0.0 Mgas/s      0+   16 Qed Ancient:#5681436 LI:#13273156   13/25 peers      5 MiB chain    4 MiB queue  RPC:  0 conn,    0 req/s,    0 µs
2021-09-22 03:28:52 UTC Syncing #13273142 0x71a7…1a32     0.20 blk/s   20.2 tx/s    2.1 Mgas/s      0+   15 Qed Ancient:#5681437 LI:#13273156   13/25 peers      5 MiB chain    4 MiB queue  RPC:  0 conn,    0 req/s,    0 µs
2021-09-22 03:29:00 UTC Syncing #13273142 0x71a7…1a32     0.00 blk/s    0.0 tx/s    0.0 Mgas/s      0+   15 Qed Ancient:#5681437 LI:#13273156   13/25 peers      5 MiB chain    4 MiB queue  RPC:  0 conn,    0 req/s,    0 µs
2021-09-22 03:29:00 UTC Syncing #13273142 0x71a7…1a32     0.00 blk/s    0.0 tx/s    0.0 Mgas/s      0+   15 Qed Ancient:#5681437 LI:#13273156   13/25 peers      5 MiB chain    4 MiB queue  RPC:  0 conn,    0 req/s,    0 µs
2021-09-22 03:29:05 UTC Syncing #13273142 0x71a7…1a32     0.00 blk/s    0.0 tx/s    0.0 Mgas/s      0+   15 Qed Ancient:#5681437 LI:#13273156   13/25 peers      5 MiB chain    4 MiB queue  RPC:  0 conn,    0 req/s,    0 µs
2021-09-22 03:29:10 UTC Syncing #13273142 0x71a7…1a32     0.00 blk/s    0.0 tx/s    0.0 Mgas/s      0+   15 Qed Ancient:#5681437 LI:#13273156   13/25 peers      5 MiB chain    4 MiB queue  RPC:  0 conn,    0 req/s,    0 µs
2021-09-22 03:29:15 UTC Syncing #13273142 0x71a7…1a32     0.00 blk/s    0.0 tx/s    0.0 Mgas/s      0+   15 Qed Ancient:#5681437 LI:#13273156   14/25 peers      5 MiB chain    4 MiB queue  RPC:  0 conn,    0 req/s,    0 µs
2021-09-22 03:29:20 UTC Syncing #13273142 0x71a7…1a32     0.00 blk/s    0.0 tx/s    0.0 Mgas/s      0+   15 Qed Ancient:#5681437 LI:#13273156   16/25 peers      5 MiB chain    4 MiB queue  RPC:  0 conn,    0 req/s,    0 µs
2021-09-22 03:29:26 UTC Syncing #13273143 0x71b3…760e     0.20 blk/s   65.6 tx/s    5.9 Mgas/s      0+   14 Qed Ancient:#5681438 LI:#13273156   16/25 peers      5 MiB chain    4 MiB queue  RPC:  0 conn,    0 req/s,    0 µs
2021-09-22 03:29:30 UTC Syncing #13273143 0x71b3…760e     0.00 blk/s    0.0 tx/s    0.0 Mgas/s      0+   15 Qed Ancient:#5681438 LI:#13273157   16/25 peers      5 MiB chain    4 MiB queue  RPC:  0 conn,    0 req/s,    0 µs
2021-09-22 03:29:35 UTC Syncing #13273143 0x71b3…760e     0.00 blk/s    0.0 tx/s    0.0 Mgas/s      0+   16 Qed Ancient:#5681438 LI:#13273158   18/25 peers      5 MiB chain    5 MiB queue  RPC:  0 conn,    0 req/s,    0 µs
2021-09-22 03:29:43 UTC Syncing #13273144 0xccb6…2894     0.20 blk/s   36.6 tx/s    4.1 Mgas/s      0+   15 Qed Ancient:#5681439 LI:#13273158   17/25 peers      5 MiB chain    4 MiB queue  RPC:  0 conn,    0 req/s,    0 µs