2021-09-22 03:17:20 UTC  Ancient:#5667791 AB:#5671263   21/25 peers    754 KiB chain    1 KiB queue  RPC:  0 conn,    0 req/s,    0 µs
2021-09-22 03:17:29 UTC Imported #13273105 0x26d2…2a50 (0 txs, 0.00 Mgas, 13 ms, 0.54 KiB)
2021-09-22 03:17:50 UTC  Ancient:#5668611 AB:#5671950   18/25 peers      5 MiB chain  0 bytes queue  RPC:  0 conn,    0 req/s,    0 µs
2021-09-22 03:18:02 UTC Reorg to #13273107 0x0244…5d30 (0x579c…52c9 #13273105 0x26d2…2a50 0xf9d7…b940)
2021-09-22 03:18:07 UTC Imported #13273107 0x0244…5d30 (632 txs, 29.99 Mgas, 9891 ms, 180.99 KiB)
2021-09-22 03:18:28 UTC  Ancient:#5669583 AB:#5673006   21/25 peers    641 KiB chain  0 bytes queue  RPC:  0 conn,    0 req/s,    0 µs
2021-09-22 03:18:37 UTC Imported #13273108 0xc7db…8a29 (334 txs, 29.98 Mgas, 15823 ms, 163.63 KiB)
2021-09-22 03:19:03 UTC  Ancient:#5669585 AB:#5673006   19/25 peers      1 MiB chain  151 KiB queue  RPC:  0 conn,    0 req/s,    0 µs
2021-09-22 03:19:13 UTC Imported #13273110 0xfbf9…a884 (166 txs, 6.26 Mgas, 2169 ms, 28.75 KiB)
2021-09-22 03:19:35 UTC Imported #13273112 0x1e9d…42f2 (107 txs, 7.55 Mgas, 4077 ms, 49.11 KiB)
2021-09-22 03:19:42 UTC  Ancient:#5671708 AB:#5673477   23/25 peers     18 KiB chain  0 bytes queue  RPC:  0 conn,    0 req/s,    0 µs
2021-09-22 03:20:01 UTC Imported #13273113 0x1457…fed6 (264 txs, 22.53 Mgas, 11975 ms, 131.68 KiB)
2021-09-22 03:20:08 UTC Imported #13273114 0xc4e1…48fa (159 txs, 11.19 Mgas, 5510 ms, 61.00 KiB)
2021-09-22 03:20:18 UTC  Ancient:#5674059 AB:#5674415   19/25 peers      1 MiB chain  0 bytes queue  RPC:  0 conn,    0 req/s,    0 µs
2021-09-22 03:20:37 UTC Imported #13273116 0x1756…e87f (67 txs, 5.48 Mgas, 3174 ms, 33.56 KiB)
2021-09-22 03:20:47 UTC  Ancient:#5676645 AB:#5677690   17/25 peers    0 bytes chain  0 bytes queue  RPC:  0 conn,    0 req/s,    0 µs
2021-09-22 03:21:20 UTC  Ancient:#5679266 AB:#5680638   20/25 peers      1 KiB chain  316 KiB queue  RPC:  0 conn,    0 req/s,    0 µs
2021-09-22 03:21:50 UTC Imported #13273119 0x6540…4326 (140 txs, 10.20 Mgas, 9182 ms, 59.52 KiB)
2021-09-22 03:21:58 UTC Imported #13273120 0xad77…a8f7 (0 txs, 0.00 Mgas, 104 ms, 0.54 KiB)
2021-09-22 03:21:59 UTC  Ancient:#5680891 AB:#5680891   11/25 peers   760 bytes chain  0 bytes queue  RPC:  0 conn,    0 req/s,    0 µs
2021-09-22 03:21:59 UTC  Ancient:#5680891 AB:#5680891   11/25 peers    0 bytes chain  0 bytes queue  RPC:  0 conn,    0 req/s,    0 µs
2021-09-22 03:22:30 UTC  Ancient:#5681389 AB:#5682543   13/25 peers      5 MiB chain  207 KiB queue  RPC:  0 conn,    0 req/s,    0 µs
2021-09-22 03:22:40 UTC Syncing #13273121 0x94ac…e27b     0.00 blk/s    0.0 tx/s    0.0 Mgas/s      0+    4 Qed Ancient:#5681389 LI:#13273126   13/25 peers      5 MiB chain  883 KiB queue  RPC:  0 conn,    0 req/s,    0 µs
2021-09-22 03:22:45 UTC Syncing #13273121 0x94ac…e27b     0.00 blk/s    0.0 tx/s    0.0 Mgas/s      0+    5 Qed Ancient:#5681389 LI:#13273127   13/25 peers      5 MiB chain 1000 KiB queue  RPC:  0 conn,    0 req/s,    0 µs
2021-09-22 03:22:50 UTC Syncing #13273121 0x94ac…e27b     0.00 blk/s    0.0 tx/s    0.0 Mgas/s      0+    5 Qed Ancient:#5681389 LI:#13273127   11/25 peers      5 MiB chain 1000 KiB queue  RPC:  0 conn,    0 req/s,    0 µs
2021-09-22 03:22:55 UTC Syncing #13273121 0x94ac…e27b     0.00 blk/s    0.0 tx/s    0.0 Mgas/s      0+    6 Qed Ancient:#5681389 LI:#13273128   13/25 peers      5 MiB chain    1 MiB queue  RPC:  0 conn,    0 req/s,    0 µs
2021-09-22 03:23:00 UTC Syncing #13273122 0x1b43…40ca     0.20 blk/s   51.2 tx/s    5.2 Mgas/s      0+    5 Qed Ancient:#5681391 LI:#13273128   12/25 peers      5 MiB chain    1 MiB queue  RPC:  0 conn,    0 req/s,    0 µs
2021-09-22 03:23:05 UTC Syncing #13273122 0x1b43…40ca     0.00 blk/s    0.0 tx/s    0.0 Mgas/s      0+    6 Qed Ancient:#5681391 LI:#13273129   13/25 peers      5 MiB chain    1 MiB queue  RPC:  0 conn,    0 req/s,    0 µs
2021-09-22 03:23:10 UTC Syncing #13273123 0xc872…84a0     0.20 blk/s   22.6 tx/s    1.9 Mgas/s      0+    5 Qed Ancient:#5681392 LI:#13273129   13/25 peers      5 MiB chain    1 MiB queue  RPC:  0 conn,    0 req/s,    0 µs
2021-09-22 03:23:15 UTC Syncing #13273124 0x3c3a…ef49     0.20 blk/s    4.8 tx/s    0.4 Mgas/s      0+    4 Qed Ancient:#5681394 LI:#13273129   13/25 peers      5 MiB chain  678 KiB queue  RPC:  0 conn,    0 req/s,    0 µs
2021-09-22 03:23:20 UTC Syncing #13273124 0x3c3a…ef49     0.00 blk/s    0.0 tx/s    0.0 Mgas/s      0+    4 Qed Ancient:#5681394 LI:#13273129   12/25 peers      5 MiB chain  678 KiB queue  RPC:  0 conn,    0 req/s,    0 µs
2021-09-22 03:23:25 UTC Syncing #13273124 0x3c3a…ef49     0.00 blk/s    0.0 tx/s    0.0 Mgas/s      0+    4 Qed Ancient:#5681394 LI:#13273129    9/25 peers      5 MiB chain  678 KiB queue  RPC:  0 conn,    0 req/s,    0 µs
2021-09-22 03:23:30 UTC Syncing #13273124 0x3c3a…ef49     0.00 blk/s    0.0 tx/s    0.0 Mgas/s      0+    4 Qed Ancient:#5681394 LI:#13273129   14/25 peers      5 MiB chain  678 KiB queue  RPC:  0 conn,    0 req/s,    0 µs
2021-09-22 03:23:35 UTC Syncing #13273124 0x3c3a…ef49     0.00 blk/s    0.0 tx/s    0.0 Mgas/s      0+    4 Qed Ancient:#5681394 LI:#13273129   12/25 peers      5 MiB chain  678 KiB queue  RPC:  0 conn,    0 req/s,    0 µs
2021-09-22 03:23:40 UTC Syncing #13273124 0x3c3a…ef49     0.00 blk/s    0.0 tx/s    0.0 Mgas/s      0+    4 Qed Ancient:#5681394 LI:#13273129   11/25 peers      5 MiB chain  678 KiB queue  RPC:  0 conn,    0 req/s,    0 µs
2021-09-22 03:23:45 UTC Syncing #13273124 0x3c3a…ef49     0.00 blk/s    0.0 tx/s    0.0 Mgas/s      0+    6 Qed Ancient:#5681394 LI:#13273131   10/25 peers      5 MiB chain    1 MiB queue  RPC:  0 conn,    0 req/s,    0 µs
2021-09-22 03:23:50 UTC Syncing #13273124 0x3c3a…ef49     0.00 blk/s    0.0 tx/s    0.0 Mgas/s      0+    6 Qed Ancient:#5681394 LI:#13273131   11/25 peers      5 MiB chain    1 MiB queue  RPC:  0 conn,    0 req/s,    0 µs
2021-09-22 03:24:04 UTC Syncing #13273125 0x3ce6…4ee7     0.10 blk/s   33.3 tx/s    3.0 Mgas/s      0+    5 Qed Ancient:#5681395 LI:#13273131   13/25 peers      5 MiB chain    1 MiB queue  RPC:  0 conn,    0 req/s,    0 µs
2021-09-22 03:24:04 UTC Syncing #13273124 0x3c3a…ef49     0.00 blk/s    0.0 tx/s    0.0 Mgas/s      0+    6 Qed Ancient:#5681394 LI:#13273131   13/25 peers      5 MiB chain    1 MiB queue  RPC:  0 conn,    0 req/s,    0 µs
2021-09-22 03:24:05 UTC Syncing #13273125 0x3ce6…4ee7     0.20 blk/s   66.6 tx/s    6.0 Mgas/s      0+    5 Qed Ancient:#5681395 LI:#13273131   10/25 peers      5 MiB chain    1 MiB queue  RPC:  0 conn,    0 req/s,    0 µs
2021-09-22 03:24:10 UTC Syncing #13273125 0x3ce6…4ee7     0.00 blk/s    0.0 tx/s    0.0 Mgas/s      0+    6 Qed Ancient:#5681395 LI:#13273132   11/25 peers      5 MiB chain    2 MiB queue  RPC:  0 conn,    0 req/s,    0 µs
2021-09-22 03:24:15 UTC Syncing #13273126 0xad32…89f8     0.20 blk/s   19.4 tx/s    2.1 Mgas/s      0+    6 Qed Ancient:#5681397 LI:#13273133   12/25 peers      5 MiB chain    2 MiB queue  RPC:  0 conn,    0 req/s,    0 µs
2021-09-22 03:24:20 UTC Syncing #13273126 0xad32…89f8     0.00 blk/s    0.0 tx/s    0.0 Mgas/s      0+    6 Qed Ancient:#5681397 LI:#13273133   13/25 peers      5 MiB chain    2 MiB queue  RPC:  0 conn,    0 req/s,    0 µs
2021-09-22 03:24:25 UTC Syncing #13273126 0xad32…89f8     0.00 blk/s    0.0 tx/s    0.0 Mgas/s      0+    7 Qed Ancient:#5681397 LI:#13273134   11/25 peers      5 MiB chain    2 MiB queue  RPC:  0 conn,    0 req/s,    0 µs
2021-09-22 03:24:30 UTC Syncing #13273126 0xad32…89f8     0.00 blk/s    0.0 tx/s    0.0 Mgas/s      0+    8 Qed Ancient:#5681397 LI:#13273135   13/25 peers      5 MiB chain    2 MiB queue  RPC:  0 conn,    0 req/s,    0 µs
2021-09-22 03:24:37 UTC Syncing #13273127 0xf198…03d6     0.14 blk/s    9.9 tx/s    1.0 Mgas/s      0+    7 Qed Ancient:#5681398 LI:#13273135   14/25 peers      5 MiB chain    2 MiB queue  RPC:  0 conn,    0 req/s,    0 µs