2021-09-22 03:29:00 UTC Syncing #13273142 0x71a7…1a32     0.00 blk/s    0.0 tx/s    0.0 Mgas/s      0+   15 Qed Ancient:#5681437 LI:#13273156   13/25 peers      5 MiB chain    4 MiB queue  RPC:  0 conn,    0 req/s,    0 µs
2021-09-22 03:29:00 UTC Syncing #13273142 0x71a7…1a32     0.00 blk/s    0.0 tx/s    0.0 Mgas/s      0+   15 Qed Ancient:#5681437 LI:#13273156   13/25 peers      5 MiB chain    4 MiB queue  RPC:  0 conn,    0 req/s,    0 µs
2021-09-22 03:29:05 UTC Syncing #13273142 0x71a7…1a32     0.00 blk/s    0.0 tx/s    0.0 Mgas/s      0+   15 Qed Ancient:#5681437 LI:#13273156   13/25 peers      5 MiB chain    4 MiB queue  RPC:  0 conn,    0 req/s,    0 µs
2021-09-22 03:29:10 UTC Syncing #13273142 0x71a7…1a32     0.00 blk/s    0.0 tx/s    0.0 Mgas/s      0+   15 Qed Ancient:#5681437 LI:#13273156   13/25 peers      5 MiB chain    4 MiB queue  RPC:  0 conn,    0 req/s,    0 µs
2021-09-22 03:29:15 UTC Syncing #13273142 0x71a7…1a32     0.00 blk/s    0.0 tx/s    0.0 Mgas/s      0+   15 Qed Ancient:#5681437 LI:#13273156   14/25 peers      5 MiB chain    4 MiB queue  RPC:  0 conn,    0 req/s,    0 µs
2021-09-22 03:29:20 UTC Syncing #13273142 0x71a7…1a32     0.00 blk/s    0.0 tx/s    0.0 Mgas/s      0+   15 Qed Ancient:#5681437 LI:#13273156   16/25 peers      5 MiB chain    4 MiB queue  RPC:  0 conn,    0 req/s,    0 µs
2021-09-22 03:29:26 UTC Syncing #13273143 0x71b3…760e     0.20 blk/s   65.6 tx/s    5.9 Mgas/s      0+   14 Qed Ancient:#5681438 LI:#13273156   16/25 peers      5 MiB chain    4 MiB queue  RPC:  0 conn,    0 req/s,    0 µs
2021-09-22 03:29:30 UTC Syncing #13273143 0x71b3…760e     0.00 blk/s    0.0 tx/s    0.0 Mgas/s      0+   15 Qed Ancient:#5681438 LI:#13273157   16/25 peers      5 MiB chain    4 MiB queue  RPC:  0 conn,    0 req/s,    0 µs
2021-09-22 03:29:35 UTC Syncing #13273143 0x71b3…760e     0.00 blk/s    0.0 tx/s    0.0 Mgas/s      0+   16 Qed Ancient:#5681438 LI:#13273158   18/25 peers      5 MiB chain    5 MiB queue  RPC:  0 conn,    0 req/s,    0 µs
2021-09-22 03:29:43 UTC Syncing #13273144 0xccb6…2894     0.20 blk/s   36.6 tx/s    4.1 Mgas/s      0+   15 Qed Ancient:#5681439 LI:#13273158   17/25 peers      5 MiB chain    4 MiB queue  RPC:  0 conn,    0 req/s,    0 µs
2021-09-22 03:29:49 UTC Syncing #13273146 0xf8f5…2590     0.40 blk/s   25.0 tx/s    2.2 Mgas/s      0+   13 Qed Ancient:#5681442 LI:#13273158   17/25 peers      5 MiB chain    4 MiB queue  RPC:  0 conn,    0 req/s,    0 µs
2021-09-22 03:29:55 UTC Syncing #13273147 0x2bbd…7a9a     0.20 blk/s    9.8 tx/s    1.0 Mgas/s      0+   12 Qed Ancient:#5681443 LI:#13273158   17/25 peers      5 MiB chain    4 MiB queue  RPC:  0 conn,    0 req/s,    0 µs
2021-09-22 03:29:55 UTC Syncing #13273147 0x2bbd…7a9a     0.10 blk/s    4.9 tx/s    0.5 Mgas/s      0+   12 Qed Ancient:#5681443 LI:#13273158   17/25 peers      5 MiB chain    4 MiB queue  RPC:  0 conn,    0 req/s,    0 µs
2021-09-22 03:30:00 UTC Syncing #13273147 0x2bbd…7a9a     0.00 blk/s    0.0 tx/s    0.0 Mgas/s      0+   13 Qed Ancient:#5681443 LI:#13273159   15/25 peers      5 MiB chain    4 MiB queue  RPC:  0 conn,    0 req/s,    0 µs
2021-09-22 03:30:08 UTC Syncing #13273147 0x2bbd…7a9a     0.00 blk/s    0.0 tx/s    0.0 Mgas/s      0+   14 Qed Ancient:#5681443 LI:#13273160   15/25 peers      5 MiB chain    4 MiB queue  RPC:  0 conn,    0 req/s,    0 µs
2021-09-22 03:30:10 UTC Syncing #13273147 0x2bbd…7a9a     0.00 blk/s    0.0 tx/s    0.0 Mgas/s      0+   14 Qed Ancient:#5681443 LI:#13273160   15/25 peers      5 MiB chain    4 MiB queue  RPC:  0 conn,    0 req/s,    0 µs
2021-09-22 03:30:15 UTC Syncing #13273148 0x6d5b…0b18     0.20 blk/s   60.2 tx/s    6.0 Mgas/s      0+   13 Qed Ancient:#5681444 LI:#13273160   15/25 peers      5 MiB chain    4 MiB queue  RPC:  0 conn,    0 req/s,    0 µs
2021-09-22 03:30:20 UTC Syncing #13273148 0x6d5b…0b18     0.00 blk/s    0.0 tx/s    0.0 Mgas/s      0+   17 Qed Ancient:#5681444 LI:#13273163   17/25 peers      5 MiB chain    4 MiB queue  RPC:  0 conn,    0 req/s,    0 µs
2021-09-22 03:30:25 UTC Syncing #13273148 0x6d5b…0b18     0.00 blk/s    0.0 tx/s    0.0 Mgas/s      0+   17 Qed Ancient:#5681444 LI:#13273163   18/25 peers      5 MiB chain    4 MiB queue  RPC:  0 conn,    0 req/s,    0 µs
2021-09-22 03:30:30 UTC Syncing #13273148 0x6d5b…0b18     0.00 blk/s    0.0 tx/s    0.0 Mgas/s      0+   17 Qed Ancient:#5681444 LI:#13273163   18/25 peers      5 MiB chain    4 MiB queue  RPC:  0 conn,    0 req/s,    0 µs
2021-09-22 03:30:35 UTC Syncing #13273148 0x6d5b…0b18     0.00 blk/s    0.0 tx/s    0.0 Mgas/s      0+   17 Qed Ancient:#5681444 LI:#13273163   18/25 peers      5 MiB chain    4 MiB queue  RPC:  0 conn,    0 req/s,    0 µs
2021-09-22 03:30:40 UTC Syncing #13273148 0x6d5b…0b18     0.00 blk/s    0.0 tx/s    0.0 Mgas/s      0+   17 Qed Ancient:#5681444 LI:#13273163   18/25 peers      5 MiB chain    4 MiB queue  RPC:  0 conn,    0 req/s,    0 µs
2021-09-22 03:30:46 UTC Syncing #13273149 0xf774…a0cf     0.20 blk/s   90.6 tx/s    5.7 Mgas/s      0+   16 Qed Ancient:#5681446 LI:#13273163   18/25 peers      5 MiB chain    4 MiB queue  RPC:  0 conn,    0 req/s,    0 µs
2021-09-22 03:30:50 UTC Syncing #13273149 0xf774…a0cf     0.00 blk/s    0.0 tx/s    0.0 Mgas/s      0+   16 Qed Ancient:#5681446 LI:#13273163   18/25 peers      5 MiB chain    4 MiB queue  RPC:  0 conn,    0 req/s,    0 µs
2021-09-22 03:30:55 UTC Syncing #13273149 0xf774…a0cf     0.00 blk/s    0.0 tx/s    0.0 Mgas/s      0+   16 Qed Ancient:#5681446 LI:#13273163   21/25 peers      5 MiB chain    4 MiB queue  RPC:  0 conn,    0 req/s,    0 µs
2021-09-22 03:31:00 UTC Syncing #13273149 0xf774…a0cf     0.00 blk/s    0.0 tx/s    0.0 Mgas/s      0+   17 Qed Ancient:#5681446 LI:#13273164   23/25 peers      5 MiB chain    4 MiB queue  RPC:  0 conn,    0 req/s,    0 µs
2021-09-22 03:31:12 UTC Syncing #13273150 0xf638…b7a6     0.10 blk/s   51.5 tx/s    3.0 Mgas/s      0+   16 Qed Ancient:#5681447 LI:#13273164   23/25 peers      5 MiB chain    4 MiB queue  RPC:  0 conn,    0 req/s,    0 µs
2021-09-22 03:31:12 UTC Syncing #13273150 0xf638…b7a6     0.20 blk/s  103.0 tx/s    6.0 Mgas/s      0+   16 Qed Ancient:#5681447 LI:#13273164   23/25 peers      5 MiB chain    4 MiB queue  RPC:  0 conn,    0 req/s,    0 µs
2021-09-22 03:31:15 UTC Syncing #13273150 0xf638…b7a6     0.00 blk/s    0.0 tx/s    0.0 Mgas/s      0+   17 Qed Ancient:#5681447 LI:#13273165   21/25 peers      5 MiB chain    4 MiB queue  RPC:  0 conn,    0 req/s,    0 µs
2021-09-22 03:31:26 UTC Syncing #13273152 0x00be…18b7     0.30 blk/s   30.1 tx/s    3.3 Mgas/s      0+   14 Qed Ancient:#5681450 LI:#13273165   21/25 peers      5 MiB chain    4 MiB queue  RPC:  0 conn,    0 req/s,    0 µs
2021-09-22 03:31:26 UTC Syncing #13273151 0x22a1…8639     0.20 blk/s   31.8 tx/s    3.6 Mgas/s      0+   16 Qed Ancient:#5681448 LI:#13273165   21/25 peers      5 MiB chain    4 MiB queue  RPC:  0 conn,    0 req/s,    0 µs
2021-09-22 03:31:33 UTC Syncing #13273152 0x00be…18b7     0.40 blk/s   28.4 tx/s    3.1 Mgas/s      0+   14 Qed Ancient:#5681450 LI:#13273165   21/25 peers      5 MiB chain    4 MiB queue  RPC:  0 conn,    0 req/s,    0 µs
2021-09-22 03:31:35 UTC Syncing #13273152 0x00be…18b7     0.20 blk/s   21.6 tx/s    2.0 Mgas/s      0+   15 Qed Ancient:#5681451 LI:#13273167   21/25 peers      5 MiB chain    4 MiB queue  RPC:  0 conn,    0 req/s,    0 µs
2021-09-22 03:31:49 UTC Syncing #13273152 0x00be…18b7     0.00 blk/s    0.0 tx/s    0.0 Mgas/s      0+   15 Qed Ancient:#5681451 LI:#13273167   20/25 peers      5 MiB chain    4 MiB queue  RPC:  0 conn,    0 req/s,    0 µs
2021-09-22 03:31:49 UTC Syncing #13273153 0x6d34…76db     0.10 blk/s   25.2 tx/s    2.4 Mgas/s      0+   14 Qed Ancient:#5681452 LI:#13273167   20/25 peers      5 MiB chain    4 MiB queue  RPC:  0 conn,    0 req/s,    0 µs
2021-09-22 03:31:50 UTC Syncing #13273153 0x6d34…76db     0.00 blk/s    0.0 tx/s    0.0 Mgas/s      0+   14 Qed Ancient:#5681452 LI:#13273167   20/25 peers      5 MiB chain    4 MiB queue  RPC:  0 conn,    0 req/s,    0 µs
2021-09-22 03:31:55 UTC Syncing #13273153 0x6d34…76db     0.00 blk/s    0.0 tx/s    0.0 Mgas/s      0+   14 Qed Ancient:#5681452 LI:#13273167   19/25 peers      5 MiB chain    4 MiB queue  RPC:  0 conn,    0 req/s,    0 µs
2021-09-22 03:32:09 UTC Syncing #13273154 0x53cb…8730     0.10 blk/s   25.2 tx/s    1.0 Mgas/s      0+   14 Qed Ancient:#5681453 LI:#13273168   19/25 peers      5 MiB chain    4 MiB queue  RPC:  0 conn,    0 req/s,    0 µs
2021-09-22 03:32:09 UTC Syncing #13273154 0x53cb…8730     0.20 blk/s   50.4 tx/s    2.1 Mgas/s      0+   14 Qed Ancient:#5681453 LI:#13273168   19/25 peers      5 MiB chain    4 MiB queue  RPC:  0 conn,    0 req/s,    0 µs
2021-09-22 03:32:11 UTC Syncing #13273154 0x53cb…8730     0.00 blk/s    0.0 tx/s    0.0 Mgas/s      0+   14 Qed Ancient:#5681453 LI:#13273168   19/25 peers      5 MiB chain    4 MiB queue  RPC:  0 conn,    0 req/s,    0 µs
2021-09-22 03:32:15 UTC Syncing #13273155 0x69e1…8390     0.20 blk/s   39.0 tx/s    3.6 Mgas/s      0+   13 Qed Ancient:#5681454 LI:#13273168   19/25 peers      5 MiB chain    4 MiB queue  RPC:  0 conn,    0 req/s,    0 µs
2021-09-22 03:32:20 UTC Syncing #13273156 0x99f1…62da     0.20 blk/s   12.8 tx/s    1.2 Mgas/s      0+   12 Qed Ancient:#5681455 LI:#13273168   19/25 peers      5 MiB chain    4 MiB queue  RPC:  0 conn,    0 req/s,    0 µs
2021-09-22 03:32:25 UTC Syncing #13273156 0x99f1…62da     0.00 blk/s    0.0 tx/s    0.0 Mgas/s      0+   12 Qed Ancient:#5681455 LI:#13273168   19/25 peers      5 MiB chain    4 MiB queue  RPC:  0 conn,    0 req/s,    0 µs
2021-09-22 03:32:30 UTC Syncing #13273156 0x99f1…62da     0.00 blk/s    0.0 tx/s    0.0 Mgas/s      0+   13 Qed Ancient:#5681455 LI:#13273169   23/25 peers      5 MiB chain    4 MiB queue  RPC:  0 conn,    0 req/s,    0 µs
2021-09-22 03:32:35 UTC Syncing #13273156 0x99f1…62da     0.00 blk/s    0.0 tx/s    0.0 Mgas/s      0+   13 Qed Ancient:#5681455 LI:#13273169   23/25 peers      5 MiB chain    4 MiB queue  RPC:  0 conn,    0 req/s,    0 µs
2021-09-22 03:32:40 UTC Syncing #13273156 0x99f1…62da     0.00 blk/s    0.0 tx/s    0.0 Mgas/s      0+   13 Qed Ancient:#5681455 LI:#13273169   24/25 peers      5 MiB chain    4 MiB queue  RPC:  0 conn,    0 req/s,    0 µs
2021-09-22 03:32:45 UTC Syncing #13273156 0x99f1…62da     0.00 blk/s    0.0 tx/s    0.0 Mgas/s      0+   13 Qed Ancient:#5681455 LI:#13273169   25/25 peers      5 MiB chain    4 MiB queue  RPC:  0 conn,    0 req/s,    0 µs
2021-09-22 03:32:58 UTC Syncing #13273157 0xf470…5b4e     0.20 blk/s   73.4 tx/s    6.0 Mgas/s      0+   12 Qed Ancient:#5681457 LI:#13273169   25/25 peers      5 MiB chain    3 MiB queue  RPC:  0 conn,    0 req/s,    0 µs
2021-09-22 03:32:58 UTC Syncing #13273157 0xf470…5b4e     0.10 blk/s   36.7 tx/s    3.0 Mgas/s      0+   12 Qed Ancient:#5681457 LI:#13273169   25/25 peers      5 MiB chain    3 MiB queue  RPC:  0 conn,    0 req/s,    0 µs
2021-09-22 03:33:00 UTC Syncing #13273157 0xf470…5b4e     0.00 blk/s    0.0 tx/s    0.0 Mgas/s      0+   12 Qed Ancient:#5681457 LI:#13273169   25/25 peers      5 MiB chain    3 MiB queue  RPC:  0 conn,    0 req/s,    0 µs
2021-09-22 03:33:05 UTC Syncing #13273157 0xf470…5b4e     0.00 blk/s    0.0 tx/s    0.0 Mgas/s      0+   12 Qed Ancient:#5681457 LI:#13273169   25/25 peers      5 MiB chain    3 MiB queue  RPC:  0 conn,    0 req/s,    0 µs
2021-09-22 03:33:16 UTC Syncing #13273158 0x3960…a863     0.10 blk/s   25.9 tx/s    2.7 Mgas/s      0+   12 Qed Ancient:#5681458 LI:#13273170   25/25 peers      5 MiB chain    3 MiB queue  RPC:  0 conn,    0 req/s,    0 µs
2021-09-22 03:33:16 UTC Syncing #13273158 0x3960…a863     0.20 blk/s   51.8 tx/s    5.5 Mgas/s      0+   12 Qed Ancient:#5681458 LI:#13273170   25/25 peers      5 MiB chain    3 MiB queue  RPC:  0 conn,    0 req/s,    0 µs
2021-09-22 03:33:20 UTC Syncing #13273158 0x3960…a863     0.00 blk/s    0.0 tx/s    0.0 Mgas/s      0+   12 Qed Ancient:#5681458 LI:#13273170   26/50 peers      5 MiB chain    3 MiB queue  RPC:  0 conn,    0 req/s,    0 µs
2021-09-22 03:33:25 UTC Syncing #13273158 0x3960…a863     0.00 blk/s    0.0 tx/s    0.0 Mgas/s      0+   13 Qed Ancient:#5681458 LI:#13273171   26/50 peers      5 MiB chain    4 MiB queue  RPC:  0 conn,    0 req/s,    0 µs
2021-09-22 03:33:33 UTC Syncing #13273159 0xf7f6…60e4     0.20 blk/s   48.6 tx/s    4.3 Mgas/s      0+   12 Qed Ancient:#5681459 LI:#13273171   26/50 peers      5 MiB chain    4 MiB queue  RPC:  0 conn,    0 req/s,    0 µs
2021-09-22 03:33:40 UTC Syncing #13273160 0x9bf0…b33e     0.10 blk/s    5.8 tx/s    0.5 Mgas/s      0+   11 Qed Ancient:#5681461 LI:#13273171   26/50 peers      5 MiB chain    4 MiB queue  RPC:  0 conn,    0 req/s,    0 µs
2021-09-22 03:33:40 UTC Syncing #13273160 0x9bf0…b33e     0.20 blk/s   11.6 tx/s    1.0 Mgas/s      0+   11 Qed Ancient:#5681461 LI:#13273171   26/50 peers      5 MiB chain    4 MiB queue  RPC:  0 conn,    0 req/s,    0 µs
2021-09-22 03:33:45 UTC Syncing #13273160 0x9bf0…b33e     0.00 blk/s    0.0 tx/s    0.0 Mgas/s      0+   12 Qed Ancient:#5681461 LI:#13273172   24/25 peers      5 MiB chain    4 MiB queue  RPC:  0 conn,    0 req/s,    0 µs
2021-09-22 03:33:51 UTC Syncing #13273161 0xe6c5…88d3     0.20 blk/s   40.4 tx/s    3.4 Mgas/s      0+   11 Qed Ancient:#5681463 LI:#13273172   26/50 peers      5 MiB chain    3 MiB queue  RPC:  0 conn,    0 req/s,    0 µs
2021-09-22 03:33:59 UTC Syncing #13273163 0x4173…d983     0.60 blk/s   47.8 tx/s    4.0 Mgas/s      0+    8 Qed Ancient:#5681466 LI:#13273172   27/50 peers      6 MiB chain    3 MiB queue  RPC:  0 conn,    0 req/s,    0 µs
2021-09-22 03:34:00 UTC Syncing #13273163 0x4173…d983     0.00 blk/s    0.0 tx/s    0.0 Mgas/s      0+    8 Qed Ancient:#5681466 LI:#13273172   26/50 peers      6 MiB chain    3 MiB queue  RPC:  0 conn,    0 req/s,    0 µs
2021-09-22 03:34:05 UTC Syncing #13273163 0x4173…d983     0.00 blk/s    0.0 tx/s    0.0 Mgas/s      0+    9 Qed Ancient:#5681466 LI:#13273173   26/50 peers      6 MiB chain    3 MiB queue  RPC:  0 conn,    0 req/s,    0 µs
2021-09-22 03:34:10 UTC Syncing #13273163 0x4173…d983     0.00 blk/s    0.0 tx/s    0.0 Mgas/s      0+   10 Qed Ancient:#5681466 LI:#13273174   26/50 peers      6 MiB chain    3 MiB queue  RPC:  0 conn,    0 req/s,    0 µs
2021-09-22 03:34:26 UTC Syncing #13273164 0x0b31…b63b     0.10 blk/s   40.7 tx/s    3.0 Mgas/s      0+   11 Qed Ancient:#5681467 LI:#13273176   24/25 peers      6 MiB chain    3 MiB queue  RPC:  0 conn,    0 req/s,    0 µs
2021-09-22 03:34:26 UTC Syncing #13273164 0x0b31…b63b     0.00 blk/s    0.0 tx/s    0.0 Mgas/s      0+   11 Qed Ancient:#5681467 LI:#13273176   24/25 peers      6 MiB chain    3 MiB queue  RPC:  0 conn,    0 req/s,    0 µs
2021-09-22 03:34:26 UTC Syncing #13273163 0x4173…d983     0.00 blk/s    0.0 tx/s    0.0 Mgas/s      0+   12 Qed Ancient:#5681466 LI:#13273176   24/25 peers      6 MiB chain    3 MiB queue  RPC:  0 conn,    0 req/s,    0 µs
2021-09-22 03:34:38 UTC Syncing #13273164 0x0b31…b63b     0.23 blk/s   92.9 tx/s    6.9 Mgas/s      0+   11 Qed Ancient:#5681467 LI:#13273176   24/25 peers      6 MiB chain    3 MiB queue  RPC:  0 conn,    0 req/s,    0 µs
2021-09-22 03:34:38 UTC Syncing #13273164 0x0b31…b63b     0.11 blk/s   43.4 tx/s    3.2 Mgas/s      0+   11 Qed Ancient:#5681467 LI:#13273176   24/25 peers      6 MiB chain    3 MiB queue  RPC:  0 conn,    0 req/s,    0 µs
2021-09-22 03:34:42 UTC Syncing #13273164 0x0b31…b63b     0.00 blk/s    0.0 tx/s    0.0 Mgas/s      0+   11 Qed Ancient:#5681467 LI:#13273176   20/25 peers      6 MiB chain    3 MiB queue  RPC:  0 conn,    0 req/s,    0 µs
2021-09-22 03:34:51 UTC Syncing #13273165 0x4544…d848     0.10 blk/s   24.6 tx/s    2.7 Mgas/s      0+   10 Qed Ancient:#5681469 LI:#13273176   19/25 peers      6 MiB chain    3 MiB queue  RPC:  0 conn,    0 req/s,    0 µs
2021-09-22 03:34:51 UTC Syncing #13273165 0x4544…d848     0.20 blk/s   49.2 tx/s    5.3 Mgas/s      0+   10 Qed Ancient:#5681469 LI:#13273176   19/25 peers      6 MiB chain    3 MiB queue  RPC:  0 conn,    0 req/s,    0 µs
2021-09-22 03:34:57 UTC Syncing #13273166 0xedfe…d6c2     0.20 blk/s   55.6 tx/s    4.0 Mgas/s      0+   10 Qed Ancient:#5681470 LI:#13273177   19/25 peers      6 MiB chain    3 MiB queue  RPC:  0 conn,    0 req/s,    0 µs
2021-09-22 03:35:00 UTC Syncing #13273166 0xedfe…d6c2     0.00 blk/s    0.0 tx/s    0.0 Mgas/s      0+   10 Qed Ancient:#5681470 LI:#13273177   19/25 peers      6 MiB chain    3 MiB queue  RPC:  0 conn,    0 req/s,    0 µs
2021-09-22 03:35:06 UTC Syncing #13273167 0xbd33…9b25     0.20 blk/s   19.2 tx/s    1.6 Mgas/s      0+    9 Qed Ancient:#5681471 LI:#13273177   19/25 peers      6 MiB chain    2 MiB queue  RPC:  0 conn,    0 req/s,    0 µs
2021-09-22 03:35:10 UTC Syncing #13273167 0xbd33…9b25     0.00 blk/s    0.0 tx/s    0.0 Mgas/s      0+   10 Qed Ancient:#5681471 LI:#13273178   19/25 peers      6 MiB chain    3 MiB queue  RPC:  0 conn,    0 req/s,    0 µs
2021-09-22 03:35:15 UTC Syncing #13273167 0xbd33…9b25     0.00 blk/s    0.0 tx/s    0.0 Mgas/s      0+   11 Qed Ancient:#5681471 LI:#13273179   19/25 peers      6 MiB chain    3 MiB queue  RPC:  0 conn,    0 req/s,    0 µs
2021-09-22 03:35:20 UTC Syncing #13273167 0xbd33…9b25     0.00 blk/s    0.0 tx/s    0.0 Mgas/s      0+   12 Qed Ancient:#5681471 LI:#13273180   21/25 peers      6 MiB chain    3 MiB queue  RPC:  0 conn,    0 req/s,    0 µs
2021-09-22 03:35:29 UTC Syncing #13273168 0x9327…9952     0.20 blk/s   68.6 tx/s    5.8 Mgas/s      0+   11 Qed Ancient:#5681473 LI:#13273180   21/25 peers      6 MiB chain    3 MiB queue  RPC:  0 conn,    0 req/s,    0 µs
2021-09-22 03:35:30 UTC Syncing #13273168 0x9327…9952     0.00 blk/s    0.0 tx/s    0.0 Mgas/s      0+   11 Qed Ancient:#5681473 LI:#13273180   21/25 peers      6 MiB chain    3 MiB queue  RPC:  0 conn,    0 req/s,    0 µs
2021-09-22 03:35:37 UTC Syncing #13273169 0xe0d4…b8ba     0.20 blk/s   33.6 tx/s    2.4 Mgas/s      0+   10 Qed Ancient:#5681474 LI:#13273180   21/25 peers      6 MiB chain    2 MiB queue  RPC:  0 conn,    0 req/s,    0 µs
2021-09-22 03:35:40 UTC Syncing #13273169 0xe0d4…b8ba     0.00 blk/s    0.0 tx/s    0.0 Mgas/s      0+   11 Qed Ancient:#5681474 LI:#13273181   21/25 peers      6 MiB chain    3 MiB queue  RPC:  0 conn,    0 req/s,    0 µs
2021-09-22 03:35:49 UTC Syncing #13273169 0xe0d4…b8ba     0.00 blk/s    0.0 tx/s    0.0 Mgas/s      0+   11 Qed Ancient:#5681474 LI:#13273181   23/25 peers      6 MiB chain    3 MiB queue  RPC:  0 conn,    0 req/s,    0 µs
2021-09-22 03:35:50 UTC Syncing #13273169 0xe0d4…b8ba     0.00 blk/s    0.0 tx/s    0.0 Mgas/s      0+   12 Qed Ancient:#5681474 LI:#13273182   21/25 peers      6 MiB chain    3 MiB queue  RPC:  0 conn,    0 req/s,    0 µs
2021-09-22 03:35:55 UTC Syncing #13273169 0xe0d4…b8ba     0.00 blk/s    0.0 tx/s    0.0 Mgas/s      0+   13 Qed Ancient:#5681474 LI:#13273183   22/25 peers      6 MiB chain    3 MiB queue  RPC:  0 conn,    0 req/s,    0 µs
2021-09-22 03:36:06 UTC Syncing #13273170 0xedaf…e28f     0.10 blk/s   39.4 tx/s    3.0 Mgas/s      0+   12 Qed Ancient:#5681475 LI:#13273183   24/25 peers      6 MiB chain    3 MiB queue  RPC:  0 conn,    0 req/s,    0 µs
2021-09-22 03:36:06 UTC Syncing #13273170 0xedaf…e28f     0.20 blk/s   78.8 tx/s    5.9 Mgas/s      0+   12 Qed Ancient:#5681475 LI:#13273183   24/25 peers      6 MiB chain    3 MiB queue  RPC:  0 conn,    0 req/s,    0 µs
2021-09-22 03:36:10 UTC Syncing #13273170 0xedaf…e28f     0.00 blk/s    0.0 tx/s    0.0 Mgas/s      0+   13 Qed Ancient:#5681475 LI:#13273184   26/50 peers      6 MiB chain    3 MiB queue  RPC:  0 conn,    0 req/s,    0 µs
2021-09-22 03:36:37 UTC Syncing #13273170 0xedaf…e28f     0.00 blk/s    0.0 tx/s    0.0 Mgas/s      0+   13 Qed Ancient:#5681475 LI:#13273186   25/25 peers      6 MiB chain    3 MiB queue  RPC:  0 conn,    0 req/s,    0 µs
2021-09-22 03:36:37 UTC Syncing #13273170 0xedaf…e28f     0.00 blk/s    0.0 tx/s    0.0 Mgas/s      0+   13 Qed Ancient:#5681475 LI:#13273184   26/50 peers      6 MiB chain    3 MiB queue  RPC:  0 conn,    0 req/s,    0 µs
2021-09-22 03:36:37 UTC Syncing #13273170 0xedaf…e28f     0.00 blk/s    0.0 tx/s    0.0 Mgas/s      0+   14 Qed Ancient:#5681475 LI:#13273186   25/25 peers      6 MiB chain    3 MiB queue  RPC:  0 conn,    0 req/s,    0 µs
2021-09-22 03:36:37 UTC Syncing #13273170 0xedaf…e28f     0.00 blk/s    0.0 tx/s    0.0 Mgas/s      0+   15 Qed Ancient:#5681475 LI:#13273186   25/25 peers      6 MiB chain    3 MiB queue  RPC:  0 conn,    0 req/s,    0 µs
2021-09-22 03:36:40 UTC Syncing #13273170 0xedaf…e28f     0.00 blk/s    0.0 tx/s    0.0 Mgas/s      0+   15 Qed Ancient:#5681475 LI:#13273186   25/25 peers      6 MiB chain    3 MiB queue  RPC:  0 conn,    0 req/s,    0 µs
2021-09-22 03:36:54 UTC Syncing #13273171 0x3392…15f5     0.20 blk/s   53.2 tx/s    6.0 Mgas/s      0+   14 Qed Ancient:#5681476 LI:#13273186   25/25 peers      6 MiB chain    3 MiB queue  RPC:  0 conn,    0 req/s,    0 µs
2021-09-22 03:36:54 UTC Syncing #13273171 0x3392…15f5     0.10 blk/s   26.6 tx/s    3.0 Mgas/s      0+   14 Qed Ancient:#5681476 LI:#13273186   25/25 peers      6 MiB chain    3 MiB queue  RPC:  0 conn,    0 req/s,    0 µs
2021-09-22 03:37:06 UTC Syncing #13273172 0xc78e…de56     0.10 blk/s   12.2 tx/s    1.4 Mgas/s      0+   13 Qed Ancient:#5681477 LI:#13273186   25/25 peers      6 MiB chain    3 MiB queue  RPC:  0 conn,    0 req/s,    0 µs
2021-09-22 03:37:06 UTC Syncing #13273172 0xc78e…de56     0.00 blk/s    0.0 tx/s    0.0 Mgas/s      0+   13 Qed Ancient:#5681477 LI:#13273186   25/25 peers      6 MiB chain    3 MiB queue  RPC:  0 conn,    0 req/s,    0 µs
2021-09-22 03:37:06 UTC Syncing #13273171 0x3392…15f5     0.00 blk/s    0.0 tx/s    0.0 Mgas/s      0+   14 Qed Ancient:#5681476 LI:#13273186   25/25 peers      6 MiB chain    3 MiB queue  RPC:  0 conn,    0 req/s,    0 µs
2021-09-22 03:37:10 UTC Syncing #13273172 0xc78e…de56     0.20 blk/s   24.4 tx/s    2.8 Mgas/s      0+   17 Qed Ancient:#5681477 LI:#13273190   25/25 peers      6 MiB chain    4 MiB queue  RPC:  0 conn,    0 req/s,    0 µs
2021-09-22 03:37:15 UTC Syncing #13273172 0xc78e…de56     0.00 blk/s    0.0 tx/s    0.0 Mgas/s      0+   17 Qed Ancient:#5681477 LI:#13273190   25/25 peers      6 MiB chain    4 MiB queue  RPC:  0 conn,    0 req/s,    0 µs
2021-09-22 03:37:20 UTC Syncing #13273172 0xc78e…de56     0.00 blk/s    0.0 tx/s    0.0 Mgas/s      0+   17 Qed Ancient:#5681477 LI:#13273190   25/25 peers      6 MiB chain    4 MiB queue  RPC:  0 conn,    0 req/s,    0 µs
2021-09-22 03:37:26 UTC Syncing #13273174 0x640e…53f5     0.40 blk/s   36.4 tx/s    3.9 Mgas/s      0+   15 Qed Ancient:#5681480 LI:#13273190   25/25 peers      6 MiB chain    4 MiB queue  RPC:  0 conn,    0 req/s,    0 µs
2021-09-22 03:37:37 UTC Syncing #13273175 0x7e9f…5f89     0.10 blk/s    3.6 tx/s    0.3 Mgas/s      0+   15 Qed Ancient:#5681481 LI:#13273191   25/25 peers      6 MiB chain    4 MiB queue  RPC:  0 conn,    0 req/s,    0 µs
2021-09-22 03:37:37 UTC Syncing #13273175 0x7e9f…5f89     0.20 blk/s    7.2 tx/s    0.6 Mgas/s      0+   15 Qed Ancient:#5681481 LI:#13273191   25/25 peers      6 MiB chain    4 MiB queue  RPC:  0 conn,    0 req/s,    0 µs
2021-09-22 03:37:40 UTC Syncing #13273175 0x7e9f…5f89     0.00 blk/s    0.0 tx/s    0.0 Mgas/s      0+   19 Qed Ancient:#5681481 LI:#13273196   22/25 peers      6 MiB chain    4 MiB queue  RPC:  0 conn,    0 req/s,    0 µs
2021-09-22 03:37:45 UTC Syncing #13273175 0x7e9f…5f89     0.00 blk/s    0.0 tx/s    0.0 Mgas/s      0+   22 Qed Ancient:#5681481 LI:#13273198   23/25 peers      6 MiB chain    5 MiB queue  RPC:  0 conn,    0 req/s,    0 µs
2021-09-22 03:37:50 UTC Syncing #13273175 0x7e9f…5f89     0.00 blk/s    0.0 tx/s    0.0 Mgas/s      0+   22 Qed Ancient:#5681481 LI:#13273198   23/25 peers      6 MiB chain    5 MiB queue  RPC:  0 conn,    0 req/s,    0 µs
2021-09-22 03:37:58 UTC Syncing #13273176 0x651e…ec77     0.20 blk/s   45.2 tx/s    3.9 Mgas/s      0+   23 Qed Ancient:#5681482 LI:#13273199   23/25 peers      6 MiB chain    5 MiB queue  RPC:  0 conn,    0 req/s,    0 µs
2021-09-22 03:38:00 UTC Syncing #13273176 0x651e…ec77     0.00 blk/s    0.0 tx/s    0.0 Mgas/s      0+   23 Qed Ancient:#5681482 LI:#13273199   23/25 peers      6 MiB chain    5 MiB queue  RPC:  0 conn,    0 req/s,    0 µs
2021-09-22 03:38:05 UTC Syncing #13273176 0x651e…ec77     0.00 blk/s    0.0 tx/s    0.0 Mgas/s      0+   23 Qed Ancient:#5681482 LI:#13273199   24/25 peers      6 MiB chain    5 MiB queue  RPC:  0 conn,    0 req/s,    0 µs
2021-09-22 03:38:10 UTC Syncing #13273176 0x651e…ec77     0.00 blk/s    0.0 tx/s    0.0 Mgas/s      0+   23 Qed Ancient:#5681482 LI:#13273199   26/50 peers      6 MiB chain    5 MiB queue  RPC:  0 conn,    0 req/s,    0 µs
2021-09-22 03:38:15 UTC Syncing #13273176 0x651e…ec77     0.00 blk/s    0.0 tx/s    0.0 Mgas/s      0+   23 Qed Ancient:#5681482 LI:#13273199   26/50 peers      6 MiB chain    5 MiB queue  RPC:  0 conn,    0 req/s,    0 µs
2021-09-22 03:38:20 UTC Syncing #13273176 0x651e…ec77     0.00 blk/s    0.0 tx/s    0.0 Mgas/s      0+   24 Qed Ancient:#5681482 LI:#13273200   26/50 peers      6 MiB chain    5 MiB queue  RPC:  0 conn,    0 req/s,    0 µs
2021-09-22 03:38:28 UTC Syncing #13273177 0xddad…57ee     0.20 blk/s   65.6 tx/s    5.9 Mgas/s      0+   23 Qed Ancient:#5681483 LI:#13273200   26/50 peers      6 MiB chain    5 MiB queue  RPC:  0 conn,    0 req/s,    0 µs
2021-09-22 03:38:34 UTC Syncing #13273179 0xa6e7…446f     0.40 blk/s   43.6 tx/s    4.4 Mgas/s      0+   23 Qed Ancient:#5681485 LI:#13273202   25/25 peers      6 MiB chain    5 MiB queue  RPC:  0 conn,    0 req/s,    0 µs
2021-09-22 03:38:38 UTC Syncing #13273180 0x60c2…254d     0.20 blk/s   14.6 tx/s    1.7 Mgas/s      0+   22 Qed Ancient:#5681486 LI:#13273202   25/25 peers      6 MiB chain    5 MiB queue  RPC:  0 conn,    0 req/s,    0 µs
2021-09-22 03:38:48 UTC Syncing #13273184 0x9d69…69af     0.40 blk/s   60.2 tx/s    5.6 Mgas/s      0+   19 Qed Ancient:#5681490 LI:#13273203   25/25 peers      6 MiB chain    4 MiB queue  RPC:  0 conn,    0 req/s,    0 µs
2021-09-22 03:38:48 UTC Syncing #13273182 0x4519…e22f     0.40 blk/s   53.6 tx/s    4.8 Mgas/s      0+   21 Qed Ancient:#5681488 LI:#13273203   25/25 peers      6 MiB chain    4 MiB queue  RPC:  0 conn,    0 req/s,    0 µs
2021-09-22 03:38:53 UTC Syncing #13273185 0xae72…e7ec     0.60 blk/s   86.2 tx/s    8.5 Mgas/s      0+   18 Qed Ancient:#5681491 LI:#13273203   24/25 peers      6 MiB chain    4 MiB queue  RPC:  0 conn,    0 req/s,    0 µs
2021-09-22 03:38:58 UTC Syncing #13273186 0x5a86…b065     0.20 blk/s   18.8 tx/s    2.1 Mgas/s      0+   17 Qed Ancient:#5681492 LI:#13273203   24/25 peers      6 MiB chain    4 MiB queue  RPC:  0 conn,    0 req/s,    0 µs
2021-09-22 03:39:05 UTC Syncing #13273187 0x1e95…0d58     0.20 blk/s   45.4 tx/s    3.5 Mgas/s      0+   16 Qed Ancient:#5681493 LI:#13273203   24/25 peers      6 MiB chain    3 MiB queue  RPC:  0 conn,    0 req/s,    0 µs
2021-09-22 03:39:05 UTC Syncing #13273187 0x1e95…0d58     0.10 blk/s   22.7 tx/s    1.8 Mgas/s      0+   16 Qed Ancient:#5681493 LI:#13273203   24/25 peers      6 MiB chain    3 MiB queue  RPC:  0 conn,    0 req/s,    0 µs
2021-09-22 03:39:15 UTC Syncing #13273190 0xb9ed…ed54     0.60 blk/s   93.0 tx/s    7.2 Mgas/s      0+   13 Qed Ancient:#5681497 LI:#13273204   24/25 peers      6 MiB chain    3 MiB queue  RPC:  0 conn,    0 req/s,    0 µs
2021-09-22 03:39:19 UTC Syncing #13273190 0xb9ed…ed54     0.00 blk/s    0.0 tx/s    0.0 Mgas/s      0+   14 Qed Ancient:#5681497 LI:#13273204   24/25 peers      6 MiB chain    3 MiB queue  RPC:  0 conn,    0 req/s,    0 µs
2021-09-22 03:39:20 UTC Syncing #13273190 0xb9ed…ed54     0.00 blk/s    0.0 tx/s    0.0 Mgas/s      0+   15 Qed Ancient:#5681497 LI:#13273205   24/25 peers      6 MiB chain    3 MiB queue  RPC:  0 conn,    0 req/s,    0 µs
2021-09-22 03:39:29 UTC Syncing #13273194 0x99ee…3040     0.80 blk/s   78.6 tx/s    7.2 Mgas/s      0+   11 Qed Ancient:#5681501 LI:#13273205   24/25 peers      6 MiB chain    3 MiB queue  RPC:  0 conn,    0 req/s,    0 µs
2021-09-22 03:39:30 UTC Syncing #13273194 0x99ee…3040     0.00 blk/s    0.0 tx/s    0.0 Mgas/s      0+   13 Qed Ancient:#5681501 LI:#13273207   24/25 peers      6 MiB chain    3 MiB queue  RPC:  0 conn,    0 req/s,    0 µs
2021-09-22 03:39:37 UTC Syncing #13273195 0x90c7…c930     0.20 blk/s   65.6 tx/s    6.0 Mgas/s      0+   12 Qed Ancient:#5681502 LI:#13273207   24/25 peers      6 MiB chain    3 MiB queue  RPC:  0 conn,    0 req/s,    0 µs
2021-09-22 03:39:42 UTC Syncing #13273198 0x4a62…51a5     0.60 blk/s   43.6 tx/s    4.3 Mgas/s      0+   10 Qed Ancient:#5681505 LI:#13273207   24/25 peers      6 MiB chain    3 MiB queue  RPC:  0 conn,    0 req/s,    0 µs