INFO [07-28|13:02:45.182] State heal in progress                   accounts=8105@424.09KiB slots=506@40.54KiB codes=2059@15.80MiB nodes=48,682,877@13.94GiB pending=83770
INFO [07-28|13:02:53.606] State heal in progress                   accounts=8105@424.09KiB slots=506@40.54KiB codes=2059@15.80MiB nodes=48,683,470@13.94GiB pending=84949
INFO [07-28|13:03:05.699] State heal in progress                   accounts=8105@424.09KiB slots=506@40.54KiB codes=2059@15.80MiB nodes=48,684,312@13.94GiB pending=86025
INFO [07-28|13:03:12.888] Imported new block headers               count=1  elapsed=6.863ms   number=12,914,594 hash=77e936..1cd7af
INFO [07-28|13:03:13.158] Downloader queue stats                   receiptTasks=0 blockTasks=0 itemSize=252.48KiB throttle=260
INFO [07-28|13:03:17.808] State heal in progress                   accounts=8105@424.09KiB slots=506@40.54KiB codes=2059@15.80MiB nodes=48,685,015@13.94GiB pending=86787
WARN [07-28|13:03:24.725] Unexpected trienode heal packet          peer=eab54690 reqid=4,040,766,466,281,220,799
INFO [07-28|13:03:30.426] State heal in progress                   accounts=8105@424.09KiB slots=506@40.54KiB codes=2059@15.80MiB nodes=48,685,714@13.94GiB pending=87465
WARN [07-28|13:03:30.428] Unexpected trienode heal packet          peer=af943620 reqid=5,988,976,945,442,560,332
ERROR[07-28|13:03:36.152] Snapshot extension registration failed   peer=cc9bd165 err="peer connected on snap without compatible eth support"
INFO [07-28|13:03:41.364] State heal in progress                   accounts=8105@424.09KiB slots=506@40.54KiB codes=2059@15.80MiB nodes=48,686,384@13.94GiB pending=88378
WARN [07-28|13:03:41.365] Unexpected trienode heal packet          peer=998a8de3 reqid=8,558,366,028,574,175,091
WARN [07-28|13:03:41.536] Unexpected trienode heal packet          peer=df5f16fe reqid=6,228,065,581,409,071,391
WARN [07-28|13:03:42.584] Unexpected trienode heal packet          peer=b6fb365a reqid=6,262,675,512,067,802,004
INFO [07-28|13:03:49.364] State heal in progress                   accounts=8155@426.98KiB slots=506@40.54KiB codes=2059@15.80MiB nodes=48,686,934@13.94GiB pending=88756
ERROR[07-28|13:03:54.991] Snapshot extension registration failed   peer=83a1b3f5 err="peer connected on snap without compatible eth support"
INFO [07-28|13:04:00.761] State heal in progress                   accounts=8247@431.96KiB slots=506@40.54KiB codes=2059@15.80MiB nodes=48,687,793@13.94GiB pending=89284
INFO [07-28|13:04:05.420] Imported new block headers               count=1  elapsed=9.455ms   number=12,914,595 hash=914450..964fa3 age=1m36s
INFO [07-28|13:04:09.499] State heal in progress                   accounts=8249@432.05KiB slots=506@40.54KiB codes=2059@15.80MiB nodes=48,688,268@13.94GiB pending=89882
INFO [07-28|13:04:17.840] Imported new block headers               count=1  elapsed=8.143ms   number=12,914,596 hash=f303c6..252627 age=1m46s
INFO [07-28|13:04:18.223] Downloader queue stats                   receiptTasks=0 blockTasks=0 itemSize=246.07KiB throttle=267
INFO [07-28|13:04:19.469] State heal in progress                   accounts=8256@432.47KiB slots=506@40.54KiB codes=2059@15.80MiB nodes=48,688,882@13.94GiB pending=90648
INFO [07-28|13:04:28.936] State heal in progress                   accounts=8281@433.87KiB slots=506@40.54KiB codes=2059@15.80MiB nodes=48,689,450@13.94GiB pending=91283
INFO [07-28|13:04:36.431] Imported new block headers               count=1  elapsed=6.350ms   number=12,914,597 hash=37bc9d..aa90d5 age=1m26s
INFO [07-28|13:04:39.236] State heal in progress                   accounts=8295@434.59KiB slots=506@40.54KiB codes=2059@15.80MiB nodes=48,690,060@13.94GiB pending=92066
INFO [07-28|13:04:39.600] Imported new block headers               count=1  elapsed=6.388ms   number=12,914,598 hash=3a6123..99a148
INFO [07-28|13:04:45.853] Imported new block headers               count=1  elapsed=5.308ms   number=12,914,599 hash=8d9e9b..8c1492
INFO [07-28|13:04:48.613] State heal in progress                   accounts=8306@435.24KiB slots=506@40.54KiB codes=2059@15.80MiB nodes=48,690,659@13.95GiB pending=92984
INFO [07-28|13:04:58.983] State heal in progress                   accounts=8329@436.57KiB slots=506@40.54KiB codes=2059@15.80MiB nodes=48,691,303@13.95GiB pending=93569
INFO [07-28|13:05:04.454] Imported new block headers               count=1  elapsed=5.500ms   number=12,914,600 hash=77b3a7..aa91f9
INFO [07-28|13:05:08.444] State heal in progress                   accounts=8422@441.10KiB slots=506@40.54KiB codes=2059@15.80MiB nodes=48,692,144@13.95GiB pending=94118
INFO [07-28|13:05:16.738] State heal in progress                   accounts=8528@446.76KiB slots=506@40.54KiB codes=2059@15.80MiB nodes=48,692,871@13.95GiB pending=94454
INFO [07-28|13:05:26.141] Imported new block headers               count=2  elapsed=10.703ms  number=12,914,602 hash=192970..39d946
INFO [07-28|13:05:26.756] State heal in progress                   accounts=8614@451.74KiB slots=506@40.54KiB codes=2059@15.80MiB nodes=48,693,654@13.95GiB pending=95051
INFO [07-28|13:05:27.292] Downloader queue stats                   receiptTasks=0 blockTasks=0 itemSize=259.56KiB throttle=253
INFO [07-28|13:05:36.873] State heal in progress                   accounts=8685@455.37KiB slots=506@40.54KiB codes=2059@15.80MiB nodes=48,694,431@13.95GiB pending=95732
ERROR[07-28|13:05:45.985] Snapshot extension registration failed   peer=f60aab36 err="peer connected on snap without compatible eth support"
INFO [07-28|13:05:47.180] State heal in progress                   accounts=8772@459.93KiB slots=506@40.54KiB codes=2059@15.80MiB nodes=48,695,213@13.95GiB pending=96363
INFO [07-28|13:05:53.982] Imported new block headers               count=1  elapsed=5.758ms   number=12,914,603 hash=1e3afb..fa1f3f
INFO [07-28|13:05:58.132] State heal in progress                   accounts=8831@463.00KiB slots=506@40.54KiB codes=2059@15.80MiB nodes=48,696,022@13.95GiB pending=97168
WARN [07-28|13:06:02.087] Unexpected trienode heal packet          peer=479ba845 reqid=2,233,857,406,235,539,309
INFO [07-28|13:06:09.305] State heal in progress                   accounts=8990@471.72KiB slots=506@40.54KiB codes=2059@15.80MiB nodes=48,696,996@13.95GiB pending=97583
INFO [07-28|13:06:22.721] State heal in progress                   accounts=9133@479.23KiB slots=506@40.54KiB codes=2059@15.80MiB nodes=48,698,081@13.95GiB pending=98116
INFO [07-28|13:06:24.923] Imported new block headers               count=1  elapsed=5.971ms   number=12,914,604 hash=87b6da..47442a age=1m
INFO [07-28|13:06:27.326] Downloader queue stats                   receiptTasks=0 blockTasks=0 itemSize=252.43KiB throttle=260
INFO [07-28|13:06:40.305] State heal in progress                   accounts=9141@479.69KiB slots=506@40.54KiB codes=2059@15.80MiB nodes=48,699,016@13.95GiB pending=99083
WARN [07-28|13:06:40.308] Unexpected trienode heal packet          peer=6c88466e reqid=8,983,921,569,655,839,593
INFO [07-28|13:06:40.445] Imported new block headers               count=1  elapsed=5.896ms   number=12,914,605 hash=f88d64..fc1ec8 age=1m14s
INFO [07-28|13:06:43.614] Imported new block headers               count=1  elapsed=5.528ms   number=12,914,606 hash=12d6f4..92a1fc
WARN [07-28|13:06:44.139] Unexpected trienode heal packet          peer=ded82dac reqid=4,421,075,024,774,202,775
WARN [07-28|13:06:44.603] Unexpected trienode heal packet          peer=479ba845 reqid=1,689,363,782,277,598,397
WARN [07-28|13:06:44.635] Unexpected trienode heal packet          peer=c66ab34b reqid=6,101,877,327,105,061,543
INFO [07-28|13:06:48.579] State heal in progress                   accounts=9316@488.91KiB slots=506@40.54KiB codes=2059@15.80MiB nodes=48,699,822@13.95GiB pending=99340
INFO [07-28|13:06:58.866] State heal in progress                   accounts=9587@502.61KiB slots=508@40.68KiB codes=2059@15.80MiB nodes=48,700,953@13.95GiB pending=99414
INFO [07-28|13:07:07.014] State heal in progress                   accounts=9758@511.87KiB slots=508@40.68KiB codes=2059@15.80MiB nodes=48,701,717@13.95GiB pending=99869
INFO [07-28|13:07:11.460] Imported new block headers               count=1  elapsed=6.149ms   number=12,914,607 hash=cd511a..621fb2
INFO [07-28|13:07:17.243] State heal in progress                   accounts=9948@521.66KiB slots=508@40.68KiB codes=2059@15.80MiB nodes=48,702,710@13.95GiB pending=100,193
INFO [07-28|13:07:27.984] State heal in progress                   accounts=10060@527.67KiB slots=508@40.68KiB codes=2059@15.80MiB nodes=48,703,571@13.95GiB pending=100,768
INFO [07-28|13:07:39.174] State heal in progress                   accounts=10154@532.77KiB slots=508@40.68KiB codes=2059@15.80MiB nodes=48,704,371@13.95GiB pending=101,532
INFO [07-28|13:07:47.293] State heal in progress                   accounts=10266@538.67KiB slots=508@40.68KiB codes=2059@15.80MiB nodes=48,705,097@13.95GiB pending=101,914
INFO [07-28|13:07:48.560] Imported new block headers               count=2  elapsed=5.828ms   number=12,914,609 hash=d59b9d..3ffdd4 age=1m6s
INFO [07-28|13:07:50.415] Downloader queue stats                   receiptTasks=0 blockTasks=0 itemSize=252.88KiB throttle=260
INFO [07-28|13:07:51.729] Imported new block headers               count=1  elapsed=5.633ms   number=12,914,610 hash=cb8218..2c3a56
INFO [07-28|13:07:55.704] State heal in progress                   accounts=10349@543.52KiB slots=510@40.84KiB codes=2059@15.80MiB nodes=48,705,708@13.95GiB pending=102,335
INFO [07-28|13:07:57.989] Imported new block headers               count=1  elapsed=5.939ms   number=12,914,611 hash=d3a4f5..9c4ed1
INFO [07-28|13:08:04.552] State heal in progress                   accounts=10782@565.67KiB slots=518@41.44KiB codes=2059@15.80MiB nodes=48,707,001@13.95GiB pending=102,252
INFO [07-28|13:08:10.413] Imported new block headers               count=1  elapsed=7.416ms   number=12,914,612 hash=e9d768..376e70
INFO [07-28|13:08:14.214] State heal in progress                   accounts=11099@583.03KiB slots=519@41.54KiB codes=2059@15.80MiB nodes=48,708,038@13.95GiB pending=102,168
INFO [07-28|13:08:16.668] Imported new block headers               count=1  elapsed=5.935ms   number=12,914,613 hash=e57a47..58c76f
INFO [07-28|13:08:23.241] State heal in progress                   accounts=11285@592.88KiB slots=519@41.54KiB codes=2059@15.80MiB nodes=48,708,946@13.95GiB pending=102,430
INFO [07-28|13:08:29.096] Imported new block headers               count=1  elapsed=7.080ms   number=12,914,614 hash=0a027a..c73daf
INFO [07-28|13:08:32.718] State heal in progress                   accounts=11512@604.98KiB slots=531@42.43KiB codes=2059@15.80MiB nodes=48,710,006@13.95GiB pending=102,759