INFO [05-09|14:18:36.858] Imported new state entries               count=768  elapsed=4.189ms     processed=573060337 pending=120159 trieretry=0    coderetry=0 duplicate=0 unexpected=2883
INFO [05-09|14:18:39.497] Imported new state entries               count=384  elapsed="809.003µs" processed=573060721 pending=120712 trieretry=0    coderetry=0 duplicate=0 unexpected=2883
INFO [05-09|14:18:43.141] Imported new state entries               count=770  elapsed=3.416ms     processed=573061491 pending=120817 trieretry=0    coderetry=0 duplicate=0 unexpected=2883
INFO [05-09|14:18:45.738] Imported new state entries               count=384  elapsed=3.610ms     processed=573061875 pending=120497 trieretry=0    coderetry=0 duplicate=0 unexpected=2883
INFO [05-09|14:18:45.739] Imported new state entries               count=0    elapsed="26.4µs"    processed=573061875 pending=120497 trieretry=2    coderetry=0 duplicate=0 unexpected=2885
INFO [05-09|14:18:45.740] Imported new state entries               count=0    elapsed=1.009ms     processed=573061875 pending=120490 trieretry=383  coderetry=0 duplicate=0 unexpected=3268
INFO [05-09|14:18:52.122] Imported new state entries               count=385  elapsed="506.601µs" processed=573062260 pending=120882 trieretry=383  coderetry=0 duplicate=0 unexpected=3268
INFO [05-09|14:18:58.021] Imported new state entries               count=386  elapsed="98.2µs"    processed=573062646 pending=121578 trieretry=0    coderetry=0 duplicate=0 unexpected=3268
INFO [05-09|14:18:58.922] Imported new block headers               count=1    elapsed=7.255ms     number=12400641 hash="98f420…37395e" age=1m14s
INFO [05-09|14:18:59.534] Downloader queue stats                   receiptTasks=0 blockTasks=0 itemSize=282.67KiB throttle=232
INFO [05-09|14:19:02.085] Imported new block headers               count=1    elapsed=7.169ms     number=12400642 hash="db26d6…673567" age=1m16s
INFO [05-09|14:19:04.471] Imported new state entries               count=384  elapsed="607.802µs" processed=573063030 pending=121898 trieretry=0    coderetry=0 duplicate=0 unexpected=3268
INFO [05-09|14:19:08.329] Imported new block headers               count=1    elapsed=7.314ms     number=12400643 hash="4b9161…0be6f1" age=1m20s
INFO [05-09|14:19:10.372] Imported new state entries               count=384  elapsed="627.502µs" processed=573063414 pending=122242 trieretry=0    coderetry=0 duplicate=0 unexpected=3268
INFO [05-09|14:19:12.633] Writing clean trie cache to disk         path=/data/eth-data/geth/triecache threads=1
INFO [05-09|14:19:12.667] Regenerated local transaction journal    transactions=0 accounts=0
INFO [05-09|14:19:12.743] Persisted the clean trie cache           path=/data/eth-data/geth/triecache elapsed=105.965ms
INFO [05-09|14:19:13.833] Imported new state entries               count=384  elapsed=2.860ms     processed=573063798 pending=122572 trieretry=0    coderetry=0 duplicate=0 unexpected=3268
INFO [05-09|14:19:19.290] Imported new state entries               count=384  elapsed="557.902µs" processed=573064182 pending=123285 trieretry=0    coderetry=0 duplicate=0 unexpected=3268
INFO [05-09|14:19:24.593] Imported new state entries               count=768  elapsed=3.554ms     processed=573064950 pending=123283 trieretry=4    coderetry=0 duplicate=0 unexpected=3268
INFO [05-09|14:19:26.345] Imported new state entries               count=384  elapsed="211.701µs" processed=573065334 pending=124955 trieretry=2    coderetry=0 duplicate=0 unexpected=3268
INFO [05-09|14:19:27.279] Imported new block headers               count=1    elapsed=6.742ms     number=12400644 hash="78c9c6…f7e1a9"
INFO [05-09|14:19:31.560] Imported new state entries               count=384  elapsed="801.103µs" processed=573065718 pending=125199 trieretry=0    coderetry=0 duplicate=0 unexpected=3268
INFO [05-09|14:19:36.720] Imported new state entries               count=384  elapsed="386.001µs" processed=573066102 pending=125892 trieretry=0    coderetry=0 duplicate=0 unexpected=3268
INFO [05-09|14:19:39.952] Imported new state entries               count=384  elapsed="575.202µs" processed=573066486 pending=126288 trieretry=0    coderetry=0 duplicate=0 unexpected=3268
INFO [05-09|14:19:45.692] Imported new state entries               count=384  elapsed="626.902µs" processed=573066870 pending=126682 trieretry=0    coderetry=0 duplicate=0 unexpected=3268
INFO [05-09|14:19:50.781] Imported new state entries               count=384  elapsed="334.301µs" processed=573067254 pending=127183 trieretry=0    coderetry=0 duplicate=0 unexpected=3268
INFO [05-09|14:19:55.097] Imported new block headers               count=1    elapsed=8.117ms     number=12400645 hash="a2e85a…ff25a4"
INFO [05-09|14:19:55.523] Imported new state entries               count=384  elapsed="552.301µs" processed=573067638 pending=127642 trieretry=2    coderetry=0 duplicate=0 unexpected=3268
INFO [05-09|14:19:59.549] Imported new state entries               count=384  elapsed="376.801µs" processed=573068022 pending=128451 trieretry=0    coderetry=0 duplicate=0 unexpected=3268