INFO [05-09|14:20:05.052] Imported new state entries               count=384  elapsed="564.202µs" processed=573068406 pending=128942 trieretry=0    coderetry=0 duplicate=0 unexpected=3268
INFO [05-09|14:20:07.588] Imported new block headers               count=1    elapsed=9.710ms     number=12400647 hash="24bcda…06dc8a"
INFO [05-09|14:20:07.813] Imported new state entries               count=384  elapsed="383.202µs" processed=573068790 pending=129355 trieretry=0    coderetry=0 duplicate=0 unexpected=3268
INFO [05-09|14:20:12.166] Imported new state entries               count=384  elapsed="301.201µs" processed=573069174 pending=130480 trieretry=0    coderetry=0 duplicate=0 unexpected=3268
INFO [05-09|14:20:13.829] Imported new block headers               count=1    elapsed=7.221ms     number=12400648 hash="bc034b…e0a290"
INFO [05-09|14:20:17.805] Imported new state entries               count=384  elapsed="602.302µs" processed=573069558 pending=131230 trieretry=0    coderetry=0 duplicate=0 unexpected=3268
INFO [05-09|14:20:22.656] Imported new state entries               count=384  elapsed=1.735ms     processed=573069942 pending=131408 trieretry=0    coderetry=0 duplicate=0 unexpected=3268
INFO [05-09|14:20:23.156] Imported new block headers               count=1    elapsed=7.193ms     number=12400649 hash="d2b9be…6085a8"
INFO [05-09|14:20:28.053] Imported new state entries               count=384  elapsed="701.002µs" processed=573070326 pending=131863 trieretry=0    coderetry=0 duplicate=0 unexpected=3268
INFO [05-09|14:20:29.401] Imported new block headers               count=1    elapsed=6.841ms     number=12400650 hash="5c3096…518072"
INFO [05-09|14:20:33.467] Imported new state entries               count=384  elapsed=1.015ms     processed=573070710 pending=132330 trieretry=0    coderetry=0 duplicate=0 unexpected=3268
INFO [05-09|14:20:36.971] Imported new state entries               count=384  elapsed="93.4µs"    processed=573071094 pending=133622 trieretry=0    coderetry=0 duplicate=0 unexpected=3268
INFO [05-09|14:20:38.732] Imported new block headers               count=1    elapsed=9.373ms     number=12400651 hash="620a3a…299ec2"
INFO [05-09|14:20:40.874] Imported new state entries               count=384  elapsed=1.803ms     processed=573071478 pending=133875 trieretry=0    coderetry=0 duplicate=0 unexpected=3268
INFO [05-09|14:20:44.604] Imported new state entries               count=384  elapsed="395.301µs" processed=573071862 pending=134198 trieretry=0    coderetry=0 duplicate=0 unexpected=3268
INFO [05-09|14:20:44.976] Imported new block headers               count=1    elapsed=6.300ms     number=12400652 hash="e2a39e…4e010b"
INFO [05-09|14:20:47.276] Imported new state entries               count=384  elapsed=2.142ms     processed=573072246 pending=134503 trieretry=0    coderetry=0 duplicate=0 unexpected=3268
INFO [05-09|14:20:50.163] Imported new state entries               count=386  elapsed="400.702µs" processed=573072632 pending=134816 trieretry=0    coderetry=0 duplicate=0 unexpected=3268
INFO [05-09|14:20:51.220] Imported new block headers               count=1    elapsed=5.829ms     number=12400653 hash="351bce…65319a"
INFO [05-09|14:20:51.477] Imported new state entries               count=0    elapsed="8.6µs"     processed=573072632 pending=134350 trieretry=2    coderetry=0 duplicate=0 unexpected=3270
INFO [05-09|14:20:53.712] Imported new state entries               count=768  elapsed=5.788ms     processed=573073400 pending=134822 trieretry=0    coderetry=0 duplicate=0 unexpected=3270
INFO [05-09|14:20:56.514] Imported new state entries               count=384  elapsed="976.703µs" processed=573073784 pending=137763 trieretry=0    coderetry=0 duplicate=0 unexpected=3270
INFO [05-09|14:21:01.415] Imported new state entries               count=386  elapsed=1.531ms     processed=573074170 pending=137956 trieretry=0    coderetry=0 duplicate=0 unexpected=3270
INFO [05-09|14:21:03.630] Imported new block headers               count=1    elapsed=5.828ms     number=12400654 hash="937c68…6d592a"
INFO [05-09|14:21:04.607] Downloader queue stats                   receiptTasks=0 blockTasks=0 itemSize=273.36KiB throttle=240
INFO [05-09|14:21:06.793] Imported new block headers               count=1    elapsed=5.833ms     number=12400655 hash="af0873…028154"
INFO [05-09|14:21:09.090] Imported new state entries               count=768  elapsed=4.550ms     processed=573074938 pending=138243 trieretry=0    coderetry=0 duplicate=0 unexpected=3270
INFO [05-09|14:21:17.646] Imported new state entries               count=384  elapsed="2.2µs"     processed=573075322 pending=138651 trieretry=0    coderetry=0 duplicate=0 unexpected=3270
INFO [05-09|14:21:22.352] Imported new block headers               count=1    elapsed=5.738ms     number=12400656 hash="aa0f9c…b279a5"
INFO [05-09|14:21:22.698] Imported new state entries               count=384  elapsed=1.228ms     processed=573075706 pending=138784 trieretry=0    coderetry=0 duplicate=0 unexpected=3270
INFO [05-09|14:21:25.515] Imported new block headers               count=1    elapsed=5.598ms     number=12400657 hash="d7973d…76e57a"
INFO [05-09|14:21:28.051] Imported new state entries               count=384  elapsed=1.236ms     processed=573076090 pending=138929 trieretry=0    coderetry=0 duplicate=0 unexpected=3270
INFO [05-09|14:21:35.224] Imported new state entries               count=768  elapsed=2.137ms     processed=573076858 pending=139291 trieretry=2    coderetry=0 duplicate=0 unexpected=3270
INFO [05-09|14:21:43.293] Imported new state entries               count=384  elapsed="116.601µs" processed=573077242 pending=139751 trieretry=0    coderetry=0 duplicate=0 unexpected=3270
INFO [05-09|14:21:51.529] Imported new state entries               count=384  elapsed="357.102µs" processed=573077626 pending=140174 trieretry=0    coderetry=0 duplicate=0 unexpected=3270
INFO [05-09|14:21:59.508] Imported new block headers               count=1    elapsed=6.977ms     number=12400658 hash="2ec998…38f3f6"
INFO [05-09|14:21:59.612] Imported new state entries               count=384  elapsed="148.8µs"   processed=573078010 pending=140613 trieretry=0    coderetry=0 duplicate=0 unexpected=3270
INFO [05-09|14:22:04.130] Imported new state entries               count=384  elapsed=1.637ms     processed=573078394 pending=140668 trieretry=0    coderetry=0 duplicate=0 unexpected=3270
INFO [05-09|14:22:08.833] Imported new block headers               count=1    elapsed=6.817ms     number=12400659 hash="4d0a37…b676e6"
INFO [05-09|14:22:09.647] Downloader queue stats                   receiptTasks=0 blockTasks=0 itemSize=260.11KiB throttle=252
INFO [05-09|14:22:10.164] Imported new state entries               count=384  elapsed=1.060ms     processed=573078778 pending=140847 trieretry=0    coderetry=0 duplicate=0 unexpected=3270
INFO [05-09|14:22:14.237] Imported new state entries               count=384  elapsed="439.902µs" processed=573079162 pending=141194 trieretry=0    coderetry=0 duplicate=0 unexpected=3270
INFO [05-09|14:22:18.188] Imported new state entries               count=384  elapsed="903.303µs" processed=573079546 pending=141437 trieretry=2    coderetry=0 duplicate=0 unexpected=3270
INFO [05-09|14:22:22.580] Imported new state entries               count=384  elapsed=1.534ms     processed=573079930 pending=141442 trieretry=0    coderetry=0 duplicate=0 unexpected=3270
INFO [05-09|14:22:28.528] Imported new state entries               count=384  elapsed=1.084ms     processed=573080314 pending=141635 trieretry=0    coderetry=0 duplicate=0 unexpected=3270
INFO [05-09|14:22:33.381] Imported new state entries               count=384  elapsed=1.424ms     processed=573080698 pending=141702 trieretry=0    coderetry=0 duplicate=0 unexpected=3270
INFO [05-09|14:22:40.630] Imported new state entries               count=768  elapsed=3.402ms     processed=573081466 pending=141792 trieretry=0    coderetry=0 duplicate=0 unexpected=3270
INFO [05-09|14:22:47.014] Imported new state entries               count=768  elapsed=2.837ms     processed=573082234 pending=141980 trieretry=0    coderetry=0 duplicate=0 unexpected=3270
INFO [05-09|14:22:55.143] Imported new block headers               count=1    elapsed=6.537ms     number=12400660 hash="e240c7…850ae5" age=1m30s
INFO [05-09|14:22:57.394] Imported new state entries               count=768  elapsed=1.616ms     processed=573083002 pending=142409 trieretry=0    coderetry=0 duplicate=0 unexpected=3270
INFO [05-09|14:23:03.435] Imported new state entries               count=384  elapsed="824.803µs" processed=573083386 pending=142690 trieretry=0    coderetry=0 duplicate=0 unexpected=3270
INFO [05-09|14:23:11.526] Imported new state entries               count=768  elapsed=2.995ms     processed=573084154 pending=142876 trieretry=0    coderetry=0 duplicate=0 unexpected=3270
INFO [05-09|14:23:14.726] Imported new state entries               count=0    elapsed="8.4µs"     processed=573084154 pending=142952 trieretry=2    coderetry=0 duplicate=0 unexpected=3272
INFO [05-09|14:23:16.795] Imported new block headers               count=1    elapsed=6.660ms     number=12400661 hash="767328…052bc4" age=1m19s
INFO [05-09|14:23:17.704] Downloader queue stats                   receiptTasks=0 blockTasks=0 itemSize=268.35KiB throttle=245
INFO [05-09|14:23:19.957] Imported new block headers               count=1    elapsed=5.858ms     number=12400662 hash="5319de…9adf21" age=1m11s
INFO [05-09|14:23:21.057] Imported new state entries               count=770  elapsed=1.899ms     processed=573084924 pending=143226 trieretry=0    coderetry=0 duplicate=0 unexpected=3272
INFO [05-09|14:23:22.650] Imported new state entries               count=384  elapsed="311.101µs" processed=573085308 pending=146723 trieretry=0    coderetry=0 duplicate=0 unexpected=3272
INFO [05-09|14:23:26.453] Imported new state entries               count=384  elapsed=1.280ms     processed=573085692 pending=146793 trieretry=0    coderetry=0 duplicate=0 unexpected=3272
INFO [05-09|14:23:30.965] Imported new state entries               count=1157 elapsed=8.461ms     processed=573086849 pending=145885 trieretry=0    coderetry=0 duplicate=0 unexpected=3272
INFO [05-09|14:23:35.638] Imported new state entries               count=768  elapsed=1.992ms     processed=573087617 pending=146218 trieretry=0    coderetry=0 duplicate=0 unexpected=3272
INFO [05-09|14:23:39.570] Imported new state entries               count=768  elapsed=4.734ms     processed=573088385 pending=145617 trieretry=4    coderetry=0 duplicate=0 unexpected=3272
INFO [05-09|14:23:44.348] Imported new state entries               count=384  elapsed=1.500ms     processed=573088769 pending=145616 trieretry=2    coderetry=0 duplicate=0 unexpected=3272
INFO [05-09|14:23:44.698] Imported new block headers               count=1    elapsed=8.540ms     number=12400663 hash="87155b…1fbf00"
INFO [05-09|14:23:50.436] Imported new state entries               count=384  elapsed="354.901µs" processed=573089153 pending=145939 trieretry=0    coderetry=0 duplicate=0 unexpected=3272
INFO [05-09|14:23:54.977] Imported new state entries               count=384  elapsed="229.301µs" processed=573089537 pending=146316 trieretry=0    coderetry=0 duplicate=0 unexpected=3272
INFO [05-09|14:23:57.111] Imported new block headers               count=1    elapsed=6.737ms     number=12400664 hash="b2e1d3…f96b8f"
INFO [05-09|14:24:01.258] Imported new state entries               count=384  elapsed="353.901µs" processed=573089921 pending=146634 trieretry=0    coderetry=0 duplicate=0 unexpected=3272
INFO [05-09|14:24:07.691] Imported new state entries               count=384  elapsed="521.801µs" processed=573090305 pending=146938 trieretry=0    coderetry=0 duplicate=0 unexpected=3272
INFO [05-09|14:24:12.932] Imported new state entries               count=384  elapsed=1.435ms     processed=573090689 pending=147057 trieretry=0    coderetry=0 duplicate=0 unexpected=3272
INFO [05-09|14:24:16.237] Imported new state entries               count=1538 elapsed=13.300ms    processed=573092227 pending=146131 trieretry=0    coderetry=0 duplicate=0 unexpected=3272
INFO [05-09|14:24:19.515] Imported new state entries               count=768  elapsed=3.934ms     processed=573092995 pending=145899 trieretry=0    coderetry=0 duplicate=0 unexpected=3272
INFO [05-09|14:24:23.656] Imported new state entries               count=768  elapsed=6.383ms     processed=573093763 pending=145191 trieretry=0    coderetry=0 duplicate=0 unexpected=3272
INFO [05-09|14:24:28.408] Imported new state entries               count=768  elapsed=5.099ms     processed=573094531 pending=144585 trieretry=0    coderetry=0 duplicate=0 unexpected=3272
INFO [05-09|14:24:31.118] Imported new block headers               count=1    elapsed=8.078ms     number=12400665 hash="6fbbed…d75c2f" age=1m12s
INFO [05-09|14:24:31.751] Downloader queue stats                   receiptTasks=0 blockTasks=0 itemSize=274.23KiB throttle=239
INFO [05-09|14:24:33.984] Imported new state entries               count=768  elapsed=4.329ms     processed=573095299 pending=144212 trieretry=0    coderetry=0 duplicate=0 unexpected=3272
INFO [05-09|14:24:40.447] Imported new block headers               count=1    elapsed=6.192ms     number=12400666 hash="6760d4…a49af4"
INFO [05-09|14:24:40.831] Imported new state entries               count=768  elapsed=5.119ms     processed=573096067 pending=143989 trieretry=0    coderetry=0 duplicate=0 unexpected=3272
INFO [05-09|14:24:40.924] Imported new state entries               count=0    elapsed="9.3µs"     processed=573096067 pending=143993 trieretry=2    coderetry=0 duplicate=0 unexpected=3274
INFO [05-09|14:24:44.642] Imported new state entries               count=772  elapsed=5.056ms     processed=573096839 pending=143500 trieretry=0    coderetry=0 duplicate=0 unexpected=3274
INFO [05-09|14:24:49.779] Imported new block headers               count=1    elapsed=5.610ms     number=12400667 hash="3733a8…1ac52d"
INFO [05-09|14:24:49.847] Imported new state entries               count=384  elapsed="570.202µs" processed=573097223 pending=144103 trieretry=0    coderetry=0 duplicate=0 unexpected=3274
INFO [05-09|14:24:54.022] Imported new state entries               count=384  elapsed=3.201ms     processed=573097607 pending=144324 trieretry=0    coderetry=0 duplicate=0 unexpected=3274
INFO [05-09|14:24:59.418] Imported new state entries               count=782  elapsed=5.772ms     processed=573098389 pending=143834 trieretry=2    coderetry=0 duplicate=0 unexpected=3274
INFO [05-09|14:25:04.796] Imported new state entries               count=768  elapsed=2.735ms     processed=573099157 pending=144281 trieretry=0    coderetry=0 duplicate=0 unexpected=3274
INFO [05-09|14:25:09.330] Imported new state entries               count=1152 elapsed=9.916ms     processed=573100309 pending=142930 trieretry=0    coderetry=0 duplicate=0 unexpected=3274
INFO [05-09|14:25:11.446] Imported new block headers               count=1    elapsed=6.438ms     number=12400668 hash="a9af69…0ddb0d"
INFO [05-09|14:25:11.775] Imported new state entries               count=768  elapsed=4.056ms     processed=573101077 pending=142853 trieretry=382  coderetry=0 duplicate=0 unexpected=3274
INFO [05-09|14:25:14.612] Imported new block headers               count=1    elapsed=5.884ms     number=12400669 hash="04b36d…cef872"
INFO [05-09|14:25:15.856] Imported new state entries               count=1536 elapsed=10.445ms    processed=573102613 pending=141813 trieretry=0    coderetry=0 duplicate=0 unexpected=3274
INFO [05-09|14:25:19.832] Imported new state entries               count=770  elapsed=6.740ms     processed=573103383 pending=141003 trieretry=0    coderetry=0 duplicate=0 unexpected=3274
INFO [05-09|14:25:23.855] Imported new state entries               count=768  elapsed=8.324ms     processed=573104151 pending=140173 trieretry=0    coderetry=0 duplicate=0 unexpected=3274
INFO [05-09|14:25:23.946] Imported new block headers               count=1    elapsed=6.495ms     number=12400670 hash="b81be4…fb0fc0"
WARN [05-09|14:25:28.083] Dropping unsynced node during sync       id=8a5178fa92553794 conn=inbound addr=162.55.80.254:35370   type=OpenEthereum/v3.2.5-...
INFO [05-09|14:25:28.965] Imported new state entries               count=768  elapsed=6.733ms     processed=573104919 pending=139676 trieretry=0    coderetry=0 duplicate=0 unexpected=3274
INFO [05-09|14:25:30.194] Imported new block headers               count=1    elapsed=5.701ms     number=12400671 hash="909d78…26cfce"
INFO [05-09|14:25:32.265] Imported new state entries               count=384  elapsed=2.777ms     processed=573105303 pending=139650 trieretry=0    coderetry=0 duplicate=0 unexpected=3274