2021-09-21 20:11:39 UTC  Ancient:#5443505 AB:#5446799   11/25 peers      5 MiB chain    1 MiB queue  RPC:  0 conn,    0 req/s,    0 µs
2021-09-21 20:12:13 UTC  Ancient:#5443506 AB:#5446799   12/25 peers      5 MiB chain  629 KiB queue  RPC:  0 conn,    0 req/s,    0 µs
2021-09-21 20:12:32 UTC Syncing #13271211 0x3f0a…8acb     0.07 blk/s   24.6 tx/s    2.0 Mgas/s      0+    4 Qed Ancient:#5443507 LI:#13271216   11/25 peers      5 MiB chain    1 MiB queue  RPC:  0 conn,    0 req/s,    0 µs
2021-09-21 20:12:33 UTC Syncing #13271211 0x3f0a…8acb     0.00 blk/s    0.0 tx/s    0.0 Mgas/s      0+    4 Qed Ancient:#5443507 LI:#13271216   10/25 peers      5 MiB chain    1 MiB queue  RPC:  0 conn,    0 req/s,    0 µs
2021-09-21 20:12:38 UTC Syncing #13271211 0x3f0a…8acb     0.00 blk/s    0.0 tx/s    0.0 Mgas/s      0+    4 Qed Ancient:#5443507 LI:#13271216   10/25 peers      5 MiB chain    1 MiB queue  RPC:  0 conn,    0 req/s,    0 µs
2021-09-21 20:12:46 UTC Syncing #13271211 0x3f0a…8acb     0.00 blk/s    0.0 tx/s    0.0 Mgas/s      0+    4 Qed Ancient:#5443507 LI:#13271216   16/25 peers      5 MiB chain    1 MiB queue  RPC:  0 conn,    0 req/s,    0 µs
2021-09-21 20:13:23 UTC  Ancient:#5443510 AB:#5446799   10/25 peers      5 MiB chain 1016 KiB queue  RPC:  0 conn,    0 req/s,    0 µs
2021-09-21 20:13:48 UTC  Ancient:#5443512 AB:#5446799   10/25 peers      5 MiB chain  683 KiB queue  RPC:  0 conn,    0 req/s,    0 µs
2021-09-21 20:14:42 UTC Syncing #13271221 0x25fd…af34     0.09 blk/s   20.0 tx/s    1.6 Mgas/s      0+    7 Qed Ancient:#5446799 LI:#13271228    9/25 peers     83 KiB chain    1 MiB queue  RPC:  0 conn,    0 req/s,    0 µs
2021-09-21 20:14:42 UTC Syncing #13271221 0x25fd…af34     0.09 blk/s   20.6 tx/s    1.6 Mgas/s      0+    7 Qed Ancient:#5446799 LI:#13271228    9/25 peers     83 KiB chain    1 MiB queue  RPC:  0 conn,    0 req/s,    0 µs
2021-09-21 20:14:55 UTC Syncing #13271222 0xe35a…a61a     0.09 blk/s    3.5 tx/s    0.4 Mgas/s      0+    7 Qed Ancient:#5446799 LI:#13271230    9/25 peers     92 KiB chain    1 MiB queue  RPC:  0 conn,    0 req/s,    0 µs
2021-09-21 20:14:55 UTC Syncing #13271222 0xe35a…a61a     0.18 blk/s    6.6 tx/s    0.7 Mgas/s      0+    7 Qed Ancient:#5446799 LI:#13271230    9/25 peers     92 KiB chain    1 MiB queue  RPC:  0 conn,    0 req/s,    0 µs
2021-09-21 20:15:00 UTC Syncing #13271222 0xe35a…a61a     0.00 blk/s    0.0 tx/s    0.0 Mgas/s      0+    8 Qed Ancient:#5446799 LI:#13271231    6/25 peers     92 KiB chain    2 MiB queue  RPC:  0 conn,    0 req/s,    0 µs
2021-09-21 20:15:06 UTC Syncing #13271223 0xa459…5201     0.20 blk/s   58.2 tx/s    4.8 Mgas/s      0+    7 Qed Ancient:#5446800 LI:#13271231    6/25 peers    310 KiB chain    2 MiB queue  RPC:  0 conn,    0 req/s,    0 µs
2021-09-21 20:15:12 UTC Syncing #13271224 0x3955…0f43     0.20 blk/s   21.2 tx/s    1.4 Mgas/s      0+    7 Qed Ancient:#5446801 LI:#13271232    6/25 peers    311 KiB chain    2 MiB queue  RPC:  0 conn,    0 req/s,    0 µs
2021-09-21 20:15:13 UTC Syncing #13271224 0x3955…0f43     0.00 blk/s    0.0 tx/s    0.0 Mgas/s      0+    7 Qed Ancient:#5446801 LI:#13271232    6/25 peers    311 KiB chain    2 MiB queue  RPC:  0 conn,    0 req/s,    0 µs
2021-09-21 20:15:23 UTC Syncing #13271225 0x331f…9d62     0.20 blk/s   31.6 tx/s    2.1 Mgas/s      0+    6 Qed Ancient:#5446802 LI:#13271232    5/25 peers    381 KiB chain    2 MiB queue  RPC:  0 conn,    0 req/s,    0 µs
2021-09-21 20:15:23 UTC Syncing #13271225 0x331f…9d62     0.00 blk/s    0.0 tx/s    0.0 Mgas/s      0+    6 Qed Ancient:#5446802 LI:#13271232    5/25 peers    381 KiB chain    2 MiB queue  RPC:  0 conn,    0 req/s,    0 µs
2021-09-21 20:15:38 UTC Syncing #13271226 0x7e10…096f     0.10 blk/s    6.7 tx/s    0.5 Mgas/s      0+    5 Qed Ancient:#5446803 LI:#13271232    5/25 peers    381 KiB chain    1 MiB queue  RPC:  0 conn,    0 req/s,    0 µs
2021-09-21 20:15:38 UTC Syncing #13271226 0x7e10…096f     0.20 blk/s   13.4 tx/s    1.0 Mgas/s      0+    5 Qed Ancient:#5446803 LI:#13271232    5/25 peers    381 KiB chain    1 MiB queue  RPC:  0 conn,    0 req/s,    0 µs
2021-09-21 20:15:38 UTC Syncing #13271226 0x7e10…096f     0.00 blk/s    0.0 tx/s    0.0 Mgas/s      0+    5 Qed Ancient:#5446803 LI:#13271234    5/25 peers    381 KiB chain    1 MiB queue  RPC:  0 conn,    0 req/s,    0 µs
2021-09-21 20:15:43 UTC Syncing #13271226 0x7e10…096f     0.00 blk/s    0.0 tx/s    0.0 Mgas/s      0+    7 Qed Ancient:#5446803 LI:#13271234    5/25 peers    381 KiB chain    2 MiB queue  RPC:  0 conn,    0 req/s,    0 µs
2021-09-21 20:15:48 UTC Syncing #13271226 0x7e10…096f     0.00 blk/s    0.0 tx/s    0.0 Mgas/s      0+    8 Qed Ancient:#5446803 LI:#13271235    5/25 peers    381 KiB chain    2 MiB queue  RPC:  0 conn,    0 req/s,    0 µs
2021-09-21 20:15:53 UTC Syncing #13271226 0x7e10…096f     0.00 blk/s    0.0 tx/s    0.0 Mgas/s      0+    8 Qed Ancient:#5446803 LI:#13271235    5/25 peers    381 KiB chain    2 MiB queue  RPC:  0 conn,    0 req/s,    0 µs
2021-09-21 20:16:04 UTC Syncing #13271228 0x57c9…4255     0.20 blk/s   80.9 tx/s    3.3 Mgas/s      0+    6 Qed Ancient:#5446809 LI:#13271236    5/25 peers    522 KiB chain    2 MiB queue  RPC:  0 conn,    0 req/s,    0 µs
2021-09-21 20:16:04 UTC Syncing #13271228 0x57c9…4255     0.40 blk/s  161.8 tx/s    6.7 Mgas/s      0+    6 Qed Ancient:#5446809 LI:#13271236    5/25 peers    522 KiB chain    2 MiB queue  RPC:  0 conn,    0 req/s,    0 µs
2021-09-21 20:16:09 UTC Syncing #13271230 0x4603…aa6c     0.40 blk/s   25.2 tx/s    1.7 Mgas/s      0+    5 Qed Ancient:#5446811 LI:#13271236    5/25 peers    523 KiB chain    1 MiB queue  RPC:  0 conn,    0 req/s,    0 µs
2021-09-21 20:16:13 UTC Syncing #13271230 0x4603…aa6c     0.00 blk/s    0.0 tx/s    0.0 Mgas/s      0+    6 Qed Ancient:#5446811 LI:#13271237    5/25 peers    523 KiB chain    2 MiB queue  RPC:  0 conn,    0 req/s,    0 µs
2021-09-21 20:16:18 UTC Syncing #13271230 0x4603…aa6c     0.00 blk/s    0.0 tx/s    0.0 Mgas/s      0+    6 Qed Ancient:#5446811 LI:#13271237    5/25 peers    523 KiB chain    2 MiB queue  RPC:  0 conn,    0 req/s,    0 µs
2021-09-21 20:16:23 UTC Syncing #13271230 0x4603…aa6c     0.00 blk/s    0.0 tx/s    0.0 Mgas/s      0+    7 Qed Ancient:#5446811 LI:#13271238    5/25 peers    523 KiB chain    2 MiB queue  RPC:  0 conn,    0 req/s,    0 µs
2021-09-21 20:16:28 UTC Syncing #13271230 0x4603…aa6c     0.00 blk/s    0.0 tx/s    0.0 Mgas/s      0+    7 Qed Ancient:#5446811 LI:#13271238    6/25 peers    523 KiB chain    2 MiB queue  RPC:  0 conn,    0 req/s,    0 µs
2021-09-21 20:16:33 UTC Syncing #13271230 0x4603…aa6c     0.00 blk/s    0.0 tx/s    0.0 Mgas/s      0+    8 Qed Ancient:#5446811 LI:#13271239    8/25 peers    523 KiB chain    2 MiB queue  RPC:  0 conn,    0 req/s,    0 µs
2021-09-21 20:16:38 UTC Syncing #13271230 0x4603…aa6c     0.00 blk/s    0.0 tx/s    0.0 Mgas/s      0+    8 Qed Ancient:#5446811 LI:#13271239   11/25 peers    523 KiB chain    2 MiB queue  RPC:  0 conn,    0 req/s,    0 µs
2021-09-21 20:16:43 UTC Syncing #13271230 0x4603…aa6c     0.00 blk/s    0.0 tx/s    0.0 Mgas/s      0+    9 Qed Ancient:#5446811 LI:#13271240   15/25 peers    523 KiB chain    2 MiB queue  RPC:  0 conn,    0 req/s,    0 µs
2021-09-21 20:16:56 UTC Syncing #13271231 0xc112…d147     0.10 blk/s   57.3 tx/s    2.8 Mgas/s      0+    8 Qed Ancient:#5446812 LI:#13271240   19/25 peers    523 KiB chain    2 MiB queue  RPC:  0 conn,    0 req/s,    0 µs
2021-09-21 20:16:56 UTC Syncing #13271231 0xc112…d147     0.20 blk/s  114.6 tx/s    5.7 Mgas/s      0+    8 Qed Ancient:#5446812 LI:#13271240   19/25 peers    523 KiB chain    2 MiB queue  RPC:  0 conn,    0 req/s,    0 µs
2021-09-21 20:16:58 UTC Syncing #13271232 0x6363…2848     0.00 blk/s    0.0 tx/s    0.0 Mgas/s      0+    8 Qed Ancient:#5446812 LI:#13271240   19/25 peers    803 KiB chain    2 MiB queue  RPC:  0 conn,    0 req/s,    0 µs
2021-09-21 20:17:03 UTC Syncing #13271232 0x6363…2848     0.20 blk/s   24.4 tx/s    1.9 Mgas/s      0+    7 Qed Ancient:#5446813 LI:#13271240   19/25 peers    803 KiB chain    1 MiB queue  RPC:  0 conn,    0 req/s,    0 µs
2021-09-21 20:17:08 UTC Syncing #13271232 0x6363…2848     0.00 blk/s    0.0 tx/s    0.0 Mgas/s      0+    8 Qed Ancient:#5446813 LI:#13271241   19/25 peers    803 KiB chain    2 MiB queue  RPC:  0 conn,    0 req/s,    0 µs
2021-09-21 20:17:13 UTC Syncing #13271232 0x6363…2848     0.00 blk/s    0.0 tx/s    0.0 Mgas/s      0+   10 Qed Ancient:#5446813 LI:#13271243   18/25 peers    803 KiB chain    2 MiB queue  RPC:  0 conn,    0 req/s,    0 µs
2021-09-21 20:17:18 UTC Syncing #13271232 0x6363…2848     0.00 blk/s    0.0 tx/s    0.0 Mgas/s      0+   10 Qed Ancient:#5446813 LI:#13271243   17/25 peers    803 KiB chain    2 MiB queue  RPC:  0 conn,    0 req/s,    0 µs
2021-09-21 20:17:23 UTC Syncing #13271232 0x6363…2848     0.00 blk/s    0.0 tx/s    0.0 Mgas/s      0+   11 Qed Ancient:#5446813 LI:#13271244   17/25 peers    803 KiB chain    3 MiB queue  RPC:  0 conn,    0 req/s,    0 µs
2021-09-21 20:17:29 UTC Syncing #13271233 0xb2f4…d2f1     0.20 blk/s   55.2 tx/s    4.2 Mgas/s      0+   10 Qed Ancient:#5446819 LI:#13271244   17/25 peers    804 KiB chain    2 MiB queue  RPC:  0 conn,    0 req/s,    0 µs
2021-09-21 20:17:36 UTC Syncing #13271234 0x30e4…9232     0.20 blk/s   23.6 tx/s    1.4 Mgas/s      0+    9 Qed Ancient:#5446820 LI:#13271244   17/25 peers    805 KiB chain    2 MiB queue  RPC:  0 conn,    0 req/s,    0 µs
2021-09-21 20:17:42 UTC Syncing #13271235 0xfc4b…d816     0.20 blk/s   20.8 tx/s    1.6 Mgas/s      0+    9 Qed Ancient:#5446821 LI:#13271245   13/25 peers    805 KiB chain    2 MiB queue  RPC:  0 conn,    0 req/s,    0 µs
2021-09-21 20:17:53 UTC Syncing #13271235 0xfc4b…d816     0.00 blk/s    0.0 tx/s    0.0 Mgas/s      0+    9 Qed Ancient:#5446821 LI:#13271245   15/25 peers    805 KiB chain    2 MiB queue  RPC:  0 conn,    0 req/s,    0 µs
2021-09-21 20:18:00 UTC Syncing #13271236 0xe13c…ecae     0.15 blk/s   57.4 tx/s    2.6 Mgas/s      0+    9 Qed Ancient:#5447313 LI:#13271245    9/25 peers      5 MiB chain    2 MiB queue  RPC:  0 conn,    0 req/s,    0 µs
2021-09-21 20:18:11 UTC Syncing #13271237 0xf31d…084c     0.11 blk/s   14.3 tx/s    0.9 Mgas/s      0+    9 Qed Ancient:#5447599 LI:#13271246    9/25 peers      9 MiB chain    3 MiB queue  RPC:  0 conn,    0 req/s,    0 µs
2021-09-21 20:18:11 UTC Syncing #13271236 0xe13c…ecae     0.00 blk/s    0.0 tx/s    0.0 Mgas/s      0+    9 Qed Ancient:#5447314 LI:#13271246    9/25 peers      5 MiB chain    3 MiB queue  RPC:  0 conn,    0 req/s,    0 µs
2021-09-21 20:18:11 UTC Syncing #13271237 0xf31d…084c     0.00 blk/s    0.0 tx/s    0.0 Mgas/s      0+    9 Qed Ancient:#5447600 LI:#13271246    9/25 peers      9 MiB chain    3 MiB queue  RPC:  0 conn,    0 req/s,    0 µs
2021-09-21 20:18:19 UTC Syncing #13271237 0xf31d…084c     0.00 blk/s    0.0 tx/s    0.0 Mgas/s      0+    8 Qed Ancient:#5447601 LI:#13271246    9/25 peers      2 MiB chain    3 MiB queue  RPC:  0 conn,    0 req/s,    0 µs
2021-09-21 20:18:19 UTC Syncing #13271237 0xf31d…084c     0.00 blk/s    0.0 tx/s    0.0 Mgas/s      0+    8 Qed Ancient:#5447601 LI:#13271246    9/25 peers      2 MiB chain    3 MiB queue  RPC:  0 conn,    0 req/s,    0 µs
2021-09-21 20:18:24 UTC Syncing #13271237 0xf31d…084c     0.00 blk/s    0.0 tx/s    0.0 Mgas/s      0+    8 Qed Ancient:#5447601 LI:#13271246    9/25 peers      2 MiB chain    3 MiB queue  RPC:  0 conn,    0 req/s,    0 µs
2021-09-21 20:18:28 UTC Syncing #13271239 0xe388…6842     0.40 blk/s   72.0 tx/s    4.8 Mgas/s      0+    7 Qed Ancient:#5447603 LI:#13271247    9/25 peers      2 MiB chain    2 MiB queue  RPC:  0 conn,    0 req/s,    0 µs
2021-09-21 20:18:38 UTC Syncing #13271240 0x5ab9…3a74     0.20 blk/s   42.4 tx/s    2.7 Mgas/s      0+    7 Qed Ancient:#5447604 LI:#13271248    9/25 peers      2 MiB chain    2 MiB queue  RPC:  0 conn,    0 req/s,    0 µs
2021-09-21 20:18:38 UTC Syncing #13271240 0x5ab9…3a74     0.00 blk/s    0.0 tx/s    0.0 Mgas/s      0+    8 Qed Ancient:#5447604 LI:#13271249    8/25 peers      2 MiB chain    2 MiB queue  RPC:  0 conn,    0 req/s,    0 µs
2021-09-21 20:18:43 UTC Syncing #13271243 0x651b…479a     0.60 blk/s  112.2 tx/s    6.6 Mgas/s      0+    5 Qed Ancient:#5447607 LI:#13271249    8/25 peers      5 MiB chain    2 MiB queue  RPC:  0 conn,    0 req/s,    0 µs
2021-09-21 20:18:53 UTC Syncing #13271244 0xdde8…bd16     0.20 blk/s   29.0 tx/s    2.8 Mgas/s      0+    6 Qed Ancient:#5447608 LI:#13271251    8/25 peers      5 MiB chain    1 MiB queue  RPC:  0 conn,    0 req/s,    0 µs
2021-09-21 20:18:57 UTC Syncing #13271245 0x7c6b…5fd4     0.20 blk/s   48.4 tx/s    4.0 Mgas/s      0+    5 Qed Ancient:#5447609 LI:#13271251    8/25 peers      5 MiB chain  853 KiB queue  RPC:  0 conn,    0 req/s,    0 µs
2021-09-21 20:18:58 UTC Syncing #13271245 0x7c6b…5fd4     0.00 blk/s    0.0 tx/s    0.0 Mgas/s      0+    6 Qed Ancient:#5447609 LI:#13271252    8/25 peers      5 MiB chain    1 MiB queue  RPC:  0 conn,    0 req/s,    0 µs
2021-09-21 20:19:05 UTC Syncing #13271246 0x18b6…ff5e     0.20 blk/s   65.6 tx/s    4.9 Mgas/s      0+    5 Qed Ancient:#5447610 LI:#13271252    8/25 peers      5 MiB chain  980 KiB queue  RPC:  0 conn,    0 req/s,    0 µs
2021-09-21 20:19:36 UTC  Ancient:#5447615 AB:#5450920    7/25 peers      5 MiB chain  520 KiB queue  RPC:  0 conn,    0 req/s,    0 µs