2021-09-21 20:07:22 UTC Syncing #13271195 0xa2b5…49b9     0.20 blk/s   15.8 tx/s    1.6 Mgas/s      0+    5 Qed Ancient:#5434486 LI:#13271201   18/25 peers      4 MiB chain    1 MiB queue  RPC:  0 conn,    0 req/s,    0 µs
2021-09-21 20:07:27 UTC Syncing #13271196 0x5d44…49a3     0.20 blk/s   51.2 tx/s    4.5 Mgas/s      0+    4 Qed Ancient:#5434487 LI:#13271201   18/25 peers      4 MiB chain  641 KiB queue  RPC:  0 conn,    0 req/s,    0 µs
2021-09-21 20:07:49 UTC Imported #13271201 0xc3cf…e59c (134 txs, 11.64 Mgas, 4043 ms, 57.85 KiB)
2021-09-21 20:08:19 UTC Imported #13271202 0x7648…adac (479 txs, 30.02 Mgas, 11745 ms, 123.98 KiB)
2021-09-21 20:08:23 UTC  Ancient:#5437823 AB:#5437823   16/25 peers     39 MiB chain 776 bytes queue  RPC:  0 conn,    0 req/s,    0 µs
2021-09-21 20:08:34 UTC Imported #13271204 0x5539…680e (123 txs, 6.95 Mgas, 2006 ms, 40.90 KiB)
2021-09-21 20:08:49 UTC Imported #13271207 0x3a55…244e (21 txs, 1.97 Mgas, 375 ms, 11.40 KiB)
2021-09-21 20:08:57 UTC  Ancient:#5439840 AB:#5440127   13/25 peers    0 bytes chain  0 bytes queue  RPC:  0 conn,    0 req/s,    0 µs
2021-09-21 20:09:06 UTC Imported #13271208 0xf268…8c78 (234 txs, 16.59 Mgas, 7388 ms, 97.18 KiB)
2021-09-21 20:09:28 UTC  Ancient:#5442055 AB:#5443065   11/25 peers      5 MiB chain  0 bytes queue  RPC:  0 conn,    0 req/s,    0 µs
2021-09-21 20:09:58 UTC  Ancient:#5442869 AB:#5444887   11/25 peers      5 MiB chain  0 bytes queue  RPC:  0 conn,    0 req/s,    0 µs
2021-09-21 20:10:28 UTC  Ancient:#5443504 AB:#5445748    9/25 peers      5 MiB chain  572 KiB queue  RPC:  0 conn,    0 req/s,    0 µs
2021-09-21 20:10:58 UTC  Ancient:#5443504 AB:#5446598   11/25 peers      5 MiB chain    1 MiB queue  RPC:  0 conn,    0 req/s,    0 µs
2021-09-21 20:11:39 UTC  Ancient:#5443505 AB:#5446799   11/25 peers      5 MiB chain    1 MiB queue  RPC:  0 conn,    0 req/s,    0 µs
2021-09-21 20:12:13 UTC  Ancient:#5443506 AB:#5446799   12/25 peers      5 MiB chain  629 KiB queue  RPC:  0 conn,    0 req/s,    0 µs
2021-09-21 20:12:32 UTC Syncing #13271211 0x3f0a…8acb     0.07 blk/s   24.6 tx/s    2.0 Mgas/s      0+    4 Qed Ancient:#5443507 LI:#13271216   11/25 peers      5 MiB chain    1 MiB queue  RPC:  0 conn,    0 req/s,    0 µs
2021-09-21 20:12:33 UTC Syncing #13271211 0x3f0a…8acb     0.00 blk/s    0.0 tx/s    0.0 Mgas/s      0+    4 Qed Ancient:#5443507 LI:#13271216   10/25 peers      5 MiB chain    1 MiB queue  RPC:  0 conn,    0 req/s,    0 µs
2021-09-21 20:12:38 UTC Syncing #13271211 0x3f0a…8acb     0.00 blk/s    0.0 tx/s    0.0 Mgas/s      0+    4 Qed Ancient:#5443507 LI:#13271216   10/25 peers      5 MiB chain    1 MiB queue  RPC:  0 conn,    0 req/s,    0 µs
2021-09-21 20:12:46 UTC Syncing #13271211 0x3f0a…8acb     0.00 blk/s    0.0 tx/s    0.0 Mgas/s      0+    4 Qed Ancient:#5443507 LI:#13271216   16/25 peers      5 MiB chain    1 MiB queue  RPC:  0 conn,    0 req/s,    0 µs
2021-09-21 20:13:23 UTC  Ancient:#5443510 AB:#5446799   10/25 peers      5 MiB chain 1016 KiB queue  RPC:  0 conn,    0 req/s,    0 µs
2021-09-21 20:13:48 UTC  Ancient:#5443512 AB:#5446799   10/25 peers      5 MiB chain  683 KiB queue  RPC:  0 conn,    0 req/s,    0 µs
2021-09-21 20:14:42 UTC Syncing #13271221 0x25fd…af34     0.09 blk/s   20.0 tx/s    1.6 Mgas/s      0+    7 Qed Ancient:#5446799 LI:#13271228    9/25 peers     83 KiB chain    1 MiB queue  RPC:  0 conn,    0 req/s,    0 µs
2021-09-21 20:14:42 UTC Syncing #13271221 0x25fd…af34     0.09 blk/s   20.6 tx/s    1.6 Mgas/s      0+    7 Qed Ancient:#5446799 LI:#13271228    9/25 peers     83 KiB chain    1 MiB queue  RPC:  0 conn,    0 req/s,    0 µs