INFO [10-02|00:02:13.922] State heal in progress                   accounts=2171@130.61KiB slots=7@621.00B codes=11138@94.54MiB nodes=268,430,959@78.03GiB pending=115,316
INFO [10-02|00:02:17.359] Imported new block headers               count=1   elapsed=7.982ms   number=13,336,584 hash=f65176..14d97c
INFO [10-02|00:02:24.140] State heal in progress                   accounts=2260@136.05KiB slots=9@805.00B codes=11138@94.54MiB nodes=268,431,514@78.03GiB pending=115,806
ERROR[10-02|00:02:27.420] Snapshot extension registration failed   peer=73b794f9 err="peer connected on snap without compatible eth support"
ERROR[10-02|00:02:33.152] Snapshot extension registration failed   peer=f8c2beb7 err="peer connected on snap without compatible eth support"
INFO [10-02|00:02:33.604] State heal in progress                   accounts=2636@157.95KiB slots=12@1.03KiB codes=11138@94.54MiB nodes=268,432,516@78.03GiB pending=115,782
INFO [10-02|00:02:42.829] State heal in progress                   accounts=2812@168.69KiB slots=13@1.11KiB codes=11138@94.54MiB nodes=268,433,265@78.03GiB pending=116,158
INFO [10-02|00:02:54.831] State heal in progress                   accounts=2902@173.85KiB slots=14@1.19KiB codes=11138@94.54MiB nodes=268,433,910@78.03GiB pending=116,619
INFO [10-02|00:03:05.368] State heal in progress                   accounts=3045@182.21KiB slots=29@2.48KiB codes=11138@94.54MiB nodes=268,434,630@78.03GiB pending=117,256
INFO [10-02|00:03:09.822] Imported new block headers               count=1   elapsed=14.924ms  number=13,336,585 hash=5db863..f859d7 age=1m7s
INFO [10-02|00:03:13.403] State heal in progress                   accounts=3180@189.69KiB slots=37@3.12KiB codes=11138@94.54MiB nodes=268,435,189@78.03GiB pending=117,730
INFO [10-02|00:03:19.139] Imported new block headers               count=1   elapsed=11.392ms  number=13,336,586 hash=5a4a3c..646166 age=1m14s
INFO [10-02|00:03:20.418] Downloader queue stats                   receiptTasks=0    blockTasks=0    itemSize=211.16KiB throttle=1242
INFO [10-02|00:03:24.200] State heal in progress                   accounts=3326@198.47KiB slots=40@3.35KiB codes=11138@94.54MiB nodes=268,435,931@78.03GiB pending=118,210
INFO [10-02|00:03:25.376] Imported new block headers               count=1   elapsed=7.335ms   number=13,336,587 hash=d3ca52..5832e6 age=1m11s
INFO [10-02|00:03:28.543] Imported new block headers               count=1   elapsed=8.643ms   number=13,336,588 hash=2a44f3..380455
ERROR[10-02|00:03:29.588] Snapshot extension registration failed   peer=7f8f5ae5 err="peer connected on snap without compatible eth support"
INFO [10-02|00:03:33.034] State heal in progress                   accounts=3406@202.93KiB slots=42@3.50KiB codes=11138@94.54MiB nodes=268,436,433@78.03GiB pending=118,750
INFO [10-02|00:03:34.840] Imported new block headers               count=1   elapsed=6.004ms   number=13,336,589 hash=f5d40e..5a5fa7
INFO [10-02|00:03:41.065] State heal in progress                   accounts=3529@210.06KiB slots=45@3.78KiB codes=11138@94.54MiB nodes=268,437,011@78.03GiB pending=119,179
INFO [10-02|00:03:51.839] State heal in progress                   accounts=3550@211.15KiB slots=52@4.32KiB codes=11138@94.54MiB nodes=268,437,674@78.03GiB pending=119,767
INFO [10-02|00:03:56.494] Imported new block headers               count=1   elapsed=6.554ms   number=13,336,590 hash=9cfc6a..d43248
ERROR[10-02|00:04:01.036] Snapshot extension registration failed   peer=80b1d9b9 err="peer connected on snap without compatible eth support"
INFO [10-02|00:04:03.597] State heal in progress                   accounts=3664@217.45KiB slots=74@6.03KiB codes=11139@94.55MiB nodes=268,438,427@78.03GiB pending=120,426
INFO [10-02|00:04:05.816] Imported new block headers               count=1   elapsed=7.545ms   number=13,336,591 hash=683023..6c8571
ERROR[10-02|00:04:09.591] Snapshot extension registration failed   peer=f2e811ed err="peer connected on snap without compatible eth support"
WARN [10-02|00:04:11.071] Dropping unsynced node during sync       id=3f96d00c43796439 conn=inbound addr=83.139.50.134:36576   type=Geth/v1.10.8-stable-...
INFO [10-02|00:04:11.935] State heal in progress                   accounts=3724@221.00KiB slots=90@7.27KiB codes=11139@94.55MiB nodes=268,438,896@78.03GiB pending=121,101
INFO [10-02|00:04:24.406] Imported new block headers               count=1   elapsed=7.725ms   number=13,336,592 hash=9c5b3a..4bf847
INFO [10-02|00:04:25.095] State heal in progress                   accounts=3847@228.45KiB slots=94@7.58KiB codes=11139@94.55MiB nodes=268,439,683@78.03GiB pending=121,776
INFO [10-02|00:04:25.465] Downloader queue stats                   receiptTasks=0    blockTasks=0    itemSize=242.33KiB throttle=1082
ERROR[10-02|00:04:32.961] Snapshot extension registration failed   peer=b52c702e err="peer connected on snap without compatible eth support"
INFO [10-02|00:04:36.770] State heal in progress                   accounts=3993@237.20KiB slots=105@8.52KiB codes=11139@94.55MiB nodes=268,440,446@78.03GiB pending=122,340
INFO [10-02|00:04:39.885] Imported new block headers               count=1   elapsed=6.536ms   number=13,336,593 hash=171877..13cf8f
ERROR[10-02|00:04:40.380] Snapshot extension registration failed   peer=9bd3dcce err="peer connected on snap without compatible eth support"
ERROR[10-02|00:04:43.107] Snapshot extension registration failed   peer=70fd5af7 err="peer connected on snap without compatible eth support"
INFO [10-02|00:04:45.796] State heal in progress                   accounts=4068@241.96KiB slots=109@8.84KiB codes=11139@94.55MiB nodes=268,440,959@78.03GiB pending=122,728
ERROR[10-02|00:04:46.687] Snapshot extension registration failed   peer=131a493c err="peer connected on snap without compatible eth support"
INFO [10-02|00:04:55.268] State heal in progress                   accounts=4096@243.53KiB slots=141@11.15KiB codes=11139@94.55MiB nodes=268,441,490@78.03GiB pending=123,359
INFO [10-02|00:04:55.365] Imported new block headers               count=1   elapsed=6.405ms   number=13,336,594 hash=e44f2e..060822
ERROR[10-02|00:04:55.938] Snapshot extension registration failed   peer=f71de906 err="peer connected on snap without compatible eth support"
INFO [10-02|00:05:01.639] Imported new block headers               count=1   elapsed=6.848ms   number=13,336,595 hash=e8c160..a11010
INFO [10-02|00:05:03.408] State heal in progress                   accounts=4112@244.33KiB slots=177@13.99KiB codes=11139@94.55MiB nodes=268,441,955@78.03GiB pending=123,904
INFO [10-02|00:05:10.964] Imported new block headers               count=1   elapsed=8.704ms   number=13,336,596 hash=620aaa..cdf118
INFO [10-02|00:05:16.703] State heal in progress                   accounts=4166@247.25KiB slots=207@16.23KiB codes=11139@94.55MiB nodes=268,442,706@78.03GiB pending=125,183
ERROR[10-02|00:05:22.278] Snapshot extension registration failed   peer=20dcc090 err="peer connected on snap without compatible eth support"
INFO [10-02|00:05:23.361] Imported new block headers               count=1   elapsed=5.764ms   number=13,336,597 hash=6802da..e1eef5
INFO [10-02|00:05:28.271] State heal in progress                   accounts=4299@255.33KiB slots=223@17.51KiB codes=11139@94.55MiB nodes=268,443,475@78.03GiB pending=126,185
WARN [10-02|00:05:34.625] Dropping unsynced node during sync       id=4535e1debe9e2c3f conn=inbound addr=77.128.120.94:39220   type=Geth/v1.10.8-stable-...
INFO [10-02|00:05:35.763] Imported new block headers               count=1   elapsed=6.497ms   number=13,336,598 hash=30837b..9dd44d
INFO [10-02|00:05:36.537] Downloader queue stats                   receiptTasks=0    blockTasks=0    itemSize=219.49KiB throttle=1195
INFO [10-02|00:05:36.790] State heal in progress                   accounts=4335@257.34KiB slots=245@19.42KiB codes=11139@94.55MiB nodes=268,443,985@78.03GiB pending=126,781
INFO [10-02|00:05:38.929] Imported new block headers               count=1   elapsed=6.676ms   number=13,336,599 hash=128cfa..5a7d15
ERROR[10-02|00:05:39.869] Snapshot extension registration failed   peer=20dcc090 err="peer connected on snap without compatible eth support"
INFO [10-02|00:05:46.184] State heal in progress                   accounts=4661@275.14KiB slots=301@23.74KiB codes=11139@94.55MiB nodes=268,445,138@78.03GiB pending=126,994
ERROR[10-02|00:05:50.914] Snapshot extension registration failed   peer=ad502f7c err="peer connected on snap without compatible eth support"
WARN [10-02|00:05:51.555] Checkpoint challenge timed out, dropping id=104a5d9175b03ede conn=inbound addr=5.226.70.17:34534     type=erigon/v2021.09.2-al...
INFO [10-02|00:05:55.573] State heal in progress                   accounts=4783@282.68KiB slots=342@26.77KiB codes=11139@94.55MiB nodes=268,445,817@78.03GiB pending=127,390
INFO [10-02|00:06:04.720] State heal in progress                   accounts=4889@288.81KiB slots=378@29.53KiB codes=11139@94.55MiB nodes=268,446,532@78.03GiB pending=128,115
ERROR[10-02|00:06:07.617] Snapshot extension registration failed   peer=847cd720 err="peer connected on snap without compatible eth support"
INFO [10-02|00:06:13.955] State heal in progress                   accounts=4947@292.40KiB slots=436@33.96KiB codes=11139@94.55MiB nodes=268,447,177@78.03GiB pending=128,851
WARN [10-02|00:06:18.766] Checkpoint challenge timed out, dropping id=a2e291f280759297 conn=inbound addr=162.55.135.156:35708  type=erigon/v2021.09.1-al...
ERROR[10-02|00:06:19.262] Snapshot extension registration failed   peer=372bfa0e err="peer connected on snap without compatible eth support"
INFO [10-02|00:06:22.713] State heal in progress                   accounts=5152@304.44KiB slots=511@39.79KiB codes=11139@94.55MiB nodes=268,448,085@78.03GiB pending=129,071
ERROR[10-02|00:06:31.677] Snapshot extension registration failed   peer=42d2ba2a err="peer connected on snap without compatible eth support"
INFO [10-02|00:06:32.008] State heal in progress                   accounts=5215@308.19KiB slots=581@45.08KiB codes=11139@94.55MiB nodes=268,448,787@78.03GiB pending=129,931
ERROR[10-02|00:06:35.148] Snapshot extension registration failed   peer=419b7d12 err="peer connected on snap without compatible eth support"
INFO [10-02|00:06:37.579] Imported new block headers               count=1   elapsed=11.407ms  number=13,336,600 hash=d643f9..5a403d age=1m16s
INFO [10-02|00:06:38.593] Downloader queue stats                   receiptTasks=0    blockTasks=0    itemSize=217.42KiB throttle=1206
INFO [10-02|00:06:42.360] State heal in progress                   accounts=5283@312.00KiB slots=661@51.21KiB codes=11139@94.55MiB nodes=268,449,623@78.03GiB pending=130,823
ERROR[10-02|00:06:43.634] Snapshot extension registration failed   peer=5923554b err="peer connected on snap without compatible eth support"
INFO [10-02|00:06:43.828] Imported new block headers               count=1   elapsed=7.579ms   number=13,336,601 hash=aa510a..8ba926 age=1m10s
INFO [10-02|00:06:51.129] State heal in progress                   accounts=5300@313.09KiB slots=767@59.37KiB codes=11139@94.55MiB nodes=268,450,328@78.03GiB pending=131,321
INFO [10-02|00:06:59.317] Imported new block headers               count=1   elapsed=7.621ms   number=13,336,602 hash=c8723c..d14f0c age=1m23s
INFO [10-02|00:06:59.431] State heal in progress                   accounts=5365@316.75KiB slots=842@65.18KiB codes=11139@94.55MiB nodes=268,450,976@78.03GiB pending=131,794
WARN [10-02|00:07:03.906] Checkpoint challenge timed out, dropping id=ec27c282c406e929 conn=inbound addr=159.203.96.145:47604  type=OpenEthereum/v3.3.0-...
INFO [10-02|00:07:08.983] State heal in progress                   accounts=5439@320.71KiB slots=1140@86.95KiB codes=11139@94.55MiB nodes=268,452,028@78.03GiB pending=132,290
INFO [10-02|00:07:19.567] State heal in progress                   accounts=5461@322.08KiB slots=1367@103.78KiB codes=11139@94.55MiB nodes=268,452,942@78.03GiB pending=133,378
INFO [10-02|00:07:20.986] Imported new block headers               count=1   elapsed=14.896ms  number=13,336,603 hash=1f4502..c196a1
INFO [10-02|00:07:27.631] State heal in progress                   accounts=5494@323.92KiB slots=1546@117.21KiB codes=11139@94.55MiB nodes=268,453,741@78.03GiB pending=133,923
INFO [10-02|00:07:37.832] State heal in progress                   accounts=5564@327.97KiB slots=1868@140.66KiB codes=11139@94.55MiB nodes=268,454,822@78.03GiB pending=134,340
INFO [10-02|00:07:42.625] Imported new block headers               count=1   elapsed=7.075ms   number=13,336,604 hash=1cd612..f46c9b age=1m1s
INFO [10-02|00:07:43.647] Downloader queue stats                   receiptTasks=0    blockTasks=0    itemSize=243.75KiB throttle=1076
INFO [10-02|00:07:46.529] State heal in progress                   accounts=5598@329.88KiB slots=2055@154.78KiB codes=11139@94.55MiB nodes=268,455,565@78.03GiB pending=134,650
INFO [10-02|00:07:55.033] Imported new block headers               count=1   elapsed=7.349ms   number=13,336,605 hash=e4cc44..6871ba
INFO [10-02|00:07:55.553] State heal in progress                   accounts=5627@331.51KiB slots=2292@172.54KiB codes=11139@94.55MiB nodes=268,456,531@78.03GiB pending=135,503
INFO [10-02|00:07:58.191] Imported new block headers               count=1   elapsed=6.380ms   number=13,336,606 hash=ddeaf3..5a1574
INFO [10-02|00:08:03.650] State heal in progress                   accounts=5665@333.64KiB slots=2501@187.92KiB codes=11139@94.55MiB nodes=268,457,330@78.03GiB pending=135,828
INFO [10-02|00:08:10.598] Imported new block headers               count=1   elapsed=6.503ms   number=13,336,607 hash=be8946..7f0e10
ERROR[10-02|00:08:11.591] Snapshot extension registration failed   peer=25ff29a4 err="peer connected on snap without compatible eth support"
WARN [10-02|00:08:11.661] Pivot became stale, moving               old=13,336,481 new=13,336,545
INFO [10-02|00:08:11.872] Imported new block receipts              count=64  elapsed=206.004ms number=13,336,544 hash=0dba29..a664cf age=15m42s   size=8.83MiB