2021-10-01 23:13:03 UTC  Ancient:#11240266 AB:#11243612   25/25 peers      3 MiB chain   10 KiB queue  RPC:  0 conn,    0 req/s,    0 µs
2021-10-01 23:13:21 UTC Imported #13336351 0xf457…2803 (11 txs, 0.42 Mgas, 433 ms, 2.06 KiB)
2021-10-01 23:13:36 UTC  Ancient:#11240715 AB:#11243612   22/25 peers    531 KiB chain  0 bytes queue  RPC:  0 conn,    0 req/s,    0 µs
2021-10-01 23:13:55 UTC Imported #13336352 0xfc15…ac0d (340 txs, 30.02 Mgas, 31192 ms, 140.81 KiB)
2021-10-01 23:14:09 UTC  Ancient:#11240991 AB:#11244113   20/25 peers      5 MiB chain  399 KiB queue  RPC:  0 conn,    0 req/s,    0 µs
2021-10-01 23:14:43 UTC Syncing #13336352 0xfc15…ac0d     0.00 blk/s    0.0 tx/s    0.0 Mgas/s      0+    7 Qed Ancient:#11240991 LI:#13336359   20/25 peers      5 MiB chain    2 MiB queue  RPC:  0 conn,    0 req/s,    0 µs
2021-10-01 23:15:05 UTC Syncing #13336353 0xbffc…ddb2     0.05 blk/s   16.8 tx/s    1.4 Mgas/s      0+    9 Qed Ancient:#11240992 LI:#13336362   25/25 peers      5 MiB chain    2 MiB queue  RPC:  0 conn,    0 req/s,    0 µs
2021-10-01 23:15:19 UTC Syncing #13336354 0x5489…cad3     0.07 blk/s   17.3 tx/s    2.1 Mgas/s      0+   12 Qed Ancient:#11240993 LI:#13336365   24/25 peers      5 MiB chain    2 MiB queue  RPC:  0 conn,    0 req/s,    0 µs
2021-10-01 23:15:38 UTC Syncing #13336354 0x5489…cad3     0.00 blk/s    0.0 tx/s    0.0 Mgas/s      0+   15 Qed Ancient:#11241255 LI:#13336367   22/25 peers     10 MiB chain    2 MiB queue  RPC:  0 conn,    0 req/s,    0 µs
2021-10-01 23:15:41 UTC Syncing #13336355 0x5954…30ba     0.42 blk/s   12.5 tx/s    0.7 Mgas/s      0+   14 Qed Ancient:#11241257 LI:#13336367   22/25 peers      5 MiB chain    2 MiB queue  RPC:  0 conn,    0 req/s,    0 µs
2021-10-01 23:15:48 UTC Syncing #13336355 0x5954…30ba     0.00 blk/s    0.0 tx/s    0.0 Mgas/s      0+   14 Qed Ancient:#11241367 LI:#13336367   22/25 peers      2 MiB chain    2 MiB queue  RPC:  0 conn,    0 req/s,    0 µs
2021-10-01 23:15:54 UTC Syncing #13336355 0x5954…30ba     0.00 blk/s    0.0 tx/s    0.0 Mgas/s      0+   13 Qed Ancient:#11241370 LI:#13336367   23/25 peers      2 MiB chain    2 MiB queue  RPC:  0 conn,    0 req/s,    0 µs
2021-10-01 23:15:59 UTC Syncing #13336355 0x5954…30ba     0.00 blk/s    0.0 tx/s    0.0 Mgas/s      0+   13 Qed Ancient:#11241370 LI:#13336367   25/25 peers      2 MiB chain    2 MiB queue  RPC:  0 conn,    0 req/s,    0 µs
2021-10-01 23:16:03 UTC Syncing #13336355 0x5954…30ba     0.00 blk/s    0.0 tx/s    0.0 Mgas/s      0+   13 Qed Ancient:#11241370 LI:#13336367   25/25 peers      2 MiB chain    2 MiB queue  RPC:  0 conn,    0 req/s,    0 µs
2021-10-01 23:16:08 UTC Syncing #13336355 0x5954…30ba     0.00 blk/s    0.0 tx/s    0.0 Mgas/s      0+   13 Qed Ancient:#11241370 LI:#13336367   26/50 peers      2 MiB chain    2 MiB queue  RPC:  0 conn,    0 req/s,    0 µs
2021-10-01 23:16:13 UTC Syncing #13336355 0x5954…30ba     0.00 blk/s    0.0 tx/s    0.0 Mgas/s      0+   13 Qed Ancient:#11241370 LI:#13336367   26/50 peers      2 MiB chain    2 MiB queue  RPC:  0 conn,    0 req/s,    0 µs
2021-10-01 23:16:18 UTC Syncing #13336356 0xe6d2…3a37     0.20 blk/s   64.8 tx/s    6.0 Mgas/s      0+   13 Qed Ancient:#11241370 LI:#13336367   27/50 peers      2 MiB chain    2 MiB queue  RPC:  0 conn,    0 req/s,    0 µs
2021-10-01 23:16:25 UTC Syncing #13336356 0xe6d2…3a37     0.00 blk/s    0.0 tx/s    0.0 Mgas/s      0+   12 Qed Ancient:#11241371 LI:#13336367   27/50 peers      2 MiB chain    2 MiB queue  RPC:  0 conn,    0 req/s,    0 µs
2021-10-01 23:16:28 UTC Syncing #13336358 0xddee…442b     0.40 blk/s   26.2 tx/s    3.4 Mgas/s      0+   10 Qed Ancient:#11241373 LI:#13336367   28/50 peers      2 MiB chain    1 MiB queue  RPC:  0 conn,    0 req/s,    0 µs
2021-10-01 23:16:33 UTC Syncing #13336358 0xddee…442b     0.00 blk/s    0.0 tx/s    0.0 Mgas/s      0+   10 Qed Ancient:#11241373 LI:#13336367   27/50 peers      2 MiB chain    1 MiB queue  RPC:  0 conn,    0 req/s,    0 µs
2021-10-01 23:16:38 UTC Syncing #13336359 0x50c3…cea4     0.40 blk/s   31.6 tx/s    3.2 Mgas/s      0+    9 Qed Ancient:#11241375 LI:#13336368   27/50 peers      3 MiB chain    2 MiB queue  RPC:  0 conn,    0 req/s,    0 µs
2021-10-01 23:16:43 UTC Syncing #13336360 0x4002…483b     0.20 blk/s   14.6 tx/s    1.3 Mgas/s      0+   11 Qed Ancient:#11241376 LI:#13336371   28/50 peers      3 MiB chain    3 MiB queue  RPC:  0 conn,    0 req/s,    0 µs
2021-10-01 23:16:48 UTC Syncing #13336360 0x4002…483b     0.00 blk/s    0.0 tx/s    0.0 Mgas/s      0+   11 Qed Ancient:#11241376 LI:#13336371   29/50 peers      3 MiB chain    3 MiB queue  RPC:  0 conn,    0 req/s,    0 µs
2021-10-01 23:16:54 UTC Syncing #13336361 0xd78e…bc25     0.20 blk/s   20.6 tx/s    1.8 Mgas/s      0+   10 Qed Ancient:#11241377 LI:#13336371   30/50 peers      3 MiB chain    2 MiB queue  RPC:  0 conn,    0 req/s,    0 µs
2021-10-01 23:16:59 UTC Syncing #13336361 0xd78e…bc25     0.00 blk/s    0.0 tx/s    0.0 Mgas/s      0+   10 Qed Ancient:#11241377 LI:#13336371   30/50 peers      3 MiB chain    2 MiB queue  RPC:  0 conn,    0 req/s,    0 µs
2021-10-01 23:17:05 UTC Syncing #13336362 0x76e9…1f3a     0.20 blk/s   25.8 tx/s    2.2 Mgas/s      0+    9 Qed Ancient:#11241378 LI:#13336372   30/50 peers      3 MiB chain    2 MiB queue  RPC:  0 conn,    0 req/s,    0 µs
2021-10-01 23:17:08 UTC Syncing #13336362 0x76e9…1f3a     0.00 blk/s    0.0 tx/s    0.0 Mgas/s      0+   11 Qed Ancient:#11241378 LI:#13336373   30/50 peers      3 MiB chain    2 MiB queue  RPC:  0 conn,    0 req/s,    0 µs
2021-10-01 23:17:14 UTC Syncing #13336362 0x76e9…1f3a     0.00 blk/s    0.0 tx/s    0.0 Mgas/s      0+   12 Qed Ancient:#11241378 LI:#13336374   31/50 peers      3 MiB chain    3 MiB queue  RPC:  0 conn,    0 req/s,    0 µs
2021-10-01 23:17:18 UTC Syncing #13336363 0x6552…3f0a     0.20 blk/s   33.6 tx/s    4.1 Mgas/s      0+   11 Qed Ancient:#11241379 LI:#13336374   31/50 peers      3 MiB chain    3 MiB queue  RPC:  0 conn,    0 req/s,    0 µs
2021-10-01 23:17:24 UTC Syncing #13336364 0xaf13…650f     0.20 blk/s    9.2 tx/s    1.1 Mgas/s      0+   10 Qed Ancient:#11241380 LI:#13336374   31/50 peers      3 MiB chain    2 MiB queue  RPC:  0 conn,    0 req/s,    0 µs
2021-10-01 23:17:28 UTC Syncing #13336364 0xaf13…650f     0.00 blk/s    0.0 tx/s    0.0 Mgas/s      0+   11 Qed Ancient:#11241380 LI:#13336375   31/50 peers      3 MiB chain    2 MiB queue  RPC:  0 conn,    0 req/s,    0 µs
2021-10-01 23:17:34 UTC Syncing #13336364 0xaf13…650f     0.00 blk/s    0.0 tx/s    0.0 Mgas/s      0+   11 Qed Ancient:#11241380 LI:#13336375   31/50 peers      3 MiB chain    2 MiB queue  RPC:  0 conn,    0 req/s,    0 µs
2021-10-01 23:17:39 UTC Syncing #13336365 0xb69f…db5d     0.20 blk/s   14.4 tx/s    2.9 Mgas/s      0+   10 Qed Ancient:#11241381 LI:#13336375   31/50 peers      3 MiB chain    2 MiB queue  RPC:  0 conn,    0 req/s,    0 µs
2021-10-01 23:17:44 UTC Syncing #13336365 0xb69f…db5d     0.00 blk/s    0.0 tx/s    0.0 Mgas/s      0+   10 Qed Ancient:#11241381 LI:#13336375   31/50 peers      3 MiB chain    2 MiB queue  RPC:  0 conn,    0 req/s,    0 µs
2021-10-01 23:17:49 UTC Syncing #13336367 0x2800…99ef     0.40 blk/s   34.0 tx/s    2.7 Mgas/s      0+    8 Qed Ancient:#11241383 LI:#13336375   31/50 peers      5 MiB chain    2 MiB queue  RPC:  0 conn,    0 req/s,    0 µs
2021-10-01 23:17:54 UTC Syncing #13336367 0x2800…99ef     0.20 blk/s    7.8 tx/s    0.5 Mgas/s      0+    7 Qed Ancient:#11241384 LI:#13336375   32/50 peers      5 MiB chain    2 MiB queue  RPC:  0 conn,    0 req/s,    0 µs
2021-10-01 23:17:59 UTC Syncing #13336367 0x2800…99ef     0.00 blk/s    0.0 tx/s    0.0 Mgas/s      0+    7 Qed Ancient:#11241384 LI:#13336375   33/50 peers      5 MiB chain    2 MiB queue  RPC:  0 conn,    0 req/s,    0 µs
2021-10-01 23:18:04 UTC Syncing #13336367 0x2800…99ef     0.00 blk/s    0.0 tx/s    0.0 Mgas/s      0+    8 Qed Ancient:#11241384 LI:#13336376   31/50 peers      5 MiB chain    2 MiB queue  RPC:  0 conn,    0 req/s,    0 µs
2021-10-01 23:18:14 UTC Syncing #13336367 0x2800…99ef     0.00 blk/s    0.0 tx/s    0.0 Mgas/s      0+    8 Qed Ancient:#11241384 LI:#13336376   32/50 peers      5 MiB chain    2 MiB queue  RPC:  0 conn,    0 req/s,    0 µs
2021-10-01 23:18:14 UTC Syncing #13336367 0x2800…99ef     0.00 blk/s    0.0 tx/s    0.0 Mgas/s      0+    8 Qed Ancient:#11241384 LI:#13336376   32/50 peers      5 MiB chain    2 MiB queue  RPC:  0 conn,    0 req/s,    0 µs
2021-10-01 23:18:19 UTC Syncing #13336367 0x2800…99ef     0.00 blk/s    0.0 tx/s    0.0 Mgas/s      0+    9 Qed Ancient:#11241384 LI:#13336377   32/50 peers      5 MiB chain    3 MiB queue  RPC:  0 conn,    0 req/s,    0 µs
2021-10-01 23:18:19 UTC Reorg to #13336368 0xa4f4…c5ae (0x2800…99ef #13336366 0x1648…df4e 0xfea2…8e1c)
2021-10-01 23:18:25 UTC Syncing #13336369 0x43f2…1734     0.40 blk/s   74.2 tx/s    6.0 Mgas/s      0+    7 Qed Ancient:#11241386 LI:#13336377   32/50 peers      5 MiB chain    2 MiB queue  RPC:  0 conn,    0 req/s,    0 µs
2021-10-01 23:18:29 UTC Syncing #13336369 0x43f2…1734     0.00 blk/s    0.0 tx/s    0.0 Mgas/s      0+    8 Qed Ancient:#11241386 LI:#13336378   31/50 peers      5 MiB chain    2 MiB queue  RPC:  0 conn,    0 req/s,    0 µs
2021-10-01 23:18:34 UTC Syncing #13336369 0x43f2…1734     0.00 blk/s    0.0 tx/s    0.0 Mgas/s      0+   10 Qed Ancient:#11241386 LI:#13336380   31/50 peers      5 MiB chain    3 MiB queue  RPC:  0 conn,    0 req/s,    0 µs
2021-10-01 23:18:43 UTC Syncing #13336370 0x8392…9d6c     0.20 blk/s   60.0 tx/s    6.0 Mgas/s      0+    9 Qed Ancient:#11241387 LI:#13336380   31/50 peers      5 MiB chain    2 MiB queue  RPC:  0 conn,    0 req/s,    0 µs
2021-10-01 23:18:44 UTC Syncing #13336370 0x8392…9d6c     0.00 blk/s    0.0 tx/s    0.0 Mgas/s      0+    9 Qed Ancient:#11241387 LI:#13336380   31/50 peers      5 MiB chain    2 MiB queue  RPC:  0 conn,    0 req/s,    0 µs
2021-10-01 23:18:49 UTC Syncing #13336370 0x8392…9d6c     0.00 blk/s    0.0 tx/s    0.0 Mgas/s      0+   10 Qed Ancient:#11241387 LI:#13336381   31/50 peers      5 MiB chain    2 MiB queue  RPC:  0 conn,    0 req/s,    0 µs
2021-10-01 23:18:54 UTC Syncing #13336370 0x8392…9d6c     0.00 blk/s    0.0 tx/s    0.0 Mgas/s      0+   10 Qed Ancient:#11241387 LI:#13336381   31/50 peers      5 MiB chain    2 MiB queue  RPC:  0 conn,    0 req/s,    0 µs
2021-10-01 23:18:59 UTC Syncing #13336370 0x8392…9d6c     0.00 blk/s    0.0 tx/s    0.0 Mgas/s      0+   11 Qed Ancient:#11241387 LI:#13336382   31/50 peers      5 MiB chain    2 MiB queue  RPC:  0 conn,    0 req/s,    0 µs
2021-10-01 23:19:05 UTC Syncing #13336371 0x873d…f0d9     0.20 blk/s   55.0 tx/s    6.0 Mgas/s      0+   10 Qed Ancient:#11241388 LI:#13336382   31/50 peers      5 MiB chain    2 MiB queue  RPC:  0 conn,    0 req/s,    0 µs
2021-10-01 23:19:09 UTC Syncing #13336371 0x873d…f0d9     0.00 blk/s    0.0 tx/s    0.0 Mgas/s      0+   10 Qed Ancient:#11241388 LI:#13336382   31/50 peers      5 MiB chain    2 MiB queue  RPC:  0 conn,    0 req/s,    0 µs
2021-10-01 23:19:14 UTC Syncing #13336371 0x873d…f0d9     0.00 blk/s    0.0 tx/s    0.0 Mgas/s      0+   12 Qed Ancient:#11241388 LI:#13336384   30/50 peers      5 MiB chain    2 MiB queue  RPC:  0 conn,    0 req/s,    0 µs
2021-10-01 23:19:19 UTC Syncing #13336371 0x873d…f0d9     0.00 blk/s    0.0 tx/s    0.0 Mgas/s      0+   13 Qed Ancient:#11241388 LI:#13336385   30/50 peers      5 MiB chain    3 MiB queue  RPC:  0 conn,    0 req/s,    0 µs
2021-10-01 23:19:24 UTC Syncing #13336372 0xece8…03ab     0.20 blk/s   43.4 tx/s    4.4 Mgas/s      0+   13 Qed Ancient:#11241389 LI:#13336385   30/50 peers      5 MiB chain    3 MiB queue  RPC:  0 conn,    0 req/s,    0 µs
2021-10-01 23:19:30 UTC Syncing #13336373 0xd9f9…73f0     0.20 blk/s   13.0 tx/s    0.5 Mgas/s      0+   11 Qed Ancient:#11241390 LI:#13336385   30/50 peers      5 MiB chain    2 MiB queue  RPC:  0 conn,    0 req/s,    0 µs
2021-10-01 23:19:40 UTC Syncing #13336374 0x1872…4f4a     0.20 blk/s   30.4 tx/s    1.3 Mgas/s      0+   10 Qed Ancient:#11241391 LI:#13336385   30/50 peers      5 MiB chain    2 MiB queue  RPC:  0 conn,    0 req/s,    0 µs
2021-10-01 23:19:40 UTC Syncing #13336375 0x9ba4…2636     0.20 blk/s   19.7 tx/s    1.0 Mgas/s      0+    9 Qed Ancient:#11241392 LI:#13336385   30/50 peers      5 MiB chain    2 MiB queue  RPC:  0 conn,    0 req/s,    0 µs
2021-10-01 23:19:44 UTC Syncing #13336375 0x9ba4…2636     0.00 blk/s    0.0 tx/s    0.0 Mgas/s      0+    9 Qed Ancient:#11241392 LI:#13336385   30/50 peers      5 MiB chain    2 MiB queue  RPC:  0 conn,    0 req/s,    0 µs
2021-10-01 23:19:50 UTC Syncing #13336375 0x9ba4…2636     0.00 blk/s    0.0 tx/s    0.0 Mgas/s      0+   11 Qed Ancient:#11241392 LI:#13336387   30/50 peers      5 MiB chain    2 MiB queue  RPC:  0 conn,    0 req/s,    0 µs
2021-10-01 23:19:54 UTC Syncing #13336375 0x9ba4…2636     0.00 blk/s    0.0 tx/s    0.0 Mgas/s      0+   12 Qed Ancient:#11241392 LI:#13336388   27/50 peers      5 MiB chain    2 MiB queue  RPC:  0 conn,    0 req/s,    0 µs
2021-10-01 23:20:24 UTC Syncing #13336376 0x6f87…0927     0.05 blk/s   18.8 tx/s    1.4 Mgas/s      0+   14 Qed Ancient:#11241393 LI:#13336390   25/25 peers      5 MiB chain    3 MiB queue  RPC:  0 conn,    0 req/s,    0 µs
2021-10-01 23:20:24 UTC Syncing #13336376 0x6f87…0927     0.00 blk/s    0.0 tx/s    0.0 Mgas/s      0+   14 Qed Ancient:#11241651 LI:#13336391   25/25 peers      5 MiB chain    3 MiB queue  RPC:  0 conn,    0 req/s,    0 µs
2021-10-01 23:20:39 UTC Syncing #13336376 0x6f87…0927     0.00 blk/s    0.0 tx/s    0.0 Mgas/s      0+   17 Qed Ancient:#11241653 LI:#13336394   25/25 peers      5 MiB chain    3 MiB queue  RPC:  0 conn,    0 req/s,    0 µs
2021-10-01 23:20:39 UTC Syncing #13336376 0x6f87…0927     0.00 blk/s    0.0 tx/s    0.0 Mgas/s      0+   17 Qed Ancient:#11241653 LI:#13336394   25/25 peers      5 MiB chain    3 MiB queue  RPC:  0 conn,    0 req/s,    0 µs