INFO [05-09|13:17:07.778] Imported new state entries               count=384  elapsed="2.8µs"     processed=572820556 pending=49152  trieretry=6   coderetry=0 duplicate=6212 unexpected=270686
INFO [05-09|13:17:10.946] Imported new state entries               count=384  elapsed="2.5µs"     processed=572820940 pending=49539  trieretry=0   coderetry=0 duplicate=6212 unexpected=270686
INFO [05-09|13:17:13.770] Imported new state entries               count=384  elapsed="2.9µs"     processed=572821324 pending=49926  trieretry=0   coderetry=0 duplicate=6212 unexpected=270686
INFO [05-09|13:17:18.583] Imported new state entries               count=384  elapsed="3.6µs"     processed=572821708 pending=50312  trieretry=2   coderetry=0 duplicate=6212 unexpected=270686
INFO [05-09|13:17:21.176] Imported new block headers               count=2    elapsed=9.260ms     number=12400369 hash="4c84aa…d64161"
INFO [05-09|13:17:21.810] Imported new state entries               count=260  elapsed="2.4µs"     processed=572821968 pending=50574  trieretry=2   coderetry=0 duplicate=6212 unexpected=270686
INFO [05-09|13:17:25.545] Imported new state entries               count=349  elapsed="2.5µs"     processed=572822317 pending=50926  trieretry=0   coderetry=0 duplicate=6212 unexpected=270686
INFO [05-09|13:17:27.683] Imported new block headers               count=1    elapsed=6.189ms     number=12400370 hash="a50e28…47b863"
INFO [05-09|13:17:30.173] Imported new state entries               count=243  elapsed="2.8µs"     processed=572822560 pending=51173  trieretry=0   coderetry=0 duplicate=6212 unexpected=270686
INFO [05-09|13:17:30.984] Imported new block headers               count=1    elapsed=7.441ms     number=12400371 hash="0b4eef…527576"
INFO [05-09|13:17:39.568] Imported new state entries               count=528  elapsed="2.5µs"     processed=572823088 pending=51737  trieretry=0   coderetry=0 duplicate=6212 unexpected=270686
INFO [05-09|13:17:45.890] Imported new state entries               count=384  elapsed="2.4µs"     processed=572823472 pending=52143  trieretry=0   coderetry=0 duplicate=6212 unexpected=270686
INFO [05-09|13:17:53.180] Imported new state entries               count=467  elapsed="2.5µs"     processed=572823939 pending=52658  trieretry=0   coderetry=0 duplicate=6212 unexpected=270686
INFO [05-09|13:18:03.996] Imported new state entries               count=497  elapsed="2.3µs"     processed=572824436 pending=53166  trieretry=0   coderetry=0 duplicate=6212 unexpected=270686
INFO [05-09|13:18:08.386] Imported new state entries               count=384  elapsed="2.1µs"     processed=572824820 pending=53553  trieretry=0   coderetry=0 duplicate=6212 unexpected=270686
INFO [05-09|13:18:16.750] Imported new state entries               count=384  elapsed="3µs"       processed=572825204 pending=53938  trieretry=0   coderetry=0 duplicate=6212 unexpected=270686
INFO [05-09|13:18:23.082] Imported new state entries               count=384  elapsed="3.9µs"     processed=572825588 pending=54326  trieretry=0   coderetry=0 duplicate=6212 unexpected=270686
INFO [05-09|13:18:24.903] Imported new block headers               count=1    elapsed=8.108ms     number=12400372 hash="134e13…6c70d4" age=1m7s
INFO [05-09|13:18:25.341] Downloader queue stats                   receiptTasks=0     blockTasks=0     itemSize=271.75KiB throttle=242
INFO [05-09|13:18:27.663] Imported new state entries               count=384  elapsed="5µs"       processed=572825972 pending=54714  trieretry=0   coderetry=0 duplicate=6212 unexpected=270686
INFO [05-09|13:18:31.532] Imported new block headers               count=1    elapsed=7.372ms     number=12400373 hash="69a803…591b06" age=1m9s
INFO [05-09|13:18:32.008] Imported new state entries               count=384  elapsed="2.5µs"     processed=572826356 pending=55103  trieretry=0   coderetry=0 duplicate=6212 unexpected=270686