INFO [06-03|22:27:49.737] Imported new block headers               count=1   elapsed=7.590ms     number=12564213 hash="c8cb10…18a1d9"
WARN [06-03|22:27:49.868] Dropping unsynced node during sync       id=144dba2d6b03ad38 conn=inbound addr=47.94.242.18:27166    type=
INFO [06-03|22:27:49.980] Imported new block headers               count=1   elapsed=5.804ms     number=12564214 hash="57e9d0…601349"
INFO [06-03|22:27:50.481] Downloader queue stats                   receiptTasks=0   blockTasks=0   itemSize=166.99KiB throttle=393
INFO [06-03|22:27:51.919] Initializing state bloom                 items=157939953 errorrate=0.000 elapsed=9m36.283s
INFO [06-03|22:27:59.919] Initializing state bloom                 items=159377233 errorrate=0.000 elapsed=9m44.284s
WARN [06-03|22:28:01.375] Dropping unsynced node during sync       id=e5994037b65affe7 conn=inbound addr=31.200.231.26:40180   type=Geth/v1.10.2-stable-...
INFO [06-03|22:28:03.560] Imported new state entries               count=384 elapsed="814.201µs" processed=993867171 pending=27347 trieretry=766  coderetry=0 duplicate=0 unexpected=354
INFO [06-03|22:28:05.747] Imported new state entries               count=0   elapsed=2.185s      processed=993867171 pending=27466 trieretry=1868 coderetry=0 duplicate=0 unexpected=690
INFO [06-03|22:28:07.920] Initializing state bloom                 items=160822262 errorrate=0.000 elapsed=9m52.284s
INFO [06-03|22:28:15.920] Initializing state bloom                 items=162302323 errorrate=0.000 elapsed=10m0.284s
INFO [06-03|22:28:18.572] Imported new state entries               count=432 elapsed=2.081ms     processed=993867603 pending=27236 trieretry=716  coderetry=0 duplicate=0 unexpected=690
INFO [06-03|22:28:18.828] Looking for peers                        peercount=8  tried=3 static=0
ERROR[06-03|22:28:18.909] Ethereum peer removal failed             peer=208c0644 err="peer not registered"
WARN [06-03|22:28:20.246] Unable to send to InfluxDB               err="Post \"http://localhost:8086/write?consistency=&db=chaosevm&precision=&rp=\": context deadline exceeded (Client.Timeout exceeded while awaiting headers)"
INFO [06-03|22:28:21.651] Imported new state entries               count=384 elapsed=1.124ms     processed=993867987 pending=27285 trieretry=1866 coderetry=0 duplicate=0 unexpected=690
WARN [06-03|22:28:21.652] Synchronisation failed, dropping peer    peer=208c0644944ea0703d865104ea48d4cc225d720d4ea3feaf84244907e30d661a err="action from bad peer ignored: header request timed out"
ERROR[06-03|22:28:21.652] Ethereum peer removal failed             peer=208c0644 err="peer not registered"
INFO [06-03|22:28:23.924] Initializing state bloom                 items=163902377 errorrate=0.000 elapsed=10m8.289s
WARN [06-03|22:28:27.654] Synchronisation failed, dropping peer    peer=6ba7f0efc56c8fae455128a7b113908cf99c80f6fd6c42ecf56a1eab0f5d88ed err=timeout
ERROR[06-03|22:28:27.654] Ethereum peer removal failed             peer=6ba7f0ef err="peer not registered"
INFO [06-03|22:28:28.831] Looking for peers                        peercount=3  tried=4 static=0
INFO [06-03|22:28:31.925] Initializing state bloom                 items=165771923 errorrate=0.000 elapsed=10m16.289s
WARN [06-03|22:28:35.210] Got error while sending a ping to InfluxDB, trying to recreate client err="Get \"http://localhost:8086/ping\": context deadline exceeded (Client.Timeout exceeded while awaiting headers)"
INFO [06-03|22:28:38.833] Looking for peers                        peercount=0  tried=5 static=0
INFO [06-03|22:28:39.926] Initializing state bloom                 items=167630727 errorrate=0.000 elapsed=10m24.291s
WARN [06-03|22:28:46.740] Synchronisation failed, dropping peer    peer=2df3117a8b10a3d020bae52f0300bb646f43f1756b2c8bb2643cfe42b5d4c71c err=timeout
ERROR[06-03|22:28:46.740] Ethereum peer removal failed             peer=2df3117a err="peer not registered"
INFO [06-03|22:28:47.957] Initializing state bloom                 items=169518248 errorrate=0.000 elapsed=10m32.321s
INFO [06-03|22:28:48.833] Looking for peers                        peercount=1  tried=4 static=0
WARN [06-03|22:28:54.417] Dropping unsynced node during sync       id=2cb36af92d7fd63a conn=inbound addr=35.237.83.214:38206   type=Geth/v1.10.2-stable-...
INFO [06-03|22:28:55.957] Initializing state bloom                 items=171389296 errorrate=0.000 elapsed=10m40.321s
INFO [06-03|22:28:58.834] Looking for peers                        peercount=2  tried=4 static=0
INFO [06-03|22:29:03.958] Initializing state bloom                 items=173262987 errorrate=0.000 elapsed=10m48.322s