2021-06-03 22:59:42 UTC Imported #12564357 0x5857…fbf5 (204 txs, 15.00 Mgas, 5854 ms, 53.30 KiB)
2021-06-03 22:59:53 UTC  31/50 peers      4 MiB chain  0 bytes queue  RPC:  0 conn,    0 req/s,    0 µs
2021-06-03 23:00:28 UTC  29/50 peers      5 MiB chain  213 KiB queue  RPC:  0 conn,    0 req/s,    0 µs
2021-06-03 23:00:52 UTC Imported #12564364 0xfc5c…dcb4 (91 txs, 14.93 Mgas, 3079 ms, 44.93 KiB)
2021-06-03 23:01:09 UTC  31/50 peers      5 MiB chain  0 bytes queue  RPC:  0 conn,    0 req/s,    0 µs
2021-06-03 23:01:24 UTC Imported #12564365 0xb618…3429 (262 txs, 14.93 Mgas, 3933 ms, 71.92 KiB)
2021-06-03 23:01:40 UTC  18/25 peers      5 MiB chain  213 KiB queue  RPC:  0 conn,    0 req/s,    0 µs
2021-06-03 23:01:45 UTC Imported #12564367 0x12e1…1af6 (148 txs, 14.91 Mgas, 4618 ms, 61.84 KiB)
2021-06-03 23:02:15 UTC  11/25 peers      5 MiB chain  0 bytes queue  RPC:  0 conn,    0 req/s,    0 µs
2021-06-03 23:02:25 UTC Imported #12564370 0x89de…3c39 (88 txs, 14.95 Mgas, 12701 ms, 26.89 KiB)
2021-06-03 23:02:45 UTC   9/25 peers      5 MiB chain  0 bytes queue  RPC:  0 conn,    0 req/s,    0 µs
2021-06-03 23:02:55 UTC Syncing #12564370 0x89de…3c39     0.00 blk/s    0.0 tx/s    0.0 Mgas/s      0+    0 Qed LI:#12564369   11/25 peers      5 MiB chain  0 bytes queue  RPC:  0 conn,    0 req/s,    0 µs
2021-06-03 23:03:03 UTC Reorg to #12564371 0x6be0…1cb6 (0x89de…3c39 #12564369 0x8191…2da3 0x2094…2fb3)
2021-06-03 23:03:12 UTC Imported #12564373 0xc8be…957f (179 txs, 14.96 Mgas, 4087 ms, 52.59 KiB)
2021-06-03 23:03:20 UTC Imported #12564374 0xae19…9986 (209 txs, 14.97 Mgas, 4887 ms, 62.28 KiB)
2021-06-03 23:03:27 UTC  12/25 peers      6 MiB chain  0 bytes queue  RPC:  0 conn,    0 req/s,    0 µs
2021-06-03 23:03:55 UTC Imported #12564375 0x7de6…e64e (176 txs, 14.98 Mgas, 2530 ms, 48.35 KiB)
2021-06-03 23:04:03 UTC  19/25 peers      6 MiB chain  0 bytes queue  RPC:  0 conn,    0 req/s,    0 µs
2021-06-03 23:04:08 UTC Imported #12564376 0x8530…c1c4 (219 txs, 14.98 Mgas, 4855 ms, 58.04 KiB)
2021-06-03 23:04:25 UTC Imported #12564377 0x350f…4506 (210 txs, 14.98 Mgas, 4837 ms, 60.51 KiB)
2021-06-03 23:04:35 UTC  21/25 peers      6 MiB chain  0 bytes queue  RPC:  0 conn,    0 req/s,    0 µs
2021-06-03 23:04:49 UTC Imported #12564378 0x344c…6a2f (231 txs, 14.97 Mgas, 4664 ms, 59.06 KiB)
2021-06-03 23:05:11 UTC  25/25 peers      4 MiB chain  0 bytes queue  RPC:  0 conn,    0 req/s,    0 µs
2021-06-03 23:05:18 UTC Imported #12564379 0xf344…13de (231 txs, 14.98 Mgas, 3928 ms, 55.02 KiB)
2021-06-03 23:05:39 UTC Imported #12564381 0x1d26…a465 (166 txs, 15.00 Mgas, 4162 ms, 49.80 KiB)
2021-06-03 23:05:50 UTC  26/50 peers      6 MiB chain  0 bytes queue  RPC:  0 conn,    0 req/s,    0 µs
2021-06-03 23:06:06 UTC Imported #12564384 0x6952…192f (177 txs, 14.82 Mgas, 4657 ms, 55.46 KiB)
2021-06-03 23:06:23 UTC  24/25 peers      6 MiB chain  0 bytes queue  RPC:  0 conn,    0 req/s,    0 µs
2021-06-03 23:06:26 UTC Imported #12564385 0xf739…4403 (309 txs, 15.03 Mgas, 7051 ms, 65.14 KiB)
2021-06-03 23:06:46 UTC Imported #12564386 0x2252…073f (241 txs, 15.04 Mgas, 4684 ms, 51.47 KiB)
2021-06-03 23:06:59 UTC  26/50 peers      1 MiB chain  233 KiB queue  RPC:  0 conn,    0 req/s,    0 µs
2021-06-03 23:07:02 UTC Imported #12564387 0x35df…d63a (169 txs, 15.02 Mgas, 3038 ms, 72.99 KiB)
2021-06-03 23:07:16 UTC Imported #12564388 0x6baf…434f (227 txs, 15.04 Mgas, 4638 ms, 71.60 KiB)
2021-06-03 23:07:31 UTC  27/50 peers      1 MiB chain  0 bytes queue  RPC:  0 conn,    0 req/s,    0 µs