WARN [07-28|13:35:20.803] Dropping unsynced node during sync       id=a61ae6ebb01c1e2a conn=inbound addr=73.15.70.67:45944     type=OpenEthereum/v3.3.0-...
INFO [07-28|13:35:21.303] Looking for peers                        peercount=34 tried=3 static=0
INFO [07-28|13:35:24.497] Imported new block headers               count=1    elapsed=5.817ms   number=12,914,723 hash=b5646c..60e953
INFO [07-28|13:35:24.829] State heal in progress                   accounts=10753@584.98KiB slots=2729@213.00KiB codes=2063@15.83MiB nodes=48,827,522@14.00GiB pending=97005
INFO [07-28|13:35:31.304] Looking for peers                        peercount=33 tried=4 static=0
INFO [07-28|13:35:33.447] State heal in progress                   accounts=10905@593.21KiB slots=2729@213.00KiB codes=2063@15.83MiB nodes=48,828,236@14.00GiB pending=97303
INFO [07-28|13:35:36.915] Imported new block headers               count=1    elapsed=6.704ms   number=12,914,724 hash=959aa7..53a4a7
INFO [07-28|13:35:41.306] Looking for peers                        peercount=34 tried=3 static=0
INFO [07-28|13:35:42.844] State heal in progress                   accounts=11373@619.05KiB slots=2730@213.08KiB codes=2063@15.83MiB nodes=48,829,610@14.00GiB pending=97160
INFO [07-28|13:35:43.167] Imported new block headers               count=1    elapsed=7.243ms   number=12,914,725 hash=eaa53a..2faa19
INFO [07-28|13:35:49.414] Imported new block headers               count=1    elapsed=5.720ms   number=12,914,726 hash=f44c28..9219e9
INFO [07-28|13:35:50.210] Downloader queue stats                   receiptTasks=0    blockTasks=0    itemSize=252.50KiB throttle=260
INFO [07-28|13:35:51.307] Looking for peers                        peercount=34 tried=3 static=0
INFO [07-28|13:35:52.756] State heal in progress                   accounts=11502@626.03KiB slots=2730@213.08KiB codes=2063@15.83MiB nodes=48,830,388@14.00GiB pending=97456
INFO [07-28|13:36:01.061] State heal in progress                   accounts=11568@629.79KiB slots=2730@213.08KiB codes=2063@15.83MiB nodes=48,831,028@14.00GiB pending=97915
INFO [07-28|13:36:01.308] Looking for peers                        peercount=34 tried=3 static=0
INFO [07-28|13:36:01.826] Imported new block headers               count=1    elapsed=5.660ms   number=12,914,727 hash=ac572e..fee1dc
INFO [07-28|13:36:10.548] State heal in progress                   accounts=11679@635.83KiB slots=2730@213.08KiB codes=2063@15.83MiB nodes=48,831,769@14.00GiB pending=98442
INFO [07-28|13:36:11.309] Looking for peers                        peercount=34 tried=2 static=0
INFO [07-28|13:36:19.043] State heal in progress                   accounts=11757@640.36KiB slots=2730@213.08KiB codes=2063@15.83MiB nodes=48,832,294@14.00GiB pending=98795
INFO [07-28|13:36:21.310] Looking for peers                        peercount=33 tried=4 static=0
INFO [07-28|13:36:26.577] Imported new block headers               count=1    elapsed=7.459ms   number=12,914,728 hash=e6577c..4e5206
INFO [07-28|13:36:29.740] Imported new block headers               count=1    elapsed=5.841ms   number=12,914,729 hash=d8d31c..57a7e9
INFO [07-28|13:36:31.312] Looking for peers                        peercount=33 tried=3 static=0
INFO [07-28|13:36:32.906] Imported new block headers               count=1    elapsed=5.761ms   number=12,914,730 hash=02c9c5..0c26d9
INFO [07-28|13:36:33.185] State heal in progress                   accounts=11775@641.49KiB slots=2732@213.26KiB codes=2063@15.83MiB nodes=48,832,769@14.00GiB pending=99425
INFO [07-28|13:36:41.313] Looking for peers                        peercount=34 tried=3 static=0
INFO [07-28|13:36:51.314] Looking for peers                        peercount=34 tried=3 static=0
INFO [07-28|13:36:56.191] State heal in progress                   accounts=11809@643.25KiB slots=2734@213.43KiB codes=2063@15.83MiB nodes=48,833,570@14.00GiB pending=100,286
INFO [07-28|13:37:00.733] Imported new block headers               count=1    elapsed=5.288ms   number=12,914,731 hash=d2a78c..65ffdc
INFO [07-28|13:37:01.315] Looking for peers                        peercount=34 tried=2 static=0
INFO [07-28|13:37:03.899] Imported new block headers               count=1    elapsed=5.424ms   number=12,914,732 hash=7bc679..dbb7c4
INFO [07-28|13:37:05.440] State heal in progress                   accounts=11879@647.18KiB slots=2736@213.58KiB codes=2063@15.83MiB nodes=48,833,984@14.00GiB pending=100,980
INFO [07-28|13:37:06.259] Downloader queue stats                   receiptTasks=0    blockTasks=0    itemSize=241.04KiB throttle=272
INFO [07-28|13:37:11.317] Looking for peers                        peercount=34 tried=3 static=0
INFO [07-28|13:37:15.306] State heal in progress                   accounts=12167@662.61KiB slots=2743@214.14KiB codes=2063@15.83MiB nodes=48,834,972@14.00GiB pending=101,637
INFO [07-28|13:37:21.318] Looking for peers                        peercount=34 tried=3 static=0
INFO [07-28|13:37:23.789] State heal in progress                   accounts=12277@668.51KiB slots=2743@214.14KiB codes=2063@15.83MiB nodes=48,835,547@14.00GiB pending=101,940
INFO [07-28|13:37:31.353] Looking for peers                        peercount=34 tried=4 static=0
INFO [07-28|13:37:33.739] State heal in progress                   accounts=12394@674.72KiB slots=2743@214.14KiB codes=2063@15.83MiB nodes=48,836,152@14.00GiB pending=102,226
INFO [07-28|13:37:34.809] Imported new block headers               count=1    elapsed=5.239ms   number=12,914,733 hash=4f3a99..37d3a1 age=1m4s
INFO [07-28|13:37:41.353] Looking for peers                        peercount=34 tried=2 static=0
INFO [07-28|13:37:44.952] State heal in progress                   accounts=12541@683.22KiB slots=2746@214.38KiB codes=2063@15.83MiB nodes=48,836,913@14.00GiB pending=102,774
INFO [07-28|13:37:51.355] Looking for peers                        peercount=34 tried=4 static=0
INFO [07-28|13:37:53.816] State heal in progress                   accounts=12645@688.96KiB slots=2747@214.45KiB codes=2063@15.83MiB nodes=48,837,442@14.00GiB pending=103,091
INFO [07-28|13:37:59.560] Imported new block headers               count=1    elapsed=7.466ms   number=12,914,734 hash=e52a8a..b24ee5 age=1m1s
INFO [07-28|13:38:01.356] Looking for peers                        peercount=34 tried=3 static=0
INFO [07-28|13:38:01.824] State heal in progress                   accounts=12757@695.05KiB slots=2748@214.52KiB codes=2063@15.83MiB nodes=48,838,119@14.00GiB pending=103,598
INFO [07-28|13:38:10.775] State heal in progress                   accounts=12919@704.10KiB slots=2748@214.52KiB codes=2063@15.83MiB nodes=48,838,854@14.00GiB pending=103,838
WARN [07-28|13:38:10.777] Unexpected bytecode heal packet          peer=35e3ee4e reqid=5,451,015,243,045,842,048
INFO [07-28|13:38:11.358] Looking for peers                        peercount=34 tried=3 static=0
INFO [07-28|13:38:11.973] Imported new block headers               count=1    elapsed=7.556ms   number=12,914,735 hash=478bcb..94b28d age=1m8s
INFO [07-28|13:38:12.319] Downloader queue stats                   receiptTasks=0    blockTasks=0    itemSize=246.11KiB throttle=267
INFO [07-28|13:38:18.221] Imported new block headers               count=1    elapsed=6.389ms   number=12,914,736 hash=1d4e52..93eca6
INFO [07-28|13:38:20.877] State heal in progress                   accounts=13023@709.51KiB slots=2750@214.68KiB codes=2063@15.83MiB nodes=48,839,589@14.00GiB pending=104,255
INFO [07-28|13:38:21.359] Looking for peers                        peercount=34 tried=3 static=0
INFO [07-28|13:38:27.551] Imported new block headers               count=1    elapsed=7.174ms   number=12,914,737 hash=8e1c7c..95eb4c
INFO [07-28|13:38:29.724] State heal in progress                   accounts=13204@719.34KiB slots=2757@215.23KiB codes=2063@15.83MiB nodes=48,840,350@14.00GiB pending=104,566
INFO [07-28|13:38:31.361] Looking for peers                        peercount=34 tried=2 static=0
INFO [07-28|13:38:36.882] Imported new block headers               count=1    elapsed=7.179ms   number=12,914,738 hash=7d43ab..bfb4dc
INFO [07-28|13:38:38.366] State heal in progress                   accounts=13493@734.54KiB slots=2770@216.29KiB codes=2063@15.83MiB nodes=48,841,243@14.00GiB pending=104,683
WARN [07-28|13:38:40.846] Unexpected bytecode heal packet          peer=c1e7f745 reqid=7,841,842,199,451,671,212
INFO [07-28|13:38:41.361] Looking for peers                        peercount=34 tried=2 static=0
INFO [07-28|13:38:43.129] Imported new block headers               count=1    elapsed=6.367ms   number=12,914,739 hash=d01f1e..bb4f66
INFO [07-28|13:38:46.513] State heal in progress                   accounts=13730@746.45KiB slots=2772@216.45KiB codes=2063@15.83MiB nodes=48,842,169@14.00GiB pending=104,928
INFO [07-28|13:38:51.363] Looking for peers                        peercount=34 tried=2 static=0
INFO [07-28|13:38:56.153] State heal in progress                   accounts=13852@752.61KiB slots=2781@217.25KiB codes=2063@15.83MiB nodes=48,842,887@14.00GiB pending=105,421
INFO [07-28|13:39:01.365] Looking for peers                        peercount=34 tried=3 static=0
INFO [07-28|13:39:06.324] State heal in progress                   accounts=13978@759.49KiB slots=2788@217.82KiB codes=2063@15.83MiB nodes=48,843,671@14.00GiB pending=106,109
INFO [07-28|13:39:10.971] Imported new block headers               count=1    elapsed=5.659ms   number=12,914,740 hash=dabc6f..65e66d
INFO [07-28|13:39:11.366] Looking for peers                        peercount=34 tried=4 static=0
ERROR[07-28|13:39:15.051] Snapshot extension registration failed   peer=70d956b8 err="peer connected on snap without compatible eth support"
INFO [07-28|13:39:16.767] State heal in progress                   accounts=14057@763.44KiB slots=2796@218.47KiB codes=2064@15.83MiB nodes=48,844,357@14.00GiB pending=106,726
INFO [07-28|13:39:21.366] Looking for peers                        peercount=34 tried=3 static=0
INFO [07-28|13:39:26.028] State heal in progress                   accounts=14296@775.81KiB slots=2798@218.62KiB codes=2064@15.83MiB nodes=48,845,306@14.00GiB pending=107,007
INFO [07-28|13:39:31.368] Looking for peers                        peercount=34 tried=5 static=0
INFO [07-28|13:39:36.405] State heal in progress                   accounts=14472@784.58KiB slots=2805@219.18KiB codes=2064@15.83MiB nodes=48,846,166@14.00GiB pending=107,282
INFO [07-28|13:39:41.369] Looking for peers                        peercount=34 tried=3 static=0
INFO [07-28|13:39:41.882] Imported new block headers               count=1    elapsed=5.762ms   number=12,914,741 hash=3b950b..c48399 age=1m5s
INFO [07-28|13:39:42.372] Downloader queue stats                   receiptTasks=0    blockTasks=0    itemSize=252.57KiB throttle=260
INFO [07-28|13:39:44.660] State heal in progress                   accounts=14596@791.19KiB slots=2816@220.05KiB codes=2064@15.83MiB nodes=48,846,862@14.00GiB pending=107,693
INFO [07-28|13:39:45.062] Imported new block headers               count=1    elapsed=6.691ms   number=12,914,742 hash=cb3a86..56cb04 age=1m3s
WARN [07-28|13:39:50.664] Unexpected bytecode heal packet          peer=81e8669c reqid=415,503,032,679,677,087
INFO [07-28|13:39:51.369] Looking for peers                        peercount=32 tried=3 static=0
INFO [07-28|13:39:52.902] State heal in progress                   accounts=14770@800.13KiB slots=2818@220.22KiB codes=2064@15.83MiB nodes=48,847,544@14.00GiB pending=107,920
WARN [07-28|13:39:53.384] Dropping unsynced node during sync       id=284afbde1fce0eca conn=inbound addr=185.219.37.2:32874    type=OpenEthereum/v3.2.6-...
ERROR[07-28|13:39:55.503] Snapshot extension registration failed   peer=13714e5a err="peer connected on snap without compatible eth support"
INFO [07-28|13:40:00.558] Imported new block headers               count=1    elapsed=5.237ms   number=12,914,743 hash=00975b..3f64b8
INFO [07-28|13:40:01.370] Looking for peers                        peercount=32 tried=3 static=0
INFO [07-28|13:40:01.398] State heal in progress                   accounts=14971@810.71KiB slots=2825@220.75KiB codes=2065@15.83MiB nodes=48,848,302@14.00GiB pending=108,062
WARN [07-28|13:40:09.015] Dropping unsynced node during sync       id=d0612e6a64e5b674 conn=inbound addr=81.70.175.46:43720    type=OpenEthereum/v3.3.0-...
INFO [07-28|13:40:11.371] Looking for peers                        peercount=33 tried=2 static=0
INFO [07-28|13:40:11.715] State heal in progress                   accounts=15120@818.35KiB slots=2844@222.18KiB codes=2066@15.83MiB nodes=48,849,147@14.00GiB pending=108,532
INFO [07-28|13:40:21.372] Looking for peers                        peercount=33 tried=3 static=0
INFO [07-28|13:40:21.440] State heal in progress                   accounts=15264@825.88KiB slots=2866@223.88KiB codes=2066@15.83MiB nodes=48,849,995@14.00GiB pending=109,009
INFO [07-28|13:40:25.303] Imported new block headers               count=1    elapsed=6.380ms   number=12,914,744 hash=b99488..99a2c1
INFO [07-28|13:40:29.534] State heal in progress                   accounts=15643@845.03KiB slots=2884@225.36KiB codes=2067@15.83MiB nodes=48,851,067@14.00GiB pending=108,872
INFO [07-28|13:40:31.907] Looking for peers                        peercount=34 tried=4 static=0
INFO [07-28|13:40:37.716] Imported new block headers               count=1    elapsed=5.560ms   number=12,914,745 hash=31888d..57ea50
INFO [07-28|13:40:40.056] State heal in progress                   accounts=15796@852.34KiB slots=2897@226.36KiB codes=2068@15.83MiB nodes=48,851,969@14.01GiB pending=109,271
INFO [07-28|13:40:41.907] Looking for peers                        peercount=34 tried=2 static=0