INFO [07-28|13:41:15.041] Imported new block headers               count=1    elapsed=6.740ms   number=12,914,749 hash=01d50d..f91f76
INFO [07-28|13:41:16.663] State heal in progress                   accounts=16442@885.04KiB slots=2991@233.74KiB codes=2068@15.83MiB nodes=48,855,097@14.01GiB pending=110,624
INFO [07-28|13:41:18.206] Imported new block headers               count=1    elapsed=6.787ms   number=12,914,750 hash=df8a1a..0461ba
INFO [07-28|13:41:21.913] Looking for peers                        peercount=34 tried=4 static=0
INFO [07-28|13:41:25.490] State heal in progress                   accounts=16648@895.92KiB slots=3008@235.08KiB codes=2068@15.83MiB nodes=48,855,936@14.01GiB pending=110,953
INFO [07-28|13:41:31.915] Looking for peers                        peercount=34 tried=3 static=0
INFO [07-28|13:41:33.819] State heal in progress                   accounts=16758@901.31KiB slots=3032@237.05KiB codes=2068@15.83MiB nodes=48,856,638@14.01GiB pending=111,338
INFO [07-28|13:41:36.786] Imported new block headers               count=1    elapsed=5.389ms   number=12,914,751 hash=ada4ef..23fd91
INFO [07-28|13:41:41.916] Looking for peers                        peercount=34 tried=3 static=0
INFO [07-28|13:41:44.778] State heal in progress                   accounts=16900@908.19KiB slots=3061@239.36KiB codes=2068@15.83MiB nodes=48,857,487@14.01GiB pending=111,642
INFO [07-28|13:41:52.008] Looking for peers                        peercount=34 tried=1 static=0
INFO [07-28|13:41:54.446] State heal in progress                   accounts=17082@917.29KiB slots=3088@241.47KiB codes=2068@15.83MiB nodes=48,858,360@14.01GiB pending=111,881
INFO [07-28|13:41:58.451] Imported new block headers               count=1    elapsed=5.735ms   number=12,914,752 hash=b8d08c..94947a
INFO [07-28|13:41:59.456] Downloader queue stats                   receiptTasks=0    blockTasks=0    itemSize=239.71KiB throttle=274
INFO [07-28|13:42:02.008] Looking for peers                        peercount=34 tried=3 static=0
INFO [07-28|13:42:03.849] State heal in progress                   accounts=17226@924.66KiB slots=3129@244.70KiB codes=2068@15.83MiB nodes=48,859,236@14.01GiB pending=112,555
INFO [07-28|13:42:07.781] Imported new block headers               count=2    elapsed=5.718ms   number=12,914,754 hash=777acc..732062
INFO [07-28|13:42:12.010] Looking for peers                        peercount=34 tried=3 static=0
INFO [07-28|13:42:12.463] State heal in progress                   accounts=17362@931.80KiB slots=3163@247.41KiB codes=2068@15.83MiB nodes=48,860,000@14.01GiB pending=112,968
INFO [07-28|13:42:22.012] Looking for peers                        peercount=34 tried=4 static=0
INFO [07-28|13:42:22.244] State heal in progress                   accounts=17522@939.49KiB slots=3209@251.13KiB codes=2068@15.83MiB nodes=48,860,883@14.01GiB pending=113,338
INFO [07-28|13:42:26.360] Imported new block headers               count=1    elapsed=5.307ms   number=12,914,755 hash=a080f6..ec9889
INFO [07-28|13:42:31.982] State heal in progress                   accounts=17663@946.88KiB slots=3236@253.33KiB codes=2069@15.85MiB nodes=48,861,745@14.01GiB pending=113,742
INFO [07-28|13:42:32.013] Looking for peers                        peercount=35 tried=3 static=0
INFO [07-28|13:42:38.774] Imported new block headers               count=1    elapsed=6.359ms   number=12,914,756 hash=58586a..b72587
INFO [07-28|13:42:41.527] State heal in progress                   accounts=17742@951.23KiB slots=3282@256.87KiB codes=2069@15.85MiB nodes=48,862,565@14.01GiB pending=114,376
INFO [07-28|13:42:42.015] Looking for peers                        peercount=35 tried=3 static=0
INFO [07-28|13:42:49.869] State heal in progress                   accounts=17921@960.30KiB slots=3337@261.08KiB codes=2069@15.85MiB nodes=48,863,372@14.01GiB pending=114,517
INFO [07-28|13:42:52.016] Looking for peers                        peercount=35 tried=3 static=0
INFO [07-28|13:42:54.272] Imported new block headers               count=1    elapsed=5.810ms   number=12,914,757 hash=d27196..011155
INFO [07-28|13:42:58.248] State heal in progress                   accounts=18102@969.12KiB slots=3385@264.92KiB codes=2069@15.85MiB nodes=48,864,183@14.01GiB pending=114,578
INFO [07-28|13:43:02.018] Looking for peers                        peercount=35 tried=3 static=0
INFO [07-28|13:43:03.606] Imported new block headers               count=1    elapsed=6.425ms   number=12,914,758 hash=eebe54..9db31b
INFO [07-28|13:43:04.491] Downloader queue stats                   receiptTasks=0    blockTasks=0    itemSize=242.35KiB throttle=271
INFO [07-28|13:43:08.063] State heal in progress                   accounts=18199@974.20KiB slots=3461@271.02KiB codes=2069@15.85MiB nodes=48,865,040@14.01GiB pending=115,104
INFO [07-28|13:43:12.018] Looking for peers                        peercount=35 tried=3 static=0
INFO [07-28|13:43:17.214] State heal in progress                   accounts=18263@977.39KiB slots=3536@276.95KiB codes=2069@15.85MiB nodes=48,865,788@14.01GiB pending=115,507
INFO [07-28|13:43:19.101] Imported new block headers               count=1    elapsed=5.403ms   number=12,914,759 hash=d8a940..def711
INFO [07-28|13:43:22.020] Looking for peers                        peercount=35 tried=3 static=0
INFO [07-28|13:43:25.329] State heal in progress                   accounts=18305@979.57KiB slots=3599@281.98KiB codes=2069@15.85MiB nodes=48,866,434@14.01GiB pending=115,882
INFO [07-28|13:43:31.516] Imported new block headers               count=1    elapsed=6.126ms   number=12,914,760 hash=dc2743..1608d6
INFO [07-28|13:43:32.021] Looking for peers                        peercount=35 tried=3 static=0
INFO [07-28|13:43:33.851] State heal in progress                   accounts=18516@989.80KiB slots=3654@286.45KiB codes=2069@15.85MiB nodes=48,867,304@14.01GiB pending=116,099
INFO [07-28|13:43:37.763] Imported new block headers               count=1    elapsed=5.304ms   number=12,914,761 hash=95d7d2..a3e3fc
INFO [07-28|13:43:40.929] Imported new block headers               count=1    elapsed=5.516ms   number=12,914,762 hash=ab174c..fbdab9
INFO [07-28|13:43:42.023] Looking for peers                        peercount=35 tried=3 static=0
INFO [07-28|13:43:42.976] State heal in progress                   accounts=18836@1005.53KiB slots=3703@290.34KiB codes=2069@15.85MiB nodes=48,868,400@14.01GiB pending=116,111
INFO [07-28|13:43:52.024] Looking for peers                        peercount=35 tried=3 static=0
INFO [07-28|13:43:52.080] State heal in progress                   accounts=18947@1011.21KiB slots=3776@296.10KiB codes=2070@15.87MiB nodes=48,869,184@14.01GiB pending=116,424
INFO [07-28|13:44:01.662] State heal in progress                   accounts=19085@1017.93KiB slots=3833@300.60KiB codes=2070@15.87MiB nodes=48,870,009@14.01GiB pending=116,667
INFO [07-28|13:44:02.026] Looking for peers                        peercount=35 tried=1 static=0
INFO [07-28|13:44:10.524] State heal in progress                   accounts=19291@1.00MiB    slots=3890@305.08KiB codes=2070@15.87MiB nodes=48,870,844@14.01GiB pending=116,717
INFO [07-28|13:44:12.027] Looking for peers                        peercount=35 tried=3 static=0
INFO [07-28|13:44:18.749] State heal in progress                   accounts=19380@1.01MiB    slots=3985@312.63KiB codes=2070@15.87MiB nodes=48,871,579@14.01GiB pending=116,939
INFO [07-28|13:44:22.029] Looking for peers                        peercount=35 tried=4 static=0
INFO [07-28|13:44:24.180] Imported new block headers               count=2    elapsed=9.421ms   number=12,914,764 hash=961f2d..697e44
INFO [07-28|13:44:24.543] Downloader queue stats                   receiptTasks=0    blockTasks=0    itemSize=226.38KiB throttle=290
INFO [07-28|13:44:27.879] State heal in progress                   accounts=19440@1.01MiB    slots=4083@320.40KiB codes=2070@15.87MiB nodes=48,872,341@14.01GiB pending=117,342
INFO [07-28|13:44:32.030] Looking for peers                        peercount=35 tried=3 static=0
INFO [07-28|13:44:36.412] State heal in progress                   accounts=19557@1.02MiB    slots=4180@328.15KiB codes=2070@15.87MiB nodes=48,873,137@14.01GiB pending=117,402
INFO [07-28|13:44:39.675] Imported new block headers               count=1    elapsed=7.570ms   number=12,914,765 hash=7a19dc..11e167
WARN [07-28|13:44:40.551] Pivot became stale, moving               old=12,914,639 new=12,914,703
INFO [07-28|13:44:40.724] Imported new block receipts              count=64   elapsed=171.598ms number=12,914,702 hash=9c8974..ff356b age=14m50s   size=7.31MiB
INFO [07-28|13:44:41.777] State heal in progress                   accounts=19619@1.02MiB    slots=4216@331.04KiB codes=2070@15.87MiB nodes=48,873,571@14.01GiB pending=117,677
WARN [07-28|13:44:41.782] Unexpected trienode heal packet          peer=266f44cc reqid=7,897,519,864,180,786,678
WARN [07-28|13:44:41.782] Unexpected trienode heal packet          peer=c5265e1f reqid=6,248,956,991,926,682,935
WARN [07-28|13:44:41.812] Unexpected trienode heal packet          peer=81e8669c reqid=1,427,279,064,762,296,347
WARN [07-28|13:44:41.823] Unexpected trienode heal packet          peer=89ab640a reqid=5,336,830,022,282,401,012
WARN [07-28|13:44:41.896] Unexpected trienode heal packet          peer=624b819c reqid=185,283,973,080,548,871
WARN [07-28|13:44:41.934] Unexpected trienode heal packet          peer=ab94eac9 reqid=5,947,996,947,408,716,800
WARN [07-28|13:44:41.938] Unexpected trienode heal packet          peer=35e3ee4e reqid=1,073,883,552,383,338,640
WARN [07-28|13:44:41.942] Unexpected trienode heal packet          peer=85c41b4d reqid=1,315,508,246,119,996,044
WARN [07-28|13:44:41.995] Unexpected trienode heal packet          peer=6181d749 reqid=5,449,391,751,804,802,733
WARN [07-28|13:44:42.005] Unexpected trienode heal packet          peer=ce48f61b reqid=3,640,852,980,597,472,432
WARN [07-28|13:44:42.013] Unexpected trienode heal packet          peer=d039e3f3 reqid=7,626,855,761,885,260,225
WARN [07-28|13:44:42.015] Unexpected trienode heal packet          peer=c6711d19 reqid=8,438,399,996,858,068,658
INFO [07-28|13:44:42.032] Looking for peers                        peercount=36 tried=4 static=0
WARN [07-28|13:44:42.058] Unexpected trienode heal packet          peer=208c0644 reqid=7,521,980,672,336,927,737
WARN [07-28|13:44:42.130] Unexpected trienode heal packet          peer=c1e7f745 reqid=8,291,438,867,865,915,794
INFO [07-28|13:44:51.457] State heal in progress                   accounts=19619@1.02MiB    slots=4216@331.04KiB codes=2070@15.87MiB nodes=48,877,514@14.01GiB pending=41361
INFO [07-28|13:44:52.032] Looking for peers                        peercount=36 tried=3 static=0
INFO [07-28|13:45:02.034] Looking for peers                        peercount=36 tried=3 static=0
INFO [07-28|13:45:02.731] State heal in progress                   accounts=19619@1.02MiB    slots=4216@331.04KiB codes=2070@15.87MiB nodes=48,879,018@14.01GiB pending=43241
INFO [07-28|13:45:12.524] State heal in progress                   accounts=19619@1.02MiB    slots=4216@331.04KiB codes=2070@15.87MiB nodes=48,880,374@14.01GiB pending=52907
INFO [07-28|13:45:13.043] Looking for peers                        peercount=36 tried=3 static=0
INFO [07-28|13:45:22.711] State heal in progress                   accounts=19619@1.02MiB    slots=4216@331.04KiB codes=2070@15.87MiB nodes=48,881,922@14.02GiB pending=73220
INFO [07-28|13:45:22.923] Imported new block headers               count=1    elapsed=7.034ms   number=12,914,766 hash=2e5552..0a129c age=1m1s
INFO [07-28|13:45:23.054] Looking for peers                        peercount=36 tried=3 static=0
INFO [07-28|13:45:30.917] State heal in progress                   accounts=19619@1.02MiB    slots=4216@331.04KiB codes=2070@15.87MiB nodes=48,883,308@14.02GiB pending=92942
INFO [07-28|13:45:33.142] Looking for peers                        peercount=36 tried=2 static=0
INFO [07-28|13:45:39.047] State heal in progress                   accounts=19619@1.02MiB    slots=4216@331.04KiB codes=2070@15.87MiB nodes=48,884,732@14.02GiB pending=112,942
INFO [07-28|13:45:43.144] Looking for peers                        peercount=36 tried=4 static=0
INFO [07-28|13:45:47.676] Imported new block headers               count=1    elapsed=6.880ms   number=12,914,767 hash=7b3ca7..952888 age=1m23s
INFO [07-28|13:45:47.848] Downloader queue stats                   receiptTasks=0    blockTasks=0    itemSize=231.12KiB throttle=284
INFO [07-28|13:45:48.776] State heal in progress                   accounts=19619@1.02MiB    slots=4216@331.04KiB codes=2070@15.87MiB nodes=48,886,311@14.02GiB pending=120,972
INFO [07-28|13:45:53.146] Looking for peers                        peercount=36 tried=3 static=0
INFO [07-28|13:45:58.411] State heal in progress                   accounts=19619@1.02MiB    slots=4216@331.04KiB codes=2070@15.87MiB nodes=48,887,975@14.02GiB pending=141,380
INFO [07-28|13:46:00.088] Imported new block headers               count=1    elapsed=6.378ms   number=12,914,768 hash=d0dd07..de229a age=1m28s
INFO [07-28|13:46:03.147] Looking for peers                        peercount=36 tried=2 static=0
INFO [07-28|13:46:03.259] Imported new block headers               count=1    elapsed=7.722ms   number=12,914,769 hash=1f492e..29ff36
INFO [07-28|13:46:08.690] State heal in progress                   accounts=19619@1.02MiB    slots=4216@331.04KiB codes=2070@15.87MiB nodes=48,889,456@14.02GiB pending=145,702
INFO [07-28|13:46:09.510] Imported new block headers               count=1    elapsed=5.785ms   number=12,914,770 hash=a6cdfa..590c31
INFO [07-28|13:46:12.675] Imported new block headers               count=1    elapsed=5.691ms   number=12,914,771 hash=00ec84..dc9306
INFO [07-28|13:46:13.147] Looking for peers                        peercount=36 tried=3 static=0
INFO [07-28|13:46:19.028] State heal in progress                   accounts=19619@1.02MiB    slots=4216@331.04KiB codes=2070@15.87MiB nodes=48,890,998@14.02GiB pending=147,634
INFO [07-28|13:46:23.148] Looking for peers                        peercount=36 tried=3 static=0
INFO [07-28|13:46:32.111] State heal in progress                   accounts=19619@1.02MiB    slots=4216@331.04KiB codes=2070@15.87MiB nodes=48,892,222@14.02GiB pending=150,837
INFO [07-28|13:46:33.149] Looking for peers                        peercount=36 tried=4 static=0
INFO [07-28|13:46:43.151] Looking for peers                        peercount=36 tried=3 static=0
INFO [07-28|13:46:45.981] State heal in progress                   accounts=19619@1.02MiB    slots=4216@331.04KiB codes=2070@15.87MiB nodes=48,893,106@14.02GiB pending=151,773
INFO [07-28|13:46:46.666] Imported new block headers               count=1    elapsed=5.595ms   number=12,914,772 hash=812865..63c86d