2021-10-02 01:57:56 UTC Syncing #13337028 0xcb5e…c772     0.00 blk/s    0.0 tx/s    0.0 Mgas/s      0+   19 Qed Ancient:#11286489 LI:#13337048   10/25 peers      5 MiB chain    5 MiB queue  RPC:  0 conn,    0 req/s,    0 µs
2021-10-02 01:58:01 UTC Syncing #13337030 0x21f9…67b6     0.40 blk/s   49.6 tx/s    2.9 Mgas/s      0+   17 Qed Ancient:#11286491 LI:#13337048   14/25 peers      5 MiB chain    5 MiB queue  RPC:  0 conn,    0 req/s,    0 µs
2021-10-02 01:58:10 UTC Syncing #13337030 0x21f9…67b6     0.00 blk/s    0.0 tx/s    0.0 Mgas/s      0+   17 Qed Ancient:#11286491 LI:#13337048   14/25 peers      5 MiB chain    5 MiB queue  RPC:  0 conn,    0 req/s,    0 µs
2021-10-02 01:58:11 UTC Syncing #13337030 0x21f9…67b6     0.00 blk/s    0.0 tx/s    0.0 Mgas/s      0+   17 Qed Ancient:#11286491 LI:#13337048   12/25 peers      5 MiB chain    5 MiB queue  RPC:  0 conn,    0 req/s,    0 µs
2021-10-02 01:58:16 UTC Syncing #13337030 0x21f9…67b6     0.00 blk/s    0.0 tx/s    0.0 Mgas/s      0+   17 Qed Ancient:#11286491 LI:#13337048   11/25 peers      5 MiB chain    5 MiB queue  RPC:  0 conn,    0 req/s,    0 µs
2021-10-02 01:58:21 UTC Syncing #13337030 0x21f9…67b6     0.00 blk/s    0.0 tx/s    0.0 Mgas/s      0+   18 Qed Ancient:#11286491 LI:#13337049   11/25 peers      5 MiB chain    5 MiB queue  RPC:  0 conn,    0 req/s,    0 µs
2021-10-02 01:58:26 UTC Syncing #13337030 0x21f9…67b6     0.00 blk/s    0.0 tx/s    0.0 Mgas/s      0+   19 Qed Ancient:#11286491 LI:#13337050   11/25 peers      5 MiB chain    5 MiB queue  RPC:  0 conn,    0 req/s,    0 µs
2021-10-02 01:58:31 UTC Syncing #13337030 0x21f9…67b6     0.00 blk/s    0.0 tx/s    0.0 Mgas/s      0+   19 Qed Ancient:#11286491 LI:#13337050   14/25 peers      5 MiB chain    5 MiB queue  RPC:  0 conn,    0 req/s,    0 µs
2021-10-02 01:58:36 UTC Syncing #13337030 0x21f9…67b6     0.00 blk/s    0.0 tx/s    0.0 Mgas/s      0+   19 Qed Ancient:#11286491 LI:#13337050   14/25 peers      5 MiB chain    5 MiB queue  RPC:  0 conn,    0 req/s,    0 µs
2021-10-02 01:58:41 UTC Syncing #13337030 0x21f9…67b6     0.00 blk/s    0.0 tx/s    0.0 Mgas/s      0+   20 Qed Ancient:#11286491 LI:#13337051   16/25 peers      5 MiB chain    5 MiB queue  RPC:  0 conn,    0 req/s,    0 µs
2021-10-02 01:58:48 UTC Syncing #13337031 0xb0e0…cf4a     0.20 blk/s   44.8 tx/s    5.8 Mgas/s      0+   19 Qed Ancient:#11286493 LI:#13337051   15/25 peers      5 MiB chain    5 MiB queue  RPC:  0 conn,    0 req/s,    0 µs
2021-10-02 01:58:54 UTC Syncing #13337032 0xcffb…c7d2     0.20 blk/s   18.0 tx/s    1.6 Mgas/s      0+   18 Qed Ancient:#11286494 LI:#13337051   14/25 peers      5 MiB chain    5 MiB queue  RPC:  0 conn,    0 req/s,    0 µs
2021-10-02 01:58:56 UTC Syncing #13337032 0xcffb…c7d2     0.00 blk/s    0.0 tx/s    0.0 Mgas/s      0+   20 Qed Ancient:#11286494 LI:#13337053   13/25 peers      5 MiB chain    5 MiB queue  RPC:  0 conn,    0 req/s,    0 µs
2021-10-02 01:59:01 UTC Syncing #13337032 0xcffb…c7d2     0.00 blk/s    0.0 tx/s    0.0 Mgas/s      0+   20 Qed Ancient:#11286494 LI:#13337053   13/25 peers      5 MiB chain    5 MiB queue  RPC:  0 conn,    0 req/s,    0 µs
2021-10-02 01:59:06 UTC Syncing #13337032 0xcffb…c7d2     0.00 blk/s    0.0 tx/s    0.0 Mgas/s      0+   20 Qed Ancient:#11286494 LI:#13337053   13/25 peers      5 MiB chain    5 MiB queue  RPC:  0 conn,    0 req/s,    0 µs
2021-10-02 01:59:11 UTC Syncing #13337033 0x672d…446d     0.20 blk/s   55.8 tx/s    4.5 Mgas/s      0+   19 Qed Ancient:#11286495 LI:#13337053   11/25 peers      5 MiB chain    5 MiB queue  RPC:  0 conn,    0 req/s,    0 µs
2021-10-02 01:59:16 UTC Syncing #13337033 0x672d…446d     0.00 blk/s    0.0 tx/s    0.0 Mgas/s      0+   19 Qed Ancient:#11286495 LI:#13337053   11/25 peers      5 MiB chain    5 MiB queue  RPC:  0 conn,    0 req/s,    0 µs
2021-10-02 01:59:21 UTC Syncing #13337033 0x672d…446d     0.00 blk/s    0.0 tx/s    0.0 Mgas/s      0+   19 Qed Ancient:#11286495 LI:#13337053   10/25 peers      5 MiB chain    5 MiB queue  RPC:  0 conn,    0 req/s,    0 µs
2021-10-02 01:59:28 UTC Syncing #13337033 0x672d…446d     0.00 blk/s    0.0 tx/s    0.0 Mgas/s      0+   19 Qed Ancient:#11286495 LI:#13337053   12/25 peers      5 MiB chain    5 MiB queue  RPC:  0 conn,    0 req/s,    0 µs
2021-10-02 01:59:41 UTC Syncing #13337034 0xa411…c39b     0.11 blk/s   30.2 tx/s    2.4 Mgas/s      0+   19 Qed Ancient:#11286496 LI:#13337053   13/25 peers      5 MiB chain    5 MiB queue  RPC:  0 conn,    0 req/s,    0 µs
2021-10-02 01:59:46 UTC Syncing #13337034 0xa411…c39b     0.00 blk/s    0.0 tx/s    0.0 Mgas/s      0+   20 Qed Ancient:#11286653 LI:#13337054   11/25 peers      5 MiB chain    5 MiB queue  RPC:  0 conn,    0 req/s,    0 µs
2021-10-02 01:59:56 UTC Syncing #13337035 0x5c13…6e0e     0.19 blk/s   18.2 tx/s    1.6 Mgas/s      0+   20 Qed Ancient:#11286654 LI:#13337054   12/25 peers      5 MiB chain    5 MiB queue  RPC:  0 conn,    0 req/s,    0 µs
2021-10-02 01:59:56 UTC Syncing #13337035 0x5c13…6e0e     0.00 blk/s    0.0 tx/s    0.0 Mgas/s      0+   20 Qed Ancient:#11286863 LI:#13337054   12/25 peers      4 MiB chain    5 MiB queue  RPC:  0 conn,    0 req/s,    0 µs
2021-10-02 02:00:35 UTC Syncing #13337037 0x0f59…e3c5     0.07 blk/s   17.1 tx/s    1.1 Mgas/s      0+   21 Qed Ancient:#11286866 LI:#13337057   11/25 peers      5 MiB chain    6 MiB queue  RPC:  0 conn,    0 req/s,    0 µs
2021-10-02 02:00:35 UTC Syncing #13337037 0x0f59…e3c5     0.07 blk/s   17.1 tx/s    1.1 Mgas/s      0+   21 Qed Ancient:#11287358 LI:#13337057   11/25 peers     18 MiB chain    6 MiB queue  RPC:  0 conn,    0 req/s,    0 µs
2021-10-02 02:00:35 UTC Syncing #13337037 0x0f59…e3c5     0.00 blk/s    0.0 tx/s    0.0 Mgas/s      0+   21 Qed Ancient:#11287358 LI:#13337057   11/25 peers    0 bytes chain    6 MiB queue  RPC:  0 conn,    0 req/s,    0 µs
2021-10-02 02:00:35 UTC Syncing #13337037 0x0f59…e3c5     0.00 blk/s    0.0 tx/s    0.0 Mgas/s      0+   21 Qed Ancient:#11287358 LI:#13337057   11/25 peers   744 bytes chain    6 MiB queue  RPC:  0 conn,    0 req/s,    0 µs
2021-10-02 02:00:44 UTC Syncing #13337037 0x0f59…e3c5     0.00 blk/s    0.0 tx/s    0.0 Mgas/s      0+   21 Qed Ancient:#11287358 LI:#13337058   12/25 peers    433 KiB chain    6 MiB queue  RPC:  0 conn,    0 req/s,    0 µs
2021-10-02 02:01:00 UTC Syncing #13337037 0x0f59…e3c5     0.00 blk/s    0.0 tx/s    0.0 Mgas/s      0+   22 Qed Ancient:#11287358 LI:#13337059   11/25 peers    689 KiB chain    6 MiB queue  RPC:  0 conn,    0 req/s,    0 µs
2021-10-02 02:01:16 UTC Syncing #13337038 0x0d80…9704     0.17 blk/s   49.6 tx/s    5.2 Mgas/s      0+   21 Qed Ancient:#11287359 LI:#13337059   11/25 peers    868 KiB chain    6 MiB queue  RPC:  0 conn,    0 req/s,    0 µs
2021-10-02 02:01:16 UTC Syncing #13337038 0x0d80…9704     0.00 blk/s    0.0 tx/s    0.0 Mgas/s      0+   21 Qed Ancient:#11287359 LI:#13337059   11/25 peers    868 KiB chain    6 MiB queue  RPC:  0 conn,    0 req/s,    0 µs
2021-10-02 02:01:23 UTC Syncing #13337038 0x0d80…9704     0.00 blk/s    0.0 tx/s    0.0 Mgas/s      0+   21 Qed Ancient:#11287359 LI:#13337059    9/25 peers    970 KiB chain    6 MiB queue  RPC:  0 conn,    0 req/s,    0 µs
2021-10-02 02:01:31 UTC Syncing #13337040 0xa918…cfe1     0.20 blk/s   26.7 tx/s    3.2 Mgas/s      0+   20 Qed Ancient:#11287361 LI:#13337060    9/25 peers      1 MiB chain    6 MiB queue  RPC:  0 conn,    0 req/s,    0 µs
2021-10-02 02:01:31 UTC Syncing #13337040 0xa918…cfe1     0.40 blk/s   53.4 tx/s    6.5 Mgas/s      0+   20 Qed Ancient:#11287361 LI:#13337060    9/25 peers      1 MiB chain    6 MiB queue  RPC:  0 conn,    0 req/s,    0 µs
2021-10-02 02:01:40 UTC Syncing #13337040 0xa918…cfe1     0.00 blk/s    0.0 tx/s    0.0 Mgas/s      0+   20 Qed Ancient:#11287361 LI:#13337060    9/25 peers      1 MiB chain    6 MiB queue  RPC:  0 conn,    0 req/s,    0 µs
2021-10-02 02:01:57 UTC Syncing #13337042 0xdf66…fb75     0.40 blk/s   48.6 tx/s    5.4 Mgas/s      0+   18 Qed Ancient:#11287363 LI:#13337060    8/25 peers      1 MiB chain    5 MiB queue  RPC:  0 conn,    0 req/s,    0 µs
2021-10-02 02:01:57 UTC Syncing #13337043 0x801b…eea5     0.30 blk/s   29.0 tx/s    3.1 Mgas/s      0+   17 Qed Ancient:#11287364 LI:#13337060    8/25 peers      1 MiB chain    5 MiB queue  RPC:  0 conn,    0 req/s,    0 µs
2021-10-02 02:01:57 UTC Syncing #13337043 0x801b…eea5     0.00 blk/s    0.0 tx/s    0.0 Mgas/s      0+   17 Qed Ancient:#11287364 LI:#13337060    8/25 peers      1 MiB chain    5 MiB queue  RPC:  0 conn,    0 req/s,    0 µs
2021-10-02 02:01:57 UTC Syncing #13337043 0x801b…eea5     0.00 blk/s    0.0 tx/s    0.0 Mgas/s      0+   17 Qed Ancient:#11287364 LI:#13337060    8/25 peers      1 MiB chain    5 MiB queue  RPC:  0 conn,    0 req/s,    0 µs
2021-10-02 02:02:04 UTC Syncing #13337043 0x801b…eea5     0.00 blk/s    0.0 tx/s    0.0 Mgas/s      0+   17 Qed Ancient:#11287364 LI:#13337060    8/25 peers      1 MiB chain    5 MiB queue  RPC:  0 conn,    0 req/s,    0 µs
2021-10-02 02:02:21 UTC Syncing #13337044 0x297c…50af     0.20 blk/s   66.4 tx/s    5.0 Mgas/s      0+   16 Qed Ancient:#11287365 LI:#13337060    7/25 peers      2 MiB chain    5 MiB queue  RPC:  0 conn,    0 req/s,    0 µs
2021-10-02 02:02:21 UTC Syncing #13337045 0x5adb…17ed     0.10 blk/s   13.6 tx/s    0.7 Mgas/s      0+   15 Qed Ancient:#11287366 LI:#13337060    7/25 peers      2 MiB chain    4 MiB queue  RPC:  0 conn,    0 req/s,    0 µs
2021-10-02 02:02:21 UTC Syncing #13337045 0x5adb…17ed     0.20 blk/s   46.9 tx/s    3.1 Mgas/s      0+   15 Qed Ancient:#11287366 LI:#13337060    7/25 peers      2 MiB chain    4 MiB queue  RPC:  0 conn,    0 req/s,    0 µs
2021-10-02 02:02:34 UTC Syncing #13337045 0x5adb…17ed     0.00 blk/s    0.0 tx/s    0.0 Mgas/s      0+   15 Qed Ancient:#11287366 LI:#13337060    5/25 peers      2 MiB chain    4 MiB queue  RPC:  0 conn,    0 req/s,    0 µs
2021-10-02 02:02:34 UTC Syncing #13337045 0x5adb…17ed     0.00 blk/s    0.0 tx/s    0.0 Mgas/s      0+   15 Qed Ancient:#11287366 LI:#13337060    5/25 peers      2 MiB chain    4 MiB queue  RPC:  0 conn,    0 req/s,    0 µs
2021-10-02 02:02:45 UTC Syncing #13337046 0xa76b…d833     0.20 blk/s   73.0 tx/s    4.8 Mgas/s      0+   14 Qed Ancient:#11287367 LI:#13337060    3/25 peers      2 MiB chain    4 MiB queue  RPC:  0 conn,    0 req/s,    0 µs
2021-10-02 02:02:45 UTC Syncing #13337046 0xa76b…d833     0.10 blk/s   36.5 tx/s    2.4 Mgas/s      0+   14 Qed Ancient:#11287367 LI:#13337060    3/25 peers      2 MiB chain    4 MiB queue  RPC:  0 conn,    0 req/s,    0 µs
2021-10-02 02:02:46 UTC Syncing #13337046 0xa76b…d833     0.00 blk/s    0.0 tx/s    0.0 Mgas/s      0+   14 Qed Ancient:#11287367 LI:#13337060    3/25 peers      2 MiB chain    4 MiB queue  RPC:  0 conn,    0 req/s,    0 µs
2021-10-02 02:02:58 UTC Syncing #13337047 0x8ef0…0ab2     0.20 blk/s   44.8 tx/s    3.6 Mgas/s      0+   20 Qed Ancient:#11287368 LI:#13337067    2/25 peers      2 MiB chain    5 MiB queue  RPC:  0 conn,    0 req/s,    0 µs
2021-10-02 02:02:58 UTC Syncing #13337048 0xb221…b16e     0.20 blk/s   31.4 tx/s    2.8 Mgas/s      0+   19 Qed Ancient:#11287369 LI:#13337067    1/25 peers      2 MiB chain    5 MiB queue  RPC:  0 conn,    0 req/s,    0 µs
2021-10-02 02:03:14 UTC Syncing #13337048 0xb221…b16e     0.00 blk/s    0.0 tx/s    0.0 Mgas/s      0+   19 Qed Ancient:#11287369 LI:#13337067    1/25 peers      2 MiB chain    5 MiB queue  RPC:  0 conn,    0 req/s,    0 µs
2021-10-02 02:03:14 UTC Syncing #13337048 0xb221…b16e     0.00 blk/s    0.0 tx/s    0.0 Mgas/s      0+   19 Qed Ancient:#11287369 LI:#13337067    1/25 peers      2 MiB chain    5 MiB queue  RPC:  0 conn,    0 req/s,    0 µs
2021-10-02 02:03:14 UTC Syncing #13337048 0xb221…b16e     0.00 blk/s    0.0 tx/s    0.0 Mgas/s      0+   19 Qed Ancient:#11287369 LI:#13337067    1/25 peers      2 MiB chain    5 MiB queue  RPC:  0 conn,    0 req/s,    0 µs
2021-10-02 02:03:16 UTC Syncing #13337048 0xb221…b16e     0.00 blk/s    0.0 tx/s    0.0 Mgas/s      0+   19 Qed Ancient:#11287369 LI:#13337067    1/25 peers      2 MiB chain    5 MiB queue  RPC:  0 conn,    0 req/s,    0 µs
2021-10-02 02:03:28 UTC Syncing #13337050 0x7061…56b2     0.20 blk/s   37.2 tx/s    3.7 Mgas/s      0+   22 Qed Ancient:#11287371 LI:#13337072    1/25 peers      2 MiB chain    6 MiB queue  RPC:  0 conn,    0 req/s,    0 µs
2021-10-02 02:03:28 UTC Syncing #13337049 0x5eb5…8357     0.20 blk/s   61.8 tx/s    6.0 Mgas/s      0+   23 Qed Ancient:#11287370 LI:#13337072    1/25 peers      2 MiB chain    6 MiB queue  RPC:  0 conn,    0 req/s,    0 µs
2021-10-02 02:03:38 UTC Syncing #13337051 0x797d…b6fb     0.20 blk/s   25.6 tx/s    1.9 Mgas/s      0+   21 Qed Ancient:#11287372 LI:#13337072    1/25 peers      2 MiB chain    5 MiB queue  RPC:  0 conn,    0 req/s,    0 µs
2021-10-02 02:03:38 UTC Syncing #13337050 0x7061…56b2     0.20 blk/s   12.6 tx/s    1.4 Mgas/s      0+   22 Qed Ancient:#11287371 LI:#13337072    1/25 peers      2 MiB chain    6 MiB queue  RPC:  0 conn,    0 req/s,    0 µs