INFO [07-28|14:27:52.842] State heal in progress                   accounts=41482@2.09MiB    slots=10706@838.23KiB codes=2079@15.93MiB nodes=49,084,208@14.09GiB pending=125,600
INFO [07-28|14:28:02.283] State heal in progress                   accounts=41483@2.09MiB    slots=10706@838.23KiB codes=2079@15.93MiB nodes=49,084,774@14.09GiB pending=126,120
WARN [07-28|14:28:07.825] Unexpected trienode heal packet          peer=d039e3f3 reqid=7,098,210,639,011,975,521
INFO [07-28|14:28:12.227] State heal in progress                   accounts=41549@2.10MiB    slots=10706@838.23KiB codes=2079@15.93MiB nodes=49,085,411@14.09GiB pending=126,609
INFO [07-28|14:28:21.378] State heal in progress                   accounts=41710@2.11MiB    slots=10706@838.23KiB codes=2079@15.93MiB nodes=49,086,239@14.09GiB pending=126,875
INFO [07-28|14:28:28.331] Imported new block headers               count=1    elapsed=5.782ms   number=12,914,941 hash=fe6d76..0dcdb4 age=1m53s
INFO [07-28|14:28:29.230] Downloader queue stats                   receiptTasks=0    blockTasks=0    itemSize=238.64KiB throttle=275
INFO [07-28|14:28:29.962] State heal in progress                   accounts=41773@2.11MiB    slots=10706@838.23KiB codes=2079@15.93MiB nodes=49,086,763@14.09GiB pending=127,173
INFO [07-28|14:28:38.352] State heal in progress                   accounts=41853@2.11MiB    slots=10706@838.23KiB codes=2079@15.93MiB nodes=49,087,300@14.09GiB pending=127,454
INFO [07-28|14:28:46.405] State heal in progress                   accounts=42027@2.12MiB    slots=10706@838.23KiB codes=2079@15.93MiB nodes=49,088,048@14.09GiB pending=127,531
INFO [07-28|14:28:57.046] State heal in progress                   accounts=42152@2.13MiB    slots=10706@838.23KiB codes=2079@15.93MiB nodes=49,088,774@14.09GiB pending=127,832
INFO [07-28|14:29:06.926] State heal in progress                   accounts=42298@2.14MiB    slots=10706@838.23KiB codes=2079@15.93MiB nodes=49,089,503@14.09GiB pending=128,069
INFO [07-28|14:29:17.827] State heal in progress                   accounts=42387@2.14MiB    slots=10706@838.23KiB codes=2079@15.93MiB nodes=49,090,280@14.09GiB pending=128,576
INFO [07-28|14:29:26.090] State heal in progress                   accounts=42452@2.14MiB    slots=10706@838.23KiB codes=2079@15.93MiB nodes=49,090,769@14.09GiB pending=128,843
INFO [07-28|14:29:33.158] Imported new block headers               count=1    elapsed=8.399ms   number=12,914,942 hash=1be48b..addebe age=2m21s
INFO [07-28|14:29:34.269] Downloader queue stats                   receiptTasks=0    blockTasks=0    itemSize=241.99KiB throttle=271
INFO [07-28|14:29:35.395] State heal in progress                   accounts=42773@2.16MiB    slots=10707@838.31KiB codes=2079@15.93MiB nodes=49,091,708@14.09GiB pending=128,814
INFO [07-28|14:29:39.404] Imported new block headers               count=1    elapsed=6.676ms   number=12,914,943 hash=9c94c9..e54b0d age=2m21s
INFO [07-28|14:29:45.423] State heal in progress                   accounts=43219@2.18MiB    slots=10708@838.39KiB codes=2079@15.93MiB nodes=49,092,943@14.09GiB pending=128,544
INFO [07-28|14:29:45.653] Imported new block headers               count=1    elapsed=6.669ms   number=12,914,944 hash=9cc7e8..5c7f8c age=1m21s
INFO [07-28|14:29:48.819] Imported new block headers               count=1    elapsed=5.669ms   number=12,914,945 hash=ee1a08..9ce38a
INFO [07-28|14:29:54.663] State heal in progress                   accounts=43774@2.21MiB    slots=10708@838.39KiB codes=2079@15.93MiB nodes=49,094,396@14.09GiB pending=128,033