INFO [07-28|14:23:15.969] State heal in progress                   accounts=40696@2.05MiB    slots=10706@838.23KiB codes=2079@15.93MiB nodes=49,070,832@14.08GiB pending=113,005
WARN [07-28|14:23:15.969] Unexpected trienode heal packet          peer=df5f16fe reqid=9,176,605,336,138,877,271
INFO [07-28|14:23:24.298] State heal in progress                   accounts=40697@2.05MiB    slots=10706@838.23KiB codes=2079@15.93MiB nodes=49,071,146@14.08GiB pending=113,408
WARN [07-28|14:23:24.298] Unexpected trienode heal packet          peer=81e8669c reqid=555,928,093,154,261,020
INFO [07-28|14:23:24.845] Imported new block headers               count=1    elapsed=5.575ms   number=12,914,925 hash=140ef8..7043bf
INFO [07-28|14:23:33.479] State heal in progress                   accounts=40697@2.05MiB    slots=10706@838.23KiB codes=2079@15.93MiB nodes=49,071,463@14.08GiB pending=113,798
INFO [07-28|14:23:43.426] Imported new block headers               count=1    elapsed=5.390ms   number=12,914,926 hash=87e710..04f11b
INFO [07-28|14:23:44.058] Downloader queue stats                   receiptTasks=0    blockTasks=0    itemSize=230.51KiB throttle=285
INFO [07-28|14:23:46.613] State heal in progress                   accounts=40697@2.05MiB    slots=10706@838.23KiB codes=2079@15.93MiB nodes=49,071,973@14.08GiB pending=114,426
WARN [07-28|14:23:47.648] Dropping unsynced node during sync       id=797d952200930470 conn=dyndial addr=176.9.122.147:33309   type=Nethermind/v1.10.63-...
INFO [07-28|14:23:59.965] State heal in progress                   accounts=40697@2.05MiB    slots=10706@838.23KiB codes=2079@15.93MiB nodes=49,072,458@14.08GiB pending=115,010
WARN [07-28|14:24:01.072] Unexpected trienode heal packet          peer=d1854464 reqid=9,119,409,905,930,721,905
INFO [07-28|14:24:09.610] State heal in progress                   accounts=40697@2.05MiB    slots=10706@838.23KiB codes=2079@15.93MiB nodes=49,072,815@14.08GiB pending=115,484
INFO [07-28|14:24:17.467] Imported new block headers               count=1    elapsed=5.854ms   number=12,914,927 hash=bb9373..b9dd8e age=1m8s
INFO [07-28|14:24:22.145] State heal in progress                   accounts=40706@2.05MiB    slots=10706@838.23KiB codes=2079@15.93MiB nodes=49,073,368@14.08GiB pending=116,072
INFO [07-28|14:24:34.074] State heal in progress                   accounts=40724@2.05MiB    slots=10706@838.23KiB codes=2079@15.93MiB nodes=49,073,940@14.08GiB pending=116,639
INFO [07-28|14:24:39.127] Imported new block headers               count=1    elapsed=5.290ms   number=12,914,928 hash=04dbda..29ba13 age=1m15s
INFO [07-28|14:24:45.500] State heal in progress                   accounts=40731@2.05MiB    slots=10706@838.23KiB codes=2079@15.93MiB nodes=49,074,407@14.08GiB pending=117,172
INFO [07-28|14:24:58.867] State heal in progress                   accounts=40737@2.05MiB    slots=10706@838.23KiB codes=2079@15.93MiB nodes=49,075,016@14.08GiB pending=117,834
WARN [07-28|14:25:01.762] Unexpected trienode heal packet          peer=89ab640a reqid=1,651,010,509,760,904,703
INFO [07-28|14:25:07.150] State heal in progress                   accounts=40743@2.06MiB    slots=10706@838.23KiB codes=2079@15.93MiB nodes=49,075,406@14.08GiB pending=118,282
INFO [07-28|14:25:10.041] Imported new block headers               count=1    elapsed=6.127ms   number=12,914,929 hash=b5e61d..38200f age=1m28s
INFO [07-28|14:25:11.109] Downloader queue stats                   receiptTasks=0    blockTasks=0    itemSize=229.01KiB throttle=287
WARN [07-28|14:25:12.764] Unexpected trienode heal packet          peer=ab94eac9 reqid=628,399,810,942,398,822
INFO [07-28|14:25:15.643] State heal in progress                   accounts=40756@2.06MiB    slots=10706@838.23KiB codes=2079@15.93MiB nodes=49,075,871@14.08GiB pending=118,720
INFO [07-28|14:25:22.456] Imported new block headers               count=1    elapsed=5.585ms   number=12,914,930 hash=077148..357e84 age=1m8s
INFO [07-28|14:25:28.704] Imported new block headers               count=1    elapsed=5.586ms   number=12,914,931 hash=4efac9..ff9882
INFO [07-28|14:25:31.633] State heal in progress                   accounts=40764@2.06MiB    slots=10706@838.23KiB codes=2079@15.93MiB nodes=49,076,542@14.08GiB pending=119,460
INFO [07-28|14:25:34.953] Imported new block headers               count=1    elapsed=5.915ms   number=12,914,932 hash=f96832..c71871
INFO [07-28|14:25:41.201] Imported new block headers               count=1    elapsed=6.124ms   number=12,914,933 hash=8a4a4f..4809bd
INFO [07-28|14:25:42.273] State heal in progress                   accounts=40769@2.06MiB    slots=10706@838.23KiB codes=2079@15.93MiB nodes=49,076,980@14.08GiB pending=119,941
INFO [07-28|14:25:53.617] Imported new block headers               count=1    elapsed=6.023ms   number=12,914,934 hash=5db844..06bda1
INFO [07-28|14:25:53.860] State heal in progress                   accounts=40777@2.06MiB    slots=10706@838.23KiB codes=2079@15.93MiB nodes=49,077,534@14.08GiB pending=120,595
INFO [07-28|14:26:03.381] State heal in progress                   accounts=40780@2.06MiB    slots=10706@838.23KiB codes=2079@15.93MiB nodes=49,077,947@14.08GiB pending=121,060
INFO [07-28|14:26:06.030] Imported new block headers               count=1    elapsed=5.472ms   number=12,914,935 hash=0553a4..299f1b
INFO [07-28|14:26:15.361] Imported new block headers               count=1    elapsed=5.923ms   number=12,914,936 hash=6bf07c..c7ac6b
INFO [07-28|14:26:16.142] Downloader queue stats                   receiptTasks=0    blockTasks=0    itemSize=234.47KiB throttle=280
INFO [07-28|14:26:17.596] State heal in progress                   accounts=40787@2.06MiB    slots=10706@838.23KiB codes=2079@15.93MiB nodes=49,078,538@14.08GiB pending=121,787
WARN [07-28|14:26:17.597] Unexpected trienode heal packet          peer=89ab640a reqid=372,079,403,995,756,450
WARN [07-28|14:26:18.004] Unexpected trienode heal packet          peer=d039e3f3 reqid=1,436,712,601,463,525,844
WARN [07-28|14:26:18.149] Unexpected trienode heal packet          peer=479ba845 reqid=4,829,963,626,896,404,330
WARN [07-28|14:26:18.267] Unexpected trienode heal packet          peer=ef9809ea reqid=697,255,070,518,510,156
INFO [07-28|14:26:27.335] State heal in progress                   accounts=40836@2.06MiB    slots=10706@838.23KiB codes=2079@15.93MiB nodes=49,079,065@14.08GiB pending=122,186
INFO [07-28|14:26:30.856] Imported new block headers               count=1    elapsed=6.210ms   number=12,914,937 hash=f4a905..7127ab
INFO [07-28|14:26:37.103] Imported new block headers               count=1    elapsed=5.257ms   number=12,914,938 hash=927965..5915aa
INFO [07-28|14:26:37.778] State heal in progress                   accounts=40847@2.06MiB    slots=10706@838.23KiB codes=2079@15.93MiB nodes=49,079,550@14.08GiB pending=122,771
INFO [07-28|14:26:46.075] State heal in progress                   accounts=40923@2.06MiB    slots=10706@838.23KiB codes=2079@15.93MiB nodes=49,080,052@14.09GiB pending=123,132
INFO [07-28|14:26:59.521] State heal in progress                   accounts=41020@2.07MiB    slots=10706@838.23KiB codes=2079@15.93MiB nodes=49,080,824@14.09GiB pending=123,625
INFO [07-28|14:27:08.990] State heal in progress                   accounts=41048@2.07MiB    slots=10706@838.23KiB codes=2079@15.93MiB nodes=49,081,261@14.09GiB pending=124,062
WARN [07-28|14:27:13.765] Unexpected trienode heal packet          peer=d039e3f3 reqid=5,225,117,567,720,859,917
INFO [07-28|14:27:14.180] Imported new block headers               count=1    elapsed=7.711ms   number=12,914,939 hash=5715b9..66b010 age=1m1s
INFO [07-28|14:27:18.658] State heal in progress                   accounts=41153@2.08MiB    slots=10706@838.23KiB codes=2079@15.93MiB nodes=49,081,965@14.09GiB pending=124,396
WARN [07-28|14:27:18.660] Unexpected trienode heal packet          peer=479ba845 reqid=7,167,158,057,908,655,585
WARN [07-28|14:27:18.665] Unexpected trienode heal packet          peer=ef9809ea reqid=6,795,236,126,843,984,823
INFO [07-28|14:27:20.425] Imported new block headers               count=1    elapsed=5.963ms   number=12,914,940 hash=ddbeb2..63a8f9
INFO [07-28|14:27:21.186] Downloader queue stats                   receiptTasks=0    blockTasks=0    itemSize=235.68KiB throttle=279
WARN [07-28|14:27:23.334] Unexpected trienode heal packet          peer=28a04a97 reqid=4,133,099,575,884,227,810
INFO [07-28|14:27:29.061] State heal in progress                   accounts=41177@2.08MiB    slots=10706@838.23KiB codes=2079@15.93MiB nodes=49,082,502@14.09GiB pending=124,904
WARN [07-28|14:27:33.500] Unexpected trienode heal packet          peer=c79eb254 reqid=7,808,622,891,164,360,298
WARN [07-28|14:27:33.559] Unexpected trienode heal packet          peer=d1854464 reqid=2,380,707,621,840,839,244
INFO [07-28|14:27:39.489] State heal in progress                   accounts=41194@2.08MiB    slots=10706@838.23KiB codes=2079@15.93MiB nodes=49,083,003@14.09GiB pending=125,429
WARN [07-28|14:27:39.490] Unexpected trienode heal packet          peer=c1e7f745 reqid=6,218,923,566,750,256,196
INFO [07-28|14:27:52.842] State heal in progress                   accounts=41482@2.09MiB    slots=10706@838.23KiB codes=2079@15.93MiB nodes=49,084,208@14.09GiB pending=125,600
INFO [07-28|14:28:02.283] State heal in progress                   accounts=41483@2.09MiB    slots=10706@838.23KiB codes=2079@15.93MiB nodes=49,084,774@14.09GiB pending=126,120
WARN [07-28|14:28:07.825] Unexpected trienode heal packet          peer=d039e3f3 reqid=7,098,210,639,011,975,521
INFO [07-28|14:28:12.227] State heal in progress                   accounts=41549@2.10MiB    slots=10706@838.23KiB codes=2079@15.93MiB nodes=49,085,411@14.09GiB pending=126,609
INFO [07-28|14:28:21.378] State heal in progress                   accounts=41710@2.11MiB    slots=10706@838.23KiB codes=2079@15.93MiB nodes=49,086,239@14.09GiB pending=126,875
INFO [07-28|14:28:28.331] Imported new block headers               count=1    elapsed=5.782ms   number=12,914,941 hash=fe6d76..0dcdb4 age=1m53s
INFO [07-28|14:28:29.230] Downloader queue stats                   receiptTasks=0    blockTasks=0    itemSize=238.64KiB throttle=275
INFO [07-28|14:28:29.962] State heal in progress                   accounts=41773@2.11MiB    slots=10706@838.23KiB codes=2079@15.93MiB nodes=49,086,763@14.09GiB pending=127,173
INFO [07-28|14:28:38.352] State heal in progress                   accounts=41853@2.11MiB    slots=10706@838.23KiB codes=2079@15.93MiB nodes=49,087,300@14.09GiB pending=127,454
INFO [07-28|14:28:46.405] State heal in progress                   accounts=42027@2.12MiB    slots=10706@838.23KiB codes=2079@15.93MiB nodes=49,088,048@14.09GiB pending=127,531