INFO [05-09|12:52:14.172] Imported new state entries               count=1152 elapsed=11.940ms    processed=572625221 pending=171001 trieretry=0   coderetry=0 duplicate=6212 unexpected=270662
INFO [05-09|12:52:16.366] Imported new block headers               count=1    elapsed=8.597ms     number=12400255 hash="a239b4…f6bbc5"
INFO [05-09|12:52:17.049] Imported new state entries               count=768  elapsed=2.697ms     processed=572625989 pending=171278 trieretry=382 coderetry=0 duplicate=6212 unexpected=270662
INFO [05-09|12:52:19.117] Imported new state entries               count=768  elapsed=4.616ms     processed=572626757 pending=171647 trieretry=0   coderetry=0 duplicate=6212 unexpected=270662
INFO [05-09|12:52:21.293] Imported new state entries               count=384  elapsed=1.532ms     processed=572627141 pending=171693 trieretry=0   coderetry=0 duplicate=6212 unexpected=270662
INFO [05-09|12:52:24.964] Imported new state entries               count=768  elapsed=1.919ms     processed=572627909 pending=172917 trieretry=0   coderetry=0 duplicate=6212 unexpected=270662
INFO [05-09|12:52:24.965] Imported new state entries               count=0    elapsed="9.4µs"     processed=572627909 pending=172917 trieretry=2   coderetry=0 duplicate=6212 unexpected=270664
INFO [05-09|12:52:29.450] Imported new state entries               count=384  elapsed="872.103µs" processed=572628293 pending=173139 trieretry=0   coderetry=0 duplicate=6212 unexpected=270664
INFO [05-09|12:52:32.796] Imported new state entries               count=385  elapsed="844.003µs" processed=572628678 pending=173497 trieretry=0   coderetry=0 duplicate=6212 unexpected=270664
INFO [05-09|12:52:36.176] Imported new state entries               count=384  elapsed="329.301µs" processed=572629062 pending=174009 trieretry=0   coderetry=0 duplicate=6212 unexpected=270664
INFO [05-09|12:52:39.242] Imported new state entries               count=384  elapsed="714.803µs" processed=572629446 pending=174386 trieretry=44  coderetry=0 duplicate=6212 unexpected=270664
INFO [05-09|12:52:42.097] Imported new state entries               count=384  elapsed=1.208ms     processed=572629830 pending=174832 trieretry=0   coderetry=0 duplicate=6212 unexpected=270664
INFO [05-09|12:52:44.602] Imported new state entries               count=384  elapsed=2.135ms     processed=572630214 pending=174758 trieretry=0   coderetry=0 duplicate=6212 unexpected=270664
INFO [05-09|12:52:47.276] Imported new state entries               count=384  elapsed="26.4µs"    processed=572630598 pending=179094 trieretry=0   coderetry=0 duplicate=6212 unexpected=270664
INFO [05-09|12:52:54.628] Imported new state entries               count=384  elapsed="258.101µs" processed=572630982 pending=179728 trieretry=0   coderetry=0 duplicate=6212 unexpected=270664
INFO [05-09|12:52:59.504] Imported new state entries               count=384  elapsed="976.203µs" processed=572631366 pending=180069 trieretry=2   coderetry=0 duplicate=6212 unexpected=270664
INFO [05-09|12:53:01.613] Imported new block headers               count=1    elapsed=6.856ms     number=12400256 hash="c28681…8e2181"
INFO [05-09|12:53:01.658] Downloader queue stats                   receiptTasks=0     blockTasks=0     itemSize=280.69KiB throttle=234
INFO [05-09|12:53:02.850] Imported new state entries               count=384  elapsed=1.532ms     processed=572631750 pending=180602 trieretry=0   coderetry=0 duplicate=6212 unexpected=270664
INFO [05-09|12:53:06.189] Imported new state entries               count=384  elapsed="991.104µs" processed=572632134 pending=181088 trieretry=0   coderetry=0 duplicate=6212 unexpected=270664
INFO [05-09|12:53:06.441] Imported new state entries               count=384  elapsed="4.2µs"     processed=572632518 pending=186586 trieretry=0   coderetry=0 duplicate=6212 unexpected=270664
INFO [05-09|12:53:06.655] Imported new state entries               count=384  elapsed="2.6µs"     processed=572632902 pending=190165 trieretry=0   coderetry=0 duplicate=6212 unexpected=270664
INFO [05-09|12:53:07.657] Imported new block headers               count=1    elapsed=6.188ms     number=12400257 hash="708667…0e8bc1" age=1m2s
INFO [05-09|12:53:08.282] Imported new state entries               count=384  elapsed="235.601µs" processed=572633286 pending=192487 trieretry=0   coderetry=0 duplicate=6212 unexpected=270664
INFO [05-09|12:53:08.350] Imported new state entries               count=397  elapsed="2.3µs"     processed=572633683 pending=196637 trieretry=0   coderetry=0 duplicate=6212 unexpected=270664
INFO [05-09|12:53:09.393] Imported new state entries               count=768  elapsed="361.401µs" processed=572634451 pending=199404 trieretry=0   coderetry=0 duplicate=6212 unexpected=270664
INFO [05-09|12:53:12.645] Imported new state entries               count=770  elapsed="624.002µs" processed=572635221 pending=204862 trieretry=0   coderetry=0 duplicate=6212 unexpected=270664
INFO [05-09|12:53:14.793] Imported new state entries               count=384  elapsed="636.102µs" processed=572635605 pending=206874 trieretry=0   coderetry=0 duplicate=6212 unexpected=270664
INFO [05-09|12:53:16.030] Imported new state entries               count=384  elapsed="149.601µs" processed=572635989 pending=209602 trieretry=0   coderetry=0 duplicate=6212 unexpected=270664
INFO [05-09|12:53:20.621] Imported new state entries               count=384  elapsed="551.701µs" processed=572636373 pending=211732 trieretry=0   coderetry=0 duplicate=6212 unexpected=270664
INFO [05-09|12:53:22.759] Imported new state entries               count=384  elapsed="829.703µs" processed=572636757 pending=213419 trieretry=0   coderetry=0 duplicate=6212 unexpected=270664
INFO [05-09|12:53:25.077] Imported new state entries               count=384  elapsed="661.703µs" processed=572637141 pending=215378 trieretry=0   coderetry=0 duplicate=6212 unexpected=270664
INFO [05-09|12:53:31.632] Imported new state entries               count=384  elapsed="595.002µs" processed=572637525 pending=217274 trieretry=0   coderetry=0 duplicate=6212 unexpected=270664
INFO [05-09|12:53:31.798] Imported new block headers               count=1    elapsed=7.030ms     number=12400258 hash="bb2f4e…1b6c02" age=1m18s
INFO [05-09|12:53:34.553] Imported new state entries               count=1154 elapsed="888.303µs" processed=572638679 pending=221940 trieretry=0   coderetry=0 duplicate=6212 unexpected=270664
INFO [05-09|12:53:36.328] Imported new state entries               count=768  elapsed=2.879ms     processed=572639447 pending=224033 trieretry=0   coderetry=0 duplicate=6212 unexpected=270664
INFO [05-09|12:53:37.846] Imported new block headers               count=1    elapsed=9.125ms     number=12400259 hash="6bde09…b71cc0"
INFO [05-09|12:53:40.158] Imported new state entries               count=768  elapsed=1.042ms     processed=572640215 pending=226242 trieretry=0   coderetry=0 duplicate=6212 unexpected=270664
INFO [05-09|12:53:43.429] Imported new state entries               count=768  elapsed=2.415ms     processed=572640983 pending=226994 trieretry=0   coderetry=0 duplicate=6212 unexpected=270664
INFO [05-09|12:53:43.430] Imported new state entries               count=0    elapsed="9.6µs"     processed=572640983 pending=226994 trieretry=2   coderetry=0 duplicate=6212 unexpected=270666
INFO [05-09|12:53:46.527] Imported new state entries               count=384  elapsed="919.803µs" processed=572641367 pending=227249 trieretry=0   coderetry=0 duplicate=6212 unexpected=270666
INFO [05-09|12:53:49.636] Imported new state entries               count=386  elapsed="150.501µs" processed=572641753 pending=227668 trieretry=0   coderetry=0 duplicate=6212 unexpected=270666
INFO [05-09|12:53:52.731] Imported new state entries               count=384  elapsed="191.301µs" processed=572642137 pending=228096 trieretry=0   coderetry=0 duplicate=6212 unexpected=270666
INFO [05-09|12:53:57.391] Imported new state entries               count=384  elapsed=1.894ms     processed=572642521 pending=228213 trieretry=4   coderetry=0 duplicate=6212 unexpected=270666
INFO [05-09|12:54:01.618] Imported new state entries               count=384  elapsed=1.063ms     processed=572642905 pending=228445 trieretry=0   coderetry=0 duplicate=6212 unexpected=270666
INFO [05-09|12:54:05.656] Imported new state entries               count=384  elapsed=2.425ms     processed=572643289 pending=228370 trieretry=8   coderetry=0 duplicate=6212 unexpected=270666
INFO [05-09|12:54:09.394] Imported new state entries               count=768  elapsed=2.477ms     processed=572644057 pending=233329 trieretry=0   coderetry=0 duplicate=6212 unexpected=270666
INFO [05-09|12:54:10.903] Imported new state entries               count=384  elapsed="544.302µs" processed=572644441 pending=237443 trieretry=0   coderetry=0 duplicate=6212 unexpected=270666
INFO [05-09|12:54:11.101] Imported new block headers               count=1    elapsed=9.449ms     number=12400260 hash="a07df9…4f0c6b" age=1m5s
INFO [05-09|12:54:11.699] Downloader queue stats                   receiptTasks=0     blockTasks=0     itemSize=281.86KiB throttle=233
INFO [05-09|12:54:12.151] Imported new state entries               count=384  elapsed="715.303µs" processed=572644825 pending=241024 trieretry=2   coderetry=0 duplicate=6212 unexpected=270666
INFO [05-09|12:54:13.465] Imported new state entries               count=384  elapsed="2.7µs"     processed=572645209 pending=246017 trieretry=0   coderetry=0 duplicate=6212 unexpected=270666
INFO [05-09|12:54:16.805] Imported new state entries               count=384  elapsed=1.235ms     processed=572645593 pending=247876 trieretry=0   coderetry=0 duplicate=6212 unexpected=270666
INFO [05-09|12:54:18.049] Imported new state entries               count=384  elapsed="2.7µs"     processed=572645977 pending=252882 trieretry=0   coderetry=0 duplicate=6212 unexpected=270666
INFO [05-09|12:54:19.307] Imported new state entries               count=384  elapsed="2.7µs"     processed=572646361 pending=257912 trieretry=0   coderetry=0 duplicate=6212 unexpected=270666
INFO [05-09|12:54:20.681] Imported new state entries               count=384  elapsed="2.7µs"     processed=572646745 pending=262916 trieretry=28  coderetry=0 duplicate=6212 unexpected=270666
INFO [05-09|12:54:22.054] Imported new state entries               count=384  elapsed="2.2µs"     processed=572647129 pending=267919 trieretry=0   coderetry=0 duplicate=6212 unexpected=270666
INFO [05-09|12:54:23.148] Imported new state entries               count=384  elapsed="3µs"       processed=572647513 pending=272956 trieretry=0   coderetry=0 duplicate=6212 unexpected=270666
INFO [05-09|12:54:24.191] Imported new state entries               count=384  elapsed="169.6µs"   processed=572647897 pending=277850 trieretry=0   coderetry=0 duplicate=6212 unexpected=270666
INFO [05-09|12:54:26.239] Imported new state entries               count=384  elapsed="90.7µs"    processed=572648281 pending=281757 trieretry=4   coderetry=0 duplicate=6212 unexpected=270666
INFO [05-09|12:54:32.222] Imported new block headers               count=1    elapsed=7.374ms     number=12400261 hash="99778c…2d03a5" age=1m2s
INFO [05-09|12:54:33.009] Imported new state entries               count=384  elapsed="208.401µs" processed=572648665 pending=282121 trieretry=0   coderetry=0 duplicate=6212 unexpected=270666
INFO [05-09|12:54:35.249] Imported new block headers               count=1    elapsed=5.779ms     number=12400262 hash="21fa0b…315efa" age=1m
INFO [05-09|12:54:38.281] Imported new block headers               count=1    elapsed=5.959ms     number=12400263 hash="f5229c…86ecbb"
INFO [05-09|12:54:40.858] Imported new state entries               count=768  elapsed=2.050ms     processed=572649433 pending=282463 trieretry=0   coderetry=0 duplicate=6212 unexpected=270666
INFO [05-09|12:54:44.332] Imported new block headers               count=1    elapsed=5.758ms     number=12400264 hash="0e4dc2…5af0a5"
INFO [05-09|12:54:44.879] Imported new state entries               count=768  elapsed=3.587ms     processed=572650201 pending=282840 trieretry=0   coderetry=0 duplicate=6212 unexpected=270666
INFO [05-09|12:54:47.897] Imported new state entries               count=768  elapsed=1.590ms     processed=572650969 pending=283560 trieretry=0   coderetry=0 duplicate=6212 unexpected=270666
INFO [05-09|12:54:50.382] Imported new block headers               count=2    elapsed=10.282ms    number=12400266 hash="56f32b…00d1c0"
INFO [05-09|12:54:58.807] Imported new state entries               count=776  elapsed=2.478ms     processed=572651745 pending=284113 trieretry=0   coderetry=0 duplicate=6212 unexpected=270666
INFO [05-09|12:54:59.441] Imported new block headers               count=1    elapsed=7.764ms     number=12400267 hash="d3b117…b133fb"
INFO [05-09|12:55:02.471] Imported new block headers               count=1    elapsed=7.214ms     number=12400268 hash="4d9b08…b03ddb"
INFO [05-09|12:55:02.789] Imported new state entries               count=768  elapsed=2.344ms     processed=572652513 pending=286534 trieretry=0   coderetry=0 duplicate=6212 unexpected=270666
INFO [05-09|12:55:03.404] Imported new state entries               count=384  elapsed=1.222ms     processed=572652897 pending=290018 trieretry=0   coderetry=0 duplicate=6212 unexpected=270666
INFO [05-09|12:55:06.670] Imported new state entries               count=384  elapsed="101.701µs" processed=572653281 pending=290430 trieretry=0   coderetry=0 duplicate=6212 unexpected=270666
INFO [05-09|12:55:07.370] Imported new state entries               count=384  elapsed="305.801µs" processed=572653665 pending=295777 trieretry=0   coderetry=0 duplicate=6212 unexpected=270666
INFO [05-09|12:55:09.673] Imported new state entries               count=0    elapsed="21.7µs"    processed=572653665 pending=295782 trieretry=2   coderetry=0 duplicate=6212 unexpected=270668
INFO [05-09|12:55:11.074] Imported new state entries               count=768  elapsed=4.759ms     processed=572654433 pending=297311 trieretry=0   coderetry=0 duplicate=6212 unexpected=270668
INFO [05-09|12:55:14.480] Imported new state entries               count=769  elapsed=1.941ms     processed=572655202 pending=297766 trieretry=0   coderetry=0 duplicate=6212 unexpected=270668
INFO [05-09|12:55:17.857] Imported new state entries               count=768  elapsed=2.622ms     processed=572655970 pending=298082 trieretry=0   coderetry=0 duplicate=6212 unexpected=270668
INFO [05-09|12:55:20.579] Imported new block headers               count=1    elapsed=7.844ms     number=12400269 hash="dbd1e5…f2f3e9"
INFO [05-09|12:55:20.752] Downloader queue stats                   receiptTasks=0     blockTasks=0     itemSize=275.33KiB throttle=239
INFO [05-09|12:55:22.782] Imported new state entries               count=768  elapsed=6.702ms     processed=572656738 pending=299013 trieretry=0   coderetry=0 duplicate=6212 unexpected=270668
INFO [05-09|12:55:26.622] Imported new block headers               count=1    elapsed=6.517ms     number=12400270 hash="c97c5c…98b85c"
INFO [05-09|12:55:32.538] Imported new state entries               count=768  elapsed=3.835ms     processed=572657506 pending=300866 trieretry=0   coderetry=0 duplicate=6212 unexpected=270668
INFO [05-09|12:55:38.705] Imported new block headers               count=1    elapsed=11.850ms    number=12400271 hash="19b091…0be294"
INFO [05-09|12:55:40.026] Imported new state entries               count=384  elapsed=1.039ms     processed=572657890 pending=301414 trieretry=0   coderetry=0 duplicate=6212 unexpected=270668
INFO [05-09|12:55:46.981] Imported new state entries               count=384  elapsed=1.734ms     processed=572658274 pending=301781 trieretry=2   coderetry=0 duplicate=6212 unexpected=270668
INFO [05-09|12:55:55.884] Imported new state entries               count=384  elapsed="58µs"      processed=572658658 pending=302575 trieretry=0   coderetry=0 duplicate=6212 unexpected=270668
INFO [05-09|12:55:56.808] Imported new block headers               count=1    elapsed=6.205ms     number=12400272 hash="eb53b6…2cd4fd"
INFO [05-09|12:55:59.841] Imported new block headers               count=1    elapsed=5.977ms     number=12400273 hash="5cf9b1…424cec"
INFO [05-09|12:56:00.386] Imported new state entries               count=384  elapsed=1.979ms     processed=572659042 pending=302764 trieretry=0   coderetry=0 duplicate=6212 unexpected=270668
INFO [05-09|12:56:02.873] Imported new block headers               count=1    elapsed=7.268ms     number=12400274 hash="73388a…5d417e"
INFO [05-09|12:56:09.887] Imported new state entries               count=384  elapsed="91.7µs"    processed=572659426 pending=303526 trieretry=0   coderetry=0 duplicate=6212 unexpected=270668
INFO [05-09|12:56:18.906] Imported new state entries               count=384  elapsed="94.1µs"    processed=572659810 pending=304304 trieretry=0   coderetry=0 duplicate=6212 unexpected=270668
INFO [05-09|12:56:27.571] Imported new state entries               count=384  elapsed="64.2µs"    processed=572660194 pending=305365 trieretry=2   coderetry=0 duplicate=6212 unexpected=270668
INFO [05-09|12:56:30.035] Imported new block headers               count=1    elapsed=7.730ms     number=12400275 hash="92aca1…f0ed2d"
INFO [05-09|12:56:30.800] Downloader queue stats                   receiptTasks=0     blockTasks=0     itemSize=278.14KiB throttle=236
INFO [05-09|12:56:36.558] Imported new state entries               count=384  elapsed="68.7µs"    processed=572660578 pending=306104 trieretry=0   coderetry=0 duplicate=6212 unexpected=270668
INFO [05-09|12:56:45.847] Imported new state entries               count=384  elapsed="80.001µs"  processed=572660962 pending=306894 trieretry=0   coderetry=0 duplicate=6212 unexpected=270668
INFO [05-09|12:56:54.638] Imported new state entries               count=384  elapsed="238.901µs" processed=572661346 pending=307601 trieretry=0   coderetry=0 duplicate=6212 unexpected=270668
INFO [05-09|12:57:03.222] Imported new block headers               count=1    elapsed=7.591ms     number=12400276 hash="452c7b…18bcbd" age=1m7s
INFO [05-09|12:57:03.512] Imported new state entries               count=384  elapsed="67.3µs"    processed=572661730 pending=308389 trieretry=0   coderetry=0 duplicate=6212 unexpected=270668
INFO [05-09|12:57:12.248] Imported new state entries               count=384  elapsed="53.9µs"    processed=572662114 pending=309143 trieretry=2   coderetry=0 duplicate=6212 unexpected=270668
INFO [05-09|12:57:19.451] Imported new state entries               count=384  elapsed=1.689ms     processed=572662498 pending=309524 trieretry=0   coderetry=0 duplicate=6212 unexpected=270668
INFO [05-09|12:57:28.259] Imported new state entries               count=384  elapsed="85.801µs"  processed=572662882 pending=310311 trieretry=0   coderetry=0 duplicate=6212 unexpected=270668
INFO [05-09|12:57:36.403] Imported new block headers               count=1    elapsed=6.263ms     number=12400277 hash="79572a…de015a" age=1m35s
INFO [05-09|12:57:36.838] Downloader queue stats                   receiptTasks=0     blockTasks=0     itemSize=277.24KiB throttle=237
INFO [05-09|12:57:37.183] Imported new state entries               count=384  elapsed="40.4µs"    processed=572663266 pending=311082 trieretry=0   coderetry=0 duplicate=6212 unexpected=270668