2021-10-02 03:14:10 UTC Syncing #13337385 0x3b85…a59f     0.20 blk/s   19.8 tx/s    2.0 Mgas/s      0+   10 Qed Ancient:#11302852 LI:#13337396   30/50 peers    357 KiB chain    2 MiB queue  RPC:  0 conn,    0 req/s,    0 µs
2021-10-02 03:14:15 UTC Syncing #13337385 0x3b85…a59f     0.00 blk/s    0.0 tx/s    0.0 Mgas/s      0+   11 Qed Ancient:#11302852 LI:#13337397   30/50 peers    357 KiB chain    2 MiB queue  RPC:  0 conn,    0 req/s,    0 µs
2021-10-02 03:14:20 UTC Syncing #13337385 0x3b85…a59f     0.00 blk/s    0.0 tx/s    0.0 Mgas/s      0+   11 Qed Ancient:#11302852 LI:#13337397   32/50 peers    357 KiB chain    2 MiB queue  RPC:  0 conn,    0 req/s,    0 µs
2021-10-02 03:14:27 UTC Syncing #13337386 0x0524…d6d1     0.20 blk/s   44.2 tx/s    2.8 Mgas/s      0+   11 Qed Ancient:#11302853 LI:#13337398   31/50 peers    357 KiB chain    2 MiB queue  RPC:  0 conn,    0 req/s,    0 µs
2021-10-02 03:14:30 UTC Syncing #13337387 0x8144…9bc4     0.20 blk/s   17.8 tx/s    1.2 Mgas/s      0+   10 Qed Ancient:#11302854 LI:#13337398   31/50 peers    357 KiB chain    2 MiB queue  RPC:  0 conn,    0 req/s,    0 µs
2021-10-02 03:14:35 UTC Syncing #13337387 0x8144…9bc4     0.00 blk/s    0.0 tx/s    0.0 Mgas/s      0+   10 Qed Ancient:#11302854 LI:#13337398   31/50 peers    357 KiB chain    2 MiB queue  RPC:  0 conn,    0 req/s,    0 µs
2021-10-02 03:14:40 UTC Syncing #13337387 0x8144…9bc4     0.00 blk/s    0.0 tx/s    0.0 Mgas/s      0+   10 Qed Ancient:#11302854 LI:#13337398   32/50 peers    357 KiB chain    2 MiB queue  RPC:  0 conn,    0 req/s,    0 µs
2021-10-02 03:14:45 UTC Syncing #13337388 0x3883…bb15     0.20 blk/s   39.2 tx/s    2.6 Mgas/s      0+    9 Qed Ancient:#11302855 LI:#13337398   32/50 peers    358 KiB chain    2 MiB queue  RPC:  0 conn,    0 req/s,    0 µs
2021-10-02 03:14:50 UTC Syncing #13337389 0x9273…0b14     0.20 blk/s    9.0 tx/s    0.5 Mgas/s      0+    8 Qed Ancient:#11302856 LI:#13337398   33/50 peers    358 KiB chain    2 MiB queue  RPC:  0 conn,    0 req/s,    0 µs
2021-10-02 03:14:55 UTC Syncing #13337389 0x9273…0b14     0.00 blk/s    0.0 tx/s    0.0 Mgas/s      0+    8 Qed Ancient:#11302856 LI:#13337398   33/50 peers    358 KiB chain    2 MiB queue  RPC:  0 conn,    0 req/s,    0 µs
2021-10-02 03:15:00 UTC Syncing #13337389 0x9273…0b14     0.00 blk/s    0.0 tx/s    0.0 Mgas/s      0+    8 Qed Ancient:#11302856 LI:#13337398   33/50 peers    358 KiB chain    2 MiB queue  RPC:  0 conn,    0 req/s,    0 µs
2021-10-02 03:15:05 UTC Syncing #13337389 0x9273…0b14     0.00 blk/s    0.0 tx/s    0.0 Mgas/s      0+    8 Qed Ancient:#11302856 LI:#13337398   33/50 peers    358 KiB chain    2 MiB queue  RPC:  0 conn,    0 req/s,    0 µs
2021-10-02 03:15:10 UTC Syncing #13337390 0x564a…facb     0.20 blk/s   48.8 tx/s    3.8 Mgas/s      0+    7 Qed Ancient:#11302858 LI:#13337398   33/50 peers    638 KiB chain    1 MiB queue  RPC:  0 conn,    0 req/s,    0 µs
2021-10-02 03:15:15 UTC Syncing #13337390 0x564a…facb     0.00 blk/s    0.0 tx/s    0.0 Mgas/s      0+    8 Qed Ancient:#11302858 LI:#13337399   33/50 peers    638 KiB chain    2 MiB queue  RPC:  0 conn,    0 req/s,    0 µs
2021-10-02 03:15:20 UTC Syncing #13337390 0x564a…facb     0.00 blk/s    0.0 tx/s    0.0 Mgas/s      0+   12 Qed Ancient:#11302858 LI:#13337402   33/50 peers    638 KiB chain    2 MiB queue  RPC:  0 conn,    0 req/s,    0 µs
2021-10-02 03:15:25 UTC Syncing #13337390 0x564a…facb     0.00 blk/s    0.0 tx/s    0.0 Mgas/s      0+   12 Qed Ancient:#11302858 LI:#13337402   33/50 peers    638 KiB chain    2 MiB queue  RPC:  0 conn,    0 req/s,    0 µs
2021-10-02 03:15:30 UTC Syncing #13337390 0x564a…facb     0.00 blk/s    0.0 tx/s    0.0 Mgas/s      0+   12 Qed Ancient:#11302858 LI:#13337402   33/50 peers    638 KiB chain    2 MiB queue  RPC:  0 conn,    0 req/s,    0 µs
2021-10-02 03:15:35 UTC Syncing #13337391 0x3a89…3b01     0.20 blk/s   83.8 tx/s    6.0 Mgas/s      0+   11 Qed Ancient:#11302859 LI:#13337402   33/50 peers    639 KiB chain    2 MiB queue  RPC:  0 conn,    0 req/s,    0 µs
2021-10-02 03:15:40 UTC Syncing #13337391 0x3a89…3b01     0.00 blk/s    0.0 tx/s    0.0 Mgas/s      0+   11 Qed Ancient:#11302859 LI:#13337402   33/50 peers    639 KiB chain    2 MiB queue  RPC:  0 conn,    0 req/s,    0 µs
2021-10-02 03:15:45 UTC Syncing #13337391 0x3a89…3b01     0.00 blk/s    0.0 tx/s    0.0 Mgas/s      0+   11 Qed Ancient:#11302859 LI:#13337402   33/50 peers    639 KiB chain    2 MiB queue  RPC:  0 conn,    0 req/s,    0 µs
2021-10-02 03:15:50 UTC Syncing #13337392 0xb85c…d7b4     0.20 blk/s   37.2 tx/s    3.8 Mgas/s      0+   10 Qed Ancient:#11302860 LI:#13337402   34/50 peers    639 KiB chain    2 MiB queue  RPC:  0 conn,    0 req/s,    0 µs
2021-10-02 03:15:55 UTC Syncing #13337393 0x4d10…abd7     0.20 blk/s    8.0 tx/s    0.4 Mgas/s      0+    9 Qed Ancient:#11302862 LI:#13337402   35/50 peers    639 KiB chain    2 MiB queue  RPC:  0 conn,    0 req/s,    0 µs
2021-10-02 03:16:00 UTC Syncing #13337394 0x4786…13ae     0.20 blk/s   22.4 tx/s    2.0 Mgas/s      0+   10 Qed Ancient:#11302864 LI:#13337404   35/50 peers    640 KiB chain    2 MiB queue  RPC:  0 conn,    0 req/s,    0 µs
2021-10-02 03:16:05 UTC Syncing #13337394 0x4786…13ae     0.00 blk/s    0.0 tx/s    0.0 Mgas/s      0+   10 Qed Ancient:#11302864 LI:#13337404   35/50 peers    640 KiB chain    2 MiB queue  RPC:  0 conn,    0 req/s,    0 µs
2021-10-02 03:16:10 UTC Syncing #13337394 0x4786…13ae     0.00 blk/s    0.0 tx/s    0.0 Mgas/s      0+   10 Qed Ancient:#11302864 LI:#13337404   35/50 peers    640 KiB chain    2 MiB queue  RPC:  0 conn,    0 req/s,    0 µs
2021-10-02 03:16:15 UTC Syncing #13337395 0x8c8a…6390     0.20 blk/s   51.0 tx/s    3.8 Mgas/s      0+   10 Qed Ancient:#11302865 LI:#13337405   33/50 peers    640 KiB chain    2 MiB queue  RPC:  0 conn,    0 req/s,    0 µs
2021-10-02 03:16:20 UTC Syncing #13337395 0x8c8a…6390     0.00 blk/s    0.0 tx/s    0.0 Mgas/s      0+   10 Qed Ancient:#11302865 LI:#13337405   34/50 peers    640 KiB chain    2 MiB queue  RPC:  0 conn,    0 req/s,    0 µs
2021-10-02 03:16:25 UTC Syncing #13337395 0x8c8a…6390     0.00 blk/s    0.0 tx/s    0.0 Mgas/s      0+   10 Qed Ancient:#11302865 LI:#13337405   35/50 peers    640 KiB chain    2 MiB queue  RPC:  0 conn,    0 req/s,    0 µs
2021-10-02 03:16:30 UTC Syncing #13337395 0x8c8a…6390     0.00 blk/s    0.0 tx/s    0.0 Mgas/s      0+   10 Qed Ancient:#11302865 LI:#13337405   35/50 peers    640 KiB chain    2 MiB queue  RPC:  0 conn,    0 req/s,    0 µs
2021-10-02 03:16:35 UTC Syncing #13337396 0xfe45…fb69     0.20 blk/s   37.6 tx/s    3.3 Mgas/s      0+    9 Qed Ancient:#11302866 LI:#13337405   35/50 peers    640 KiB chain    2 MiB queue  RPC:  0 conn,    0 req/s,    0 µs
2021-10-02 03:16:37 UTC Could not revert to previous block, last: 13337405 (0x8a16…ed4b)
2021-10-02 03:16:40 UTC Syncing #13337397 0xb7e0…4c3f     0.20 blk/s   18.4 tx/s    1.2 Mgas/s      0+    8 Qed Ancient:#11302867 LI:#13337396   34/50 peers    640 KiB chain    2 MiB queue  RPC:  0 conn,    0 req/s,    0 µs
2021-10-02 03:16:45 UTC Syncing #13337397 0xb7e0…4c3f     0.00 blk/s    0.0 tx/s    0.0 Mgas/s      0+    8 Qed Ancient:#11302867 LI:#13337396   34/50 peers    640 KiB chain    2 MiB queue  RPC:  0 conn,    0 req/s,    0 µs
2021-10-02 03:16:50 UTC Syncing #13337397 0xb7e0…4c3f     0.00 blk/s    0.0 tx/s    0.0 Mgas/s      0+   12 Qed Ancient:#11302867 LI:#13337408   34/50 peers    640 KiB chain    3 MiB queue  RPC:  0 conn,    0 req/s,    0 µs
2021-10-02 03:16:55 UTC Syncing #13337398 0x9811…c9ab     0.20 blk/s   39.0 tx/s    3.4 Mgas/s      0+   11 Qed Ancient:#11302868 LI:#13337408   34/50 peers      1 MiB chain    2 MiB queue  RPC:  0 conn,    0 req/s,    0 µs
2021-10-02 03:17:00 UTC Syncing #13337398 0x9811…c9ab     0.00 blk/s    0.0 tx/s    0.0 Mgas/s      0+   12 Qed Ancient:#11302868 LI:#13337409   34/50 peers      1 MiB chain    3 MiB queue  RPC:  0 conn,    0 req/s,    0 µs
2021-10-02 03:17:05 UTC Syncing #13337399 0x409c…9b61     0.20 blk/s   38.8 tx/s    2.5 Mgas/s      0+   11 Qed Ancient:#11302869 LI:#13337409   34/50 peers      1 MiB chain    2 MiB queue  RPC:  0 conn,    0 req/s,    0 µs
2021-10-02 03:17:10 UTC Syncing #13337399 0x409c…9b61     0.00 blk/s    0.0 tx/s    0.0 Mgas/s      0+   12 Qed Ancient:#11302869 LI:#13337410   34/50 peers      1 MiB chain    2 MiB queue  RPC:  0 conn,    0 req/s,    0 µs
2021-10-02 03:17:15 UTC Syncing #13337399 0x409c…9b61     0.00 blk/s    0.0 tx/s    0.0 Mgas/s      0+   12 Qed Ancient:#11302869 LI:#13337410   35/50 peers      1 MiB chain    2 MiB queue  RPC:  0 conn,    0 req/s,    0 µs
2021-10-02 03:17:20 UTC Syncing #13337399 0x409c…9b61     0.00 blk/s    0.0 tx/s    0.0 Mgas/s      0+   12 Qed Ancient:#11302869 LI:#13337410   35/50 peers      1 MiB chain    2 MiB queue  RPC:  0 conn,    0 req/s,    0 µs
2021-10-02 03:17:25 UTC Syncing #13337399 0x409c…9b61     0.20 blk/s   71.6 tx/s    6.0 Mgas/s      0+   11 Qed Ancient:#11302870 LI:#13337410   35/50 peers      2 MiB chain    2 MiB queue  RPC:  0 conn,    0 req/s,    0 µs
2021-10-02 03:17:30 UTC Syncing #13337399 0x409c…9b61     0.00 blk/s    0.0 tx/s    0.0 Mgas/s      0+   11 Qed Ancient:#11302870 LI:#13337410   35/50 peers      2 MiB chain    2 MiB queue  RPC:  0 conn,    0 req/s,    0 µs
2021-10-02 03:17:35 UTC Syncing #13337399 0x409c…9b61     0.00 blk/s    0.0 tx/s    0.0 Mgas/s      0+   11 Qed Ancient:#11302870 LI:#13337410   35/50 peers      2 MiB chain    2 MiB queue  RPC:  0 conn,    0 req/s,    0 µs
2021-10-02 03:17:38 UTC Reorg to #13337400 0x8ac2…ceb2 (0x409c…9b61 #13337398 0x9811…c9ab 0x5ae0…e268)
2021-10-02 03:17:40 UTC Syncing #13337400 0x8ac2…ceb2     0.20 blk/s   38.8 tx/s    3.9 Mgas/s      0+   10 Qed Ancient:#11302871 LI:#13337410   35/50 peers      2 MiB chain    2 MiB queue  RPC:  0 conn,    0 req/s,    0 µs
2021-10-02 03:17:45 UTC Syncing #13337402 0x97dd…a439     0.40 blk/s   21.2 tx/s    1.3 Mgas/s      0+    9 Qed Ancient:#11302873 LI:#13337411   36/50 peers      2 MiB chain    2 MiB queue  RPC:  0 conn,    0 req/s,    0 µs
2021-10-02 03:17:50 UTC Syncing #13337402 0x97dd…a439     0.00 blk/s    0.0 tx/s    0.0 Mgas/s      0+    9 Qed Ancient:#11302873 LI:#13337411   35/50 peers      2 MiB chain    2 MiB queue  RPC:  0 conn,    0 req/s,    0 µs
2021-10-02 03:17:55 UTC Syncing #13337402 0x97dd…a439     0.00 blk/s    0.0 tx/s    0.0 Mgas/s      0+    9 Qed Ancient:#11302873 LI:#13337411   36/50 peers      2 MiB chain    2 MiB queue  RPC:  0 conn,    0 req/s,    0 µs
2021-10-02 03:18:00 UTC Syncing #13337402 0x97dd…a439     0.00 blk/s    0.0 tx/s    0.0 Mgas/s      0+   10 Qed Ancient:#11302873 LI:#13337412   37/50 peers      2 MiB chain    2 MiB queue  RPC:  0 conn,    0 req/s,    0 µs
2021-10-02 03:18:05 UTC Syncing #13337402 0x97dd…a439     0.00 blk/s    0.0 tx/s    0.0 Mgas/s      0+   10 Qed Ancient:#11302873 LI:#13337412   37/50 peers      2 MiB chain    2 MiB queue  RPC:  0 conn,    0 req/s,    0 µs
2021-10-02 03:18:10 UTC Syncing #13337402 0x97dd…a439     0.00 blk/s    0.0 tx/s    0.0 Mgas/s      0+   10 Qed Ancient:#11302873 LI:#13337412   37/50 peers      2 MiB chain    2 MiB queue  RPC:  0 conn,    0 req/s,    0 µs
2021-10-02 03:18:15 UTC Syncing #13337402 0x97dd…a439     0.00 blk/s    0.0 tx/s    0.0 Mgas/s      0+   10 Qed Ancient:#11302873 LI:#13337412   36/50 peers      2 MiB chain    2 MiB queue  RPC:  0 conn,    0 req/s,    0 µs
2021-10-02 03:18:20 UTC Syncing #13337403 0xf72b…663f     0.20 blk/s   80.2 tx/s    6.0 Mgas/s      0+    9 Qed Ancient:#11302874 LI:#13337412   38/50 peers      2 MiB chain    2 MiB queue  RPC:  0 conn,    0 req/s,    0 µs
2021-10-02 03:18:25 UTC Syncing #13337403 0xf72b…663f     0.00 blk/s    0.0 tx/s    0.0 Mgas/s      0+    9 Qed Ancient:#11302874 LI:#13337412   38/50 peers      2 MiB chain    2 MiB queue  RPC:  0 conn,    0 req/s,    0 µs
2021-10-02 03:18:30 UTC Syncing #13337403 0xf72b…663f     0.00 blk/s    0.0 tx/s    0.0 Mgas/s      0+    9 Qed Ancient:#11302874 LI:#13337412   38/50 peers      2 MiB chain    2 MiB queue  RPC:  0 conn,    0 req/s,    0 µs
2021-10-02 03:18:36 UTC Syncing #13337404 0x7aec…914b     0.20 blk/s   46.6 tx/s    3.9 Mgas/s      0+    8 Qed Ancient:#11302876 LI:#13337412   38/50 peers      2 MiB chain    2 MiB queue  RPC:  0 conn,    0 req/s,    0 µs
2021-10-02 03:18:40 UTC Syncing #13337404 0x7aec…914b     0.00 blk/s    0.0 tx/s    0.0 Mgas/s      0+    8 Qed Ancient:#11302876 LI:#13337412   38/50 peers      2 MiB chain    2 MiB queue  RPC:  0 conn,    0 req/s,    0 µs
2021-10-02 03:18:45 UTC Syncing #13337404 0x7aec…914b     0.00 blk/s    0.0 tx/s    0.0 Mgas/s      0+    8 Qed Ancient:#11302876 LI:#13337412   38/50 peers      2 MiB chain    2 MiB queue  RPC:  0 conn,    0 req/s,    0 µs
2021-10-02 03:18:50 UTC Syncing #13337405 0x8a16…ed4b     0.40 blk/s   60.0 tx/s    3.9 Mgas/s      0+    6 Qed Ancient:#11302878 LI:#13337412   38/50 peers      2 MiB chain    1 MiB queue  RPC:  0 conn,    0 req/s,    0 µs
2021-10-02 03:18:55 UTC Syncing #13337405 0x8a16…ed4b     0.00 blk/s    0.0 tx/s    0.0 Mgas/s      0+    7 Qed Ancient:#11302878 LI:#13337413   38/50 peers      2 MiB chain    2 MiB queue  RPC:  0 conn,    0 req/s,    0 µs
2021-10-02 03:18:57 UTC Reorg to #13337406 0x5f9f…dce9 (0x8a16…ed4b #13337404 0x7aec…914b 0xe69d…85a1)
2021-10-02 03:19:00 UTC Syncing #13337406 0x5f9f…dce9     0.20 blk/s   24.6 tx/s    2.3 Mgas/s      0+    7 Qed Ancient:#11302880 LI:#13337414   38/50 peers      2 MiB chain    2 MiB queue  RPC:  0 conn,    0 req/s,    0 µs
2021-10-02 03:19:05 UTC Syncing #13337406 0x5f9f…dce9     0.00 blk/s    0.0 tx/s    0.0 Mgas/s      0+    7 Qed Ancient:#11302880 LI:#13337414   38/50 peers      2 MiB chain    2 MiB queue  RPC:  0 conn,    0 req/s,    0 µs
2021-10-02 03:19:10 UTC Syncing #13337406 0x5f9f…dce9     0.00 blk/s    0.0 tx/s    0.0 Mgas/s      0+    8 Qed Ancient:#11302880 LI:#13337415   38/50 peers      2 MiB chain    2 MiB queue  RPC:  0 conn,    0 req/s,    0 µs
2021-10-02 03:19:15 UTC Syncing #13337407 0x8148…cdbd     0.20 blk/s   33.4 tx/s    2.6 Mgas/s      0+    7 Qed Ancient:#11302881 LI:#13337415   38/50 peers      2 MiB chain    2 MiB queue  RPC:  0 conn,    0 req/s,    0 µs
2021-10-02 03:19:20 UTC Syncing #13337408 0xaf39…e9ce     0.20 blk/s   17.0 tx/s    1.2 Mgas/s      0+    7 Qed Ancient:#11302882 LI:#13337416   37/50 peers      2 MiB chain    2 MiB queue  RPC:  0 conn,    0 req/s,    0 µs
2021-10-02 03:19:25 UTC Syncing #13337408 0xaf39…e9ce     0.00 blk/s    0.0 tx/s    0.0 Mgas/s      0+    7 Qed Ancient:#11302882 LI:#13337416   37/50 peers      2 MiB chain    2 MiB queue  RPC:  0 conn,    0 req/s,    0 µs
2021-10-02 03:19:30 UTC Syncing #13337408 0xaf39…e9ce     0.00 blk/s    0.0 tx/s    0.0 Mgas/s      0+    7 Qed Ancient:#11302882 LI:#13337416   35/50 peers      2 MiB chain    2 MiB queue  RPC:  0 conn,    0 req/s,    0 µs
2021-10-02 03:19:35 UTC Syncing #13337409 0x7782…1be0     0.20 blk/s   38.2 tx/s    3.5 Mgas/s      0+    7 Qed Ancient:#11302883 LI:#13337417   35/50 peers      2 MiB chain    2 MiB queue  RPC:  0 conn,    0 req/s,    0 µs
2021-10-02 03:19:40 UTC Syncing #13337409 0x7782…1be0     0.00 blk/s    0.0 tx/s    0.0 Mgas/s      0+    7 Qed Ancient:#11302883 LI:#13337417   37/50 peers      6 MiB chain    2 MiB queue  RPC:  0 conn,    0 req/s,    0 µs
2021-10-02 03:19:45 UTC Syncing #13337409 0x7782…1be0     0.00 blk/s    0.0 tx/s    0.0 Mgas/s      0+    8 Qed Ancient:#11302883 LI:#13337418   36/50 peers      5 MiB chain    2 MiB queue  RPC:  0 conn,    0 req/s,    0 µs
2021-10-02 03:19:50 UTC Syncing #13337409 0x7782…1be0     0.00 blk/s    0.0 tx/s    0.0 Mgas/s      0+    8 Qed Ancient:#11302883 LI:#13337418   36/50 peers      5 MiB chain    2 MiB queue  RPC:  0 conn,    0 req/s,    0 µs
2021-10-02 03:19:55 UTC Syncing #13337409 0x7782…1be0     0.00 blk/s    0.0 tx/s    0.0 Mgas/s      0+    8 Qed Ancient:#11302883 LI:#13337418   36/50 peers      5 MiB chain    2 MiB queue  RPC:  0 conn,    0 req/s,    0 µs