WARN [07-28|15:11:43.840] Unexpected trienode heal packet          peer=28a04a97 reqid=7,123,804,153,412,548,313
WARN [07-28|15:11:43.867] Unexpected trienode heal packet          peer=81e8669c reqid=5,043,225,342,521,949,960
WARN [07-28|15:11:43.881] Unexpected trienode heal packet          peer=c6711d19 reqid=2,713,207,399,818,990,207
WARN [07-28|15:11:43.897] Unexpected trienode heal packet          peer=6181d749 reqid=7,191,701,434,095,254,991
INFO [07-28|15:11:44.054] Imported new block headers               count=1    elapsed=6.199ms   number=12,915,134 hash=04aa97..913779
WARN [07-28|15:11:44.159] Unexpected trienode heal packet          peer=208c0644 reqid=1,063,886,399,254,829,408
INFO [07-28|15:11:47.218] Imported new block headers               count=1    elapsed=5.241ms   number=12,915,135 hash=de96ac..51140b
INFO [07-28|15:11:51.631] State heal in progress                   accounts=64642@3.19MiB    slots=11128@870.61KiB codes=2086@15.99MiB nodes=49,280,740@14.16GiB pending=198,193
INFO [07-28|15:11:59.632] Imported new block headers               count=1    elapsed=5.686ms   number=12,915,136 hash=1d817b..c1fd4d
INFO [07-28|15:12:02.660] State heal in progress                   accounts=64703@3.19MiB    slots=11128@870.61KiB codes=2086@15.99MiB nodes=49,281,436@14.16GiB pending=198,858
INFO [07-28|15:12:10.784] State heal in progress                   accounts=64740@3.19MiB    slots=11128@870.61KiB codes=2086@15.99MiB nodes=49,281,916@14.16GiB pending=199,333
INFO [07-28|15:12:20.701] State heal in progress                   accounts=64782@3.19MiB    slots=11128@870.61KiB codes=2086@15.99MiB nodes=49,282,546@14.16GiB pending=199,909
INFO [07-28|15:12:28.862] State heal in progress                   accounts=64818@3.19MiB    slots=11128@870.61KiB codes=2086@15.99MiB nodes=49,283,048@14.16GiB pending=200,425
INFO [07-28|15:12:37.552] State heal in progress                   accounts=64867@3.20MiB    slots=11128@870.61KiB codes=2086@15.99MiB nodes=49,283,609@14.16GiB pending=200,949
INFO [07-28|15:12:46.940] State heal in progress                   accounts=64911@3.20MiB    slots=11128@870.61KiB codes=2086@15.99MiB nodes=49,284,174@14.16GiB pending=201,480
INFO [07-28|15:12:56.166] State heal in progress                   accounts=64950@3.20MiB    slots=11128@870.61KiB codes=2086@15.99MiB nodes=49,284,764@14.16GiB pending=202,140
WARN [07-28|15:13:00.940] Unexpected trienode heal packet          peer=ce48f61b reqid=6,134,449,296,933,239,895
INFO [07-28|15:13:04.460] Imported new block headers               count=1    elapsed=7.509ms   number=12,915,137 hash=a047c0..470e0e age=1m23s
INFO [07-28|15:13:05.084] Downloader queue stats                   receiptTasks=0    blockTasks=0    itemSize=245.13KiB throttle=268
INFO [07-28|15:13:05.677] State heal in progress                   accounts=64997@3.20MiB    slots=11128@870.61KiB codes=2086@15.99MiB nodes=49,285,332@14.16GiB pending=202,762
WARN [07-28|15:13:05.678] Unexpected trienode heal packet          peer=a805473d reqid=2,556,913,684,917,479,582
WARN [07-28|15:13:07.798] Unexpected trienode heal packet          peer=b14dac3e reqid=1,540,366,008,837,073,846
WARN [07-28|15:13:12.863] Unexpected trienode heal packet          peer=c1e7f745 reqid=8,627,297,530,898,685,127
INFO [07-28|15:13:13.788] Imported new block headers               count=1    elapsed=5.281ms   number=12,915,138 hash=664393..0cc54c age=1m27s
INFO [07-28|15:13:15.541] State heal in progress                   accounts=65031@3.20MiB    slots=11128@870.61KiB codes=2086@15.99MiB nodes=49,285,903@14.16GiB pending=203,364
WARN [07-28|15:13:15.542] Unexpected trienode heal packet          peer=266f44cc reqid=8,888,272,109,954,123,024
WARN [07-28|15:13:20.654] Unexpected trienode heal packet          peer=c79eb254 reqid=8,700,511,722,950,863,351
WARN [07-28|15:13:21.276] Unexpected trienode heal packet          peer=d039e3f3 reqid=5,865,589,520,800,381,090
WARN [07-28|15:13:22.049] Unexpected trienode heal packet          peer=479ba845 reqid=8,819,325,191,480,463,725
WARN [07-28|15:13:22.227] Unexpected trienode heal packet          peer=ef9809ea reqid=8,629,849,758,582,036,166
INFO [07-28|15:13:26.740] State heal in progress                   accounts=65070@3.21MiB    slots=11128@870.61KiB codes=2086@15.99MiB nodes=49,286,571@14.16GiB pending=204,143
WARN [07-28|15:13:26.741] Unexpected trienode heal packet          peer=d1854464 reqid=8,749,689,569,650,599,234
WARN [07-28|15:13:31.219] Unexpected trienode heal packet          peer=6181d749 reqid=5,589,302,149,387,934,903
WARN [07-28|15:13:31.716] Unexpected trienode heal packet          peer=4fcb6416 reqid=6,742,587,635,689,223,467
INFO [07-28|15:13:36.087] State heal in progress                   accounts=65110@3.21MiB    slots=11128@870.61KiB codes=2086@15.99MiB nodes=49,287,143@14.16GiB pending=204,733
WARN [07-28|15:13:36.088] Unexpected trienode heal packet          peer=89ab640a reqid=526,848,341,501,486,205
WARN [07-28|15:13:40.518] Unexpected trienode heal packet          peer=df5f16fe reqid=3,457,683,044,909,117,905
INFO [07-28|15:13:45.061] State heal in progress                   accounts=65143@3.21MiB    slots=11128@870.61KiB codes=2086@15.99MiB nodes=49,287,715@14.16GiB pending=205,287
WARN [07-28|15:13:45.061] Unexpected trienode heal packet          peer=81e8669c reqid=2,613,933,423,307,958,221
INFO [07-28|15:13:47.781] Imported new block headers               count=1    elapsed=5.848ms   number=12,915,139 hash=da5fe1..a804ab age=1m49s
WARN [07-28|15:13:49.857] Unexpected trienode heal packet          peer=85c41b4d reqid=1,527,313,817,048,930,829
INFO [07-28|15:13:54.970] State heal in progress                   accounts=65179@3.21MiB    slots=11128@870.61KiB codes=2086@15.99MiB nodes=49,288,295@14.16GiB pending=205,905
WARN [07-28|15:13:54.970] Unexpected bytecode heal packet          peer=208c0644 reqid=6,816,632,264,231,780,458
WARN [07-28|15:13:55.282] Unexpected trienode heal packet          peer=ab94eac9 reqid=7,042,324,830,772,184,343
WARN [07-28|15:14:00.750] Unexpected trienode heal packet          peer=28a04a97 reqid=537,266,487,328,018,958
INFO [07-28|15:14:03.765] State heal in progress                   accounts=65412@3.22MiB    slots=11129@870.69KiB codes=2086@15.99MiB nodes=49,289,052@14.16GiB pending=206,003
WARN [07-28|15:14:03.773] Unexpected trienode heal packet          peer=a805473d reqid=5,819,138,072,728,338,939
WARN [07-28|15:14:03.777] Unexpected bytecode heal packet          peer=b14dac3e reqid=8,420,920,243,855,823,908
INFO [07-28|15:14:12.192] State heal in progress                   accounts=65902@3.24MiB    slots=11129@870.69KiB codes=2086@15.99MiB nodes=49,290,313@14.16GiB pending=205,862
INFO [07-28|15:14:15.607] Imported new block headers               count=1    elapsed=5.846ms   number=12,915,140 hash=ea1337..ddbc51 age=1m14s
INFO [07-28|15:14:16.127] Downloader queue stats                   receiptTasks=0    blockTasks=0    itemSize=242.39KiB throttle=271
INFO [07-28|15:14:21.145] State heal in progress                   accounts=66178@3.26MiB    slots=11129@870.69KiB codes=2087@16.00MiB nodes=49,291,222@14.16GiB pending=206,036
INFO [07-28|15:14:29.502] State heal in progress                   accounts=66697@3.28MiB    slots=11129@870.69KiB codes=2087@16.00MiB nodes=49,292,473@14.16GiB pending=205,708
INFO [07-28|15:14:34.188] Imported new block headers               count=1    elapsed=5.532ms   number=12,915,141 hash=f093ca..7f0f87 age=1m23s
INFO [07-28|15:14:39.029] State heal in progress                   accounts=67057@3.30MiB    slots=11129@870.69KiB codes=2087@16.00MiB nodes=49,293,571@14.16GiB pending=205,794
INFO [07-28|15:14:40.437] Imported new block headers               count=1    elapsed=5.808ms   number=12,915,142 hash=3e4ff7..3afa72
INFO [07-28|15:14:50.805] State heal in progress                   accounts=67454@3.31MiB    slots=11129@870.69KiB codes=2087@16.00MiB nodes=49,294,795@14.16GiB pending=205,928
INFO [07-28|15:14:52.852] Imported new block headers               count=1    elapsed=6.164ms   number=12,915,143 hash=b47348..60a98f
INFO [07-28|15:14:59.138] State heal in progress                   accounts=67690@3.32MiB    slots=11130@870.77KiB codes=2087@16.00MiB nodes=49,295,491@14.16GiB pending=205,902
INFO [07-28|15:15:08.114] State heal in progress                   accounts=67877@3.33MiB    slots=11130@870.77KiB codes=2087@16.00MiB nodes=49,296,268@14.16GiB pending=206,272
INFO [07-28|15:15:08.350] Imported new block headers               count=1    elapsed=5.998ms   number=12,915,144 hash=878d26..a2afcb
INFO [07-28|15:15:11.544] Imported new block headers               count=1    elapsed=8.012ms   number=12,915,145 hash=d2a6ba..7c9754
INFO [07-28|15:15:16.318] State heal in progress                   accounts=70299@3.44MiB    slots=11134@871.11KiB codes=2089@16.02MiB nodes=49,300,202@14.16GiB pending=202,557
INFO [07-28|15:15:25.786] State heal in progress                   accounts=70790@3.46MiB    slots=11136@871.26KiB codes=2089@16.02MiB nodes=49,301,496@14.16GiB pending=202,221
INFO [07-28|15:15:35.946] State heal in progress                   accounts=71153@3.48MiB    slots=11140@871.59KiB codes=2089@16.02MiB nodes=49,302,631@14.16GiB pending=202,158
INFO [07-28|15:15:42.450] Imported new block headers               count=1    elapsed=5.902ms   number=12,915,146 hash=115672..c442b9
INFO [07-28|15:15:43.182] Downloader queue stats                   receiptTasks=0    blockTasks=0    itemSize=243.77KiB throttle=269
INFO [07-28|15:15:44.670] State heal in progress                   accounts=71441@3.49MiB    slots=11140@871.59KiB codes=2089@16.02MiB nodes=49,303,575@14.16GiB pending=202,222
INFO [07-28|15:15:45.615] Imported new block headers               count=1    elapsed=6.366ms   number=12,915,147 hash=071e8c..3de2e0
INFO [07-28|15:15:53.739] State heal in progress                   accounts=72142@3.52MiB    slots=11145@871.97KiB codes=2089@16.02MiB nodes=49,305,108@14.16GiB pending=201,531
INFO [07-28|15:15:58.054] Imported new block headers               count=2    elapsed=10.602ms  number=12,915,149 hash=caf1dc..e506af
WARN [07-28|15:15:58.189] Pivot became stale, moving               old=12,915,023 new=12,915,087
INFO [07-28|15:15:58.343] Imported new block receipts              count=64   elapsed=153.048ms number=12,915,086 hash=009af1..c8cedf age=15m26s   size=7.14MiB
INFO [07-28|15:15:59.221] State heal in progress                   accounts=72583@3.54MiB    slots=11146@872.05KiB codes=2089@16.02MiB nodes=49,306,082@14.16GiB pending=201,056
WARN [07-28|15:15:59.233] Unexpected trienode heal packet          peer=266f44cc reqid=2,276,747,824,875,702,196
WARN [07-28|15:15:59.252] Unexpected trienode heal packet          peer=d1854464 reqid=1,768,951,662,355,200,483
INFO [07-28|15:16:07.865] State heal in progress                   accounts=72583@3.54MiB    slots=11146@872.05KiB codes=2089@16.02MiB nodes=49,309,909@14.16GiB pending=46757
INFO [07-28|15:16:10.464] Imported new block headers               count=1    elapsed=5.964ms   number=12,915,150 hash=8231d9..952b97
INFO [07-28|15:16:18.115] State heal in progress                   accounts=72583@3.54MiB    slots=11146@872.05KiB codes=2089@16.02MiB nodes=49,310,939@14.16GiB pending=51665
INFO [07-28|15:16:19.811] Imported new block headers               count=1    elapsed=9.484ms   number=12,915,151 hash=7b5f6a..eb86eb
INFO [07-28|15:16:22.972] Imported new block headers               count=1    elapsed=5.783ms   number=12,915,152 hash=37ce45..506e50
INFO [07-28|15:16:26.908] State heal in progress                   accounts=72583@3.54MiB    slots=11146@872.05KiB codes=2089@16.02MiB nodes=49,311,934@14.16GiB pending=53824
INFO [07-28|15:16:35.056] State heal in progress                   accounts=72583@3.54MiB    slots=11146@872.05KiB codes=2089@16.02MiB nodes=49,312,590@14.16GiB pending=54872
INFO [07-28|15:16:45.217] State heal in progress                   accounts=72583@3.54MiB    slots=11146@872.05KiB codes=2089@16.02MiB nodes=49,313,473@14.16GiB pending=56312
INFO [07-28|15:16:56.563] State heal in progress                   accounts=72583@3.54MiB    slots=11146@872.05KiB codes=2089@16.02MiB nodes=49,314,429@14.16GiB pending=57910
WARN [07-28|15:16:56.566] Unexpected trienode heal packet          peer=ab94eac9 reqid=5,171,220,506,087,845,876
INFO [07-28|15:16:56.974] Imported new block headers               count=1    elapsed=7.383ms   number=12,915,153 hash=534ab2..36d5bf
INFO [07-28|15:16:57.269] Downloader queue stats                   receiptTasks=0    blockTasks=0    itemSize=244.74KiB throttle=268
INFO [07-28|15:17:00.148] Imported new block headers               count=1    elapsed=6.028ms   number=12,915,154 hash=babd88..b03cff