2021-10-01 20:10:53 UTC Syncing #13335527 0x4f54…bbd7     0.00 blk/s    0.0 tx/s    0.0 Mgas/s      0+    9 Qed Ancient:#11182619 LI:#13335536   24/25 peers      6 MiB chain    2 MiB queue  RPC:  0 conn,    0 req/s,    0 µs
2021-10-01 20:10:59 UTC Syncing #13335528 0x35b6…69d1     0.20 blk/s   40.4 tx/s    4.1 Mgas/s      0+    9 Qed Ancient:#11182620 LI:#13335537   24/25 peers      8 MiB chain    2 MiB queue  RPC:  0 conn,    0 req/s,    0 µs
2021-10-01 20:11:03 UTC Reorg to #13335529 0x939f…abd1 (0x35b6…69d1 #13335527 0x4f54…bbd7 0x3d50…85c4)
2021-10-01 20:11:03 UTC Syncing #13335530 0x9b3e…0c8a     0.60 blk/s   48.8 tx/s    4.9 Mgas/s      0+    6 Qed Ancient:#11182624 LI:#13335537   24/25 peers      5 MiB chain    1 MiB queue  RPC:  0 conn,    0 req/s,    0 µs
2021-10-01 20:11:08 UTC Syncing #13335530 0x9b3e…0c8a     0.00 blk/s    0.0 tx/s    0.0 Mgas/s      0+    7 Qed Ancient:#11182624 LI:#13335538   23/25 peers      5 MiB chain    1 MiB queue  RPC:  0 conn,    0 req/s,    0 µs
2021-10-01 20:11:13 UTC Syncing #13335530 0x9b3e…0c8a     0.00 blk/s    0.0 tx/s    0.0 Mgas/s      0+    7 Qed Ancient:#11182624 LI:#13335538   23/25 peers      5 MiB chain    1 MiB queue  RPC:  0 conn,    0 req/s,    0 µs
2021-10-01 20:11:18 UTC Syncing #13335530 0x9b3e…0c8a     0.00 blk/s    0.0 tx/s    0.0 Mgas/s      0+    7 Qed Ancient:#11182624 LI:#13335538   23/25 peers      5 MiB chain    1 MiB queue  RPC:  0 conn,    0 req/s,    0 µs
2021-10-01 20:11:23 UTC Syncing #13335530 0x9b3e…0c8a     0.00 blk/s    0.0 tx/s    0.0 Mgas/s      0+    8 Qed Ancient:#11182624 LI:#13335539   25/25 peers      5 MiB chain    2 MiB queue  RPC:  0 conn,    0 req/s,    0 µs
2021-10-01 20:11:28 UTC Syncing #13335530 0x9b3e…0c8a     0.00 blk/s    0.0 tx/s    0.0 Mgas/s      0+    8 Qed Ancient:#11182624 LI:#13335539   27/50 peers      5 MiB chain    2 MiB queue  RPC:  0 conn,    0 req/s,    0 µs
2021-10-01 20:11:33 UTC Syncing #13335530 0x9b3e…0c8a     0.00 blk/s    0.0 tx/s    0.0 Mgas/s      0+    8 Qed Ancient:#11182624 LI:#13335539   26/50 peers      5 MiB chain    2 MiB queue  RPC:  0 conn,    0 req/s,    0 µs
2021-10-01 20:11:48 UTC Syncing #13335531 0x5554…d2e6     0.20 blk/s   62.8 tx/s    6.0 Mgas/s      0+    7 Qed Ancient:#11182625 LI:#13335539   25/25 peers      5 MiB chain    1 MiB queue  RPC:  0 conn,    0 req/s,    0 µs
2021-10-01 20:11:48 UTC Syncing #13335531 0x5554…d2e6     0.00 blk/s    0.0 tx/s    0.0 Mgas/s      0+    7 Qed Ancient:#11182625 LI:#13335539   25/25 peers      5 MiB chain    1 MiB queue  RPC:  0 conn,    0 req/s,    0 µs
2021-10-01 20:11:58 UTC Syncing #13335532 0x9547…22a7     0.18 blk/s   23.7 tx/s    2.8 Mgas/s      0+    6 Qed Ancient:#11182626 LI:#13335539   26/50 peers      5 MiB chain    1 MiB queue  RPC:  0 conn,    0 req/s,    0 µs
2021-10-01 20:12:04 UTC Syncing #13335533 0xb1ee…983f     0.20 blk/s    4.8 tx/s    0.4 Mgas/s      0+    5 Qed Ancient:#11182627 LI:#13335539   26/50 peers      5 MiB chain  809 KiB queue  RPC:  0 conn,    0 req/s,    0 µs
2021-10-01 20:12:05 UTC Syncing #13335533 0xb1ee…983f     0.00 blk/s    0.0 tx/s    0.0 Mgas/s      0+    5 Qed Ancient:#11182627 LI:#13335539   26/50 peers      5 MiB chain  809 KiB queue  RPC:  0 conn,    0 req/s,    0 µs
2021-10-01 20:12:08 UTC Syncing #13335533 0xb1ee…983f     0.00 blk/s    0.0 tx/s    0.0 Mgas/s      0+    5 Qed Ancient:#11182627 LI:#13335539   26/50 peers      5 MiB chain  809 KiB queue  RPC:  0 conn,    0 req/s,    0 µs
2021-10-01 20:12:20 UTC Syncing #13335533 0xb1ee…983f     0.00 blk/s    0.0 tx/s    0.0 Mgas/s      0+    6 Qed Ancient:#11182627 LI:#13335540   29/50 peers      5 MiB chain    1 MiB queue  RPC:  0 conn,    0 req/s,    0 µs
2021-10-01 20:12:20 UTC Syncing #13335533 0xb1ee…983f     0.00 blk/s    0.0 tx/s    0.0 Mgas/s      0+    6 Qed Ancient:#11182627 LI:#13335540   29/50 peers      5 MiB chain    1 MiB queue  RPC:  0 conn,    0 req/s,    0 µs
2021-10-01 20:12:31 UTC Syncing #13335536 0xb0da…4708     0.88 blk/s  128.3 tx/s    9.4 Mgas/s      0+    4 Qed Ancient:#11182630 LI:#13335541   27/50 peers      5 MiB chain  943 KiB queue  RPC:  0 conn,    0 req/s,    0 µs
2021-10-01 20:12:31 UTC Syncing #13335536 0xb0da…4708     0.00 blk/s    0.0 tx/s    0.0 Mgas/s      0+    4 Qed Ancient:#11182630 LI:#13335541   27/50 peers      5 MiB chain  943 KiB queue  RPC:  0 conn,    0 req/s,    0 µs
2021-10-01 20:12:39 UTC Syncing #13335536 0xb0da…4708     0.00 blk/s    0.0 tx/s    0.0 Mgas/s      0+    5 Qed Ancient:#11182630 LI:#13335542   27/50 peers      5 MiB chain    1 MiB queue  RPC:  0 conn,    0 req/s,    0 µs
2021-10-01 20:12:39 UTC Syncing #13335536 0xb0da…4708     0.00 blk/s    0.0 tx/s    0.0 Mgas/s      0+    5 Qed Ancient:#11182630 LI:#13335543   27/50 peers      5 MiB chain    1 MiB queue  RPC:  0 conn,    0 req/s,    0 µs
2021-10-01 20:12:45 UTC Syncing #13335537 0x7223…7d05     0.27 blk/s   75.8 tx/s    8.0 Mgas/s      0+    5 Qed Ancient:#11182631 LI:#13335543   27/50 peers      5 MiB chain    1 MiB queue  RPC:  0 conn,    0 req/s,    0 µs
2021-10-01 20:12:49 UTC Syncing #13335537 0x7223…7d05     0.00 blk/s    0.0 tx/s    0.0 Mgas/s      0+    5 Qed Ancient:#11182631 LI:#13335543   27/50 peers      5 MiB chain    1 MiB queue  RPC:  0 conn,    0 req/s,    0 µs
2021-10-01 20:12:59 UTC Syncing #13335538 0x78c0…4e9a     0.20 blk/s   13.4 tx/s    2.1 Mgas/s      0+    4 Qed Ancient:#11182632 LI:#13335544   27/50 peers      5 MiB chain  905 KiB queue  RPC:  0 conn,    0 req/s,    0 µs
2021-10-01 20:12:59 UTC Syncing #13335538 0x78c0…4e9a     0.10 blk/s    6.7 tx/s    1.1 Mgas/s      0+    4 Qed Ancient:#11182632 LI:#13335545   27/50 peers      5 MiB chain  906 KiB queue  RPC:  0 conn,    0 req/s,    0 µs
2021-10-01 20:13:04 UTC Syncing #13335538 0x78c0…4e9a     0.00 blk/s    0.0 tx/s    0.0 Mgas/s      0+    7 Qed Ancient:#11182632 LI:#13335546   26/50 peers      5 MiB chain    1 MiB queue  RPC:  0 conn,    0 req/s,    0 µs
2021-10-01 20:13:14 UTC Syncing #13335539 0xa40c…a388     0.20 blk/s   38.2 tx/s    6.0 Mgas/s      0+    6 Qed Ancient:#11182633 LI:#13335546   23/25 peers      5 MiB chain  996 KiB queue  RPC:  0 conn,    0 req/s,    0 µs
2021-10-01 20:13:14 UTC Syncing #13335539 0xa40c…a388     0.10 blk/s   19.1 tx/s    3.0 Mgas/s      0+    6 Qed Ancient:#11182633 LI:#13335546   23/25 peers      5 MiB chain  996 KiB queue  RPC:  0 conn,    0 req/s,    0 µs
2021-10-01 20:13:22 UTC Syncing #13335539 0xa40c…a388     0.00 blk/s    0.0 tx/s    0.0 Mgas/s      0+    6 Qed Ancient:#11182633 LI:#13335546   22/25 peers      5 MiB chain  996 KiB queue  RPC:  0 conn,    0 req/s,    0 µs
2021-10-01 20:13:23 UTC Syncing #13335539 0xa40c…a388     0.00 blk/s    0.0 tx/s    0.0 Mgas/s      0+    8 Qed Ancient:#11182633 LI:#13335548   22/25 peers      5 MiB chain    1 MiB queue  RPC:  0 conn,    0 req/s,    0 µs
2021-10-01 20:13:29 UTC Syncing #13335540 0x1ee1…0908     0.20 blk/s   66.8 tx/s    6.0 Mgas/s      0+    8 Qed Ancient:#11182635 LI:#13335549   22/25 peers      5 MiB chain    1 MiB queue  RPC:  0 conn,    0 req/s,    0 µs
2021-10-01 20:13:33 UTC Syncing #13335540 0x1ee1…0908     0.00 blk/s    0.0 tx/s    0.0 Mgas/s      0+    8 Qed Ancient:#11182635 LI:#13335549   22/25 peers      5 MiB chain    1 MiB queue  RPC:  0 conn,    0 req/s,    0 µs
2021-10-01 20:13:38 UTC Syncing #13335540 0x1ee1…0908     0.00 blk/s    0.0 tx/s    0.0 Mgas/s      0+    8 Qed Ancient:#11182635 LI:#13335549   22/25 peers      5 MiB chain    1 MiB queue  RPC:  0 conn,    0 req/s,    0 µs
2021-10-01 20:13:47 UTC Syncing #13335541 0x7d53…b17c     0.20 blk/s   40.0 tx/s    6.0 Mgas/s      0+    8 Qed Ancient:#11182636 LI:#13335550   22/25 peers      6 MiB chain    1 MiB queue  RPC:  0 conn,    0 req/s,    0 µs
2021-10-01 20:13:48 UTC Syncing #13335541 0x7d53…b17c     0.00 blk/s    0.0 tx/s    0.0 Mgas/s      0+    8 Qed Ancient:#11182636 LI:#13335550   22/25 peers      6 MiB chain    1 MiB queue  RPC:  0 conn,    0 req/s,    0 µs
2021-10-01 20:13:58 UTC Syncing #13335542 0x75e8…480b     0.20 blk/s   24.6 tx/s    3.3 Mgas/s      0+    7 Qed Ancient:#11182637 LI:#13335550   23/25 peers      6 MiB chain    1 MiB queue  RPC:  0 conn,    0 req/s,    0 µs
2021-10-01 20:13:58 UTC Syncing #13335542 0x75e8…480b     0.00 blk/s    0.0 tx/s    0.0 Mgas/s      0+    8 Qed Ancient:#11182637 LI:#13335551   23/25 peers      6 MiB chain    1 MiB queue  RPC:  0 conn,    0 req/s,    0 µs
2021-10-01 20:14:03 UTC Syncing #13335543 0xd919…a693     0.20 blk/s   32.0 tx/s    4.8 Mgas/s      0+    8 Qed Ancient:#11182638 LI:#13335551   23/25 peers      6 MiB chain    1 MiB queue  RPC:  0 conn,    0 req/s,    0 µs
2021-10-01 20:14:13 UTC Syncing #13335543 0xd919…a693     0.00 blk/s    0.0 tx/s    0.0 Mgas/s      0+    7 Qed Ancient:#11182639 LI:#13335551   23/25 peers      6 MiB chain    1 MiB queue  RPC:  0 conn,    0 req/s,    0 µs
2021-10-01 20:14:13 UTC Syncing #13335543 0xd919…a693     0.00 blk/s    0.0 tx/s    0.0 Mgas/s      0+    9 Qed Ancient:#11182639 LI:#13335554   23/25 peers      6 MiB chain    1 MiB queue  RPC:  0 conn,    0 req/s,    0 µs
2021-10-01 20:14:18 UTC Syncing #13335543 0xd919…a693     0.00 blk/s    0.0 tx/s    0.0 Mgas/s      0+   10 Qed Ancient:#11182639 LI:#13335554   23/25 peers      6 MiB chain    1 MiB queue  RPC:  0 conn,    0 req/s,    0 µs
2021-10-01 20:14:34 UTC Syncing #13335545 0x2cc4…f3bb     0.20 blk/s   12.3 tx/s    1.9 Mgas/s      0+    8 Qed Ancient:#11182641 LI:#13335554   24/25 peers      6 MiB chain    1 MiB queue  RPC:  0 conn,    0 req/s,    0 µs
2021-10-01 20:14:34 UTC Syncing #13335545 0x2cc4…f3bb     0.00 blk/s    0.0 tx/s    0.0 Mgas/s      0+    8 Qed Ancient:#11182641 LI:#13335554   24/25 peers      6 MiB chain    1 MiB queue  RPC:  0 conn,    0 req/s,    0 µs
2021-10-01 20:14:34 UTC Syncing #13335544 0x684b…8562     0.20 blk/s   17.8 tx/s    2.9 Mgas/s      0+    9 Qed Ancient:#11182640 LI:#13335554   24/25 peers      6 MiB chain    1 MiB queue  RPC:  0 conn,    0 req/s,    0 µs
2021-10-01 20:14:40 UTC Syncing #13335545 0x2cc4…f3bb     0.20 blk/s    6.8 tx/s    0.8 Mgas/s      0+    8 Qed Ancient:#11182641 LI:#13335554   22/25 peers      6 MiB chain    1 MiB queue  RPC:  0 conn,    0 req/s,    0 µs
2021-10-01 20:14:54 UTC Syncing #13335546 0x1fed…b64e     0.07 blk/s    7.4 tx/s    1.3 Mgas/s      0+    7 Qed Ancient:#11182642 LI:#13335554   22/25 peers      6 MiB chain  922 KiB queue  RPC:  0 conn,    0 req/s,    0 µs
2021-10-01 20:14:54 UTC Syncing #13335546 0x1fed…b64e     0.20 blk/s   22.2 tx/s    4.0 Mgas/s      0+    7 Qed Ancient:#11182642 LI:#13335554   22/25 peers      6 MiB chain  922 KiB queue  RPC:  0 conn,    0 req/s,    0 µs
2021-10-01 20:14:54 UTC Syncing #13335546 0x1fed…b64e     0.10 blk/s   11.1 tx/s    2.0 Mgas/s      0+    7 Qed Ancient:#11182642 LI:#13335554   22/25 peers      6 MiB chain  922 KiB queue  RPC:  0 conn,    0 req/s,    0 µs
2021-10-01 20:14:58 UTC Syncing #13335546 0x1fed…b64e     0.00 blk/s    0.0 tx/s    0.0 Mgas/s      0+    7 Qed Ancient:#11182642 LI:#13335554   22/25 peers      6 MiB chain  922 KiB queue  RPC:  0 conn,    0 req/s,    0 µs
2021-10-01 20:15:07 UTC Syncing #13335548 0xf749…b1a6     0.41 blk/s   23.3 tx/s    3.6 Mgas/s      0+    5 Qed Ancient:#11182644 LI:#13335554   22/25 peers      6 MiB chain  646 KiB queue  RPC:  0 conn,    0 req/s,    0 µs
2021-10-01 20:15:11 UTC Syncing #13335548 0xf749…b1a6     0.00 blk/s    0.0 tx/s    0.0 Mgas/s      0+    5 Qed Ancient:#11182644 LI:#13335554   22/25 peers      6 MiB chain  646 KiB queue  RPC:  0 conn,    0 req/s,    0 µs
2021-10-01 20:15:18 UTC Syncing #13335549 0xd2d6…1358     0.20 blk/s   30.4 tx/s    5.1 Mgas/s      0+    4 Qed Ancient:#11182645 LI:#13335554   22/25 peers      6 MiB chain  392 KiB queue  RPC:  0 conn,    0 req/s,    0 µs
2021-10-01 20:15:18 UTC Syncing #13335549 0xd2d6…1358     0.10 blk/s   15.2 tx/s    2.5 Mgas/s      0+    4 Qed Ancient:#11182645 LI:#13335554   22/25 peers      6 MiB chain  392 KiB queue  RPC:  0 conn,    0 req/s,    0 µs
2021-10-01 20:15:23 UTC Syncing #13335549 0xd2d6…1358     0.00 blk/s    0.0 tx/s    0.0 Mgas/s      0+    5 Qed Ancient:#11182645 LI:#13335555   22/25 peers      6 MiB chain  577 KiB queue  RPC:  0 conn,    0 req/s,    0 µs
2021-10-01 20:15:28 UTC Syncing #13335549 0xd2d6…1358     0.00 blk/s    0.0 tx/s    0.0 Mgas/s      0+    5 Qed Ancient:#11182645 LI:#13335555   22/25 peers      6 MiB chain  577 KiB queue  RPC:  0 conn,    0 req/s,    0 µs
2021-10-01 20:15:38 UTC Syncing #13335550 0xd742…6b38     0.20 blk/s   48.0 tx/s    6.0 Mgas/s      0+    4 Qed Ancient:#11182646 LI:#13335556   22/25 peers      6 MiB chain  339 KiB queue  RPC:  0 conn,    0 req/s,    0 µs
2021-10-01 20:15:38 UTC Syncing #13335550 0xd742…6b38     0.10 blk/s   24.0 tx/s    3.0 Mgas/s      0+    4 Qed Ancient:#11182646 LI:#13335556   22/25 peers      6 MiB chain  340 KiB queue  RPC:  0 conn,    0 req/s,    0 µs
2021-10-01 20:15:43 UTC Syncing #13335550 0xd742…6b38     0.00 blk/s    0.0 tx/s    0.0 Mgas/s      0+    6 Qed Ancient:#11182646 LI:#13335557   23/25 peers      6 MiB chain  787 KiB queue  RPC:  0 conn,    0 req/s,    0 µs
2021-10-01 20:15:55 UTC Syncing #13335552 0x780e…dcb1     0.20 blk/s   21.9 tx/s    2.9 Mgas/s      0+    4 Qed Ancient:#11182648 LI:#13335557   22/25 peers      6 MiB chain  653 KiB queue  RPC:  0 conn,    0 req/s,    0 µs
2021-10-01 20:15:55 UTC Syncing #13335551 0x9078…59cb     0.20 blk/s   37.6 tx/s    4.8 Mgas/s      0+    6 Qed Ancient:#11182646 LI:#13335557   22/25 peers      6 MiB chain  787 KiB queue  RPC:  0 conn,    0 req/s,    0 µs
2021-10-01 20:16:01 UTC Syncing #13335552 0x780e…dcb1     0.20 blk/s    6.2 tx/s    0.9 Mgas/s      0+    4 Qed Ancient:#11182648 LI:#13335557   22/25 peers      6 MiB chain  653 KiB queue  RPC:  0 conn,    0 req/s,    0 µs
2021-10-01 20:16:18 UTC Syncing #13335554 0x417d…2048     0.10 blk/s    4.7 tx/s    0.7 Mgas/s      0+    5 Qed Ancient:#11182650 LI:#13335560   22/25 peers      5 MiB chain  791 KiB queue  RPC:  0 conn,    0 req/s,    0 µs
2021-10-01 20:16:29 UTC Syncing #13335555 0x31b2…31fa     0.20 blk/s   48.0 tx/s    6.0 Mgas/s      0+    4 Qed Ancient:#11182651 LI:#13335560   22/25 peers      5 MiB chain  588 KiB queue  RPC:  0 conn,    0 req/s,    0 µs
2021-10-01 20:16:29 UTC Syncing #13335555 0x31b2…31fa     0.10 blk/s   24.0 tx/s    3.0 Mgas/s      0+    4 Qed Ancient:#11182651 LI:#13335560   22/25 peers      5 MiB chain  588 KiB queue  RPC:  0 conn,    0 req/s,    0 µs
2021-10-01 20:16:33 UTC Syncing #13335555 0x31b2…31fa     0.00 blk/s    0.0 tx/s    0.0 Mgas/s      0+    4 Qed Ancient:#11182651 LI:#13335560   22/25 peers      5 MiB chain  588 KiB queue  RPC:  0 conn,    0 req/s,    0 µs