2021-10-01 21:32:30 UTC Syncing #13335880 0xdd04…8252     0.07 blk/s   15.5 tx/s    1.4 Mgas/s      0+    7 Qed Ancient:#11209561 LI:#13335887   18/25 peers      2 MiB chain    1 MiB queue  RPC:  0 conn,    0 req/s,    0 µs
2021-10-01 21:32:30 UTC Syncing #13335880 0xdd04…8252     0.00 blk/s    0.0 tx/s    0.0 Mgas/s      0+    7 Qed Ancient:#11209683 LI:#13335887   18/25 peers      5 MiB chain    1 MiB queue  RPC:  0 conn,    0 req/s,    0 µs
2021-10-01 21:32:37 UTC Syncing #13335881 0x9b96…809d     0.15 blk/s   12.9 tx/s    1.1 Mgas/s      0+    7 Qed Ancient:#11209685 LI:#13335888   16/25 peers      5 MiB chain    2 MiB queue  RPC:  0 conn,    0 req/s,    0 µs
2021-10-01 21:32:54 UTC Syncing #13335882 0x03ac…3a1f     0.06 blk/s    7.9 tx/s    1.0 Mgas/s      0+    6 Qed Ancient:#11209796 LI:#13335889   14/25 peers     10 MiB chain    2 MiB queue  RPC:  0 conn,    0 req/s,    0 µs
2021-10-01 21:32:54 UTC Syncing #13335881 0x9b96…809d     0.00 blk/s    0.0 tx/s    0.0 Mgas/s      0+    6 Qed Ancient:#11209689 LI:#13335889   14/25 peers      6 MiB chain    2 MiB queue  RPC:  0 conn,    0 req/s,    0 µs
2021-10-01 21:32:54 UTC Syncing #13335882 0x03ac…3a1f     0.52 blk/s   65.5 tx/s    8.0 Mgas/s      0+    6 Qed Ancient:#11209796 LI:#13335889   14/25 peers     10 MiB chain    2 MiB queue  RPC:  0 conn,    0 req/s,    0 µs
2021-10-01 21:33:01 UTC Syncing #13335882 0x03ac…3a1f     0.00 blk/s    0.0 tx/s    0.0 Mgas/s      0+    6 Qed Ancient:#11209796 LI:#13335889   14/25 peers      5 MiB chain    2 MiB queue  RPC:  0 conn,    0 req/s,    0 µs
2021-10-01 21:33:09 UTC Syncing #13335882 0x03ac…3a1f     0.00 blk/s    0.0 tx/s    0.0 Mgas/s      0+    7 Qed Ancient:#11209796 LI:#13335890   14/25 peers      5 MiB chain    2 MiB queue  RPC:  0 conn,    0 req/s,    0 µs
2021-10-01 21:33:09 UTC Syncing #13335882 0x03ac…3a1f     0.00 blk/s    0.0 tx/s    0.0 Mgas/s      0+    9 Qed Ancient:#11209796 LI:#13335892   14/25 peers      5 MiB chain    2 MiB queue  RPC:  0 conn,    0 req/s,    0 µs
2021-10-01 21:33:19 UTC Syncing #13335883 0xa7d0…d150     0.00 blk/s    0.0 tx/s    0.0 Mgas/s      0+    9 Qed Ancient:#11209796 LI:#13335892   14/25 peers      5 MiB chain    2 MiB queue  RPC:  0 conn,    0 req/s,    0 µs
2021-10-01 21:33:27 UTC Syncing #13335884 0x12d2…48da     0.20 blk/s   19.7 tx/s    2.3 Mgas/s      0+    8 Qed Ancient:#11209798 LI:#13335893   14/25 peers      5 MiB chain    2 MiB queue  RPC:  0 conn,    0 req/s,    0 µs
2021-10-01 21:33:27 UTC Syncing #13335884 0x12d2…48da     0.40 blk/s   39.4 tx/s    4.6 Mgas/s      0+    8 Qed Ancient:#11209798 LI:#13335893   14/25 peers      5 MiB chain    2 MiB queue  RPC:  0 conn,    0 req/s,    0 µs
2021-10-01 21:33:38 UTC Syncing #13335885 0xf9bc…465b     0.20 blk/s   15.8 tx/s    1.7 Mgas/s      0+    7 Qed Ancient:#11209799 LI:#13335893    7/25 peers      5 MiB chain    2 MiB queue  RPC:  0 conn,    0 req/s,    0 µs
2021-10-01 21:33:38 UTC Syncing #13335885 0xf9bc…465b     0.10 blk/s    7.9 tx/s    0.8 Mgas/s      0+    7 Qed Ancient:#11209799 LI:#13335893    7/25 peers      5 MiB chain    2 MiB queue  RPC:  0 conn,    0 req/s,    0 µs
2021-10-01 21:33:39 UTC Syncing #13335885 0xf9bc…465b     0.00 blk/s    0.0 tx/s    0.0 Mgas/s      0+    7 Qed Ancient:#11209799 LI:#13335893    5/25 peers      5 MiB chain    2 MiB queue  RPC:  0 conn,    0 req/s,    0 µs
2021-10-01 21:33:44 UTC Syncing #13335885 0xf9bc…465b     0.00 blk/s    0.0 tx/s    0.0 Mgas/s      0+    7 Qed Ancient:#11209799 LI:#13335893    2/25 peers      5 MiB chain    2 MiB queue  RPC:  0 conn,    0 req/s,    0 µs
2021-10-01 21:33:49 UTC Syncing #13335885 0xf9bc…465b     0.00 blk/s    0.0 tx/s    0.0 Mgas/s      0+    7 Qed Ancient:#11209799 LI:#13335893    2/25 peers      5 MiB chain    2 MiB queue  RPC:  0 conn,    0 req/s,    0 µs
2021-10-01 21:33:54 UTC Syncing #13335885 0xf9bc…465b     0.00 blk/s    0.0 tx/s    0.0 Mgas/s      0+    7 Qed Ancient:#11209799 LI:#13335893    2/25 peers      5 MiB chain    2 MiB queue  RPC:  0 conn,    0 req/s,    0 µs
2021-10-01 21:34:04 UTC Syncing #13335886 0x96fa…7449     0.20 blk/s   74.8 tx/s    6.0 Mgas/s      0+    6 Qed Ancient:#11209800 LI:#13335893    1/25 peers      5 MiB chain    1 MiB queue  RPC:  0 conn,    0 req/s,    0 µs
2021-10-01 21:34:04 UTC Syncing #13335886 0x96fa…7449     0.00 blk/s    0.0 tx/s    0.0 Mgas/s      0+    6 Qed Ancient:#11209800 LI:#13335893    1/25 peers      5 MiB chain    1 MiB queue  RPC:  0 conn,    0 req/s,    0 µs
2021-10-01 21:34:09 UTC Syncing #13335886 0x96fa…7449     0.00 blk/s    0.0 tx/s    0.0 Mgas/s      0+    6 Qed Ancient:#11209800 LI:#13335893    1/25 peers      5 MiB chain    1 MiB queue  RPC:  0 conn,    0 req/s,    0 µs
2021-10-01 21:34:19 UTC Syncing #13335887 0x2204…0ebe     0.20 blk/s   48.6 tx/s    6.0 Mgas/s      0+    5 Qed Ancient:#11209801 LI:#13335893    1/25 peers      5 MiB chain  867 KiB queue  RPC:  0 conn,    0 req/s,    0 µs
2021-10-01 21:34:19 UTC Syncing #13335887 0x2204…0ebe     0.00 blk/s    0.0 tx/s    0.0 Mgas/s      0+    5 Qed Ancient:#11209801 LI:#13335893    1/25 peers      5 MiB chain  867 KiB queue  RPC:  0 conn,    0 req/s,    0 µs
2021-10-01 21:34:24 UTC Syncing #13335887 0x2204…0ebe     0.00 blk/s    0.0 tx/s    0.0 Mgas/s      0+    5 Qed Ancient:#11209801 LI:#13335893    1/25 peers      5 MiB chain  867 KiB queue  RPC:  0 conn,    0 req/s,    0 µs
2021-10-01 21:34:29 UTC Syncing #13335887 0x2204…0ebe     0.00 blk/s    0.0 tx/s    0.0 Mgas/s      0+    5 Qed Ancient:#11209801 LI:#13335893    1/25 peers      5 MiB chain  867 KiB queue  RPC:  0 conn,    0 req/s,    0 µs
2021-10-01 21:34:34 UTC Syncing #13335887 0x2204…0ebe     0.00 blk/s    0.0 tx/s    0.0 Mgas/s      0+    5 Qed Ancient:#11209801 LI:#13335893    1/25 peers      5 MiB chain  867 KiB queue  RPC:  0 conn,    0 req/s,    0 µs
2021-10-01 21:34:39 UTC Syncing #13335887 0x2204…0ebe     0.00 blk/s    0.0 tx/s    0.0 Mgas/s      0+    5 Qed Ancient:#11209801 LI:#13335893    1/25 peers      5 MiB chain  867 KiB queue  RPC:  0 conn,    0 req/s,    0 µs
2021-10-01 21:34:44 UTC Syncing #13335888 0xb9ca…c515     0.20 blk/s   56.2 tx/s    6.0 Mgas/s      0+    4 Qed Ancient:#11209802 LI:#13335893    1/25 peers      5 MiB chain  459 KiB queue  RPC:  0 conn,    0 req/s,    0 µs
2021-10-01 21:34:49 UTC Syncing #13335888 0xb9ca…c515     0.00 blk/s    0.0 tx/s    0.0 Mgas/s      0+    4 Qed Ancient:#11209802 LI:#13335893    1/25 peers      5 MiB chain  459 KiB queue  RPC:  0 conn,    0 req/s,    0 µs
2021-10-01 21:34:54 UTC Syncing #13335888 0xb9ca…c515     0.00 blk/s    0.0 tx/s    0.0 Mgas/s      0+    4 Qed Ancient:#11209802 LI:#13335893    1/25 peers      5 MiB chain  459 KiB queue  RPC:  0 conn,    0 req/s,    0 µs
2021-10-01 21:34:59 UTC Syncing #13335888 0xb9ca…c515     0.00 blk/s    0.0 tx/s    0.0 Mgas/s      0+    4 Qed Ancient:#11209802 LI:#13335893    1/25 peers      5 MiB chain  459 KiB queue  RPC:  0 conn,    0 req/s,    0 µs
2021-10-01 21:35:04 UTC Syncing #13335888 0xb9ca…c515     0.00 blk/s    0.0 tx/s    0.0 Mgas/s      0+    4 Qed Ancient:#11209802 LI:#13335893    1/25 peers      5 MiB chain  459 KiB queue  RPC:  0 conn,    0 req/s,    0 µs
2021-10-01 21:35:27 UTC Imported #13335893 0xf0e1…8fff (122 txs, 7.18 Mgas, 4965 ms, 38.46 KiB)
2021-10-01 21:35:34 UTC  Ancient:#11210115 AB:#11213050    0/25 peers      9 MiB chain  0 bytes queue  RPC:  0 conn,    0 req/s,    0 µs
2021-10-01 21:36:04 UTC  Ancient:#11210872 AB:#11213050    0/25 peers      4 MiB chain  0 bytes queue  RPC:  0 conn,    0 req/s,    0 µs
2021-10-01 21:36:34 UTC  Ancient:#11210928 AB:#11213050    0/25 peers      4 MiB chain  0 bytes queue  RPC:  0 conn,    0 req/s,    0 µs
2021-10-01 21:37:04 UTC  Ancient:#11210946 AB:#11213050    0/25 peers      4 MiB chain  0 bytes queue  RPC:  0 conn,    0 req/s,    0 µs
2021-10-01 21:37:34 UTC  Ancient:#11211658 AB:#11213050    0/25 peers      4 MiB chain  0 bytes queue  RPC:  0 conn,    0 req/s,    0 µs
2021-10-01 21:38:04 UTC  Ancient:#11213049 AB:#11213050    0/25 peers      4 MiB chain  0 bytes queue  RPC:  0 conn,    0 req/s,    0 µs