2021-10-01 21:47:38 UTC Syncing #13335914 0xddcf…d57c     0.25 blk/s   57.6 tx/s    6.0 Mgas/s      0+   49 Qed Ancient:#11217512 LI:#13335963    9/25 peers      1 MiB chain   10 MiB queue  RPC:  0 conn,    0 req/s,    0 µs
2021-10-01 21:47:38 UTC Syncing #13335914 0xddcf…d57c     0.00 blk/s    0.0 tx/s    0.0 Mgas/s      0+   49 Qed Ancient:#11217512 LI:#13335963    9/25 peers      1 MiB chain   10 MiB queue  RPC:  0 conn,    0 req/s,    0 µs
2021-10-01 21:47:50 UTC Syncing #13335915 0xa5c5…2070     0.17 blk/s   21.7 tx/s    2.3 Mgas/s      0+   49 Qed Ancient:#11217514 LI:#13335963    8/25 peers      1 MiB chain   10 MiB queue  RPC:  0 conn,    0 req/s,    0 µs
2021-10-01 21:47:50 UTC Syncing #13335916 0xfb79…ceb3     0.17 blk/s    8.0 tx/s    0.7 Mgas/s      0+   48 Qed Ancient:#11217515 LI:#13335963    8/25 peers      1 MiB chain   10 MiB queue  RPC:  0 conn,    0 req/s,    0 µs
2021-10-01 21:48:01 UTC Syncing #13335916 0xfb79…ceb3     0.00 blk/s    0.0 tx/s    0.0 Mgas/s      0+   49 Qed Ancient:#11217515 LI:#13335964    8/25 peers      1 MiB chain   10 MiB queue  RPC:  0 conn,    0 req/s,    0 µs
2021-10-01 21:48:01 UTC Syncing #13335916 0xfb79…ceb3     0.00 blk/s    0.0 tx/s    0.0 Mgas/s      0+   49 Qed Ancient:#11217515 LI:#13335964    8/25 peers      1 MiB chain   10 MiB queue  RPC:  0 conn,    0 req/s,    0 µs
2021-10-01 21:48:04 UTC Syncing #13335916 0xfb79…ceb3     0.00 blk/s    0.0 tx/s    0.0 Mgas/s      0+   50 Qed Ancient:#11217515 LI:#13335965    7/25 peers      1 MiB chain   10 MiB queue  RPC:  0 conn,    0 req/s,    0 µs
2021-10-01 21:48:09 UTC Syncing #13335916 0xfb79…ceb3     0.00 blk/s    0.0 tx/s    0.0 Mgas/s      0+   51 Qed Ancient:#11217515 LI:#13335966    8/25 peers      1 MiB chain   10 MiB queue  RPC:  0 conn,    0 req/s,    0 µs
2021-10-01 21:48:22 UTC Syncing #13335917 0x041b…421d     0.08 blk/s   22.7 tx/s    1.8 Mgas/s      0+   50 Qed Ancient:#11217516 LI:#13335967    8/25 peers      1 MiB chain   10 MiB queue  RPC:  0 conn,    0 req/s,    0 µs
2021-10-01 21:48:25 UTC Syncing #13335917 0x041b…421d     0.00 blk/s    0.0 tx/s    0.0 Mgas/s      0+   52 Qed Ancient:#11217516 LI:#13335968    8/25 peers      1 MiB chain   11 MiB queue  RPC:  0 conn,    0 req/s,    0 µs
2021-10-01 21:48:35 UTC Syncing #13335918 0x6e43…aef6     0.20 blk/s   34.6 tx/s    2.8 Mgas/s      0+   51 Qed Ancient:#11217517 LI:#13335968    8/25 peers      1 MiB chain   10 MiB queue  RPC:  0 conn,    0 req/s,    0 µs
2021-10-01 21:48:35 UTC Syncing #13335918 0x6e43…aef6     0.00 blk/s    0.0 tx/s    0.0 Mgas/s      0+   51 Qed Ancient:#11217517 LI:#13335969    8/25 peers      1 MiB chain   10 MiB queue  RPC:  0 conn,    0 req/s,    0 µs
2021-10-01 21:48:39 UTC Syncing #13335918 0x6e43…aef6     0.00 blk/s    0.0 tx/s    0.0 Mgas/s      0+   52 Qed Ancient:#11217517 LI:#13335969    8/25 peers      1 MiB chain   10 MiB queue  RPC:  0 conn,    0 req/s,    0 µs
2021-10-01 21:48:53 UTC Syncing #13335918 0x6e43…aef6     0.00 blk/s    0.0 tx/s    0.0 Mgas/s      0+   52 Qed Ancient:#11217517 LI:#13335969    8/25 peers      1 MiB chain   10 MiB queue  RPC:  0 conn,    0 req/s,    0 µs
2021-10-01 21:48:53 UTC Syncing #13335918 0x6e43…aef6     0.00 blk/s    0.0 tx/s    0.0 Mgas/s      0+   52 Qed Ancient:#11217517 LI:#13335969    8/25 peers      1 MiB chain   10 MiB queue  RPC:  0 conn,    0 req/s,    0 µs
2021-10-01 21:49:10 UTC Syncing #13335919 0x1737…7d58     0.20 blk/s   59.0 tx/s    5.3 Mgas/s      0+   51 Qed Ancient:#11217518 LI:#13335969    8/25 peers      1 MiB chain   10 MiB queue  RPC:  0 conn,    0 req/s,    0 µs
2021-10-01 21:49:10 UTC Syncing #13335921 0xbbdc…d973     0.30 blk/s   49.3 tx/s    4.5 Mgas/s      0+   49 Qed Ancient:#11217520 LI:#13335969    8/25 peers      1 MiB chain   10 MiB queue  RPC:  0 conn,    0 req/s,    0 µs
2021-10-01 21:49:10 UTC Syncing #13335921 0xbbdc…d973     0.00 blk/s    0.0 tx/s    0.0 Mgas/s      0+   49 Qed Ancient:#11217520 LI:#13335969    8/25 peers      1 MiB chain   10 MiB queue  RPC:  0 conn,    0 req/s,    0 µs
2021-10-01 21:49:10 UTC Syncing #13335921 0xbbdc…d973     0.20 blk/s   32.9 tx/s    3.0 Mgas/s      0+   49 Qed Ancient:#11217520 LI:#13335969    8/25 peers      1 MiB chain   10 MiB queue  RPC:  0 conn,    0 req/s,    0 µs
2021-10-01 21:49:20 UTC Syncing #13335923 0xb613…d746     0.23 blk/s    6.1 tx/s    0.7 Mgas/s      0+   48 Qed Ancient:#11217522 LI:#13335970    8/25 peers      1 MiB chain   10 MiB queue  RPC:  0 conn,    0 req/s,    0 µs
2021-10-01 21:49:20 UTC Syncing #13335923 0xb613…d746     0.53 blk/s   14.1 tx/s    1.6 Mgas/s      0+   48 Qed Ancient:#11217522 LI:#13335970    8/25 peers      1 MiB chain   10 MiB queue  RPC:  0 conn,    0 req/s,    0 µs
2021-10-01 21:49:30 UTC Syncing #13335924 0x208c…d275     0.10 blk/s   21.3 tx/s    2.1 Mgas/s      0+   47 Qed Ancient:#11217523 LI:#13335970    8/25 peers      1 MiB chain   10 MiB queue  RPC:  0 conn,    0 req/s,    0 µs
2021-10-01 21:49:30 UTC Syncing #13335923 0xb613…d746     0.00 blk/s    0.0 tx/s    0.0 Mgas/s      0+   48 Qed Ancient:#11217522 LI:#13335970    8/25 peers      1 MiB chain   10 MiB queue  RPC:  0 conn,    0 req/s,    0 µs
2021-10-01 21:49:40 UTC Syncing #13335924 0x208c…d275     0.20 blk/s   42.6 tx/s    4.3 Mgas/s      0+   47 Qed Ancient:#11217523 LI:#13335970    8/25 peers      1 MiB chain   10 MiB queue  RPC:  0 conn,    0 req/s,    0 µs
2021-10-01 21:49:40 UTC Syncing #13335925 0x5b2d…d6ff     0.20 blk/s   26.1 tx/s    2.6 Mgas/s      0+   46 Qed Ancient:#11217524 LI:#13335971    8/25 peers      1 MiB chain    9 MiB queue  RPC:  0 conn,    0 req/s,    0 µs
2021-10-01 21:49:51 UTC Syncing #13335925 0x5b2d…d6ff     0.00 blk/s    0.0 tx/s    0.0 Mgas/s      0+   47 Qed Ancient:#11217524 LI:#13335971    7/25 peers      1 MiB chain   10 MiB queue  RPC:  0 conn,    0 req/s,    0 µs
2021-10-01 21:49:51 UTC Syncing #13335925 0x5b2d…d6ff     0.00 blk/s    0.0 tx/s    0.0 Mgas/s      0+   47 Qed Ancient:#11217524 LI:#13335971    7/25 peers      1 MiB chain   10 MiB queue  RPC:  0 conn,    0 req/s,    0 µs
2021-10-01 21:49:54 UTC Syncing #13335925 0x5b2d…d6ff     0.00 blk/s    0.0 tx/s    0.0 Mgas/s      0+   48 Qed Ancient:#11217524 LI:#13335972    5/25 peers      1 MiB chain   10 MiB queue  RPC:  0 conn,    0 req/s,    0 µs
2021-10-01 21:50:07 UTC Syncing #13335926 0x029f…d021     0.20 blk/s   76.0 tx/s    6.0 Mgas/s      0+   47 Qed Ancient:#11217526 LI:#13335972    4/25 peers      1 MiB chain   10 MiB queue  RPC:  0 conn,    0 req/s,    0 µs
2021-10-01 21:50:07 UTC Syncing #13335926 0x029f…d021     0.10 blk/s   38.0 tx/s    3.0 Mgas/s      0+   47 Qed Ancient:#11217526 LI:#13335972    4/25 peers      1 MiB chain   10 MiB queue  RPC:  0 conn,    0 req/s,    0 µs
2021-10-01 21:50:09 UTC Syncing #13335926 0x029f…d021     0.00 blk/s    0.0 tx/s    0.0 Mgas/s      0+   47 Qed Ancient:#11217526 LI:#13335972    4/25 peers      1 MiB chain   10 MiB queue  RPC:  0 conn,    0 req/s,    0 µs
2021-10-01 21:50:22 UTC Syncing #13335928 0x2637…cd60     0.20 blk/s   28.5 tx/s    2.6 Mgas/s      0+   45 Qed Ancient:#11217529 LI:#13335972    2/25 peers      1 MiB chain    9 MiB queue  RPC:  0 conn,    0 req/s,    0 µs
2021-10-01 21:50:22 UTC Syncing #13335927 0x44d0…7fe0     0.20 blk/s   45.2 tx/s    4.2 Mgas/s      0+   46 Qed Ancient:#11217528 LI:#13335972    2/25 peers      1 MiB chain   10 MiB queue  RPC:  0 conn,    0 req/s,    0 µs
2021-10-01 21:50:32 UTC Syncing #13335928 0x2637…cd60     0.10 blk/s    5.9 tx/s    0.5 Mgas/s      0+   45 Qed Ancient:#11217529 LI:#13335972    1/25 peers      1 MiB chain    9 MiB queue  RPC:  0 conn,    0 req/s,    0 µs
2021-10-01 21:50:32 UTC Syncing #13335928 0x2637…cd60     0.20 blk/s   11.8 tx/s    1.0 Mgas/s      0+   45 Qed Ancient:#11217529 LI:#13335972    1/25 peers      1 MiB chain    9 MiB queue  RPC:  0 conn,    0 req/s,    0 µs
2021-10-01 21:50:40 UTC Syncing #13335930 0x4040…ba52     0.40 blk/s   33.0 tx/s    3.3 Mgas/s      0+   43 Qed Ancient:#11217531 LI:#13335972    1/25 peers      1 MiB chain    9 MiB queue  RPC:  0 conn,    0 req/s,    0 µs
2021-10-01 21:50:40 UTC Syncing #13335930 0x4040…ba52     0.20 blk/s   16.5 tx/s    1.7 Mgas/s      0+   43 Qed Ancient:#11217531 LI:#13335972    1/25 peers      1 MiB chain    9 MiB queue  RPC:  0 conn,    0 req/s,    0 µs
2021-10-01 21:50:50 UTC Syncing #13335930 0x4040…ba52     0.00 blk/s    0.0 tx/s    0.0 Mgas/s      0+   43 Qed Ancient:#11217531 LI:#13335972    1/25 peers      1 MiB chain    9 MiB queue  RPC:  0 conn,    0 req/s,    0 µs
2021-10-01 21:50:50 UTC Syncing #13335930 0x4040…ba52     0.00 blk/s    0.0 tx/s    0.0 Mgas/s      0+   43 Qed Ancient:#11217531 LI:#13335972    1/25 peers      1 MiB chain    9 MiB queue  RPC:  0 conn,    0 req/s,    0 µs
2021-10-01 21:50:54 UTC Syncing #13335930 0x4040…ba52     0.00 blk/s    0.0 tx/s    0.0 Mgas/s      0+   43 Qed Ancient:#11217531 LI:#13335972    1/25 peers      1 MiB chain    9 MiB queue  RPC:  0 conn,    0 req/s,    0 µs
2021-10-01 21:50:59 UTC Syncing #13335931 0xc45a…dd53     0.20 blk/s   57.4 tx/s    6.0 Mgas/s      0+   42 Qed Ancient:#11217532 LI:#13335972    1/25 peers      1 MiB chain    9 MiB queue  RPC:  0 conn,    0 req/s,    0 µs
2021-10-01 21:51:04 UTC Syncing #13335931 0xc45a…dd53     0.00 blk/s    0.0 tx/s    0.0 Mgas/s      0+   42 Qed Ancient:#11217532 LI:#13335972    1/25 peers      1 MiB chain    9 MiB queue  RPC:  0 conn,    0 req/s,    0 µs
2021-10-01 21:51:20 UTC Syncing #13335934 0x8e0b…bb44     0.30 blk/s   28.3 tx/s    2.4 Mgas/s      0+   39 Qed Ancient:#11217535 LI:#13335972    1/25 peers      1 MiB chain    8 MiB queue  RPC:  0 conn,    0 req/s,    0 µs
2021-10-01 21:51:20 UTC Syncing #13335934 0x8e0b…bb44     0.00 blk/s    0.0 tx/s    0.0 Mgas/s      0+   39 Qed Ancient:#11217535 LI:#13335972    1/25 peers      1 MiB chain    8 MiB queue  RPC:  0 conn,    0 req/s,    0 µs
2021-10-01 21:51:20 UTC Syncing #13335932 0xa503…5052     0.20 blk/s   36.2 tx/s    3.1 Mgas/s      0+   41 Qed Ancient:#11217533 LI:#13335972    1/25 peers      1 MiB chain    9 MiB queue  RPC:  0 conn,    0 req/s,    0 µs
2021-10-01 21:51:28 UTC Syncing #13335934 0x8e0b…bb44     0.40 blk/s   20.4 tx/s    1.7 Mgas/s      0+   39 Qed Ancient:#11217535 LI:#13335972    1/25 peers      1 MiB chain    8 MiB queue  RPC:  0 conn,    0 req/s,    0 µs
2021-10-01 21:51:29 UTC Syncing #13335934 0x8e0b…bb44     0.00 blk/s    0.0 tx/s    0.0 Mgas/s      0+   39 Qed Ancient:#11217535 LI:#13335972    1/25 peers      1 MiB chain    8 MiB queue  RPC:  0 conn,    0 req/s,    0 µs
2021-10-01 21:51:40 UTC Syncing #13335935 0xe399…dbda     0.10 blk/s   19.3 tx/s    1.9 Mgas/s      0+   38 Qed Ancient:#11217537 LI:#13335972    1/25 peers      2 MiB chain    8 MiB queue  RPC:  0 conn,    0 req/s,    0 µs
2021-10-01 21:51:40 UTC Syncing #13335935 0xe399…dbda     0.20 blk/s   38.6 tx/s    3.8 Mgas/s      0+   38 Qed Ancient:#11217537 LI:#13335972    1/25 peers      2 MiB chain    8 MiB queue  RPC:  0 conn,    0 req/s,    0 µs
2021-10-01 21:51:44 UTC Syncing #13335935 0xe399…dbda     0.00 blk/s    0.0 tx/s    0.0 Mgas/s      0+   38 Qed Ancient:#11217537 LI:#13335972    1/25 peers      2 MiB chain    8 MiB queue  RPC:  0 conn,    0 req/s,    0 µs
2021-10-01 21:51:56 UTC Syncing #13335937 0x9bb2…c0b6     0.20 blk/s   32.0 tx/s    3.7 Mgas/s      0+   36 Qed Ancient:#11217539 LI:#13335972    1/25 peers      2 MiB chain    7 MiB queue  RPC:  0 conn,    0 req/s,    0 µs
2021-10-01 21:51:56 UTC Syncing #13335936 0xc973…cec5     0.20 blk/s   56.8 tx/s    6.0 Mgas/s      0+   37 Qed Ancient:#11217538 LI:#13335972    1/25 peers      2 MiB chain    8 MiB queue  RPC:  0 conn,    0 req/s,    0 µs
2021-10-01 21:52:05 UTC Syncing #13335937 0x9bb2…c0b6     0.10 blk/s    3.6 tx/s    0.7 Mgas/s      0+   36 Qed Ancient:#11217539 LI:#13335972    1/25 peers      2 MiB chain    7 MiB queue  RPC:  0 conn,    0 req/s,    0 µs
2021-10-01 21:52:05 UTC Syncing #13335937 0x9bb2…c0b6     0.20 blk/s    7.2 tx/s    1.5 Mgas/s      0+   36 Qed Ancient:#11217539 LI:#13335972    1/25 peers      2 MiB chain    7 MiB queue  RPC:  0 conn,    0 req/s,    0 µs
2021-10-01 21:52:09 UTC Syncing #13335937 0x9bb2…c0b6     0.00 blk/s    0.0 tx/s    0.0 Mgas/s      0+   36 Qed Ancient:#11217539 LI:#13335972    1/25 peers      2 MiB chain    7 MiB queue  RPC:  0 conn,    0 req/s,    0 µs
2021-10-01 21:52:14 UTC Syncing #13335937 0x9bb2…c0b6     0.00 blk/s    0.0 tx/s    0.0 Mgas/s      0+   36 Qed Ancient:#11217539 LI:#13335972    1/25 peers      2 MiB chain    7 MiB queue  RPC:  0 conn,    0 req/s,    0 µs
2021-10-01 21:52:19 UTC Syncing #13335937 0x9bb2…c0b6     0.00 blk/s    0.0 tx/s    0.0 Mgas/s      0+   36 Qed Ancient:#11217539 LI:#13335990    2/25 peers      2 MiB chain    7 MiB queue  RPC:  0 conn,    0 req/s,    0 µs
2021-10-01 21:52:31 UTC Syncing #13335938 0x5b32…17ba     0.10 blk/s   32.3 tx/s    3.0 Mgas/s      0+   53 Qed Ancient:#11217540 LI:#13335990    3/25 peers      2 MiB chain   11 MiB queue  RPC:  0 conn,    0 req/s,    0 µs
2021-10-01 21:52:31 UTC Syncing #13335938 0x5b32…17ba     0.20 blk/s   64.6 tx/s    6.0 Mgas/s      0+   53 Qed Ancient:#11217540 LI:#13335990    3/25 peers      2 MiB chain   11 MiB queue  RPC:  0 conn,    0 req/s,    0 µs
2021-10-01 21:52:34 UTC Syncing #13335939 0x445c…d52d     0.20 blk/s   32.2 tx/s    4.2 Mgas/s      0+   52 Qed Ancient:#11217542 LI:#13335990    4/25 peers      2 MiB chain   11 MiB queue  RPC:  0 conn,    0 req/s,    0 µs
2021-10-01 21:52:44 UTC Syncing #13335939 0x445c…d52d     0.00 blk/s    0.0 tx/s    0.0 Mgas/s      0+   52 Qed Ancient:#11217542 LI:#13335990    5/25 peers      2 MiB chain   11 MiB queue  RPC:  0 conn,    0 req/s,    0 µs
2021-10-01 21:52:44 UTC Syncing #13335939 0x445c…d52d     0.00 blk/s    0.0 tx/s    0.0 Mgas/s      0+   52 Qed Ancient:#11217542 LI:#13335990    5/25 peers      2 MiB chain   11 MiB queue  RPC:  0 conn,    0 req/s,    0 µs
2021-10-01 21:52:50 UTC Syncing #13335939 0x445c…d52d     0.00 blk/s    0.0 tx/s    0.0 Mgas/s      0+   54 Qed Ancient:#11217542 LI:#13335992    6/25 peers      2 MiB chain   12 MiB queue  RPC:  0 conn,    0 req/s,    0 µs
2021-10-01 21:52:58 UTC Syncing #13335940 0xf09a…fd34     0.20 blk/s   44.8 tx/s    4.4 Mgas/s      0+   53 Qed Ancient:#11217543 LI:#13335992    6/25 peers      2 MiB chain   11 MiB queue  RPC:  0 conn,    0 req/s,    0 µs
2021-10-01 21:53:07 UTC Syncing #13335942 0x2a69…e529     0.20 blk/s   24.0 tx/s    3.1 Mgas/s      0+   51 Qed Ancient:#11217545 LI:#13335992    6/25 peers      2 MiB chain   11 MiB queue  RPC:  0 conn,    0 req/s,    0 µs
2021-10-01 21:53:07 UTC Syncing #13335941 0xd268…8bd6     0.20 blk/s   25.6 tx/s    3.2 Mgas/s      0+   53 Qed Ancient:#11217544 LI:#13335992    6/25 peers      2 MiB chain   11 MiB queue  RPC:  0 conn,    0 req/s,    0 µs
2021-10-01 21:53:16 UTC Syncing #13335942 0x2a69…e529     0.20 blk/s   22.4 tx/s    3.1 Mgas/s      0+   51 Qed Ancient:#11217545 LI:#13335992    6/25 peers      2 MiB chain   11 MiB queue  RPC:  0 conn,    0 req/s,    0 µs
2021-10-01 21:53:16 UTC Syncing #13335943 0xefe6…4e27     0.20 blk/s   20.4 tx/s    2.4 Mgas/s      0+   50 Qed Ancient:#11217546 LI:#13335992    6/25 peers      2 MiB chain   11 MiB queue  RPC:  0 conn,    0 req/s,    0 µs