2021-10-01 22:57:58 UTC Syncing #13336275 0x19ff…ea1d     0.40 blk/s   32.8 tx/s    3.2 Mgas/s      0+   11 Qed Ancient:#11233874 LI:#13336287    1/25 peers      1 MiB chain    3 MiB queue  RPC:  0 conn,    0 req/s,    0 µs
2021-10-01 22:57:59 UTC Syncing #13336276 0xcbed…f4f9     0.20 blk/s   34.6 tx/s    3.0 Mgas/s      0+   10 Qed Ancient:#11233875 LI:#13336287    0/25 peers      1 MiB chain    2 MiB queue  RPC:  0 conn,    0 req/s,    0 µs
2021-10-01 22:58:04 UTC Syncing #13336279 0x6b5a…9365     0.60 blk/s   69.4 tx/s    6.5 Mgas/s      0+    7 Qed Ancient:#11233878 LI:#13336287    0/25 peers      2 MiB chain    2 MiB queue  RPC:  0 conn,    0 req/s,    0 µs
2021-10-01 22:58:09 UTC Syncing #13336280 0x45e8…c5ca     0.20 blk/s   21.8 tx/s    1.9 Mgas/s      0+    6 Qed Ancient:#11233879 LI:#13336287    0/25 peers      2 MiB chain    1 MiB queue  RPC:  0 conn,    0 req/s,    0 µs
2021-10-01 22:58:41 UTC  Ancient:#11233885 AB:#11236835    0/25 peers      2 MiB chain  511 KiB queue  RPC:  0 conn,    0 req/s,    0 µs
2021-10-01 22:58:52 UTC Imported #13336287 0xc5a6…6b39 (342 txs, 29.98 Mgas, 10403 ms, 161.83 KiB)
2021-10-01 22:59:30 UTC  Ancient:#11235475 AB:#11236835    1/25 peers     10 KiB chain  0 bytes queue  RPC:  0 conn,    0 req/s,    0 µs
2021-10-01 22:59:30 UTC  Ancient:#11235475 AB:#11236835    1/25 peers     10 KiB chain  0 bytes queue  RPC:  0 conn,    0 req/s,    0 µs
2021-10-01 22:59:30 UTC  Ancient:#11235475 AB:#11236835    1/25 peers     10 KiB chain  0 bytes queue  RPC:  0 conn,    0 req/s,    0 µs
2021-10-01 22:59:44 UTC Syncing #13336287 0xc5a6…6b39     0.00 blk/s    0.0 tx/s    0.0 Mgas/s      0+    0 Qed Ancient:#11236078 LI:#13336287    1/25 peers      4 MiB chain  0 bytes queue  RPC:  0 conn,    0 req/s,    0 µs
2021-10-01 22:59:52 UTC Syncing #13336288 0xe4c8…ed13     0.20 blk/s    3.4 tx/s    0.3 Mgas/s      0+   14 Qed Ancient:#11236081 LI:#13336303    1/25 peers      5 MiB chain    4 MiB queue  RPC:  0 conn,    0 req/s,    0 µs
2021-10-01 22:59:54 UTC Syncing #13336288 0xe4c8…ed13     0.00 blk/s    0.0 tx/s    0.0 Mgas/s      0+   14 Qed Ancient:#11236081 LI:#13336303    1/25 peers      5 MiB chain    4 MiB queue  RPC:  0 conn,    0 req/s,    0 µs
2021-10-01 22:59:59 UTC Syncing #13336289 0x1f79…b66f     0.20 blk/s   36.8 tx/s    4.0 Mgas/s      0+   14 Qed Ancient:#11236081 LI:#13336303    1/25 peers      5 MiB chain    4 MiB queue  RPC:  0 conn,    0 req/s,    0 µs
2021-10-01 23:00:05 UTC Syncing #13336289 0x1f79…b66f     0.00 blk/s    0.0 tx/s    0.0 Mgas/s      0+   13 Qed Ancient:#11236082 LI:#13336303    4/25 peers      5 MiB chain    3 MiB queue  RPC:  0 conn,    0 req/s,    0 µs
2021-10-01 23:00:10 UTC Syncing #13336289 0x1f79…b66f     0.00 blk/s    0.0 tx/s    0.0 Mgas/s      0+   15 Qed Ancient:#11236082 LI:#13336305    3/25 peers      5 MiB chain    4 MiB queue  RPC:  0 conn,    0 req/s,    0 µs
2021-10-01 23:00:14 UTC Syncing #13336289 0x1f79…b66f     0.00 blk/s    0.0 tx/s    0.0 Mgas/s      0+   16 Qed Ancient:#11236082 LI:#13336306    5/25 peers      5 MiB chain    4 MiB queue  RPC:  0 conn,    0 req/s,    0 µs
2021-10-01 23:00:22 UTC Syncing #13336289 0x1f79…b66f     0.00 blk/s    0.0 tx/s    0.0 Mgas/s      0+   16 Qed Ancient:#11236082 LI:#13336306    7/25 peers      5 MiB chain    4 MiB queue  RPC:  0 conn,    0 req/s,    0 µs
2021-10-01 23:00:30 UTC Syncing #13336290 0x3e92…0c36     0.10 blk/s   44.8 tx/s    3.0 Mgas/s      0+   15 Qed Ancient:#11236083 LI:#13336306    7/25 peers      5 MiB chain    4 MiB queue  RPC:  0 conn,    0 req/s,    0 µs
2021-10-01 23:00:30 UTC Syncing #13336290 0x3e92…0c36     0.20 blk/s   89.6 tx/s    6.0 Mgas/s      0+   15 Qed Ancient:#11236083 LI:#13336306    7/25 peers      5 MiB chain    4 MiB queue  RPC:  0 conn,    0 req/s,    0 µs
2021-10-01 23:00:38 UTC Syncing #13336291 0x6a37…2c2a     0.20 blk/s   20.4 tx/s    2.2 Mgas/s      0+   16 Qed Ancient:#11236084 LI:#13336308    7/25 peers      5 MiB chain    4 MiB queue  RPC:  0 conn,    0 req/s,    0 µs
2021-10-01 23:00:39 UTC Syncing #13336291 0x6a37…2c2a     0.00 blk/s    0.0 tx/s    0.0 Mgas/s      0+   16 Qed Ancient:#11236084 LI:#13336308    7/25 peers      5 MiB chain    4 MiB queue  RPC:  0 conn,    0 req/s,    0 µs
2021-10-01 23:00:46 UTC Syncing #13336291 0x6a37…2c2a     0.00 blk/s    0.0 tx/s    0.0 Mgas/s      0+   17 Qed Ancient:#11236084 LI:#13336309    6/25 peers      5 MiB chain    4 MiB queue  RPC:  0 conn,    0 req/s,    0 µs
2021-10-01 23:00:50 UTC Syncing #13336291 0x6a37…2c2a     0.00 blk/s    0.0 tx/s    0.0 Mgas/s      0+   18 Qed Ancient:#11236084 LI:#13336310    6/25 peers      5 MiB chain    4 MiB queue  RPC:  0 conn,    0 req/s,    0 µs
2021-10-01 23:00:54 UTC Syncing #13336291 0x6a37…2c2a     0.00 blk/s    0.0 tx/s    0.0 Mgas/s      0+   18 Qed Ancient:#11236084 LI:#13336310    6/25 peers      5 MiB chain    4 MiB queue  RPC:  0 conn,    0 req/s,    0 µs
2021-10-01 23:00:59 UTC Syncing #13336291 0x6a37…2c2a     0.00 blk/s    0.0 tx/s    0.0 Mgas/s      0+   18 Qed Ancient:#11236084 LI:#13336310    8/25 peers      5 MiB chain    4 MiB queue  RPC:  0 conn,    0 req/s,    0 µs
2021-10-01 23:01:05 UTC Syncing #13336291 0x6a37…2c2a     0.00 blk/s    0.0 tx/s    0.0 Mgas/s      0+   18 Qed Ancient:#11236084 LI:#13336310    9/25 peers      5 MiB chain    4 MiB queue  RPC:  0 conn,    0 req/s,    0 µs
2021-10-01 23:01:14 UTC Syncing #13336292 0x54f6…11db     0.20 blk/s   73.2 tx/s    5.9 Mgas/s      0+   17 Qed Ancient:#11236085 LI:#13336310    9/25 peers      8 MiB chain    4 MiB queue  RPC:  0 conn,    0 req/s,    0 µs
2021-10-01 23:01:14 UTC Syncing #13336293 0x811f…b325     0.20 blk/s   40.1 tx/s    3.4 Mgas/s      0+   16 Qed Ancient:#11236086 LI:#13336310    9/25 peers      8 MiB chain    3 MiB queue  RPC:  0 conn,    0 req/s,    0 µs
2021-10-01 23:01:21 UTC Syncing #13336293 0x811f…b325     0.00 blk/s    0.0 tx/s    0.0 Mgas/s      0+   16 Qed Ancient:#11236086 LI:#13336310    9/25 peers      8 MiB chain    3 MiB queue  RPC:  0 conn,    0 req/s,    0 µs
2021-10-01 23:01:24 UTC Syncing #13336293 0x811f…b325     0.00 blk/s    0.0 tx/s    0.0 Mgas/s      0+   18 Qed Ancient:#11236086 LI:#13336312    9/25 peers      8 MiB chain    4 MiB queue  RPC:  0 conn,    0 req/s,    0 µs
2021-10-01 23:01:29 UTC Syncing #13336293 0x811f…b325     0.00 blk/s    0.0 tx/s    0.0 Mgas/s      0+   18 Qed Ancient:#11236086 LI:#13336312    8/25 peers      8 MiB chain    4 MiB queue  RPC:  0 conn,    0 req/s,    0 µs
2021-10-01 23:01:37 UTC Syncing #13336294 0xac30…8ea2     0.20 blk/s   60.8 tx/s    6.0 Mgas/s      0+   17 Qed Ancient:#11236087 LI:#13336312    8/25 peers      7 MiB chain    4 MiB queue  RPC:  0 conn,    0 req/s,    0 µs
2021-10-01 23:01:44 UTC Syncing #13336296 0xc4eb…0665     0.20 blk/s   14.8 tx/s    1.7 Mgas/s      0+   16 Qed Ancient:#11236088 LI:#13336312    8/25 peers      3 MiB chain    4 MiB queue  RPC:  0 conn,    0 req/s,    0 µs
2021-10-01 23:01:44 UTC Syncing #13336295 0x0f32…474b     0.20 blk/s   12.2 tx/s    1.5 Mgas/s      0+   16 Qed Ancient:#11236088 LI:#13336312    8/25 peers      3 MiB chain    4 MiB queue  RPC:  0 conn,    0 req/s,    0 µs
2021-10-01 23:01:53 UTC Syncing #13336296 0xc4eb…0665     0.20 blk/s   17.4 tx/s    1.9 Mgas/s      0+   16 Qed Ancient:#11236089 LI:#13336313    8/25 peers      3 MiB chain    4 MiB queue  RPC:  0 conn,    0 req/s,    0 µs
2021-10-01 23:01:54 UTC Syncing #13336296 0xc4eb…0665     0.00 blk/s    0.0 tx/s    0.0 Mgas/s      0+   16 Qed Ancient:#11236089 LI:#13336313    8/25 peers      3 MiB chain    4 MiB queue  RPC:  0 conn,    0 req/s,    0 µs
2021-10-01 23:02:00 UTC Syncing #13336297 0x5783…10a7     0.20 blk/s   32.2 tx/s    3.2 Mgas/s      0+   15 Qed Ancient:#11236090 LI:#13336313    8/25 peers      3 MiB chain    4 MiB queue  RPC:  0 conn,    0 req/s,    0 µs
2021-10-01 23:02:05 UTC Syncing #13336297 0x5783…10a7     0.00 blk/s    0.0 tx/s    0.0 Mgas/s      0+   15 Qed Ancient:#11236090 LI:#13336313    8/25 peers      3 MiB chain    4 MiB queue  RPC:  0 conn,    0 req/s,    0 µs
2021-10-01 23:02:10 UTC Syncing #13336298 0x5839…6b01     0.20 blk/s   20.8 tx/s    1.5 Mgas/s      0+   16 Qed Ancient:#11236091 LI:#13336314    6/25 peers      3 MiB chain    4 MiB queue  RPC:  0 conn,    0 req/s,    0 µs
2021-10-01 23:02:14 UTC Syncing #13336298 0x5839…6b01     0.00 blk/s    0.0 tx/s    0.0 Mgas/s      0+   16 Qed Ancient:#11236091 LI:#13336314    5/25 peers      3 MiB chain    4 MiB queue  RPC:  0 conn,    0 req/s,    0 µs
2021-10-01 23:02:21 UTC Syncing #13336298 0x5839…6b01     0.00 blk/s    0.0 tx/s    0.0 Mgas/s      0+   16 Qed Ancient:#11236091 LI:#13336314    5/25 peers      3 MiB chain    4 MiB queue  RPC:  0 conn,    0 req/s,    0 µs
2021-10-01 23:02:28 UTC Syncing #13336298 0x5839…6b01     0.00 blk/s    0.0 tx/s    0.0 Mgas/s      0+   16 Qed Ancient:#11236091 LI:#13336314    5/25 peers      3 MiB chain    4 MiB queue  RPC:  0 conn,    0 req/s,    0 µs
2021-10-01 23:02:29 UTC Syncing #13336298 0x5839…6b01     0.00 blk/s    0.0 tx/s    0.0 Mgas/s      0+   17 Qed Ancient:#11236091 LI:#13336315    4/25 peers      3 MiB chain    5 MiB queue  RPC:  0 conn,    0 req/s,    0 µs
2021-10-01 23:02:37 UTC Syncing #13336299 0x609a…7b34     0.20 blk/s   43.0 tx/s    4.4 Mgas/s      0+   16 Qed Ancient:#11236092 LI:#13336315    4/25 peers      3 MiB chain    4 MiB queue  RPC:  0 conn,    0 req/s,    0 µs
2021-10-01 23:02:39 UTC Syncing #13336299 0x609a…7b34     0.00 blk/s    0.0 tx/s    0.0 Mgas/s      0+   16 Qed Ancient:#11236092 LI:#13336315    4/25 peers      3 MiB chain    4 MiB queue  RPC:  0 conn,    0 req/s,    0 µs
2021-10-01 23:02:44 UTC Syncing #13336299 0x609a…7b34     0.00 blk/s    0.0 tx/s    0.0 Mgas/s      0+   16 Qed Ancient:#11236092 LI:#13336315    4/25 peers      3 MiB chain    4 MiB queue  RPC:  0 conn,    0 req/s,    0 µs
2021-10-01 23:02:52 UTC Syncing #13336300 0xcdb4…665c     0.20 blk/s   71.8 tx/s    6.0 Mgas/s      0+   15 Qed Ancient:#11236093 LI:#13336315    4/25 peers      4 MiB chain    4 MiB queue  RPC:  0 conn,    0 req/s,    0 µs
2021-10-01 23:02:56 UTC Syncing #13336302 0x7447…86dc     0.40 blk/s   26.4 tx/s    3.6 Mgas/s      0+   13 Qed Ancient:#11236095 LI:#13336315    4/25 peers      4 MiB chain    4 MiB queue  RPC:  0 conn,    0 req/s,    0 µs
2021-10-01 23:03:01 UTC Syncing #13336303 0x2273…b7d4     0.20 blk/s   29.4 tx/s    2.7 Mgas/s      0+   12 Qed Ancient:#11236096 LI:#13336316    4/25 peers      4 MiB chain    4 MiB queue  RPC:  0 conn,    0 req/s,    0 µs
2021-10-01 23:03:06 UTC Syncing #13336305 0x15d0…9848     0.40 blk/s   63.4 tx/s    6.1 Mgas/s      0+   11 Qed Ancient:#11236098 LI:#13336316    4/25 peers      4 MiB chain    4 MiB queue  RPC:  0 conn,    0 req/s,    0 µs
2021-10-01 23:03:10 UTC Syncing #13336306 0x2ed5…762e     0.20 blk/s   22.8 tx/s    1.3 Mgas/s      0+   10 Qed Ancient:#11236099 LI:#13336316    4/25 peers      4 MiB chain    3 MiB queue  RPC:  0 conn,    0 req/s,    0 µs
2021-10-01 23:03:14 UTC Syncing #13336306 0x2ed5…762e     0.00 blk/s    0.0 tx/s    0.0 Mgas/s      0+   10 Qed Ancient:#11236099 LI:#13336316    3/25 peers      4 MiB chain    3 MiB queue  RPC:  0 conn,    0 req/s,    0 µs
2021-10-01 23:03:21 UTC Syncing #13336307 0xa033…13d3     0.20 blk/s   64.4 tx/s    6.0 Mgas/s      0+    9 Qed Ancient:#11236100 LI:#13336316    7/25 peers      4 MiB chain    3 MiB queue  RPC:  0 conn,    0 req/s,    0 µs
2021-10-01 23:03:26 UTC Syncing #13336308 0xb786…606e     0.20 blk/s   23.8 tx/s    2.2 Mgas/s      0+    8 Qed Ancient:#11236101 LI:#13336316    6/25 peers      4 MiB chain    3 MiB queue  RPC:  0 conn,    0 req/s,    0 µs
2021-10-01 23:03:31 UTC Syncing #13336310 0x3be3…64e3     0.40 blk/s   58.8 tx/s    5.0 Mgas/s      0+    6 Qed Ancient:#11236103 LI:#13336316    6/25 peers      4 MiB chain    2 MiB queue  RPC:  0 conn,    0 req/s,    0 µs
2021-10-01 23:03:37 UTC Syncing #13336311 0x4ee7…5dfb     0.20 blk/s   63.0 tx/s    6.0 Mgas/s      0+    5 Qed Ancient:#11236104 LI:#13336316    6/25 peers      5 MiB chain    2 MiB queue  RPC:  0 conn,    0 req/s,    0 µs
2021-10-01 23:04:07 UTC  Ancient:#11236110 AB:#11239473    6/25 peers      5 MiB chain  0 bytes queue  RPC:  0 conn,    0 req/s,    0 µs
2021-10-01 23:04:31 UTC Imported #13336318 0x085d…09d6 (171 txs, 15.00 Mgas, 3350 ms, 80.31 KiB)
2021-10-01 23:04:34 UTC  Ancient:#11238211 AB:#11239473    6/25 peers      2 MiB chain  0 bytes queue  RPC:  0 conn,    0 req/s,    0 µs