2021-10-01 22:53:55 UTC Syncing #13336240 0x3332…0d7f     0.20 blk/s   19.8 tx/s    1.5 Mgas/s      0+   25 Qed Ancient:#11233498 LI:#13336264   15/25 peers      4 MiB chain    6 MiB queue  RPC:  0 conn,    0 req/s,    0 µs
2021-10-01 22:54:02 UTC Syncing #13336241 0x067b…b8c5     0.10 blk/s   11.6 tx/s    1.0 Mgas/s      0+   24 Qed Ancient:#11233499 LI:#13336264    9/25 peers      4 MiB chain    5 MiB queue  RPC:  0 conn,    0 req/s,    0 µs
2021-10-01 22:54:11 UTC Syncing #13336243 0xe127…7be8     0.20 blk/s   33.6 tx/s    2.8 Mgas/s      0+   22 Qed Ancient:#11233502 LI:#13336264    9/25 peers      4 MiB chain    5 MiB queue  RPC:  0 conn,    0 req/s,    0 µs
2021-10-01 22:54:11 UTC Syncing #13336242 0x62a2…c1b1     0.20 blk/s   57.8 tx/s    5.0 Mgas/s      0+   23 Qed Ancient:#11233500 LI:#13336264    9/25 peers      4 MiB chain    5 MiB queue  RPC:  0 conn,    0 req/s,    0 µs
2021-10-01 22:54:17 UTC Syncing #13336243 0xe127…7be8     0.20 blk/s    9.4 tx/s    0.7 Mgas/s      0+   22 Qed Ancient:#11233502 LI:#13336264    9/25 peers      4 MiB chain    5 MiB queue  RPC:  0 conn,    0 req/s,    0 µs
2021-10-01 22:54:19 UTC Syncing #13336243 0xe127…7be8     0.00 blk/s    0.0 tx/s    0.0 Mgas/s      0+   22 Qed Ancient:#11233502 LI:#13336264    9/25 peers      4 MiB chain    5 MiB queue  RPC:  0 conn,    0 req/s,    0 µs
2021-10-01 22:54:34 UTC Syncing #13336245 0x6311…a6ba     0.40 blk/s   52.0 tx/s    4.4 Mgas/s      0+   20 Qed Ancient:#11233504 LI:#13336264    9/25 peers      4 MiB chain    4 MiB queue  RPC:  0 conn,    0 req/s,    0 µs
2021-10-01 22:54:34 UTC Syncing #13336246 0xfc6e…37ac     0.30 blk/s   42.8 tx/s    3.9 Mgas/s      0+   19 Qed Ancient:#11233505 LI:#13336264    9/25 peers      4 MiB chain    4 MiB queue  RPC:  0 conn,    0 req/s,    0 µs
2021-10-01 22:54:34 UTC Syncing #13336246 0xfc6e…37ac     0.20 blk/s   28.5 tx/s    2.6 Mgas/s      0+   19 Qed Ancient:#11233505 LI:#13336264    9/25 peers      4 MiB chain    4 MiB queue  RPC:  0 conn,    0 req/s,    0 µs
2021-10-01 22:54:39 UTC Syncing #13336247 0x6987…be0e     0.20 blk/s   12.2 tx/s    1.1 Mgas/s      0+   18 Qed Ancient:#11233506 LI:#13336264    9/25 peers      4 MiB chain    4 MiB queue  RPC:  0 conn,    0 req/s,    0 µs
2021-10-01 22:54:47 UTC Syncing #13336247 0x6987…be0e     0.00 blk/s    0.0 tx/s    0.0 Mgas/s      0+   18 Qed Ancient:#11233506 LI:#13336264    8/25 peers      4 MiB chain    4 MiB queue  RPC:  0 conn,    0 req/s,    0 µs
2021-10-01 22:54:49 UTC Syncing #13336247 0x6987…be0e     0.00 blk/s    0.0 tx/s    0.0 Mgas/s      0+   18 Qed Ancient:#11233506 LI:#13336264    7/25 peers      4 MiB chain    4 MiB queue  RPC:  0 conn,    0 req/s,    0 µs
2021-10-01 22:55:02 UTC Syncing #13336250 0xb8a7…3602     0.30 blk/s   35.1 tx/s    3.5 Mgas/s      0+   15 Qed Ancient:#11233510 LI:#13336264    7/25 peers      4 MiB chain    3 MiB queue  RPC:  0 conn,    0 req/s,    0 µs
2021-10-01 22:55:02 UTC Syncing #13336248 0x8a52…9047     0.20 blk/s   50.8 tx/s    5.4 Mgas/s      0+   17 Qed Ancient:#11233508 LI:#13336264    7/25 peers      4 MiB chain    4 MiB queue  RPC:  0 conn,    0 req/s,    0 µs
2021-10-01 22:55:14 UTC Syncing #13336250 0xb8a7…3602     0.20 blk/s    9.7 tx/s    0.8 Mgas/s      0+   15 Qed Ancient:#11233510 LI:#13336264    7/25 peers      4 MiB chain    3 MiB queue  RPC:  0 conn,    0 req/s,    0 µs
2021-10-01 22:55:14 UTC Syncing #13336250 0xb8a7…3602     0.00 blk/s    0.0 tx/s    0.0 Mgas/s      0+   15 Qed Ancient:#11233510 LI:#13336264    7/25 peers      4 MiB chain    3 MiB queue  RPC:  0 conn,    0 req/s,    0 µs
2021-10-01 22:55:14 UTC Syncing #13336250 0xb8a7…3602     0.40 blk/s   19.4 tx/s    1.7 Mgas/s      0+   15 Qed Ancient:#11233510 LI:#13336264    7/25 peers      4 MiB chain    3 MiB queue  RPC:  0 conn,    0 req/s,    0 µs
2021-10-01 22:55:25 UTC Syncing #13336251 0xa19d…f274     0.20 blk/s   68.4 tx/s    6.0 Mgas/s      0+   14 Qed Ancient:#11233511 LI:#13336264    4/25 peers      4 MiB chain    3 MiB queue  RPC:  0 conn,    0 req/s,    0 µs
2021-10-01 22:55:25 UTC Syncing #13336251 0xa19d…f274     0.10 blk/s   34.2 tx/s    3.0 Mgas/s      0+   14 Qed Ancient:#11233511 LI:#13336264    4/25 peers      4 MiB chain    3 MiB queue  RPC:  0 conn,    0 req/s,    0 µs
2021-10-01 22:55:34 UTC Syncing #13336254 0x6912…fdb0     0.30 blk/s   20.4 tx/s    2.0 Mgas/s      0+   11 Qed Ancient:#11233514 LI:#13336264    4/25 peers      4 MiB chain    3 MiB queue  RPC:  0 conn,    0 req/s,    0 µs
2021-10-01 22:55:34 UTC Syncing #13336253 0x1f3e…15a7     0.40 blk/s   35.4 tx/s    3.5 Mgas/s      0+   12 Qed Ancient:#11233513 LI:#13336264    4/25 peers      4 MiB chain    3 MiB queue  RPC:  0 conn,    0 req/s,    0 µs
2021-10-01 22:55:42 UTC Syncing #13336254 0x6912…fdb0     0.20 blk/s    5.4 tx/s    0.5 Mgas/s      0+   11 Qed Ancient:#11233514 LI:#13336264    4/25 peers      4 MiB chain    3 MiB queue  RPC:  0 conn,    0 req/s,    0 µs
2021-10-01 22:55:42 UTC Could not revert to previous block, last: 13336264 (0x2632…2f71)
2021-10-01 22:55:44 UTC Syncing #13336254 0x6912…fdb0     0.00 blk/s    0.0 tx/s    0.0 Mgas/s      0+   11 Qed Ancient:#11233514 LI:#13336254    4/25 peers      4 MiB chain    3 MiB queue  RPC:  0 conn,    0 req/s,    0 µs
2021-10-01 22:55:49 UTC Syncing #13336254 0x6912…fdb0     0.00 blk/s    0.0 tx/s    0.0 Mgas/s      0+   11 Qed Ancient:#11233514 LI:#13336254    4/25 peers      4 MiB chain    3 MiB queue  RPC:  0 conn,    0 req/s,    0 µs
2021-10-01 22:55:54 UTC Syncing #13336254 0x6912…fdb0     0.00 blk/s    0.0 tx/s    0.0 Mgas/s      0+   27 Qed Ancient:#11233514 LI:#13336280    2/25 peers      4 MiB chain    6 MiB queue  RPC:  0 conn,    0 req/s,    0 µs
2021-10-01 22:55:59 UTC Syncing #13336254 0x6912…fdb0     0.00 blk/s    0.0 tx/s    0.0 Mgas/s      0+   27 Qed Ancient:#11233514 LI:#13336280    2/25 peers      4 MiB chain    6 MiB queue  RPC:  0 conn,    0 req/s,    0 µs
2021-10-01 22:56:04 UTC Syncing #13336255 0x8e4e…5e8e     0.20 blk/s   54.2 tx/s    5.6 Mgas/s      0+   26 Qed Ancient:#11233515 LI:#13336280    2/25 peers      4 MiB chain    6 MiB queue  RPC:  0 conn,    0 req/s,    0 µs
2021-10-01 22:56:09 UTC Syncing #13336255 0x8e4e…5e8e     0.00 blk/s    0.0 tx/s    0.0 Mgas/s      0+   26 Qed Ancient:#11233515 LI:#13336280    2/25 peers      4 MiB chain    6 MiB queue  RPC:  0 conn,    0 req/s,    0 µs
2021-10-01 22:56:14 UTC Syncing #13336255 0x8e4e…5e8e     0.00 blk/s    0.0 tx/s    0.0 Mgas/s      0+   32 Qed Ancient:#11233515 LI:#13336286    5/25 peers      4 MiB chain    8 MiB queue  RPC:  0 conn,    0 req/s,    0 µs
2021-10-01 22:56:25 UTC Syncing #13336256 0x2b45…0e04     0.10 blk/s   17.0 tx/s    1.6 Mgas/s      0+   31 Qed Ancient:#11233516 LI:#13336286    6/25 peers      4 MiB chain    7 MiB queue  RPC:  0 conn,    0 req/s,    0 µs
2021-10-01 22:56:25 UTC Syncing #13336256 0x2b45…0e04     0.20 blk/s   34.0 tx/s    3.1 Mgas/s      0+   31 Qed Ancient:#11233516 LI:#13336286    6/25 peers      4 MiB chain    7 MiB queue  RPC:  0 conn,    0 req/s,    0 µs
2021-10-01 22:56:29 UTC Syncing #13336256 0x2b45…0e04     0.00 blk/s    0.0 tx/s    0.0 Mgas/s      0+   31 Qed Ancient:#11233516 LI:#13336286    6/25 peers      4 MiB chain    7 MiB queue  RPC:  0 conn,    0 req/s,    0 µs
2021-10-01 22:56:36 UTC Syncing #13336259 0x0b45…855f     0.60 blk/s   50.0 tx/s    4.8 Mgas/s      0+   29 Qed Ancient:#11233519 LI:#13336287    6/25 peers      4 MiB chain    7 MiB queue  RPC:  0 conn,    0 req/s,    0 µs
2021-10-01 22:56:42 UTC Syncing #13336259 0x0b45…855f     0.00 blk/s    0.0 tx/s    0.0 Mgas/s      0+   29 Qed Ancient:#11233519 LI:#13336287    6/25 peers      4 MiB chain    7 MiB queue  RPC:  0 conn,    0 req/s,    0 µs
2021-10-01 22:56:48 UTC Syncing #13336261 0x4651…cf49     0.40 blk/s   96.6 tx/s    8.8 Mgas/s      0+   28 Qed Ancient:#11233521 LI:#13336287    5/25 peers      4 MiB chain    7 MiB queue  RPC:  0 conn,    0 req/s,    0 µs
2021-10-01 22:56:53 UTC Syncing #13336261 0x4651…cf49     0.32 blk/s   67.1 tx/s    6.8 Mgas/s      0+   26 Qed Ancient:#11233522 LI:#13336287    5/25 peers      4 MiB chain    6 MiB queue  RPC:  0 conn,    0 req/s,    0 µs
2021-10-01 22:57:01 UTC Syncing #13336261 0x4651…cf49     0.00 blk/s    0.0 tx/s    0.0 Mgas/s      0+   25 Qed Ancient:#11233860 LI:#13336287    3/25 peers    0 bytes chain    6 MiB queue  RPC:  0 conn,    0 req/s,    0 µs
2021-10-01 22:57:01 UTC Syncing #13336262 0xa344…b758     0.16 blk/s   36.7 tx/s    3.3 Mgas/s      0+   24 Qed Ancient:#11233861 LI:#13336287    3/25 peers    144 KiB chain    6 MiB queue  RPC:  0 conn,    0 req/s,    0 µs
2021-10-01 22:57:08 UTC Syncing #13336262 0xa344…b758     0.00 blk/s    0.0 tx/s    0.0 Mgas/s      0+   24 Qed Ancient:#11233861 LI:#13336287    3/25 peers    144 KiB chain    6 MiB queue  RPC:  0 conn,    0 req/s,    0 µs
2021-10-01 22:57:14 UTC Syncing #13336264 0x2632…2f71     0.40 blk/s   50.0 tx/s    4.9 Mgas/s      0+   22 Qed Ancient:#11233863 LI:#13336287    2/25 peers    215 KiB chain    5 MiB queue  RPC:  0 conn,    0 req/s,    0 µs
2021-10-01 22:57:14 UTC Syncing #13336264 0x2632…2f71     0.00 blk/s    0.0 tx/s    0.0 Mgas/s      0+   22 Qed Ancient:#11233863 LI:#13336287    2/25 peers    215 KiB chain    5 MiB queue  RPC:  0 conn,    0 req/s,    0 µs
2021-10-01 22:57:23 UTC Syncing #13336266 0x9bcc…36ab     0.40 blk/s   81.4 tx/s    7.6 Mgas/s      0+   20 Qed Ancient:#11233865 LI:#13336287    2/25 peers    355 KiB chain    5 MiB queue  RPC:  0 conn,    0 req/s,    0 µs
2021-10-01 22:57:29 UTC Syncing #13336266 0x9bcc…36ab     0.00 blk/s    0.0 tx/s    0.0 Mgas/s      0+   20 Qed Ancient:#11233865 LI:#13336287    2/25 peers    355 KiB chain    5 MiB queue  RPC:  0 conn,    0 req/s,    0 µs
2021-10-01 22:57:35 UTC Syncing #13336269 0x6351…a3ac     0.30 blk/s   35.6 tx/s    3.9 Mgas/s      0+   17 Qed Ancient:#11233868 LI:#13336287    2/25 peers    356 KiB chain    4 MiB queue  RPC:  0 conn,    0 req/s,    0 µs
2021-10-01 22:57:35 UTC Syncing #13336269 0x6351…a3ac     0.60 blk/s   71.2 tx/s    7.8 Mgas/s      0+   17 Qed Ancient:#11233868 LI:#13336287    2/25 peers    356 KiB chain    4 MiB queue  RPC:  0 conn,    0 req/s,    0 µs
2021-10-01 22:57:51 UTC Syncing #13336270 0x320e…338f     0.20 blk/s   77.4 tx/s    6.0 Mgas/s      0+   16 Qed Ancient:#11233869 LI:#13336287    1/25 peers    841 KiB chain    4 MiB queue  RPC:  0 conn,    0 req/s,    0 µs
2021-10-01 22:57:51 UTC Syncing #13336273 0xfaef…6133     0.40 blk/s   88.8 tx/s    8.6 Mgas/s      0+   13 Qed Ancient:#11233872 LI:#13336287    1/25 peers      1 MiB chain    3 MiB queue  RPC:  0 conn,    0 req/s,    0 µs
2021-10-01 22:57:51 UTC Syncing #13336273 0xfaef…6133     0.27 blk/s   59.2 tx/s    5.8 Mgas/s      0+   13 Qed Ancient:#11233872 LI:#13336287    1/25 peers      1 MiB chain    3 MiB queue  RPC:  0 conn,    0 req/s,    0 µs
2021-10-01 22:57:58 UTC Syncing #13336275 0x19ff…ea1d     0.40 blk/s   32.8 tx/s    3.2 Mgas/s      0+   11 Qed Ancient:#11233874 LI:#13336287    1/25 peers      1 MiB chain    3 MiB queue  RPC:  0 conn,    0 req/s,    0 µs
2021-10-01 22:57:59 UTC Syncing #13336276 0xcbed…f4f9     0.20 blk/s   34.6 tx/s    3.0 Mgas/s      0+   10 Qed Ancient:#11233875 LI:#13336287    0/25 peers      1 MiB chain    2 MiB queue  RPC:  0 conn,    0 req/s,    0 µs
2021-10-01 22:58:04 UTC Syncing #13336279 0x6b5a…9365     0.60 blk/s   69.4 tx/s    6.5 Mgas/s      0+    7 Qed Ancient:#11233878 LI:#13336287    0/25 peers      2 MiB chain    2 MiB queue  RPC:  0 conn,    0 req/s,    0 µs
2021-10-01 22:58:09 UTC Syncing #13336280 0x45e8…c5ca     0.20 blk/s   21.8 tx/s    1.9 Mgas/s      0+    6 Qed Ancient:#11233879 LI:#13336287    0/25 peers      2 MiB chain    1 MiB queue  RPC:  0 conn,    0 req/s,    0 µs
2021-10-01 22:58:41 UTC  Ancient:#11233885 AB:#11236835    0/25 peers      2 MiB chain  511 KiB queue  RPC:  0 conn,    0 req/s,    0 µs
2021-10-01 22:58:52 UTC Imported #13336287 0xc5a6…6b39 (342 txs, 29.98 Mgas, 10403 ms, 161.83 KiB)
2021-10-01 22:59:30 UTC  Ancient:#11235475 AB:#11236835    1/25 peers     10 KiB chain  0 bytes queue  RPC:  0 conn,    0 req/s,    0 µs
2021-10-01 22:59:30 UTC  Ancient:#11235475 AB:#11236835    1/25 peers     10 KiB chain  0 bytes queue  RPC:  0 conn,    0 req/s,    0 µs
2021-10-01 22:59:30 UTC  Ancient:#11235475 AB:#11236835    1/25 peers     10 KiB chain  0 bytes queue  RPC:  0 conn,    0 req/s,    0 µs