INFO [05-09|13:03:41.097] Imported new state entries               count=384  elapsed="3µs"       processed=572691887 pending=117216 trieretry=0   coderetry=0 duplicate=6212 unexpected=270672
INFO [05-09|13:03:44.707] Imported new block headers               count=1    elapsed=5.419ms     number=12400306 hash="4ee7b5…ba50f8"
INFO [05-09|13:03:49.049] Imported new state entries               count=384  elapsed="2.7µs"     processed=572692271 pending=117615 trieretry=0   coderetry=0 duplicate=6212 unexpected=270672
INFO [05-09|13:03:50.757] Imported new block headers               count=1    elapsed=6.223ms     number=12400307 hash="59e5e5…0390c8"
INFO [05-09|13:03:57.368] Imported new state entries               count=384  elapsed="2.7µs"     processed=572692655 pending=118003 trieretry=0   coderetry=0 duplicate=6212 unexpected=270672
INFO [05-09|13:04:02.831] Imported new block headers               count=1    elapsed=6.775ms     number=12400308 hash="606487…0a95e6"
INFO [05-09|13:04:02.891] Imported new state entries               count=260  elapsed="1.7µs"     processed=572692915 pending=118264 trieretry=0   coderetry=0 duplicate=6212 unexpected=270672
INFO [05-09|13:04:07.748] Imported new state entries               count=384  elapsed="2.5µs"     processed=572693299 pending=121382 trieretry=4   coderetry=0 duplicate=6212 unexpected=270672
INFO [05-09|13:04:13.533] Imported new state entries               count=384  elapsed="2.3µs"     processed=572693683 pending=121772 trieretry=0   coderetry=0 duplicate=6212 unexpected=270672
INFO [05-09|13:04:17.929] Imported new block headers               count=1    elapsed=11.257ms    number=12400309 hash="81a79c…8aba69"
INFO [05-09|13:04:21.819] Imported new state entries               count=384  elapsed="2.5µs"     processed=572694067 pending=122160 trieretry=0   coderetry=0 duplicate=6212 unexpected=270672
INFO [05-09|13:04:26.976] Imported new state entries               count=384  elapsed="2.8µs"     processed=572694451 pending=122551 trieretry=0   coderetry=0 duplicate=6212 unexpected=270672
INFO [05-09|13:04:29.999] Imported new block headers               count=1    elapsed=6.123ms     number=12400310 hash="d0c1be…9a3c77"
INFO [05-09|13:04:30.426] Imported new state entries               count=384  elapsed="2.9µs"     processed=572694835 pending=122943 trieretry=2   coderetry=0 duplicate=6212 unexpected=270672
INFO [05-09|13:04:30.723] Downloader queue stats                   receiptTasks=0     blockTasks=0     itemSize=279.31KiB throttle=235
INFO [05-09|13:04:37.318] Imported new state entries               count=768  elapsed=1.533ms     processed=572695603 pending=123618 trieretry=0   coderetry=0 duplicate=6212 unexpected=270672
INFO [05-09|13:04:39.060] Imported new block headers               count=1    elapsed=6.615ms     number=12400311 hash="def740…638db6"
INFO [05-09|13:04:44.184] Imported new state entries               count=768  elapsed="523.502µs" processed=572696371 pending=124315 trieretry=0   coderetry=0 duplicate=6212 unexpected=270672
INFO [05-09|13:04:45.106] Imported new block headers               count=1    elapsed=5.917ms     number=12400312 hash="63e0f0…c35f8c"
INFO [05-09|13:04:48.141] Imported new block headers               count=2    elapsed=11.375ms    number=12400314 hash="fcf000…717d8c"
INFO [05-09|13:04:50.749] Imported new state entries               count=768  elapsed=2.497ms     processed=572697139 pending=124977 trieretry=0   coderetry=0 duplicate=6212 unexpected=270672
INFO [05-09|13:04:54.182] Imported new block headers               count=1    elapsed=6.548ms     number=12400315 hash="4e10e2…af9952"
INFO [05-09|13:04:57.219] Imported new block headers               count=1    elapsed=6.347ms     number=12400316 hash="08d6ac…6d7f0b"
INFO [05-09|13:04:57.507] Imported new state entries               count=768  elapsed="530.502µs" processed=572697907 pending=125667 trieretry=0   coderetry=0 duplicate=6212 unexpected=270672
INFO [05-09|13:05:03.854] Imported new state entries               count=768  elapsed="506.001µs" processed=572698675 pending=126358 trieretry=0   coderetry=0 duplicate=6212 unexpected=270672
INFO [05-09|13:05:09.299] Imported new block headers               count=1    elapsed=6.905ms     number=12400317 hash="20d49f…9710f8"
INFO [05-09|13:05:10.434] Imported new state entries               count=768  elapsed="482.802µs" processed=572699443 pending=127052 trieretry=0   coderetry=0 duplicate=6212 unexpected=270672
INFO [05-09|13:05:17.129] Imported new state entries               count=768  elapsed="748.902µs" processed=572700211 pending=127716 trieretry=0   coderetry=0 duplicate=6212 unexpected=270672