INFO [05-09|13:05:30.422] Imported new block headers               count=1    elapsed=7.012ms     number=12400318 hash="6085f8…cf3bcc"
INFO [05-09|13:05:30.762] Downloader queue stats                   receiptTasks=0     blockTasks=0     itemSize=259.22KiB throttle=253
INFO [05-09|13:05:31.099] Imported new state entries               count=768  elapsed="516.801µs" processed=572701747 pending=129114 trieretry=0   coderetry=0 duplicate=6212 unexpected=270672
INFO [05-09|13:05:39.402] Imported new state entries               count=768  elapsed="552.301µs" processed=572702515 pending=129782 trieretry=0   coderetry=0 duplicate=6212 unexpected=270672
INFO [05-09|13:05:42.497] Imported new block headers               count=1    elapsed=6.430ms     number=12400319 hash="f00e80…cd6f8d"
INFO [05-09|13:05:45.527] Imported new block headers               count=1    elapsed=6.068ms     number=12400320 hash="475f92…8c9984"
INFO [05-09|13:05:47.531] Imported new state entries               count=768  elapsed="493.302µs" processed=572703283 pending=130473 trieretry=0   coderetry=0 duplicate=6212 unexpected=270672
INFO [05-09|13:05:51.770] Imported new state entries               count=768  elapsed="167.901µs" processed=572704051 pending=131305 trieretry=0   coderetry=0 duplicate=6212 unexpected=270672
INFO [05-09|13:05:53.216] Imported new state entries               count=768  elapsed="159.101µs" processed=572704819 pending=134631 trieretry=0   coderetry=0 duplicate=6212 unexpected=270672
INFO [05-09|13:05:53.218] Imported new state entries               count=0    elapsed="9.2µs"     processed=572704819 pending=134631 trieretry=4   coderetry=0 duplicate=6212 unexpected=270674
INFO [05-09|13:05:57.603] Imported new block headers               count=2    elapsed=6.274ms     number=12400322 hash="757f87…0b495e"
INFO [05-09|13:06:00.496] Imported new state entries               count=768  elapsed="405.402µs" processed=572705587 pending=135339 trieretry=0   coderetry=0 duplicate=6212 unexpected=270674
INFO [05-09|13:06:06.670] Imported new block headers               count=1    elapsed=9.455ms     number=12400323 hash="8fc849…0b1acb"
INFO [05-09|13:06:06.982] Imported new state entries               count=768  elapsed="556.702µs" processed=572706355 pending=136197 trieretry=0   coderetry=0 duplicate=6212 unexpected=270674
INFO [05-09|13:06:11.279] Imported new state entries               count=770  elapsed="389.402µs" processed=572707125 pending=138473 trieretry=0   coderetry=0 duplicate=6212 unexpected=270674
INFO [05-09|13:06:12.713] Imported new block headers               count=1    elapsed=7.615ms     number=12400324 hash="550d67…f46c92"
INFO [05-09|13:06:17.085] Imported new state entries               count=768  elapsed="553.002µs" processed=572707893 pending=139158 trieretry=0   coderetry=0 duplicate=6212 unexpected=270674
INFO [05-09|13:06:20.314] Imported new state entries               count=768  elapsed="502.401µs" processed=572708661 pending=139813 trieretry=0   coderetry=0 duplicate=6212 unexpected=270674
INFO [05-09|13:06:21.232] Imported new state entries               count=1152 elapsed=15.232ms    processed=572709813 pending=138140 trieretry=0   coderetry=0 duplicate=6212 unexpected=270674
INFO [05-09|13:06:21.986] Imported new state entries               count=1152 elapsed=14.579ms    processed=572710965 pending=136586 trieretry=0   coderetry=0 duplicate=6212 unexpected=270674
INFO [05-09|13:06:22.726] Imported new state entries               count=1152 elapsed=15.581ms    processed=572712117 pending=135085 trieretry=0   coderetry=0 duplicate=6212 unexpected=270674
INFO [05-09|13:06:23.392] Imported new state entries               count=1152 elapsed=13.721ms    processed=572713269 pending=133555 trieretry=0   coderetry=0 duplicate=6212 unexpected=270674
INFO [05-09|13:06:24.072] Imported new state entries               count=1152 elapsed=11.818ms    processed=572714421 pending=132234 trieretry=0   coderetry=0 duplicate=6212 unexpected=270674
INFO [05-09|13:06:24.837] Imported new state entries               count=1152 elapsed=12.261ms    processed=572715573 pending=130886 trieretry=0   coderetry=0 duplicate=6212 unexpected=270674
INFO [05-09|13:06:25.815] Imported new state entries               count=1152 elapsed=12.526ms    processed=572716725 pending=129780 trieretry=0   coderetry=0 duplicate=6212 unexpected=270674
INFO [05-09|13:06:26.456] Imported new state entries               count=1152 elapsed=11.642ms    processed=572717877 pending=129156 trieretry=0   coderetry=0 duplicate=6212 unexpected=270674
INFO [05-09|13:06:26.464] Imported new state entries               count=0    elapsed="9.5µs"     processed=572717877 pending=129926 trieretry=2   coderetry=0 duplicate=6212 unexpected=270676
INFO [05-09|13:06:27.004] Imported new state entries               count=1152 elapsed=5.595ms     processed=572719029 pending=129584 trieretry=0   coderetry=0 duplicate=6212 unexpected=270676
INFO [05-09|13:06:27.806] Imported new block headers               count=1    elapsed=8.167ms     number=12400325 hash="ce3971…ffeb0a"
INFO [05-09|13:06:27.937] Imported new state entries               count=1152 elapsed=12.118ms    processed=572720181 pending=128197 trieretry=0   coderetry=0 duplicate=6212 unexpected=270676
INFO [05-09|13:06:28.494] Imported new state entries               count=1156 elapsed=11.787ms    processed=572721337 pending=126920 trieretry=0   coderetry=0 duplicate=6212 unexpected=270676
INFO [05-09|13:06:29.076] Imported new state entries               count=1152 elapsed=12.749ms    processed=572722489 pending=125290 trieretry=0   coderetry=0 duplicate=6212 unexpected=270676
INFO [05-09|13:06:29.744] Imported new state entries               count=1154 elapsed=12.875ms    processed=572723643 pending=123819 trieretry=0   coderetry=0 duplicate=6212 unexpected=270676
INFO [05-09|13:06:30.401] Imported new state entries               count=1152 elapsed=13.429ms    processed=572724795 pending=122300 trieretry=0   coderetry=0 duplicate=6212 unexpected=270676
INFO [05-09|13:06:30.940] Imported new state entries               count=768  elapsed=8.886ms     processed=572725563 pending=121386 trieretry=0   coderetry=0 duplicate=6212 unexpected=270676
INFO [05-09|13:06:31.558] Imported new state entries               count=768  elapsed=13.091ms    processed=572726331 pending=120519 trieretry=0   coderetry=0 duplicate=6212 unexpected=270676
INFO [05-09|13:06:32.392] Imported new state entries               count=1152 elapsed=13.512ms    processed=572727483 pending=118985 trieretry=0   coderetry=0 duplicate=6212 unexpected=270676
INFO [05-09|13:06:32.985] Imported new state entries               count=768  elapsed=8.436ms     processed=572728251 pending=118118 trieretry=0   coderetry=0 duplicate=6212 unexpected=270676
INFO [05-09|13:06:33.529] Imported new state entries               count=768  elapsed=8.253ms     processed=572729019 pending=117252 trieretry=0   coderetry=0 duplicate=6212 unexpected=270676
INFO [05-09|13:06:34.281] Imported new state entries               count=1152 elapsed=12.010ms    processed=572730171 pending=115568 trieretry=0   coderetry=0 duplicate=6212 unexpected=270676
INFO [05-09|13:06:34.547] Imported new state entries               count=0    elapsed="8.9µs"     processed=572730171 pending=115135 trieretry=2   coderetry=0 duplicate=6212 unexpected=270678
INFO [05-09|13:06:35.117] Imported new state entries               count=1154 elapsed=9.358ms     processed=572731325 pending=115045 trieretry=0   coderetry=0 duplicate=6212 unexpected=270678
INFO [05-09|13:06:35.936] Imported new state entries               count=1152 elapsed=14.055ms    processed=572732477 pending=113513 trieretry=0   coderetry=0 duplicate=6212 unexpected=270678
INFO [05-09|13:06:36.264] Imported new state entries               count=771  elapsed=6.530ms     processed=572733248 pending=112548 trieretry=0   coderetry=0 duplicate=6212 unexpected=270678
INFO [05-09|13:06:37.081] Imported new state entries               count=1152 elapsed=10.219ms    processed=572734400 pending=111178 trieretry=0   coderetry=0 duplicate=6212 unexpected=270678
INFO [05-09|13:06:38.297] Imported new state entries               count=768  elapsed=8.201ms     processed=572735168 pending=111485 trieretry=0   coderetry=0 duplicate=6212 unexpected=270678
INFO [05-09|13:06:38.644] Imported new state entries               count=770  elapsed=8.666ms     processed=572735938 pending=110974 trieretry=0   coderetry=0 duplicate=6212 unexpected=270678
INFO [05-09|13:06:40.986] Imported new state entries               count=768  elapsed=2.327ms     processed=572736706 pending=112941 trieretry=0   coderetry=0 duplicate=6212 unexpected=270678
INFO [05-09|13:06:41.914] Imported new state entries               count=384  elapsed=1.530ms     processed=572737090 pending=114109 trieretry=0   coderetry=0 duplicate=6212 unexpected=270678
INFO [05-09|13:06:44.121] Imported new state entries               count=768  elapsed=2.539ms     processed=572737858 pending=116212 trieretry=0   coderetry=0 duplicate=6212 unexpected=270678
INFO [05-09|13:06:46.111] Imported new state entries               count=768  elapsed=4.613ms     processed=572738626 pending=116721 trieretry=0   coderetry=0 duplicate=6212 unexpected=270678
INFO [05-09|13:06:47.312] Imported new state entries               count=384  elapsed=1.238ms     processed=572739010 pending=117438 trieretry=0   coderetry=0 duplicate=6212 unexpected=270678
INFO [05-09|13:06:49.926] Imported new state entries               count=768  elapsed=3.504ms     processed=572739778 pending=119131 trieretry=0   coderetry=0 duplicate=6212 unexpected=270678
INFO [05-09|13:06:52.121] Imported new state entries               count=768  elapsed=3.141ms     processed=572740546 pending=121077 trieretry=0   coderetry=0 duplicate=6212 unexpected=270678
INFO [05-09|13:06:52.299] Imported new block headers               count=1    elapsed=11.455ms    number=12400326 hash="5c7b0e…5da897"
INFO [05-09|13:06:52.804] Downloader queue stats                   receiptTasks=0     blockTasks=0     itemSize=256.68KiB throttle=256
INFO [05-09|13:06:53.461] Imported new state entries               count=384  elapsed=1.164ms     processed=572740930 pending=122168 trieretry=0   coderetry=0 duplicate=6212 unexpected=270678
INFO [05-09|13:06:54.642] Imported new state entries               count=384  elapsed=1.509ms     processed=572741314 pending=123343 trieretry=0   coderetry=0 duplicate=6212 unexpected=270678
INFO [05-09|13:06:56.109] Imported new state entries               count=384  elapsed=1.386ms     processed=572741698 pending=124168 trieretry=0   coderetry=0 duplicate=6212 unexpected=270678
INFO [05-09|13:06:58.115] Imported new state entries               count=384  elapsed="931.703µs" processed=572742082 pending=125094 trieretry=0   coderetry=0 duplicate=6212 unexpected=270678
INFO [05-09|13:06:59.408] Imported new state entries               count=384  elapsed=1.118ms     processed=572742466 pending=126203 trieretry=0   coderetry=0 duplicate=6212 unexpected=270678
INFO [05-09|13:07:01.264] Imported new state entries               count=384  elapsed=1.125ms     processed=572742850 pending=127213 trieretry=0   coderetry=0 duplicate=6212 unexpected=270678
INFO [05-09|13:07:04.538] Imported new state entries               count=768  elapsed=2.801ms     processed=572743618 pending=129860 trieretry=382 coderetry=0 duplicate=6212 unexpected=270678
INFO [05-09|13:07:04.539] Imported new state entries               count=0    elapsed="8.8µs"     processed=572743618 pending=129860 trieretry=4   coderetry=0 duplicate=6212 unexpected=270680
INFO [05-09|13:07:06.803] Imported new state entries               count=384  elapsed=1.666ms     processed=572744002 pending=130857 trieretry=7   coderetry=0 duplicate=6212 unexpected=270680
INFO [05-09|13:07:08.161] Imported new state entries               count=780  elapsed=2.456ms     processed=572744782 pending=133119 trieretry=0   coderetry=0 duplicate=6212 unexpected=270680
INFO [05-09|13:07:09.981] Imported new state entries               count=384  elapsed=1.737ms     processed=572745166 pending=134138 trieretry=0   coderetry=0 duplicate=6212 unexpected=270680
INFO [05-09|13:07:11.733] Imported new state entries               count=384  elapsed=1.436ms     processed=572745550 pending=135255 trieretry=0   coderetry=0 duplicate=6212 unexpected=270680
INFO [05-09|13:07:14.086] Imported new state entries               count=770  elapsed=2.460ms     processed=572746320 pending=137288 trieretry=0   coderetry=0 duplicate=6212 unexpected=270680
INFO [05-09|13:07:16.466] Imported new state entries               count=768  elapsed=25.570ms    processed=572747088 pending=138406 trieretry=0   coderetry=0 duplicate=6212 unexpected=270680
INFO [05-09|13:07:16.468] Imported new block headers               count=1    elapsed=25.263ms    number=12400327 hash="7a302e…ea3f83" age=1m7s
INFO [05-09|13:07:19.242] Imported new state entries               count=768  elapsed=2.040ms     processed=572747856 pending=141285 trieretry=0   coderetry=0 duplicate=6212 unexpected=270680
INFO [05-09|13:07:19.486] Imported new block headers               count=1    elapsed=6.666ms     number=12400328 hash="85a2d3…21fcb6"
INFO [05-09|13:07:22.143] Imported new state entries               count=384  elapsed="529.302µs" processed=572748240 pending=141740 trieretry=0   coderetry=0 duplicate=6212 unexpected=270680
INFO [05-09|13:07:22.515] Imported new block headers               count=1    elapsed=7.037ms     number=12400329 hash="263625…90bf11"
INFO [05-09|13:07:22.896] Imported new state entries               count=770  elapsed=3.210ms     processed=572749010 pending=143669 trieretry=0   coderetry=0 duplicate=6212 unexpected=270680
INFO [05-09|13:07:26.249] Imported new state entries               count=768  elapsed=2.844ms     processed=572749778 pending=144062 trieretry=0   coderetry=0 duplicate=6212 unexpected=270680
INFO [05-09|13:07:28.557] Imported new block headers               count=1    elapsed=5.611ms     number=12400330 hash="a45373…d4b730"
INFO [05-09|13:07:30.774] Imported new state entries               count=768  elapsed=2.030ms     processed=572750546 pending=144571 trieretry=0   coderetry=0 duplicate=6212 unexpected=270680
INFO [05-09|13:07:33.382] Imported new state entries               count=384  elapsed="928.203µs" processed=572750930 pending=145086 trieretry=0   coderetry=0 duplicate=6212 unexpected=270680
INFO [05-09|13:07:36.257] Imported new state entries               count=384  elapsed="461.601µs" processed=572751314 pending=146502 trieretry=0   coderetry=0 duplicate=6212 unexpected=270680
INFO [05-09|13:07:38.446] Imported new state entries               count=384  elapsed="862.002µs" processed=572751698 pending=147468 trieretry=0   coderetry=0 duplicate=6212 unexpected=270680
INFO [05-09|13:07:41.168] Imported new state entries               count=384  elapsed=1.527ms     processed=572752082 pending=147574 trieretry=0   coderetry=0 duplicate=6212 unexpected=270680
INFO [05-09|13:07:44.590] Imported new state entries               count=384  elapsed="343.401µs" processed=572752466 pending=148006 trieretry=0   coderetry=0 duplicate=6212 unexpected=270680
INFO [05-09|13:07:48.052] Imported new state entries               count=384  elapsed="533.801µs" processed=572752850 pending=148660 trieretry=0   coderetry=0 duplicate=6212 unexpected=270680
INFO [05-09|13:07:49.684] Imported new block headers               count=1    elapsed=11.130ms    number=12400331 hash="5dc481…a890da"
INFO [05-09|13:07:50.814] Imported new state entries               count=384  elapsed=1.468ms     processed=572753234 pending=148863 trieretry=0   coderetry=0 duplicate=6212 unexpected=270680
INFO [05-09|13:07:53.201] Imported new state entries               count=384  elapsed=1.501ms     processed=572753618 pending=149227 trieretry=0   coderetry=0 duplicate=6212 unexpected=270680
INFO [05-09|13:07:55.512] Imported new state entries               count=384  elapsed=1.310ms     processed=572754002 pending=149465 trieretry=0   coderetry=0 duplicate=6212 unexpected=270680
INFO [05-09|13:07:57.872] Imported new state entries               count=384  elapsed=1.328ms     processed=572754386 pending=149594 trieretry=0   coderetry=0 duplicate=6212 unexpected=270680
INFO [05-09|13:08:00.318] Imported new state entries               count=384  elapsed="306.301µs" processed=572754770 pending=150532 trieretry=0   coderetry=0 duplicate=6212 unexpected=270680
INFO [05-09|13:08:04.373] Imported new state entries               count=384  elapsed="682.803µs" processed=572755154 pending=151165 trieretry=0   coderetry=0 duplicate=6212 unexpected=270680
INFO [05-09|13:08:04.782] Imported new block headers               count=1    elapsed=7.891ms     number=12400332 hash="769365…7bba9e"
INFO [05-09|13:08:04.842] Downloader queue stats                   receiptTasks=0     blockTasks=0     itemSize=268.78KiB throttle=244
INFO [05-09|13:08:10.267] Imported new state entries               count=384  elapsed="605.502µs" processed=572755538 pending=151501 trieretry=0   coderetry=0 duplicate=6212 unexpected=270680
INFO [05-09|13:08:15.812] Imported new state entries               count=384  elapsed="972.503µs" processed=572755922 pending=152083 trieretry=0   coderetry=0 duplicate=6212 unexpected=270680
INFO [05-09|13:08:21.372] Imported new state entries               count=384  elapsed="275.801µs" processed=572756306 pending=152626 trieretry=0   coderetry=0 duplicate=6212 unexpected=270680
INFO [05-09|13:08:27.564] Imported new state entries               count=386  elapsed="779.002µs" processed=572756692 pending=153218 trieretry=0   coderetry=0 duplicate=6212 unexpected=270680
INFO [05-09|13:08:27.572] Imported new state entries               count=0    elapsed="9.5µs"     processed=572756692 pending=153218 trieretry=2   coderetry=0 duplicate=6212 unexpected=270682
INFO [05-09|13:08:28.934] Imported new block headers               count=1    elapsed=7.082ms     number=12400333 hash="4dbe31…5a3410" age=1m1s
INFO [05-09|13:08:34.927] Imported new state entries               count=768  elapsed=3.529ms     processed=572757460 pending=153515 trieretry=80  coderetry=0 duplicate=6212 unexpected=270682
INFO [05-09|13:08:39.694] Imported new state entries               count=384  elapsed=1.264ms     processed=572757844 pending=153949 trieretry=0   coderetry=0 duplicate=6212 unexpected=270682
INFO [05-09|13:08:42.266] Imported new state entries               count=768  elapsed=1.975ms     processed=572758612 pending=158605 trieretry=0   coderetry=0 duplicate=6212 unexpected=270682
INFO [05-09|13:08:47.300] Imported new state entries               count=384  elapsed="497.101µs" processed=572758996 pending=159127 trieretry=0   coderetry=0 duplicate=6212 unexpected=270682
INFO [05-09|13:08:53.326] Imported new state entries               count=386  elapsed=1.641ms     processed=572759382 pending=159295 trieretry=0   coderetry=0 duplicate=6212 unexpected=270682
INFO [05-09|13:08:55.695] Imported new state entries               count=384  elapsed=1.575ms     processed=572759766 pending=159880 trieretry=0   coderetry=0 duplicate=6212 unexpected=270682
INFO [05-09|13:09:02.101] Imported new state entries               count=768  elapsed=1.204ms     processed=572760534 pending=161409 trieretry=0   coderetry=0 duplicate=6212 unexpected=270682
INFO [05-09|13:09:07.460] Imported new state entries               count=384  elapsed="240.801µs" processed=572760918 pending=162008 trieretry=0   coderetry=0 duplicate=6212 unexpected=270682
INFO [05-09|13:09:10.589] Imported new state entries               count=384  elapsed="219.701µs" processed=572761302 pending=163169 trieretry=0   coderetry=0 duplicate=6212 unexpected=270682
INFO [05-09|13:09:13.168] Imported new state entries               count=384  elapsed="604.902µs" processed=572761686 pending=163449 trieretry=0   coderetry=0 duplicate=6212 unexpected=270682
INFO [05-09|13:09:16.789] Imported new state entries               count=387  elapsed=1.087ms     processed=572762073 pending=163915 trieretry=0   coderetry=0 duplicate=6212 unexpected=270682
INFO [05-09|13:09:20.210] Imported new block headers               count=2    elapsed=7.486ms     number=12400335 hash="ea6463…d75d06" age=1m19s
INFO [05-09|13:09:20.892] Downloader queue stats                   receiptTasks=0     blockTasks=0     itemSize=273.50KiB throttle=240
INFO [05-09|13:09:23.837] Imported new state entries               count=768  elapsed=2.129ms     processed=572762841 pending=164399 trieretry=0   coderetry=0 duplicate=6212 unexpected=270682
INFO [05-09|13:09:28.374] Imported new state entries               count=384  elapsed=1.515ms     processed=572763225 pending=164726 trieretry=0   coderetry=0 duplicate=6212 unexpected=270682
INFO [05-09|13:09:33.265] Imported new state entries               count=384  elapsed=1.101ms     processed=572763609 pending=165230 trieretry=0   coderetry=0 duplicate=6212 unexpected=270682
INFO [05-09|13:09:37.515] Imported new state entries               count=384  elapsed=1.066ms     processed=572763993 pending=165412 trieretry=0   coderetry=0 duplicate=6212 unexpected=270682
INFO [05-09|13:09:41.337] Imported new block headers               count=1    elapsed=7.343ms     number=12400336 hash="d91106…d107cf" age=1m16s
INFO [05-09|13:09:41.391] Imported new state entries               count=384  elapsed=1.043ms     processed=572764377 pending=165765 trieretry=0   coderetry=0 duplicate=6212 unexpected=270682
INFO [05-09|13:09:44.216] Imported new state entries               count=384  elapsed="939.903µs" processed=572764761 pending=166054 trieretry=0   coderetry=0 duplicate=6212 unexpected=270682
INFO [05-09|13:09:46.940] Imported new state entries               count=384  elapsed="96.1µs"    processed=572765145 pending=166533 trieretry=0   coderetry=0 duplicate=6212 unexpected=270682
INFO [05-09|13:09:49.614] Imported new state entries               count=384  elapsed="227.301µs" processed=572765529 pending=166991 trieretry=0   coderetry=0 duplicate=6212 unexpected=270682
INFO [05-09|13:09:52.387] Imported new state entries               count=384  elapsed="191.201µs" processed=572765913 pending=167449 trieretry=0   coderetry=0 duplicate=6212 unexpected=270682
INFO [05-09|13:09:54.984] Imported new state entries               count=384  elapsed="276.201µs" processed=572766297 pending=167917 trieretry=0   coderetry=0 duplicate=6212 unexpected=270682
INFO [05-09|13:09:57.902] Imported new state entries               count=384  elapsed="929.903µs" processed=572766681 pending=168148 trieretry=0   coderetry=0 duplicate=6212 unexpected=270682
INFO [05-09|13:10:02.463] Imported new block headers               count=1    elapsed=7.840ms     number=12400337 hash="d1f80d…9a03e8"
INFO [05-09|13:10:04.603] Imported new state entries               count=768  elapsed=4.034ms     processed=572767449 pending=168334 trieretry=0   coderetry=0 duplicate=6212 unexpected=270682
INFO [05-09|13:10:05.493] Imported new block headers               count=1    elapsed=7.213ms     number=12400338 hash="de640a…752f0b"
INFO [05-09|13:10:08.394] Imported new state entries               count=384  elapsed="850.403µs" processed=572767833 pending=168568 trieretry=0   coderetry=0 duplicate=6212 unexpected=270682
INFO [05-09|13:10:10.372] Imported new state entries               count=384  elapsed="81.1µs"    processed=572768217 pending=168978 trieretry=0   coderetry=0 duplicate=6212 unexpected=270682
INFO [05-09|13:10:12.890] Imported new state entries               count=384  elapsed=1.441ms     processed=572768601 pending=169118 trieretry=0   coderetry=0 duplicate=6212 unexpected=270682
INFO [05-09|13:10:19.049] Imported new state entries               count=768  elapsed=1.518ms     processed=572769369 pending=169607 trieretry=0   coderetry=0 duplicate=6212 unexpected=270682
INFO [05-09|13:10:23.462] Imported new state entries               count=384  elapsed=1.092ms     processed=572769753 pending=169913 trieretry=0   coderetry=0 duplicate=6212 unexpected=270682
INFO [05-09|13:10:23.601] Imported new state entries               count=0    elapsed="9.3µs"     processed=572769753 pending=169918 trieretry=2   coderetry=0 duplicate=6212 unexpected=270684
INFO [05-09|13:10:27.934] Imported new state entries               count=389  elapsed=1.117ms     processed=572770142 pending=170179 trieretry=1   coderetry=0 duplicate=6212 unexpected=270684
INFO [05-09|13:10:32.657] Imported new block headers               count=1    elapsed=6.929ms     number=12400339 hash="874c2e…47c54d"
INFO [05-09|13:10:32.925] Downloader queue stats                   receiptTasks=0     blockTasks=0     itemSize=280.04KiB throttle=235
INFO [05-09|13:10:33.952] Imported new state entries               count=384  elapsed=1.146ms     processed=572770526 pending=170386 trieretry=2   coderetry=0 duplicate=6212 unexpected=270684
INFO [05-09|13:10:39.171] Imported new state entries               count=384  elapsed="283.301µs" processed=572770910 pending=170895 trieretry=0   coderetry=0 duplicate=6212 unexpected=270684
INFO [05-09|13:10:42.963] Imported new state entries               count=768  elapsed=4.151ms     processed=572771678 pending=170542 trieretry=0   coderetry=0 duplicate=6212 unexpected=270684
INFO [05-09|13:10:44.733] Imported new block headers               count=1    elapsed=6.666ms     number=12400340 hash="e86897…db661f"
INFO [05-09|13:10:50.632] Imported new state entries               count=384  elapsed="414.401µs" processed=572772062 pending=171459 trieretry=0   coderetry=0 duplicate=6212 unexpected=270684
INFO [05-09|13:10:53.794] Imported new block headers               count=1    elapsed=6.129ms     number=12400341 hash="c3d451…84dc10"