INFO [05-09|14:11:46.278] Downloader queue stats                   receiptTasks=0 blockTasks=0 itemSize=280.50KiB throttle=234
INFO [05-09|14:11:47.633] Imported new state entries               count=384  elapsed="2.9µs"     processed=573003324 pending=73050 trieretry=0    coderetry=0 duplicate=0 unexpected=2664
INFO [05-09|14:11:50.259] Imported new state entries               count=384  elapsed="2.5µs"     processed=573003708 pending=73623 trieretry=0    coderetry=0 duplicate=0 unexpected=2664
INFO [05-09|14:11:52.697] Imported new state entries               count=384  elapsed="3µs"       processed=573004092 pending=74148 trieretry=0    coderetry=0 duplicate=0 unexpected=2664
INFO [05-09|14:11:58.303] Imported new state entries               count=384  elapsed="4.1µs"     processed=573004476 pending=74814 trieretry=0    coderetry=0 duplicate=0 unexpected=2664
INFO [05-09|14:12:01.660] Imported new state entries               count=384  elapsed="55.9µs"    processed=573004860 pending=75250 trieretry=0    coderetry=0 duplicate=0 unexpected=2664
INFO [05-09|14:12:05.182] Imported new state entries               count=384  elapsed="2.6µs"     processed=573005244 pending=77710 trieretry=0    coderetry=0 duplicate=0 unexpected=2664
INFO [05-09|14:12:11.454] Imported new state entries               count=384  elapsed="2.4µs"     processed=573005628 pending=78096 trieretry=382  coderetry=0 duplicate=0 unexpected=2664
INFO [05-09|14:12:15.704] Imported new state entries               count=384  elapsed="2.8µs"     processed=573006012 pending=78490 trieretry=0    coderetry=0 duplicate=0 unexpected=2664
INFO [05-09|14:12:19.461] Imported new state entries               count=384  elapsed="2.4µs"     processed=573006396 pending=78888 trieretry=0    coderetry=0 duplicate=0 unexpected=2664
INFO [05-09|14:12:23.351] Imported new state entries               count=384  elapsed="2.3µs"     processed=573006780 pending=79283 trieretry=0    coderetry=0 duplicate=0 unexpected=2664
INFO [05-09|14:12:27.077] Imported new state entries               count=384  elapsed="2.2µs"     processed=573007164 pending=79682 trieretry=0    coderetry=0 duplicate=0 unexpected=2664
INFO [05-09|14:12:32.685] Imported new state entries               count=384  elapsed="2.8µs"     processed=573007548 pending=80068 trieretry=0    coderetry=0 duplicate=0 unexpected=2664
INFO [05-09|14:12:36.536] Imported new state entries               count=384  elapsed="2.8µs"     processed=573007932 pending=80462 trieretry=0    coderetry=0 duplicate=0 unexpected=2664
INFO [05-09|14:12:39.957] Imported new state entries               count=384  elapsed="2.3µs"     processed=573008316 pending=80855 trieretry=0    coderetry=0 duplicate=0 unexpected=2664
INFO [05-09|14:12:45.807] Imported new state entries               count=384  elapsed="2.8µs"     processed=573008700 pending=81243 trieretry=0    coderetry=0 duplicate=0 unexpected=2664
INFO [05-09|14:12:45.808] Imported new state entries               count=0    elapsed="8.9µs"     processed=573008700 pending=81243 trieretry=2    coderetry=0 duplicate=0 unexpected=2666
INFO [05-09|14:12:50.717] Imported new block headers               count=1    elapsed=6.871ms     number=12400622 hash="b8d7c9…c6a245" age=1m27s
INFO [05-09|14:12:51.316] Downloader queue stats                   receiptTasks=0 blockTasks=0 itemSize=278.61KiB throttle=236
INFO [05-09|14:12:51.915] Imported new state entries               count=384  elapsed="2.3µs"     processed=573009084 pending=81634 trieretry=0    coderetry=0 duplicate=0 unexpected=2666
INFO [05-09|14:12:57.684] Imported new state entries               count=384  elapsed="2.6µs"     processed=573009468 pending=82054 trieretry=2    coderetry=0 duplicate=0 unexpected=2666
INFO [05-09|14:13:03.405] Imported new state entries               count=384  elapsed="2.9µs"     processed=573009852 pending=82441 trieretry=2    coderetry=0 duplicate=0 unexpected=2666
INFO [05-09|14:13:09.290] Imported new block headers               count=1    elapsed=8.879ms     number=12400623 hash="316330…d5d985" age=1m41s
INFO [05-09|14:13:11.422] Imported new state entries               count=384  elapsed="2.7µs"     processed=573010236 pending=82879 trieretry=2    coderetry=0 duplicate=0 unexpected=2666
INFO [05-09|14:13:15.539] Imported new block headers               count=1    elapsed=10.047ms    number=12400624 hash="e9d0ad…6f3172" age=1m32s
INFO [05-09|14:13:19.436] Imported new state entries               count=384  elapsed="3µs"       processed=573010620 pending=83285 trieretry=382  coderetry=0 duplicate=0 unexpected=2666