INFO [05-09|14:13:03.405] Imported new state entries               count=384  elapsed="2.9µs"     processed=573009852 pending=82441 trieretry=2    coderetry=0 duplicate=0 unexpected=2666
INFO [05-09|14:13:09.290] Imported new block headers               count=1    elapsed=8.879ms     number=12400623 hash="316330…d5d985" age=1m41s
INFO [05-09|14:13:11.422] Imported new state entries               count=384  elapsed="2.7µs"     processed=573010236 pending=82879 trieretry=2    coderetry=0 duplicate=0 unexpected=2666
INFO [05-09|14:13:15.539] Imported new block headers               count=1    elapsed=10.047ms    number=12400624 hash="e9d0ad…6f3172" age=1m32s
INFO [05-09|14:13:19.436] Imported new state entries               count=384  elapsed="3µs"       processed=573010620 pending=83285 trieretry=382  coderetry=0 duplicate=0 unexpected=2666
INFO [05-09|14:13:27.661] Imported new state entries               count=384  elapsed="18.6µs"    processed=573011004 pending=83684 trieretry=0    coderetry=0 duplicate=0 unexpected=2666
INFO [05-09|14:13:31.032] Imported new block headers               count=1    elapsed=7.316ms     number=12400625 hash="96bc42…7ca323"
INFO [05-09|14:13:35.802] Imported new state entries               count=384  elapsed="3.5µs"     processed=573011388 pending=84088 trieretry=0    coderetry=0 duplicate=0 unexpected=2666
INFO [05-09|14:13:43.759] Imported new state entries               count=384  elapsed="2.8µs"     processed=573011772 pending=84513 trieretry=2    coderetry=0 duplicate=0 unexpected=2666
INFO [05-09|14:13:51.092] Imported new state entries               count=384  elapsed="2.3µs"     processed=573012156 pending=84912 trieretry=0    coderetry=0 duplicate=0 unexpected=2666
INFO [05-09|14:13:58.595] Imported new state entries               count=384  elapsed="2.1µs"     processed=573012540 pending=85307 trieretry=0    coderetry=0 duplicate=0 unexpected=2666
INFO [05-09|14:14:05.496] Imported new state entries               count=384  elapsed="2.7µs"     processed=573012924 pending=85708 trieretry=0    coderetry=0 duplicate=0 unexpected=2666
INFO [05-09|14:14:11.272] Imported new state entries               count=384  elapsed="2.2µs"     processed=573013308 pending=86103 trieretry=0    coderetry=0 duplicate=0 unexpected=2666
INFO [05-09|14:14:16.885] Imported new state entries               count=384  elapsed="2.7µs"     processed=573013692 pending=86494 trieretry=0    coderetry=0 duplicate=0 unexpected=2666
INFO [05-09|14:14:23.371] Imported new state entries               count=384  elapsed="3.2µs"     processed=573014076 pending=86889 trieretry=0    coderetry=0 duplicate=0 unexpected=2666
INFO [05-09|14:14:23.505] Imported new block headers               count=1    elapsed=9.812ms     number=12400626 hash="835c4e…3eb1ac" age=1m16s
INFO [05-09|14:14:24.367] Downloader queue stats                   receiptTasks=0 blockTasks=0 itemSize=282.20KiB throttle=233
INFO [05-09|14:14:29.004] Imported new state entries               count=384  elapsed="2.8µs"     processed=573014460 pending=87278 trieretry=0    coderetry=0 duplicate=0 unexpected=2666
WARN [05-09|14:14:32.028] Dropping unsynced node during sync       id=5615f32e4b5e8d61 conn=inbound addr=111.193.170.214:53494 type=OpenEthereum/v3.2.4-...
INFO [05-09|14:14:35.169] Imported new state entries               count=384  elapsed="2.4µs"     processed=573014844 pending=87666 trieretry=0    coderetry=0 duplicate=0 unexpected=2666
INFO [05-09|14:14:39.762] Imported new state entries               count=384  elapsed="2.4µs"     processed=573015228 pending=88061 trieretry=0    coderetry=0 duplicate=0 unexpected=2666
INFO [05-09|14:14:43.331] Imported new state entries               count=384  elapsed="2.3µs"     processed=573015612 pending=88453 trieretry=384  coderetry=0 duplicate=0 unexpected=2666
INFO [05-09|14:14:48.236] Imported new block headers               count=1    elapsed=7.164ms     number=12400627 hash="eaea6f…29946e" age=1m35s
INFO [05-09|14:14:49.941] Imported new state entries               count=384  elapsed="2.8µs"     processed=573015996 pending=88843 trieretry=0    coderetry=0 duplicate=0 unexpected=2666
INFO [05-09|14:14:55.618] Imported new state entries               count=384  elapsed="2.8µs"     processed=573016380 pending=89230 trieretry=0    coderetry=0 duplicate=0 unexpected=2666
INFO [05-09|14:14:57.561] Imported new block headers               count=1    elapsed=6.589ms     number=12400628 hash="e98659…5c011e" age=1m27s
INFO [05-09|14:15:02.687] Imported new state entries               count=384  elapsed="3.5µs"     processed=573016764 pending=89622 trieretry=384  coderetry=0 duplicate=0 unexpected=2666
INFO [05-09|14:15:02.854] Imported new state entries               count=384  elapsed="2.8µs"     processed=573017148 pending=95199 trieretry=0    coderetry=0 duplicate=0 unexpected=2666
WARN [05-09|14:15:02.854] Stalling state sync, dropping peer       peer=e5a7fbaf1f40fd78379c0ca24783460d4ea7724a6d84810ef4e38f8bc5e13e69
ERROR[05-09|14:15:02.855] Ethereum peer removal failed             peer=e5a7fbaf err="peer not registered"
WARN [05-09|14:15:03.545] Dropping unsynced node during sync       id=c28d00571f11220a conn=inbound addr=172.92.147.227:52288  type=OpenEthereum/v3.2.5-...
INFO [05-09|14:15:06.889] Imported new block headers               count=1    elapsed=6.770ms     number=12400629 hash="fed61e…3c7595"
INFO [05-09|14:15:07.394] Imported new state entries               count=768  elapsed="179.201µs" processed=573017916 pending=95937 trieretry=0    coderetry=0 duplicate=0 unexpected=2666
INFO [05-09|14:15:11.223] Imported new state entries               count=768  elapsed="277.501µs" processed=573018684 pending=96675 trieretry=384  coderetry=0 duplicate=0 unexpected=2666
INFO [05-09|14:15:13.133] Imported new block headers               count=1    elapsed=6.002ms     number=12400630 hash="47ef67…ae38e3"
INFO [05-09|14:15:16.969] Imported new state entries               count=768  elapsed="295.901µs" processed=573019452 pending=97384 trieretry=0    coderetry=0 duplicate=0 unexpected=2666
INFO [05-09|14:15:16.971] Imported new state entries               count=0    elapsed="30.8µs"    processed=573019452 pending=97384 trieretry=384  coderetry=0 duplicate=0 unexpected=2668
INFO [05-09|14:15:21.861] Imported new state entries               count=768  elapsed="266.401µs" processed=573020220 pending=98102 trieretry=4    coderetry=0 duplicate=0 unexpected=2668
INFO [05-09|14:15:26.641] Imported new state entries               count=768  elapsed="291.001µs" processed=573020988 pending=98871 trieretry=2    coderetry=0 duplicate=0 unexpected=2668
WARN [05-09|14:15:29.682] Stalling state sync, dropping peer       peer=2df3117a8b10a3d020bae52f0300bb646f43f1756b2c8bb2643cfe42b5d4c71c
ERROR[05-09|14:15:29.682] Ethereum peer removal failed             peer=2df3117a err="peer not registered"
INFO [05-09|14:15:35.535] Imported new state entries               count=768  elapsed="311.901µs" processed=573021756 pending=99641 trieretry=2    coderetry=0 duplicate=0 unexpected=2668
INFO [05-09|14:15:41.689] Imported new state entries               count=768  elapsed="318.301µs" processed=573022524 pending=100353 trieretry=0    coderetry=0 duplicate=0 unexpected=2668
INFO [05-09|14:15:44.031] Imported new block headers               count=1    elapsed=6.641ms     number=12400631 hash="8c3c72…fcac95"
INFO [05-09|14:15:44.415] Downloader queue stats                   receiptTasks=0 blockTasks=0 itemSize=283.40KiB throttle=232
INFO [05-09|14:15:48.110] Imported new state entries               count=768  elapsed="399.102µs" processed=573023292 pending=101041 trieretry=0    coderetry=0 duplicate=0 unexpected=2668
INFO [05-09|14:15:53.358] Imported new block headers               count=2    elapsed=5.520ms     number=12400633 hash="affdb5…7b2a09"
INFO [05-09|14:15:54.428] Imported new state entries               count=768  elapsed="429.102µs" processed=573024060 pending=101714 trieretry=0    coderetry=0 duplicate=0 unexpected=2668
INFO [05-09|14:15:59.867] Imported new state entries               count=768  elapsed="439.101µs" processed=573024828 pending=102416 trieretry=0    coderetry=0 duplicate=0 unexpected=2668
INFO [05-09|14:16:04.685] Imported new state entries               count=768  elapsed="260.901µs" processed=573025596 pending=103134 trieretry=0    coderetry=0 duplicate=0 unexpected=2668
INFO [05-09|14:16:09.450] Imported new state entries               count=768  elapsed="224.301µs" processed=573026364 pending=103873 trieretry=0    coderetry=0 duplicate=0 unexpected=2668
INFO [05-09|14:16:15.506] Imported new state entries               count=768  elapsed="98.4µs"    processed=573027132 pending=104645 trieretry=0    coderetry=0 duplicate=0 unexpected=2668
INFO [05-09|14:16:20.566] Imported new state entries               count=768  elapsed="321.201µs" processed=573027900 pending=105367 trieretry=0    coderetry=0 duplicate=0 unexpected=2668
INFO [05-09|14:16:21.175] Imported new block headers               count=1    elapsed=5.413ms     number=12400634 hash="88fec5…ef6682"
INFO [05-09|14:16:21.273] Imported new state entries               count=1152 elapsed=9.800ms     processed=573029052 pending=103773 trieretry=0    coderetry=0 duplicate=0 unexpected=2668
INFO [05-09|14:16:24.123] Imported new state entries               count=0    elapsed="8.6µs"     processed=573029052 pending=104137 trieretry=2    coderetry=0 duplicate=0 unexpected=2670
INFO [05-09|14:16:24.289] Imported new state entries               count=768  elapsed=3.601ms     processed=573029820 pending=103705 trieretry=0    coderetry=0 duplicate=0 unexpected=2670
INFO [05-09|14:16:24.344] Imported new block headers               count=1    elapsed=6.567ms     number=12400635 hash="88a8da…616ba4"
INFO [05-09|14:16:27.691] Imported new state entries               count=768  elapsed=4.491ms     processed=573030588 pending=103568 trieretry=2    coderetry=0 duplicate=0 unexpected=2670
WARN [05-09|14:16:27.692] Stalling state sync, dropping peer       peer=e639708f11b1c058a3e85c3af9a39b1332e7655a4e7e59398d6cb2fef049fea1
ERROR[05-09|14:16:27.692] Ethereum peer removal failed             peer=e639708f err="peer not registered"
INFO [05-09|14:16:28.388] Imported new state entries               count=1152 elapsed=10.595ms    processed=573031740 pending=102012 trieretry=2    coderetry=0 duplicate=0 unexpected=2670
INFO [05-09|14:16:29.032] Imported new state entries               count=1152 elapsed=9.282ms     processed=573032892 pending=100537 trieretry=0    coderetry=0 duplicate=0 unexpected=2670
INFO [05-09|14:16:30.221] Imported new state entries               count=1152 elapsed=12.348ms    processed=573034044 pending=99088  trieretry=0    coderetry=0 duplicate=0 unexpected=2670
INFO [05-09|14:16:31.167] Imported new state entries               count=1153 elapsed=9.831ms     processed=573035197 pending=97532  trieretry=0    coderetry=0 duplicate=0 unexpected=2670
INFO [05-09|14:16:31.891] Imported new state entries               count=1152 elapsed=10.612ms    processed=573036349 pending=96149  trieretry=0    coderetry=0 duplicate=0 unexpected=2670
INFO [05-09|14:16:32.551] Imported new state entries               count=1152 elapsed=10.107ms    processed=573037501 pending=94732  trieretry=0    coderetry=0 duplicate=0 unexpected=2670
INFO [05-09|14:16:34.974] Imported new state entries               count=768  elapsed=3.597ms     processed=573038269 pending=94652  trieretry=0    coderetry=0 duplicate=0 unexpected=2670
INFO [05-09|14:16:37.420] Imported new state entries               count=1152 elapsed=6.380ms     processed=573039421 pending=94092  trieretry=0    coderetry=0 duplicate=0 unexpected=2670
INFO [05-09|14:16:38.909] Imported new state entries               count=768  elapsed=7.951ms     processed=573040189 pending=92811  trieretry=0    coderetry=0 duplicate=0 unexpected=2670
INFO [05-09|14:16:38.921] Imported new state entries               count=0    elapsed="9.5µs"     processed=573040189 pending=92813  trieretry=2    coderetry=0 duplicate=0 unexpected=2672
INFO [05-09|14:16:43.180] Imported new state entries               count=386  elapsed="64µs"      processed=573040575 pending=93197  trieretry=0    coderetry=0 duplicate=0 unexpected=2672
WARN [05-09|14:16:43.611] Stalling state sync, dropping peer       peer=5ab558cbd60bfdef126dd69e69b91c0a9e96ea4b0ebb357bb02a1a3a5643bab7
ERROR[05-09|14:16:43.611] Ethereum peer removal failed             peer=5ab558cb err="peer not registered"
INFO [05-09|14:16:43.892] Imported new state entries               count=768  elapsed=6.881ms     processed=573041343 pending=92295  trieretry=2    coderetry=0 duplicate=0 unexpected=2672
INFO [05-09|14:16:45.474] Imported new state entries               count=768  elapsed=7.623ms     processed=573042111 pending=91167  trieretry=0    coderetry=0 duplicate=0 unexpected=2672
INFO [05-09|14:16:48.629] Imported new state entries               count=768  elapsed=5.411ms     processed=573042879 pending=90800  trieretry=2    coderetry=0 duplicate=0 unexpected=2672
INFO [05-09|14:16:52.164] Imported new block headers               count=1    elapsed=8.974ms     number=12400636 hash="856a70…310625" age=1m
INFO [05-09|14:16:52.453] Downloader queue stats                   receiptTasks=0 blockTasks=0 itemSize=281.47KiB throttle=233
INFO [05-09|14:16:53.328] Imported new state entries               count=768  elapsed=6.059ms     processed=573043647 pending=90605  trieretry=0    coderetry=0 duplicate=0 unexpected=2672
INFO [05-09|14:16:57.225] Imported new state entries               count=384  elapsed=3.185ms     processed=573044031 pending=90378  trieretry=0    coderetry=0 duplicate=0 unexpected=2672
INFO [05-09|14:17:00.986] Imported new state entries               count=384  elapsed=3.017ms     processed=573044415 pending=90094  trieretry=0    coderetry=0 duplicate=0 unexpected=2672
INFO [05-09|14:17:04.737] Imported new state entries               count=384  elapsed=3.719ms     processed=573044799 pending=89758  trieretry=0    coderetry=0 duplicate=0 unexpected=2672
INFO [05-09|14:17:07.653] Imported new block headers               count=1    elapsed=8.017ms     number=12400637 hash="c9e385…d4251a"
INFO [05-09|14:17:08.370] Imported new state entries               count=385  elapsed=2.979ms     processed=573045184 pending=89466  trieretry=0    coderetry=0 duplicate=0 unexpected=2672
INFO [05-09|14:17:12.197] Imported new state entries               count=384  elapsed=3.064ms     processed=573045568 pending=89148  trieretry=0    coderetry=0 duplicate=0 unexpected=2672
INFO [05-09|14:17:16.028] Imported new state entries               count=384  elapsed=3.218ms     processed=573045952 pending=88834  trieretry=0    coderetry=0 duplicate=0 unexpected=2672
INFO [05-09|14:17:19.237] Imported new state entries               count=384  elapsed=2.561ms     processed=573046336 pending=88691  trieretry=0    coderetry=0 duplicate=0 unexpected=2672
INFO [05-09|14:17:22.789] Imported new state entries               count=384  elapsed=2.696ms     processed=573046720 pending=88394  trieretry=0    coderetry=0 duplicate=0 unexpected=2672
INFO [05-09|14:17:26.590] Imported new state entries               count=384  elapsed=2.713ms     processed=573047104 pending=88115  trieretry=0    coderetry=0 duplicate=0 unexpected=2672
INFO [05-09|14:17:29.115] Imported new state entries               count=384  elapsed=3.045ms     processed=573047488 pending=88053  trieretry=0    coderetry=0 duplicate=0 unexpected=2672
INFO [05-09|14:17:31.645] Imported new state entries               count=384  elapsed=2.989ms     processed=573047872 pending=87990  trieretry=0    coderetry=0 duplicate=0 unexpected=2672
INFO [05-09|14:17:34.171] Imported new state entries               count=384  elapsed=3.057ms     processed=573048256 pending=87747  trieretry=0    coderetry=0 duplicate=0 unexpected=2672
INFO [05-09|14:17:36.778] Imported new state entries               count=384  elapsed=3.498ms     processed=573048640 pending=87390  trieretry=0    coderetry=0 duplicate=0 unexpected=2672
INFO [05-09|14:17:37.675] Imported new state entries               count=768  elapsed=4.641ms     processed=573049408 pending=89158  trieretry=0    coderetry=0 duplicate=0 unexpected=2672
INFO [05-09|14:17:40.131] Imported new state entries               count=384  elapsed=2.629ms     processed=573049792 pending=89276  trieretry=0    coderetry=0 duplicate=0 unexpected=2672
INFO [05-09|14:17:43.389] Imported new state entries               count=768  elapsed=3.592ms     processed=573050560 pending=90414  trieretry=382  coderetry=0 duplicate=0 unexpected=2672
INFO [05-09|14:17:43.688] Imported new state entries               count=0    elapsed=299.067ms   processed=573050560 pending=92867  trieretry=209  coderetry=0 duplicate=0 unexpected=2881
INFO [05-09|14:17:43.689] Imported new state entries               count=0    elapsed="9.3µs"     processed=573050560 pending=92867  trieretry=2    coderetry=0 duplicate=0 unexpected=2883
INFO [05-09|14:17:44.717] Imported new block headers               count=1    elapsed=7.225ms     number=12400638 hash="08bbe3…c82d44" age=1m22s
INFO [05-09|14:17:45.176] Imported new state entries               count=559  elapsed=1.851ms     processed=573051119 pending=94488  trieretry=0    coderetry=0 duplicate=0 unexpected=2883
INFO [05-09|14:17:47.880] Imported new block headers               count=1    elapsed=6.379ms     number=12400639 hash="ac881d…0972e5"
INFO [05-09|14:17:51.042] Imported new block headers               count=1    elapsed=5.833ms     number=12400640 hash="427978…91d81b"
INFO [05-09|14:17:52.155] Imported new state entries               count=770  elapsed="296.101µs" processed=573051889 pending=95741  trieretry=0    coderetry=0 duplicate=0 unexpected=2883
INFO [05-09|14:17:52.462] Imported new state entries               count=384  elapsed=3.050ms     processed=573052273 pending=98102  trieretry=4    coderetry=0 duplicate=0 unexpected=2883
INFO [05-09|14:17:54.218] Imported new state entries               count=384  elapsed=2.084ms     processed=573052657 pending=100352 trieretry=0    coderetry=0 duplicate=0 unexpected=2883
INFO [05-09|14:17:54.320] Imported new state entries               count=384  elapsed=1.819ms     processed=573053041 pending=104666 trieretry=0    coderetry=0 duplicate=0 unexpected=2883
INFO [05-09|14:17:55.760] Imported new state entries               count=384  elapsed=2.337ms     processed=573053425 pending=106024 trieretry=0    coderetry=0 duplicate=0 unexpected=2883
INFO [05-09|14:17:57.673] Imported new state entries               count=384  elapsed=1.266ms     processed=573053809 pending=106777 trieretry=0    coderetry=0 duplicate=0 unexpected=2883
INFO [05-09|14:17:59.009] Imported new state entries               count=384  elapsed=2.121ms     processed=573054193 pending=106760 trieretry=2    coderetry=0 duplicate=0 unexpected=2883
INFO [05-09|14:18:00.385] Imported new state entries               count=384  elapsed=1.178ms     processed=573054577 pending=107490 trieretry=0    coderetry=0 duplicate=0 unexpected=2883
INFO [05-09|14:18:01.933] Imported new state entries               count=384  elapsed=5.046ms     processed=573054961 pending=107699 trieretry=0    coderetry=0 duplicate=0 unexpected=2883
INFO [05-09|14:18:05.354] Imported new state entries               count=384  elapsed="911.303µs" processed=573055345 pending=108063 trieretry=0    coderetry=0 duplicate=0 unexpected=2883
INFO [05-09|14:18:10.939] Imported new state entries               count=768  elapsed=1.590ms     processed=573056113 pending=109673 trieretry=0    coderetry=0 duplicate=0 unexpected=2883
INFO [05-09|14:18:13.588] Imported new state entries               count=384  elapsed="790.702µs" processed=573056497 pending=111275 trieretry=2    coderetry=0 duplicate=0 unexpected=2883
INFO [05-09|14:18:15.939] Imported new state entries               count=384  elapsed="587.402µs" processed=573056881 pending=113127 trieretry=0    coderetry=0 duplicate=0 unexpected=2883
INFO [05-09|14:18:18.560] Imported new state entries               count=384  elapsed="486.001µs" processed=573057265 pending=114698 trieretry=0    coderetry=0 duplicate=0 unexpected=2883
INFO [05-09|14:18:21.317] Imported new state entries               count=384  elapsed="469.001µs" processed=573057649 pending=115283 trieretry=0    coderetry=0 duplicate=0 unexpected=2883
INFO [05-09|14:18:23.788] Imported new state entries               count=384  elapsed="720.002µs" processed=573058033 pending=116866 trieretry=0    coderetry=0 duplicate=0 unexpected=2883
INFO [05-09|14:18:26.197] Imported new state entries               count=384  elapsed="789.802µs" processed=573058417 pending=118592 trieretry=0    coderetry=0 duplicate=0 unexpected=2883
INFO [05-09|14:18:28.182] Imported new state entries               count=384  elapsed="452.402µs" processed=573058801 pending=119174 trieretry=0    coderetry=0 duplicate=0 unexpected=2883
INFO [05-09|14:18:30.567] Imported new state entries               count=384  elapsed="419.002µs" processed=573059185 pending=119667 trieretry=0    coderetry=0 duplicate=0 unexpected=2883
INFO [05-09|14:18:33.243] Imported new state entries               count=384  elapsed="401.801µs" processed=573059569 pending=120124 trieretry=0    coderetry=0 duplicate=0 unexpected=2883
INFO [05-09|14:18:36.858] Imported new state entries               count=768  elapsed=4.189ms     processed=573060337 pending=120159 trieretry=0    coderetry=0 duplicate=0 unexpected=2883
INFO [05-09|14:18:39.497] Imported new state entries               count=384  elapsed="809.003µs" processed=573060721 pending=120712 trieretry=0    coderetry=0 duplicate=0 unexpected=2883
INFO [05-09|14:18:43.141] Imported new state entries               count=770  elapsed=3.416ms     processed=573061491 pending=120817 trieretry=0    coderetry=0 duplicate=0 unexpected=2883
INFO [05-09|14:18:45.738] Imported new state entries               count=384  elapsed=3.610ms     processed=573061875 pending=120497 trieretry=0    coderetry=0 duplicate=0 unexpected=2883
INFO [05-09|14:18:45.739] Imported new state entries               count=0    elapsed="26.4µs"    processed=573061875 pending=120497 trieretry=2    coderetry=0 duplicate=0 unexpected=2885
INFO [05-09|14:18:45.740] Imported new state entries               count=0    elapsed=1.009ms     processed=573061875 pending=120490 trieretry=383  coderetry=0 duplicate=0 unexpected=3268
INFO [05-09|14:18:52.122] Imported new state entries               count=385  elapsed="506.601µs" processed=573062260 pending=120882 trieretry=383  coderetry=0 duplicate=0 unexpected=3268